2024-01-24 12:59:24,977 :- 00001: Feedback Code Starting
2024-01-24 12:59:25,006 :- 00002: 125 , 30.00 , 00.00 || 1706081365, 17.601641962677 , 78.126609819202, 0.01 , 0.01 ,24.72 , 10.08 , 1.09 , -0.74 , 359.29
2024-01-24 12:59:25,035 :- 00003: 128 , 30.00 , 00.00 || 1706081365, 17.601641962677 , 78.126609819202, 0.01 , 0.01 ,24.98 , 9.90 , 1.08 , -0.75 , 359.29
2024-01-24 12:59:25,065 :- 00004: 131 , 30.00 , 00.00 || 1706081365, 17.601648230676 , 78.126609764269, 0.01 , 0.01 ,24.98 , 9.81 , 1.08 , -0.76 , 359.28
2024-01-24 12:59:25,095 :- 00005: 134 , 30.00 , 00.00 || 1706081365, 17.601648230676 , 78.126609764269, 0.01 , 0.01 ,24.98 , 10.14 , 1.08 , -0.74 , 359.27
2024-01-24 12:59:25,125 :- 00006: 137 , 30.00 , 00.00 || 1706081365, 17.601654526916 , 78.126609704570, 0.01 , 0.01 ,25.09 , 10.05 , 1.05 , -0.74 , 359.26
2024-01-24 12:59:25,155 :- 00007: 140 , 30.00 , 00.00 || 1706081365, 17.601654526916 , 78.126609704570, 0.01 , 0.01 ,25.09 , 9.97 , 1.04 , -0.73 , 359.24
2024-01-24 12:59:25,185 :- 00008: 143 , 30.00 , 00.00 || 1706081365, 17.601654526916 , 78.126609704570, 0.01 , 0.01 ,25.09 , 9.61 , 1.04 , -0.70 , 359.23
2024-01-24 12:59:25,215 :- 00009: 146 , 30.00 , 00.00 || 1706081365, 17.601654526916 , 78.126609704570, 0.01 , 0.01 ,25.29 , 9.92 , 1.02 , -0.69 , 359.22
2024-01-24 12:59:25,245 :- 00010: 149 , 30.00 , 00.00 || 1706081365, 17.601660872091 , 78.126609602454, 0.01 , 0.01 ,25.29 , 9.96 , 1.01 , -0.63 , 359.21
2024-01-24 12:59:25,275 :- 00011: 152 , 30.00 , 00.00 || 1706081365, 17.601660872091 , 78.126609602454, 0.01 , 0.01 ,25.29 , 9.61 , 1.01 , -0.62 , 359.20
2024-01-24 12:59:25,305 :- 00012: 155 , 30.00 , -0.10 || 1706081365, 17.601660872091 , 78.126609602454, 0.01 , 0.01 ,25.36 , 9.46 , 0.99 , -0.60 , 359.20
2024-01-24 12:59:25,335 :- 00013: 158 , 30.00 , -0.10 || 1706081365, 17.601667236158 , 78.126609516792, 0.01 , 0.01 ,25.36 , 9.48 , 0.99 , -0.58 , 359.20
2024-01-24 12:59:25,365 :- 00014: 161 , 30.00 , -0.10 || 1706081365, 17.601667236158 , 78.126609516792, 0.01 , 0.01 ,25.36 , 9.89 , 0.98 , -0.52 , 359.18
2024-01-24 12:59:25,395 :- 00015: 164 , 30.00 , -0.10 || 1706081365, 17.601667236158 , 78.126609516792, 0.01 , 0.01 ,25.36 , 9.71 , 0.98 , -0.53 , 359.17
2024-01-24 12:59:25,425 :- 00016: 167 , 30.00 , -0.10 || 1706081365, 17.601673630794 , 78.126609421694, 0.01 , 0.01 ,25.48 , 9.55 , 0.98 , -0.51 , 359.15
2024-01-24 12:59:25,455 :- 00017: 170 , 30.00 , -0.10 || 1706081365, 17.601673630794 , 78.126609421694, 0.01 , 0.01 ,25.48 , 9.92 , 0.98 , -0.48 , 359.14
2024-01-24 12:59:25,485 :- 00018: 173 , 30.00 , -0.10 || 1706081365, 17.601673630794 , 78.126609421694, 0.01 , 0.01 ,25.48 , 9.37 , 0.99 , -0.49 , 359.13
2024-01-24 12:59:25,515 :- 00019: 176 , 30.00 , -0.10 || 1706081365, 17.601673630794 , 78.126609421694, 0.01 , 0.01 ,25.59 , 9.69 , 1.00 , -0.50 , 359.12
2024-01-24 12:59:25,545 :- 00020: 179 , 30.00 , -0.10 || 1706081365, 17.601680051494 , 78.126609350780, 0.01 , 0.01 ,25.59 , 10.07 , 1.01 , -0.47 , 359.12
2024-01-24 12:59:25,575 :- 00021: 182 , 30.00 , -0.10 || 1706081365, 17.601680051494 , 78.126609350780, 0.01 , 0.01 ,25.59 , 9.68 , 1.02 , -0.47 , 359.12
2024-01-24 12:59:25,605 :- 00022: 185 , 30.00 , -0.10 || 1706081365, 17.601680051494 , 78.126609350780, 0.01 , 0.01 ,25.68 , 9.60 , 1.04 , -0.49 , 359.12
2024-01-24 12:59:25,635 :- 00023: 188 , 30.00 , -0.10 || 1706081365, 17.601686495565 , 78.126609252400, 0.01 , 0.01 ,25.68 , 9.67 , 1.03 , -0.49 , 359.11
2024-01-24 12:59:25,665 :- 00024: 191 , 30.00 , -0.10 || 1706081365, 17.601686495565 , 78.126609252400, 0.01 , 0.01 ,25.68 , 9.67 , 1.03 , -0.52 , 359.10
2024-01-24 12:59:25,695 :- 00025: 194 , 30.00 , -0.10 || 1706081365, 17.601686495565 , 78.126609252400, 0.01 , 0.01 ,25.68 , 9.63 , 1.03 , -0.52 , 359.09
2024-01-24 12:59:25,725 :- 00026: 197 , 30.00 , -0.20 || 1706081365, 17.601692946030 , 78.126609198776, 0.01 , 0.01 ,25.70 , 10.03 , 1.04 , -0.59 , 359.09
2024-01-24 12:59:25,755 :- 00027: 200 , 30.00 , -0.20 || 1706081365, 17.601692946030 , 78.126609198776, 0.01 , 0.01 ,25.70 , 9.62 , 1.04 , -0.58 , 359.09
2024-01-24 12:59:25,785 :- 00028: 203 , 30.00 , -0.20 || 1706081365, 17.601692946030 , 78.126609198776, 0.01 , 0.01 ,25.70 , 9.69 , 1.06 , -0.63 , 359.10
2024-01-24 12:59:25,815 :- 00029: 206 , 30.00 , -0.20 || 1706081365, 17.601692946030 , 78.126609198776, 0.01 , 0.01 ,25.76 , 10.11 , 1.07 , -0.66 , 359.11
2024-01-24 12:59:25,845 :- 00030: 209 , 30.00 , -0.20 || 1706081365, 17.601699411265 , 78.126609124051, 0.01 , 0.01 ,25.76 , 10.09 , 1.08 , -0.65 , 359.12
2024-01-24 12:59:25,875 :- 00031: 212 , 30.00 , -0.20 || 1706081365, 17.601699411265 , 78.126609124051, 0.01 , 0.01 ,25.76 , 10.02 , 1.09 , -0.69 , 359.12
2024-01-24 12:59:25,905 :- 00032: 215 , 30.00 , -0.20 || 1706081365, 17.601699411265 , 78.126609124051, 0.01 , 0.01 ,25.98 , 9.80 , 1.12 , -0.72 , 359.13
2024-01-24 12:59:25,935 :- 00033: 218 , 30.00 , -0.20 || 1706081365, 17.601705930391 , 78.126609021862, 0.01 , 0.01 ,25.98 , 10.00 , 1.12 , -0.72 , 359.12
2024-01-24 12:59:25,965 :- 00034: 221 , 30.00 , -0.20 || 1706081365, 17.601705930391 , 78.126609021862, 0.01 , 0.01 ,25.98 , 10.39 , 1.14 , -0.75 , 359.12
2024-01-24 12:59:25,995 :- 00035: 224 , 30.00 , -0.20 || 1706081365, 17.601705930391 , 78.126609021862, 0.01 , 0.01 ,25.98 , 9.73 , 1.14 , -0.75 , 359.12
2024-01-24 12:59:26,025 :- 00036: 227 , 30.00 , -0.20 || 1706081366, 17.601705930391 , 78.126609021862, 0.01 , 0.01 ,26.11 , 9.88 , 1.13 , -0.74 , 359.13
2024-01-24 12:59:26,055 :- 00037: 230 , 30.00 , -0.20 || 1706081366, 17.601712483434 , 78.126608998290, 0.01 , 0.01 ,26.11 , 10.26 , 1.13 , -0.73 , 359.13
2024-01-24 12:59:26,085 :- 00038: 233 , 30.00 , -0.20 || 1706081366, 17.601712483434 , 78.126608998290, 0.01 , 0.01 ,26.11 , 9.67 , 1.13 , -0.69 , 359.14
2024-01-24 12:59:26,115 :- 00039: 236 , 30.00 , -0.50 || 1706081366, 17.601712483434 , 78.126608998290, 0.01 , 0.01 ,26.26 , 9.77 , 1.13 , -0.71 , 359.14
2024-01-24 12:59:26,145 :- 00040: 239 , 30.00 , -0.70 || 1706081366, 17.601719073476 , 78.126608903863, 0.01 , 0.01 ,26.26 , 9.87 , 1.12 , -0.67 , 359.14
2024-01-24 12:59:26,175 :- 00041: 242 , 30.00 , -0.70 || 1706081366, 17.601719073476 , 78.126608903863, 0.01 , 0.01 ,26.26 , 9.90 , 1.11 , -0.66 , 359.14
2024-01-24 12:59:26,205 :- 00042: 245 , 30.00 , -0.70 || 1706081366, 17.601719073476 , 78.126608903863, 0.01 , 0.01 ,26.40 , 9.65 , 1.11 , -0.64 , 359.13
2024-01-24 12:59:26,235 :- 00043: 248 , 30.00 , -0.20 || 1706081366, 17.601725697803 , 78.126608827578, 0.01 , 0.01 ,26.40 , 9.56 , 1.10 , -0.62 , 359.14
2024-01-24 12:59:26,265 :- 00044: 251 , 30.00 , -0.20 || 1706081366, 17.601725697803 , 78.126608827578, 0.01 , 0.01 ,26.40 , 10.08 , 1.09 , -0.61 , 359.15
2024-01-24 12:59:26,295 :- 00045: 254 , 30.00 , -0.20 || 1706081366, 17.601725697803 , 78.126608827578, 0.01 , 0.01 ,26.40 , 9.55 , 1.08 , -0.59 , 359.17
2024-01-24 12:59:26,325 :- 00046: 001 , 30.00 , -0.20 || 1706081366, 17.601732361667 , 78.126608741470, 0.01 , 0.01 ,26.55 , 9.46 , 1.04 , -0.58 , 359.21
2024-01-24 12:59:26,355 :- 00047: 004 , 30.00 , -0.20 || 1706081366, 17.601732361667 , 78.126608741470, 0.01 , 0.01 ,26.55 , 9.38 , 1.00 , -0.58 , 359.25
2024-01-24 12:59:26,385 :- 00048: 007 , 30.00 , -0.20 || 1706081366, 17.601732361667 , 78.126608741470, 0.01 , 0.01 ,26.55 , 9.63 , 0.93 , -0.58 , 359.32
2024-01-24 12:59:26,415 :- 00049: 010 , 30.00 , -0.20 || 1706081366, 17.601732361667 , 78.126608741470, 0.01 , 0.01 ,26.63 , 9.93 , 0.90 , -0.59 , 359.35
2024-01-24 12:59:26,445 :- 00050: 013 , 30.00 , -0.20 || 1706081366, 17.601739043898 , 78.126608630312, 0.01 , 0.01 ,26.63 , 9.80 , 0.87 , -0.60 , 359.41
2024-01-24 12:59:26,475 :- 00051: 016 , 30.00 , -0.20 || 1706081366, 17.601739043898 , 78.126608630312, 0.01 , 0.01 ,26.63 , 9.71 , 0.87 , -0.61 , 359.43
2024-01-24 12:59:26,505 :- 00052: 019 , 30.00 , -0.20 || 1706081366, 17.601739043898 , 78.126608630312, 0.01 , 0.01 ,26.63 , 9.73 , 0.90 , -0.65 , 359.44
2024-01-24 12:59:26,535 :- 00053: 022 , 30.00 , -0.10 || 1706081366, 17.601745753482 , 78.126608546592, 0.01 , 0.01 ,26.74 , 9.98 , 0.91 , -0.64 , 359.44
2024-01-24 12:59:26,565 :- 00054: 025 , 30.00 , -0.10 || 1706081366, 17.601745753482 , 78.126608546592, 0.01 , 0.01 ,26.74 , 9.85 , 0.92 , -0.67 , 359.42
2024-01-24 12:59:26,595 :- 00055: 028 , 30.00 , -0.10 || 1706081366, 17.601745753482 , 78.126608546592, 0.01 , 0.01 ,26.74 , 9.79 , 0.93 , -0.67 , 359.40
2024-01-24 12:59:26,625 :- 00056: 031 , 30.00 , -0.10 || 1706081366, 17.601752521514 , 78.126608525942, 0.01 , 0.01 ,26.97 , 9.93 , 0.94 , -0.69 , 359.37
2024-01-24 12:59:26,655 :- 00057: 034 , 30.00 , -0.10 || 1706081366, 17.601752521514 , 78.126608525942, 0.01 , 0.01 ,26.97 , 10.00 , 0.94 , -0.69 , 359.36
2024-01-24 12:59:26,685 :- 00058: 037 , 30.00 , -0.10 || 1706081366, 17.601752521514 , 78.126608525942, 0.01 , 0.01 ,26.97 , 9.79 , 0.95 , -0.70 , 359.35
2024-01-24 12:59:26,715 :- 00059: 040 , 30.00 , -0.10 || 1706081366, 17.601752521514 , 78.126608525942, 0.01 , 0.01 ,27.02 , 9.97 , 0.96 , -0.73 , 359.35
2024-01-24 12:59:26,745 :- 00060: 040 , 30.00 , -0.10 || 1706081366, 17.601752521514 , 78.126608525942, 0.01 , 0.01 ,27.02 , 9.97 , 0.96 , -0.73 , 359.351706081366, 17.601759303425 , 78.126608487003, 0.01 , 0.01 ,27.02 , 10.03 , 0.99 , -0.71 , 359.36
2024-01-24 12:59:26,765 :- 00061: 045 , 30.00 , -0.10 || 1706081366, 17.601759303425 , 78.126608487003, 0.01 , 0.01 ,27.02 , 10.05 , 1.02 , -0.72 , 359.37
2024-01-24 12:59:26,795 :- 00062: 048 , 30.00 , -0.10 || 1706081366, 17.601759303425 , 78.126608487003, 0.01 , 0.01 ,27.02 , 10.06 , 1.03 , -0.70 , 359.38
2024-01-24 12:59:26,825 :- 00063: 051 , 30.00 , -0.10 || 1706081366, 17.601766140337 , 78.126608431206, 0.01 , 0.01 ,27.24 , 9.72 , 1.05 , -0.70 , 359.39
2024-01-24 12:59:26,855 :- 00064: 054 , 30.00 , -0.10 || 1706081366, 17.601766140337 , 78.126608431206, 0.01 , 0.01 ,27.24 , 9.53 , 1.07 , -0.69 , 359.39
2024-01-24 12:59:26,885 :- 00065: 057 , 30.00 , -0.10 || 1706081366, 17.601766140337 , 78.126608431206, 0.01 , 0.01 ,27.24 , 9.94 , 1.08 , -0.68 , 359.39
2024-01-24 12:59:26,915 :- 00066: 060 , 30.00 , -0.10 || 1706081366, 17.601766140337 , 78.126608431206, 0.01 , 0.01 ,27.37 , 9.85 , 1.09 , -0.68 , 359.39
2024-01-24 12:59:26,945 :- 00067: 063 , 30.00 , -0.10 || 1706081366, 17.601773008383 , 78.126608406429, 0.01 , 0.01 ,27.37 , 9.48 , 1.12 , -0.67 , 359.38
2024-01-24 12:59:26,975 :- 00068: 066 , 30.00 , -0.10 || 1706081366, 17.601773008383 , 78.126608406429, 0.01 , 0.01 ,27.37 , 10.21 , 1.15 , -0.68 , 359.38
2024-01-24 12:59:27,005 :- 00069: 069 , 30.00 , -0.10 || 1706081367, 17.601773008383 , 78.126608406429, 0.01 , 0.01 ,27.37 , 9.93 , 1.19 , -0.63 , 359.39
2024-01-24 12:59:27,035 :- 00070: 072 , 30.00 , 00.00 || 1706081367, 17.601779912111 , 78.126608358112, 0.01 , 0.01 ,27.51 , 9.08 , 1.21 , -0.65 , 359.39
2024-01-24 12:59:27,065 :- 00071: 075 , 30.00 , 00.00 || 1706081367, 17.601779912111 , 78.126608358112, 0.01 , 0.01 ,27.51 , 9.55 , 1.23 , -0.69 , 359.39
2024-01-24 12:59:27,095 :- 00072: 078 , 30.00 , 00.00 || 1706081367, 17.601779912111 , 78.126608358112, 0.01 , 0.01 ,27.51 , 9.78 , 1.24 , -0.69 , 359.38
2024-01-24 12:59:27,125 :- 00073: 081 , 30.00 , 00.00 || 1706081367, 17.601786847721 , 78.126608328979, 0.01 , 0.01 ,27.64 , 9.98 , 1.30 , -0.71 , 359.38
2024-01-24 12:59:27,155 :- 00074: 084 , 30.00 , 00.00 || 1706081367, 17.601786847721 , 78.126608328979, 0.01 , 0.01 ,27.64 , 9.48 , 1.34 , -0.74 , 359.38
2024-01-24 12:59:27,185 :- 00075: 087 , 30.00 , 00.00 || 1706081367, 17.601786847721 , 78.126608328979, 0.01 , 0.01 ,27.64 , 9.63 , 1.37 , -0.77 , 359.36
2024-01-24 12:59:27,215 :- 00076: 090 , 30.00 , 00.00 || 1706081367, 17.601786847721 , 78.126608328979, 0.01 , 0.01 ,27.78 , 9.63 , 1.39 , -0.78 , 359.36
2024-01-24 12:59:27,245 :- 00077: 093 , 30.00 , 00.10 || 1706081367, 17.601793819306 , 78.126608290717, 0.01 , 0.01 ,27.78 , 10.26 , 1.44 , -0.81 , 359.35
2024-01-24 12:59:27,275 :- 00078: 096 , 30.00 , 00.10 || 1706081367, 17.601793819306 , 78.126608290717, 0.01 , 0.01 ,27.78 , 10.39 , 1.48 , -0.81 , 359.34
2024-01-24 12:59:27,305 :- 00079: 099 , 30.00 , 00.10 || 1706081367, 17.601793819306 , 78.126608290717, 0.01 , 0.01 ,27.98 , 9.68 , 1.56 , -0.81 , 359.32
2024-01-24 12:59:27,335 :- 00080: 102 , 30.00 , 00.10 || 1706081367, 17.601800840935 , 78.126608278727, 0.01 , 0.01 ,27.98 , 10.35 , 1.57 , -0.84 , 359.31
2024-01-24 12:59:27,365 :- 00081: 105 , 30.00 , 00.10 || 1706081367, 17.601800840935 , 78.126608278727, 0.01 , 0.01 ,27.98 , 9.70 , 1.55 , -0.81 , 359.28
2024-01-24 12:59:27,395 :- 00082: 108 , 30.00 , 00.10 || 1706081367, 17.601800840935 , 78.126608278727, 0.01 , 0.01 ,27.98 , 9.95 , 1.54 , -0.80 , 359.26
2024-01-24 12:59:27,425 :- 00083: 111 , 30.00 , 00.10 || 1706081367, 17.601807922966 , 78.126608221712, 0.01 , 0.01 ,28.22 , 10.10 , 1.49 , -0.84 , 359.23
2024-01-24 12:59:27,455 :- 00084: 114 , 30.00 , 00.10 || 1706081367, 17.601807922966 , 78.126608221712, 0.01 , 0.01 ,28.22 , 9.98 , 1.47 , -0.84 , 359.22
2024-01-24 12:59:27,485 :- 00085: 117 , 30.00 , 00.10 || 1706081367, 17.601807922966 , 78.126608221712, 0.01 , 0.01 ,28.22 , 9.47 , 1.45 , -0.78 , 359.20
2024-01-24 12:59:27,515 :- 00086: 120 , 30.00 , 00.10 || 1706081367, 17.601807922966 , 78.126608221712, 0.01 , 0.01 ,28.33 , 10.34 , 1.43 , -0.80 , 359.19
2024-01-24 12:59:27,545 :- 00087: 123 , 30.00 , 00.10 || 1706081367, 17.601815032055 , 78.126608096786, 0.01 , 0.01 ,28.33 , 9.41 , 1.42 , -0.76 , 359.18
2024-01-24 12:59:27,575 :- 00088: 126 , 30.00 , 00.10 || 1706081367, 17.601815032055 , 78.126608096786, 0.01 , 0.01 ,28.33 , 8.79 , 1.42 , -0.74 , 359.17
2024-01-24 12:59:27,605 :- 00089: 129 , 30.00 , 00.10 || 1706081367, 17.601815032055 , 78.126608096786, 0.01 , 0.01 ,28.60 , 10.03 , 1.40 , -0.73 , 359.14
2024-01-24 12:59:27,635 :- 00090: 132 , 30.00 , 00.10 || 1706081367, 17.601822208541 , 78.126608015912, 0.01 , 0.01 ,28.60 , 10.14 , 1.39 , -0.71 , 359.12
2024-01-24 12:59:27,665 :- 00091: 135 , 30.00 , 00.10 || 1706081367, 17.601822208541 , 78.126608015912, 0.01 , 0.01 ,28.60 , 10.12 , 1.38 , -0.61 , 359.10
2024-01-24 12:59:27,695 :- 00092: 138 , 30.00 , 00.10 || 1706081367, 17.601822208541 , 78.126608015912, 0.01 , 0.01 ,28.60 , 9.91 , 1.38 , -0.60 , 359.09
2024-01-24 12:59:27,725 :- 00093: 141 , 30.00 , 00.10 || 1706081367, 17.601829438672 , 78.126607911792, 0.01 , 0.01 ,28.81 , 10.19 , 1.38 , -0.53 , 359.09
2024-01-24 12:59:27,755 :- 00094: 144 , 30.00 , 00.10 || 1706081367, 17.601829438672 , 78.126607911792, 0.01 , 0.01 ,28.81 , 8.82 , 1.41 , -0.45 , 359.09
2024-01-24 12:59:27,785 :- 00095: 147 , 30.00 , 00.10 || 1706081367, 17.601829438672 , 78.126607911792, 0.01 , 0.01 ,28.81 , 9.43 , 1.49 , -0.41 , 359.08
2024-01-24 12:59:27,815 :- 00096: 150 , 30.00 , 00.10 || 1706081367, 17.601829438672 , 78.126607911792, 0.01 , 0.01 ,29.00 , 9.96 , 1.53 , -0.42 , 359.07
2024-01-24 12:59:27,845 :- 00097: 153 , 30.00 , 00.10 || 1706081367, 17.601836716809 , 78.126607829000, 0.01 , 0.01 ,29.00 , 9.33 , 1.59 , -0.36 , 359.05
2024-01-24 12:59:27,875 :- 00098: 156 , 30.00 , 00.10 || 1706081367, 17.601836716809 , 78.126607829000, 0.01 , 0.01 ,29.00 , 9.31 , 1.64 , -0.40 , 359.03
2024-01-24 12:59:27,905 :- 00099: 159 , 30.00 , 00.10 || 1706081367, 17.601836716809 , 78.126607829000, 0.01 , 0.01 ,28.96 , 9.33 , 1.67 , -0.45 , 359.01
2024-01-24 12:59:27,935 :- 00100: 162 , 30.00 , 00.20 || 1706081367, 17.601843984647 , 78.126607792014, 0.01 , 0.01 ,28.96 , 9.43 , 1.66 , -0.45 , 358.99
2024-01-24 12:59:27,965 :- 00101: 165 , 30.00 , 00.20 || 1706081367, 17.601843984647 , 78.126607792014, 0.01 , 0.01 ,28.96 , 8.94 , 1.66 , -0.49 , 358.97
2024-01-24 12:59:27,995 :- 00102: 168 , 30.00 , 00.20 || 1706081367, 17.601843984647 , 78.126607792014, 0.01 , 0.01 ,28.96 , 10.07 , 1.63 , -0.54 , 358.96
2024-01-24 12:59:28,024 :- 00103: 168 , 30.00 , 00.20 || 1706081367, 17.601843984647 , 78.126607792014, 0.01 , 0.01 ,28.96 , 10.07 , 1.63 , -0.54 , 358.961706081368, 17.601843984647 , 78.126607792014, 0.01 , 0.01 ,29.16 , 9.73 , 1.64 , -0.54 , 358.93
2024-01-24 12:59:28,045 :- 00104: 173 , 30.00 , 00.10 || 1706081368, 17.601851302105 , 78.126607670772, 0.01 , 0.01 ,29.16 , 9.35 , 1.66 , -0.56 , 358.91
2024-01-24 12:59:28,075 :- 00105: 176 , 30.00 , 00.10 || 1706081368, 17.601851302105 , 78.126607670772, 0.01 , 0.01 ,29.16 , 10.93 , 1.70 , -0.59 , 358.89
2024-01-24 12:59:28,105 :- 00106: 179 , 30.00 , 00.10 || 1706081368, 17.601851302105 , 78.126607670772, 0.01 , 0.01 ,29.39 , 10.96 , 1.79 , -0.56 , 358.84
2024-01-24 12:59:28,135 :- 00107: 182 , 30.00 , 00.10 || 1706081368, 17.601858678051 , 78.126607566844, 0.01 , 0.01 ,29.39 , 10.70 , 1.83 , -0.54 , 358.82
2024-01-24 12:59:28,165 :- 00108: 185 , 30.00 , 00.10 || 1706081368, 17.601858678051 , 78.126607566844, 0.01 , 0.01 ,29.39 , 10.19 , 1.94 , -0.52 , 358.78
2024-01-24 12:59:28,195 :- 00109: 188 , 30.00 , 00.10 || 1706081368, 17.601858678051 , 78.126607566844, 0.01 , 0.01 ,29.39 , 9.87 , 1.98 , -0.43 , 358.76
2024-01-24 12:59:28,225 :- 00110: 191 , 30.00 , 00.10 || 1706081368, 17.601866149357 , 78.126607522184, 0.01 , 0.01 ,29.77 , 9.51 , 2.04 , -0.38 , 358.74
2024-01-24 12:59:28,255 :- 00111: 194 , 30.00 , 00.20 || 1706081368, 17.601866149357 , 78.126607522184, 0.01 , 0.01 ,29.77 , 9.16 , 2.03 , -0.34 , 358.73
2024-01-24 12:59:28,285 :- 00112: 197 , 30.00 , 00.20 || 1706081368, 17.601866149357 , 78.126607522184, 0.01 , 0.01 ,29.77 , 8.91 , 2.01 , -0.27 , 358.71
2024-01-24 12:59:28,315 :- 00113: 200 , 30.00 , 00.20 || 1706081368, 17.601866149357 , 78.126607522184, 0.01 , 0.01 ,29.98 , 9.30 , 1.98 , -0.27 , 358.69
2024-01-24 12:59:28,345 :- 00114: 203 , 30.00 , 00.20 || 1706081368, 17.601873672311 , 78.126607377811, 0.01 , 0.01 ,29.98 , 9.72 , 1.92 , -0.25 , 358.67
2024-01-24 12:59:28,375 :- 00115: 206 , 30.00 , 00.20 || 1706081368, 17.601873672311 , 78.126607377811, 0.01 , 0.01 ,29.98 , 9.19 , 1.91 , -0.23 , 358.66
2024-01-24 12:59:28,405 :- 00116: 209 , 30.00 , 00.20 || 1706081368, 17.601873672311 , 78.126607377811, 0.01 , 0.01 ,30.14 , 9.38 , 1.87 , -0.28 , 358.63
2024-01-24 12:59:28,435 :- 00117: 212 , 30.00 , 00.20 || 1706081368, 17.601881233312 , 78.126607167446, 0.01 , 0.01 ,30.14 , 9.46 , 1.85 , -0.29 , 358.62
2024-01-24 12:59:28,465 :- 00118: 215 , 30.00 , 00.20 || 1706081368, 17.601881233312 , 78.126607167446, 0.01 , 0.01 ,30.14 , 9.45 , 1.84 , -0.31 , 358.59
2024-01-24 12:59:28,495 :- 00119: 218 , 30.00 , 00.20 || 1706081368, 17.601881233312 , 78.126607167446, 0.01 , 0.01 ,30.14 , 10.14 , 1.83 , -0.35 , 358.57
2024-01-24 12:59:28,525 :- 00120: 221 , 30.00 , 00.20 || 1706081368, 17.601888812715 , 78.126606980169, 0.01 , 0.01 ,30.21 , 9.73 , 1.83 , -0.42 , 358.53
2024-01-24 12:59:28,555 :- 00121: 224 , 30.00 , 00.20 || 1706081368, 17.601888812715 , 78.126606980169, 0.01 , 0.01 ,30.21 , 9.72 , 1.84 , -0.45 , 358.52
2024-01-24 12:59:28,585 :- 00122: 227 , 30.00 , 00.20 || 1706081368, 17.601888812715 , 78.126606980169, 0.01 , 0.01 ,30.21 , 9.96 , 1.84 , -0.52 , 358.49
2024-01-24 12:59:28,615 :- 00123: 230 , 30.00 , 00.20 || 1706081368, 17.601888812715 , 78.126606980169, 0.01 , 0.01 ,30.48 , 10.46 , 1.84 , -0.52 , 358.48
2024-01-24 12:59:28,645 :- 00124: 233 , 30.00 , 00.10 || 1706081368, 17.601896461224 , 78.126606813286, 0.01 , 0.01 ,30.48 , 10.16 , 1.83 , -0.59 , 358.47
2024-01-24 12:59:28,675 :- 00125: 236 , 30.00 , 00.10 || 1706081368, 17.601896461224 , 78.126606813286, 0.01 , 0.01 ,30.48 , 9.95 , 1.82 , -0.64 , 358.45
2024-01-24 12:59:28,705 :- 00126: 239 , 30.00 , 00.10 || 1706081368, 17.601896461224 , 78.126606813286, 0.01 , 0.01 ,30.70 , 10.32 , 1.78 , -0.65 , 358.43
2024-01-24 12:59:28,735 :- 00127: 242 , 30.00 , 00.10 || 1706081368, 17.601904164014 , 78.126606600686, 0.01 , 0.01 ,30.70 , 10.45 , 1.76 , -0.65 , 358.41
2024-01-24 12:59:28,765 :- 00128: 245 , 30.00 , 00.10 || 1706081368, 17.601904164014 , 78.126606600686, 0.01 , 0.01 ,30.70 , 10.44 , 1.73 , -0.66 , 358.37
2024-01-24 12:59:28,795 :- 00129: 248 , 30.00 , 00.10 || 1706081368, 17.601904164014 , 78.126606600686, 0.01 , 0.01 ,30.70 , 10.12 , 1.72 , -0.65 , 358.36
2024-01-24 12:59:28,825 :- 00130: 251 , 30.00 , 00.10 || 1706081368, 17.601911957165 , 78.126606374570, 0.01 , 0.01 ,31.06 , 9.63 , 1.74 , -0.64 , 358.33
2024-01-24 12:59:28,855 :- 00131: 254 , 30.00 , 00.10 || 1706081368, 17.601911957165 , 78.126606374570, 0.01 , 0.01 ,31.06 , 9.95 , 1.72 , -0.64 , 358.32
2024-01-24 12:59:28,885 :- 00132: 001 , 30.00 , 00.10 || 1706081368, 17.601911957165 , 78.126606374570, 0.01 , 0.01 ,31.06 , 10.01 , 1.73 , -0.58 , 358.29
2024-01-24 12:59:28,915 :- 00133: 004 , 30.00 , 00.10 || 1706081368, 17.601911957165 , 78.126606374570, 0.01 , 0.01 ,31.24 , 9.88 , 1.73 , -0.58 , 358.27
2024-01-24 12:59:28,945 :- 00134: 007 , 30.00 , -0.00 || 1706081368, 17.601919793734 , 78.126606170782, 0.01 , 0.01 ,31.24 , 9.45 , 1.70 , -0.57 , 358.25
2024-01-24 12:59:28,975 :- 00135: 010 , 30.70 , 00.10 || 1706081368, 17.601919793734 , 78.126606170782, 0.01 , 0.01 ,31.24 , 9.09 , 1.69 , -0.55 , 358.23
2024-01-24 12:59:29,005 :- 00136: 013 , 30.70 , 00.10 || 1706081369, 17.601919793734 , 78.126606170782, 0.01 , 0.01 ,31.24 , 9.53 , 1.64 , -0.54 , 358.22
2024-01-24 12:59:29,035 :- 00137: 016 , 30.80 , 00.00 || 1706081369, 17.601919793734 , 78.126606170782, 0.01 , 0.01 ,31.44 , 9.73 , 1.62 , -0.54 , 358.21
2024-01-24 12:59:29,065 :- 00138: 019 , 30.80 , -0.10 || 1706081369, 17.601927681211 , 78.126605930206, 0.01 , 0.01 ,31.44 , 9.32 , 1.59 , -0.56 , 358.21
2024-01-24 12:59:29,095 :- 00139: 022 , 30.90 , -0.10 || 1706081369, 17.601927681211 , 78.126605930206, 0.01 , 0.01 ,31.44 , 10.41 , 1.56 , -0.55 , 358.20
2024-01-24 12:59:29,125 :- 00140: 025 , 30.90 , -0.10 || 1706081369, 17.601935599059 , 78.126605658152, 0.01 , 0.01 ,31.57 , 10.05 , 1.52 , -0.55 , 358.19
2024-01-24 12:59:29,155 :- 00141: 028 , 31.00 , -0.10 || 1706081369, 17.601935599059 , 78.126605658152, 0.01 , 0.01 ,31.57 , 9.39 , 1.51 , -0.57 , 358.19
2024-01-24 12:59:29,185 :- 00142: 031 , 31.10 , -0.10 || 1706081369, 17.601935599059 , 78.126605658152, 0.01 , 0.01 ,31.57 , 9.67 , 1.49 , -0.59 , 358.19
2024-01-24 12:59:29,215 :- 00143: 034 , 31.10 , -0.10 || 1706081369, 17.601935599059 , 78.126605658152, 0.01 , 0.01 ,31.69 , 10.03 , 1.47 , -0.59 , 358.19
2024-01-24 12:59:29,245 :- 00144: 037 , 31.10 , -0.10 || 1706081369, 17.601943547640 , 78.126605408633, 0.01 , 0.01 ,31.69 , 9.79 , 1.45 , -0.58 , 358.20
2024-01-24 12:59:29,275 :- 00145: 040 , 31.10 , -0.10 || 1706081369, 17.601943547640 , 78.126605408633, 0.01 , 0.01 ,31.69 , 10.48 , 1.46 , -0.57 , 358.20
2024-01-24 12:59:29,304 :- 00146: 040 , 31.10 , -0.10 || 1706081369, 17.601943547640 , 78.126605408633, 0.01 , 0.01 ,31.69 , 10.48 , 1.46 , -0.57 , 358.201706081369, 17.601943547640 , 78.126605408633, 0.01 , 0.01 ,31.69 , 10.41 , 1.42 , -0.51 , 358.20
2024-01-24 12:59:29,335 :- 00147: 046 , 31.00 , -0.10 || 1706081369, 17.601951520010 , 78.126605166641, 0.01 , 0.01 ,31.78 , 10.58 , 1.40 , -0.47 , 358.20
2024-01-24 12:59:29,365 :- 00148: 049 , 31.00 , -0.10 || 1706081369, 17.601951520010 , 78.126605166641, 0.01 , 0.01 ,31.78 , 10.16 , 1.35 , -0.38 , 358.20
2024-01-24 12:59:29,395 :- 00149: 052 , 31.00 , -0.10 || 1706081369, 17.601951520010 , 78.126605166641, 0.01 , 0.01 ,31.78 , 9.86 , 1.31 , -0.31 , 358.20
2024-01-24 12:59:29,425 :- 00150: 055 , 30.90 , -0.10 || 1706081369, 17.601959475897 , 78.126604899269, 0.01 , 0.01 ,31.72 , 9.95 , 1.29 , -0.22 , 358.19
2024-01-24 12:59:29,455 :- 00151: 058 , 30.80 , -0.10 || 1706081369, 17.601959475897 , 78.126604899269, 0.01 , 0.01 ,31.72 , 9.72 , 1.27 , -0.17 , 358.19
2024-01-24 12:59:29,485 :- 00152: 061 , 30.80 , -0.10 || 1706081369, 17.601959475897 , 78.126604899269, 0.01 , 0.01 ,31.72 , 9.60 , 1.26 , -0.05 , 358.19
2024-01-24 12:59:29,515 :- 00153: 064 , 30.70 , -0.10 || 1706081369, 17.601959475897 , 78.126604899269, 0.01 , 0.01 ,31.44 , 9.68 , 1.24 , -0.01 , 358.19
2024-01-24 12:59:29,545 :- 00154: 067 , 30.60 , -0.10 || 1706081369, 17.601967362825 , 78.126604650569, 0.01 , 0.01 ,31.44 , 9.09 , 1.21 , 0.03 , 358.18
2024-01-24 12:59:29,575 :- 00155: 070 , 30.50 , -0.10 || 1706081369, 17.601967362825 , 78.126604650569, 0.01 , 0.01 ,31.44 , 9.16 , 1.18 , 0.03 , 358.18
2024-01-24 12:59:29,605 :- 00156: 073 , 30.40 , -0.10 || 1706081369, 17.601967362825 , 78.126604650569, 0.01 , 0.01 ,30.86 , 9.90 , 1.15 , 0.02 , 358.18
2024-01-24 12:59:29,635 :- 00157: 076 , 30.20 , -0.10 || 1706081369, 17.601975102962 , 78.126604395928, 0.01 , 0.01 ,30.86 , 9.15 , 1.13 , 0.04 , 358.18
2024-01-24 12:59:29,665 :- 00158: 079 , 30.10 , -0.10 || 1706081369, 17.601975102962 , 78.126604395928, 0.01 , 0.01 ,30.86 , 9.57 , 1.11 , -0.08 , 358.19
2024-01-24 12:59:29,695 :- 00159: 082 , 30.00 , -0.10 || 1706081369, 17.601975102962 , 78.126604395928, 0.01 , 0.01 ,30.86 , 9.79 , 1.12 , -0.09 , 358.19
2024-01-24 12:59:29,725 :- 00160: 085 , 29.90 , -0.20 || 1706081369, 17.601982715329 , 78.126604154093, 0.01 , 0.01 ,30.35 , 9.70 , 1.14 , -0.08 , 358.20
2024-01-24 12:59:29,755 :- 00161: 088 , 29.80 , -0.20 || 1706081369, 17.601982715329 , 78.126604154093, 0.01 , 0.01 ,30.35 , 10.49 , 1.12 , -0.15 , 358.20
2024-01-24 12:59:29,785 :- 00162: 091 , 29.60 , -0.30 || 1706081369, 17.601982715329 , 78.126604154093, 0.01 , 0.01 ,30.35 , 10.00 , 1.08 , -0.20 , 358.19
2024-01-24 12:59:29,815 :- 00163: 094 , 29.50 , -0.40 || 1706081369, 17.601982715329 , 78.126604154093, 0.01 , 0.01 ,29.91 , 10.07 , 1.08 , -0.17 , 358.20
2024-01-24 12:59:29,845 :- 00164: 097 , 29.30 , -0.50 || 1706081369, 17.601990218369 , 78.126603928990, 0.01 , 0.01 ,29.91 , 10.81 , 1.05 , -0.20 , 358.21
2024-01-24 12:59:29,875 :- 00165: 100 , 29.20 , -0.70 || 1706081369, 17.601990218369 , 78.126603928990, 0.01 , 0.01 ,29.91 , 9.63 , 1.06 , -0.17 , 358.22
2024-01-24 12:59:29,905 :- 00166: 103 , 29.10 , -0.90 || 1706081369, 17.601990218369 , 78.126603928990, 0.01 , 0.01 ,29.91 , 9.81 , 1.04 , -0.10 , 358.25
2024-01-24 12:59:29,935 :- 00167: 106 , 28.90 , -1.10 || 1706081369, 17.601997607018 , 78.126603666918, 0.01 , 0.01 ,29.46 , 10.72 , 1.01 , -0.09 , 358.28
2024-01-24 12:59:29,965 :- 00168: 109 , 28.70 , -1.40 || 1706081369, 17.601997607018 , 78.126603666918, 0.01 , 0.01 ,29.46 , 9.63 , 0.97 , 0.06 , 358.33
2024-01-24 12:59:29,995 :- 00169: 112 , 28.60 , -1.70 || 1706081369, 17.601997607018 , 78.126603666918, 0.01 , 0.01 ,29.46 , 10.03 , 0.93 , 0.07 , 358.37
2024-01-24 12:59:30,025 :- 00170: 115 , 28.40 , -2.10 || 1706081370, 17.601997607018 , 78.126603666918, 0.01 , 0.01 ,29.21 , 9.30 , 0.83 , 0.19 , 358.47
2024-01-24 12:59:30,055 :- 00171: 118 , 28.20 , -2.40 || 1706081370, 17.602004935261 , 78.126603457806, 0.01 , 0.01 ,29.21 , 10.03 , 0.77 , 0.27 , 358.55
2024-01-24 12:59:30,085 :- 00172: 121 , 28.00 , -2.70 || 1706081370, 17.602004935261 , 78.126603457806, 0.01 , 0.01 ,29.21 , 9.38 , 0.62 , 0.35 , 358.73
2024-01-24 12:59:30,115 :- 00173: 124 , 27.80 , -3.00 || 1706081370, 17.602004935261 , 78.126603457806, 0.01 , 0.01 ,28.52 , 9.70 , 0.54 , 0.38 , 358.85
2024-01-24 12:59:30,145 :- 00174: 127 , 27.60 , -3.30 || 1706081370, 17.602012088450 , 78.126603223011, 0.01 , 0.01 ,28.52 , 9.39 , 0.40 , 0.46 , 359.13
2024-01-24 12:59:30,175 :- 00175: 130 , 27.50 , -3.60 || 1706081370, 17.602012088450 , 78.126603223011, 0.01 , 0.01 ,28.52 , 9.04 , 0.34 , 0.51 , 359.28
2024-01-24 12:59:30,205 :- 00176: 133 , 27.20 , -3.80 || 1706081370, 17.602012088450 , 78.126603223011, 0.01 , 0.01 ,28.52 , 10.30 , 0.18 , 0.56 , 359.62
2024-01-24 12:59:30,235 :- 00177: 136 , 27.00 , -4.00 || 1706081370, 17.602019027285 , 78.126603038629, 0.01 , 0.01 ,27.66 , 9.19 , 0.11 , 0.56 , 359.80
2024-01-24 12:59:30,265 :- 00178: 139 , 26.80 , -4.10 || 1706081370, 17.602019027285 , 78.126603038629, 0.01 , 0.01 ,27.66 , 8.92 , -0.03 , 0.56 , 0.20
2024-01-24 12:59:30,295 :- 00179: 142 , 26.50 , -4.20 || 1706081370, 17.602019027285 , 78.126603038629, 0.01 , 0.01 ,27.66 , 9.84 , -0.09 , 0.58 , 0.41
2024-01-24 12:59:30,325 :- 00180: 145 , 26.30 , -4.20 || 1706081370, 17.602025701389 , 78.126602933996, 0.01 , 0.01 ,26.60 , 9.45 , -0.18 , 0.54 , 0.85
2024-01-24 12:59:30,355 :- 00181: 148 , 26.10 , -4.20 || 1706081370, 17.602025701389 , 78.126602933996, 0.01 , 0.01 ,26.60 , 9.58 , -0.22 , 0.51 , 1.08
2024-01-24 12:59:30,385 :- 00182: 151 , 25.80 , -4.20 || 1706081370, 17.602025701389 , 78.126602933996, 0.01 , 0.01 ,26.60 , 9.83 , -0.27 , 0.47 , 1.53
2024-01-24 12:59:30,415 :- 00183: 154 , 25.60 , -4.20 || 1706081370, 17.602025701389 , 78.126602933996, 0.01 , 0.01 ,25.87 , 9.61 , -0.29 , 0.45 , 1.75
2024-01-24 12:59:30,445 :- 00184: 157 , 25.40 , -4.20 || 1706081370, 17.602032193634 , 78.126603055094, 0.01 , 0.01 ,25.87 , 9.76 , -0.34 , 0.37 , 2.19
2024-01-24 12:59:30,475 :- 00185: 160 , 25.20 , -4.20 || 1706081370, 17.602032193634 , 78.126603055094, 0.01 , 0.01 ,25.87 , 9.85 , -0.36 , 0.36 , 2.41
2024-01-24 12:59:30,505 :- 00186: 163 , 24.90 , -4.20 || 1706081370, 17.602032193634 , 78.126603055094, 0.01 , 0.01 ,25.87 , 9.90 , -0.37 , 0.31 , 2.84
2024-01-24 12:59:30,535 :- 00187: 166 , 24.70 , -4.20 || 1706081370, 17.602038494675 , 78.126603345471, 0.01 , 0.01 ,25.13 , 10.00 , -0.37 , 0.28 , 3.05
2024-01-24 12:59:30,565 :- 00188: 169 , 24.50 , -4.20 || 1706081370, 17.602038494675 , 78.126603345471, 0.01 , 0.01 ,25.13 , 9.85 , -0.36 , 0.27 , 3.46
2024-01-24 12:59:30,595 :- 00189: 172 , 24.30 , -4.20 || 1706081370, 17.602038494675 , 78.126603345471, 0.01 , 0.01 ,25.13 , 9.55 , -0.35 , 0.26 , 3.67
2024-01-24 12:59:30,625 :- 00190: 175 , 24.00 , -4.20 || 1706081370, 17.602044600718 , 78.126603741961, 0.01 , 0.01 ,24.38 , 10.38 , -0.35 , 0.23 , 4.08
2024-01-24 12:59:30,655 :- 00191: 178 , 23.80 , -4.20 || 1706081370, 17.602044600718 , 78.126603741961, 0.01 , 0.01 ,24.38 , 9.98 , -0.36 , 0.22 , 4.29
2024-01-24 12:59:30,685 :- 00192: 181 , 23.60 , -4.20 || 1706081370, 17.602044600718 , 78.126603741961, 0.01 , 0.01 ,24.38 , 9.76 , -0.36 , 0.19 , 4.69
2024-01-24 12:59:30,715 :- 00193: 184 , 23.40 , -4.20 || 1706081370, 17.602044600718 , 78.126603741961, 0.01 , 0.01 ,23.48 , 10.03 , -0.37 , 0.19 , 4.89
2024-01-24 12:59:30,745 :- 00194: 187 , 23.20 , -4.20 || 1706081370, 17.602050474680 , 78.126604228447, 0.01 , 0.01 ,23.48 , 9.83 , -0.37 , 0.19 , 5.28
2024-01-24 12:59:30,775 :- 00195: 190 , 23.00 , -4.20 || 1706081370, 17.602050474680 , 78.126604228447, 0.01 , 0.01 ,23.48 , 9.83 , -0.38 , 0.18 , 5.48
2024-01-24 12:59:30,805 :- 00196: 193 , 22.80 , -4.20 || 1706081370, 17.602050474680 , 78.126604228447, 0.01 , 0.01 ,23.48 , 9.88 , -0.37 , 0.20 , 5.87
2024-01-24 12:59:30,835 :- 00197: 196 , 22.60 , -4.20 || 1706081370, 17.602056223110 , 78.126604874157, 0.01 , 0.01 ,23.04 , 9.72 , -0.36 , 0.21 , 6.06
2024-01-24 12:59:30,865 :- 00198: 199 , 22.40 , -4.20 || 1706081370, 17.602056223110 , 78.126604874157, 0.01 , 0.01 ,23.04 , 9.65 , -0.33 , 0.20 , 6.45
2024-01-24 12:59:30,895 :- 00199: 202 , 22.20 , -4.20 || 1706081370, 17.602056223110 , 78.126604874157, 0.01 , 0.01 ,23.04 , 9.80 , -0.31 , 0.22 , 6.65
2024-01-24 12:59:30,925 :- 00200: 205 , 22.00 , -4.10 || 1706081370, 17.602061793877 , 78.126605473634, 0.01 , 0.01 ,22.32 , 9.92 , -0.26 , 0.23 , 7.03
2024-01-24 12:59:30,955 :- 00201: 208 , 21.80 , -4.00 || 1706081370, 17.602061793877 , 78.126605473634, 0.01 , 0.01 ,22.32 , 9.59 , -0.23 , 0.24 , 7.22
2024-01-24 12:59:30,985 :- 00202: 211 , 21.60 , -3.90 || 1706081370, 17.602061793877 , 78.126605473634, 0.01 , 0.01 ,22.32 , 9.90 , -0.19 , 0.27 , 7.59
2024-01-24 12:59:31,015 :- 00203: 214 , 21.50 , -3.80 || 1706081371, 17.602061793877 , 78.126605473634, 0.01 , 0.01 ,22.32 , 9.95 , -0.18 , 0.29 , 7.77
2024-01-24 12:59:31,045 :- 00204: 217 , 21.30 , -3.60 || 1706081371, 17.602067227734 , 78.126606314960, 0.01 , 0.01 ,21.77 , 9.71 , -0.13 , 0.33 , 8.13
2024-01-24 12:59:31,075 :- 00205: 220 , 21.10 , -3.50 || 1706081371, 17.602067227734 , 78.126606314960, 0.01 , 0.01 ,21.77 , 9.87 , -0.09 , 0.36 , 8.30
2024-01-24 12:59:31,105 :- 00206: 223 , 21.00 , -3.40 || 1706081371, 17.602067227734 , 78.126606314960, 0.01 , 0.01 ,21.30 , 9.47 , -0.02 , 0.40 , 8.63
2024-01-24 12:59:31,135 :- 00207: 226 , 20.80 , -3.20 || 1706081371, 17.602072509029 , 78.126607182158, 0.01 , 0.01 ,21.30 , 9.60 , 0.01 , 0.41 , 8.78
2024-01-24 12:59:31,165 :- 00208: 229 , 20.70 , -3.10 || 1706081371, 17.602072509029 , 78.126607182158, 0.01 , 0.01 ,21.30 , 9.56 , 0.07 , 0.44 , 9.07
2024-01-24 12:59:31,195 :- 00209: 232 , 20.50 , -3.00 || 1706081371, 17.602072509029 , 78.126607182158, 0.01 , 0.01 ,21.30 , 9.52 , 0.10 , 0.42 , 9.21
2024-01-24 12:59:31,224 :- 00210: 232 , 20.50 , -3.00 || 1706081371, 17.602072509029 , 78.126607182158, 0.01 , 0.01 ,21.30 , 9.52 , 0.10 , 0.42 , 9.211706081371, 17.602077653496 , 78.126608081361, 0.01 , 0.01 ,20.78 , 9.64 , 0.15 , 0.43 , 9.48
2024-01-24 12:59:31,245 :- 00211: 237 , 20.30 , -2.80 || 1706081371, 17.602077653496 , 78.126608081361, 0.01 , 0.01 ,20.78 , 9.72 , 0.17 , 0.41 , 9.60
2024-01-24 12:59:31,275 :- 00212: 240 , 20.20 , -2.60 || 1706081371, 17.602077653496 , 78.126608081361, 0.01 , 0.01 ,20.78 , 9.60 , 0.18 , 0.38 , 9.73
2024-01-24 12:59:31,305 :- 00213: 243 , 20.00 , -2.30 || 1706081371, 17.602077653496 , 78.126608081361, 0.01 , 0.01 ,20.10 , 9.79 , 0.24 , 0.37 , 9.95
2024-01-24 12:59:31,335 :- 00214: 246 , 19.90 , -2.00 || 1706081371, 17.602082608668 , 78.126609072274, 0.01 , 0.01 ,20.10 , 10.03 , 0.29 , 0.37 , 10.06
2024-01-24 12:59:31,365 :- 00215: 249 , 19.80 , -1.70 || 1706081371, 17.602082608668 , 78.126609072274, 0.01 , 0.01 ,20.10 , 9.39 , 0.44 , 0.34 , 10.26
2024-01-24 12:59:31,395 :- 00216: 252 , 19.70 , -1.40 || 1706081371, 17.602082608668 , 78.126609072274, 0.01 , 0.01 ,20.10 , 9.42 , 0.55 , 0.33 , 10.35
2024-01-24 12:59:31,425 :- 00217: 255 , 19.50 , -1.00 || 1706081371, 17.602087479495 , 78.126610133823, 0.01 , 0.01 ,19.83 , 9.30 , 0.74 , 0.30 , 10.50
2024-01-24 12:59:31,455 :- 00218: 002 , 19.40 , -0.60 || 1706081371, 17.602087479495 , 78.126610133823, 0.01 , 0.01 ,19.83 , 9.58 , 0.84 , 0.26 , 10.56
2024-01-24 12:59:31,485 :- 00219: 005 , 19.40 , -0.20 || 1706081371, 17.602087479495 , 78.126610133823, 0.01 , 0.01 ,19.83 , 9.19 , 1.04 , 0.19 , 10.64
2024-01-24 12:59:31,515 :- 00220: 008 , 19.30 , 00.20 || 1706081371, 17.602087479495 , 78.126610133823, 0.01 , 0.02 ,19.49 , 9.96 , 1.16 , 0.13 , 10.68
2024-01-24 12:59:31,545 :- 00221: 011 , 19.20 , 00.60 || 1706081371, 17.602092259851 , 78.126611208128, 0.01 , 0.02 ,19.49 , 10.43 , 1.30 , 0.10 , 10.71
2024-01-24 12:59:31,575 :- 00222: 014 , 19.10 , 01.00 || 1706081371, 17.602092259851 , 78.126611208128, 0.01 , 0.02 ,19.49 , 10.46 , 1.35 , 0.07 , 10.71
2024-01-24 12:59:31,605 :- 00223: 017 , 19.10 , 01.40 || 1706081371, 17.602092259851 , 78.126611208128, 0.01 , 0.02 ,19.49 , 10.35 , 1.43 , 0.01 , 10.67
2024-01-24 12:59:31,635 :- 00224: 020 , 19.00 , 01.70 || 1706081371, 17.602097006933 , 78.126612274261, 0.01 , 0.02 ,19.35 , 10.32 , 1.47 , 0.02 , 10.64
2024-01-24 12:59:31,665 :- 00225: 023 , 19.00 , 02.00 || 1706081371, 17.602097006933 , 78.126612274261, 0.01 , 0.02 ,19.35 , 10.44 , 1.55 , 0.08 , 10.52
2024-01-24 12:59:31,695 :- 00226: 026 , 18.90 , 02.30 || 1706081371, 17.602097006933 , 78.126612274261, 0.01 , 0.02 ,19.35 , 10.24 , 1.57 , 0.07 , 10.45
2024-01-24 12:59:31,725 :- 00227: 029 , 18.90 , 02.50 || 1706081371, 17.602101744184 , 78.126613240263, 0.01 , 0.02 ,19.23 , 9.48 , 1.62 , 0.11 , 10.26
2024-01-24 12:59:31,755 :- 00228: 032 , 18.90 , 02.80 || 1706081371, 17.602101744184 , 78.126613240263, 0.01 , 0.02 ,19.23 , 9.04 , 1.64 , 0.12 , 10.16
2024-01-24 12:59:31,785 :- 00229: 035 , 18.80 , 03.00 || 1706081371, 17.602101744184 , 78.126613240263, 0.01 , 0.02 ,19.23 , 9.76 , 1.69 , 0.13 , 9.93
2024-01-24 12:59:31,815 :- 00230: 038 , 18.70 , 03.20 || 1706081371, 17.602101744184 , 78.126613240263, 0.01 , 0.02 ,19.07 , 9.63 , 1.71 , 0.15 , 9.81
2024-01-24 12:59:31,845 :- 00231: 041 , 18.60 , 03.40 || 1706081371, 17.602106448003 , 78.126614163625, 0.01 , 0.02 ,19.07 , 9.38 , 1.77 , 0.13 , 9.57
2024-01-24 12:59:31,875 :- 00232: 044 , 18.60 , 03.70 || 1706081371, 17.602106448003 , 78.126614163625, 0.01 , 0.02 ,19.07 , 9.93 , 1.78 , 0.10 , 9.44
2024-01-24 12:59:31,905 :- 00233: 047 , 18.50 , 03.90 || 1706081371, 17.602106448003 , 78.126614163625, 0.01 , 0.02 ,19.07 , 9.48 , 1.80 , 0.06 , 9.19
2024-01-24 12:59:31,935 :- 00234: 050 , 18.50 , 04.20 || 1706081371, 17.602111090891 , 78.126615013218, 0.01 , 0.02 ,18.78 , 9.78 , 1.81 , 0.05 , 9.05
2024-01-24 12:59:31,965 :- 00235: 053 , 18.40 , 04.50 || 1706081371, 17.602111090891 , 78.126615013218, 0.01 , 0.02 ,18.78 , 10.02 , 1.85 , -0.02 , 8.76
2024-01-24 12:59:31,995 :- 00236: 056 , 18.40 , 04.70 || 1706081371, 17.602111090891 , 78.126615013218, 0.01 , 0.02 ,18.78 , 9.17 , 1.86 , -0.08 , 8.61
2024-01-24 12:59:32,025 :- 00237: 059 , 18.30 , 04.90 || 1706081372, 17.602111090891 , 78.126615013218, 0.01 , 0.02 ,18.78 , 9.93 , 1.85 , -0.10 , 8.28
2024-01-24 12:59:32,055 :- 00238: 062 , 18.30 , 05.10 || 1706081372, 17.602115672837 , 78.126615756211, 0.01 , 0.02 ,18.48 , 10.29 , 1.83 , -0.15 , 8.10
2024-01-24 12:59:32,085 :- 00239: 065 , 18.20 , 05.30 || 1706081372, 17.602115672837 , 78.126615756211, 0.01 , 0.02 ,18.48 , 9.65 , 1.82 , -0.21 , 7.73
2024-01-24 12:59:32,115 :- 00240: 068 , 18.10 , 05.40 || 1706081372, 17.602115672837 , 78.126615756211, 0.01 , 0.02 ,18.32 , 9.89 , 1.81 , -0.23 , 7.54
2024-01-24 12:59:32,145 :- 00241: 071 , 18.10 , 05.50 || 1706081372, 17.602120226565 , 78.126616407999, 0.01 , 0.02 ,18.32 , 10.16 , 1.77 , -0.26 , 7.13
2024-01-24 12:59:32,175 :- 00242: 074 , 18.00 , 05.60 || 1706081372, 17.602120226565 , 78.126616407999, 0.01 , 0.02 ,18.32 , 9.99 , 1.77 , -0.26 , 6.92
2024-01-24 12:59:32,205 :- 00243: 077 , 17.90 , 05.70 || 1706081372, 17.602120226565 , 78.126616407999, 0.01 , 0.02 ,18.25 , 9.65 , 1.76 , -0.30 , 6.50
2024-01-24 12:59:32,235 :- 00244: 080 , 17.90 , 05.70 || 1706081372, 17.602124775088 , 78.126616969952, 0.01 , 0.02 ,18.25 , 9.91 , 1.75 , -0.29 , 6.29
2024-01-24 12:59:32,265 :- 00245: 083 , 17.80 , 05.80 || 1706081372, 17.602124775088 , 78.126616969952, 0.01 , 0.02 ,18.25 , 10.26 , 1.73 , -0.31 , 5.86
2024-01-24 12:59:32,295 :- 00246: 086 , 17.70 , 05.80 || 1706081372, 17.602124775088 , 78.126616969952, 0.01 , 0.02 ,18.25 , 9.74 , 1.71 , -0.33 , 5.65
2024-01-24 12:59:32,325 :- 00247: 089 , 17.70 , 05.90 || 1706081372, 17.602129272056 , 78.126617428157, 0.01 , 0.02 ,18.00 , 10.07 , 1.69 , -0.32 , 5.21
2024-01-24 12:59:32,355 :- 00248: 092 , 17.60 , 05.90 || 1706081372, 17.602129272056 , 78.126617428157, 0.01 , 0.02 ,18.00 , 9.93 , 1.68 , -0.32 , 5.00
2024-01-24 12:59:32,385 :- 00249: 095 , 17.60 , 05.90 || 1706081372, 17.602129272056 , 78.126617428157, 0.01 , 0.02 ,18.00 , 9.32 , 1.66 , -0.36 , 4.55
2024-01-24 12:59:32,415 :- 00250: 098 , 17.60 , 05.90 || 1706081372, 17.602129272056 , 78.126617428157, 0.01 , 0.02 ,17.86 , 9.87 , 1.64 , -0.34 , 4.33
2024-01-24 12:59:32,445 :- 00251: 101 , 17.50 , 05.90 || 1706081372, 17.602133741200 , 78.126617794794, 0.01 , 0.02 ,17.86 , 10.30 , 1.63 , -0.33 , 3.87
2024-01-24 12:59:32,475 :- 00252: 104 , 17.50 , 05.90 || 1706081372, 17.602133741200 , 78.126617794794, 0.01 , 0.02 ,17.86 , 9.42 , 1.63 , -0.39 , 3.65
2024-01-24 12:59:32,504 :- 00253: 104 , 17.50 , 05.90 || 1706081372, 17.602133741200 , 78.126617794794, 0.01 , 0.02 ,17.86 , 9.42 , 1.63 , -0.39 , 3.651706081372, 17.602133741200 , 78.126617794794, 0.01 , 0.02 ,17.86 , 9.21 , 1.60 , -0.39 , 3.19
2024-01-24 12:59:32,535 :- 00254: 110 , 17.50 , 05.90 || 1706081372, 17.602138196586 , 78.126618076262, 0.01 , 0.02 ,17.79 , 9.82 , 1.58 , -0.40 , 2.97
2024-01-24 12:59:32,565 :- 00255: 113 , 17.50 , 05.90 || 1706081372, 17.602138196586 , 78.126618076262, 0.01 , 0.02 ,17.79 , 10.10 , 1.56 , -0.45 , 2.53
2024-01-24 12:59:32,595 :- 00256: 116 , 17.50 , 05.90 || 1706081372, 17.602138196586 , 78.126618076262, 0.01 , 0.02 ,17.79 , 9.63 , 1.56 , -0.48 , 2.31
2024-01-24 12:59:32,625 :- 00257: 119 , 17.50 , 05.90 || 1706081372, 17.602142668243 , 78.126618256502, 0.01 , 0.02 ,17.83 , 9.58 , 1.54 , -0.49 , 1.87
2024-01-24 12:59:32,655 :- 00258: 122 , 17.50 , 05.80 || 1706081372, 17.602142668243 , 78.126618256502, 0.01 , 0.02 ,17.83 , 10.05 , 1.52 , -0.49 , 1.65
2024-01-24 12:59:32,685 :- 00259: 125 , 17.50 , 05.80 || 1706081372, 17.602142668243 , 78.126618256502, 0.01 , 0.02 ,17.83 , 10.21 , 1.47 , -0.53 , 1.21
2024-01-24 12:59:32,715 :- 00260: 128 , 17.50 , 05.70 || 1706081372, 17.602142668243 , 78.126618256502, 0.01 , 0.02 ,17.86 , 10.19 , 1.44 , -0.51 , 0.99
2024-01-24 12:59:32,745 :- 00261: 131 , 17.50 , 05.60 || 1706081372, 17.602147149417 , 78.126618322885, 0.01 , 0.02 ,17.86 , 9.99 , 1.37 , -0.49 , 0.54
2024-01-24 12:59:32,775 :- 00262: 134 , 17.50 , 05.50 || 1706081372, 17.602147149417 , 78.126618322885, 0.01 , 0.02 ,17.86 , 9.85 , 1.34 , -0.48 , 0.32
2024-01-24 12:59:32,805 :- 00263: 137 , 17.40 , 05.40 || 1706081372, 17.602147149417 , 78.126618322885, 0.01 , 0.02 ,17.86 , 9.52 , 1.30 , -0.46 , 359.87
2024-01-24 12:59:32,835 :- 00264: 140 , 17.50 , 05.30 || 1706081372, 17.602151631675 , 78.126618299731, 0.01 , 0.02 ,17.86 , 9.39 , 1.28 , -0.45 , 359.65
2024-01-24 12:59:32,865 :- 00265: 143 , 17.50 , 05.20 || 1706081372, 17.602151631675 , 78.126618299731, 0.01 , 0.02 ,17.86 , 9.50 , 1.24 , -0.42 , 359.23
2024-01-24 12:59:32,895 :- 00266: 146 , 17.50 , 05.20 || 1706081372, 17.602151631675 , 78.126618299731, 0.01 , 0.02 ,17.86 , 9.38 , 1.21 , -0.42 , 359.03
2024-01-24 12:59:32,925 :- 00267: 149 , 17.40 , 05.10 || 1706081372, 17.602156116942 , 78.126618192886, 0.01 , 0.02 ,17.88 , 9.97 , 1.17 , -0.42 , 358.64
2024-01-24 12:59:32,955 :- 00268: 152 , 17.40 , 05.10 || 1706081372, 17.602156116942 , 78.126618192886, 0.01 , 0.02 ,17.88 , 9.78 , 1.15 , -0.41 , 358.44
2024-01-24 12:59:32,985 :- 00269: 155 , 17.40 , 05.10 || 1706081372, 17.602156116942 , 78.126618192886, 0.01 , 0.02 ,17.88 , 9.39 , 1.13 , -0.44 , 358.07
2024-01-24 12:59:33,015 :- 00270: 158 , 17.40 , 05.00 || 1706081373, 17.602156116942 , 78.126618192886, 0.01 , 0.02 ,17.88 , 10.02 , 1.13 , -0.44 , 357.88
2024-01-24 12:59:33,045 :- 00271: 161 , 17.40 , 04.90 || 1706081373, 17.602160589371 , 78.126618007103, 0.01 , 0.02 ,17.84 , 10.19 , 1.11 , -0.45 , 357.50
2024-01-24 12:59:33,075 :- 00272: 164 , 17.40 , 04.80 || 1706081373, 17.602160589371 , 78.126618007103, 0.01 , 0.02 ,17.84 , 9.86 , 1.10 , -0.46 , 357.31
2024-01-24 12:59:33,105 :- 00273: 167 , 17.50 , 04.80 || 1706081373, 17.602160589371 , 78.126618007103, 0.01 , 0.02 ,17.75 , 9.90 , 1.10 , -0.50 , 356.93
2024-01-24 12:59:33,135 :- 00274: 170 , 17.50 , 04.70 || 1706081373, 17.602165039848 , 78.126617780257, 0.01 , 0.02 ,17.75 , 10.08 , 1.12 , -0.49 , 356.75
2024-01-24 12:59:33,165 :- 00275: 173 , 17.50 , 04.60 || 1706081373, 17.602165039848 , 78.126617780257, 0.01 , 0.02 ,17.75 , 9.81 , 1.17 , -0.53 , 356.37
2024-01-24 12:59:33,195 :- 00276: 176 , 17.50 , 04.50 || 1706081373, 17.602165039848 , 78.126617780257, 0.01 , 0.02 ,17.75 , 9.60 , 1.18 , -0.55 , 356.19
2024-01-24 12:59:33,225 :- 00277: 179 , 17.50 , 04.40 || 1706081373, 17.602169507835 , 78.126617515059, 0.01 , 0.02 ,17.83 , 9.56 , 1.14 , -0.57 , 355.84
2024-01-24 12:59:33,255 :- 00278: 182 , 17.50 , 04.20 || 1706081373, 17.602169507835 , 78.126617515059, 0.01 , 0.02 ,17.83 , 9.86 , 1.11 , -0.59 , 355.67
2024-01-24 12:59:33,285 :- 00279: 185 , 17.50 , 04.10 || 1706081373, 17.602169507835 , 78.126617515059, 0.01 , 0.02 ,17.83 , 9.82 , 1.08 , -0.60 , 355.34
2024-01-24 12:59:33,315 :- 00280: 188 , 17.50 , 03.90 || 1706081373, 17.602169507835 , 78.126617515059, 0.01 , 0.02 ,17.85 , 9.96 , 1.06 , -0.61 , 355.18
2024-01-24 12:59:33,345 :- 00281: 191 , 17.50 , 03.80 || 1706081373, 17.602173971193 , 78.126617104857, 0.01 , 0.02 ,17.85 , 9.42 , 1.03 , -0.62 , 354.87
2024-01-24 12:59:33,375 :- 00282: 194 , 17.60 , 03.60 || 1706081373, 17.602173971193 , 78.126617104857, 0.01 , 0.02 ,17.85 , 9.47 , 1.02 , -0.62 , 354.72
2024-01-24 12:59:33,405 :- 00283: 197 , 17.60 , 03.50 || 1706081373, 17.602173971193 , 78.126617104857, 0.01 , 0.02 ,17.85 , 9.80 , 0.99 , -0.63 , 354.43
2024-01-24 12:59:33,435 :- 00284: 200 , 17.60 , 03.40 || 1706081373, 17.602178450877 , 78.126616639764, 0.01 , 0.02 ,17.94 , 9.66 , 0.95 , -0.63 , 354.29
2024-01-24 12:59:33,465 :- 00285: 203 , 17.60 , 03.20 || 1706081373, 17.602178450877 , 78.126616639764, 0.01 , 0.02 ,17.94 , 9.88 , 0.87 , -0.68 , 354.02
2024-01-24 12:59:33,495 :- 00286: 206 , 17.60 , 03.10 || 1706081373, 17.602178450877 , 78.126616639764, 0.01 , 0.02 ,17.94 , 10.15 , 0.82 , -0.72 , 353.89
2024-01-24 12:59:33,525 :- 00287: 209 , 17.60 , 03.00 || 1706081373, 17.602182930403 , 78.126616096681, 0.01 , 0.02 ,17.97 , 9.84 , 0.74 , -0.76 , 353.63
2024-01-24 12:59:33,555 :- 00288: 212 , 17.60 , 02.90 || 1706081373, 17.602182930403 , 78.126616096681, 0.01 , 0.02 ,17.97 , 10.06 , 0.72 , -0.78 , 353.51
2024-01-24 12:59:33,585 :- 00289: 215 , 17.60 , 02.70 || 1706081373, 17.602182930403 , 78.126616096681, 0.01 , 0.02 ,17.97 , 10.37 , 0.68 , -0.81 , 353.27
2024-01-24 12:59:33,615 :- 00290: 218 , 17.60 , 02.60 || 1706081373, 17.602182930403 , 78.126616096681, 0.01 , 0.01 ,17.97 , 10.27 , 0.69 , -0.81 , 353.15
2024-01-24 12:59:33,645 :- 00291: 221 , 17.70 , 02.50 || 1706081373, 17.602187348903 , 78.126615684516, 0.01 , 0.01 ,17.97 , 10.15 , 0.72 , -0.82 , 352.92
2024-01-24 12:59:33,675 :- 00292: 224 , 17.70 , 02.40 || 1706081373, 17.602187348903 , 78.126615684516, 0.01 , 0.01 ,17.97 , 9.78 , 0.74 , -0.80 , 352.82
2024-01-24 12:59:33,705 :- 00293: 227 , 17.80 , 02.30 || 1706081373, 17.602187348903 , 78.126615684516, 0.01 , 0.01 ,18.19 , 9.25 , 0.74 , -0.79 , 352.61
2024-01-24 12:59:33,735 :- 00294: 230 , 17.80 , 02.10 || 1706081373, 17.602191880732 , 78.126615112106, 0.01 , 0.01 ,18.19 , 9.21 , 0.75 , -0.77 , 352.52
2024-01-24 12:59:33,765 :- 00295: 233 , 17.90 , 02.00 || 1706081373, 17.602191880732 , 78.126615112106, 0.01 , 0.01 ,18.19 , 9.73 , 0.79 , -0.74 , 352.34
2024-01-24 12:59:33,795 :- 00296: 236 , 17.90 , 01.90 || 1706081373, 17.602191880732 , 78.126615112106, 0.01 , 0.01 ,18.19 , 9.33 , 0.82 , -0.74 , 352.26
2024-01-24 12:59:33,825 :- 00297: 239 , 17.90 , 01.80 || 1706081373, 17.602196439326 , 78.126614490135, 0.01 , 0.01 ,18.32 , 9.51 , 0.89 , -0.74 , 352.10
2024-01-24 12:59:33,855 :- 00298: 242 , 17.90 , 01.70 || 1706081373, 17.602196439326 , 78.126614490135, 0.01 , 0.01 ,18.32 , 9.84 , 0.91 , -0.74 , 352.02
2024-01-24 12:59:33,885 :- 00299: 245 , 17.90 , 01.60 || 1706081373, 17.602196439326 , 78.126614490135, 0.01 , 0.01 ,18.32 , 9.76 , 0.97 , -0.77 , 351.87
2024-01-24 12:59:33,915 :- 00300: 248 , 17.90 , 01.50 || 1706081373, 17.602196439326 , 78.126614490135, 0.01 , 0.01 ,18.31 , 10.50 , 0.97 , -0.77 , 351.80
2024-01-24 12:59:33,945 :- 00301: 251 , 17.90 , 01.40 || 1706081373, 17.602200996552 , 78.126613870804, 0.01 , 0.01 ,18.31 , 10.74 , 0.97 , -0.78 , 351.66
2024-01-24 12:59:33,975 :- 00302: 254 , 17.90 , 01.20 || 1706081373, 17.602200996552 , 78.126613870804, 0.01 , 0.01 ,18.31 , 10.16 , 0.97 , -0.78 , 351.60
2024-01-24 12:59:34,005 :- 00303: 001 , 18.00 , 01.00 || 1706081374, 17.602200996552 , 78.126613870804, 0.01 , 0.01 ,18.31 , 9.74 , 0.94 , -0.78 , 351.49
2024-01-24 12:59:34,035 :- 00304: 004 , 18.10 , 00.80 || 1706081374, 17.602200996552 , 78.126613870804, 0.01 , 0.01 ,18.47 , 10.08 , 0.93 , -0.76 , 351.44
2024-01-24 12:59:34,065 :- 00305: 007 , 18.10 , 00.70 || 1706081374, 17.602205582768 , 78.126613164763, 0.01 , 0.01 ,18.47 , 9.96 , 0.88 , -0.73 , 351.35
2024-01-24 12:59:34,095 :- 00306: 010 , 18.20 , 00.50 || 1706081374, 17.602205582768 , 78.126613164763, 0.01 , 0.01 ,18.47 , 9.33 , 0.86 , -0.74 , 351.31
2024-01-24 12:59:34,125 :- 00307: 013 , 18.20 , 00.40 || 1706081374, 17.602210188762 , 78.126612385846, 0.01 , 0.01 ,18.59 , 9.29 , 0.79 , -0.74 , 351.25
2024-01-24 12:59:34,155 :- 00308: 016 , 18.30 , 00.20 || 1706081374, 17.602210188762 , 78.126612385846, 0.01 , 0.01 ,18.59 , 9.48 , 0.74 , -0.74 , 351.22
2024-01-24 12:59:34,185 :- 00309: 019 , 18.30 , 00.10 || 1706081374, 17.602210188762 , 78.126612385846, 0.01 , 0.01 ,18.59 , 9.51 , 0.66 , -0.78 , 351.17
2024-01-24 12:59:34,215 :- 00310: 022 , 18.30 , -0.10 || 1706081374, 17.602210188762 , 78.126612385846, 0.01 , 0.01 ,18.65 , 9.25 , 0.63 , -0.81 , 351.16
2024-01-24 12:59:34,245 :- 00311: 025 , 18.40 , -0.20 || 1706081374, 17.602214806280 , 78.126611586837, 0.01 , 0.01 ,18.65 , 9.35 , 0.61 , -0.84 , 351.14
2024-01-24 12:59:34,275 :- 00312: 028 , 18.40 , -0.40 || 1706081374, 17.602214806280 , 78.126611586837, 0.01 , 0.01 ,18.65 , 9.84 , 0.61 , -0.87 , 351.14
2024-01-24 12:59:34,305 :- 00313: 031 , 18.40 , -0.50 || 1706081374, 17.602214806280 , 78.126611586837, 0.01 , 0.01 ,18.71 , 9.91 , 0.62 , -0.89 , 351.13
2024-01-24 12:59:34,335 :- 00314: 034 , 18.40 , -0.60 || 1706081374, 17.602219445180 , 78.126610831174, 0.01 , 0.01 ,18.71 , 10.09 , 0.63 , -0.91 , 351.14
2024-01-24 12:59:34,365 :- 00315: 037 , 18.40 , -0.70 || 1706081374, 17.602219445180 , 78.126610831174, 0.01 , 0.01 ,18.71 , 10.14 , 0.61 , -0.98 , 351.17
2024-01-24 12:59:34,395 :- 00316: 040 , 18.40 , -0.80 || 1706081374, 17.602219445180 , 78.126610831174, 0.01 , 0.01 ,18.71 , 10.25 , 0.62 , -0.95 , 351.19
2024-01-24 12:59:34,424 :- 00317: 040 , 18.40 , -0.80 || 1706081374, 17.602219445180 , 78.126610831174, 0.01 , 0.01 ,18.71 , 10.25 , 0.62 , -0.95 , 351.191706081374, 17.602224136884 , 78.126610102802, 0.01 , 0.01 ,18.90 , 10.30 , 0.61 , -0.97 , 351.24
2024-01-24 12:59:34,445 :- 00318: 045 , 18.50 , -1.00 || 1706081374, 17.602224136884 , 78.126610102802, 0.01 , 0.01 ,18.90 , 10.32 , 0.60 , -0.98 , 351.27
2024-01-24 12:59:34,475 :- 00319: 048 , 18.60 , -1.10 || 1706081374, 17.602224136884 , 78.126610102802, 0.01 , 0.01 ,18.90 , 10.42 , 0.60 , -0.95 , 351.31
2024-01-24 12:59:34,505 :- 00320: 051 , 18.60 , -1.20 || 1706081374, 17.602224136884 , 78.126610102802, 0.01 , 0.01 ,18.90 , 10.01 , 0.59 , -0.93 , 351.38
2024-01-24 12:59:34,535 :- 00321: 054 , 18.60 , -1.30 || 1706081374, 17.602228855477 , 78.126609346923, 0.01 , 0.01 ,19.02 , 9.94 , 0.59 , -0.90 , 351.42
2024-01-24 12:59:34,565 :- 00322: 057 , 18.70 , -1.30 || 1706081374, 17.602228855477 , 78.126609346923, 0.01 , 0.01 ,19.02 , 9.80 , 0.57 , -0.86 , 351.51
2024-01-24 12:59:34,595 :- 00323: 060 , 18.70 , -1.40 || 1706081374, 17.602228855477 , 78.126609346923, 0.01 , 0.01 ,19.02 , 9.60 , 0.56 , -0.82 , 351.55
2024-01-24 12:59:34,625 :- 00324: 063 , 18.80 , -1.40 || 1706081374, 17.602233638732 , 78.126608605838, 0.01 , 0.01 ,19.27 , 9.62 , 0.54 , -0.77 , 351.65
2024-01-24 12:59:34,655 :- 00325: 066 , 18.80 , -1.50 || 1706081374, 17.602233638732 , 78.126608605838, 0.01 , 0.01 ,19.27 , 9.32 , 0.52 , -0.75 , 351.70
2024-01-24 12:59:34,685 :- 00326: 069 , 18.80 , -1.50 || 1706081374, 17.602233638732 , 78.126608605838, 0.01 , 0.01 ,19.27 , 9.17 , 0.49 , -0.71 , 351.81
2024-01-24 12:59:34,715 :- 00327: 072 , 18.90 , -1.60 || 1706081374, 17.602233638732 , 78.126608605838, 0.01 , 0.01 ,19.38 , 9.77 , 0.48 , -0.70 , 351.87
2024-01-24 12:59:34,745 :- 00328: 075 , 18.90 , -1.60 || 1706081374, 17.602238450023 , 78.126607869159, 0.01 , 0.01 ,19.38 , 9.63 , 0.48 , -0.68 , 351.99
2024-01-24 12:59:34,775 :- 00329: 078 , 18.90 , -1.70 || 1706081374, 17.602238450023 , 78.126607869159, 0.01 , 0.01 ,19.38 , 9.73 , 0.47 , -0.69 , 352.05
2024-01-24 12:59:34,805 :- 00330: 081 , 18.90 , -1.70 || 1706081374, 17.602238450023 , 78.126607869159, 0.01 , 0.01 ,19.38 , 10.12 , 0.45 , -0.69 , 352.17
2024-01-24 12:59:34,835 :- 00331: 084 , 18.90 , -1.70 || 1706081374, 17.602243263146 , 78.126607189000, 0.01 , 0.01 ,19.35 , 9.66 , 0.45 , -0.69 , 352.24
2024-01-24 12:59:34,865 :- 00332: 087 , 19.00 , -1.80 || 1706081374, 17.602243263146 , 78.126607189000, 0.01 , 0.01 ,19.35 , 10.11 , 0.40 , -0.67 , 352.36
2024-01-24 12:59:34,895 :- 00333: 090 , 19.00 , -1.80 || 1706081374, 17.602243263146 , 78.126607189000, 0.01 , 0.01 ,19.35 , 10.10 , 0.38 , -0.66 , 352.43
2024-01-24 12:59:34,925 :- 00334: 093 , 19.10 , -1.80 || 1706081374, 17.602248120639 , 78.126606499355, 0.01 , 0.01 ,19.53 , 9.66 , 0.34 , -0.63 , 352.57
2024-01-24 12:59:34,955 :- 00335: 096 , 19.10 , -1.90 || 1706081374, 17.602248120639 , 78.126606499355, 0.01 , 0.01 ,19.53 , 9.71 , 0.32 , -0.63 , 352.64
2024-01-24 12:59:34,985 :- 00336: 099 , 19.20 , -1.90 || 1706081374, 17.602248120639 , 78.126606499355, 0.01 , 0.01 ,19.53 , 9.73 , 0.30 , -0.59 , 352.79
2024-01-24 12:59:35,015 :- 00337: 102 , 19.20 , -1.90 || 1706081374, 17.602248120639 , 78.126606499355, 0.01 , 0.01 ,19.53 , 9.58 , 0.29 , -0.58 , 352.86
2024-01-24 12:59:35,045 :- 00338: 105 , 19.20 , -1.90 || 1706081375, 17.602253017297 , 78.126605840352, 0.01 , 0.01 ,19.67 , 9.60 , 0.28 , -0.57 , 353.02
2024-01-24 12:59:35,075 :- 00339: 108 , 19.30 , -1.90 || 1706081375, 17.602253017297 , 78.126605840352, 0.01 , 0.01 ,19.67 , 9.50 , 0.27 , -0.58 , 353.09
2024-01-24 12:59:35,105 :- 00340: 111 , 19.30 , -1.90 || 1706081375, 17.602253017297 , 78.126605840352, 0.01 , 0.01 ,19.67 , 9.50 , 0.25 , -0.60 , 353.25
2024-01-24 12:59:35,135 :- 00341: 114 , 19.30 , -1.90 || 1706081375, 17.602257931936 , 78.126605234810, 0.01 , 0.01 ,19.72 , 9.84 , 0.24 , -0.61 , 353.33
2024-01-24 12:59:35,165 :- 00342: 117 , 19.40 , -1.90 || 1706081375, 17.602257931936 , 78.126605234810, 0.01 , 0.01 ,19.72 , 9.93 , 0.25 , -0.63 , 353.49
2024-01-24 12:59:35,195 :- 00343: 120 , 19.40 , -1.90 || 1706081375, 17.602257931936 , 78.126605234810, 0.01 , 0.01 ,19.72 , 9.90 , 0.26 , -0.64 , 353.56
2024-01-24 12:59:35,225 :- 00344: 123 , 19.40 , -1.90 || 1706081375, 17.602262871693 , 78.126604653648, 0.01 , 0.01 ,19.81 , 9.95 , 0.27 , -0.66 , 353.71
2024-01-24 12:59:35,255 :- 00345: 126 , 19.50 , -1.80 || 1706081375, 17.602262871693 , 78.126604653648, 0.01 , 0.01 ,19.81 , 9.71 , 0.29 , -0.66 , 353.79
2024-01-24 12:59:35,285 :- 00346: 129 , 19.50 , -1.80 || 1706081375, 17.602262871693 , 78.126604653648, 0.01 , 0.01 ,19.81 , 9.84 , 0.32 , -0.67 , 353.93
2024-01-24 12:59:35,315 :- 00347: 132 , 19.50 , -1.80 || 1706081375, 17.602262871693 , 78.126604653648, 0.01 , 0.01 ,19.98 , 9.98 , 0.33 , -0.65 , 354.00
2024-01-24 12:59:35,345 :- 00348: 135 , 19.60 , -1.80 || 1706081375, 17.602267862210 , 78.126604133740, 0.01 , 0.01 ,19.98 , 9.64 , 0.35 , -0.67 , 354.15
2024-01-24 12:59:35,375 :- 00349: 138 , 19.60 , -1.80 || 1706081375, 17.602267862210 , 78.126604133740, 0.01 , 0.01 ,19.98 , 9.95 , 0.35 , -0.66 , 354.22
2024-01-24 12:59:35,405 :- 00350: 141 , 19.60 , -1.80 || 1706081375, 17.602267862210 , 78.126604133740, 0.01 , 0.01 ,19.98 , 10.10 , 0.38 , -0.64 , 354.37
2024-01-24 12:59:35,435 :- 00351: 144 , 19.70 , -1.80 || 1706081375, 17.602272826744 , 78.126603531737, 0.01 , 0.01 ,20.09 , 9.87 , 0.40 , -0.63 , 354.45
2024-01-24 12:59:35,465 :- 00352: 147 , 19.70 , -1.80 || 1706081375, 17.602272826744 , 78.126603531737, 0.01 , 0.01 ,20.09 , 9.60 , 0.44 , -0.62 , 354.60
2024-01-24 12:59:35,495 :- 00353: 150 , 19.70 , -1.80 || 1706081375, 17.602272826744 , 78.126603531737, 0.01 , 0.01 ,20.09 , 10.12 , 0.45 , -0.60 , 354.67
2024-01-24 12:59:35,525 :- 00354: 153 , 19.80 , -1.80 || 1706081375, 17.602277884635 , 78.126603063979, 0.01 , 0.01 ,20.23 , 10.05 , 0.45 , -0.56 , 354.82
2024-01-24 12:59:35,555 :- 00355: 156 , 19.80 , -1.70 || 1706081375, 17.602277884635 , 78.126603063979, 0.01 , 0.01 ,20.23 , 9.70 , 0.45 , -0.55 , 354.89
2024-01-24 12:59:35,585 :- 00356: 159 , 19.90 , -1.70 || 1706081375, 17.602277884635 , 78.126603063979, 0.01 , 0.01 ,20.23 , 9.64 , 0.42 , -0.54 , 355.02
2024-01-24 12:59:35,615 :- 00357: 162 , 19.90 , -1.70 || 1706081375, 17.602277884635 , 78.126603063979, 0.01 , 0.01 ,20.39 , 9.79 , 0.41 , -0.52 , 355.09
2024-01-24 12:59:35,645 :- 00358: 165 , 19.90 , -1.70 || 1706081375, 17.602282983977 , 78.126602609306, 0.01 , 0.01 ,20.39 , 9.94 , 0.41 , -0.48 , 355.22
2024-01-24 12:59:35,675 :- 00359: 168 , 19.90 , -1.70 || 1706081375, 17.602282983977 , 78.126602609306, 0.01 , 0.01 ,20.39 , 9.62 , 0.43 , -0.49 , 355.29
2024-01-24 12:59:35,704 :- 00360: 168 , 19.90 , -1.70 || 1706081375, 17.602282983977 , 78.126602609306, 0.01 , 0.01 ,20.39 , 9.62 , 0.43 , -0.49 , 355.291706081375, 17.602282983977 , 78.126602609306, 0.01 , 0.01 ,20.39 , 9.72 , 0.46 , -0.48 , 355.43
2024-01-24 12:59:35,725 :- 00361: 173 , 20.00 , -1.70 || 1706081375, 17.602288105178 , 78.126602185414, 0.01 , 0.01 ,20.47 , 9.65 , 0.48 , -0.46 , 355.50
2024-01-24 12:59:35,755 :- 00362: 176 , 20.00 , -1.70 || 1706081375, 17.602288105178 , 78.126602185414, 0.01 , 0.01 ,20.47 , 9.69 , 0.49 , -0.45 , 355.57
2024-01-24 12:59:35,785 :- 00363: 179 , 20.10 , -1.60 || 1706081375, 17.602288105178 , 78.126602185414, 0.01 , 0.01 ,20.47 , 9.77 , 0.53 , -0.51 , 355.72
2024-01-24 12:59:35,815 :- 00364: 182 , 20.10 , -1.60 || 1706081375, 17.602288105178 , 78.126602185414, 0.01 , 0.01 ,20.57 , 9.65 , 0.57 , -0.48 , 355.79
2024-01-24 12:59:35,845 :- 00365: 185 , 20.20 , -1.50 || 1706081375, 17.602293255444 , 78.126601815303, 0.01 , 0.01 ,20.57 , 9.47 , 0.64 , -0.49 , 355.93
2024-01-24 12:59:35,875 :- 00366: 188 , 20.20 , -1.40 || 1706081375, 17.602293255444 , 78.126601815303, 0.01 , 0.01 ,20.57 , 9.69 , 0.68 , -0.49 , 355.99
2024-01-24 12:59:35,905 :- 00367: 191 , 20.20 , -1.40 || 1706081375, 17.602293255444 , 78.126601815303, 0.01 , 0.01 ,20.70 , 9.92 , 0.73 , -0.48 , 356.11
2024-01-24 12:59:35,935 :- 00368: 194 , 20.30 , -1.30 || 1706081375, 17.602298443496 , 78.126601512666, 0.01 , 0.01 ,20.70 , 9.71 , 0.75 , -0.49 , 356.17
2024-01-24 12:59:35,965 :- 00369: 197 , 20.30 , -1.20 || 1706081375, 17.602298443496 , 78.126601512666, 0.01 , 0.01 ,20.70 , 9.50 , 0.78 , -0.51 , 356.27
2024-01-24 12:59:35,995 :- 00370: 200 , 20.30 , -1.20 || 1706081375, 17.602298443496 , 78.126601512666, 0.01 , 0.01 ,20.70 , 9.87 , 0.79 , -0.52 , 356.32
2024-01-24 12:59:36,025 :- 00371: 203 , 20.40 , -1.20 || 1706081376, 17.602298443496 , 78.126601512666, 0.01 , 0.01 ,20.79 , 10.02 , 0.80 , -0.53 , 356.43
2024-01-24 12:59:36,055 :- 00372: 206 , 20.40 , -1.20 || 1706081376, 17.602303653951 , 78.126601206174, 0.01 , 0.01 ,20.79 , 9.96 , 0.82 , -0.54 , 356.48
2024-01-24 12:59:36,085 :- 00373: 209 , 20.40 , -1.20 || 1706081376, 17.602303653951 , 78.126601206174, 0.01 , 0.01 ,20.79 , 10.26 , 0.84 , -0.56 , 356.58
2024-01-24 12:59:36,115 :- 00374: 212 , 20.50 , -1.20 || 1706081376, 17.602303653951 , 78.126601206174, 0.01 , 0.01 ,20.88 , 10.09 , 0.84 , -0.57 , 356.63
2024-01-24 12:59:36,145 :- 00375: 215 , 20.50 , -1.10 || 1706081376, 17.602308884325 , 78.126600894132, 0.01 , 0.01 ,20.88 , 9.60 , 0.85 , -0.59 , 356.72
2024-01-24 12:59:36,175 :- 00376: 218 , 20.50 , -1.10 || 1706081376, 17.602308884325 , 78.126600894132, 0.01 , 0.01 ,20.88 , 10.49 , 0.85 , -0.58 , 356.76
2024-01-24 12:59:36,205 :- 00377: 221 , 20.60 , -1.00 || 1706081376, 17.602308884325 , 78.126600894132, 0.01 , 0.01 ,20.88 , 9.96 , 0.85 , -0.58 , 356.84
2024-01-24 12:59:36,235 :- 00378: 224 , 20.70 , -1.00 || 1706081376, 17.602314155262 , 78.126600602840, 0.01 , 0.01 ,21.03 , 9.11 , 0.86 , -0.59 , 356.87
2024-01-24 12:59:36,265 :- 00379: 227 , 20.70 , -1.00 || 1706081376, 17.602314155262 , 78.126600602840, 0.01 , 0.01 ,21.03 , 9.27 , 0.86 , -0.59 , 356.94
2024-01-24 12:59:36,295 :- 00380: 230 , 20.80 , -0.90 || 1706081376, 17.602314155262 , 78.126600602840, 0.01 , 0.01 ,21.03 , 9.79 , 0.87 , -0.60 , 356.97
2024-01-24 12:59:36,325 :- 00381: 233 , 20.80 , -0.90 || 1706081376, 17.602319464440 , 78.126600342220, 0.01 , 0.01 ,21.18 , 9.94 , 0.89 , -0.59 , 357.04
2024-01-24 12:59:36,355 :- 00382: 236 , 20.80 , -0.90 || 1706081376, 17.602319464440 , 78.126600342220, 0.01 , 0.01 ,21.18 , 9.91 , 0.91 , -0.61 , 357.08
2024-01-24 12:59:36,385 :- 00383: 239 , 20.80 , -0.90 || 1706081376, 17.602319464440 , 78.126600342220, 0.01 , 0.01 ,21.18 , 9.80 , 0.93 , -0.61 , 357.16
2024-01-24 12:59:36,415 :- 00384: 242 , 20.80 , -0.90 || 1706081376, 17.602319464440 , 78.126600342220, 0.01 , 0.01 ,21.28 , 9.98 , 0.94 , -0.61 , 357.19
2024-01-24 12:59:36,445 :- 00385: 245 , 20.90 , -0.80 || 1706081376, 17.602324800919 , 78.126600102975, 0.01 , 0.01 ,21.28 , 9.98 , 0.95 , -0.62 , 357.27
2024-01-24 12:59:36,475 :- 00386: 248 , 20.90 , -0.80 || 1706081376, 17.602324800919 , 78.126600102975, 0.01 , 0.01 ,21.28 , 10.05 , 0.95 , -0.61 , 357.30
2024-01-24 12:59:36,505 :- 00387: 251 , 20.90 , -0.80 || 1706081376, 17.602324800919 , 78.126600102975, 0.01 , 0.01 ,21.28 , 10.12 , 0.94 , -0.60 , 357.36
2024-01-24 12:59:36,535 :- 00388: 254 , 21.00 , -0.80 || 1706081376, 17.602330178667 , 78.126599847114, 0.01 , 0.01 ,21.45 , 9.73 , 0.94 , -0.58 , 357.38
2024-01-24 12:59:36,565 :- 00389: 001 , 21.00 , -0.80 || 1706081376, 17.602330178667 , 78.126599847114, 0.01 , 0.01 ,21.45 , 9.82 , 0.94 , -0.56 , 357.44
2024-01-24 12:59:36,595 :- 00390: 004 , 21.10 , -0.80 || 1706081376, 17.602330178667 , 78.126599847114, 0.01 , 0.01 ,21.45 , 9.92 , 0.92 , -0.54 , 357.46
2024-01-24 12:59:36,625 :- 00391: 007 , 21.10 , -0.80 || 1706081376, 17.602335593363 , 78.126599611006, 0.01 , 0.01 ,21.59 , 9.65 , 0.90 , -0.52 , 357.52
2024-01-24 12:59:36,655 :- 00392: 010 , 21.10 , -0.80 || 1706081376, 17.602335593363 , 78.126599611006, 0.01 , 0.01 ,21.59 , 9.72 , 0.89 , -0.53 , 357.55
2024-01-24 12:59:36,685 :- 00393: 013 , 21.10 , -0.80 || 1706081376, 17.602335593363 , 78.126599611006, 0.01 , 0.01 ,21.59 , 9.85 , 0.88 , -0.52 , 357.62
2024-01-24 12:59:36,715 :- 00394: 016 , 21.20 , -0.80 || 1706081376, 17.602335593363 , 78.126599611006, 0.01 , 0.01 ,21.67 , 9.52 , 0.88 , -0.52 , 357.65
2024-01-24 12:59:36,745 :- 00395: 019 , 21.20 , -0.80 || 1706081376, 17.602341026267 , 78.126599363397, 0.01 , 0.01 ,21.67 , 9.54 , 0.88 , -0.56 , 357.72
2024-01-24 12:59:36,775 :- 00396: 022 , 21.30 , -0.80 || 1706081376, 17.602341026267 , 78.126599363397, 0.01 , 0.01 ,21.67 , 9.61 , 0.88 , -0.58 , 357.75
2024-01-24 12:59:36,805 :- 00397: 025 , 21.30 , -0.80 || 1706081376, 17.602341026267 , 78.126599363397, 0.01 , 0.01 ,21.67 , 9.95 , 0.87 , -0.57 , 357.80
2024-01-24 12:59:36,835 :- 00398: 028 , 21.40 , -0.80 || 1706081376, 17.602346468332 , 78.126599148923, 0.01 , 0.01 ,21.70 , 9.79 , 0.85 , -0.60 , 357.82
2024-01-24 12:59:36,865 :- 00399: 031 , 21.40 , -0.70 || 1706081376, 17.602346468332 , 78.126599148923, 0.01 , 0.01 ,21.70 , 9.81 , 0.83 , -0.61 , 357.87
2024-01-24 12:59:36,895 :- 00400: 034 , 21.40 , -0.70 || 1706081376, 17.602346468332 , 78.126599148923, 0.01 , 0.01 ,21.70 , 9.64 , 0.83 , -0.61 , 357.89
2024-01-24 12:59:36,925 :- 00401: 037 , 21.40 , -0.70 || 1706081376, 17.602351959772 , 78.126598962358, 0.01 , 0.01 ,21.89 , 9.75 , 0.85 , -0.61 , 357.95
2024-01-24 12:59:36,955 :- 00402: 040 , 21.50 , -0.70 || 1706081376, 17.602351959772 , 78.126598962358, 0.01 , 0.01 ,21.89 , 10.00 , 0.85 , -0.61 , 357.98
2024-01-24 12:59:36,984 :- 00403: 040 , 21.50 , -0.70 || 1706081376, 17.602351959772 , 78.126598962358, 0.01 , 0.01 ,21.89 , 10.00 , 0.85 , -0.61 , 357.981706081376, 17.602351959772 , 78.126598962358, 0.01 , 0.01 ,21.89 , 9.91 , 0.89 , -0.60 , 358.04
2024-01-24 12:59:37,005 :- 00404: 045 , 21.50 , -0.70 || 1706081376, 17.602351959772 , 78.126598962358, 0.01 , 0.01 ,21.89 , 9.80 , 0.90 , -0.58 , 358.07
2024-01-24 12:59:37,035 :- 00405: 048 , 21.50 , -0.70 || 1706081377, 17.602351959772 , 78.126598962358, 0.01 , 0.01 ,22.05 , 10.01 , 0.91 , -0.59 , 358.10
2024-01-24 12:59:37,065 :- 00406: 051 , 21.60 , -0.70 || 1706081377, 17.602357490407 , 78.126598776657, 0.01 , 0.01 ,22.05 , 10.16 , 0.93 , -0.55 , 358.15
2024-01-24 12:59:37,095 :- 00407: 054 , 21.60 , -0.70 || 1706081377, 17.602357490407 , 78.126598776657, 0.01 , 0.01 ,22.05 , 10.19 , 0.94 , -0.54 , 358.17
2024-01-24 12:59:37,125 :- 00408: 057 , 21.60 , -0.70 || 1706081377, 17.602363049492 , 78.126598630022, 0.01 , 0.01 ,22.16 , 10.20 , 0.95 , -0.51 , 358.22
2024-01-24 12:59:37,155 :- 00409: 060 , 21.70 , -0.60 || 1706081377, 17.602363049492 , 78.126598630022, 0.01 , 0.01 ,22.16 , 9.89 , 0.95 , -0.49 , 358.24
2024-01-24 12:59:37,185 :- 00410: 063 , 21.70 , -0.60 || 1706081377, 17.602363049492 , 78.126598630022, 0.01 , 0.01 ,22.16 , 9.24 , 0.97 , -0.48 , 358.27
2024-01-24 12:59:37,215 :- 00411: 066 , 21.70 , -0.60 || 1706081377, 17.602363049492 , 78.126598630022, 0.01 , 0.01 ,22.25 , 9.75 , 0.98 , -0.46 , 358.30
2024-01-24 12:59:37,245 :- 00412: 069 , 21.80 , -0.60 || 1706081377, 17.602368631130 , 78.126598470206, 0.01 , 0.01 ,22.25 , 9.77 , 0.99 , -0.44 , 358.35
2024-01-24 12:59:37,275 :- 00413: 072 , 21.80 , -0.60 || 1706081377, 17.602368631130 , 78.126598470206, 0.01 , 0.01 ,22.25 , 9.21 , 1.00 , -0.45 , 358.38
2024-01-24 12:59:37,305 :- 00414: 075 , 21.80 , -0.60 || 1706081377, 17.602368631130 , 78.126598470206, 0.01 , 0.01 ,22.20 , 9.20 , 1.03 , -0.47 , 358.43
2024-01-24 12:59:37,335 :- 00415: 078 , 21.80 , -0.60 || 1706081377, 17.602374202107 , 78.126598341724, 0.01 , 0.01 ,22.20 , 9.93 , 1.04 , -0.47 , 358.46
2024-01-24 12:59:37,365 :- 00416: 081 , 21.80 , -0.60 || 1706081377, 17.602374202107 , 78.126598341724, 0.01 , 0.01 ,22.20 , 9.76 , 1.07 , -0.49 , 358.51
2024-01-24 12:59:37,395 :- 00417: 084 , 21.90 , -0.60 || 1706081377, 17.602374202107 , 78.126598341724, 0.01 , 0.01 ,22.20 , 9.49 , 1.08 , -0.50 , 358.53
2024-01-24 12:59:37,425 :- 00418: 087 , 21.90 , -0.60 || 1706081377, 17.602379789890 , 78.126598220645, 0.01 , 0.01 ,22.27 , 9.90 , 1.08 , -0.54 , 358.57
2024-01-24 12:59:37,455 :- 00419: 090 , 21.80 , -0.50 || 1706081377, 17.602379789890 , 78.126598220645, 0.01 , 0.01 ,22.27 , 10.00 , 1.08 , -0.53 , 358.59
2024-01-24 12:59:37,485 :- 00420: 093 , 21.90 , -0.50 || 1706081377, 17.602379789890 , 78.126598220645, 0.01 , 0.01 ,22.27 , 10.08 , 1.08 , -0.55 , 358.62
2024-01-24 12:59:37,515 :- 00421: 096 , 21.90 , -0.50 || 1706081377, 17.602379789890 , 78.126598220645, 0.01 , 0.01 ,22.32 , 10.16 , 1.09 , -0.55 , 358.64
2024-01-24 12:59:37,545 :- 00422: 099 , 21.90 , -0.50 || 1706081377, 17.602385391648 , 78.126598110395, 0.01 , 0.01 ,22.32 , 10.27 , 1.10 , -0.53 , 358.69
2024-01-24 12:59:37,575 :- 00423: 102 , 21.90 , -0.50 || 1706081377, 17.602385391648 , 78.126598110395, 0.01 , 0.01 ,22.32 , 10.07 , 1.11 , -0.52 , 358.72
2024-01-24 12:59:37,605 :- 00424: 105 , 21.90 , -0.50 || 1706081377, 17.602385391648 , 78.126598110395, 0.01 , 0.01 ,22.41 , 9.97 , 1.15 , -0.49 , 358.76
2024-01-24 12:59:37,635 :- 00425: 108 , 21.90 , -0.40 || 1706081377, 17.602391013515 , 78.126597982628, 0.01 , 0.01 ,22.41 , 10.13 , 1.17 , -0.47 , 358.78
2024-01-24 12:59:37,665 :- 00426: 111 , 21.90 , -0.40 || 1706081377, 17.602391013515 , 78.126597982628, 0.01 , 0.01 ,22.41 , 9.73 , 1.20 , -0.44 , 358.81
2024-01-24 12:59:37,695 :- 00427: 114 , 22.00 , -0.40 || 1706081377, 17.602391013515 , 78.126597982628, 0.01 , 0.01 ,22.41 , 9.63 , 1.22 , -0.42 , 358.83
2024-01-24 12:59:37,725 :- 00428: 117 , 22.00 , -0.30 || 1706081377, 17.602396643725 , 78.126597916636, 0.01 , 0.01 ,22.44 , 9.71 , 1.28 , -0.40 , 358.85
2024-01-24 12:59:37,755 :- 00429: 120 , 22.00 , -0.30 || 1706081377, 17.602396643725 , 78.126597916636, 0.01 , 0.01 ,22.44 , 9.21 , 1.31 , -0.40 , 358.86
2024-01-24 12:59:37,785 :- 00430: 123 , 22.00 , -0.30 || 1706081377, 17.602396643725 , 78.126597916636, 0.01 , 0.01 ,22.44 , 9.74 , 1.36 , -0.38 , 358.88
2024-01-24 12:59:37,815 :- 00431: 126 , 22.00 , -0.20 || 1706081377, 17.602396643725 , 78.126597916636, 0.01 , 0.01 ,22.43 , 9.73 , 1.39 , -0.40 , 358.90
2024-01-24 12:59:37,845 :- 00432: 129 , 22.00 , -0.20 || 1706081377, 17.602402271622 , 78.126597860487, 0.01 , 0.01 ,22.43 , 9.54 , 1.46 , -0.41 , 358.92
2024-01-24 12:59:37,875 :- 00433: 132 , 22.00 , -0.20 || 1706081377, 17.602402271622 , 78.126597860487, 0.01 , 0.01 ,22.43 , 9.70 , 1.50 , -0.44 , 358.94
2024-01-24 12:59:37,905 :- 00434: 135 , 22.00 , -0.20 || 1706081377, 17.602402271622 , 78.126597860487, 0.01 , 0.01 ,22.43 , 9.67 , 1.54 , -0.44 , 358.96
2024-01-24 12:59:37,935 :- 00435: 138 , 22.00 , -0.20 || 1706081377, 17.602407889622 , 78.126597819061, 0.01 , 0.01 ,22.39 , 9.74 , 1.57 , -0.46 , 358.97
2024-01-24 12:59:37,965 :- 00436: 141 , 22.00 , -0.20 || 1706081377, 17.602407889622 , 78.126597819061, 0.01 , 0.01 ,22.39 , 9.93 , 1.58 , -0.49 , 358.98
2024-01-24 12:59:37,995 :- 00437: 144 , 22.00 , -0.20 || 1706081377, 17.602407889622 , 78.126597819061, 0.01 , 0.01 ,22.39 , 10.03 , 1.58 , -0.50 , 358.98
2024-01-24 12:59:38,025 :- 00438: 147 , 22.00 , -0.20 || 1706081378, 17.602407889622 , 78.126597819061, 0.01 , 0.01 ,22.42 , 9.97 , 1.60 , -0.49 , 358.97
2024-01-24 12:59:38,055 :- 00439: 150 , 22.00 , -0.20 || 1706081378, 17.602413514563 , 78.126597742626, 0.01 , 0.01 ,22.42 , 9.85 , 1.61 , -0.46 , 358.97
2024-01-24 12:59:38,085 :- 00440: 153 , 22.00 , -0.20 || 1706081378, 17.602413514563 , 78.126597742626, 0.01 , 0.01 ,22.42 , 9.93 , 1.60 , -0.46 , 358.97
2024-01-24 12:59:38,115 :- 00441: 156 , 22.00 , -0.10 || 1706081378, 17.602413514563 , 78.126597742626, 0.01 , 0.01 ,22.48 , 9.97 , 1.61 , -0.42 , 358.97
2024-01-24 12:59:38,145 :- 00442: 159 , 21.90 , -0.10 || 1706081378, 17.602419154901 , 78.126597673664, 0.01 , 0.01 ,22.48 , 9.83 , 1.63 , -0.39 , 358.98
2024-01-24 12:59:38,175 :- 00443: 162 , 21.90 , -0.10 || 1706081378, 17.602419154901 , 78.126597673664, 0.01 , 0.01 ,22.48 , 10.06 , 1.65 , -0.37 , 358.98
2024-01-24 12:59:38,205 :- 00444: 165 , 21.90 , -0.10 || 1706081378, 17.602419154901 , 78.126597673664, 0.01 , 0.01 ,22.48 , 9.94 , 1.69 , -0.32 , 358.99
2024-01-24 12:59:38,235 :- 00445: 168 , 21.90 , -0.10 || 1706081378, 17.602424794684 , 78.126597596584, 0.01 , 0.01 ,22.47 , 10.07 , 1.71 , -0.29 , 358.99
2024-01-24 12:59:38,264 :- 00446: 168 , 21.90 , -0.10 || 1706081378, 17.602424794684 , 78.126597596584, 0.01 , 0.01 ,22.47 , 10.07 , 1.71 , -0.29 , 358.991706081378, 17.602424794684 , 78.126597596584, 0.01 , 0.01 ,22.47 , 9.66 , 1.75 , -0.28 , 358.99
2024-01-24 12:59:38,285 :- 00447: 173 , 22.00 , -0.10 || 1706081378, 17.602424794684 , 78.126597596584, 0.01 , 0.01 ,22.47 , 9.81 , 1.76 , -0.24 , 358.98
2024-01-24 12:59:38,315 :- 00448: 176 , 22.00 , -0.10 || 1706081378, 17.602424794684 , 78.126597596584, 0.01 , 0.01 ,22.49 , 9.75 , 1.76 , -0.23 , 358.98
2024-01-24 12:59:38,345 :- 00449: 179 , 21.90 , -0.10 || 1706081378, 17.602430439105 , 78.126597552069, 0.01 , 0.01 ,22.49 , 9.80 , 1.77 , -0.19 , 358.98
2024-01-24 12:59:38,375 :- 00450: 182 , 22.00 , -0.10 || 1706081378, 17.602430439105 , 78.126597552069, 0.01 , 0.01 ,22.49 , 9.37 , 1.77 , -0.18 , 358.98
2024-01-24 12:59:38,405 :- 00451: 185 , 22.00 , -0.10 || 1706081378, 17.602430439105 , 78.126597552069, 0.01 , 0.01 ,22.49 , 8.85 , 1.76 , -0.18 , 358.99
2024-01-24 12:59:38,435 :- 00452: 188 , 22.00 , -0.10 || 1706081378, 17.602436057597 , 78.126597473479, 0.01 , 0.01 ,22.39 , 9.53 , 1.76 , -0.16 , 358.99
2024-01-24 12:59:38,465 :- 00453: 191 , 21.90 , -0.10 || 1706081378, 17.602436057597 , 78.126597473479, 0.01 , 0.01 ,22.39 , 9.84 , 1.73 , -0.17 , 359.00
2024-01-24 12:59:38,495 :- 00454: 194 , 21.90 , -0.10 || 1706081378, 17.602436057597 , 78.126597473479, 0.01 , 0.01 ,22.39 , 9.81 , 1.71 , -0.18 , 359.01
2024-01-24 12:59:38,525 :- 00455: 197 , 21.90 , -0.10 || 1706081378, 17.602441654478 , 78.126597367308, 0.01 , 0.01 ,22.31 , 9.86 , 1.68 , -0.17 , 359.01
2024-01-24 12:59:38,555 :- 00456: 200 , 21.80 , -0.10 || 1706081378, 17.602441654478 , 78.126597367308, 0.01 , 0.01 ,22.31 , 10.21 , 1.67 , -0.18 , 359.01
2024-01-24 12:59:38,585 :- 00457: 203 , 21.80 , -0.10 || 1706081378, 17.602441654478 , 78.126597367308, 0.01 , 0.01 ,22.31 , 9.81 , 1.64 , -0.18 , 359.01
2024-01-24 12:59:38,615 :- 00458: 206 , 21.80 , -0.10 || 1706081378, 17.602441654478 , 78.126597367308, 0.01 , 0.01 ,22.15 , 9.63 , 1.62 , -0.18 , 359.01
2024-01-24 12:59:38,645 :- 00459: 209 , 21.70 , -0.10 || 1706081378, 17.602447212171 , 78.126597268900, 0.01 , 0.01 ,22.15 , 10.14 , 1.59 , -0.17 , 359.00
2024-01-24 12:59:38,675 :- 00460: 212 , 21.70 , -0.10 || 1706081378, 17.602447212171 , 78.126597268900, 0.01 , 0.01 ,22.15 , 10.09 , 1.58 , -0.16 , 359.00
2024-01-24 12:59:38,705 :- 00461: 215 , 21.70 , -0.10 || 1706081378, 17.602447212171 , 78.126597268900, 0.01 , 0.01 ,22.15 , 9.97 , 1.57 , -0.13 , 359.01
2024-01-24 12:59:38,735 :- 00462: 218 , 21.60 , -0.10 || 1706081378, 17.602452764015 , 78.126597162176, 0.01 , 0.01 ,22.13 , 9.55 , 1.56 , -0.12 , 359.01
2024-01-24 12:59:38,765 :- 00463: 221 , 21.60 , -0.10 || 1706081378, 17.602452764015 , 78.126597162176, 0.01 , 0.01 ,22.13 , 9.89 , 1.55 , -0.08 , 359.02
2024-01-24 12:59:38,795 :- 00464: 224 , 21.60 , -0.10 || 1706081378, 17.602452764015 , 78.126597162176, 0.01 , 0.01 ,22.13 , 9.82 , 1.54 , -0.07 , 359.02
2024-01-24 12:59:38,825 :- 00465: 227 , 21.60 , -0.10 || 1706081378, 17.602458293380 , 78.126597079256, 0.01 , 0.01 ,22.03 , 9.61 , 1.53 , -0.08 , 359.03
2024-01-24 12:59:38,855 :- 00466: 230 , 21.50 , -0.10 || 1706081378, 17.602458293380 , 78.126597079256, 0.01 , 0.01 ,22.03 , 9.71 , 1.52 , -0.07 , 359.03
2024-01-24 12:59:38,885 :- 00467: 233 , 21.50 , -0.10 || 1706081378, 17.602458293380 , 78.126597079256, 0.01 , 0.01 ,22.03 , 9.77 , 1.50 , -0.08 , 359.04
2024-01-24 12:59:38,915 :- 00468: 236 , 21.50 , -0.10 || 1706081378, 17.602458293380 , 78.126597079256, 0.01 , 0.01 ,21.85 , 9.96 , 1.49 , -0.07 , 359.03
2024-01-24 12:59:38,945 :- 00469: 239 , 21.40 , -0.10 || 1706081378, 17.602463776391 , 78.126596982078, 0.01 , 0.01 ,21.85 , 9.98 , 1.46 , -0.07 , 359.03
2024-01-24 12:59:38,975 :- 00470: 242 , 21.40 , -0.10 || 1706081378, 17.602463776391 , 78.126596982078, 0.01 , 0.01 ,21.85 , 9.67 , 1.45 , -0.06 , 359.03
2024-01-24 12:59:39,005 :- 00471: 245 , 21.30 , -0.10 || 1706081379, 17.602463776391 , 78.126596982078, 0.01 , 0.01 ,21.85 , 9.77 , 1.44 , -0.04 , 359.03
2024-01-24 12:59:39,035 :- 00472: 248 , 21.30 , -0.10 || 1706081379, 17.602469225484 , 78.126596887870, 0.01 , 0.01 ,21.72 , 9.91 , 1.42 , -0.04 , 359.03
2024-01-24 12:59:39,065 :- 00473: 251 , 21.20 , -0.10 || 1706081379, 17.602469225484 , 78.126596887870, 0.01 , 0.01 ,21.72 , 9.42 , 1.42 , -0.03 , 359.04
2024-01-24 12:59:39,095 :- 00474: 254 , 21.20 , -0.10 || 1706081379, 17.602469225484 , 78.126596887870, 0.01 , 0.01 ,21.72 , 9.43 , 1.41 , -0.02 , 359.04
2024-01-24 12:59:39,125 :- 00475: 001 , 21.20 , -0.10 || 1706081379, 17.602474640857 , 78.126596794125, 0.01 , 0.01 ,21.58 , 9.90 , 1.41 , -0.03 , 359.05
2024-01-24 12:59:39,155 :- 00476: 004 , 21.10 , -0.10 || 1706081379, 17.602474640857 , 78.126596794125, 0.01 , 0.01 ,21.58 , 9.80 , 1.41 , -0.02 , 359.06
2024-01-24 12:59:39,185 :- 00477: 007 , 21.10 , -0.10 || 1706081379, 17.602474640857 , 78.126596794125, 0.01 , 0.01 ,21.58 , 9.87 , 1.40 , -0.04 , 359.05
2024-01-24 12:59:39,215 :- 00478: 010 , 21.00 , -0.10 || 1706081379, 17.602474640857 , 78.126596794125, 0.01 , 0.01 ,21.36 , 9.80 , 1.39 , -0.06 , 359.05
2024-01-24 12:59:39,245 :- 00479: 013 , 21.00 , -0.10 || 1706081379, 17.602480000762 , 78.126596732464, 0.01 , 0.01 ,21.36 , 9.97 , 1.37 , -0.05 , 359.05
2024-01-24 12:59:39,275 :- 00480: 016 , 20.90 , -0.10 || 1706081379, 17.602480000762 , 78.126596732464, 0.01 , 0.01 ,21.36 , 10.14 , 1.36 , -0.07 , 359.05
2024-01-24 12:59:39,305 :- 00481: 019 , 20.90 , -0.10 || 1706081379, 17.602480000762 , 78.126596732464, 0.01 , 0.01 ,21.36 , 9.71 , 1.33 , -0.07 , 359.05
2024-01-24 12:59:39,335 :- 00482: 022 , 20.80 , -0.10 || 1706081379, 17.602485350106 , 78.126596676843, 0.01 , 0.01 ,21.20 , 9.81 , 1.33 , -0.07 , 359.05
2024-01-24 12:59:39,365 :- 00483: 025 , 20.80 , -0.10 || 1706081379, 17.602485350106 , 78.126596676843, 0.01 , 0.01 ,21.20 , 9.89 , 1.34 , -0.07 , 359.06
2024-01-24 12:59:39,395 :- 00484: 028 , 20.70 , -0.10 || 1706081379, 17.602485350106 , 78.126596676843, 0.01 , 0.01 ,21.20 , 9.66 , 1.34 , -0.06 , 359.07
2024-01-24 12:59:39,425 :- 00485: 031 , 20.70 , -0.10 || 1706081379, 17.602490629244 , 78.126596603564, 0.01 , 0.01 ,21.04 , 9.84 , 1.33 , -0.09 , 359.08
2024-01-24 12:59:39,455 :- 00486: 034 , 20.70 , -0.10 || 1706081379, 17.602490629244 , 78.126596603564, 0.01 , 0.01 ,21.04 , 9.61 , 1.32 , -0.09 , 359.08
2024-01-24 12:59:39,485 :- 00487: 037 , 20.60 , -0.10 || 1706081379, 17.602490629244 , 78.126596603564, 0.01 , 0.01 ,21.04 , 9.75 , 1.29 , -0.11 , 359.08
2024-01-24 12:59:39,515 :- 00488: 040 , 20.50 , -0.10 || 1706081379, 17.602490629244 , 78.126596603564, 0.01 , 0.01 ,20.86 , 9.97 , 1.26 , -0.14 , 359.08
2024-01-24 12:59:39,544 :- 00489: 040 , 20.50 , -0.10 || 1706081379, 17.602490629244 , 78.126596603564, 0.01 , 0.01 ,20.86 , 9.97 , 1.26 , -0.14 , 359.081706081379, 17.602495864535 , 78.126596513619, 0.01 , 0.01 ,20.86 , 9.73 , 1.23 , -0.14 , 359.07
2024-01-24 12:59:39,565 :- 00490: 045 , 20.50 , -0.10 || 1706081379, 17.602495864535 , 78.126596513619, 0.01 , 0.01 ,20.86 , 9.71 , 1.23 , -0.16 , 359.07
2024-01-24 12:59:39,595 :- 00491: 048 , 20.40 , -0.00 || 1706081379, 17.602495864535 , 78.126596513619, 0.01 , 0.01 ,20.86 , 10.09 , 1.21 , -0.16 , 359.07
2024-01-24 12:59:39,625 :- 00492: 051 , 20.30 , -0.00 || 1706081379, 17.602501063174 , 78.126596423217, 0.01 , 0.01 ,20.72 , 10.15 , 1.19 , -0.15 , 359.07
2024-01-24 12:59:39,655 :- 00493: 054 , 20.30 , 00.00 || 1706081379, 17.602501063174 , 78.126596423217, 0.01 , 0.01 ,20.72 , 9.89 , 1.18 , -0.13 , 359.07
2024-01-24 12:59:39,685 :- 00494: 057 , 20.20 , 00.00 || 1706081379, 17.602501063174 , 78.126596423217, 0.01 , 0.01 ,20.72 , 9.68 , 1.19 , -0.14 , 359.07
2024-01-24 12:59:39,715 :- 00495: 060 , 20.20 , 00.00 || 1706081379, 17.602501063174 , 78.126596423217, 0.01 , 0.01 ,20.57 , 9.75 , 1.19 , -0.11 , 359.08
2024-01-24 12:59:39,745 :- 00496: 063 , 20.10 , 00.00 || 1706081379, 17.602506223999 , 78.126596344013, 0.01 , 0.01 ,20.57 , 9.96 , 1.20 , -0.09 , 359.08
2024-01-24 12:59:39,775 :- 00497: 066 , 20.10 , 00.00 || 1706081379, 17.602506223999 , 78.126596344013, 0.01 , 0.01 ,20.57 , 9.58 , 1.20 , -0.10 , 359.07
2024-01-24 12:59:39,805 :- 00498: 069 , 20.10 , 00.00 || 1706081379, 17.602506223999 , 78.126596344013, 0.01 , 0.01 ,20.57 , 9.96 , 1.19 , -0.12 , 359.06
2024-01-24 12:59:39,835 :- 00499: 072 , 20.00 , 00.00 || 1706081379, 17.602511336259 , 78.126596274126, 0.01 , 0.01 ,20.37 , 9.86 , 1.17 , -0.12 , 359.05
2024-01-24 12:59:39,865 :- 00500: 075 , 20.00 , 00.00 || 1706081379, 17.602511336259 , 78.126596274126, 0.01 , 0.01 ,20.37 , 9.30 , 1.15 , -0.16 , 359.03
2024-01-24 12:59:39,895 :- 00501: 078 , 19.90 , 00.00 || 1706081379, 17.602511336259 , 78.126596274126, 0.01 , 0.01 ,20.37 , 9.65 , 1.12 , -0.18 , 359.02
2024-01-24 12:59:39,925 :- 00502: 081 , 19.90 , 00.00 || 1706081379, 17.602516414114 , 78.126596187463, 0.01 , 0.01 ,20.24 , 10.10 , 1.08 , -0.22 , 359.00
2024-01-24 12:59:39,955 :- 00503: 084 , 19.90 , 00.00 || 1706081379, 17.602516414114 , 78.126596187463, 0.01 , 0.01 ,20.24 , 9.34 , 1.08 , -0.24 , 359.00
2024-01-24 12:59:39,985 :- 00504: 087 , 19.90 , 00.00 || 1706081379, 17.602516414114 , 78.126596187463, 0.01 , 0.01 ,20.24 , 9.48 , 1.10 , -0.33 , 358.99
2024-01-24 12:59:40,015 :- 00505: 090 , 19.90 , 00.00 || 1706081380, 17.602516414114 , 78.126596187463, 0.01 , 0.01 ,20.24 , 10.13 , 1.11 , -0.35 , 358.99
2024-01-24 12:59:40,045 :- 00506: 093 , 19.80 , 00.00 || 1706081380, 17.602521441163 , 78.126596101347, 0.01 , 0.01 ,20.03 , 9.73 , 1.13 , -0.39 , 358.99
2024-01-24 12:59:40,075 :- 00507: 096 , 19.80 , 00.00 || 1706081380, 17.602521441163 , 78.126596101347, 0.01 , 0.01 ,20.03 , 9.68 , 1.14 , -0.45 , 358.98
2024-01-24 12:59:40,105 :- 00508: 099 , 19.80 , 00.00 || 1706081380, 17.602521441163 , 78.126596101347, 0.01 , 0.01 ,20.09 , 9.85 , 1.12 , -0.47 , 358.97
2024-01-24 12:59:40,135 :- 00509: 102 , 19.80 , 00.00 || 1706081380, 17.602526481267 , 78.126596024477, 0.01 , 0.01 ,20.09 , 10.48 , 1.11 , -0.48 , 358.96
2024-01-24 12:59:40,165 :- 00510: 105 , 19.80 , 00.00 || 1706081380, 17.602526481267 , 78.126596024477, 0.01 , 0.01 ,20.09 , 9.88 , 1.10 , -0.51 , 358.93
2024-01-24 12:59:40,195 :- 00511: 108 , 19.70 , 00.00 || 1706081380, 17.602526481267 , 78.126596024477, 0.01 , 0.01 ,20.09 , 10.08 , 1.09 , -0.52 , 358.92
2024-01-24 12:59:40,225 :- 00512: 111 , 19.70 , 00.00 || 1706081380, 17.602531536008 , 78.126595939448, 0.01 , 0.01 ,20.14 , 10.29 , 1.08 , -0.49 , 358.91
2024-01-24 12:59:40,255 :- 00513: 114 , 19.70 , 00.00 || 1706081380, 17.602531536008 , 78.126595939448, 0.01 , 0.01 ,20.14 , 9.76 , 1.08 , -0.46 , 358.90
2024-01-24 12:59:40,285 :- 00514: 117 , 19.70 , 00.00 || 1706081380, 17.602531536008 , 78.126595939448, 0.01 , 0.01 ,20.14 , 9.87 , 1.07 , -0.48 , 358.89
2024-01-24 12:59:40,315 :- 00515: 120 , 19.70 , 00.00 || 1706081380, 17.602531536008 , 78.126595939448, 0.01 , 0.01 ,20.14 , 10.39 , 1.06 , -0.45 , 358.88
2024-01-24 12:59:40,345 :- 00516: 123 , 19.70 , 00.00 || 1706081380, 17.602536588898 , 78.126595844242, 0.01 , 0.01 ,20.14 , 10.09 , 1.07 , -0.40 , 358.88
2024-01-24 12:59:40,375 :- 00517: 126 , 19.70 , 00.00 || 1706081380, 17.602536588898 , 78.126595844242, 0.01 , 0.01 ,20.14 , 9.59 , 1.07 , -0.41 , 358.87
2024-01-24 12:59:40,405 :- 00518: 129 , 19.70 , 00.00 || 1706081380, 17.602536588898 , 78.126595844242, 0.01 , 0.01 ,20.14 , 9.74 , 1.07 , -0.40 , 358.86
2024-01-24 12:59:40,435 :- 00519: 132 , 19.70 , 00.00 || 1706081380, 17.602541618408 , 78.126595753531, 0.01 , 0.01 ,20.04 , 9.56 , 1.09 , -0.40 , 358.86
2024-01-24 12:59:40,465 :- 00520: 135 , 19.70 , 00.00 || 1706081380, 17.602541618408 , 78.126595753531, 0.01 , 0.01 ,20.04 , 9.30 , 1.12 , -0.42 , 358.83
2024-01-24 12:59:40,495 :- 00521: 138 , 19.60 , 00.00 || 1706081380, 17.602541618408 , 78.126595753531, 0.01 , 0.01 ,20.04 , 9.39 , 1.12 , -0.46 , 358.82
2024-01-24 12:59:40,525 :- 00522: 141 , 19.60 , 00.00 || 1706081380, 17.602546610040 , 78.126595680772, 0.01 , 0.01 ,19.89 , 9.60 , 1.06 , -0.50 , 358.80
2024-01-24 12:59:40,555 :- 00523: 144 , 19.60 , 00.00 || 1706081380, 17.602546610040 , 78.126595680772, 0.01 , 0.01 ,19.89 , 9.47 , 1.03 , -0.54 , 358.79
2024-01-24 12:59:40,585 :- 00524: 147 , 19.60 , 00.00 || 1706081380, 17.602546610040 , 78.126595680772, 0.01 , 0.01 ,19.89 , 9.49 , 0.97 , -0.61 , 358.78
2024-01-24 12:59:40,615 :- 00525: 150 , 19.50 , 00.00 || 1706081380, 17.602546610040 , 78.126595680772, 0.01 , 0.01 ,19.77 , 10.25 , 0.95 , -0.63 , 358.77
2024-01-24 12:59:40,645 :- 00526: 153 , 19.50 , 00.00 || 1706081380, 17.602551570456 , 78.126595540875, 0.01 , 0.01 ,19.77 , 10.07 , 0.93 , -0.69 , 358.77
2024-01-24 12:59:40,675 :- 00527: 156 , 19.50 , 00.00 || 1706081380, 17.602551570456 , 78.126595540875, 0.01 , 0.01 ,19.77 , 9.59 , 0.93 , -0.72 , 358.76
2024-01-24 12:59:40,705 :- 00528: 159 , 19.50 , 00.00 || 1706081380, 17.602551570456 , 78.126595540875, 0.01 , 0.01 ,19.81 , 10.07 , 0.90 , -0.72 , 358.75
2024-01-24 12:59:40,735 :- 00529: 162 , 19.50 , 00.00 || 1706081380, 17.602556540136 , 78.126595421771, 0.01 , 0.01 ,19.81 , 10.59 , 0.89 , -0.72 , 358.75
2024-01-24 12:59:40,765 :- 00530: 165 , 19.50 , 00.00 || 1706081380, 17.602556540136 , 78.126595421771, 0.01 , 0.01 ,19.81 , 10.18 , 0.90 , -0.69 , 358.73
2024-01-24 12:59:40,795 :- 00531: 168 , 19.40 , 00.00 || 1706081380, 17.602556540136 , 78.126595421771, 0.01 , 0.01 ,19.81 , 10.21 , 0.89 , -0.65 , 358.72
2024-01-24 12:59:40,824 :- 00532: 168 , 19.40 , 00.00 || 1706081380, 17.602556540136 , 78.126595421771, 0.01 , 0.01 ,19.81 , 10.21 , 0.89 , -0.65 , 358.721706081380, 17.602561541689 , 78.126595320833, 0.01 , 0.01 ,19.93 , 10.46 , 0.85 , -0.58 , 358.70
2024-01-24 12:59:40,845 :- 00533: 173 , 19.40 , 00.00 || 1706081380, 17.602561541689 , 78.126595320833, 0.01 , 0.01 ,19.93 , 10.31 , 0.85 , -0.53 , 358.69
2024-01-24 12:59:40,875 :- 00534: 176 , 19.40 , 00.00 || 1706081380, 17.602561541689 , 78.126595320833, 0.01 , 0.01 ,19.93 , 10.20 , 0.84 , -0.48 , 358.68
2024-01-24 12:59:40,905 :- 00535: 179 , 19.40 , 00.00 || 1706081380, 17.602561541689 , 78.126595320833, 0.01 , 0.01 ,19.97 , 10.04 , 0.82 , -0.37 , 358.66
