2024-02-16 12:31:11,824 :- 00001: Feedback Code Starting
2024-02-16 12:31:11,849 :- 00002: 113 , 20.00 , -0.10 || 1708066871, 17.601658326186 , 78.126609520197, 0.00 , 0.01 ,25.94 , 9.51 , 1.18 , -0.14 , 359.38
2024-02-16 12:31:11,879 :- 00003: 116 , 20.00 , -0.10 || 1708066871, 17.601658326186 , 78.126609520197, 0.00 , 0.01 ,25.94 , 10.13 , 1.16 , -0.12 , 359.37
2024-02-16 12:31:11,909 :- 00004: 119 , 20.00 , -0.10 || 1708066871, 17.601664881526 , 78.126609409146, 0.00 , 0.01 ,26.17 , 9.15 , 1.13 , -0.09 , 359.36
2024-02-16 12:31:11,939 :- 00005: 122 , 20.00 , -0.10 || 1708066871, 17.601664881526 , 78.126609409146, 0.00 , 0.01 ,26.17 , 9.86 , 1.13 , -0.04 , 359.36
2024-02-16 12:31:11,969 :- 00006: 125 , 20.00 , -0.10 || 1708066871, 17.601664881526 , 78.126609409146, 0.00 , 0.01 ,26.17 , 9.77 , 1.12 , -0.03 , 359.36
2024-02-16 12:31:11,999 :- 00007: 128 , 20.00 , -0.10 || 1708066871, 17.601664881526 , 78.126609409146, 0.00 , 0.01 ,26.17 , 9.73 , 1.13 , -0.01 , 359.35
2024-02-16 12:31:12,029 :- 00008: 131 , 20.00 , -0.10 || 1708066872, 17.601671483282 , 78.126609285224, 0.00 , 0.01 ,26.36 , 9.72 , 1.13 , 0.00 , 359.35
2024-02-16 12:31:12,059 :- 00009: 134 , 20.00 , -0.10 || 1708066872, 17.601671483282 , 78.126609285224, 0.00 , 0.01 ,26.36 , 9.95 , 1.16 , 0.05 , 359.35
2024-02-16 12:31:12,090 :- 00010: 137 , 20.00 , -0.10 || 1708066872, 17.601671483282 , 78.126609285224, 0.01 , 0.01 ,26.47 , 9.32 , 1.14 , 0.05 , 359.35
2024-02-16 12:31:12,119 :- 00011: 140 , 20.00 , -0.10 || 1708066872, 17.601678117230 , 78.126609186583, 0.01 , 0.01 ,26.47 , 9.35 , 1.16 , 0.07 , 359.35
2024-02-16 12:31:12,149 :- 00012: 143 , 20.00 , -0.20 || 1708066872, 17.601678117230 , 78.126609186583, 0.01 , 0.01 ,26.47 , 10.53 , 1.18 , 0.08 , 359.35
2024-02-16 12:31:12,179 :- 00013: 146 , 20.00 , -0.20 || 1708066872, 17.601678117230 , 78.126609186583, 0.01 , 0.01 ,26.47 , 9.34 , 1.17 , 0.06 , 359.35
2024-02-16 12:31:12,209 :- 00014: 149 , 20.00 , -0.20 || 1708066872, 17.601684785393 , 78.126609087987, 0.01 , 0.01 ,26.59 , 9.45 , 1.16 , 0.08 , 359.35
2024-02-16 12:31:12,239 :- 00015: 152 , 20.00 , -0.20 || 1708066872, 17.601684785393 , 78.126609087987, 0.01 , 0.01 ,26.59 , 9.96 , 1.17 , 0.04 , 359.36
2024-02-16 12:31:12,269 :- 00016: 155 , 20.00 , -0.20 || 1708066872, 17.601684785393 , 78.126609087987, 0.01 , 0.01 ,26.59 , 9.47 , 1.16 , 0.03 , 359.36
2024-02-16 12:31:12,299 :- 00017: 158 , 20.00 , -0.20 || 1708066872, 17.601691488291 , 78.126608994832, 0.01 , 0.01 ,26.69 , 9.61 , 1.18 , 0.01 , 359.37
2024-02-16 12:31:12,329 :- 00018: 158 , 20.00 , -0.20 || 1708066872, 17.601691488291 , 78.126608994832, 0.01 , 0.01 ,26.69 , 9.61 , 1.18 , 0.01 , 359.371708066872, 17.601691488291 , 78.126608994832, 0.01 , 0.01 ,26.69 , 10.54 , 1.20 , -0.01 , 359.37
2024-02-16 12:31:12,359 :- 00019: 164 , 20.00 , -0.20 || 1708066872, 17.601691488291 , 78.126608994832, 0.01 , 0.01 ,26.69 , 9.35 , 1.18 , -0.03 , 359.38
2024-02-16 12:31:12,389 :- 00020: 167 , 20.00 , -0.20 || 1708066872, 17.601691488291 , 78.126608994832, 0.01 , 0.01 ,26.83 , 9.93 , 1.18 , -0.05 , 359.38
2024-02-16 12:31:12,419 :- 00021: 170 , 20.00 , -0.20 || 1708066872, 17.601698210896 , 78.126608902292, 0.01 , 0.01 ,26.83 , 10.07 , 1.21 , -0.07 , 359.40
2024-02-16 12:31:12,449 :- 00022: 173 , 20.00 , -0.20 || 1708066872, 17.601698210896 , 78.126608902292, 0.01 , 0.01 ,26.83 , 10.33 , 1.20 , -0.09 , 359.40
2024-02-16 12:31:12,479 :- 00023: 176 , 20.00 , -0.20 || 1708066872, 17.601698210896 , 78.126608902292, 0.01 , 0.01 ,26.83 , 9.50 , 1.19 , -0.10 , 359.41
2024-02-16 12:31:12,509 :- 00024: 179 , 20.00 , -0.20 || 1708066872, 17.601704959504 , 78.126608809725, 0.01 , 0.01 ,26.90 , 10.15 , 1.24 , -0.09 , 359.42
2024-02-16 12:31:12,540 :- 00025: 182 , 20.00 , -0.20 || 1708066872, 17.601704959504 , 78.126608809725, 0.01 , 0.01 ,26.90 , 10.27 , 1.27 , -0.12 , 359.44
2024-02-16 12:31:12,569 :- 00026: 185 , 20.00 , -0.20 || 1708066872, 17.601704959504 , 78.126608809725, 0.01 , 0.01 ,26.90 , 10.00 , 1.29 , -0.10 , 359.45
2024-02-16 12:31:12,599 :- 00027: 188 , 20.00 , -0.20 || 1708066872, 17.601711745714 , 78.126608722019, 0.01 , 0.01 ,27.09 , 9.75 , 1.28 , -0.09 , 359.46
2024-02-16 12:31:12,629 :- 00028: 191 , 20.00 , -0.20 || 1708066872, 17.601711745714 , 78.126608722019, 0.01 , 0.01 ,27.09 , 10.25 , 1.27 , -0.08 , 359.46
2024-02-16 12:31:12,659 :- 00029: 194 , 20.00 , -0.80 || 1708066872, 17.601711745714 , 78.126608722019, 0.01 , 0.01 ,27.09 , 9.61 , 1.25 , -0.04 , 359.47
2024-02-16 12:31:12,689 :- 00030: 197 , 20.00 , -0.80 || 1708066872, 17.601711745714 , 78.126608722019, 0.01 , 0.01 ,27.26 , 9.98 , 1.25 , -0.02 , 359.48
2024-02-16 12:31:12,719 :- 00031: 200 , 20.00 , -0.80 || 1708066872, 17.601718561702 , 78.126608642592, 0.01 , 0.01 ,27.26 , 9.82 , 1.26 , 0.01 , 359.49
2024-02-16 12:31:12,749 :- 00032: 203 , 20.00 , -0.40 || 1708066872, 17.601718561702 , 78.126608642592, 0.01 , 0.01 ,27.26 , 9.75 , 1.25 , 0.03 , 359.49
2024-02-16 12:31:12,779 :- 00033: 206 , 20.00 , -0.20 || 1708066872, 17.601718561702 , 78.126608642592, 0.01 , 0.01 ,27.26 , 9.79 , 1.26 , 0.03 , 359.50
2024-02-16 12:31:12,809 :- 00034: 209 , 20.00 , -0.20 || 1708066872, 17.601725387245 , 78.126608535555, 0.01 , 0.01 ,27.18 , 9.48 , 1.24 , 0.06 , 359.52
2024-02-16 12:31:12,839 :- 00035: 212 , 20.00 , -0.20 || 1708066872, 17.601725387245 , 78.126608535555, 0.01 , 0.01 ,27.18 , 9.79 , 1.22 , 0.09 , 359.55
2024-02-16 12:31:12,869 :- 00036: 215 , 20.00 , -0.20 || 1708066872, 17.601725387245 , 78.126608535555, 0.01 , 0.01 ,27.18 , 9.87 , 1.20 , 0.10 , 359.58
2024-02-16 12:31:12,899 :- 00037: 218 , 20.00 , -0.20 || 1708066872, 17.601732223479 , 78.126608441950, 0.01 , 0.01 ,27.26 , 9.21 , 1.13 , 0.13 , 359.65
2024-02-16 12:31:12,929 :- 00038: 221 , 20.00 , -0.20 || 1708066872, 17.601732223479 , 78.126608441950, 0.01 , 0.01 ,27.26 , 9.73 , 1.12 , 0.13 , 359.68
2024-02-16 12:31:12,959 :- 00039: 224 , 20.00 , -0.20 || 1708066872, 17.601732223479 , 78.126608441950, 0.01 , 0.01 ,27.26 , 9.45 , 1.09 , 0.13 , 359.75
2024-02-16 12:31:12,989 :- 00040: 224 , 20.00 , -0.20 || 1708066872, 17.601732223479 , 78.126608441950, 0.01 , 0.01 ,27.26 , 9.45 , 1.09 , 0.13 , 359.751708066872, 17.601732223479 , 78.126608441950, 0.01 , 0.01 ,27.26 , 9.95 , 1.10 , 0.12 , 359.78
2024-02-16 12:31:13,019 :- 00041: 230 , 20.00 , -0.20 || 1708066873, 17.601739057530 , 78.126608339868, 0.01 , 0.01 ,27.21 , 9.92 , 1.12 , 0.11 , 359.80
2024-02-16 12:31:13,049 :- 00042: 233 , 20.00 , -0.20 || 1708066873, 17.601739057530 , 78.126608339868, 0.01 , 0.01 ,27.21 , 9.77 , 1.14 , 0.11 , 359.81
2024-02-16 12:31:13,080 :- 00043: 236 , 20.00 , -0.70 || 1708066873, 17.601739057530 , 78.126608339868, 0.01 , 0.01 ,27.21 , 9.75 , 1.14 , 0.10 , 359.80
2024-02-16 12:31:13,109 :- 00044: 239 , 20.00 , -0.70 || 1708066873, 17.601745892040 , 78.126608275838, 0.01 , 0.01 ,27.21 , 9.76 , 1.13 , 0.09 , 359.78
2024-02-16 12:31:13,139 :- 00045: 242 , 20.00 , -0.70 || 1708066873, 17.601745892040 , 78.126608275838, 0.01 , 0.01 ,27.21 , 9.83 , 1.08 , 0.05 , 359.76
2024-02-16 12:31:13,169 :- 00046: 245 , 20.00 , -0.10 || 1708066873, 17.601745892040 , 78.126608275838, 0.01 , 0.01 ,27.21 , 10.05 , 1.07 , 0.06 , 359.75
2024-02-16 12:31:13,199 :- 00047: 248 , 20.00 , -0.10 || 1708066873, 17.601752737235 , 78.126608219294, 0.01 , 0.01 ,27.23 , 9.75 , 1.06 , 0.05 , 359.75
2024-02-16 12:31:13,230 :- 00048: 251 , 20.00 , -0.10 || 1708066873, 17.601752737235 , 78.126608219294, 0.01 , 0.01 ,27.23 , 9.97 , 1.05 , 0.04 , 359.76
2024-02-16 12:31:13,259 :- 00049: 254 , 20.00 , -0.10 || 1708066873, 17.601752737235 , 78.126608219294, 0.01 , 0.01 ,27.23 , 9.96 , 1.06 , 0.02 , 359.80
2024-02-16 12:31:13,289 :- 00050: 001 , 20.00 , -0.10 || 1708066873, 17.601752737235 , 78.126608219294, 0.01 , 0.01 ,27.27 , 9.87 , 1.06 , 0.00 , 359.83
2024-02-16 12:31:13,319 :- 00051: 004 , 20.00 , -0.10 || 1708066873, 17.601759598172 , 78.126608152242, 0.01 , 0.01 ,27.27 , 10.26 , 1.06 , 0.00 , 359.89
2024-02-16 12:31:13,349 :- 00052: 007 , 20.00 , -0.10 || 1708066873, 17.601759598172 , 78.126608152242, 0.01 , 0.01 ,27.27 , 9.87 , 1.07 , 0.01 , 359.92
2024-02-16 12:31:13,379 :- 00053: 010 , 20.00 , -0.10 || 1708066873, 17.601759598172 , 78.126608152242, 0.01 , 0.01 ,27.27 , 10.07 , 1.07 , 0.03 , 359.95
2024-02-16 12:31:13,409 :- 00054: 013 , 20.00 , -0.10 || 1708066873, 17.601766475170 , 78.126608102988, 0.01 , 0.01 ,27.46 , 9.67 , 1.11 , 0.05 , 359.99
2024-02-16 12:31:13,439 :- 00055: 016 , 20.00 , -0.10 || 1708066873, 17.601766475170 , 78.126608102988, 0.01 , 0.01 ,27.46 , 9.71 , 1.17 , 0.06 , 360.00
2024-02-16 12:31:13,469 :- 00056: 019 , 20.00 , -0.10 || 1708066873, 17.601766475170 , 78.126608102988, 0.01 , 0.01 ,27.46 , 9.90 , 1.21 , 0.07 , 359.99
2024-02-16 12:31:13,499 :- 00057: 022 , 20.00 , -0.10 || 1708066873, 17.601773354722 , 78.126608088558, 0.01 , 0.01 ,27.40 , 9.72 , 1.27 , 0.11 , 359.96
2024-02-16 12:31:13,529 :- 00058: 025 , 20.00 , -0.10 || 1708066873, 17.601773354722 , 78.126608088558, 0.01 , 0.01 ,27.40 , 9.72 , 1.29 , 0.09 , 359.95
2024-02-16 12:31:13,559 :- 00059: 028 , 20.00 , -0.10 || 1708066873, 17.601773354722 , 78.126608088558, 0.01 , 0.01 ,27.40 , 10.37 , 1.36 , 0.12 , 359.93
2024-02-16 12:31:13,589 :- 00060: 031 , 20.00 , -0.20 || 1708066873, 17.601773354722 , 78.126608088558, 0.01 , 0.01 ,27.49 , 9.54 , 1.37 , 0.14 , 359.92
2024-02-16 12:31:13,619 :- 00061: 034 , 20.00 , -0.20 || 1708066873, 17.601780236568 , 78.126608115017, 0.01 , 0.01 ,27.49 , 9.17 , 1.38 , 0.13 , 359.91
2024-02-16 12:31:13,649 :- 00062: 037 , 20.00 , -0.20 || 1708066873, 17.601780236568 , 78.126608115017, 0.01 , 0.01 ,27.49 , 10.01 , 1.41 , 0.15 , 359.91
2024-02-16 12:31:13,679 :- 00063: 040 , 20.00 , 00.10 || 1708066873, 17.601780236568 , 78.126608115017, 0.01 , 0.01 ,27.49 , 9.72 , 1.42 , 0.14 , 359.91
2024-02-16 12:31:13,709 :- 00064: 043 , 20.00 , 00.10 || 1708066873, 17.601787091981 , 78.126608105004, 0.01 , 0.01 ,27.30 , 9.46 , 1.50 , 0.13 , 359.92
2024-02-16 12:31:13,739 :- 00065: 046 , 20.00 , 00.10 || 1708066873, 17.601787091981 , 78.126608105004, 0.01 , 0.01 ,27.30 , 9.95 , 1.55 , 0.12 , 359.92
2024-02-16 12:31:13,769 :- 00066: 049 , 20.00 , 00.10 || 1708066873, 17.601787091981 , 78.126608105004, 0.01 , 0.01 ,27.30 , 9.60 , 1.55 , 0.10 , 359.93
2024-02-16 12:31:13,799 :- 00067: 052 , 20.00 , 00.10 || 1708066873, 17.601793938055 , 78.126608088741, 0.01 , 0.01 ,27.29 , 9.40 , 1.56 , 0.06 , 359.94
2024-02-16 12:31:13,829 :- 00068: 055 , 20.00 , 00.10 || 1708066873, 17.601793938055 , 78.126608088741, 0.01 , 0.01 ,27.29 , 10.37 , 1.60 , 0.06 , 359.94
2024-02-16 12:31:13,859 :- 00069: 058 , 20.00 , 00.10 || 1708066873, 17.601793938055 , 78.126608088741, 0.01 , 0.01 ,27.29 , 10.31 , 1.61 , 0.05 , 359.95
2024-02-16 12:31:13,889 :- 00070: 061 , 20.00 , 00.10 || 1708066873, 17.601793938055 , 78.126608088741, 0.01 , 0.01 ,27.29 , 9.44 , 1.62 , 0.06 , 359.95
2024-02-16 12:31:13,919 :- 00071: 064 , 20.00 , 00.10 || 1708066873, 17.601800775345 , 78.126608073998, 0.01 , 0.01 ,27.29 , 10.40 , 1.67 , 0.07 , 359.94
2024-02-16 12:31:13,949 :- 00072: 067 , 20.00 , 00.10 || 1708066873, 17.601800775345 , 78.126608073998, 0.01 , 0.01 ,27.29 , 9.51 , 1.64 , 0.07 , 359.93
2024-02-16 12:31:13,979 :- 00073: 070 , 20.00 , 00.20 || 1708066873, 17.601800775345 , 78.126608073998, 0.01 , 0.01 ,27.29 , 9.82 , 1.63 , 0.04 , 359.93
2024-02-16 12:31:14,009 :- 00074: 073 , 20.00 , 00.20 || 1708066874, 17.601807595644 , 78.126608044383, 0.01 , 0.01 ,27.13 , 10.17 , 1.63 , 0.01 , 359.90
2024-02-16 12:31:14,039 :- 00075: 076 , 20.00 , 00.20 || 1708066874, 17.601807595644 , 78.126608044383, 0.01 , 0.01 ,27.13 , 10.12 , 1.58 , 0.05 , 359.86
2024-02-16 12:31:14,069 :- 00076: 079 , 20.00 , 00.20 || 1708066874, 17.601807595644 , 78.126608044383, 0.01 , 0.01 ,27.13 , 9.28 , 1.55 , 0.02 , 359.84
2024-02-16 12:31:14,099 :- 00077: 082 , 20.00 , 00.20 || 1708066874, 17.601814419751 , 78.126607990149, 0.01 , 0.01 ,27.18 , 10.70 , 1.58 , 0.07 , 359.81
2024-02-16 12:31:14,129 :- 00078: 085 , 20.00 , 00.20 || 1708066874, 17.601814419751 , 78.126607990149, 0.01 , 0.01 ,27.18 , 9.60 , 1.54 , 0.10 , 359.80
2024-02-16 12:31:14,159 :- 00079: 088 , 20.00 , 00.20 || 1708066874, 17.601814419751 , 78.126607990149, 0.01 , 0.01 ,27.18 , 8.59 , 1.50 , 0.11 , 359.77
2024-02-16 12:31:14,189 :- 00080: 091 , 20.00 , 00.20 || 1708066874, 17.601814419751 , 78.126607990149, 0.00 , 0.01 ,27.14 , 9.85 , 1.53 , 0.13 , 359.76
2024-02-16 12:31:14,219 :- 00081: 094 , 20.00 , 00.20 || 1708066874, 17.601821226803 , 78.126607900241, 0.00 , 0.01 ,27.14 , 11.04 , 1.53 , 0.18 , 359.73
2024-02-16 12:31:14,249 :- 00082: 097 , 20.00 , 00.20 || 1708066874, 17.601821226803 , 78.126607900241, 0.00 , 0.01 ,27.14 , 9.12 , 1.47 , 0.21 , 359.73
2024-02-16 12:31:14,279 :- 00083: 100 , 20.00 , 00.20 || 1708066874, 17.601821226803 , 78.126607900241, 0.00 , 0.01 ,27.14 , 10.43 , 1.53 , 0.27 , 359.71
2024-02-16 12:31:14,309 :- 00084: 103 , 20.00 , 00.20 || 1708066874, 17.601828043726 , 78.126607837139, 0.00 , 0.01 ,27.20 , 10.47 , 1.54 , 0.33 , 359.69
2024-02-16 12:31:14,339 :- 00085: 106 , 20.00 , 00.20 || 1708066874, 17.601828043726 , 78.126607837139, 0.00 , 0.01 ,27.20 , 9.03 , 1.53 , 0.45 , 359.68
2024-02-16 12:31:14,369 :- 00086: 109 , 20.00 , 00.20 || 1708066874, 17.601828043726 , 78.126607837139, 0.00 , 0.01 ,27.20 , 8.87 , 1.56 , 0.48 , 359.67
2024-02-16 12:31:14,399 :- 00087: 112 , 20.00 , 00.20 || 1708066874, 17.601834856749 , 78.126607775470, 0.00 , 0.01 ,27.13 , 10.13 , 1.71 , 0.51 , 359.65
2024-02-16 12:31:14,429 :- 00088: 115 , 20.00 , 00.20 || 1708066874, 17.601834856749 , 78.126607775470, 0.00 , 0.01 ,27.13 , 9.61 , 1.72 , 0.50 , 359.65
2024-02-16 12:31:14,459 :- 00089: 118 , 20.00 , 00.20 || 1708066874, 17.601834856749 , 78.126607775470, 0.00 , 0.01 ,27.13 , 8.71 , 1.80 , 0.48 , 359.61
2024-02-16 12:31:14,489 :- 00090: 121 , 20.00 , 00.20 || 1708066874, 17.601834856749 , 78.126607775470, 0.00 , 0.01 ,27.13 , 9.86 , 1.88 , 0.46 , 359.60
2024-02-16 12:31:14,519 :- 00091: 124 , 20.00 , 00.20 || 1708066874, 17.601841588023 , 78.126607777611, 0.00 , 0.01 ,26.74 , 9.57 , 1.87 , 0.38 , 359.58
2024-02-16 12:31:14,549 :- 00092: 127 , 20.00 , 00.20 || 1708066874, 17.601841588023 , 78.126607777611, 0.00 , 0.01 ,26.74 , 9.00 , 1.86 , 0.37 , 359.56
2024-02-16 12:31:14,579 :- 00093: 130 , 20.00 , 00.20 || 1708066874, 17.601841588023 , 78.126607777611, 0.00 , 0.01 ,26.74 , 9.23 , 1.84 , 0.36 , 359.54
2024-02-16 12:31:14,609 :- 00094: 133 , 20.00 , 00.90 || 1708066874, 17.601848291773 , 78.126607709242, 0.00 , 0.01 ,26.80 , 10.51 , 1.82 , 0.30 , 359.51
2024-02-16 12:31:14,639 :- 00095: 136 , 20.00 , 00.90 || 1708066874, 17.601848291773 , 78.126607709242, 0.00 , 0.01 ,26.80 , 9.68 , 1.78 , 0.29 , 359.48
2024-02-16 12:31:14,669 :- 00096: 139 , 20.00 , 00.90 || 1708066874, 17.601848291773 , 78.126607709242, 0.00 , 0.01 ,26.80 , 9.34 , 1.79 , 0.27 , 359.46
2024-02-16 12:31:14,699 :- 00097: 142 , 20.00 , 00.70 || 1708066874, 17.601855004975 , 78.126607611353, 0.00 , 0.01 ,26.80 , 11.03 , 1.93 , 0.29 , 359.41
2024-02-16 12:31:14,729 :- 00098: 145 , 20.00 , 00.70 || 1708066874, 17.601855004975 , 78.126607611353, 0.00 , 0.01 ,26.80 , 10.86 , 1.95 , 0.30 , 359.39
2024-02-16 12:31:14,759 :- 00099: 148 , 20.00 , 00.70 || 1708066874, 17.601855004975 , 78.126607611353, 0.00 , 0.01 ,26.80 , 10.25 , 2.03 , 0.35 , 359.33
2024-02-16 12:31:14,790 :- 00100: 151 , 20.00 , 00.70 || 1708066874, 17.601855004975 , 78.126607611353, 0.00 , 0.01 ,26.85 , 10.50 , 2.12 , 0.40 , 359.29
2024-02-16 12:31:14,819 :- 00101: 154 , 20.00 , 00.80 || 1708066874, 17.601861733900 , 78.126607581844, 0.00 , 0.01 ,26.85 , 10.10 , 2.20 , 0.51 , 359.21
2024-02-16 12:31:14,849 :- 00102: 157 , 20.00 , 00.80 || 1708066874, 17.601861733900 , 78.126607581844, 0.00 , 0.01 ,26.85 , 9.14 , 2.24 , 0.51 , 359.16
2024-02-16 12:31:14,880 :- 00103: 160 , 20.00 , 00.80 || 1708066874, 17.601861733900 , 78.126607581844, 0.00 , 0.01 ,26.85 , 9.44 , 2.33 , 0.65 , 359.05
2024-02-16 12:31:14,909 :- 00104: 163 , 20.00 , 01.00 || 1708066874, 17.601868475332 , 78.126607552136, 0.00 , 0.01 ,26.82 , 9.25 , 2.34 , 0.66 , 358.99
2024-02-16 12:31:14,939 :- 00105: 166 , 20.00 , 01.00 || 1708066874, 17.601868475332 , 78.126607552136, 0.00 , 0.01 ,26.82 , 9.05 , 2.28 , 0.67 , 358.88
2024-02-16 12:31:14,969 :- 00106: 169 , 20.00 , 01.00 || 1708066874, 17.601868475332 , 78.126607552136, 0.00 , 0.01 ,26.82 , 9.37 , 2.29 , 0.72 , 358.83
2024-02-16 12:31:14,999 :- 00107: 172 , 20.00 , 01.00 || 1708066874, 17.601868475332 , 78.126607552136, 0.00 , 0.01 ,26.82 , 9.78 , 2.23 , 0.71 , 358.78
2024-02-16 12:31:15,029 :- 00108: 175 , 20.00 , 00.20 || 1708066875, 17.601875176689 , 78.126607378950, 0.00 , 0.01 ,26.60 , 9.14 , 2.16 , 0.70 , 358.70
2024-02-16 12:31:15,059 :- 00109: 178 , 20.00 , 00.20 || 1708066875, 17.601875176689 , 78.126607378950, 0.00 , 0.01 ,26.60 , 9.79 , 2.14 , 0.67 , 358.62
2024-02-16 12:31:15,089 :- 00110: 181 , 20.00 , 00.20 || 1708066875, 17.601875176689 , 78.126607378950, 0.00 , 0.01 ,26.45 , 9.65 , 2.12 , 0.66 , 358.58
2024-02-16 12:31:15,119 :- 00111: 184 , 20.00 , 00.10 || 1708066875, 17.601881822849 , 78.126607134639, 0.00 , 0.01 ,26.45 , 9.10 , 2.11 , 0.61 , 358.49
2024-02-16 12:31:15,149 :- 00112: 187 , 20.00 , 00.10 || 1708066875, 17.601881822849 , 78.126607134639, 0.00 , 0.01 ,26.45 , 9.93 , 2.13 , 0.58 , 358.44
2024-02-16 12:31:15,179 :- 00113: 190 , 20.00 , 00.10 || 1708066875, 17.601881822849 , 78.126607134639, 0.00 , 0.01 ,26.45 , 10.14 , 2.12 , 0.51 , 358.38
2024-02-16 12:31:15,209 :- 00114: 193 , 20.00 , 00.10 || 1708066875, 17.601888443900 , 78.126606925468, 0.01 , 0.01 ,26.32 , 9.44 , 2.09 , 0.48 , 358.28
2024-02-16 12:31:15,239 :- 00115: 196 , 20.00 , 00.10 || 1708066875, 17.601888443900 , 78.126606925468, 0.01 , 0.01 ,26.32 , 9.99 , 2.09 , 0.43 , 358.19
2024-02-16 12:31:15,269 :- 00116: 199 , 20.00 , 00.10 || 1708066875, 17.601888443900 , 78.126606925468, 0.01 , 0.01 ,26.32 , 10.02 , 2.06 , 0.39 , 358.17
2024-02-16 12:31:15,299 :- 00117: 202 , 20.00 , 00.10 || 1708066875, 17.601895044897 , 78.126606684642, 0.01 , 0.01 ,26.26 , 10.22 , 1.98 , 0.35 , 358.15
2024-02-16 12:31:15,329 :- 00118: 205 , 20.00 , -0.10 || 1708066875, 17.601895044897 , 78.126606684642, 0.01 , 0.01 ,26.26 , 10.06 , 1.94 , 0.34 , 358.16
2024-02-16 12:31:15,359 :- 00119: 208 , 20.00 , -0.10 || 1708066875, 17.601895044897 , 78.126606684642, 0.01 , 0.01 ,26.26 , 9.98 , 1.83 , 0.29 , 358.19
2024-02-16 12:31:15,389 :- 00120: 211 , 20.00 , -0.10 || 1708066875, 17.601895044897 , 78.126606684642, 0.01 , 0.01 ,26.31 , 9.94 , 1.80 , 0.27 , 358.21
2024-02-16 12:31:15,419 :- 00121: 214 , 20.00 , -0.10 || 1708066875, 17.601901634946 , 78.126606362753, 0.01 , 0.01 ,26.31 , 10.05 , 1.78 , 0.28 , 358.24
2024-02-16 12:31:15,449 :- 00122: 217 , 20.00 , -0.10 || 1708066875, 17.601901634946 , 78.126606362753, 0.01 , 0.01 ,26.31 , 10.32 , 1.77 , 0.27 , 358.24
2024-02-16 12:31:15,480 :- 00123: 220 , 20.00 , -0.10 || 1708066875, 17.601901634946 , 78.126606362753, 0.01 , 0.01 ,26.31 , 10.12 , 1.80 , 0.29 , 358.24
2024-02-16 12:31:15,509 :- 00124: 223 , 20.00 , -0.10 || 1708066875, 17.601908223192 , 78.126606100332, 0.01 , 0.01 ,26.31 , 10.51 , 1.81 , 0.29 , 358.23
2024-02-16 12:31:15,538 :- 00125: 223 , 20.00 , -0.10 || 1708066875, 17.601908223192 , 78.126606100332, 0.01 , 0.01 ,26.31 , 10.51 , 1.81 , 0.29 , 358.231708066875, 17.601908223192 , 78.126606100332, 0.01 , 0.01 ,26.31 , 9.37 , 1.82 , 0.34 , 358.22
2024-02-16 12:31:15,569 :- 00126: 229 , 20.00 , -0.20 || 1708066875, 17.601908223192 , 78.126606100332, 0.01 , 0.01 ,26.31 , 10.03 , 1.77 , 0.31 , 358.22
2024-02-16 12:31:15,599 :- 00127: 232 , 20.00 , -0.20 || 1708066875, 17.601914799961 , 78.126605878381, 0.01 , 0.01 ,26.17 , 9.56 , 1.73 , 0.34 , 358.21
2024-02-16 12:31:15,629 :- 00128: 235 , 20.00 , -0.20 || 1708066875, 17.601914799961 , 78.126605878381, 0.01 , 0.01 ,26.17 , 10.13 , 1.74 , 0.35 , 358.21
2024-02-16 12:31:15,659 :- 00129: 238 , 20.00 , -0.20 || 1708066875, 17.601914799961 , 78.126605878381, 0.01 , 0.01 ,26.17 , 9.75 , 1.75 , 0.37 , 358.24
2024-02-16 12:31:15,689 :- 00130: 241 , 20.00 , -0.20 || 1708066875, 17.601914799961 , 78.126605878381, 0.01 , 0.01 ,26.07 , 10.07 , 1.76 , 0.39 , 358.25
2024-02-16 12:31:15,719 :- 00131: 244 , 20.00 , -0.20 || 1708066875, 17.601921349236 , 78.126605632966, 0.01 , 0.01 ,26.07 , 8.81 , 1.73 , 0.41 , 358.27
2024-02-16 12:31:15,749 :- 00132: 247 , 20.00 , -0.20 || 1708066875, 17.601921349236 , 78.126605632966, 0.01 , 0.01 ,26.07 , 9.96 , 1.73 , 0.42 , 358.28
2024-02-16 12:31:15,780 :- 00133: 250 , 20.00 , -0.20 || 1708066875, 17.601921349236 , 78.126605632966, 0.01 , 0.01 ,26.07 , 9.20 , 1.72 , 0.39 , 358.31
2024-02-16 12:31:15,809 :- 00134: 253 , 20.00 , -0.20 || 1708066875, 17.601927891265 , 78.126605408709, 0.01 , 0.01 ,26.02 , 9.88 , 1.71 , 0.40 , 358.32
2024-02-16 12:31:15,839 :- 00135: 000 , 20.00 , -0.60 || 1708066875, 17.601927891265 , 78.126605408709, 0.01 , 0.01 ,26.02 , 8.91 , 1.69 , 0.34 , 358.34
2024-02-16 12:31:15,869 :- 00136: 003 , 20.00 , -0.70 || 1708066875, 17.601927891265 , 78.126605408709, 0.01 , 0.01 ,26.02 , 11.10 , 1.69 , 0.34 , 358.35
2024-02-16 12:31:15,899 :- 00137: 006 , 20.00 , -0.70 || 1708066875, 17.601934370566 , 78.126605158774, 0.01 , 0.01 ,25.80 , 9.34 , 1.62 , 0.28 , 358.37
2024-02-16 12:31:15,929 :- 00138: 009 , 20.00 , -0.70 || 1708066875, 17.601934370566 , 78.126605158774, 0.01 , 0.01 ,25.80 , 10.22 , 1.64 , 0.28 , 358.38
2024-02-16 12:31:15,959 :- 00139: 012 , 20.00 , -1.00 || 1708066875, 17.601934370566 , 78.126605158774, 0.01 , 0.01 ,25.80 , 9.48 , 1.64 , 0.25 , 358.40
2024-02-16 12:31:15,989 :- 00140: 015 , 20.00 , -1.00 || 1708066875, 17.601934370566 , 78.126605158774, 0.01 , 0.01 ,25.80 , 9.92 , 1.65 , 0.24 , 358.41
2024-02-16 12:31:16,019 :- 00141: 018 , 20.00 , -1.00 || 1708066876, 17.601940834649 , 78.126604922382, 0.01 , 0.01 ,25.79 , 9.76 , 1.60 , 0.23 , 358.43
2024-02-16 12:31:16,049 :- 00142: 021 , 20.00 , -0.80 || 1708066876, 17.601940834649 , 78.126604922382, 0.01 , 0.01 ,25.79 , 9.91 , 1.58 , 0.22 , 358.45
2024-02-16 12:31:16,080 :- 00143: 024 , 20.00 , -0.80 || 1708066876, 17.601940834649 , 78.126604922382, 0.01 , 0.01 ,25.79 , 9.78 , 1.51 , 0.20 , 358.52
2024-02-16 12:31:16,109 :- 00144: 027 , 20.00 , -0.80 || 1708066876, 17.601947283565 , 78.126604700230, 0.01 , 0.01 ,25.69 , 10.24 , 1.47 , 0.20 , 358.57
2024-02-16 12:31:16,140 :- 00145: 030 , 20.00 , -0.80 || 1708066876, 17.601947283565 , 78.126604700230, 0.01 , 0.01 ,25.69 , 9.81 , 1.37 , 0.22 , 358.69
2024-02-16 12:31:16,169 :- 00146: 033 , 20.00 , -0.90 || 1708066876, 17.601947283565 , 78.126604700230, 0.01 , 0.01 ,25.69 , 10.44 , 1.33 , 0.21 , 358.76
2024-02-16 12:31:16,199 :- 00147: 036 , 20.00 , -0.90 || 1708066876, 17.601953736337 , 78.126604442372, 0.01 , 0.01 ,25.71 , 9.84 , 1.27 , 0.25 , 358.90
2024-02-16 12:31:16,229 :- 00148: 039 , 20.00 , -0.90 || 1708066876, 17.601953736337 , 78.126604442372, 0.01 , 0.01 ,25.71 , 10.08 , 1.25 , 0.25 , 358.96
2024-02-16 12:31:16,259 :- 00149: 042 , 20.00 , -1.00 || 1708066876, 17.601953736337 , 78.126604442372, 0.01 , 0.01 ,25.71 , 9.69 , 1.25 , 0.29 , 359.06
2024-02-16 12:31:16,289 :- 00150: 045 , 20.00 , -1.00 || 1708066876, 17.601953736337 , 78.126604442372, 0.01 , 0.01 ,25.64 , 9.91 , 1.25 , 0.31 , 359.11
2024-02-16 12:31:16,319 :- 00151: 048 , 20.00 , -1.00 || 1708066876, 17.601960170448 , 78.126604259784, 0.01 , 0.01 ,25.64 , 9.64 , 1.24 , 0.32 , 359.18
2024-02-16 12:31:16,349 :- 00152: 051 , 20.00 , -1.00 || 1708066876, 17.601960170448 , 78.126604259784, 0.01 , 0.01 ,25.64 , 9.71 , 1.24 , 0.33 , 359.21
2024-02-16 12:31:16,380 :- 00153: 054 , 20.00 , -1.30 || 1708066876, 17.601960170448 , 78.126604259784, 0.01 , 0.01 ,25.64 , 9.78 , 1.22 , 0.31 , 359.27
2024-02-16 12:31:16,409 :- 00154: 057 , 20.00 , -1.30 || 1708066876, 17.601966574843 , 78.126604155668, 0.01 , 0.01 ,25.43 , 9.46 , 1.21 , 0.32 , 359.30
2024-02-16 12:31:16,439 :- 00155: 060 , 20.00 , -1.30 || 1708066876, 17.601966574843 , 78.126604155668, 0.01 , 0.01 ,25.43 , 9.40 , 1.18 , 0.27 , 359.37
2024-02-16 12:31:16,469 :- 00156: 063 , 20.00 , -0.60 || 1708066876, 17.601966574843 , 78.126604155668, 0.01 , 0.01 ,25.43 , 9.89 , 1.17 , 0.25 , 359.42
2024-02-16 12:31:16,499 :- 00157: 066 , 20.00 , -0.20 || 1708066876, 17.601972928167 , 78.126604056789, 0.01 , 0.01 ,25.24 , 9.85 , 1.17 , 0.23 , 359.51
2024-02-16 12:31:16,529 :- 00158: 069 , 20.00 , -0.20 || 1708066876, 17.601972928167 , 78.126604056789, 0.01 , 0.01 ,25.24 , 9.72 , 1.16 , 0.21 , 359.57
2024-02-16 12:31:16,560 :- 00159: 072 , 20.00 , -0.20 || 1708066876, 17.601972928167 , 78.126604056789, 0.01 , 0.01 ,25.24 , 9.59 , 1.12 , 0.16 , 359.69
2024-02-16 12:31:16,589 :- 00160: 075 , 20.00 , -0.20 || 1708066876, 17.601972928167 , 78.126604056789, 0.01 , 0.01 ,25.26 , 10.20 , 1.13 , 0.15 , 359.75
2024-02-16 12:31:16,619 :- 00161: 078 , 20.00 , -0.20 || 1708066876, 17.601979262064 , 78.126603962270, 0.01 , 0.01 ,25.26 , 9.27 , 1.12 , 0.11 , 359.89
2024-02-16 12:31:16,649 :- 00162: 081 , 20.00 , -0.20 || 1708066876, 17.601979262064 , 78.126603962270, 0.01 , 0.01 ,25.26 , 10.14 , 1.11 , 0.09 , 359.95
2024-02-16 12:31:16,679 :- 00163: 084 , 20.00 , -0.20 || 1708066876, 17.601979262064 , 78.126603962270, 0.01 , 0.01 ,25.26 , 10.24 , 1.11 , 0.07 , 0.06
2024-02-16 12:31:16,709 :- 00164: 087 , 20.00 , -0.20 || 1708066876, 17.601985584223 , 78.126603909118, 0.01 , 0.01 ,25.17 , 10.42 , 1.13 , 0.06 , 0.10
2024-02-16 12:31:16,739 :- 00165: 090 , 20.00 , -0.20 || 1708066876, 17.601985584223 , 78.126603909118, 0.01 , 0.01 ,25.17 , 9.93 , 1.20 , 0.09 , 0.14
2024-02-16 12:31:16,769 :- 00166: 093 , 20.00 , 00.10 || 1708066876, 17.601985584223 , 78.126603909118, 0.01 , 0.01 ,25.17 , 10.26 , 1.23 , 0.07 , 0.15
2024-02-16 12:31:16,799 :- 00167: 096 , 20.00 , 00.10 || 1708066876, 17.601991889326 , 78.126603931655, 0.01 , 0.01 ,25.21 , 10.22 , 1.33 , 0.12 , 0.13
2024-02-16 12:31:16,829 :- 00168: 099 , 20.00 , 00.10 || 1708066876, 17.601991889326 , 78.126603931655, 0.01 , 0.01 ,25.21 , 9.55 , 1.35 , 0.14 , 0.11
2024-02-16 12:31:16,859 :- 00169: 102 , 24.60 , -0.10 || 1708066876, 17.601991889326 , 78.126603931655, 0.01 , 0.01 ,25.21 , 9.51 , 1.38 , 0.17 , 0.07
2024-02-16 12:31:16,889 :- 00170: 105 , 24.60 , -0.10 || 1708066876, 17.601991889326 , 78.126603931655, 0.01 , 0.01 ,25.21 , 10.20 , 1.39 , 0.18 , 0.06
2024-02-16 12:31:16,919 :- 00171: 108 , 24.50 , 00.00 || 1708066876, 17.601998206113 , 78.126603978612, 0.01 , 0.01 ,25.18 , 9.94 , 1.36 , 0.27 , 0.04
2024-02-16 12:31:16,949 :- 00172: 111 , 24.50 , 00.00 || 1708066876, 17.601998206113 , 78.126603978612, 0.01 , 0.01 ,25.18 , 9.82 , 1.37 , 0.29 , 0.03
2024-02-16 12:31:16,979 :- 00173: 114 , 24.50 , 00.00 || 1708066876, 17.601998206113 , 78.126603978612, 0.01 , 0.01 ,25.18 , 10.08 , 1.40 , 0.33 , 0.02
2024-02-16 12:31:17,009 :- 00174: 117 , 24.40 , 00.00 || 1708066877, 17.602004513915 , 78.126603972325, 0.01 , 0.01 ,25.14 , 9.23 , 1.39 , 0.42 , 0.02
2024-02-16 12:31:17,040 :- 00175: 120 , 24.30 , -0.00 || 1708066877, 17.602004513915 , 78.126603972325, 0.01 , 0.01 ,25.14 , 9.71 , 1.41 , 0.46 , 0.02
2024-02-16 12:31:17,069 :- 00176: 123 , 24.30 , -0.00 || 1708066877, 17.602004513915 , 78.126603972325, 0.01 , 0.01 ,25.14 , 9.56 , 1.39 , 0.51 , 0.02
2024-02-16 12:31:17,099 :- 00177: 126 , 24.20 , -0.10 || 1708066877, 17.602010741609 , 78.126603937347, 0.01 , 0.01 ,24.65 , 9.65 , 1.31 , 0.54 , 0.01
2024-02-16 12:31:17,129 :- 00178: 129 , 24.10 , -0.10 || 1708066877, 17.602010741609 , 78.126603937347, 0.01 , 0.01 ,24.65 , 9.39 , 1.26 , 0.56 , 0.01
2024-02-16 12:31:17,159 :- 00179: 132 , 24.10 , -0.10 || 1708066877, 17.602010741609 , 78.126603937347, 0.01 , 0.01 ,24.65 , 9.57 , 1.20 , 0.63 , 0.00
2024-02-16 12:31:17,189 :- 00180: 135 , 23.90 , -0.10 || 1708066877, 17.602010741609 , 78.126603937347, 0.01 , 0.01 ,24.65 , 9.40 , 1.16 , 0.61 , 360.00
2024-02-16 12:31:17,219 :- 00181: 138 , 23.80 , -0.10 || 1708066877, 17.602016874929 , 78.126603839217, 0.01 , 0.01 ,24.41 , 10.29 , 1.12 , 0.64 , 359.99
2024-02-16 12:31:17,249 :- 00182: 141 , 23.70 , -0.10 || 1708066877, 17.602016874929 , 78.126603839217, 0.01 , 0.01 ,24.41 , 9.15 , 1.06 , 0.66 , 359.99
2024-02-16 12:31:17,279 :- 00183: 144 , 23.60 , -0.10 || 1708066877, 17.602016874929 , 78.126603839217, 0.01 , 0.01 ,24.41 , 9.44 , 1.02 , 0.67 , 359.99
2024-02-16 12:31:17,309 :- 00184: 147 , 23.50 , -0.10 || 1708066877, 17.602022903431 , 78.126603792371, 0.01 , 0.01 ,23.99 , 9.79 , 1.01 , 0.65 , 359.99
2024-02-16 12:31:17,339 :- 00185: 150 , 23.30 , -0.10 || 1708066877, 17.602022903431 , 78.126603792371, 0.01 , 0.01 ,23.99 , 9.73 , 0.95 , 0.66 , 359.99
2024-02-16 12:31:17,369 :- 00186: 153 , 23.20 , -0.10 || 1708066877, 17.602022903431 , 78.126603792371, 0.01 , 0.01 ,23.99 , 9.87 , 0.92 , 0.65 , 359.99
2024-02-16 12:31:17,399 :- 00187: 156 , 23.00 , -0.10 || 1708066877, 17.602028775366 , 78.126603712162, 0.01 , 0.01 ,23.26 , 10.06 , 0.89 , 0.63 , 359.98
2024-02-16 12:31:17,429 :- 00188: 159 , 22.90 , -0.10 || 1708066877, 17.602028775366 , 78.126603712162, 0.01 , 0.01 ,23.26 , 9.84 , 0.85 , 0.62 , 359.98
2024-02-16 12:31:17,459 :- 00189: 159 , 22.90 , -0.10 || 1708066877, 17.602028775366 , 78.126603712162, 0.01 , 0.01 ,23.26 , 9.84 , 0.85 , 0.62 , 359.981708066877, 17.602028775366 , 78.126603712162, 0.01 , 0.01 ,23.26 , 9.80 , 0.80 , 0.60 , 359.98
2024-02-16 12:31:17,490 :- 00190: 165 , 22.50 , -0.10 || 1708066877, 17.602028775366 , 78.126603712162, 0.00 , 0.01 ,22.78 , 10.15 , 0.78 , 0.59 , 359.98
2024-02-16 12:31:17,519 :- 00191: 168 , 22.40 , -0.10 || 1708066877, 17.602034491293 , 78.126603625403, 0.00 , 0.01 ,22.78 , 9.59 , 0.72 , 0.57 , 359.97
2024-02-16 12:31:17,549 :- 00192: 171 , 22.20 , -0.10 || 1708066877, 17.602034491293 , 78.126603625403, 0.00 , 0.01 ,22.78 , 10.09 , 0.73 , 0.56 , 359.97
2024-02-16 12:31:17,580 :- 00193: 174 , 22.00 , -0.10 || 1708066877, 17.602034491293 , 78.126603625403, 0.00 , 0.01 ,22.78 , 9.96 , 0.72 , 0.55 , 359.97
2024-02-16 12:31:17,609 :- 00194: 177 , 21.90 , -0.10 || 1708066877, 17.602040079396 , 78.126603604482, 0.00 , 0.01 ,22.00 , 9.73 , 0.71 , 0.56 , 359.96
2024-02-16 12:31:17,639 :- 00195: 180 , 21.70 , -0.10 || 1708066877, 17.602040079396 , 78.126603604482, 0.00 , 0.01 ,22.00 , 9.51 , 0.67 , 0.55 , 359.95
2024-02-16 12:31:17,669 :- 00196: 183 , 21.50 , -0.10 || 1708066877, 17.602040079396 , 78.126603604482, 0.00 , 0.01 ,22.00 , 9.78 , 0.65 , 0.56 , 359.95
2024-02-16 12:31:17,699 :- 00197: 186 , 21.30 , -0.10 || 1708066877, 17.602045494314 , 78.126603572670, 0.00 , 0.01 ,21.44 , 10.31 , 0.62 , 0.54 , 359.94
2024-02-16 12:31:17,729 :- 00198: 189 , 21.10 , -0.10 || 1708066877, 17.602045494314 , 78.126603572670, 0.00 , 0.01 ,21.44 , 9.54 , 0.59 , 0.56 , 359.94
2024-02-16 12:31:17,759 :- 00199: 192 , 20.90 , -0.10 || 1708066877, 17.602045494314 , 78.126603572670, 0.00 , 0.01 ,21.44 , 9.80 , 0.57 , 0.54 , 359.94
2024-02-16 12:31:17,789 :- 00200: 195 , 20.60 , -0.10 || 1708066877, 17.602045494314 , 78.126603572670, 0.00 , 0.01 ,20.80 , 10.06 , 0.58 , 0.55 , 359.94
2024-02-16 12:31:17,819 :- 00201: 198 , 20.40 , -0.10 || 1708066877, 17.602050733643 , 78.126603510293, 0.00 , 0.01 ,20.80 , 9.93 , 0.56 , 0.58 , 359.93
2024-02-16 12:31:17,849 :- 00202: 201 , 20.20 , -0.10 || 1708066877, 17.602050733643 , 78.126603510293, 0.00 , 0.01 ,20.80 , 10.21 , 0.54 , 0.59 , 359.93
2024-02-16 12:31:17,879 :- 00203: 204 , 20.00 , -0.10 || 1708066877, 17.602050733643 , 78.126603510293, 0.00 , 0.01 ,20.80 , 9.81 , 0.51 , 0.64 , 359.92
2024-02-16 12:31:17,909 :- 00204: 207 , 19.80 , -0.10 || 1708066877, 17.602055811333 , 78.126603501048, 0.00 , 0.01 ,20.09 , 9.54 , 0.50 , 0.67 , 359.92
2024-02-16 12:31:17,939 :- 00205: 210 , 19.60 , -0.10 || 1708066877, 17.602055811333 , 78.126603501048, 0.00 , 0.01 ,20.09 , 9.67 , 0.52 , 0.69 , 359.92
2024-02-16 12:31:17,969 :- 00206: 213 , 19.40 , -0.10 || 1708066877, 17.602055811333 , 78.126603501048, 0.00 , 0.01 ,20.09 , 9.49 , 0.52 , 0.70 , 359.93
2024-02-16 12:31:17,999 :- 00207: 216 , 19.20 , -0.10 || 1708066877, 17.602055811333 , 78.126603501048, 0.00 , 0.01 ,19.17 , 9.56 , 0.52 , 0.71 , 359.93
2024-02-16 12:31:18,029 :- 00208: 219 , 19.00 , -0.10 || 1708066878, 17.602060698399 , 78.126603443034, 0.00 , 0.01 ,19.17 , 9.71 , 0.52 , 0.72 , 359.92
2024-02-16 12:31:18,069 :- 00209: 223 , 18.70 , -0.10 || 1708066878, 17.602060698399 , 78.126603443034, 0.00 , 0.01 ,19.17 , 9.63 , 0.51 , 0.70 , 359.92
2024-02-16 12:31:18,098 :- 00210: 223 , 18.70 , -0.10 || 1708066878, 17.602060698399 , 78.126603443034, 0.00 , 0.01 ,19.17 , 9.63 , 0.51 , 0.70 , 359.921708066878, 17.602060698399 , 78.126603443034, 0.01 , 0.01 ,18.70 , 9.64 , 0.50 , 0.70 , 359.92
2024-02-16 12:31:18,129 :- 00211: 229 , 18.40 , -0.10 || 1708066878, 17.602065423156 , 78.126603358495, 0.01 , 0.01 ,18.70 , 10.01 , 0.50 , 0.69 , 359.92
2024-02-16 12:31:18,159 :- 00212: 232 , 18.20 , -0.10 || 1708066878, 17.602065423156 , 78.126603358495, 0.01 , 0.01 ,18.70 , 9.85 , 0.50 , 0.71 , 359.92
2024-02-16 12:31:18,189 :- 00213: 235 , 18.00 , -0.10 || 1708066878, 17.602065423156 , 78.126603358495, 0.01 , 0.01 ,18.70 , 9.69 , 0.50 , 0.70 , 359.92
2024-02-16 12:31:18,219 :- 00214: 238 , 17.80 , -0.10 || 1708066878, 17.602069987390 , 78.126603382608, 0.01 , 0.01 ,18.03 , 9.79 , 0.51 , 0.71 , 359.91
2024-02-16 12:31:18,249 :- 00215: 241 , 17.70 , -0.10 || 1708066878, 17.602069987390 , 78.126603382608, 0.01 , 0.01 ,18.03 , 9.54 , 0.51 , 0.71 , 359.91
2024-02-16 12:31:18,279 :- 00216: 244 , 17.50 , -0.10 || 1708066878, 17.602069987390 , 78.126603382608, 0.01 , 0.01 ,18.03 , 9.52 , 0.51 , 0.70 , 359.91
2024-02-16 12:31:18,309 :- 00217: 247 , 17.40 , -0.10 || 1708066878, 17.602074429424 , 78.126603329801, 0.01 , 0.01 ,17.54 , 9.80 , 0.52 , 0.70 , 359.90
2024-02-16 12:31:18,340 :- 00218: 250 , 17.20 , -0.10 || 1708066878, 17.602074429424 , 78.126603329801, 0.01 , 0.01 ,17.54 , 9.76 , 0.54 , 0.69 , 359.90
2024-02-16 12:31:18,369 :- 00219: 253 , 17.00 , -0.10 || 1708066878, 17.602074429424 , 78.126603329801, 0.01 , 0.01 ,17.54 , 9.80 , 0.56 , 0.69 , 359.91
2024-02-16 12:31:18,399 :- 00220: 000 , 16.90 , -0.10 || 1708066878, 17.602078720728 , 78.126603349089, 0.01 , 0.01 ,16.96 , 9.75 , 0.59 , 0.67 , 359.91
2024-02-16 12:31:18,429 :- 00221: 003 , 16.70 , -0.10 || 1708066878, 17.602078720728 , 78.126603349089, 0.01 , 0.01 ,16.96 , 9.71 , 0.61 , 0.67 , 359.91
2024-02-16 12:31:18,459 :- 00222: 006 , 16.60 , -0.10 || 1708066878, 17.602078720728 , 78.126603349089, 0.01 , 0.01 ,16.96 , 9.72 , 0.68 , 0.65 , 359.91
2024-02-16 12:31:18,489 :- 00223: 009 , 16.40 , -0.10 || 1708066878, 17.602078720728 , 78.126603349089, 0.01 , 0.01 ,16.46 , 9.72 , 0.71 , 0.63 , 359.91
2024-02-16 12:31:18,519 :- 00224: 012 , 16.20 , -0.10 || 1708066878, 17.602082874359 , 78.126603339775, 0.01 , 0.01 ,16.46 , 10.05 , 0.77 , 0.60 , 359.91
2024-02-16 12:31:18,549 :- 00225: 015 , 16.10 , -0.10 || 1708066878, 17.602082874359 , 78.126603339775, 0.01 , 0.01 ,16.46 , 9.58 , 0.78 , 0.58 , 359.91
2024-02-16 12:31:18,579 :- 00226: 018 , 16.00 , -0.10 || 1708066878, 17.602082874359 , 78.126603339775, 0.01 , 0.01 ,16.46 , 9.60 , 0.78 , 0.49 , 359.91
2024-02-16 12:31:18,609 :- 00227: 021 , 15.90 , -0.10 || 1708066878, 17.602086905926 , 78.126603356470, 0.01 , 0.01 ,15.94 , 9.41 , 0.77 , 0.45 , 359.92
2024-02-16 12:31:18,639 :- 00228: 024 , 15.90 , -0.10 || 1708066878, 17.602086905926 , 78.126603356470, 0.01 , 0.01 ,15.94 , 9.62 , 0.74 , 0.36 , 359.92
2024-02-16 12:31:18,669 :- 00229: 027 , 15.80 , -0.10 || 1708066878, 17.602086905926 , 78.126603356470, 0.01 , 0.01 ,15.94 , 9.79 , 0.73 , 0.32 , 359.91
2024-02-16 12:31:18,699 :- 00230: 030 , 15.70 , -0.10 || 1708066878, 17.602090891431 , 78.126603241855, 0.01 , 0.01 ,15.84 , 9.89 , 0.72 , 0.23 , 359.91
2024-02-16 12:31:18,729 :- 00231: 033 , 15.70 , -0.10 || 1708066878, 17.602090891431 , 78.126603241855, 0.01 , 0.01 ,15.84 , 10.01 , 0.72 , 0.16 , 359.91
2024-02-16 12:31:18,759 :- 00232: 036 , 15.60 , -0.10 || 1708066878, 17.602090891431 , 78.126603241855, 0.01 , 0.01 ,15.84 , 10.29 , 0.70 , 0.15 , 359.91
2024-02-16 12:31:18,789 :- 00233: 039 , 15.60 , -0.10 || 1708066878, 17.602090891431 , 78.126603241855, 0.01 , 0.01 ,15.84 , 9.83 , 0.68 , 0.12 , 359.91
2024-02-16 12:31:18,819 :- 00234: 042 , 15.60 , -0.10 || 1708066878, 17.602094859530 , 78.126603237869, 0.01 , 0.01 ,15.75 , 10.31 , 0.67 , 0.12 , 359.91
2024-02-16 12:31:18,849 :- 00235: 045 , 15.50 , -0.10 || 1708066878, 17.602094859530 , 78.126603237869, 0.01 , 0.01 ,15.75 , 10.09 , 0.67 , 0.15 , 359.91
2024-02-16 12:31:18,879 :- 00236: 048 , 15.50 , -0.10 || 1708066878, 17.602094859530 , 78.126603237869, 0.01 , 0.01 ,15.75 , 10.06 , 0.67 , 0.18 , 359.92
2024-02-16 12:31:18,909 :- 00237: 051 , 15.40 , -0.10 || 1708066878, 17.602098822856 , 78.126603194824, 0.01 , 0.01 ,15.83 , 9.76 , 0.67 , 0.20 , 359.91
2024-02-16 12:31:18,939 :- 00238: 054 , 15.40 , -0.10 || 1708066878, 17.602098822856 , 78.126603194824, 0.01 , 0.01 ,15.83 , 10.04 , 0.69 , 0.27 , 359.91
2024-02-16 12:31:18,969 :- 00239: 057 , 15.40 , -0.10 || 1708066878, 17.602098822856 , 78.126603194824, 0.01 , 0.01 ,15.83 , 9.79 , 0.71 , 0.29 , 359.91
2024-02-16 12:31:18,999 :- 00240: 060 , 15.30 , -0.10 || 1708066878, 17.602098822856 , 78.126603194824, 0.01 , 0.01 ,15.83 , 9.83 , 0.73 , 0.32 , 359.90
2024-02-16 12:31:19,029 :- 00241: 063 , 15.30 , -0.10 || 1708066879, 17.602102794126 , 78.126603203845, 0.01 , 0.01 ,15.83 , 9.74 , 0.79 , 0.38 , 359.88
2024-02-16 12:31:19,059 :- 00242: 066 , 15.30 , -0.10 || 1708066879, 17.602102794126 , 78.126603203845, 0.01 , 0.01 ,15.83 , 9.78 , 0.84 , 0.42 , 359.87
2024-02-16 12:31:19,089 :- 00243: 069 , 15.30 , -0.10 || 1708066879, 17.602102794126 , 78.126603203845, 0.01 , 0.01 ,15.61 , 9.77 , 0.86 , 0.43 , 359.86
2024-02-16 12:31:19,119 :- 00244: 072 , 15.20 , -0.10 || 1708066879, 17.602106722510 , 78.126603246508, 0.01 , 0.01 ,15.61 , 9.56 , 0.90 , 0.48 , 359.86
2024-02-16 12:31:19,149 :- 00245: 075 , 15.20 , 00.00 || 1708066879, 17.602106722510 , 78.126603246508, 0.01 , 0.01 ,15.61 , 10.66 , 0.95 , 0.63 , 359.83
2024-02-16 12:31:19,179 :- 00246: 078 , 15.10 , 00.00 || 1708066879, 17.602106722510 , 78.126603246508, 0.01 , 0.01 ,15.61 , 6.37 , 0.93 , -0.22 , 359.89
2024-02-16 12:31:19,209 :- 00247: 081 , 15.20 , 00.10 || 1708066879, 17.602110554454 , 78.126603275734, 0.01 , 0.01 ,14.94 , 11.27 , 0.98 , -0.26 , 359.88
2024-02-16 12:31:19,240 :- 00248: 084 , 15.20 , 00.10 || 1708066879, 17.602110554454 , 78.126603275734, 0.01 , 0.01 ,14.94 , 9.32 , 0.87 , -0.23 , 359.86
2024-02-16 12:31:19,269 :- 00249: 087 , 15.10 , 00.10 || 1708066879, 17.602110554454 , 78.126603275734, 0.01 , 0.01 ,14.94 , 11.86 , 0.81 , -0.45 , 359.86
2024-02-16 12:31:19,299 :- 00250: 090 , 15.20 , 00.10 || 1708066879, 17.602114201719 , 78.126603193299, 0.01 , 0.01 ,14.77 , 11.85 , 0.77 , -0.56 , 359.89
2024-02-16 12:31:19,329 :- 00251: 093 , 15.20 , 00.10 || 1708066879, 17.602114201719 , 78.126603193299, 0.01 , 0.01 ,14.77 , 6.08 , 0.78 , -0.29 , 359.88
2024-02-16 12:31:19,359 :- 00252: 096 , 15.20 , 00.10 || 1708066879, 17.602114201719 , 78.126603193299, 0.01 , 0.01 ,14.77 , 11.62 , 0.85 , -0.45 , 359.84
2024-02-16 12:31:19,389 :- 00253: 099 , 15.00 , 00.00 || 1708066879, 17.602114201719 , 78.126603193299, 0.01 , 0.01 ,14.77 , 9.12 , 0.91 , -0.34 , 359.84
2024-02-16 12:31:19,419 :- 00254: 102 , 14.90 , 00.00 || 1708066879, 17.602118091481 , 78.126603153389, 0.01 , 0.01 ,15.56 , 8.87 , 0.81 , -0.11 , 359.82
2024-02-16 12:31:19,449 :- 00255: 105 , 14.90 , 00.00 || 1708066879, 17.602118091481 , 78.126603153389, 0.01 , 0.01 ,15.56 , 10.14 , 0.84 , -0.09 , 359.80
2024-02-16 12:31:19,479 :- 00256: 108 , 14.80 , 00.00 || 1708066879, 17.602118091481 , 78.126603153389, 0.01 , 0.01 ,15.56 , 9.13 , 0.84 , 0.10 , 359.80
2024-02-16 12:31:19,509 :- 00257: 111 , 14.70 , 00.00 || 1708066879, 17.602121987245 , 78.126603125915, 0.01 , 0.01 ,15.47 , 9.60 , 0.80 , 0.13 , 359.80
2024-02-16 12:31:19,539 :- 00258: 114 , 14.60 , 00.00 || 1708066879, 17.602121987245 , 78.126603125915, 0.01 , 0.01 ,15.47 , 8.91 , 0.81 , 0.28 , 359.80
2024-02-16 12:31:19,569 :- 00259: 117 , 14.60 , 00.00 || 1708066879, 17.602121987245 , 78.126603125915, 0.01 , 0.01 ,15.47 , 10.61 , 0.82 , 0.40 , 359.80
2024-02-16 12:31:19,599 :- 00260: 120 , 14.60 , 00.00 || 1708066879, 17.602125841916 , 78.126603076389, 0.01 , 0.01 ,15.28 , 9.72 , 0.74 , 0.38 , 359.80
2024-02-16 12:31:19,629 :- 00261: 123 , 14.60 , 00.00 || 1708066879, 17.602125841916 , 78.126603076389, 0.01 , 0.01 ,15.28 , 9.62 , 0.75 , 0.38 , 359.80
2024-02-16 12:31:19,659 :- 00262: 126 , 14.60 , 00.00 || 1708066879, 17.602125841916 , 78.126603076389, 0.01 , 0.01 ,15.28 , 10.50 , 0.78 , 0.39 , 359.79
2024-02-16 12:31:19,689 :- 00263: 129 , 14.60 , 00.00 || 1708066879, 17.602125841916 , 78.126603076389, 0.01 , 0.01 ,14.86 , 10.01 , 0.76 , 0.32 , 359.78
2024-02-16 12:31:19,719 :- 00264: 132 , 14.40 , 00.00 || 1708066879, 17.602129589833 , 78.126603031388, 0.01 , 0.01 ,14.86 , 11.74 , 0.98 , 0.39 , 359.75
2024-02-16 12:31:19,749 :- 00265: 135 , 14.30 , 00.00 || 1708066879, 17.602129589833 , 78.126603031388, 0.01 , 0.01 ,14.86 , 25.87 , 1.40 , 0.33 , 359.73
2024-02-16 12:31:19,779 :- 00266: 138 , 14.40 , 00.00 || 1708066879, 17.602129589833 , 78.126603031388, 0.01 , 0.01 ,14.86 , 15.89 , 1.07 , 0.69 , 359.74
2024-02-16 12:31:19,809 :- 00267: 141 , 15.10 , 00.00 || 1708066879, 17.602133321145 , 78.126603047459, 0.01 , 0.01 ,15.01 , -0.67 , 0.31 , 1.06 , 359.75
2024-02-16 12:31:19,839 :- 00268: 144 , 15.60 , 00.00 || 1708066879, 17.602133321145 , 78.126603047459, 0.01 , 0.01 ,15.01 , -1.85 , 0.34 , 0.97 , 359.80
2024-02-16 12:31:19,869 :- 00269: 147 , 15.10 , -0.00 || 1708066879, 17.602133321145 , 78.126603047459, 0.01 , 0.01 ,15.01 , 0.13 , 0.36 , 1.18 , 359.81
2024-02-16 12:31:19,899 :- 00270: 150 , 15.00 , -0.00 || 1708066879, 17.602137108559 , 78.126602970836, 0.01 , 0.01 ,14.61 , 21.93 , 1.15 , 0.60 , 359.80
2024-02-16 12:31:19,929 :- 00271: 153 , 14.80 , -0.00 || 1708066879, 17.602137108559 , 78.126602970836, 0.01 , 0.01 ,14.61 , 4.44 , 0.45 , 0.62 , 359.79
2024-02-16 12:31:19,959 :- 00272: 156 , 14.60 , -0.00 || 1708066879, 17.602137108559 , 78.126602970836, 0.01 , 0.01 ,14.61 , 5.85 , 0.87 , 0.85 , 359.76
2024-02-16 12:31:19,989 :- 00273: 159 , 14.40 , -0.00 || 1708066879, 17.602137108559 , 78.126602970836, 0.01 , 0.01 ,14.61 , 11.50 , 0.89 , 0.49 , 359.75
2024-02-16 12:31:20,018 :- 00274: 159 , 14.40 , -0.00 || 1708066879, 17.602137108559 , 78.126602970836, 0.01 , 0.01 ,14.61 , 11.50 , 0.89 , 0.49 , 359.751708066880, 17.602140658982 , 78.126602966537, 0.01 , 0.01 ,14.07 , 7.37 , 0.86 , 0.39 , 359.74
2024-02-16 12:31:20,049 :- 00275: 165 , 14.20 , -0.00 || 1708066880, 17.602140658982 , 78.126602966537, 0.01 , 0.01 ,14.07 , 8.41 , 0.74 , 0.32 , 359.75
2024-02-16 12:31:20,080 :- 00276: 168 , 14.10 , -0.00 || 1708066880, 17.602140658982 , 78.126602966537, 0.01 , 0.01 ,14.07 , 8.51 , 0.85 , -0.08 , 359.75
2024-02-16 12:31:20,109 :- 00277: 171 , 14.00 , -0.00 || 1708066880, 17.602144200572 , 78.126602940213, 0.01 , 0.01 ,14.13 , 10.30 , 0.90 , -0.19 , 359.75
2024-02-16 12:31:20,139 :- 00278: 174 , 13.90 , -0.00 || 1708066880, 17.602144200572 , 78.126602940213, 0.01 , 0.01 ,14.13 , 11.23 , 0.89 , -0.26 , 359.77
2024-02-16 12:31:20,169 :- 00279: 177 , 13.90 , -0.00 || 1708066880, 17.602144200572 , 78.126602940213, 0.01 , 0.01 ,14.13 , 12.59 , 0.94 , -0.32 , 359.78
2024-02-16 12:31:20,199 :- 00280: 180 , 13.90 , -0.00 || 1708066880, 17.602147763556 , 78.126602915467, 0.01 , 0.01 ,14.32 , 14.75 , 1.03 , -0.42 , 359.78
2024-02-16 12:31:20,229 :- 00281: 183 , 13.90 , -0.00 || 1708066880, 17.602147763556 , 78.126602915467, 0.01 , 0.01 ,14.32 , 14.29 , 0.98 , -0.38 , 359.78
2024-02-16 12:31:20,259 :- 00282: 186 , 13.90 , -0.00 || 1708066880, 17.602147763556 , 78.126602915467, 0.01 , 0.01 ,14.32 , 12.96 , 0.93 , -0.10 , 359.78
2024-02-16 12:31:20,289 :- 00283: 189 , 14.00 , -0.00 || 1708066880, 17.602147763556 , 78.126602915467, 0.01 , 0.01 ,14.89 , 11.29 , 0.91 , 0.01 , 359.78
2024-02-16 12:31:20,319 :- 00284: 192 , 14.00 , -0.00 || 1708066880, 17.602151455157 , 78.126602870147, 0.01 , 0.01 ,14.89 , 9.85 , 0.92 , 0.20 , 359.77
2024-02-16 12:31:20,349 :- 00285: 195 , 14.00 , -0.00 || 1708066880, 17.602151455157 , 78.126602870147, 0.01 , 0.01 ,14.89 , 9.54 , 0.95 , 0.32 , 359.76
2024-02-16 12:31:20,380 :- 00286: 198 , 14.10 , -0.00 || 1708066880, 17.602151455157 , 78.126602870147, 0.01 , 0.01 ,14.89 , 9.27 , 0.99 , 0.57 , 359.76
2024-02-16 12:31:20,409 :- 00287: 201 , 14.10 , -0.00 || 1708066880, 17.602155153413 , 78.126602839254, 0.01 , 0.01 ,14.61 , 8.46 , 1.00 , 0.57 , 359.75
2024-02-16 12:31:20,439 :- 00288: 204 , 14.10 , -0.00 || 1708066880, 17.602155153413 , 78.126602839254, 0.01 , 0.01 ,14.61 , 9.04 , 1.06 , 0.62 , 359.74
2024-02-16 12:31:20,469 :- 00289: 207 , 14.10 , -0.00 || 1708066880, 17.602155153413 , 78.126602839254, 0.01 , 0.01 ,14.61 , 8.09 , 1.05 , 0.62 , 359.73
2024-02-16 12:31:20,499 :- 00290: 210 , 14.10 , -0.00 || 1708066880, 17.602158735560 , 78.126602846843, 0.01 , 0.01 ,14.13 , 7.71 , 1.03 , 0.63 , 359.74
2024-02-16 12:31:20,529 :- 00291: 213 , 14.10 , -0.00 || 1708066880, 17.602158735560 , 78.126602846843, 0.01 , 0.01 ,14.13 , 7.77 , 1.05 , 0.55 , 359.74
2024-02-16 12:31:20,559 :- 00292: 216 , 14.10 , -0.00 || 1708066880, 17.602158735560 , 78.126602846843, 0.01 , 0.01 ,14.13 , 8.51 , 1.09 , 0.46 , 359.74
2024-02-16 12:31:20,589 :- 00293: 219 , 14.00 , -0.00 || 1708066880, 17.602158735560 , 78.126602846843, 0.01 , 0.01 ,14.00 , 8.35 , 1.08 , 0.39 , 359.75
2024-02-16 12:31:20,619 :- 00294: 222 , 13.90 , -0.00 || 1708066880, 17.602162253827 , 78.126602814931, 0.01 , 0.01 ,14.00 , 9.24 , 1.09 , 0.25 , 359.76
2024-02-16 12:31:20,649 :- 00295: 225 , 13.90 , -0.00 || 1708066880, 17.602162253827 , 78.126602814931, 0.01 , 0.01 ,14.00 , 9.31 , 1.07 , 0.15 , 359.76
2024-02-16 12:31:20,679 :- 00296: 228 , 13.90 , -0.00 || 1708066880, 17.602162253827 , 78.126602814931, 0.01 , 0.01 ,14.00 , 9.72 , 1.04 , 0.08 , 359.76
2024-02-16 12:31:20,709 :- 00297: 231 , 13.90 , -0.00 || 1708066880, 17.602165762197 , 78.126602762957, 0.01 , 0.01 ,13.98 , 10.47 , 0.99 , -0.07 , 359.75
2024-02-16 12:31:20,739 :- 00298: 234 , 13.80 , -0.00 || 1708066880, 17.602165762197 , 78.126602762957, 0.01 , 0.01 ,13.98 , 10.45 , 0.96 , -0.17 , 359.74
2024-02-16 12:31:20,769 :- 00299: 237 , 13.90 , -0.00 || 1708066880, 17.602165762197 , 78.126602762957, 0.01 , 0.01 ,13.98 , 11.17 , 0.97 , -0.18 , 359.74
2024-02-16 12:31:20,799 :- 00300: 240 , 13.90 , -0.00 || 1708066880, 17.602169308512 , 78.126602688712, 0.01 , 0.01 ,14.24 , 11.25 , 1.01 , -0.18 , 359.73
2024-02-16 12:31:20,829 :- 00301: 243 , 13.90 , -0.00 || 1708066880, 17.602169308512 , 78.126602688712, 0.01 , 0.01 ,14.24 , 11.38 , 1.01 , -0.15 , 359.72
2024-02-16 12:31:20,859 :- 00302: 246 , 13.90 , -0.00 || 1708066880, 17.602169308512 , 78.126602688712, 0.01 , 0.01 ,14.24 , 11.01 , 1.02 , -0.06 , 359.72
2024-02-16 12:31:20,889 :- 00303: 249 , 13.90 , -0.00 || 1708066880, 17.602169308512 , 78.126602688712, 0.01 , 0.01 ,14.53 , 10.87 , 1.02 , -0.02 , 359.72
2024-02-16 12:31:20,919 :- 00304: 252 , 13.90 , -0.00 || 1708066880, 17.602172941802 , 78.126602664991, 0.01 , 0.01 ,14.53 , 10.04 , 1.01 , 0.08 , 359.72
2024-02-16 12:31:20,949 :- 00305: 255 , 14.00 , -0.00 || 1708066880, 17.602172941802 , 78.126602664991, 0.01 , 0.01 ,14.53 , 9.56 , 1.02 , 0.12 , 359.72
2024-02-16 12:31:20,979 :- 00306: 002 , 14.10 , -0.00 || 1708066880, 17.602172941802 , 78.126602664991, 0.01 , 0.01 ,14.53 , 9.23 , 1.02 , 0.17 , 359.73
2024-02-16 12:31:21,009 :- 00307: 005 , 14.10 , -0.00 || 1708066881, 17.602176609897 , 78.126602644010, 0.01 , 0.01 ,14.65 , 8.91 , 1.03 , 0.17 , 359.73
2024-02-16 12:31:21,039 :- 00308: 008 , 14.20 , -0.00 || 1708066881, 17.602176609897 , 78.126602644010, 0.01 , 0.01 ,14.65 , 8.72 , 1.03 , 0.14 , 359.72
2024-02-16 12:31:21,069 :- 00309: 011 , 14.30 , -0.00 || 1708066881, 17.602176609897 , 78.126602644010, 0.01 , 0.01 ,14.65 , 8.95 , 1.03 , 0.09 , 359.72
2024-02-16 12:31:21,099 :- 00310: 014 , 14.40 , -0.00 || 1708066881, 17.602180269809 , 78.126602596059, 0.01 , 0.01 ,14.59 , 9.32 , 1.03 , -0.01 , 359.71
2024-02-16 12:31:21,129 :- 00311: 017 , 14.40 , -0.00 || 1708066881, 17.602180269809 , 78.126602596059, 0.01 , 0.01 ,14.59 , 9.33 , 1.02 , -0.10 , 359.71
2024-02-16 12:31:21,159 :- 00312: 020 , 14.50 , -0.00 || 1708066881, 17.602180269809 , 78.126602596059, 0.01 , 0.01 ,14.59 , 9.23 , 1.02 , -0.22 , 359.70
2024-02-16 12:31:21,189 :- 00313: 023 , 14.60 , -0.00 || 1708066881, 17.602180269809 , 78.126602596059, 0.01 , 0.01 ,14.59 , 9.77 , 1.02 , -0.29 , 359.70
2024-02-16 12:31:21,219 :- 00314: 026 , 14.60 , -0.00 || 1708066881, 17.602183960689 , 78.126602563348, 0.01 , 0.01 ,14.77 , 10.10 , 0.97 , -0.46 , 359.70
2024-02-16 12:31:21,249 :- 00315: 029 , 14.70 , -0.00 || 1708066881, 17.602183960689 , 78.126602563348, 0.01 , 0.01 ,14.77 , 10.63 , 0.95 , -0.48 , 359.70
2024-02-16 12:31:21,279 :- 00316: 032 , 14.80 , -0.00 || 1708066881, 17.602183960689 , 78.126602563348, 0.01 , 0.01 ,14.77 , 10.71 , 0.92 , -0.54 , 359.70
2024-02-16 12:31:21,309 :- 00317: 035 , 14.90 , -0.00 || 1708066881, 17.602187761227 , 78.126602475003, 0.01 , 0.01 ,15.29 , 10.44 , 0.85 , -0.60 , 359.71
2024-02-16 12:31:21,339 :- 00318: 038 , 15.10 , -0.00 || 1708066881, 17.602187761227 , 78.126602475003, 0.01 , 0.01 ,15.29 , 9.89 , 0.81 , -0.58 , 359.71
2024-02-16 12:31:21,369 :- 00319: 041 , 15.20 , -0.00 || 1708066881, 17.602187761227 , 78.126602475003, 0.01 , 0.01 ,15.29 , 9.85 , 0.79 , -0.58 , 359.71
2024-02-16 12:31:21,399 :- 00320: 044 , 15.30 , -0.00 || 1708066881, 17.602191725069 , 78.126602384158, 0.01 , 0.01 ,15.96 , 9.72 , 0.77 , -0.54 , 359.71
2024-02-16 12:31:21,429 :- 00321: 047 , 15.40 , -0.00 || 1708066881, 17.602191725069 , 78.126602384158, 0.01 , 0.01 ,15.96 , 9.66 , 0.75 , -0.54 , 359.70
2024-02-16 12:31:21,459 :- 00322: 050 , 15.60 , -0.00 || 1708066881, 17.602191725069 , 78.126602384158, 0.01 , 0.01 ,15.96 , 9.83 , 0.71 , -0.52 , 359.69
2024-02-16 12:31:21,489 :- 00323: 053 , 15.70 , -0.00 || 1708066881, 17.602191725069 , 78.126602384158, 0.01 , 0.01 ,15.96 , 9.76 , 0.70 , -0.51 , 359.69
2024-02-16 12:31:21,519 :- 00324: 056 , 15.80 , -0.00 || 1708066881, 17.602195805843 , 78.126602321094, 0.01 , 0.01 ,16.36 , 9.66 , 0.67 , -0.53 , 359.68
2024-02-16 12:31:21,549 :- 00325: 059 , 15.90 , -0.00 || 1708066881, 17.602195805843 , 78.126602321094, 0.01 , 0.01 ,16.36 , 9.94 , 0.68 , -0.54 , 359.68
2024-02-16 12:31:21,579 :- 00326: 062 , 16.10 , -0.00 || 1708066881, 17.602195805843 , 78.126602321094, 0.01 , 0.01 ,16.36 , 10.13 , 0.69 , -0.52 , 359.68
2024-02-16 12:31:21,609 :- 00327: 065 , 16.20 , -0.00 || 1708066881, 17.602199998788 , 78.126602270860, 0.01 , 0.01 ,16.78 , 10.00 , 0.69 , -0.55 , 359.68
2024-02-16 12:31:21,639 :- 00328: 068 , 16.30 , -0.00 || 1708066881, 17.602199998788 , 78.126602270860, 0.01 , 0.01 ,16.78 , 10.35 , 0.72 , -0.51 , 359.68
2024-02-16 12:31:21,669 :- 00329: 071 , 16.50 , -0.00 || 1708066881, 17.602199998788 , 78.126602270860, 0.01 , 0.01 ,16.78 , 10.19 , 0.71 , -0.50 , 359.68
2024-02-16 12:31:21,699 :- 00330: 074 , 16.60 , -0.00 || 1708066881, 17.602204290393 , 78.126602232120, 0.01 , 0.01 ,17.24 , 9.71 , 0.70 , -0.52 , 359.68
2024-02-16 12:31:21,729 :- 00331: 077 , 16.70 , -0.00 || 1708066881, 17.602204290393 , 78.126602232120, 0.01 , 0.01 ,17.24 , 10.52 , 0.70 , -0.46 , 359.68
2024-02-16 12:31:21,759 :- 00332: 080 , 16.90 , -0.00 || 1708066881, 17.602204290393 , 78.126602232120, 0.01 , 0.01 ,17.24 , 9.38 , 0.64 , -0.46 , 359.68
2024-02-16 12:31:21,789 :- 00333: 083 , 17.00 , -0.00 || 1708066881, 17.602204290393 , 78.126602232120, 0.01 , 0.01 ,17.76 , 9.46 , 0.63 , -0.45 , 359.68
2024-02-16 12:31:21,819 :- 00334: 086 , 17.20 , -0.00 || 1708066881, 17.602208712827 , 78.126602164844, 0.01 , 0.01 ,17.76 , 9.33 , 0.61 , -0.41 , 359.68
2024-02-16 12:31:21,849 :- 00335: 089 , 17.30 , -0.00 || 1708066881, 17.602208712827 , 78.126602164844, 0.01 , 0.01 ,17.76 , 9.31 , 0.59 , -0.41 , 359.68
2024-02-16 12:31:21,879 :- 00336: 092 , 17.40 , -0.00 || 1708066881, 17.602208712827 , 78.126602164844, 0.01 , 0.01 ,17.76 , 9.11 , 0.59 , -0.44 , 359.68
2024-02-16 12:31:21,909 :- 00337: 095 , 17.50 , -0.00 || 1708066881, 17.602213212049 , 78.126602083721, 0.01 , 0.01 ,17.98 , 9.63 , 0.57 , -0.46 , 359.67
2024-02-16 12:31:21,938 :- 00338: 095 , 17.50 , -0.00 || 1708066881, 17.602213212049 , 78.126602083721, 0.01 , 0.01 ,17.98 , 9.63 , 0.57 , -0.46 , 359.671708066881, 17.602213212049 , 78.126602083721, 0.01 , 0.01 ,17.98 , 10.07 , 0.57 , -0.48 , 359.67
2024-02-16 12:31:21,969 :- 00339: 101 , 17.70 , -0.00 || 1708066881, 17.602213212049 , 78.126602083721, 0.01 , 0.01 ,17.98 , 9.63 , 0.55 , -0.53 , 359.67
2024-02-16 12:31:21,999 :- 00340: 104 , 17.80 , -0.00 || 1708066881, 17.602213212049 , 78.126602083721, 0.01 , 0.01 ,17.98 , 10.36 , 0.55 , -0.54 , 359.66
2024-02-16 12:31:22,029 :- 00341: 107 , 17.90 , -0.00 || 1708066882, 17.602217804418 , 78.126602020558, 0.01 , 0.01 ,18.39 , 10.21 , 0.55 , -0.55 , 359.66
2024-02-16 12:31:22,059 :- 00342: 110 , 18.00 , -0.00 || 1708066882, 17.602217804418 , 78.126602020558, 0.01 , 0.01 ,18.39 , 10.05 , 0.55 , -0.57 , 359.66
2024-02-16 12:31:22,089 :- 00343: 113 , 18.20 , -0.00 || 1708066882, 17.602217804418 , 78.126602020558, 0.01 , 0.01 ,18.81 , 10.22 , 0.58 , -0.55 , 359.66
2024-02-16 12:31:22,119 :- 00344: 116 , 18.30 , -0.00 || 1708066882, 17.602222490721 , 78.126601962591, 0.01 , 0.01 ,18.81 , 9.88 , 0.58 , -0.57 , 359.65
2024-02-16 12:31:22,149 :- 00345: 119 , 18.40 , -0.00 || 1708066882, 17.602222490721 , 78.126601962591, 0.01 , 0.01 ,18.81 , 10.39 , 0.60 , -0.53 , 359.65
2024-02-16 12:31:22,179 :- 00346: 122 , 18.50 , -0.00 || 1708066882, 17.602222490721 , 78.126601962591, 0.01 , 0.01 ,18.81 , 10.38 , 0.62 , -0.48 , 359.65
2024-02-16 12:31:22,209 :- 00347: 125 , 18.60 , -0.00 || 1708066882, 17.602227302895 , 78.126601918434, 0.01 , 0.01 ,19.30 , 9.17 , 0.58 , -0.49 , 359.65
2024-02-16 12:31:22,239 :- 00348: 128 , 18.70 , -0.00 || 1708066882, 17.602227302895 , 78.126601918434, 0.01 , 0.01 ,19.30 , 9.89 , 0.61 , -0.38 , 359.64
2024-02-16 12:31:22,269 :- 00349: 131 , 18.80 , -0.00 || 1708066882, 17.602227302895 , 78.126601918434, 0.01 , 0.01 ,19.30 , 9.47 , 0.60 , -0.38 , 359.64
2024-02-16 12:31:22,299 :- 00350: 134 , 18.90 , -0.00 || 1708066882, 17.602232223923 , 78.126601856610, 0.01 , 0.01 ,19.71 , 9.52 , 0.59 , -0.35 , 359.63
2024-02-16 12:31:22,329 :- 00351: 137 , 19.10 , -0.00 || 1708066882, 17.602232223923 , 78.126601856610, 0.01 , 0.01 ,19.71 , 9.14 , 0.60 , -0.35 , 359.63
2024-02-16 12:31:22,359 :- 00352: 140 , 19.20 , -0.00 || 1708066882, 17.602232223923 , 78.126601856610, 0.01 , 0.01 ,19.71 , 10.03 , 0.63 , -0.31 , 359.62
2024-02-16 12:31:22,389 :- 00353: 143 , 19.30 , -0.00 || 1708066882, 17.602232223923 , 78.126601856610, 0.01 , 0.01 ,19.99 , 9.59 , 0.62 , -0.32 , 359.61
2024-02-16 12:31:22,419 :- 00354: 146 , 19.40 , -0.00 || 1708066882, 17.602237216661 , 78.126601803944, 0.01 , 0.01 ,19.99 , 10.02 , 0.66 , -0.31 , 359.61
2024-02-16 12:31:22,449 :- 00355: 149 , 19.50 , -0.00 || 1708066882, 17.602237216661 , 78.126601803944, 0.01 , 0.01 ,19.99 , 10.01 , 0.66 , -0.28 , 359.60
2024-02-16 12:31:22,479 :- 00356: 152 , 19.60 , -0.00 || 1708066882, 17.602237216661 , 78.126601803944, 0.01 , 0.01 ,19.99 , 10.00 , 0.66 , -0.29 , 359.60
2024-02-16 12:31:22,509 :- 00357: 155 , 19.70 , -0.00 || 1708066882, 17.602242310909 , 78.126601751519, 0.01 , 0.01 ,20.44 , 9.99 , 0.65 , -0.28 , 359.60
2024-02-16 12:31:22,539 :- 00358: 158 , 19.90 , -0.00 || 1708066882, 17.602242310909 , 78.126601751519, 0.01 , 0.01 ,20.44 , 9.77 , 0.65 , -0.25 , 359.59
2024-02-16 12:31:22,569 :- 00359: 161 , 20.00 , -0.00 || 1708066882, 17.602242310909 , 78.126601751519, 0.01 , 0.01 ,20.44 , 9.74 , 0.66 , -0.24 , 359.59
2024-02-16 12:31:22,599 :- 00360: 164 , 20.10 , -0.00 || 1708066882, 17.602247514512 , 78.126601673451, 0.01 , 0.01 ,20.81 , 9.79 , 0.68 , -0.19 , 359.58
2024-02-16 12:31:22,629 :- 00361: 167 , 20.20 , -0.00 || 1708066882, 17.602247514512 , 78.126601673451, 0.01 , 0.01 ,20.81 , 9.63 , 0.69 , -0.18 , 359.57
2024-02-16 12:31:22,659 :- 00362: 170 , 20.40 , -0.00 || 1708066882, 17.602247514512 , 78.126601673451, 0.01 , 0.01 ,20.81 , 9.40 , 0.74 , -0.17 , 359.56
2024-02-16 12:31:22,689 :- 00363: 173 , 20.50 , -0.00 || 1708066882, 17.602247514512 , 78.126601673451, 0.01 , 0.01 ,21.18 , 9.64 , 0.76 , -0.16 , 359.56
2024-02-16 12:31:22,719 :- 00364: 176 , 20.60 , -0.00 || 1708066882, 17.602252817608 , 78.126601629825, 0.01 , 0.01 ,21.18 , 9.55 , 0.77 , -0.17 , 359.55
2024-02-16 12:31:22,749 :- 00365: 179 , 20.70 , -0.00 || 1708066882, 17.602252817608 , 78.126601629825, 0.01 , 0.01 ,21.18 , 9.29 , 0.78 , -0.18 , 359.55
2024-02-16 12:31:22,779 :- 00366: 182 , 20.80 , -0.00 || 1708066882, 17.602252817608 , 78.126601629825, 0.01 , 0.01 ,21.18 , 9.66 , 0.76 , -0.18 , 359.55
2024-02-16 12:31:22,809 :- 00367: 185 , 20.90 , -0.00 || 1708066882, 17.602258184730 , 78.126601573519, 0.01 , 0.01 ,21.48 , 10.18 , 0.78 , -0.20 , 359.55
2024-02-16 12:31:22,839 :- 00368: 188 , 21.00 , -0.00 || 1708066882, 17.602258184730 , 78.126601573519, 0.01 , 0.01 ,21.48 , 9.95 , 0.77 , -0.22 , 359.54
2024-02-16 12:31:22,869 :- 00369: 191 , 21.10 , -0.00 || 1708066882, 17.602258184730 , 78.126601573519, 0.01 , 0.01 ,21.48 , 10.18 , 0.76 , -0.21 , 359.54
2024-02-16 12:31:22,899 :- 00370: 194 , 21.20 , -0.00 || 1708066882, 17.602263640384 , 78.126601488525, 0.01 , 0.01 ,21.75 , 10.25 , 0.76 , -0.21 , 359.53
2024-02-16 12:31:22,929 :- 00371: 197 , 21.20 , -0.00 || 1708066882, 17.602263640384 , 78.126601488525, 0.01 , 0.01 ,21.75 , 10.04 , 0.77 , -0.19 , 359.53
2024-02-16 12:31:22,959 :- 00372: 200 , 21.40 , -0.00 || 1708066882, 17.602263640384 , 78.126601488525, 0.01 , 0.01 ,21.75 , 9.90 , 0.78 , -0.15 , 359.52
2024-02-16 12:31:22,989 :- 00373: 203 , 21.40 , -0.00 || 1708066882, 17.602263640384 , 78.126601488525, 0.01 , 0.01 ,21.75 , 9.66 , 0.78 , -0.15 , 359.52
2024-02-16 12:31:23,019 :- 00374: 206 , 21.50 , -0.00 || 1708066883, 17.602269181073 , 78.126601418555, 0.01 , 0.01 ,22.20 , 9.97 , 0.79 , -0.12 , 359.51
2024-02-16 12:31:23,049 :- 00375: 209 , 21.60 , -0.00 || 1708066883, 17.602269181073 , 78.126601418555, 0.01 , 0.01 ,22.20 , 9.89 , 0.81 , -0.07 , 359.50
2024-02-16 12:31:23,109 :- 00376: 215 , 21.70 , -0.00 || 1708066883, 17.602274789421 , 78.126601341400, 0.01 , 0.01 ,22.39 , 9.43 , 0.84 , -0.01 , 359.48
2024-02-16 12:31:23,139 :- 00377: 218 , 21.80 , -0.00 || 1708066883, 17.602274789421 , 78.126601341400, 0.01 , 0.01 ,22.39 , 10.02 , 0.86 , 0.02 , 359.48
2024-02-16 12:31:23,169 :- 00378: 221 , 21.80 , -0.00 || 1708066883, 17.602274789421 , 78.126601341400, 0.01 , 0.01 ,22.39 , 9.73 , 0.86 , 0.04 , 359.47
2024-02-16 12:31:23,199 :- 00379: 224 , 21.90 , -0.00 || 1708066883, 17.602280441930 , 78.126601272504, 0.01 , 0.01 ,22.60 , 9.95 , 0.84 , 0.07 , 359.47
2024-02-16 12:31:23,229 :- 00380: 227 , 22.00 , -0.00 || 1708066883, 17.602280441930 , 78.126601272504, 0.01 , 0.01 ,22.60 , 9.54 , 0.84 , 0.09 , 359.46
2024-02-16 12:31:23,259 :- 00381: 230 , 22.00 , -0.00 || 1708066883, 17.602280441930 , 78.126601272504, 0.01 , 0.01 ,22.60 , 9.62 , 0.86 , 0.12 , 359.46
2024-02-16 12:31:23,289 :- 00382: 233 , 22.10 , -0.00 || 1708066883, 17.602280441930 , 78.126601272504, 0.01 , 0.01 ,22.82 , 9.99 , 0.90 , 0.13 , 359.45
2024-02-16 12:31:23,319 :- 00383: 236 , 22.20 , -0.00 || 1708066883, 17.602286158831 , 78.126601195296, 0.01 , 0.01 ,22.82 , 9.59 , 0.93 , 0.10 , 359.44
2024-02-16 12:31:23,349 :- 00384: 239 , 22.20 , -0.00 || 1708066883, 17.602286158831 , 78.126601195296, 0.01 , 0.01 ,22.82 , 9.48 , 0.97 , 0.14 , 359.43
2024-02-16 12:31:23,379 :- 00385: 242 , 22.30 , -0.00 || 1708066883, 17.602286158831 , 78.126601195296, 0.01 , 0.01 ,22.82 , 9.78 , 1.02 , 0.08 , 359.42
2024-02-16 12:31:23,409 :- 00386: 245 , 22.40 , -0.00 || 1708066883, 17.602291892297 , 78.126601147588, 0.01 , 0.01 ,22.90 , 9.97 , 1.04 , 0.07 , 359.42
2024-02-16 12:31:23,439 :- 00387: 248 , 22.40 , -0.00 || 1708066883, 17.602291892297 , 78.126601147588, 0.01 , 0.01 ,22.90 , 9.32 , 1.09 , 0.10 , 359.42
2024-02-16 12:31:23,469 :- 00388: 251 , 22.50 , -0.00 || 1708066883, 17.602291892297 , 78.126601147588, 0.01 , 0.01 ,22.90 , 9.75 , 1.11 , 0.08 , 359.42
2024-02-16 12:31:23,499 :- 00389: 254 , 22.50 , -0.00 || 1708066883, 17.602297683327 , 78.126601093150, 0.01 , 0.01 ,23.10 , 10.05 , 1.16 , 0.09 , 359.42
2024-02-16 12:31:23,529 :- 00390: 001 , 22.60 , -0.00 || 1708066883, 17.602297683327 , 78.126601093150, 0.01 , 0.01 ,23.10 , 9.73 , 1.17 , 0.09 , 359.42
2024-02-16 12:31:23,559 :- 00391: 004 , 22.70 , -0.00 || 1708066883, 17.602297683327 , 78.126601093150, 0.01 , 0.01 ,23.10 , 9.43 , 1.16 , 0.06 , 359.41
2024-02-16 12:31:23,589 :- 00392: 007 , 22.70 , -0.00 || 1708066883, 17.602297683327 , 78.126601093150, 0.01 , 0.01 ,23.10 , 10.16 , 1.18 , 0.08 , 359.41
2024-02-16 12:31:23,619 :- 00393: 010 , 22.80 , -0.00 || 1708066883, 17.602303534553 , 78.126601022500, 0.01 , 0.01 ,23.32 , 9.84 , 1.16 , 0.03 , 359.40
2024-02-16 12:31:23,649 :- 00394: 013 , 22.80 , -0.00 || 1708066883, 17.602303534553 , 78.126601022500, 0.01 , 0.01 ,23.32 , 10.15 , 1.16 , 0.04 , 359.40
2024-02-16 12:31:23,679 :- 00395: 016 , 22.90 , -0.00 || 1708066883, 17.602303534553 , 78.126601022500, 0.01 , 0.01 ,23.32 , 10.14 , 1.17 , 0.03 , 359.40
2024-02-16 12:31:23,709 :- 00396: 019 , 23.00 , -0.00 || 1708066883, 17.602309420950 , 78.126600915011, 0.01 , 0.01 ,23.51 , 9.73 , 1.13 , 0.00 , 359.39
2024-02-16 12:31:23,739 :- 00397: 022 , 23.00 , -0.00 || 1708066883, 17.602309420950 , 78.126600915011, 0.01 , 0.01 ,23.51 , 10.38 , 1.15 , 0.03 , 359.38
2024-02-16 12:31:23,769 :- 00398: 025 , 23.10 , -0.00 || 1708066883, 17.602309420950 , 78.126600915011, 0.01 , 0.01 ,23.51 , 9.92 , 1.14 , 0.02 , 359.37
2024-02-16 12:31:23,799 :- 00399: 028 , 23.20 , -0.00 || 1708066883, 17.602315357242 , 78.126600805834, 0.01 , 0.01 ,23.71 , 8.95 , 1.11 , 0.02 , 359.36
2024-02-16 12:31:23,829 :- 00400: 031 , 23.20 , -0.00 || 1708066883, 17.602315357242 , 78.126600805834, 0.01 , 0.01 ,23.71 , 9.28 , 1.13 , 0.01 , 359.35
2024-02-16 12:31:23,858 :- 00401: 031 , 23.20 , -0.00 || 1708066883, 17.602315357242 , 78.126600805834, 0.01 , 0.01 ,23.71 , 9.28 , 1.13 , 0.01 , 359.351708066883, 17.602315357242 , 78.126600805834, 0.01 , 0.01 ,23.71 , 10.16 , 1.16 , -0.02 , 359.34
2024-02-16 12:31:23,889 :- 00402: 037 , 23.30 , -0.00 || 1708066883, 17.602315357242 , 78.126600805834, 0.01 , 0.01 ,23.89 , 9.82 , 1.17 , -0.05 , 359.33
2024-02-16 12:31:23,919 :- 00403: 040 , 23.30 , -0.00 || 1708066883, 17.602321343627 , 78.126600718727, 0.01 , 0.01 ,23.89 , 9.99 , 1.20 , -0.05 , 359.32
2024-02-16 12:31:23,949 :- 00404: 043 , 23.40 , -0.00 || 1708066883, 17.602321343627 , 78.126600718727, 0.01 , 0.01 ,23.89 , 10.07 , 1.20 , -0.06 , 359.31
2024-02-16 12:31:23,979 :- 00405: 046 , 23.40 , -0.00 || 1708066883, 17.602321343627 , 78.126600718727, 0.01 , 0.01 ,23.89 , 9.92 , 1.18 , -0.07 , 359.31
2024-02-16 12:31:24,009 :- 00406: 049 , 23.50 , -0.00 || 1708066884, 17.602321343627 , 78.126600718727, 0.01 , 0.01 ,24.14 , 10.23 , 1.20 , -0.05 , 359.31
2024-02-16 12:31:24,040 :- 00407: 052 , 23.50 , -0.00 || 1708066884, 17.602327377337 , 78.126600625465, 0.01 , 0.01 ,24.14 , 9.97 , 1.17 , -0.03 , 359.31
2024-02-16 12:31:24,069 :- 00408: 055 , 23.60 , -0.00 || 1708066884, 17.602327377337 , 78.126600625465, 0.01 , 0.01 ,24.14 , 9.81 , 1.17 , -0.01 , 359.31
2024-02-16 12:31:24,099 :- 00409: 058 , 23.60 , -0.00 || 1708066884, 17.602333464888 , 78.126600502526, 0.01 , 0.01 ,24.36 , 9.98 , 1.17 , 0.03 , 359.30
2024-02-16 12:31:24,129 :- 00410: 061 , 23.70 , -0.00 || 1708066884, 17.602333464888 , 78.126600502526, 0.01 , 0.01 ,24.36 , 9.76 , 1.15 , 0.05 , 359.30
2024-02-16 12:31:24,159 :- 00411: 064 , 23.80 , -0.00 || 1708066884, 17.602333464888 , 78.126600502526, 0.01 , 0.01 ,24.36 , 9.81 , 1.15 , 0.06 , 359.29
2024-02-16 12:31:24,189 :- 00412: 067 , 23.80 , -0.00 || 1708066884, 17.602333464888 , 78.126600502526, 0.01 , 0.01 ,24.48 , 10.00 , 1.15 , 0.09 , 359.29
2024-02-16 12:31:24,219 :- 00413: 070 , 23.80 , -0.00 || 1708066884, 17.602339602944 , 78.126600393671, 0.01 , 0.01 ,24.48 , 9.56 , 1.13 , 0.07 , 359.29
2024-02-16 12:31:24,249 :- 00414: 073 , 23.90 , -0.00 || 1708066884, 17.602339602944 , 78.126600393671, 0.01 , 0.01 ,24.48 , 9.33 , 1.12 , 0.07 , 359.28
2024-02-16 12:31:24,279 :- 00415: 076 , 24.00 , -0.00 || 1708066884, 17.602339602944 , 78.126600393671, 0.01 , 0.01 ,24.48 , 9.59 , 1.13 , 0.05 , 359.28
2024-02-16 12:31:24,309 :- 00416: 079 , 24.00 , -0.00 || 1708066884, 17.602345752776 , 78.126600263828, 0.01 , 0.01 ,24.52 , 9.85 , 1.12 , 0.05 , 359.28
2024-02-16 12:31:24,339 :- 00417: 082 , 24.10 , -0.00 || 1708066884, 17.602345752776 , 78.126600263828, 0.01 , 0.01 ,24.52 , 9.60 , 1.08 , -0.00 , 359.27
2024-02-16 12:31:24,369 :- 00418: 085 , 24.10 , -0.00 || 1708066884, 17.602345752776 , 78.126600263828, 0.01 , 0.01 ,24.52 , 9.93 , 1.09 , 0.01 , 359.26
2024-02-16 12:31:24,399 :- 00419: 088 , 24.20 , -0.00 || 1708066884, 17.602351942717 , 78.126600157473, 0.01 , 0.01 ,24.76 , 9.39 , 1.11 , 0.00 , 359.25
2024-02-16 12:31:24,429 :- 00420: 091 , 24.20 , -0.00 || 1708066884, 17.602351942717 , 78.126600157473, 0.01 , 0.01 ,24.76 , 9.82 , 1.12 , -0.03 , 359.25
2024-02-16 12:31:24,459 :- 00421: 094 , 24.20 , -0.00 || 1708066884, 17.602351942717 , 78.126600157473, 0.01 , 0.01 ,24.76 , 9.72 , 1.14 , -0.01 , 359.24
2024-02-16 12:31:24,489 :- 00422: 097 , 24.20 , -0.00 || 1708066884, 17.602351942717 , 78.126600157473, 0.01 , 0.01 ,24.76 , 10.41 , 1.16 , -0.01 , 359.24
2024-02-16 12:31:24,519 :- 00423: 100 , 24.30 , -0.00 || 1708066884, 17.602358185832 , 78.126600059563, 0.01 , 0.01 ,24.89 , 9.70 , 1.15 , -0.02 , 359.23
2024-02-16 12:31:24,549 :- 00424: 103 , 24.30 , -0.00 || 1708066884, 17.602358185832 , 78.126600059563, 0.01 , 0.01 ,24.89 , 10.65 , 1.18 , 0.01 , 359.23
2024-02-16 12:31:24,579 :- 00425: 106 , 24.40 , -0.00 || 1708066884, 17.602358185832 , 78.126600059563, 0.01 , 0.01 ,24.89 , 10.13 , 1.19 , 0.02 , 359.22
2024-02-16 12:31:24,609 :- 00426: 109 , 24.40 , -0.00 || 1708066884, 17.602364469878 , 78.126599938030, 0.01 , 0.01 ,25.08 , 10.33 , 1.21 , 0.05 , 359.22
2024-02-16 12:31:24,639 :- 00427: 112 , 24.50 , -0.00 || 1708066884, 17.602364469878 , 78.126599938030, 0.01 , 0.01 ,25.08 , 8.72 , 1.21 , 0.05 , 359.21
2024-02-16 12:31:24,669 :- 00428: 115 , 24.50 , -0.00 || 1708066884, 17.602364469878 , 78.126599938030, 0.01 , 0.01 ,25.08 , 10.60 , 1.27 , 0.08 , 359.20
2024-02-16 12:31:24,699 :- 00429: 118 , 24.60 , -0.00 || 1708066884, 17.602370802602 , 78.126599855241, 0.01 , 0.01 ,25.25 , 9.11 , 1.25 , 0.05 , 359.20
2024-02-16 12:31:24,729 :- 00430: 121 , 24.70 , -0.00 || 1708066884, 17.602370802602 , 78.126599855241, 0.01 , 0.01 ,25.25 , 9.46 , 1.26 , 0.04 , 359.19
2024-02-16 12:31:24,759 :- 00431: 124 , 24.70 , -0.00 || 1708066884, 17.602370802602 , 78.126599855241, 0.01 , 0.01 ,25.25 , 9.56 , 1.30 , 0.06 , 359.19
2024-02-16 12:31:24,789 :- 00432: 127 , 24.70 , -0.00 || 1708066884, 17.602370802602 , 78.126599855241, 0.01 , 0.01 ,25.22 , 10.32 , 1.32 , 0.04 , 359.19
2024-02-16 12:31:24,819 :- 00433: 130 , 24.80 , -0.00 || 1708066884, 17.602377134246 , 78.126599730963, 0.01 , 0.01 ,25.22 , 8.79 , 1.27 , 0.03 , 359.18
2024-02-16 12:31:24,849 :- 00434: 133 , 24.80 , -0.00 || 1708066884, 17.602377134246 , 78.126599730963, 0.01 , 0.01 ,25.22 , 10.07 , 1.30 , 0.04 , 359.18
2024-02-16 12:31:24,879 :- 00435: 136 , 24.80 , -0.00 || 1708066884, 17.602377134246 , 78.126599730963, 0.01 , 0.01 ,25.22 , 9.76 , 1.31 , 0.01 , 359.17
2024-02-16 12:31:24,909 :- 00436: 139 , 24.80 , -0.00 || 1708066884, 17.602383512173 , 78.126599596285, 0.01 , 0.01 ,25.40 , 10.09 , 1.29 , -0.01 , 359.17
2024-02-16 12:31:24,939 :- 00437: 142 , 24.90 , -0.00 || 1708066884, 17.602383512173 , 78.126599596285, 0.01 , 0.01 ,25.40 , 10.15 , 1.34 , -0.00 , 359.16
2024-02-16 12:31:24,969 :- 00438: 145 , 24.90 , -0.00 || 1708066884, 17.602383512173 , 78.126599596285, 0.01 , 0.01 ,25.40 , 10.19 , 1.34 , 0.01 , 359.16
2024-02-16 12:31:24,999 :- 00439: 148 , 24.90 , -0.00 || 1708066884, 17.602383512173 , 78.126599596285, 0.01 , 0.01 ,25.40 , 9.93 , 1.35 , 0.01 , 359.16
2024-02-16 12:31:25,029 :- 00440: 151 , 25.00 , -0.00 || 1708066885, 17.602389919850 , 78.126599474580, 0.01 , 0.01 ,25.63 , 10.18 , 1.38 , 0.04 , 359.15
2024-02-16 12:31:25,059 :- 00441: 154 , 25.00 , -0.00 || 1708066885, 17.602389919850 , 78.126599474580, 0.01 , 0.01 ,25.63 , 9.98 , 1.38 , 0.06 , 359.15
2024-02-16 12:31:25,089 :- 00442: 157 , 25.10 , -0.00 || 1708066885, 17.602389919850 , 78.126599474580, 0.01 , 0.01 ,25.80 , 9.47 , 1.40 , 0.08 , 359.15
2024-02-16 12:31:25,119 :- 00443: 160 , 25.10 , -0.00 || 1708066885, 17.602396382164 , 78.126599357644, 0.01 , 0.01 ,25.80 , 9.63 , 1.45 , 0.12 , 359.14
2024-02-16 12:31:25,149 :- 00444: 163 , 25.20 , -0.00 || 1708066885, 17.602396382164 , 78.126599357644, 0.01 , 0.01 ,25.80 , 9.52 , 1.47 , 0.11 , 359.14
2024-02-16 12:31:25,179 :- 00445: 166 , 25.20 , -0.00 || 1708066885, 17.602396382164 , 78.126599357644, 0.01 , 0.01 ,25.80 , 9.89 , 1.51 , 0.12 , 359.14
2024-02-16 12:31:25,209 :- 00446: 169 , 25.20 , -0.00 || 1708066885, 17.602402861158 , 78.126599264019, 0.01 , 0.01 ,25.88 , 9.70 , 1.57 , 0.11 , 359.13
2024-02-16 12:31:25,239 :- 00447: 172 , 25.20 , -0.00 || 1708066885, 17.602402861158 , 78.126599264019, 0.01 , 0.01 ,25.88 , 9.67 , 1.61 , 0.09 , 359.13
2024-02-16 12:31:25,269 :- 00448: 175 , 25.30 , -0.00 || 1708066885, 17.602402861158 , 78.126599264019, 0.01 , 0.01 ,25.88 , 9.35 , 1.63 , 0.09 , 359.13
2024-02-16 12:31:25,299 :- 00449: 178 , 25.30 , -0.00 || 1708066885, 17.602409347123 , 78.126599169021, 0.01 , 0.01 ,25.84 , 9.83 , 1.65 , 0.07 , 359.13
2024-02-16 12:31:25,329 :- 00450: 181 , 25.40 , -0.00 || 1708066885, 17.602409347123 , 78.126599169021, 0.01 , 0.01 ,25.84 , 9.83 , 1.65 , 0.04 , 359.13
2024-02-16 12:31:25,359 :- 00451: 184 , 25.40 , -0.00 || 1708066885, 17.602409347123 , 78.126599169021, 0.01 , 0.01 ,25.84 , 10.01 , 1.67 , 0.05 , 359.12
2024-02-16 12:31:25,389 :- 00452: 187 , 25.40 , -0.00 || 1708066885, 17.602409347123 , 78.126599169021, 0.01 , 0.01 ,26.06 , 9.88 , 1.69 , 0.06 , 359.12
2024-02-16 12:31:25,419 :- 00453: 190 , 25.40 , -0.00 || 1708066885, 17.602415877589 , 78.126599040589, 0.01 , 0.01 ,26.06 , 9.86 , 1.71 , 0.06 , 359.11
2024-02-16 12:31:25,449 :- 00454: 193 , 25.50 , -0.00 || 1708066885, 17.602415877589 , 78.126599040589, 0.01 , 0.01 ,26.06 , 9.93 , 1.74 , 0.08 , 359.11
2024-02-16 12:31:25,479 :- 00455: 196 , 25.50 , -0.00 || 1708066885, 17.602415877589 , 78.126599040589, 0.01 , 0.01 ,26.06 , 9.98 , 1.78 , 0.09 , 359.09
2024-02-16 12:31:25,509 :- 00456: 199 , 25.50 , -0.00 || 1708066885, 17.602422451581 , 78.126598926036, 0.01 , 0.01 ,26.26 , 10.07 , 1.81 , 0.10 , 359.09
2024-02-16 12:31:25,539 :- 00457: 202 , 25.50 , -0.00 || 1708066885, 17.602422451581 , 78.126598926036, 0.01 , 0.01 ,26.26 , 9.84 , 1.84 , 0.15 , 359.08
2024-02-16 12:31:25,569 :- 00458: 205 , 25.60 , -0.00 || 1708066885, 17.602422451581 , 78.126598926036, 0.01 , 0.01 ,26.26 , 10.20 , 1.86 , 0.16 , 359.07
2024-02-16 12:31:25,599 :- 00459: 208 , 25.60 , -0.00 || 1708066885, 17.602429045713 , 78.126598828846, 0.01 , 0.01 ,26.31 , 9.52 , 1.87 , 0.20 , 359.06
2024-02-16 12:31:25,629 :- 00460: 211 , 25.60 , -0.00 || 1708066885, 17.602429045713 , 78.126598828846, 0.01 , 0.01 ,26.31 , 10.03 , 1.88 , 0.21 , 359.06
2024-02-16 12:31:25,659 :- 00461: 214 , 25.70 , -0.00 || 1708066885, 17.602429045713 , 78.126598828846, 0.01 , 0.01 ,26.31 , 9.60 , 1.88 , 0.25 , 359.05
2024-02-16 12:31:25,689 :- 00462: 217 , 25.80 , -0.00 || 1708066885, 17.602429045713 , 78.126598828846, 0.01 , 0.01 ,26.49 , 8.92 , 1.88 , 0.25 , 359.05
2024-02-16 12:31:25,719 :- 00463: 220 , 25.80 , -0.00 || 1708066885, 17.602435675404 , 78.126598700173, 0.01 , 0.01 ,26.49 , 9.59 , 1.89 , 0.25 , 359.05
2024-02-16 12:31:25,749 :- 00464: 223 , 25.80 , -0.00 || 1708066885, 17.602435675404 , 78.126598700173, 0.01 , 0.01 ,26.49 , 9.83 , 1.88 , 0.24 , 359.04
2024-02-16 12:31:25,778 :- 00465: 223 , 25.80 , -0.00 || 1708066885, 17.602435675404 , 78.126598700173, 0.01 , 0.01 ,26.49 , 9.83 , 1.88 , 0.24 , 359.041708066885, 17.602435675404 , 78.126598700173, 0.01 , 0.01 ,26.49 , 9.44 , 1.85 , 0.25 , 359.04
2024-02-16 12:31:25,809 :- 00466: 229 , 25.80 , -0.00 || 1708066885, 17.602442264816 , 78.126598678735, 0.01 , 0.01 ,26.38 , 9.99 , 1.82 , 0.23 , 359.03
2024-02-16 12:31:25,839 :- 00467: 232 , 25.80 , -0.00 || 1708066885, 17.602442264816 , 78.126598678735, 0.01 , 0.01 ,26.38 , 9.72 , 1.79 , 0.22 , 359.03
2024-02-16 12:31:25,869 :- 00468: 235 , 25.90 , -0.00 || 1708066885, 17.602442264816 , 78.126598678735, 0.01 , 0.01 ,26.38 , 9.53 , 1.76 , 0.21 , 359.02
2024-02-16 12:31:25,899 :- 00469: 238 , 25.90 , -0.00 || 1708066885, 17.602448909472 , 78.126598506051, 0.01 , 0.01 ,26.51 , 9.96 , 1.77 , 0.19 , 359.02
2024-02-16 12:31:25,929 :- 00470: 241 , 25.90 , -0.00 || 1708066885, 17.602448909472 , 78.126598506051, 0.01 , 0.01 ,26.51 , 10.40 , 1.76 , 0.20 , 359.01
2024-02-16 12:31:25,959 :- 00471: 244 , 25.90 , -0.00 || 1708066885, 17.602448909472 , 78.126598506051, 0.01 , 0.01 ,26.51 , 9.78 , 1.71 , 0.21 , 359.00
2024-02-16 12:31:25,989 :- 00472: 247 , 25.90 , -0.00 || 1708066885, 17.602448909472 , 78.126598506051, 0.01 , 0.01 ,26.51 , 9.78 , 1.71 , 0.21 , 359.00
2024-02-16 12:31:26,019 :- 00473: 250 , 26.00 , -0.00 || 1708066886, 17.602455578904 , 78.126598344709, 0.01 , 0.01 ,26.66 , 10.31 , 1.72 , 0.25 , 358.99
2024-02-16 12:31:26,049 :- 00474: 253 , 26.00 , -0.00 || 1708066886, 17.602455578904 , 78.126598344709, 0.01 , 0.01 ,26.66 , 10.06 , 1.68 , 0.26 , 358.99
2024-02-16 12:31:26,079 :- 00475: 000 , 26.00 , -0.00 || 1708066886, 17.602455578904 , 78.126598344709, 0.01 , 0.01 ,26.66 , 9.78 , 1.64 , 0.29 , 358.98
2024-02-16 12:31:26,109 :- 00476: 003 , 26.00 , -0.10 || 1708066886, 17.602462262652 , 78.126598169448, 0.01 , 0.01 ,26.66 , 10.09 , 1.62 , 0.31 , 358.98
2024-02-16 12:31:26,139 :- 00477: 006 , 26.00 , -0.20 || 1708066886, 17.602462262652 , 78.126598169448, 0.01 , 0.01 ,26.66 , 9.76 , 1.58 , 0.34 , 358.97
2024-02-16 12:31:26,169 :- 00478: 009 , 26.00 , -0.40 || 1708066886, 17.602462262652 , 78.126598169448, 0.01 , 0.01 ,26.66 , 9.44 , 1.56 , 0.35 , 358.97
2024-02-16 12:31:26,199 :- 00479: 012 , 26.00 , -0.60 || 1708066886, 17.602468942940 , 78.126597987969, 0.01 , 0.01 ,26.59 , 9.48 , 1.54 , 0.38 , 358.97
2024-02-16 12:31:26,229 :- 00480: 015 , 26.00 , -0.80 || 1708066886, 17.602468942940 , 78.126597987969, 0.01 , 0.01 ,26.59 , 9.90 , 1.52 , 0.40 , 358.98
2024-02-16 12:31:26,259 :- 00481: 018 , 26.00 , -1.00 || 1708066886, 17.602468942940 , 78.126597987969, 0.01 , 0.01 ,26.59 , 9.19 , 1.42 , 0.41 , 359.01
2024-02-16 12:31:26,289 :- 00482: 021 , 26.00 , -1.20 || 1708066886, 17.602468942940 , 78.126597987969, 0.01 , 0.01 ,26.58 , 9.65 , 1.40 , 0.40 , 359.04
2024-02-16 12:31:26,319 :- 00483: 024 , 26.00 , -1.40 || 1708066886, 17.602475618819 , 78.126597800924, 0.01 , 0.01 ,26.58 , 9.85 , 1.32 , 0.41 , 359.12
2024-02-16 12:31:26,348 :- 00484: 027 , 26.00 , -1.60 || 1708066886, 17.602475618819 , 78.126597800924, 0.01 , 0.01 ,26.58 , 9.55 , 1.27 , 0.40 , 359.18
2024-02-16 12:31:26,378 :- 00485: 030 , 26.00 , -1.80 || 1708066886, 17.602475618819 , 78.126597800924, 0.01 , 0.01 ,26.58 , 9.82 , 1.22 , 0.38 , 359.24
2024-02-16 12:31:26,409 :- 00486: 033 , 25.90 , -1.90 || 1708066886, 17.602482266520 , 78.126597600448, 0.01 , 0.01 ,26.50 , 10.20 , 1.14 , 0.39 , 359.39
2024-02-16 12:31:26,439 :- 00487: 036 , 25.90 , -2.10 || 1708066886, 17.602482266520 , 78.126597600448, 0.01 , 0.01 ,26.50 , 9.76 , 1.08 , 0.38 , 359.47
2024-02-16 12:31:26,469 :- 00488: 039 , 25.90 , -2.20 || 1708066886, 17.602482266520 , 78.126597600448, 0.01 , 0.01 ,26.50 , 9.84 , 0.99 , 0.36 , 359.67
2024-02-16 12:31:26,499 :- 00489: 042 , 25.90 , -2.40 || 1708066886, 17.602488898097 , 78.126597427801, 0.01 , 0.01 ,26.47 , 10.15 , 0.90 , 0.35 , 359.89
2024-02-16 12:31:26,529 :- 00490: 045 , 25.90 , -2.50 || 1708066886, 17.602488898097 , 78.126597427801, 0.01 , 0.01 ,26.47 , 9.72 , 0.84 , 0.35 , 0.01
2024-02-16 12:31:26,559 :- 00491: 048 , 25.90 , -2.70 || 1708066886, 17.602488898097 , 78.126597427801, 0.01 , 0.01 ,26.47 , 9.96 , 0.75 , 0.36 , 0.26
2024-02-16 12:31:26,589 :- 00492: 051 , 25.90 , -2.80 || 1708066886, 17.602488898097 , 78.126597427801, 0.01 , 0.01 ,26.45 , 9.59 , 0.70 , 0.33 , 0.40
2024-02-16 12:31:26,619 :- 00493: 054 , 25.90 , -3.00 || 1708066886, 17.602495523917 , 78.126597330750, 0.01 , 0.01 ,26.45 , 10.23 , 0.62 , 0.33 , 0.68
2024-02-16 12:31:26,648 :- 00494: 057 , 25.90 , -3.20 || 1708066886, 17.602495523917 , 78.126597330750, 0.01 , 0.01 ,26.45 , 9.51 , 0.58 , 0.34 , 0.83
2024-02-16 12:31:26,679 :- 00495: 060 , 25.80 , -3.30 || 1708066886, 17.602495523917 , 78.126597330750, 0.01 , 0.01 ,26.45 , 10.56 , 0.56 , 0.33 , 0.98
2024-02-16 12:31:26,709 :- 00496: 063 , 25.80 , -3.40 || 1708066886, 17.602502129856 , 78.126597331932, 0.01 , 0.01 ,26.29 , 9.81 , 0.49 , 0.34 , 1.29
2024-02-16 12:31:26,739 :- 00497: 066 , 25.80 , -3.50 || 1708066886, 17.602502129856 , 78.126597331932, 0.01 , 0.01 ,26.29 , 9.78 , 0.43 , 0.37 , 1.64
2024-02-16 12:31:26,769 :- 00498: 069 , 25.80 , -3.60 || 1708066886, 17.602502129856 , 78.126597331932, 0.01 , 0.01 ,26.29 , 9.48 , 0.44 , 0.36 , 1.82
2024-02-16 12:31:26,799 :- 00499: 072 , 25.80 , -3.80 || 1708066886, 17.602508746591 , 78.126597458731, 0.01 , 0.01 ,26.33 , 9.92 , 0.43 , 0.38 , 2.19
2024-02-16 12:31:26,829 :- 00500: 075 , 25.80 , -3.90 || 1708066886, 17.602508746591 , 78.126597458731, 0.01 , 0.01 ,26.33 , 9.53 , 0.41 , 0.36 , 2.39
2024-02-16 12:31:26,859 :- 00501: 078 , 25.80 , -4.00 || 1708066886, 17.602508746591 , 78.126597458731, 0.01 , 0.01 ,26.33 , 10.05 , 0.38 , 0.37 , 2.78
2024-02-16 12:31:26,889 :- 00502: 081 , 25.80 , -4.20 || 1708066886, 17.602508746591 , 78.126597458731, 0.01 , 0.01 ,26.24 , 9.42 , 0.36 , 0.36 , 2.99
2024-02-16 12:31:26,919 :- 00503: 084 , 25.70 , -4.40 || 1708066886, 17.602515332439 , 78.126597698977, 0.01 , 0.01 ,26.24 , 10.52 , 0.32 , 0.34 , 3.41
2024-02-16 12:31:26,949 :- 00504: 087 , 25.80 , -4.60 || 1708066886, 17.602515332439 , 78.126597698977, 0.01 , 0.01 ,26.24 , 8.81 , 0.27 , 0.34 , 3.63
2024-02-16 12:31:26,978 :- 00505: 090 , 25.70 , -4.80 || 1708066886, 17.602515332439 , 78.126597698977, 0.01 , 0.01 ,26.24 , 9.80 , 0.25 , 0.35 , 3.86
2024-02-16 12:31:27,009 :- 00506: 093 , 25.70 , -5.00 || 1708066887, 17.602515332439 , 78.126597698977, 0.01 , 0.01 ,26.25 , 9.81 , 0.22 , 0.31 , 4.33
2024-02-16 12:31:27,039 :- 00507: 096 , 25.70 , -5.20 || 1708066887, 17.602521904990 , 78.126598058351, 0.01 , 0.01 ,26.25 , 9.47 , 0.14 , 0.29 , 4.84
2024-02-16 12:31:27,069 :- 00508: 099 , 25.70 , -5.40 || 1708066887, 17.602521904990 , 78.126598058351, 0.01 , 0.01 ,26.25 , 10.28 , 0.15 , 0.29 , 5.10
2024-02-16 12:31:27,099 :- 00509: 102 , 25.60 , -5.60 || 1708066887, 17.602528443217 , 78.126598547748, 0.01 , 0.01 ,26.06 , 10.43 , 0.15 , 0.28 , 5.64
2024-02-16 12:31:27,129 :- 00510: 105 , 25.60 , -5.80 || 1708066887, 17.602528443217 , 78.126598547748, 0.01 , 0.01 ,26.06 , 10.08 , 0.12 , 0.30 , 5.92
2024-02-16 12:31:27,159 :- 00511: 108 , 25.60 , -6.00 || 1708066887, 17.602528443217 , 78.126598547748, 0.01 , 0.01 ,26.06 , 9.60 , 0.10 , 0.31 , 6.51
2024-02-16 12:31:27,189 :- 00512: 111 , 25.60 , -6.10 || 1708066887, 17.602528443217 , 78.126598547748, 0.01 , 0.01 ,26.26 , 9.73 , 0.08 , 0.33 , 6.81
2024-02-16 12:31:27,219 :- 00513: 114 , 25.60 , -6.20 || 1708066887, 17.602534983102 , 78.126599223798, 0.01 , 0.01 ,26.26 , 9.83 , 0.02 , 0.32 , 7.44
2024-02-16 12:31:27,249 :- 00514: 117 , 25.60 , -6.20 || 1708066887, 17.602534983102 , 78.126599223798, 0.01 , 0.01 ,26.26 , 10.17 , 0.00 , 0.33 , 7.76
2024-02-16 12:31:27,279 :- 00515: 120 , 25.60 , -6.20 || 1708066887, 17.602534983102 , 78.126599223798, 0.01 , 0.01 ,26.26 , 10.07 , 0.01 , 0.35 , 8.09
2024-02-16 12:31:27,309 :- 00516: 123 , 25.60 , -6.30 || 1708066887, 17.602541488816 , 78.126600053148, 0.01 , 0.01 ,26.10 , 9.52 , -0.00 , 0.34 , 8.75
2024-02-16 12:31:27,339 :- 00517: 126 , 25.60 , -6.30 || 1708066887, 17.602541488816 , 78.126600053148, 0.01 , 0.01 ,26.10 , 9.30 , 0.02 , 0.29 , 9.42
2024-02-16 12:31:27,369 :- 00518: 129 , 25.60 , -6.30 || 1708066887, 17.602541488816 , 78.126600053148, 0.01 , 0.01 ,26.10 , 9.93 , 0.07 , 0.27 , 9.75
2024-02-16 12:31:27,399 :- 00519: 132 , 25.60 , -6.40 || 1708066887, 17.602547934198 , 78.126601116090, 0.01 , 0.01 ,25.92 , 9.67 , 0.08 , 0.18 , 10.41
2024-02-16 12:31:27,429 :- 00520: 135 , 25.60 , -6.40 || 1708066887, 17.602547934198 , 78.126601116090, 0.01 , 0.01 ,25.92 , 9.21 , 0.08 , 0.14 , 10.74
2024-02-16 12:31:27,459 :- 00521: 138 , 25.60 , -6.50 || 1708066887, 17.602547934198 , 78.126601116090, 0.01 , 0.01 ,25.92 , 10.07 , 0.10 , 0.06 , 11.40
2024-02-16 12:31:27,489 :- 00522: 141 , 25.60 , -6.60 || 1708066887, 17.602547934198 , 78.126601116090, 0.01 , 0.01 ,25.92 , 9.94 , 0.12 , 0.03 , 11.73
2024-02-16 12:31:27,519 :- 00523: 144 , 25.60 , -6.70 || 1708066887, 17.602554309744 , 78.126602390789, 0.01 , 0.01 ,25.86 , 9.83 , 0.13 , 0.02 , 12.42
2024-02-16 12:31:27,549 :- 00524: 147 , 25.50 , -6.90 || 1708066887, 17.602554309744 , 78.126602390789, 0.01 , 0.01 ,25.86 , 10.55 , 0.15 , 0.02 , 12.77
2024-02-16 12:31:27,579 :- 00525: 150 , 25.50 , -7.00 || 1708066887, 17.602554309744 , 78.126602390789, 0.01 , 0.01 ,25.86 , 9.89 , 0.16 , 0.05 , 13.12
2024-02-16 12:31:27,609 :- 00526: 153 , 25.50 , -7.10 || 1708066887, 17.602560709691 , 78.126603860465, 0.01 , 0.01 ,26.22 , 10.11 , 0.21 , 0.13 , 13.83
2024-02-16 12:31:27,640 :- 00527: 156 , 25.40 , -7.20 || 1708066887, 17.602560709691 , 78.126603860465, 0.01 , 0.01 ,26.22 , 10.64 , 0.31 , 0.25 , 14.56
2024-02-16 12:31:27,669 :- 00528: 159 , 25.30 , -7.30 || 1708066887, 17.602560709691 , 78.126603860465, 0.01 , 0.01 ,26.22 , 11.02 , 0.37 , 0.31 , 14.93
