2024-02-16 12:32:30,550 :- 00001: Feedback Code Starting
2024-02-16 12:32:30,577 :- 00002: 050 , 30.00 , -0.10 || 1708066950, 17.601633327108 , 78.126609638106, 0.01 , 0.01 ,25.74 , 9.82 , 1.25 , -0.17 , 359.65
2024-02-16 12:32:30,607 :- 00003: 053 , 30.00 , 00.00 || 1708066950, 17.601639829951 , 78.126609637762, 0.00 , 0.01 ,26.02 , 9.77 , 1.25 , -0.19 , 359.65
2024-02-16 12:32:30,637 :- 00004: 056 , 30.00 , 00.00 || 1708066950, 17.601639829951 , 78.126609637762, 0.00 , 0.01 ,26.02 , 9.59 , 1.24 , -0.20 , 359.65
2024-02-16 12:32:30,667 :- 00005: 059 , 30.00 , 00.00 || 1708066950, 17.601639829951 , 78.126609637762, 0.00 , 0.01 ,26.02 , 10.00 , 1.26 , -0.21 , 359.66
2024-02-16 12:32:30,697 :- 00006: 062 , 30.00 , 00.00 || 1708066950, 17.601639829951 , 78.126609637762, 0.00 , 0.01 ,26.23 , 10.04 , 1.25 , -0.22 , 359.66
2024-02-16 12:32:30,727 :- 00007: 065 , 30.00 , 00.00 || 1708066950, 17.601646396741 , 78.126609581879, 0.00 , 0.01 ,26.23 , 9.97 , 1.25 , -0.22 , 359.67
2024-02-16 12:32:30,757 :- 00008: 068 , 30.00 , 00.00 || 1708066950, 17.601646396741 , 78.126609581879, 0.00 , 0.01 ,26.23 , 9.86 , 1.26 , -0.24 , 359.67
2024-02-16 12:32:30,787 :- 00009: 071 , 30.00 , 00.00 || 1708066950, 17.601646396741 , 78.126609581879, 0.00 , 0.01 ,26.47 , 10.19 , 1.28 , -0.21 , 359.67
2024-02-16 12:32:30,817 :- 00010: 074 , 30.00 , 00.00 || 1708066950, 17.601653020167 , 78.126609515623, 0.00 , 0.01 ,26.47 , 9.97 , 1.25 , -0.23 , 359.66
2024-02-16 12:32:30,847 :- 00011: 077 , 30.00 , 00.00 || 1708066950, 17.601653020167 , 78.126609515623, 0.00 , 0.01 ,26.47 , 10.15 , 1.24 , -0.19 , 359.65
2024-02-16 12:32:30,877 :- 00012: 080 , 30.00 , 00.00 || 1708066950, 17.601653020167 , 78.126609515623, 0.00 , 0.01 ,26.47 , 9.52 , 1.24 , -0.18 , 359.64
2024-02-16 12:32:30,907 :- 00013: 083 , 30.00 , 00.00 || 1708066950, 17.601659694340 , 78.126609437009, 0.00 , 0.01 ,26.70 , 9.91 , 1.22 , -0.16 , 359.62
2024-02-16 12:32:30,937 :- 00014: 086 , 30.00 , 00.00 || 1708066950, 17.601659694340 , 78.126609437009, 0.00 , 0.01 ,26.70 , 9.69 , 1.23 , -0.14 , 359.61
2024-02-16 12:32:30,967 :- 00015: 089 , 30.00 , 00.00 || 1708066950, 17.601659694340 , 78.126609437009, 0.00 , 0.01 ,26.70 , 9.78 , 1.22 , -0.10 , 359.59
2024-02-16 12:32:30,997 :- 00016: 092 , 30.00 , -0.00 || 1708066950, 17.601659694340 , 78.126609437009, 0.00 , 0.01 ,26.70 , 9.32 , 1.18 , -0.09 , 359.58
2024-02-16 12:32:31,027 :- 00017: 095 , 30.00 , -0.00 || 1708066951, 17.601666451012 , 78.126609348141, 0.00 , 0.01 ,26.96 , 9.70 , 1.20 , -0.06 , 359.56
2024-02-16 12:32:31,057 :- 00018: 098 , 30.00 , -0.00 || 1708066951, 17.601666451012 , 78.126609348141, 0.00 , 0.01 ,26.96 , 10.11 , 1.20 , -0.05 , 359.55
2024-02-16 12:32:31,087 :- 00019: 101 , 30.00 , -0.00 || 1708066951, 17.601666451012 , 78.126609348141, 0.00 , 0.01 ,27.19 , 9.21 , 1.18 , -0.02 , 359.53
2024-02-16 12:32:31,117 :- 00020: 104 , 30.00 , -0.10 || 1708066951, 17.601673251095 , 78.126609272975, 0.00 , 0.01 ,27.19 , 10.15 , 1.20 , -0.01 , 359.53
2024-02-16 12:32:31,147 :- 00021: 107 , 30.00 , -0.10 || 1708066951, 17.601673251095 , 78.126609272975, 0.00 , 0.01 ,27.19 , 9.33 , 1.21 , 0.01 , 359.52
2024-02-16 12:32:31,177 :- 00022: 110 , 30.00 , -0.10 || 1708066951, 17.601673251095 , 78.126609272975, 0.00 , 0.01 ,27.19 , 9.34 , 1.18 , 0.02 , 359.51
2024-02-16 12:32:31,207 :- 00023: 113 , 30.00 , -0.10 || 1708066951, 17.601680109929 , 78.126609186376, 0.01 , 0.01 ,27.41 , 10.10 , 1.22 , 0.02 , 359.50
2024-02-16 12:32:31,237 :- 00024: 116 , 30.00 , -0.10 || 1708066951, 17.601680109929 , 78.126609186376, 0.01 , 0.01 ,27.41 , 9.74 , 1.23 , 0.02 , 359.50
2024-02-16 12:32:31,267 :- 00025: 119 , 30.00 , -0.10 || 1708066951, 17.601680109929 , 78.126609186376, 0.01 , 0.01 ,27.41 , 9.47 , 1.23 , 0.01 , 359.49
2024-02-16 12:32:31,297 :- 00026: 122 , 30.00 , -0.10 || 1708066951, 17.601680109929 , 78.126609186376, 0.01 , 0.01 ,27.61 , 9.64 , 1.23 , -0.00 , 359.49
2024-02-16 12:32:31,327 :- 00027: 125 , 30.00 , -0.10 || 1708066951, 17.601687037475 , 78.126609102785, 0.01 , 0.01 ,27.61 , 10.05 , 1.23 , -0.02 , 359.48
2024-02-16 12:32:31,357 :- 00028: 128 , 30.00 , -0.10 || 1708066951, 17.601687037475 , 78.126609102785, 0.01 , 0.01 ,27.61 , 9.30 , 1.19 , -0.04 , 359.48
2024-02-16 12:32:31,388 :- 00029: 131 , 30.00 , -0.10 || 1708066951, 17.601687037475 , 78.126609102785, 0.01 , 0.01 ,27.76 , 10.27 , 1.21 , -0.08 , 359.48
2024-02-16 12:32:31,417 :- 00030: 134 , 30.00 , -0.10 || 1708066951, 17.601693995283 , 78.126609013100, 0.01 , 0.01 ,27.76 , 9.61 , 1.21 , -0.09 , 359.49
2024-02-16 12:32:31,447 :- 00031: 137 , 30.00 , -0.10 || 1708066951, 17.601693995283 , 78.126609013100, 0.01 , 0.01 ,27.76 , 9.62 , 1.19 , -0.14 , 359.51
2024-02-16 12:32:31,477 :- 00032: 140 , 30.00 , -0.10 || 1708066951, 17.601693995283 , 78.126609013100, 0.01 , 0.01 ,27.76 , 10.12 , 1.24 , -0.16 , 359.51
2024-02-16 12:32:31,507 :- 00033: 143 , 30.00 , -0.10 || 1708066951, 17.601701018555 , 78.126608922506, 0.01 , 0.01 ,28.04 , 10.28 , 1.25 , -0.21 , 359.53
2024-02-16 12:32:31,537 :- 00034: 146 , 30.00 , -0.10 || 1708066951, 17.601701018555 , 78.126608922506, 0.01 , 0.01 ,28.04 , 9.74 , 1.24 , -0.22 , 359.53
2024-02-16 12:32:31,567 :- 00035: 149 , 30.00 , -0.10 || 1708066951, 17.601701018555 , 78.126608922506, 0.01 , 0.01 ,28.04 , 10.03 , 1.29 , -0.24 , 359.54
2024-02-16 12:32:31,597 :- 00036: 152 , 30.00 , -0.10 || 1708066951, 17.601701018555 , 78.126608922506, 0.01 , 0.01 ,28.32 , 10.52 , 1.30 , -0.25 , 359.55
2024-02-16 12:32:31,627 :- 00037: 155 , 30.00 , -0.20 || 1708066951, 17.601708099098 , 78.126608846904, 0.01 , 0.01 ,28.32 , 9.71 , 1.29 , -0.25 , 359.56
2024-02-16 12:32:31,657 :- 00038: 158 , 30.00 , -0.20 || 1708066951, 17.601708099098 , 78.126608846904, 0.01 , 0.01 ,28.32 , 10.16 , 1.29 , -0.25 , 359.56
2024-02-16 12:32:31,688 :- 00039: 161 , 30.00 , -0.20 || 1708066951, 17.601708099098 , 78.126608846904, 0.01 , 0.01 ,28.66 , 10.00 , 1.29 , -0.22 , 359.57
2024-02-16 12:32:31,717 :- 00040: 164 , 30.00 , -0.50 || 1708066951, 17.601715266097 , 78.126608766252, 0.01 , 0.01 ,28.66 , 9.92 , 1.28 , -0.21 , 359.57
2024-02-16 12:32:31,747 :- 00041: 167 , 30.00 , -0.70 || 1708066951, 17.601715266097 , 78.126608766252, 0.01 , 0.01 ,28.66 , 9.63 , 1.29 , -0.18 , 359.57
2024-02-16 12:32:31,777 :- 00042: 170 , 30.00 , -0.70 || 1708066951, 17.601715266097 , 78.126608766252, 0.01 , 0.01 ,28.66 , 10.01 , 1.30 , -0.15 , 359.57
2024-02-16 12:32:31,807 :- 00043: 173 , 30.00 , -0.70 || 1708066951, 17.601722504603 , 78.126608692496, 0.01 , 0.01 ,28.85 , 9.66 , 1.29 , -0.14 , 359.57
2024-02-16 12:32:31,837 :- 00044: 176 , 30.00 , -0.10 || 1708066951, 17.601722504603 , 78.126608692496, 0.01 , 0.01 ,28.85 , 9.64 , 1.30 , -0.12 , 359.57
2024-02-16 12:32:31,867 :- 00045: 179 , 30.00 , -0.10 || 1708066951, 17.601722504603 , 78.126608692496, 0.01 , 0.01 ,28.85 , 9.55 , 1.28 , -0.10 , 359.58
2024-02-16 12:32:31,897 :- 00046: 182 , 30.00 , -0.10 || 1708066951, 17.601722504603 , 78.126608692496, 0.01 , 0.01 ,29.13 , 10.05 , 1.26 , -0.08 , 359.59
2024-02-16 12:32:31,927 :- 00047: 185 , 30.00 , -0.20 || 1708066951, 17.601729796338 , 78.126608594853, 0.01 , 0.01 ,29.13 , 8.97 , 1.22 , -0.06 , 359.63
2024-02-16 12:32:31,957 :- 00048: 188 , 30.00 , -0.20 || 1708066951, 17.601729796338 , 78.126608594853, 0.01 , 0.01 ,29.13 , 9.74 , 1.19 , -0.07 , 359.66
2024-02-16 12:32:31,987 :- 00049: 191 , 30.00 , -0.20 || 1708066951, 17.601729796338 , 78.126608594853, 0.01 , 0.01 ,29.13 , 9.31 , 1.13 , -0.07 , 359.73
2024-02-16 12:32:32,017 :- 00050: 194 , 30.00 , -0.20 || 1708066952, 17.601737142579 , 78.126608486780, 0.01 , 0.01 ,29.36 , 10.23 , 1.13 , -0.08 , 359.76
2024-02-16 12:32:32,047 :- 00051: 197 , 30.00 , -0.20 || 1708066952, 17.601737142579 , 78.126608486780, 0.01 , 0.01 ,29.36 , 9.71 , 1.10 , -0.10 , 359.82
2024-02-16 12:32:32,077 :- 00052: 200 , 30.00 , -0.20 || 1708066952, 17.601737142579 , 78.126608486780, 0.01 , 0.01 ,29.36 , 9.94 , 1.09 , -0.11 , 359.84
2024-02-16 12:32:32,107 :- 00053: 203 , 30.00 , -0.20 || 1708066952, 17.601744542160 , 78.126608402563, 0.01 , 0.01 ,29.52 , 9.62 , 1.10 , -0.13 , 359.85
2024-02-16 12:32:32,137 :- 00054: 206 , 30.00 , -0.00 || 1708066952, 17.601744542160 , 78.126608402563, 0.01 , 0.01 ,29.52 , 9.96 , 1.11 , -0.14 , 359.85
2024-02-16 12:32:32,167 :- 00055: 209 , 30.00 , -0.00 || 1708066952, 17.601744542160 , 78.126608402563, 0.01 , 0.01 ,29.52 , 9.84 , 1.10 , -0.17 , 359.82
2024-02-16 12:32:32,197 :- 00056: 212 , 30.00 , -0.00 || 1708066952, 17.601744542160 , 78.126608402563, 0.01 , 0.01 ,29.86 , 9.88 , 1.13 , -0.17 , 359.80
2024-02-16 12:32:32,227 :- 00057: 215 , 30.00 , -0.00 || 1708066952, 17.601752015058 , 78.126608349917, 0.01 , 0.01 ,29.86 , 10.14 , 1.13 , -0.19 , 359.77
2024-02-16 12:32:32,257 :- 00058: 218 , 30.00 , -0.10 || 1708066952, 17.601752015058 , 78.126608349917, 0.01 , 0.01 ,29.86 , 9.82 , 1.11 , -0.20 , 359.76
2024-02-16 12:32:32,287 :- 00059: 218 , 30.00 , -0.10 || 1708066952, 17.601752015058 , 78.126608349917, 0.01 , 0.01 ,29.86 , 9.82 , 1.11 , -0.20 , 359.761708066952, 17.601752015058 , 78.126608349917, 0.01 , 0.01 ,30.09 , 10.10 , 1.14 , -0.21 , 359.76
2024-02-16 12:32:32,317 :- 00060: 224 , 30.00 , -0.10 || 1708066952, 17.601759543789 , 78.126608320101, 0.01 , 0.01 ,30.09 , 10.01 , 1.17 , -0.21 , 359.76
2024-02-16 12:32:32,347 :- 00061: 227 , 30.00 , -0.10 || 1708066952, 17.601759543789 , 78.126608320101, 0.01 , 0.01 ,30.09 , 10.08 , 1.19 , -0.21 , 359.76
2024-02-16 12:32:32,377 :- 00062: 230 , 30.00 , -0.10 || 1708066952, 17.601759543789 , 78.126608320101, 0.01 , 0.01 ,30.09 , 9.87 , 1.20 , -0.21 , 359.76
2024-02-16 12:32:32,407 :- 00063: 233 , 30.00 , -0.10 || 1708066952, 17.601767147351 , 78.126608263083, 0.01 , 0.01 ,30.38 , 9.64 , 1.23 , -0.17 , 359.77
2024-02-16 12:32:32,437 :- 00064: 236 , 30.00 , -0.10 || 1708066952, 17.601767147351 , 78.126608263083, 0.01 , 0.01 ,30.38 , 9.92 , 1.24 , -0.18 , 359.77
2024-02-16 12:32:32,467 :- 00065: 239 , 30.00 , -0.10 || 1708066952, 17.601767147351 , 78.126608263083, 0.01 , 0.01 ,30.38 , 9.74 , 1.27 , -0.15 , 359.76
2024-02-16 12:32:32,497 :- 00066: 242 , 30.00 , -0.10 || 1708066952, 17.601767147351 , 78.126608263083, 0.01 , 0.01 ,30.63 , 9.76 , 1.29 , -0.14 , 359.76
2024-02-16 12:32:32,527 :- 00067: 245 , 30.00 , -0.10 || 1708066952, 17.601774824626 , 78.126608215225, 0.01 , 0.01 ,30.63 , 10.10 , 1.34 , -0.13 , 359.76
2024-02-16 12:32:32,557 :- 00068: 248 , 30.00 , -0.20 || 1708066952, 17.601774824626 , 78.126608215225, 0.01 , 0.01 ,30.63 , 9.71 , 1.38 , -0.12 , 359.76
2024-02-16 12:32:32,588 :- 00069: 251 , 30.00 , -0.20 || 1708066952, 17.601774824626 , 78.126608215225, 0.01 , 0.01 ,30.91 , 8.90 , 1.37 , -0.14 , 359.75
2024-02-16 12:32:32,617 :- 00070: 254 , 30.00 , -0.20 || 1708066952, 17.601782560637 , 78.126608173296, 0.01 , 0.01 ,30.91 , 9.94 , 1.40 , -0.13 , 359.74
2024-02-16 12:32:32,647 :- 00071: 001 , 30.00 , 00.00 || 1708066952, 17.601782560637 , 78.126608173296, 0.01 , 0.01 ,30.91 , 10.08 , 1.44 , -0.15 , 359.73
2024-02-16 12:32:32,677 :- 00072: 004 , 30.00 , 00.00 || 1708066952, 17.601782560637 , 78.126608173296, 0.01 , 0.01 ,30.91 , 9.37 , 1.50 , -0.16 , 359.73
2024-02-16 12:32:32,707 :- 00073: 007 , 30.00 , 00.00 || 1708066952, 17.601790347270 , 78.126608141040, 0.01 , 0.01 ,31.13 , 9.81 , 1.53 , -0.18 , 359.72
2024-02-16 12:32:32,737 :- 00074: 010 , 30.00 , 00.00 || 1708066952, 17.601790347270 , 78.126608141040, 0.01 , 0.01 ,31.13 , 9.56 , 1.54 , -0.19 , 359.71
2024-02-16 12:32:32,767 :- 00075: 013 , 30.00 , 00.00 || 1708066952, 17.601790347270 , 78.126608141040, 0.01 , 0.01 ,31.13 , 10.15 , 1.56 , -0.25 , 359.71
2024-02-16 12:32:32,797 :- 00076: 016 , 30.00 , 00.00 || 1708066952, 17.601790347270 , 78.126608141040, 0.01 , 0.01 ,31.34 , 10.16 , 1.65 , -0.23 , 359.70
2024-02-16 12:32:32,827 :- 00077: 019 , 30.00 , 00.00 || 1708066952, 17.601798199361 , 78.126608108978, 0.01 , 0.01 ,31.34 , 9.75 , 1.67 , -0.26 , 359.68
2024-02-16 12:32:32,857 :- 00078: 022 , 30.00 , 00.10 || 1708066952, 17.601798199361 , 78.126608108978, 0.01 , 0.01 ,31.34 , 10.40 , 1.67 , -0.26 , 359.67
2024-02-16 12:32:32,887 :- 00079: 025 , 30.00 , 00.10 || 1708066952, 17.601798199361 , 78.126608108978, 0.01 , 0.01 ,31.34 , 9.39 , 1.66 , -0.26 , 359.65
2024-02-16 12:32:32,917 :- 00080: 028 , 30.00 , 00.10 || 1708066952, 17.601806122861 , 78.126608049807, 0.01 , 0.01 ,31.62 , 10.58 , 1.67 , -0.27 , 359.64
2024-02-16 12:32:32,947 :- 00081: 031 , 30.00 , 00.10 || 1708066952, 17.601806122861 , 78.126608049807, 0.01 , 0.01 ,31.62 , 9.47 , 1.60 , -0.29 , 359.61
2024-02-16 12:32:32,977 :- 00082: 034 , 30.00 , 00.10 || 1708066952, 17.601806122861 , 78.126608049807, 0.01 , 0.01 ,31.62 , 10.26 , 1.62 , -0.25 , 359.60
2024-02-16 12:32:33,007 :- 00083: 037 , 30.00 , 00.10 || 1708066953, 17.601814115532 , 78.126607959629, 0.01 , 0.01 ,31.89 , 10.03 , 1.58 , -0.26 , 359.57
2024-02-16 12:32:33,037 :- 00084: 040 , 30.00 , 00.10 || 1708066953, 17.601814115532 , 78.126607959629, 0.01 , 0.01 ,31.89 , 9.51 , 1.59 , -0.25 , 359.56
2024-02-16 12:32:33,067 :- 00085: 043 , 30.00 , 00.10 || 1708066953, 17.601814115532 , 78.126607959629, 0.01 , 0.01 ,31.89 , 8.80 , 1.57 , -0.20 , 359.54
2024-02-16 12:32:33,097 :- 00086: 046 , 30.00 , 00.10 || 1708066953, 17.601814115532 , 78.126607959629, 0.01 , 0.01 ,32.24 , 10.90 , 1.58 , -0.18 , 359.52
2024-02-16 12:32:33,127 :- 00087: 049 , 30.00 , 00.10 || 1708066953, 17.601822187626 , 78.126607849010, 0.01 , 0.01 ,32.24 , 9.80 , 1.56 , -0.14 , 359.49
2024-02-16 12:32:33,157 :- 00088: 052 , 30.00 , 00.10 || 1708066953, 17.601822187626 , 78.126607849010, 0.01 , 0.01 ,32.24 , 10.07 , 1.55 , -0.08 , 359.49
2024-02-16 12:32:33,187 :- 00089: 055 , 30.00 , 00.10 || 1708066953, 17.601822187626 , 78.126607849010, 0.01 , 0.01 ,32.63 , 10.15 , 1.54 , -0.03 , 359.47
2024-02-16 12:32:33,217 :- 00090: 058 , 30.00 , 00.10 || 1708066953, 17.601830336557 , 78.126607740524, 0.01 , 0.01 ,32.63 , 8.58 , 1.61 , 0.02 , 359.47
2024-02-16 12:32:33,247 :- 00091: 061 , 30.00 , 00.10 || 1708066953, 17.601830336557 , 78.126607740524, 0.01 , 0.01 ,32.63 , 9.61 , 1.65 , 0.09 , 359.45
2024-02-16 12:32:33,277 :- 00092: 064 , 30.00 , 00.10 || 1708066953, 17.601830336557 , 78.126607740524, 0.01 , 0.01 ,32.63 , 9.69 , 1.71 , 0.11 , 359.45
2024-02-16 12:32:33,307 :- 00093: 067 , 30.00 , 00.10 || 1708066953, 17.601838565505 , 78.126607632199, 0.01 , 0.01 ,32.84 , 9.50 , 1.75 , 0.11 , 359.43
2024-02-16 12:32:33,337 :- 00094: 070 , 30.00 , 00.10 || 1708066953, 17.601838565505 , 78.126607632199, 0.01 , 0.01 ,32.84 , 8.79 , 1.76 , 0.13 , 359.42
2024-02-16 12:32:33,367 :- 00095: 073 , 30.00 , 00.10 || 1708066953, 17.601838565505 , 78.126607632199, 0.01 , 0.01 ,32.84 , 9.93 , 1.79 , 0.08 , 359.39
2024-02-16 12:32:33,397 :- 00096: 076 , 30.00 , 00.10 || 1708066953, 17.601838565505 , 78.126607632199, 0.01 , 0.01 ,32.90 , 8.12 , 1.78 , 0.08 , 359.38
2024-02-16 12:32:33,427 :- 00097: 079 , 30.00 , 00.10 || 1708066953, 17.601846812381 , 78.126607566418, 0.01 , 0.01 ,32.90 , 10.65 , 1.76 , 0.05 , 359.35
2024-02-16 12:32:33,457 :- 00098: 082 , 30.00 , 00.10 || 1708066953, 17.601846812381 , 78.126607566418, 0.01 , 0.01 ,32.90 , 8.97 , 1.78 , 0.03 , 359.33
2024-02-16 12:32:33,487 :- 00099: 085 , 30.00 , 00.20 || 1708066953, 17.601846812381 , 78.126607566418, 0.01 , 0.01 ,32.90 , 10.45 , 1.80 , 0.00 , 359.30
2024-02-16 12:32:33,517 :- 00100: 088 , 30.00 , 00.20 || 1708066953, 17.601855130684 , 78.126607434901, 0.01 , 0.01 ,33.24 , 10.93 , 1.87 , 0.01 , 359.28
2024-02-16 12:32:33,547 :- 00101: 091 , 30.00 , 00.20 || 1708066953, 17.601855130684 , 78.126607434901, 0.01 , 0.01 ,33.24 , 11.15 , 1.96 , 0.02 , 359.24
2024-02-16 12:32:33,577 :- 00102: 094 , 30.00 , 00.10 || 1708066953, 17.601855130684 , 78.126607434901, 0.01 , 0.01 ,33.24 , 9.97 , 2.02 , 0.04 , 359.22
2024-02-16 12:32:33,607 :- 00103: 097 , 30.00 , 00.10 || 1708066953, 17.601863541637 , 78.126607369060, 0.01 , 0.01 ,33.67 , 9.93 , 2.10 , 0.12 , 359.18
2024-02-16 12:32:33,637 :- 00104: 100 , 30.00 , 00.10 || 1708066953, 17.601863541637 , 78.126607369060, 0.01 , 0.01 ,33.67 , 9.45 , 2.14 , 0.16 , 359.17
2024-02-16 12:32:33,667 :- 00105: 103 , 30.00 , 00.10 || 1708066953, 17.601863541637 , 78.126607369060, 0.01 , 0.01 ,33.67 , 9.17 , 2.15 , 0.22 , 359.16
2024-02-16 12:32:33,697 :- 00106: 106 , 30.00 , 00.20 || 1708066953, 17.601863541637 , 78.126607369060, 0.01 , 0.01 ,34.02 , 9.63 , 2.15 , 0.28 , 359.15
2024-02-16 12:32:33,727 :- 00107: 109 , 30.00 , 00.20 || 1708066953, 17.601872058587 , 78.126607270344, 0.01 , 0.01 ,34.02 , 9.79 , 2.11 , 0.33 , 359.13
2024-02-16 12:32:33,757 :- 00108: 112 , 30.00 , 00.20 || 1708066953, 17.601872058587 , 78.126607270344, 0.01 , 0.01 ,34.02 , 9.09 , 2.09 , 0.34 , 359.13
2024-02-16 12:32:33,787 :- 00109: 115 , 30.00 , 00.20 || 1708066953, 17.601872058587 , 78.126607270344, 0.01 , 0.01 ,34.02 , 9.81 , 2.05 , 0.38 , 359.11
2024-02-16 12:32:33,817 :- 00110: 118 , 30.00 , 00.20 || 1708066953, 17.601880620164 , 78.126607049251, 0.01 , 0.01 ,34.21 , 8.63 , 2.04 , 0.39 , 359.10
2024-02-16 12:32:33,847 :- 00111: 121 , 30.00 , 00.20 || 1708066953, 17.601880620164 , 78.126607049251, 0.01 , 0.01 ,34.21 , 9.21 , 2.02 , 0.33 , 359.07
2024-02-16 12:32:33,877 :- 00112: 124 , 30.00 , 00.20 || 1708066953, 17.601880620164 , 78.126607049251, 0.01 , 0.01 ,34.21 , 9.90 , 2.03 , 0.33 , 359.05
2024-02-16 12:32:33,907 :- 00113: 127 , 30.00 , 00.20 || 1708066953, 17.601889202564 , 78.126606872040, 0.01 , 0.01 ,34.21 , 9.04 , 2.00 , 0.25 , 359.03
2024-02-16 12:32:33,937 :- 00114: 130 , 30.00 , 00.20 || 1708066953, 17.601889202564 , 78.126606872040, 0.01 , 0.01 ,34.21 , 9.85 , 2.02 , 0.21 , 359.02
2024-02-16 12:32:33,967 :- 00115: 133 , 30.00 , 00.20 || 1708066953, 17.601889202564 , 78.126606872040, 0.01 , 0.01 ,34.21 , 9.80 , 2.05 , 0.14 , 359.00
2024-02-16 12:32:33,997 :- 00116: 136 , 30.00 , 00.30 || 1708066953, 17.601889202564 , 78.126606872040, 0.01 , 0.01 ,34.21 , 10.40 , 2.06 , 0.08 , 358.99
2024-02-16 12:32:34,027 :- 00117: 139 , 30.00 , 00.30 || 1708066954, 17.601897834196 , 78.126606705138, 0.01 , 0.01 ,34.50 , 9.81 , 2.01 , -0.01 , 358.97
2024-02-16 12:32:34,057 :- 00118: 142 , 33.90 , 00.10 || 1708066954, 17.601897834196 , 78.126606705138, 0.01 , 0.01 ,34.50 , 10.69 , 1.99 , -0.03 , 358.96
2024-02-16 12:32:34,087 :- 00119: 145 , 34.00 , 00.10 || 1708066954, 17.601897834196 , 78.126606705138, 0.01 , 0.01 ,34.76 , 10.76 , 1.91 , -0.09 , 358.94
2024-02-16 12:32:34,117 :- 00120: 148 , 34.00 , 00.10 || 1708066954, 17.601906536117 , 78.126606478054, 0.01 , 0.01 ,34.76 , 11.30 , 1.92 , -0.08 , 358.93
2024-02-16 12:32:34,147 :- 00121: 151 , 34.10 , 00.00 || 1708066954, 17.601906536117 , 78.126606478054, 0.01 , 0.01 ,34.76 , 10.42 , 1.88 , -0.04 , 358.91
2024-02-16 12:32:34,176 :- 00122: 154 , 34.20 , -0.00 || 1708066954, 17.601906536117 , 78.126606478054, 0.01 , 0.01 ,34.76 , 10.08 , 1.85 , -0.03 , 358.91
2024-02-16 12:32:34,206 :- 00123: 154 , 34.20 , -0.00 || 1708066954, 17.601906536117 , 78.126606478054, 0.01 , 0.01 ,34.76 , 10.08 , 1.85 , -0.03 , 358.911708066954, 17.601915364481 , 78.126606258200, 0.00 , 0.01 ,35.17 , 10.38 , 1.84 , 0.03 , 358.89
2024-02-16 12:32:34,237 :- 00124: 160 , 34.20 , -0.10 || 1708066954, 17.601915364481 , 78.126606258200, 0.00 , 0.01 ,35.17 , 10.35 , 1.85 , 0.08 , 358.88
2024-02-16 12:32:34,267 :- 00125: 163 , 34.30 , -0.10 || 1708066954, 17.601915364481 , 78.126606258200, 0.00 , 0.01 ,35.17 , 9.31 , 1.78 , 0.16 , 358.87
2024-02-16 12:32:34,297 :- 00126: 166 , 34.30 , -0.10 || 1708066954, 17.601915364481 , 78.126606258200, 0.00 , 0.01 ,35.30 , 9.08 , 1.75 , 0.24 , 358.87
2024-02-16 12:32:34,327 :- 00127: 169 , 34.30 , -0.10 || 1708066954, 17.601924213301 , 78.126606037664, 0.00 , 0.01 ,35.30 , 9.69 , 1.72 , 0.32 , 358.87
2024-02-16 12:32:34,357 :- 00128: 172 , 34.30 , -0.10 || 1708066954, 17.601924213301 , 78.126606037664, 0.00 , 0.01 ,35.30 , 9.72 , 1.69 , 0.39 , 358.88
2024-02-16 12:32:34,387 :- 00129: 175 , 34.20 , -0.10 || 1708066954, 17.601924213301 , 78.126606037664, 0.00 , 0.01 ,35.08 , 9.21 , 1.64 , 0.47 , 358.88
2024-02-16 12:32:34,417 :- 00130: 178 , 34.10 , -0.10 || 1708066954, 17.601933039555 , 78.126605790288, 0.00 , 0.01 ,35.08 , 10.56 , 1.64 , 0.49 , 358.88
2024-02-16 12:32:34,447 :- 00131: 181 , 34.00 , -0.10 || 1708066954, 17.601933039555 , 78.126605790288, 0.00 , 0.01 ,35.08 , 9.01 , 1.59 , 0.60 , 358.88
2024-02-16 12:32:34,477 :- 00132: 184 , 33.90 , -0.10 || 1708066954, 17.601933039555 , 78.126605790288, 0.00 , 0.01 ,35.08 , 8.98 , 1.56 , 0.61 , 358.89
2024-02-16 12:32:34,507 :- 00133: 187 , 33.80 , -0.10 || 1708066954, 17.601941747143 , 78.126605561395, 0.00 , 0.01 ,34.62 , 9.50 , 1.60 , 0.70 , 358.89
2024-02-16 12:32:34,537 :- 00134: 190 , 33.60 , -0.10 || 1708066954, 17.601941747143 , 78.126605561395, 0.00 , 0.01 ,34.62 , 9.74 , 1.59 , 0.69 , 358.88
2024-02-16 12:32:34,567 :- 00135: 193 , 33.40 , -0.10 || 1708066954, 17.601941747143 , 78.126605561395, 0.00 , 0.01 ,34.62 , 9.55 , 1.56 , 0.71 , 358.89
2024-02-16 12:32:34,597 :- 00136: 196 , 33.20 , -0.10 || 1708066954, 17.601941747143 , 78.126605561395, 0.00 , 0.01 ,33.74 , 10.00 , 1.58 , 0.71 , 358.89
2024-02-16 12:32:34,627 :- 00137: 199 , 33.00 , -0.10 || 1708066954, 17.601950275530 , 78.126605365366, 0.00 , 0.01 ,33.74 , 10.45 , 1.55 , 0.71 , 358.89
2024-02-16 12:32:34,657 :- 00138: 202 , 32.80 , -0.10 || 1708066954, 17.601950275530 , 78.126605365366, 0.00 , 0.01 ,33.74 , 9.61 , 1.50 , 0.68 , 358.89
2024-02-16 12:32:34,687 :- 00139: 205 , 32.60 , -0.10 || 1708066954, 17.601950275530 , 78.126605365366, 0.00 , 0.01 ,33.74 , 9.88 , 1.45 , 0.68 , 358.89
2024-02-16 12:32:34,717 :- 00140: 208 , 32.40 , -0.10 || 1708066954, 17.601958567748 , 78.126605139077, 0.00 , 0.01 ,32.81 , 10.22 , 1.44 , 0.67 , 358.89
2024-02-16 12:32:34,747 :- 00141: 211 , 32.10 , -0.10 || 1708066954, 17.601958567748 , 78.126605139077, 0.00 , 0.01 ,32.81 , 10.03 , 1.40 , 0.66 , 358.90
2024-02-16 12:32:34,777 :- 00142: 214 , 31.90 , -0.10 || 1708066954, 17.601958567748 , 78.126605139077, 0.00 , 0.01 ,32.81 , 9.91 , 1.40 , 0.65 , 358.90
2024-02-16 12:32:34,807 :- 00143: 217 , 31.70 , -0.10 || 1708066954, 17.601966670168 , 78.126604936346, 0.00 , 0.01 ,32.05 , 10.01 , 1.38 , 0.63 , 358.90
2024-02-16 12:32:34,837 :- 00144: 220 , 31.50 , -0.10 || 1708066954, 17.601966670168 , 78.126604936346, 0.00 , 0.01 ,32.05 , 9.33 , 1.34 , 0.65 , 358.90
2024-02-16 12:32:34,867 :- 00145: 223 , 31.30 , -0.10 || 1708066954, 17.601966670168 , 78.126604936346, 0.00 , 0.01 ,32.05 , 9.91 , 1.28 , 0.57 , 358.90
2024-02-16 12:32:34,897 :- 00146: 226 , 31.00 , -0.10 || 1708066954, 17.601966670168 , 78.126604936346, 0.00 , 0.01 ,31.18 , 9.93 , 1.28 , 0.57 , 358.91
2024-02-16 12:32:34,927 :- 00147: 229 , 30.80 , -0.10 || 1708066954, 17.601974557139 , 78.126604728659, 0.00 , 0.01 ,31.18 , 9.61 , 1.22 , 0.58 , 358.92
2024-02-16 12:32:34,957 :- 00148: 232 , 30.50 , -0.10 || 1708066954, 17.601974557139 , 78.126604728659, 0.00 , 0.01 ,31.18 , 9.91 , 1.23 , 0.57 , 358.92
2024-02-16 12:32:34,987 :- 00149: 235 , 30.30 , -0.10 || 1708066954, 17.601974557139 , 78.126604728659, 0.00 , 0.01 ,31.18 , 9.37 , 1.29 , 0.57 , 358.93
2024-02-16 12:32:35,017 :- 00150: 238 , 30.00 , -0.10 || 1708066955, 17.601982263510 , 78.126604535785, 0.00 , 0.01 ,30.50 , 10.12 , 1.29 , 0.59 , 358.93
2024-02-16 12:32:35,047 :- 00151: 241 , 29.70 , -0.10 || 1708066955, 17.601982263510 , 78.126604535785, 0.00 , 0.01 ,30.50 , 10.10 , 1.27 , 0.57 , 358.93
2024-02-16 12:32:35,077 :- 00152: 244 , 29.40 , -0.10 || 1708066955, 17.601982263510 , 78.126604535785, 0.00 , 0.01 ,30.50 , 9.65 , 1.25 , 0.60 , 358.93
2024-02-16 12:32:35,107 :- 00153: 247 , 29.20 , -0.20 || 1708066955, 17.601989733505 , 78.126604373761, 0.00 , 0.01 ,29.53 , 9.93 , 1.20 , 0.63 , 358.94
2024-02-16 12:32:35,137 :- 00154: 250 , 28.90 , -0.20 || 1708066955, 17.601989733505 , 78.126604373761, 0.00 , 0.01 ,29.53 , 10.22 , 1.24 , 0.64 , 358.95
2024-02-16 12:32:35,167 :- 00155: 253 , 28.70 , -0.20 || 1708066955, 17.601989733505 , 78.126604373761, 0.00 , 0.01 ,29.53 , 9.23 , 1.24 , 0.70 , 358.96
2024-02-16 12:32:35,197 :- 00156: 000 , 28.40 , -0.20 || 1708066955, 17.601989733505 , 78.126604373761, 0.00 , 0.01 ,28.70 , 9.46 , 1.24 , 0.70 , 358.97
2024-02-16 12:32:35,227 :- 00157: 003 , 28.10 , -0.20 || 1708066955, 17.601996981019 , 78.126604192790, 0.00 , 0.01 ,28.70 , 10.34 , 1.31 , 0.71 , 358.98
2024-02-16 12:32:35,257 :- 00158: 006 , 27.90 , -0.20 || 1708066955, 17.601996981019 , 78.126604192790, 0.00 , 0.01 ,28.70 , 9.65 , 1.30 , 0.75 , 358.98
2024-02-16 12:32:35,287 :- 00159: 009 , 27.60 , -0.20 || 1708066955, 17.601996981019 , 78.126604192790, 0.00 , 0.01 ,28.70 , 9.59 , 1.26 , 0.74 , 358.98
2024-02-16 12:32:35,317 :- 00160: 012 , 27.40 , -0.20 || 1708066955, 17.602004006229 , 78.126604066462, 0.00 , 0.01 ,27.81 , 9.48 , 1.26 , 0.77 , 358.98
2024-02-16 12:32:35,347 :- 00161: 015 , 27.10 , -0.20 || 1708066955, 17.602004006229 , 78.126604066462, 0.00 , 0.01 ,27.81 , 10.29 , 1.22 , 0.77 , 358.99
2024-02-16 12:32:35,377 :- 00162: 018 , 26.90 , -0.20 || 1708066955, 17.602004006229 , 78.126604066462, 0.00 , 0.01 ,27.81 , 9.00 , 1.20 , 0.78 , 358.99
2024-02-16 12:32:35,407 :- 00163: 021 , 26.70 , -0.20 || 1708066955, 17.602010827935 , 78.126603900197, 0.01 , 0.01 ,26.89 , 10.38 , 1.16 , 0.78 , 359.00
2024-02-16 12:32:35,437 :- 00164: 024 , 26.50 , -0.20 || 1708066955, 17.602010827935 , 78.126603900197, 0.01 , 0.01 ,26.89 , 8.96 , 1.13 , 0.79 , 359.01
2024-02-16 12:32:35,467 :- 00165: 027 , 26.30 , -0.20 || 1708066955, 17.602010827935 , 78.126603900197, 0.01 , 0.01 ,26.89 , 9.70 , 1.11 , 0.80 , 359.01
2024-02-16 12:32:35,497 :- 00166: 030 , 26.00 , -0.20 || 1708066955, 17.602010827935 , 78.126603900197, 0.01 , 0.01 ,26.02 , 9.65 , 1.09 , 0.78 , 359.01
2024-02-16 12:32:35,527 :- 00167: 033 , 25.80 , -0.20 || 1708066955, 17.602017419221 , 78.126603701198, 0.01 , 0.01 ,26.02 , 10.15 , 1.06 , 0.81 , 359.01
2024-02-16 12:32:35,557 :- 00168: 036 , 25.60 , -0.20 || 1708066955, 17.602017419221 , 78.126603701198, 0.01 , 0.01 ,26.02 , 8.53 , 1.00 , 0.81 , 359.01
2024-02-16 12:32:35,587 :- 00169: 039 , 25.40 , -0.20 || 1708066955, 17.602017419221 , 78.126603701198, 0.01 , 0.01 ,26.02 , 10.28 , 1.01 , 0.81 , 359.02
2024-02-16 12:32:35,617 :- 00170: 042 , 25.20 , -0.20 || 1708066955, 17.602023882177 , 78.126603543879, 0.01 , 0.01 ,25.41 , 9.40 , 0.97 , 0.80 , 359.02
2024-02-16 12:32:35,647 :- 00171: 045 , 25.00 , -0.20 || 1708066955, 17.602023882177 , 78.126603543879, 0.01 , 0.01 ,25.41 , 9.97 , 0.94 , 0.80 , 359.03
2024-02-16 12:32:35,677 :- 00172: 048 , 24.70 , -0.20 || 1708066955, 17.602023882177 , 78.126603543879, 0.01 , 0.01 ,25.41 , 9.63 , 0.93 , 0.77 , 359.04
2024-02-16 12:32:35,707 :- 00173: 051 , 24.50 , -0.20 || 1708066955, 17.602030139290 , 78.126603364366, 0.01 , 0.01 ,24.68 , 9.92 , 0.91 , 0.75 , 359.05
2024-02-16 12:32:35,737 :- 00174: 054 , 24.30 , -0.20 || 1708066955, 17.602030139290 , 78.126603364366, 0.01 , 0.01 ,24.68 , 9.82 , 0.87 , 0.73 , 359.05
2024-02-16 12:32:35,767 :- 00175: 057 , 24.10 , -0.20 || 1708066955, 17.602030139290 , 78.126603364366, 0.01 , 0.01 ,24.68 , 9.91 , 0.83 , 0.71 , 359.06
2024-02-16 12:32:35,797 :- 00176: 060 , 23.90 , -0.20 || 1708066955, 17.602030139290 , 78.126603364366, 0.01 , 0.01 ,24.09 , 9.82 , 0.78 , 0.68 , 359.06
2024-02-16 12:32:35,827 :- 00177: 063 , 23.70 , -0.20 || 1708066955, 17.602036209291 , 78.126603224462, 0.01 , 0.01 ,24.09 , 10.02 , 0.75 , 0.66 , 359.07
2024-02-16 12:32:35,857 :- 00178: 066 , 23.40 , -0.20 || 1708066955, 17.602036209291 , 78.126603224462, 0.01 , 0.01 ,24.09 , 10.03 , 0.75 , 0.65 , 359.07
2024-02-16 12:32:35,887 :- 00179: 069 , 23.20 , -0.20 || 1708066955, 17.602036209291 , 78.126603224462, 0.01 , 0.01 ,24.09 , 9.50 , 0.70 , 0.67 , 359.08
2024-02-16 12:32:35,917 :- 00180: 072 , 23.00 , -0.20 || 1708066955, 17.602042061576 , 78.126603073611, 0.01 , 0.01 ,23.04 , 9.59 , 0.68 , 0.64 , 359.09
2024-02-16 12:32:35,947 :- 00181: 075 , 22.80 , -0.20 || 1708066955, 17.602042061576 , 78.126603073611, 0.01 , 0.01 ,23.04 , 10.28 , 0.65 , 0.64 , 359.09
2024-02-16 12:32:35,977 :- 00182: 078 , 22.50 , -0.20 || 1708066955, 17.602042061576 , 78.126603073611, 0.01 , 0.01 ,23.04 , 9.65 , 0.62 , 0.62 , 359.10
2024-02-16 12:32:36,007 :- 00183: 081 , 22.30 , -0.20 || 1708066956, 17.602047744272 , 78.126602954777, 0.01 , 0.01 ,22.46 , 9.78 , 0.58 , 0.62 , 359.10
2024-02-16 12:32:36,037 :- 00184: 084 , 22.10 , -0.20 || 1708066956, 17.602047744272 , 78.126602954777, 0.01 , 0.01 ,22.46 , 10.15 , 0.58 , 0.60 , 359.11
2024-02-16 12:32:36,067 :- 00185: 087 , 21.80 , -0.20 || 1708066956, 17.602047744272 , 78.126602954777, 0.01 , 0.01 ,22.46 , 9.84 , 0.55 , 0.61 , 359.11
2024-02-16 12:32:36,097 :- 00186: 090 , 21.60 , -0.20 || 1708066956, 17.602047744272 , 78.126602954777, 0.01 , 0.01 ,21.71 , 10.30 , 0.55 , 0.62 , 359.11
2024-02-16 12:32:36,126 :- 00187: 090 , 21.60 , -0.20 || 1708066956, 17.602047744272 , 78.126602954777, 0.01 , 0.01 ,21.71 , 10.30 , 0.55 , 0.62 , 359.111708066956, 17.602053226268 , 78.126602797516, 0.01 , 0.01 ,21.71 , 9.93 , 0.50 , 0.67 , 359.11
2024-02-16 12:32:36,147 :- 00188: 090 , 21.60 , -0.20 || 1708066956, 17.602047744272 , 78.126602954777, 0.01 , 0.01 ,21.71 , 10.30 , 0.55 , 0.62 , 359.111708066956, 17.602053226268 , 78.126602797516, 0.01 , 0.01 ,21.71 , 9.93 , 0.50 , 0.67 , 359.111708066956, 17.602053226268 , 78.126602797516, 0.01 , 0.01 ,21.71 , 9.95 , 0.49 , 0.70 , 359.12
2024-02-16 12:32:36,177 :- 00189: 098 , 21.00 , -0.20 || 1708066956, 17.602053226268 , 78.126602797516, 0.01 , 0.01 ,21.71 , 9.34 , 0.47 , 0.72 , 359.12
2024-02-16 12:32:36,207 :- 00190: 101 , 20.80 , -0.20 || 1708066956, 17.602058550265 , 78.126602720322, 0.01 , 0.01 ,21.08 , 9.92 , 0.50 , 0.77 , 359.13
2024-02-16 12:32:36,237 :- 00191: 104 , 20.50 , -0.20 || 1708066956, 17.602058550265 , 78.126602720322, 0.01 , 0.01 ,21.08 , 9.71 , 0.50 , 0.80 , 359.13
2024-02-16 12:32:36,267 :- 00192: 107 , 20.30 , -0.20 || 1708066956, 17.602058550265 , 78.126602720322, 0.01 , 0.01 ,21.08 , 9.40 , 0.51 , 0.83 , 359.13
2024-02-16 12:32:36,297 :- 00193: 110 , 20.10 , -0.20 || 1708066956, 17.602058550265 , 78.126602720322, 0.01 , 0.01 ,20.07 , 9.89 , 0.52 , 0.85 , 359.13
2024-02-16 12:32:36,327 :- 00194: 113 , 19.80 , -0.20 || 1708066956, 17.602063648377 , 78.126602616424, 0.01 , 0.01 ,20.07 , 9.63 , 0.53 , 0.86 , 359.14
2024-02-16 12:32:36,357 :- 00195: 116 , 19.60 , -0.20 || 1708066956, 17.602063648377 , 78.126602616424, 0.01 , 0.01 ,20.07 , 9.81 , 0.53 , 0.88 , 359.14
2024-02-16 12:32:36,387 :- 00196: 119 , 19.30 , -0.20 || 1708066956, 17.602063648377 , 78.126602616424, 0.01 , 0.01 ,20.07 , 9.62 , 0.53 , 0.88 , 359.14
2024-02-16 12:32:36,417 :- 00197: 122 , 19.10 , -0.20 || 1708066956, 17.602068528182 , 78.126602472665, 0.01 , 0.01 ,19.17 , 9.76 , 0.53 , 0.90 , 359.15
2024-02-16 12:32:36,447 :- 00198: 125 , 18.90 , -0.20 || 1708066956, 17.602068528182 , 78.126602472665, 0.01 , 0.01 ,19.17 , 9.45 , 0.52 , 0.91 , 359.15
2024-02-16 12:32:36,477 :- 00199: 128 , 18.60 , -0.20 || 1708066956, 17.602068528182 , 78.126602472665, 0.01 , 0.01 ,19.17 , 9.57 , 0.52 , 0.91 , 359.15
2024-02-16 12:32:36,507 :- 00200: 131 , 18.40 , -0.20 || 1708066956, 17.602073230644 , 78.126602399491, 0.01 , 0.01 ,18.53 , 9.51 , 0.50 , 0.91 , 359.16
2024-02-16 12:32:36,537 :- 00201: 134 , 18.20 , -0.20 || 1708066956, 17.602073230644 , 78.126602399491, 0.01 , 0.01 ,18.53 , 9.38 , 0.49 , 0.91 , 359.17
2024-02-16 12:32:36,567 :- 00202: 137 , 18.00 , -0.20 || 1708066956, 17.602073230644 , 78.126602399491, 0.01 , 0.01 ,18.53 , 9.63 , 0.53 , 0.87 , 359.18
2024-02-16 12:32:36,597 :- 00203: 140 , 17.80 , -0.20 || 1708066956, 17.602073230644 , 78.126602399491, 0.01 , 0.01 ,17.69 , 9.86 , 0.56 , 0.86 , 359.18
2024-02-16 12:32:36,627 :- 00204: 143 , 17.60 , -0.20 || 1708066956, 17.602077715587 , 78.126602327559, 0.01 , 0.01 ,17.69 , 9.45 , 0.60 , 0.82 , 359.19
2024-02-16 12:32:36,657 :- 00205: 146 , 17.40 , -0.20 || 1708066956, 17.602077715587 , 78.126602327559, 0.01 , 0.01 ,17.69 , 9.87 , 0.64 , 0.80 , 359.19
2024-02-16 12:32:36,687 :- 00206: 149 , 17.10 , -0.20 || 1708066956, 17.602077715587 , 78.126602327559, 0.01 , 0.01 ,16.85 , 9.62 , 0.73 , 0.73 , 359.20
2024-02-16 12:32:36,717 :- 00207: 152 , 16.90 , -0.20 || 1708066956, 17.602082021517 , 78.126602286267, 0.01 , 0.01 ,16.85 , 9.74 , 0.78 , 0.70 , 359.20
2024-02-16 12:32:36,746 :- 00208: 155 , 16.70 , -0.20 || 1708066956, 17.602082021517 , 78.126602286267, 0.01 , 0.01 ,16.85 , 10.28 , 0.89 , 0.62 , 359.21
2024-02-16 12:32:36,776 :- 00209: 158 , 16.50 , -0.20 || 1708066956, 17.602082021517 , 78.126602286267, 0.01 , 0.01 ,16.85 , 10.05 , 0.91 , 0.60 , 359.21
2024-02-16 12:32:36,807 :- 00210: 161 , 16.40 , -0.20 || 1708066956, 17.602086146523 , 78.126602286535, 0.01 , 0.01 ,16.32 , 9.98 , 0.91 , 0.57 , 359.21
2024-02-16 12:32:36,837 :- 00211: 164 , 16.20 , -0.20 || 1708066956, 17.602086146523 , 78.126602286535, 0.01 , 0.01 ,16.32 , 9.81 , 0.89 , 0.57 , 359.21
2024-02-16 12:32:36,867 :- 00212: 167 , 16.00 , -0.20 || 1708066956, 17.602086146523 , 78.126602286535, 0.01 , 0.01 ,16.32 , 10.03 , 0.84 , 0.56 , 359.22
2024-02-16 12:32:36,897 :- 00213: 170 , 15.80 , -0.20 || 1708066956, 17.602086146523 , 78.126602286535, 0.01 , 0.01 ,15.89 , 9.84 , 0.82 , 0.57 , 359.22
2024-02-16 12:32:36,927 :- 00214: 173 , 15.60 , -0.20 || 1708066956, 17.602090167679 , 78.126602158486, 0.01 , 0.01 ,15.89 , 9.65 , 0.79 , 0.56 , 359.23
2024-02-16 12:32:36,957 :- 00215: 176 , 15.40 , -0.20 || 1708066956, 17.602090167679 , 78.126602158486, 0.01 , 0.01 ,15.89 , 10.04 , 0.80 , 0.55 , 359.23
2024-02-16 12:32:36,987 :- 00216: 179 , 15.20 , -0.20 || 1708066956, 17.602090167679 , 78.126602158486, 0.01 , 0.01 ,15.89 , 9.93 , 0.78 , 0.60 , 359.23
2024-02-16 12:32:37,017 :- 00217: 182 , 15.00 , -0.20 || 1708066957, 17.602093995920 , 78.126602075262, 0.01 , 0.01 ,15.08 , 9.35 , 0.76 , 0.61 , 359.23
2024-02-16 12:32:37,047 :- 00218: 185 , 14.80 , -0.20 || 1708066957, 17.602093995920 , 78.126602075262, 0.01 , 0.01 ,15.08 , 10.00 , 0.76 , 0.64 , 359.24
2024-02-16 12:32:37,077 :- 00219: 185 , 14.80 , -0.20 || 1708066957, 17.602093995920 , 78.126602075262, 0.01 , 0.01 ,15.08 , 10.00 , 0.76 , 0.64 , 359.241708066957, 17.602093995920 , 78.126602075262, 0.01 , 0.01 ,15.08 , 9.74 , 0.76 , 0.66 , 359.24
2024-02-16 12:32:37,107 :- 00220: 191 , 14.40 , -0.20 || 1708066957, 17.602097679715 , 78.126602003365, 0.01 , 0.01 ,14.51 , 9.74 , 0.76 , 0.70 , 359.25
2024-02-16 12:32:37,137 :- 00221: 194 , 14.20 , -0.20 || 1708066957, 17.602097679715 , 78.126602003365, 0.01 , 0.01 ,14.51 , 9.64 , 0.77 , 0.71 , 359.25
2024-02-16 12:32:37,167 :- 00222: 197 , 14.00 , -0.20 || 1708066957, 17.602097679715 , 78.126602003365, 0.01 , 0.01 ,14.51 , 9.93 , 0.78 , 0.74 , 359.25
2024-02-16 12:32:37,197 :- 00223: 200 , 13.80 , -0.20 || 1708066957, 17.602097679715 , 78.126602003365, 0.01 , 0.01 ,13.84 , 9.82 , 0.78 , 0.74 , 359.25
2024-02-16 12:32:37,227 :- 00224: 203 , 13.60 , -0.20 || 1708066957, 17.602101194300 , 78.126601948652, 0.01 , 0.01 ,13.84 , 10.11 , 0.80 , 0.74 , 359.23
2024-02-16 12:32:37,257 :- 00225: 206 , 13.40 , -0.20 || 1708066957, 17.602101194300 , 78.126601948652, 0.01 , 0.01 ,13.84 , 10.13 , 0.82 , 0.74 , 359.23
2024-02-16 12:32:37,287 :- 00226: 209 , 13.30 , -0.20 || 1708066957, 17.602101194300 , 78.126601948652, 0.01 , 0.01 ,13.08 , 9.95 , 0.86 , 0.76 , 359.22
2024-02-16 12:32:37,317 :- 00227: 212 , 13.10 , -0.20 || 1708066957, 17.602104529473 , 78.126601931648, 0.01 , 0.01 ,13.08 , 9.99 , 0.89 , 0.75 , 359.21
2024-02-16 12:32:37,346 :- 00228: 215 , 12.90 , -0.20 || 1708066957, 17.602104529473 , 78.126601931648, 0.01 , 0.01 ,13.08 , 9.83 , 0.94 , 0.77 , 359.21
2024-02-16 12:32:37,376 :- 00229: 218 , 12.70 , -0.20 || 1708066957, 17.602104529473 , 78.126601931648, 0.01 , 0.01 ,13.08 , 9.72 , 0.96 , 0.77 , 359.21
2024-02-16 12:32:37,406 :- 00230: 218 , 12.70 , -0.20 || 1708066957, 17.602104529473 , 78.126601931648, 0.01 , 0.01 ,13.08 , 9.72 , 0.96 , 0.77 , 359.211708066957, 17.602107701535 , 78.126601930540, 0.01 , 0.01 ,12.48 , 9.72 , 1.00 , 0.82 , 359.21
2024-02-16 12:32:37,437 :- 00231: 224 , 12.40 , -0.20 || 1708066957, 17.602107701535 , 78.126601930540, 0.01 , 0.01 ,12.48 , 9.89 , 1.04 , 0.92 , 359.18
2024-02-16 12:32:37,466 :- 00232: 227 , 12.10 , -0.20 || 1708066957, 17.602107701535 , 78.126601930540, 0.01 , 0.01 ,12.48 , 6.83 , 0.94 , 0.31 , 359.22
2024-02-16 12:32:37,497 :- 00233: 230 , 11.90 , -0.20 || 1708066957, 17.602107701535 , 78.126601930540, 0.01 , 0.01 ,10.82 , 9.52 , 1.03 , 0.13 , 359.23
2024-02-16 12:32:37,527 :- 00234: 233 , 11.80 , -0.20 || 1708066957, 17.602110578111 , 78.126601912941, 0.01 , 0.01 ,10.82 , 10.27 , 0.98 , -0.11 , 359.24
2024-02-16 12:32:37,557 :- 00235: 236 , 11.60 , -0.20 || 1708066957, 17.602110578111 , 78.126601912941, 0.01 , 0.01 ,10.82 , 12.48 , 0.90 , -0.24 , 359.24
2024-02-16 12:32:37,587 :- 00236: 239 , 11.30 , -0.30 || 1708066957, 17.602110578111 , 78.126601912941, 0.01 , 0.01 ,10.82 , 9.95 , 0.85 , -0.29 , 359.27
2024-02-16 12:32:37,617 :- 00237: 242 , 11.20 , -0.30 || 1708066957, 17.602113188104 , 78.126601801303, 0.01 , 0.01 ,10.63 , 11.49 , 0.86 , -0.25 , 359.28
2024-02-16 12:32:37,647 :- 00238: 245 , 11.00 , -0.30 || 1708066957, 17.602113188104 , 78.126601801303, 0.01 , 0.01 ,10.63 , 7.09 , 0.81 , -0.14 , 359.29
2024-02-16 12:32:37,677 :- 00239: 248 , 10.90 , -0.30 || 1708066957, 17.602113188104 , 78.126601801303, 0.01 , 0.01 ,10.63 , 8.95 , 0.80 , -0.13 , 359.29
2024-02-16 12:32:37,706 :- 00240: 251 , 10.70 , -0.30 || 1708066957, 17.602115990521 , 78.126601733874, 0.01 , 0.01 ,11.09 , 9.20 , 0.85 , 0.04 , 359.30
2024-02-16 12:32:37,737 :- 00241: 254 , 10.50 , -0.30 || 1708066957, 17.602115990521 , 78.126601733874, 0.01 , 0.01 ,11.09 , 8.73 , 0.83 , 0.17 , 359.31
2024-02-16 12:32:37,766 :- 00242: 001 , 10.40 , -0.30 || 1708066957, 17.602115990521 , 78.126601733874, 0.01 , 0.01 ,11.09 , 9.18 , 0.81 , 0.30 , 359.31
2024-02-16 12:32:37,797 :- 00243: 004 , 10.30 , -0.30 || 1708066957, 17.602115990521 , 78.126601733874, 0.01 , 0.01 ,10.80 , 9.89 , 0.85 , 0.31 , 359.32
2024-02-16 12:32:37,827 :- 00244: 007 , 10.20 , -0.30 || 1708066957, 17.602118726710 , 78.126601698540, 0.01 , 0.01 ,10.80 , 9.44 , 0.81 , 0.38 , 359.33
2024-02-16 12:32:37,857 :- 00245: 010 , 10.10 , -0.30 || 1708066957, 17.602118726710 , 78.126601698540, 0.01 , 0.01 ,10.80 , 9.92 , 0.83 , 0.40 , 359.34
2024-02-16 12:32:37,887 :- 00246: 013 , 10.10 , -0.30 || 1708066957, 17.602118726710 , 78.126601698540, 0.01 , 0.01 ,10.80 , 10.61 , 0.88 , 0.43 , 359.35
2024-02-16 12:32:37,917 :- 00247: 016 , 10.10 , -0.30 || 1708066957, 17.602121365169 , 78.126601655794, 0.01 , 0.01 ,10.44 , 10.34 , 0.88 , 0.37 , 359.35
2024-02-16 12:32:37,947 :- 00248: 019 , 10.10 , -0.30 || 1708066957, 17.602121365169 , 78.126601655794, 0.01 , 0.01 ,10.44 , 10.41 , 0.90 , 0.28 , 359.37
2024-02-16 12:32:37,977 :- 00249: 022 , 10.10 , -0.30 || 1708066957, 17.602121365169 , 78.126601655794, 0.01 , 0.01 ,10.44 , 11.16 , 0.92 , 0.29 , 359.37
2024-02-16 12:32:38,007 :- 00250: 025 , 10.10 , -0.30 || 1708066958, 17.602123922767 , 78.126601633488, 0.01 , 0.01 ,10.15 , 10.65 , 0.89 , 0.13 , 359.38
2024-02-16 12:32:38,037 :- 00251: 028 , 10.20 , -0.30 || 1708066958, 17.602123922767 , 78.126601633488, 0.01 , 0.01 ,10.15 , 10.13 , 0.88 , 0.10 , 359.39
2024-02-16 12:32:38,067 :- 00252: 031 , 10.20 , -0.30 || 1708066958, 17.602123922767 , 78.126601633488, 0.01 , 0.01 ,10.15 , 10.57 , 0.89 , 0.04 , 359.39
2024-02-16 12:32:38,097 :- 00253: 034 , 10.20 , -0.30 || 1708066958, 17.602123922767 , 78.126601633488, 0.01 , 0.01 ,10.16 , 10.40 , 0.89 , 0.06 , 359.39
2024-02-16 12:32:38,127 :- 00254: 037 , 10.20 , -0.30 || 1708066958, 17.602126468256 , 78.126601596789, 0.01 , 0.01 ,10.16 , 9.74 , 0.87 , -0.01 , 359.40
2024-02-16 12:32:38,156 :- 00255: 040 , 10.20 , -0.30 || 1708066958, 17.602126468256 , 78.126601596789, 0.01 , 0.01 ,10.16 , 9.68 , 0.87 , -0.02 , 359.40
2024-02-16 12:32:38,186 :- 00256: 043 , 10.20 , -0.30 || 1708066958, 17.602126468256 , 78.126601596789, 0.01 , 0.01 ,10.16 , 9.36 , 0.86 , 0.03 , 359.40
2024-02-16 12:32:38,217 :- 00257: 046 , 10.20 , -0.30 || 1708066958, 17.602129047517 , 78.126601574023, 0.01 , 0.01 ,10.31 , 9.46 , 0.85 , 0.03 , 359.41
2024-02-16 12:32:38,246 :- 00258: 049 , 09.90 , -0.30 || 1708066958, 17.602129047517 , 78.126601574023, 0.01 , 0.01 ,10.31 , 13.74 , 0.98 , 0.22 , 359.40
2024-02-16 12:32:38,297 :- 00259: 054 , 09.60 , -0.30 || 1708066958, 17.602129047517 , 78.126601574023, 0.01 , 0.01 ,10.29 , 14.30 , 1.12 , 0.33 , 359.40
2024-02-16 12:32:38,327 :- 00260: 057 , 09.70 , -0.30 || 1708066958, 17.602131633384 , 78.126601523377, 0.01 , 0.01 ,10.29 , 9.19 , 0.90 , 0.85 , 359.41
2024-02-16 12:32:38,357 :- 00261: 060 , 09.90 , -0.30 || 1708066958, 17.602131633384 , 78.126601523377, 0.01 , 0.01 ,10.29 , 3.37 , 0.71 , 1.15 , 359.42
2024-02-16 12:32:38,387 :- 00262: 063 , 10.40 , -0.30 || 1708066958, 17.602131633384 , 78.126601523377, 0.01 , 0.01 ,10.63 , 2.00 , 0.47 , 0.85 , 359.44
2024-02-16 12:32:38,417 :- 00263: 066 , 10.70 , -0.30 || 1708066958, 17.602134301710 , 78.126601504709, 0.01 , 0.01 ,10.63 , 0.78 , 0.26 , 0.66 , 359.46
2024-02-16 12:32:38,446 :- 00264: 069 , 10.30 , -0.30 || 1708066958, 17.602134301710 , 78.126601504709, 0.01 , 0.01 ,10.63 , 12.11 , 0.85 , 1.30 , 359.47
2024-02-16 12:32:38,476 :- 00265: 072 , 10.00 , -0.30 || 1708066958, 17.602134301710 , 78.126601504709, 0.01 , 0.01 ,10.63 , 8.70 , 0.91 , 1.41 , 359.45
2024-02-16 12:32:38,507 :- 00266: 075 , 09.80 , -0.30 || 1708066958, 17.602136699991 , 78.126601446380, 0.01 , 0.01 ,9.30 , 9.51 , 0.74 , 0.61 , 359.45
2024-02-16 12:32:38,537 :- 00267: 078 , 09.70 , -0.30 || 1708066958, 17.602136699991 , 78.126601446380, 0.01 , 0.01 ,9.30 , 7.27 , 0.76 , 0.57 , 359.45
2024-02-16 12:32:38,567 :- 00268: 081 , 09.60 , -0.20 || 1708066958, 17.602136699991 , 78.126601446380, 0.01 , 0.01 ,9.30 , 9.72 , 0.80 , 0.34 , 359.45
2024-02-16 12:32:38,596 :- 00269: 084 , 09.50 , -0.20 || 1708066958, 17.602136699991 , 78.126601446380, 0.01 , 0.01 ,9.24 , 9.67 , 0.86 , 0.16 , 359.45
2024-02-16 12:32:38,627 :- 00270: 087 , 09.50 , -0.20 || 1708066958, 17.602139005644 , 78.126601436939, 0.01 , 0.01 ,9.24 , 10.76 , 0.83 , -0.12 , 359.46
2024-02-16 12:32:38,656 :- 00271: 090 , 09.40 , -0.20 || 1708066958, 17.602139005644 , 78.126601436939, 0.01 , 0.01 ,9.24 , 11.35 , 0.87 , -0.31 , 359.48
2024-02-16 12:32:38,686 :- 00272: 090 , 09.40 , -0.20 || 1708066958, 17.602139005644 , 78.126601436939, 0.01 , 0.01 ,9.24 , 11.35 , 0.87 , -0.31 , 359.481708066958, 17.602139005644 , 78.126601436939, 0.01 , 0.01 ,9.24 , 14.32 , 1.01 , -0.40 , 359.50
2024-02-16 12:32:38,717 :- 00273: 096 , 09.50 , -0.20 || 1708066958, 17.602141384126 , 78.126601422407, 0.01 , 0.01 ,9.57 , 14.64 , 1.05 , -0.48 , 359.51
2024-02-16 12:32:38,747 :- 00274: 099 , 09.50 , -0.20 || 1708066958, 17.602141384126 , 78.126601422407, 0.01 , 0.01 ,9.57 , 13.44 , 1.01 , -0.38 , 359.52
2024-02-16 12:32:38,777 :- 00275: 102 , 09.50 , -0.20 || 1708066958, 17.602141384126 , 78.126601422407, 0.01 , 0.01 ,9.57 , 12.05 , 1.02 , -0.30 , 359.52
2024-02-16 12:32:38,807 :- 00276: 105 , 09.60 , -0.20 || 1708066958, 17.602143909544 , 78.126601399564, 0.01 , 0.01 ,10.23 , 10.77 , 0.99 , -0.07 , 359.52
2024-02-16 12:32:38,836 :- 00277: 108 , 09.60 , -0.20 || 1708066958, 17.602143909544 , 78.126601399564, 0.01 , 0.01 ,10.23 , 9.79 , 1.00 , 0.06 , 359.52
2024-02-16 12:32:38,866 :- 00278: 111 , 09.70 , -0.20 || 1708066958, 17.602143909544 , 78.126601399564, 0.01 , 0.01 ,10.23 , 9.07 , 0.99 , 0.26 , 359.51
2024-02-16 12:32:38,896 :- 00279: 114 , 09.70 , -0.20 || 1708066958, 17.602143909544 , 78.126601399564, 0.01 , 0.01 ,10.25 , 8.89 , 1.00 , 0.34 , 359.51
2024-02-16 12:32:38,926 :- 00280: 117 , 09.70 , -0.20 || 1708066958, 17.602146506534 , 78.126601375859, 0.01 , 0.01 ,10.25 , 8.33 , 1.01 , 0.47 , 359.51
2024-02-16 12:32:38,957 :- 00281: 120 , 09.80 , -0.20 || 1708066958, 17.602146506534 , 78.126601375859, 0.01 , 0.01 ,10.25 , 8.17 , 1.01 , 0.52 , 359.51
2024-02-16 12:32:38,987 :- 00282: 123 , 09.80 , -0.20 || 1708066958, 17.602146506534 , 78.126601375859, 0.01 , 0.01 ,10.25 , 7.93 , 1.02 , 0.54 , 359.51
2024-02-16 12:32:39,016 :- 00283: 126 , 09.70 , -0.20 || 1708066959, 17.602146506534 , 78.126601375859, 0.01 , 0.01 ,9.86 , 8.17 , 1.03 , 0.54 , 359.52
2024-02-16 12:32:39,047 :- 00284: 129 , 09.70 , -0.10 || 1708066959, 17.602149005389 , 78.126601368118, 0.01 , 0.01 ,9.86 , 8.02 , 1.02 , 0.48 , 359.53
2024-02-16 12:32:39,077 :- 00285: 132 , 09.70 , -0.10 || 1708066959, 17.602149005389 , 78.126601368118, 0.01 , 0.01 ,9.86 , 8.36 , 1.02 , 0.42 , 359.53
2024-02-16 12:32:39,107 :- 00286: 135 , 09.70 , -0.10 || 1708066959, 17.602151445280 , 78.126601342084, 0.01 , 0.01 ,9.66 , 8.93 , 1.02 , 0.31 , 359.54
2024-02-16 12:32:39,137 :- 00287: 138 , 09.60 , -0.10 || 1708066959, 17.602151445280 , 78.126601342084, 0.01 , 0.01 ,9.66 , 9.32 , 1.02 , 0.23 , 359.55
2024-02-16 12:32:39,166 :- 00288: 141 , 09.60 , -0.10 || 1708066959, 17.602151445280 , 78.126601342084, 0.01 , 0.01 ,9.66 , 10.14 , 1.03 , 0.10 , 359.55
2024-02-16 12:32:39,196 :- 00289: 144 , 09.60 , -0.10 || 1708066959, 17.602151445280 , 78.126601342084, 0.01 , 0.01 ,9.62 , 10.39 , 1.04 , 0.03 , 359.55
2024-02-16 12:32:39,227 :- 00290: 147 , 09.50 , -0.10 || 1708066959, 17.602153854814 , 78.126601295644, 0.01 , 0.01 ,9.62 , 10.77 , 1.05 , -0.06 , 359.56
2024-02-16 12:32:39,256 :- 00291: 150 , 09.50 , -0.10 || 1708066959, 17.602153854814 , 78.126601295644, 0.01 , 0.01 ,9.62 , 11.00 , 1.06 , -0.09 , 359.56
2024-02-16 12:32:39,286 :- 00292: 153 , 09.50 , -0.10 || 1708066959, 17.602153854814 , 78.126601295644, 0.01 , 0.01 ,9.62 , 11.56 , 1.07 , -0.11 , 359.56
2024-02-16 12:32:39,317 :- 00293: 156 , 09.50 , -0.00 || 1708066959, 17.602156309949 , 78.126601269655, 0.01 , 0.01 ,9.91 , 10.97 , 1.06 , -0.11 , 359.56
2024-02-16 12:32:39,347 :- 00294: 159 , 09.60 , -0.00 || 1708066959, 17.602156309949 , 78.126601269655, 0.01 , 0.01 ,9.91 , 10.43 , 1.04 , -0.08 , 359.57
2024-02-16 12:32:39,376 :- 00295: 162 , 09.60 , -0.00 || 1708066959, 17.602156309949 , 78.126601269655, 0.01 , 0.01 ,9.91 , 10.08 , 1.04 , -0.06 , 359.57
2024-02-16 12:32:39,407 :- 00296: 165 , 09.70 , -0.00 || 1708066959, 17.602158829430 , 78.126601237990, 0.01 , 0.01 ,10.10 , 9.83 , 1.06 , -0.07 , 359.57
2024-02-16 12:32:39,437 :- 00297: 168 , 09.80 , -0.00 || 1708066959, 17.602158829430 , 78.126601237990, 0.01 , 0.01 ,10.10 , 9.43 , 1.07 , -0.07 , 359.57
2024-02-16 12:32:39,467 :- 00298: 171 , 09.90 , -0.00 || 1708066959, 17.602158829430 , 78.126601237990, 0.01 , 0.01 ,10.10 , 9.74 , 1.10 , -0.06 , 359.57
2024-02-16 12:32:39,497 :- 00299: 174 , 10.00 , -0.00 || 1708066959, 17.602158829430 , 78.126601237990, 0.01 , 0.01 ,10.37 , 9.40 , 1.10 , -0.09 , 359.57
2024-02-16 12:32:39,527 :- 00300: 177 , 10.20 , -0.00 || 1708066959, 17.602161427024 , 78.126601231612, 0.01 , 0.01 ,10.37 , 9.44 , 1.10 , -0.13 , 359.57
2024-02-16 12:32:39,557 :- 00301: 180 , 10.30 , -0.00 || 1708066959, 17.602161427024 , 78.126601231612, 0.01 , 0.01 ,10.37 , 9.31 , 1.10 , -0.16 , 359.57
2024-02-16 12:32:39,587 :- 00302: 183 , 10.40 , -0.00 || 1708066959, 17.602161427024 , 78.126601231612, 0.01 , 0.01 ,10.37 , 9.10 , 1.07 , -0.27 , 359.57
2024-02-16 12:32:39,617 :- 00303: 186 , 10.50 , -0.00 || 1708066959, 17.602164100630 , 78.126601197390, 0.01 , 0.01 ,10.70 , 9.36 , 1.05 , -0.30 , 359.56
2024-02-16 12:32:39,646 :- 00304: 189 , 10.60 , -0.00 || 1708066959, 17.602164100630 , 78.126601197390, 0.01 , 0.01 ,10.70 , 9.52 , 1.02 , -0.41 , 359.56
2024-02-16 12:32:39,676 :- 00305: 192 , 10.80 , -0.00 || 1708066959, 17.602164100630 , 78.126601197390, 0.01 , 0.01 ,10.70 , 9.64 , 1.02 , -0.46 , 359.55
2024-02-16 12:32:39,707 :- 00306: 195 , 10.90 , 00.00 || 1708066959, 17.602166873686 , 78.126601136432, 0.01 , 0.01 ,11.19 , 10.06 , 1.01 , -0.52 , 359.54
2024-02-16 12:32:39,737 :- 00307: 198 , 11.00 , 00.00 || 1708066959, 17.602166873686 , 78.126601136432, 0.01 , 0.01 ,11.19 , 10.09 , 1.02 , -0.56 , 359.54
2024-02-16 12:32:39,766 :- 00308: 201 , 11.20 , 00.00 || 1708066959, 17.602166873686 , 78.126601136432, 0.01 , 0.01 ,11.19 , 9.95 , 1.02 , -0.60 , 359.54
2024-02-16 12:32:39,797 :- 00309: 204 , 11.30 , 00.10 || 1708066959, 17.602166873686 , 78.126601136432, 0.01 , 0.01 ,11.87 , 10.01 , 1.02 , -0.62 , 359.54
2024-02-16 12:32:39,826 :- 00310: 207 , 11.50 , 00.10 || 1708066959, 17.602169810003 , 78.126601101116, 0.01 , 0.01 ,11.87 , 10.36 , 1.05 , -0.61 , 359.54
2024-02-16 12:32:39,857 :- 00311: 210 , 11.60 , 00.10 || 1708066959, 17.602169810003 , 78.126601101116, 0.01 , 0.01 ,11.87 , 10.29 , 1.05 , -0.61 , 359.54
2024-02-16 12:32:39,887 :- 00312: 213 , 11.80 , 00.10 || 1708066959, 17.602169810003 , 78.126601101116, 0.01 , 0.01 ,11.87 , 10.31 , 1.08 , -0.58 , 359.55
2024-02-16 12:32:39,917 :- 00313: 216 , 12.00 , 00.10 || 1708066959, 17.602172943380 , 78.126601073561, 0.01 , 0.01 ,12.66 , 9.91 , 1.08 , -0.57 , 359.54
2024-02-16 12:32:39,947 :- 00314: 219 , 12.20 , 00.10 || 1708066959, 17.602172943380 , 78.126601073561, 0.01 , 0.01 ,12.66 , 9.98 , 1.10 , -0.54 , 359.53
2024-02-16 12:32:39,977 :- 00315: 222 , 12.40 , 00.20 || 1708066959, 17.602172943380 , 78.126601073561, 0.01 , 0.01 ,12.66 , 9.77 , 1.11 , -0.53 , 359.53
2024-02-16 12:32:40,007 :- 00316: 225 , 12.60 , 00.20 || 1708066960, 17.602176233149 , 78.126601047792, 0.01 , 0.01 ,13.31 , 9.67 , 1.14 , -0.51 , 359.50
2024-02-16 12:32:40,036 :- 00317: 228 , 12.80 , 00.20 || 1708066960, 17.602176233149 , 78.126601047792, 0.01 , 0.01 ,13.31 , 9.65 , 1.15 , -0.51 , 359.49
2024-02-16 12:32:40,066 :- 00318: 231 , 13.00 , 00.20 || 1708066960, 17.602176233149 , 78.126601047792, 0.01 , 0.01 ,13.31 , 9.32 , 1.15 , -0.52 , 359.46
2024-02-16 12:32:40,097 :- 00319: 234 , 13.20 , 00.20 || 1708066960, 17.602176233149 , 78.126601047792, 0.01 , 0.01 ,13.84 , 9.89 , 1.15 , -0.53 , 359.45
2024-02-16 12:32:40,126 :- 00320: 237 , 13.40 , 00.20 || 1708066960, 17.602179681095 , 78.126601019595, 0.01 , 0.01 ,13.84 , 9.80 , 1.14 , -0.56 , 359.42
2024-02-16 12:32:40,157 :- 00321: 240 , 13.60 , 00.30 || 1708066960, 17.602179681095 , 78.126601019595, 0.01 , 0.01 ,13.84 , 9.44 , 1.12 , -0.57 , 359.41
2024-02-16 12:32:40,187 :- 00322: 243 , 13.80 , 00.30 || 1708066960, 17.602179681095 , 78.126601019595, 0.01 , 0.01 ,13.84 , 9.53 , 1.10 , -0.60 , 359.39
2024-02-16 12:32:40,217 :- 00323: 246 , 13.90 , 00.30 || 1708066960, 17.602183266903 , 78.126600957439, 0.01 , 0.01 ,14.44 , 10.15 , 1.09 , -0.61 , 359.38
2024-02-16 12:32:40,247 :- 00324: 249 , 14.10 , 00.40 || 1708066960, 17.602183266903 , 78.126600957439, 0.01 , 0.01 ,14.44 , 10.26 , 1.05 , -0.61 , 359.35
2024-02-16 12:32:40,277 :- 00325: 252 , 14.30 , 00.40 || 1708066960, 17.602183266903 , 78.126600957439, 0.01 , 0.01 ,14.44 , 9.99 , 1.02 , -0.62 , 359.34
2024-02-16 12:32:40,307 :- 00326: 255 , 14.50 , 00.40 || 1708066960, 17.602187026337 , 78.126600861724, 0.01 , 0.01 ,15.16 , 10.42 , 0.96 , -0.59 , 359.32
2024-02-16 12:32:40,337 :- 00327: 002 , 14.70 , 00.40 || 1708066960, 17.602187026337 , 78.126600861724, 0.01 , 0.01 ,15.16 , 9.50 , 0.93 , -0.57 , 359.31
2024-02-16 12:32:40,367 :- 00328: 005 , 14.90 , 00.40 || 1708066960, 17.602187026337 , 78.126600861724, 0.01 , 0.01 ,15.16 , 9.33 , 0.87 , -0.55 , 359.28
2024-02-16 12:32:40,397 :- 00329: 008 , 15.00 , 00.40 || 1708066960, 17.602187026337 , 78.126600861724, 0.01 , 0.01 ,15.86 , 9.68 , 0.87 , -0.51 , 359.26
2024-02-16 12:32:40,426 :- 00330: 011 , 15.20 , 00.40 || 1708066960, 17.602190960417 , 78.126600744392, 0.01 , 0.01 ,15.86 , 9.52 , 0.85 , -0.49 , 359.21
2024-02-16 12:32:40,457 :- 00331: 014 , 15.40 , 00.40 || 1708066960, 17.602190960417 , 78.126600744392, 0.01 , 0.01 ,15.86 , 9.40 , 0.83 , -0.49 , 359.19
2024-02-16 12:32:40,486 :- 00332: 017 , 15.50 , 00.40 || 1708066960, 17.602190960417 , 78.126600744392, 0.01 , 0.01 ,15.86 , 9.89 , 0.81 , -0.49 , 359.14
2024-02-16 12:32:40,516 :- 00333: 020 , 15.70 , 00.40 || 1708066960, 17.602195026220 , 78.126600652205, 0.01 , 0.01 ,16.33 , 9.76 , 0.79 , -0.50 , 359.11
2024-02-16 12:32:40,546 :- 00334: 023 , 15.80 , 00.40 || 1708066960, 17.602195026220 , 78.126600652205, 0.01 , 0.01 ,16.33 , 9.99 , 0.77 , -0.53 , 359.07
2024-02-16 12:32:40,576 :- 00335: 026 , 16.00 , 00.40 || 1708066960, 17.602195026220 , 78.126600652205, 0.01 , 0.01 ,16.33 , 10.28 , 0.77 , -0.54 , 359.05
2024-02-16 12:32:40,607 :- 00336: 029 , 16.10 , 00.40 || 1708066960, 17.602199189978 , 78.126600555019, 0.01 , 0.01 ,16.74 , 10.26 , 0.77 , -0.55 , 359.02
2024-02-16 12:32:40,637 :- 00337: 032 , 16.30 , 00.40 || 1708066960, 17.602199189978 , 78.126600555019, 0.01 , 0.01 ,16.74 , 10.31 , 0.76 , -0.55 , 359.00
2024-02-16 12:32:40,667 :- 00338: 035 , 16.40 , 00.40 || 1708066960, 17.602199189978 , 78.126600555019, 0.01 , 0.01 ,16.74 , 10.43 , 0.75 , -0.53 , 358.96
2024-02-16 12:32:40,697 :- 00339: 038 , 16.60 , 00.40 || 1708066960, 17.602199189978 , 78.126600555019, 0.01 , 0.01 ,17.25 , 9.69 , 0.74 , -0.51 , 358.95
2024-02-16 12:32:40,727 :- 00340: 041 , 16.70 , 00.40 || 1708066960, 17.602203478788 , 78.126600457242, 0.01 , 0.01 ,17.25 , 9.98 , 0.71 , -0.49 , 358.92
2024-02-16 12:32:40,757 :- 00341: 044 , 16.80 , 00.50 || 1708066960, 17.602203478788 , 78.126600457242, 0.01 , 0.01 ,17.25 , 9.73 , 0.71 , -0.46 , 358.91
2024-02-16 12:32:40,787 :- 00342: 047 , 17.00 , 00.50 || 1708066960, 17.602203478788 , 78.126600457242, 0.01 , 0.01 ,17.25 , 9.38 , 0.64 , -0.44 , 358.88
2024-02-16 12:32:40,816 :- 00343: 050 , 17.10 , 00.50 || 1708066960, 17.602207892977 , 78.126600313384, 0.01 , 0.01 ,17.73 , 9.36 , 0.63 , -0.43 , 358.86
2024-02-16 12:32:40,847 :- 00344: 053 , 17.20 , 00.50 || 1708066960, 17.602207892977 , 78.126600313384, 0.01 , 0.01 ,17.73 , 9.34 , 0.61 , -0.43 , 358.81
2024-02-16 12:32:40,877 :- 00345: 056 , 17.40 , 00.50 || 1708066960, 17.602207892977 , 78.126600313384, 0.01 , 0.01 ,17.73 , 9.19 , 0.60 , -0.42 , 358.79
2024-02-16 12:32:40,907 :- 00346: 059 , 17.50 , 00.50 || 1708066960, 17.602212390143 , 78.126600172262, 0.01 , 0.01 ,17.97 , 9.30 , 0.61 , -0.48 , 358.75
2024-02-16 12:32:40,936 :- 00347: 062 , 17.60 , 00.60 || 1708066960, 17.602212390143 , 78.126600172262, 0.01 , 0.01 ,17.97 , 9.77 , 0.61 , -0.49 , 358.72
2024-02-16 12:32:40,966 :- 00348: 065 , 17.60 , 00.60 || 1708066960, 17.602212390143 , 78.126600172262, 0.01 , 0.01 ,17.97 , 10.17 , 0.60 , -0.51 , 358.66
2024-02-16 12:32:40,997 :- 00349: 068 , 17.70 , 00.60 || 1708066960, 17.602212390143 , 78.126600172262, 0.01 , 0.01 ,17.97 , 10.24 , 0.61 , -0.55 , 358.64
2024-02-16 12:32:41,026 :- 00350: 071 , 17.80 , 00.60 || 1708066961, 17.602216941141 , 78.126599959335, 0.00 , 0.00 ,18.26 , 10.68 , 0.60 , -0.55 , 358.58
2024-02-16 12:32:41,057 :- 00351: 074 , 17.90 , 00.60 || 1708066961, 17.602216941141 , 78.126599959335, 0.00 , 0.00 ,18.26 , 10.04 , 0.60 , -0.55 , 358.56
2024-02-16 12:32:41,087 :- 00352: 077 , 18.00 , 00.60 || 1708066961, 17.602216941141 , 78.126599959335, 0.00 , 0.01 ,18.72 , 10.33 , 0.62 , -0.55 , 358.52
2024-02-16 12:32:41,117 :- 00353: 080 , 18.20 , 00.60 || 1708066961, 17.602221609699 , 78.126599820830, 0.00 , 0.01 ,18.72 , 10.13 , 0.66 , -0.52 , 358.49
2024-02-16 12:32:41,146 :- 00354: 083 , 18.30 , 00.60 || 1708066961, 17.602221609699 , 78.126599820830, 0.00 , 0.01 ,18.72 , 9.95 , 0.69 , -0.52 , 358.45
2024-02-16 12:32:41,177 :- 00355: 086 , 18.40 , 00.60 || 1708066961, 17.602221609699 , 78.126599820830, 0.00 , 0.01 ,18.72 , 10.45 , 0.72 , -0.48 , 358.43
2024-02-16 12:32:41,207 :- 00356: 089 , 18.50 , 00.60 || 1708066961, 17.602226393059 , 78.126599688836, 0.00 , 0.01 ,19.16 , 9.54 , 0.76 , -0.45 , 358.38
2024-02-16 12:32:41,236 :- 00357: 089 , 18.50 , 00.60 || 1708066961, 17.602226393059 , 78.126599688836, 0.00 , 0.01 ,19.16 , 9.54 , 0.76 , -0.45 , 358.381708066961, 17.602226393059 , 78.126599688836, 0.00 , 0.01 ,19.16 , 9.36 , 0.73 , -0.43 , 358.36
2024-02-16 12:32:41,257 :- 00358: 094 , 18.70 , 00.60 || 1708066961, 17.602226393059 , 78.126599688836, 0.00 , 0.01 ,19.16 , 9.46 , 0.74 , -0.38 , 358.33
2024-02-16 12:32:41,288 :- 00359: 097 , 18.80 , 00.60 || 1708066961, 17.602226393059 , 78.126599688836, 0.00 , 0.01 ,19.53 , 9.51 , 0.75 , -0.35 , 358.28
2024-02-16 12:32:41,317 :- 00360: 100 , 18.80 , 00.60 || 1708066961, 17.602231263789 , 78.126599527385, 0.00 , 0.01 ,19.53 , 9.48 , 0.73 , -0.33 , 358.25
2024-02-16 12:32:41,347 :- 00361: 103 , 18.90 , 00.60 || 1708066961, 17.602231263789 , 78.126599527385, 0.00 , 0.01 ,19.53 , 9.25 , 0.71 , -0.29 , 358.20
2024-02-16 12:32:41,377 :- 00362: 106 , 19.00 , 00.60 || 1708066961, 17.602231263789 , 78.126599527385, 0.00 , 0.01 ,19.53 , 9.81 , 0.72 , -0.27 , 358.17
2024-02-16 12:32:41,407 :- 00363: 109 , 19.10 , 00.60 || 1708066961, 17.602236217208 , 78.126599322970, 0.00 , 0.01 ,19.84 , 9.52 , 0.69 , -0.25 , 358.11
2024-02-16 12:32:41,436 :- 00364: 112 , 19.20 , 00.60 || 1708066961, 17.602236217208 , 78.126599322970, 0.00 , 0.01 ,19.84 , 10.04 , 0.70 , -0.25 , 358.09
2024-02-16 12:32:41,467 :- 00365: 115 , 19.30 , 00.50 || 1708066961, 17.602236217208 , 78.126599322970, 0.00 , 0.01 ,19.84 , 9.91 , 0.70 , -0.22 , 358.03
2024-02-16 12:32:41,497 :- 00366: 118 , 19.40 , 00.50 || 1708066961, 17.602236217208 , 78.126599322970, 0.00 , 0.01 ,20.15 , 9.90 , 0.69 , -0.22 , 358.01
2024-02-16 12:32:41,526 :- 00367: 121 , 19.50 , 00.50 || 1708066961, 17.602241239607 , 78.126599125705, 0.00 , 0.01 ,20.15 , 10.11 , 0.71 , -0.20 , 357.95
2024-02-16 12:32:41,557 :- 00368: 124 , 19.60 , 00.50 || 1708066961, 17.602241239607 , 78.126599125705, 0.00 , 0.01 ,20.15 , 10.09 , 0.72 , -0.19 , 357.92
2024-02-16 12:32:41,586 :- 00369: 127 , 19.70 , 00.50 || 1708066961, 17.602241239607 , 78.126599125705, 0.00 , 0.01 ,20.15 , 9.77 , 0.74 , -0.17 , 357.87
2024-02-16 12:32:41,616 :- 00370: 130 , 19.80 , 00.40 || 1708066961, 17.602246349762 , 78.126598917742, 0.01 , 0.01 ,20.49 , 9.91 , 0.78 , -0.15 , 357.83
2024-02-16 12:32:41,647 :- 00371: 133 , 20.00 , 00.40 || 1708066961, 17.602246349762 , 78.126598917742, 0.01 , 0.01 ,20.49 , 9.60 , 0.81 , -0.12 , 357.77
2024-02-16 12:32:41,676 :- 00372: 136 , 20.10 , 00.40 || 1708066961, 17.602246349762 , 78.126598917742, 0.01 , 0.01 ,20.49 , 9.34 , 0.84 , -0.11 , 357.74
2024-02-16 12:32:41,707 :- 00373: 139 , 20.20 , 00.40 || 1708066961, 17.602251560338 , 78.126598741664, 0.01 , 0.01 ,20.82 , 9.66 , 0.90 , -0.09 , 357.70
2024-02-16 12:32:41,737 :- 00374: 142 , 20.30 , 00.30 || 1708066961, 17.602251560338 , 78.126598741664, 0.01 , 0.01 ,20.82 , 9.34 , 0.90 , -0.10 , 357.68
2024-02-16 12:32:41,767 :- 00375: 145 , 20.40 , 00.30 || 1708066961, 17.602251560338 , 78.126598741664, 0.01 , 0.01 ,20.82 , 9.34 , 0.91 , -0.12 , 357.66
2024-02-16 12:32:41,797 :- 00376: 148 , 20.50 , 00.30 || 1708066961, 17.602251560338 , 78.126598741664, 0.01 , 0.01 ,21.05 , 9.54 , 0.92 , -0.13 , 357.64
2024-02-16 12:32:41,827 :- 00377: 151 , 20.60 , 00.30 || 1708066961, 17.602256825467 , 78.126598510963, 0.01 , 0.01 ,21.05 , 10.04 , 0.95 , -0.17 , 357.62
2024-02-16 12:32:41,856 :- 00378: 154 , 20.60 , 00.30 || 1708066961, 17.602256825467 , 78.126598510963, 0.01 , 0.01 ,21.05 , 9.97 , 0.96 , -0.20 , 357.61
2024-02-16 12:32:41,887 :- 00379: 157 , 20.70 , 00.30 || 1708066961, 17.602256825467 , 78.126598510963, 0.01 , 0.01 ,21.05 , 9.92 , 0.96 , -0.23 , 357.58
2024-02-16 12:32:41,917 :- 00380: 160 , 20.80 , 00.30 || 1708066961, 17.602262156331 , 78.126598255712, 0.01 , 0.01 ,21.38 , 10.21 , 0.96 , -0.25 , 357.56
2024-02-16 12:32:41,946 :- 00381: 163 , 20.90 , 00.30 || 1708066961, 17.602262156331 , 78.126598255712, 0.01 , 0.01 ,21.38 , 10.02 , 0.96 , -0.27 , 357.53
2024-02-16 12:32:41,976 :- 00382: 166 , 21.00 , 00.20 || 1708066961, 17.602262156331 , 78.126598255712, 0.01 , 0.01 ,21.38 , 10.15 , 0.96 , -0.27 , 357.52
2024-02-16 12:32:42,007 :- 00383: 169 , 21.10 , 00.20 || 1708066962, 17.602262156331 , 78.126598255712, 0.01 , 0.01 ,21.65 , 9.64 , 0.95 , -0.26 , 357.49
2024-02-16 12:32:42,037 :- 00384: 172 , 21.20 , 00.20 || 1708066962, 17.602267567051 , 78.126598000170, 0.01 , 0.01 ,21.65 , 9.94 , 0.94 , -0.26 , 357.48
2024-02-16 12:32:42,067 :- 00385: 175 , 21.30 , 00.20 || 1708066962, 17.602267567051 , 78.126598000170, 0.01 , 0.01 ,21.65 , 10.25 , 0.96 , -0.23 , 357.46
2024-02-16 12:32:42,097 :- 00386: 178 , 21.30 , 00.20 || 1708066962, 17.602267567051 , 78.126598000170, 0.01 , 0.01 ,22.04 , 9.94 , 0.97 , -0.21 , 357.44
2024-02-16 12:32:42,127 :- 00387: 181 , 21.40 , 00.20 || 1708066962, 17.602273075667 , 78.126597707548, 0.01 , 0.01 ,22.04 , 9.57 , 0.98 , -0.17 , 357.42
2024-02-16 12:32:42,157 :- 00388: 184 , 21.50 , 00.20 || 1708066962, 17.602273075667 , 78.126597707548, 0.01 , 0.01 ,22.04 , 9.99 , 0.99 , -0.14 , 357.41
2024-02-16 12:32:42,187 :- 00389: 187 , 21.50 , 00.10 || 1708066962, 17.602273075667 , 78.126597707548, 0.01 , 0.01 ,22.04 , 9.50 , 1.02 , -0.11 , 357.38
2024-02-16 12:32:42,217 :- 00390: 190 , 21.60 , 00.10 || 1708066962, 17.602278654577 , 78.126597452928, 0.01 , 0.01 ,22.33 , 10.25 , 1.03 , -0.08 , 357.37
2024-02-16 12:32:42,247 :- 00391: 193 , 21.70 , 00.10 || 1708066962, 17.602278654577 , 78.126597452928, 0.01 , 0.01 ,22.33 , 9.63 , 1.06 , -0.06 , 357.34
2024-02-16 12:32:42,277 :- 00392: 196 , 21.80 , 00.10 || 1708066962, 17.602278654577 , 78.126597452928, 0.01 , 0.01 ,22.33 , 9.88 , 1.07 , -0.04 , 357.33
2024-02-16 12:32:42,307 :- 00393: 199 , 21.80 , 00.10 || 1708066962, 17.602284288679 , 78.126597173307, 0.01 , 0.01 ,22.56 , 9.70 , 1.09 , 0.01 , 357.31
2024-02-16 12:32:42,337 :- 00394: 202 , 21.90 , 00.00 || 1708066962, 17.602284288679 , 78.126597173307, 0.01 , 0.01 ,22.56 , 10.41 , 1.11 , 0.02 , 357.30
2024-02-16 12:32:42,366 :- 00395: 205 , 22.00 , 00.00 || 1708066962, 17.602284288679 , 78.126597173307, 0.01 , 0.01 ,22.56 , 9.20 , 1.12 , 0.07 , 357.28
2024-02-16 12:32:42,396 :- 00396: 208 , 22.10 , 00.00 || 1708066962, 17.602284288679 , 78.126597173307, 0.01 , 0.01 ,22.76 , 9.61 , 1.15 , 0.10 , 357.28
2024-02-16 12:32:42,426 :- 00397: 211 , 22.10 , 00.00 || 1708066962, 17.602289978292 , 78.126596901461, 0.01 , 0.01 ,22.76 , 9.55 , 1.20 , 0.07 , 357.26
2024-02-16 12:32:42,457 :- 00398: 214 , 22.20 , -0.00 || 1708066962, 17.602289978292 , 78.126596901461, 0.01 , 0.01 ,22.76 , 9.53 , 1.24 , 0.09 , 357.26
2024-02-16 12:32:42,487 :- 00399: 217 , 22.30 , -0.00 || 1708066962, 17.602289978292 , 78.126596901461, 0.01 , 0.01 ,22.76 , 9.10 , 1.29 , 0.08 , 357.26
2024-02-16 12:32:42,516 :- 00400: 217 , 22.30 , -0.00 || 1708066962, 17.602289978292 , 78.126596901461, 0.01 , 0.01 ,22.76 , 9.10 , 1.29 , 0.08 , 357.261708066962, 17.602295703890 , 78.126596633216, 0.01 , 0.01 ,22.86 , 9.76 , 1.32 , 0.06 , 357.26
2024-02-16 12:32:42,546 :- 00401: 223 , 22.40 , -0.10 || 1708066962, 17.602295703890 , 78.126596633216, 0.01 , 0.01 ,22.86 , 10.11 , 1.35 , 0.05 , 357.26
2024-02-16 12:32:42,577 :- 00402: 226 , 22.50 , -0.10 || 1708066962, 17.602295703890 , 78.126596633216, 0.01 , 0.01 ,22.86 , 9.08 , 1.34 , 0.03 , 357.26
2024-02-16 12:32:42,607 :- 00403: 229 , 22.50 , -0.10 || 1708066962, 17.602301482105 , 78.126596350335, 0.01 , 0.01 ,23.10 , 10.20 , 1.36 , -0.01 , 357.26
2024-02-16 12:32:42,637 :- 00404: 232 , 22.60 , -0.10 || 1708066962, 17.602301482105 , 78.126596350335, 0.01 , 0.01 ,23.10 , 9.95 , 1.37 , -0.04 , 357.26
2024-02-16 12:32:42,666 :- 00405: 235 , 22.70 , -0.10 || 1708066962, 17.602301482105 , 78.126596350335, 0.01 , 0.01 ,23.10 , 9.92 , 1.34 , -0.07 , 357.27
2024-02-16 12:32:42,696 :- 00406: 238 , 22.70 , -0.10 || 1708066962, 17.602301482105 , 78.126596350335, 0.01 , 0.01 ,23.26 , 9.92 , 1.34 , -0.08 , 357.27
2024-02-16 12:32:42,727 :- 00407: 241 , 22.80 , -0.20 || 1708066962, 17.602307298234 , 78.126596036598, 0.01 , 0.01 ,23.26 , 9.89 , 1.31 , -0.12 , 357.28
2024-02-16 12:32:42,756 :- 00408: 244 , 22.90 , -0.20 || 1708066962, 17.602307298234 , 78.126596036598, 0.01 , 0.01 ,23.26 , 9.84 , 1.32 , -0.12 , 357.28
2024-02-16 12:32:42,787 :- 00409: 247 , 22.90 , -0.20 || 1708066962, 17.602307298234 , 78.126596036598, 0.01 , 0.01 ,23.26 , 11.06 , 1.33 , -0.13 , 357.29
2024-02-16 12:32:42,816 :- 00410: 250 , 23.00 , -0.20 || 1708066962, 17.602313195429 , 78.126595709729, 0.01 , 0.01 ,23.61 , 9.46 , 1.33 , -0.13 , 357.30
2024-02-16 12:32:42,846 :- 00411: 253 , 23.10 , -0.20 || 1708066962, 17.602313195429 , 78.126595709729, 0.01 , 0.01 ,23.61 , 9.68 , 1.32 , -0.11 , 357.30
2024-02-16 12:32:42,877 :- 00412: 000 , 23.10 , -0.20 || 1708066962, 17.602313195429 , 78.126595709729, 0.01 , 0.01 ,23.61 , 9.89 , 1.32 , -0.08 , 357.30
2024-02-16 12:32:42,907 :- 00413: 003 , 23.20 , -0.20 || 1708066962, 17.602319171231 , 78.126595403070, 0.01 , 0.01 ,23.94 , 10.27 , 1.31 , -0.07 , 357.30
2024-02-16 12:32:42,937 :- 00414: 006 , 23.30 , -0.20 || 1708066962, 17.602319171231 , 78.126595403070, 0.01 , 0.01 ,23.94 , 9.73 , 1.33 , -0.05 , 357.31
2024-02-16 12:32:42,967 :- 00415: 009 , 23.30 , -0.20 || 1708066962, 17.602319171231 , 78.126595403070, 0.01 , 0.01 ,23.94 , 10.27 , 1.36 , -0.03 , 357.32
2024-02-16 12:32:42,997 :- 00416: 012 , 23.40 , -0.30 || 1708066962, 17.602319171231 , 78.126595403070, 0.01 , 0.01 ,23.94 , 9.42 , 1.35 , -0.02 , 357.33
2024-02-16 12:32:43,027 :- 00417: 015 , 23.40 , -0.30 || 1708066963, 17.602325189976 , 78.126595099622, 0.01 , 0.01 ,24.05 , 10.06 , 1.38 , 0.03 , 357.35
2024-02-16 12:32:43,057 :- 00418: 018 , 23.50 , -0.30 || 1708066963, 17.602325189976 , 78.126595099622, 0.01 , 0.01 ,24.05 , 9.41 , 1.37 , 0.03 , 357.36
2024-02-16 12:32:43,087 :- 00419: 021 , 23.50 , -0.30 || 1708066963, 17.602325189976 , 78.126595099622, 0.01 , 0.01 ,24.05 , 9.93 , 1.37 , 0.07 , 357.37
2024-02-16 12:32:43,117 :- 00420: 024 , 23.60 , -0.30 || 1708066963, 17.602331255623 , 78.126594804184, 0.01 , 0.01 ,24.23 , 9.40 , 1.35 , 0.10 , 357.38
2024-02-16 12:32:43,146 :- 00421: 027 , 23.60 , -0.30 || 1708066963, 17.602331255623 , 78.126594804184, 0.01 , 0.01 ,24.23 , 9.90 , 1.35 , 0.11 , 357.39
2024-02-16 12:32:43,176 :- 00422: 030 , 23.70 , -0.40 || 1708066963, 17.602331255623 , 78.126594804184, 0.01 , 0.01 ,24.23 , 9.30 , 1.33 , 0.12 , 357.40
2024-02-16 12:32:43,206 :- 00423: 033 , 23.70 , -0.40 || 1708066963, 17.602337352440 , 78.126594485760, 0.01 , 0.01 ,24.34 , 9.70 , 1.31 , 0.13 , 357.43
2024-02-16 12:32:43,237 :- 00424: 036 , 23.80 , -0.40 || 1708066963, 17.602337352440 , 78.126594485760, 0.01 , 0.01 ,24.34 , 9.32 , 1.30 , 0.11 , 357.44
2024-02-16 12:32:43,286 :- 00425: 041 , 23.80 , -0.40 || 1708066963, 17.602337352440 , 78.126594485760, 0.01 , 0.01 ,24.34 , 10.03 , 1.33 , 0.04 , 357.50
2024-02-16 12:32:43,317 :- 00426: 044 , 23.90 , -0.40 || 1708066963, 17.602343470809 , 78.126594167059, 0.01 , 0.01 ,24.42 , 9.73 , 1.32 , 0.01 , 357.51
2024-02-16 12:32:43,347 :- 00427: 047 , 23.90 , -0.40 || 1708066963, 17.602343470809 , 78.126594167059, 0.01 , 0.01 ,24.42 , 10.19 , 1.30 , -0.02 , 357.54
2024-02-16 12:32:43,377 :- 00428: 050 , 24.00 , -0.50 || 1708066963, 17.602343470809 , 78.126594167059, 0.01 , 0.01 ,24.42 , 9.20 , 1.26 , -0.05 , 357.56
2024-02-16 12:32:43,406 :- 00429: 053 , 24.00 , -0.50 || 1708066963, 17.602349606422 , 78.126593873808, 0.01 , 0.01 ,24.55 , 10.57 , 1.25 , -0.06 , 357.58
2024-02-16 12:32:43,437 :- 00430: 056 , 24.10 , -0.50 || 1708066963, 17.602349606422 , 78.126593873808, 0.01 , 0.01 ,24.55 , 9.51 , 1.24 , -0.07 , 357.60
2024-02-16 12:32:43,466 :- 00431: 059 , 24.10 , -0.50 || 1708066963, 17.602349606422 , 78.126593873808, 0.01 , 0.01 ,24.55 , 10.07 , 1.23 , -0.10 , 357.64
2024-02-16 12:32:43,496 :- 00432: 062 , 24.20 , -0.50 || 1708066963, 17.602349606422 , 78.126593873808, 0.01 , 0.01 ,24.83 , 10.13 , 1.26 , -0.09 , 357.67
2024-02-16 12:32:43,526 :- 00433: 065 , 24.20 , -0.50 || 1708066963, 17.602355818286 , 78.126593568690, 0.01 , 0.01 ,24.83 , 9.75 , 1.27 , -0.10 , 357.71
2024-02-16 12:32:43,557 :- 00434: 068 , 24.30 , -0.50 || 1708066963, 17.602355818286 , 78.126593568690, 0.01 , 0.01 ,24.83 , 10.00 , 1.26 , -0.10 , 357.73
2024-02-16 12:32:43,587 :- 00435: 071 , 24.30 , -0.50 || 1708066963, 17.602355818286 , 78.126593568690, 0.01 , 0.01 ,24.83 , 10.29 , 1.29 , -0.09 , 357.77
2024-02-16 12:32:43,617 :- 00436: 074 , 24.30 , -0.50 || 1708066963, 17.602362075378 , 78.126593304533, 0.01 , 0.01 ,25.03 , 11.07 , 1.30 , -0.07 , 357.78
2024-02-16 12:32:43,646 :- 00437: 077 , 24.40 , -0.50 || 1708066963, 17.602362075378 , 78.126593304533, 0.01 , 0.01 ,25.03 , 9.36 , 1.26 , -0.05 , 357.81
2024-02-16 12:32:43,677 :- 00438: 080 , 24.50 , -0.50 || 1708066963, 17.602362075378 , 78.126593304533, 0.01 , 0.01 ,25.03 , 9.47 , 1.28 , -0.02 , 357.83
2024-02-16 12:32:43,707 :- 00439: 083 , 24.60 , -0.50 || 1708066963, 17.602368400593 , 78.126593058781, 0.01 , 0.01 ,25.26 , 9.49 , 1.31 , 0.00 , 357.86
2024-02-16 12:32:43,737 :- 00440: 086 , 24.60 , -0.50 || 1708066963, 17.602368400593 , 78.126593058781, 0.01 , 0.01 ,25.26 , 9.65 , 1.30 , -0.00 , 357.88
2024-02-16 12:32:43,767 :- 00441: 089 , 24.70 , -0.50 || 1708066963, 17.602368400593 , 78.126593058781, 0.01 , 0.01 ,25.26 , 9.21 , 1.29 , -0.02 , 357.92
2024-02-16 12:32:43,796 :- 00442: 089 , 24.70 , -0.50 || 1708066963, 17.602368400593 , 78.126593058781, 0.01 , 0.01 ,25.26 , 9.21 , 1.29 , -0.02 , 357.921708066963, 17.602368400593 , 78.126593058781, 0.01 , 0.01 ,25.37 , 9.78 , 1.30 , -0.02 , 357.94
2024-02-16 12:32:43,826 :- 00443: 095 , 24.80 , -0.50 || 1708066963, 17.602374749705 , 78.126592789306, 0.01 , 0.01 ,25.37 , 10.01 , 1.36 , -0.06 , 357.98
2024-02-16 12:32:43,857 :- 00444: 098 , 24.80 , -0.50 || 1708066963, 17.602374749705 , 78.126592789306, 0.01 , 0.01 ,25.37 , 9.32 , 1.37 , -0.05 , 358.00
2024-02-16 12:32:43,887 :- 00445: 101 , 24.90 , -0.50 || 1708066963, 17.602374749705 , 78.126592789306, 0.01 , 0.01 ,25.37 , 9.48 , 1.40 , -0.07 , 358.04
2024-02-16 12:32:43,917 :- 00446: 104 , 24.90 , -0.50 || 1708066963, 17.602381138561 , 78.126592563343, 0.01 , 0.01 ,25.51 , 9.78 , 1.42 , -0.09 , 358.06
2024-02-16 12:32:43,946 :- 00447: 107 , 25.00 , -0.50 || 1708066963, 17.602381138561 , 78.126592563343, 0.01 , 0.01 ,25.51 , 10.09 , 1.43 , -0.11 , 358.09
2024-02-16 12:32:43,977 :- 00448: 110 , 25.00 , -0.50 || 1708066963, 17.602381138561 , 78.126592563343, 0.01 , 0.01 ,25.51 , 10.39 , 1.44 , -0.12 , 358.11
2024-02-16 12:32:44,007 :- 00449: 113 , 25.00 , -0.50 || 1708066964, 17.602387569745 , 78.126592334302, 0.01 , 0.01 ,25.71 , 10.38 , 1.46 , -0.11 , 358.16
2024-02-16 12:32:44,037 :- 00450: 116 , 25.10 , -0.50 || 1708066964, 17.602387569745 , 78.126592334302, 0.01 , 0.01 ,25.71 , 9.96 , 1.47 , -0.12 , 358.18
2024-02-16 12:32:44,067 :- 00451: 119 , 25.10 , -0.50 || 1708066964, 17.602387569745 , 78.126592334302, 0.01 , 0.01 ,25.71 , 10.66 , 1.53 , -0.08 , 358.22
2024-02-16 12:32:44,097 :- 00452: 122 , 25.20 , -0.50 || 1708066964, 17.602387569745 , 78.126592334302, 0.01 , 0.01 ,25.89 , 9.08 , 1.53 , -0.07 , 358.24
2024-02-16 12:32:44,127 :- 00453: 125 , 25.30 , -0.50 || 1708066964, 17.602394057177 , 78.126592133275, 0.01 , 0.01 ,25.89 , 10.19 , 1.54 , -0.03 , 358.28
2024-02-16 12:32:44,157 :- 00454: 128 , 25.30 , -0.50 || 1708066964, 17.602394057177 , 78.126592133275, 0.01 , 0.01 ,25.89 , 9.52 , 1.56 , -0.01 , 358.29
2024-02-16 12:32:44,186 :- 00455: 131 , 25.40 , -0.50 || 1708066964, 17.602394057177 , 78.126592133275, 0.01 , 0.01 ,25.89 , 9.68 , 1.55 , -0.01 , 358.33
2024-02-16 12:32:44,216 :- 00456: 134 , 25.40 , -0.50 || 1708066964, 17.602400601066 , 78.126591919602, 0.01 , 0.01 ,26.11 , 9.47 , 1.58 , -0.01 , 358.35
2024-02-16 12:32:44,246 :- 00457: 137 , 25.50 , -0.50 || 1708066964, 17.602400601066 , 78.126591919602, 0.01 , 0.01 ,26.11 , 9.69 , 1.61 , -0.02 , 358.40
2024-02-16 12:32:44,277 :- 00458: 140 , 25.50 , -0.50 || 1708066964, 17.602400601066 , 78.126591919602, 0.01 , 0.01 ,26.11 , 10.10 , 1.63 , -0.03 , 358.42
2024-02-16 12:32:44,307 :- 00459: 143 , 25.50 , -0.50 || 1708066964, 17.602407143799 , 78.126591735972, 0.01 , 0.01 ,26.10 , 8.98 , 1.65 , -0.06 , 358.47
2024-02-16 12:32:44,337 :- 00460: 146 , 25.60 , -0.50 || 1708066964, 17.602407143799 , 78.126591735972, 0.01 , 0.01 ,26.10 , 10.42 , 1.69 , -0.06 , 358.49
2024-02-16 12:32:44,367 :- 00461: 149 , 25.60 , -0.50 || 1708066964, 17.602407143799 , 78.126591735972, 0.01 , 0.01 ,26.10 , 9.58 , 1.74 , -0.08 , 358.53
2024-02-16 12:32:44,397 :- 00462: 152 , 25.60 , -0.50 || 1708066964, 17.602407143799 , 78.126591735972, 0.01 , 0.01 ,26.19 , 9.77 , 1.75 , -0.09 , 358.55
2024-02-16 12:32:44,427 :- 00463: 155 , 25.70 , -0.50 || 1708066964, 17.602413710517 , 78.126591567756, 0.01 , 0.01 ,26.19 , 9.62 , 1.79 , -0.08 , 358.59
2024-02-16 12:32:44,457 :- 00464: 158 , 25.70 , -0.50 || 1708066964, 17.602413710517 , 78.126591567756, 0.01 , 0.01 ,26.19 , 10.47 , 1.81 , -0.08 , 358.61
2024-02-16 12:32:44,487 :- 00465: 161 , 25.70 , -0.50 || 1708066964, 17.602413710517 , 78.126591567756, 0.01 , 0.01 ,26.19 , 9.71 , 1.80 , -0.06 , 358.65
2024-02-16 12:32:44,516 :- 00466: 164 , 25.70 , -0.50 || 1708066964, 17.602420343566 , 78.126591419394, 0.01 , 0.01 ,26.52 , 10.70 , 1.84 , -0.04 , 358.67
2024-02-16 12:32:44,547 :- 00467: 167 , 25.80 , -0.50 || 1708066964, 17.602420343566 , 78.126591419394, 0.01 , 0.01 ,26.52 , 9.81 , 1.86 , 0.01 , 358.72
2024-02-16 12:32:44,577 :- 00468: 170 , 25.80 , -0.50 || 1708066964, 17.602420343566 , 78.126591419394, 0.01 , 0.01 ,26.52 , 10.49 , 1.87 , 0.05 , 358.74
2024-02-16 12:32:44,606 :- 00469: 173 , 25.80 , -0.50 || 1708066964, 17.602427001471 , 78.126591247059, 0.01 , 0.01 ,26.58 , 9.24 , 1.89 , 0.11 , 358.78
2024-02-16 12:32:44,636 :- 00470: 176 , 25.80 , -0.50 || 1708066964, 17.602427001471 , 78.126591247059, 0.01 , 0.01 ,26.58 , 10.50 , 1.91 , 0.16 , 358.80
2024-02-16 12:32:44,666 :- 00471: 179 , 25.90 , -0.50 || 1708066964, 17.602427001471 , 78.126591247059, 0.01 , 0.01 ,26.58 , 8.80 , 1.88 , 0.23 , 358.84
