2024-02-16 12:33:54,550 :- 00001: Feedback Code Starting
2024-02-16 12:33:54,575 :- 00002: 002 , 24.80 , -0.10 || 1708067034, 17.601639401589 , 78.126608610565, 0.01 , 0.01 ,25.24 , 9.84 , 1.34 , -0.14 , 359.76
2024-02-16 12:33:54,605 :- 00003: 005 , 24.90 , -0.10 || 1708067034, 17.601645775939 , 78.126608574626, 0.01 , 0.01 ,25.37 , 9.97 , 1.33 , -0.17 , 359.76
2024-02-16 12:33:54,635 :- 00004: 008 , 24.90 , -0.10 || 1708067034, 17.601645775939 , 78.126608574626, 0.01 , 0.01 ,25.37 , 10.18 , 1.33 , -0.18 , 359.76
2024-02-16 12:33:54,665 :- 00005: 011 , 25.00 , -0.10 || 1708067034, 17.601645775939 , 78.126608574626, 0.01 , 0.01 ,25.37 , 9.90 , 1.30 , -0.19 , 359.76
2024-02-16 12:33:54,695 :- 00006: 014 , 25.00 , -0.10 || 1708067034, 17.601645775939 , 78.126608574626, 0.01 , 0.01 ,25.65 , 10.17 , 1.31 , -0.19 , 359.76
2024-02-16 12:33:54,725 :- 00007: 017 , 25.00 , -0.10 || 1708067034, 17.601652201366 , 78.126608523250, 0.01 , 0.01 ,25.65 , 10.20 , 1.26 , -0.20 , 359.76
2024-02-16 12:33:54,754 :- 00008: 020 , 25.10 , -0.10 || 1708067034, 17.601652201366 , 78.126608523250, 0.01 , 0.01 ,25.65 , 9.90 , 1.25 , -0.19 , 359.76
2024-02-16 12:33:54,784 :- 00009: 023 , 25.20 , -0.10 || 1708067034, 17.601652201366 , 78.126608523250, 0.01 , 0.01 ,25.65 , 9.98 , 1.23 , -0.16 , 359.75
2024-02-16 12:33:54,814 :- 00010: 026 , 25.20 , -0.10 || 1708067034, 17.601658684530 , 78.126608456810, 0.01 , 0.01 ,25.92 , 9.82 , 1.21 , -0.14 , 359.76
2024-02-16 12:33:54,844 :- 00011: 029 , 25.30 , -0.10 || 1708067034, 17.601658684530 , 78.126608456810, 0.01 , 0.01 ,25.92 , 9.67 , 1.21 , -0.10 , 359.75
2024-02-16 12:33:54,874 :- 00012: 032 , 25.30 , -0.10 || 1708067034, 17.601658684530 , 78.126608456810, 0.01 , 0.01 ,25.92 , 9.93 , 1.21 , -0.09 , 359.75
2024-02-16 12:33:54,905 :- 00013: 035 , 25.40 , -0.10 || 1708067034, 17.601665227150 , 78.126608398074, 0.01 , 0.01 ,26.10 , 9.45 , 1.18 , -0.05 , 359.75
2024-02-16 12:33:54,935 :- 00014: 038 , 25.40 , -0.10 || 1708067034, 17.601665227150 , 78.126608398074, 0.01 , 0.01 ,26.10 , 9.80 , 1.19 , -0.03 , 359.75
2024-02-16 12:33:54,964 :- 00015: 041 , 25.50 , -0.10 || 1708067034, 17.601665227150 , 78.126608398074, 0.01 , 0.01 ,26.10 , 9.70 , 1.18 , 0.01 , 359.74
2024-02-16 12:33:54,995 :- 00016: 044 , 25.50 , -0.10 || 1708067034, 17.601665227150 , 78.126608398074, 0.01 , 0.01 ,26.10 , 9.78 , 1.18 , 0.02 , 359.74
2024-02-16 12:33:55,025 :- 00017: 047 , 25.60 , -0.10 || 1708067035, 17.601671813931 , 78.126608280197, 0.01 , 0.01 ,26.34 , 9.56 , 1.18 , 0.05 , 359.73
2024-02-16 12:33:55,055 :- 00018: 050 , 25.60 , -0.10 || 1708067035, 17.601671813931 , 78.126608280197, 0.01 , 0.01 ,26.34 , 10.00 , 1.21 , 0.08 , 359.73
2024-02-16 12:33:55,085 :- 00019: 053 , 25.70 , -0.10 || 1708067035, 17.601671813931 , 78.126608280197, 0.01 , 0.01 ,26.34 , 9.08 , 1.19 , 0.07 , 359.73
2024-02-16 12:33:55,115 :- 00020: 056 , 25.80 , -0.10 || 1708067035, 17.601678454629 , 78.126608234743, 0.01 , 0.01 ,26.53 , 9.45 , 1.21 , 0.09 , 359.73
2024-02-16 12:33:55,145 :- 00021: 059 , 25.80 , -0.10 || 1708067035, 17.601678454629 , 78.126608234743, 0.01 , 0.01 ,26.53 , 10.17 , 1.24 , 0.08 , 359.73
2024-02-16 12:33:55,175 :- 00022: 062 , 25.90 , -0.10 || 1708067035, 17.601678454629 , 78.126608234743, 0.01 , 0.01 ,26.53 , 9.92 , 1.23 , 0.08 , 359.73
2024-02-16 12:33:55,205 :- 00023: 065 , 26.00 , -0.10 || 1708067035, 17.601685140107 , 78.126608192109, 0.01 , 0.01 ,26.70 , 9.34 , 1.23 , 0.07 , 359.73
2024-02-16 12:33:55,234 :- 00024: 068 , 26.00 , -0.10 || 1708067035, 17.601685140107 , 78.126608192109, 0.01 , 0.01 ,26.70 , 10.04 , 1.23 , 0.05 , 359.73
2024-02-16 12:33:55,264 :- 00025: 071 , 26.10 , -0.10 || 1708067035, 17.601685140107 , 78.126608192109, 0.01 , 0.01 ,26.70 , 9.36 , 1.22 , 0.03 , 359.72
2024-02-16 12:33:55,294 :- 00026: 074 , 26.10 , -0.10 || 1708067035, 17.601685140107 , 78.126608192109, 0.01 , 0.01 ,26.80 , 9.74 , 1.22 , 0.00 , 359.72
2024-02-16 12:33:55,325 :- 00027: 077 , 26.20 , -0.10 || 1708067035, 17.601691855900 , 78.126608164407, 0.01 , 0.01 ,26.80 , 9.98 , 1.26 , -0.03 , 359.72
2024-02-16 12:33:55,355 :- 00028: 080 , 26.30 , -0.10 || 1708067035, 17.601691855900 , 78.126608164407, 0.01 , 0.01 ,26.80 , 9.40 , 1.27 , -0.06 , 359.72
2024-02-16 12:33:55,385 :- 00029: 083 , 26.40 , -0.10 || 1708067035, 17.601691855900 , 78.126608164407, 0.01 , 0.01 ,26.80 , 10.05 , 1.28 , -0.12 , 359.72
2024-02-16 12:33:55,415 :- 00030: 086 , 26.40 , -0.10 || 1708067035, 17.601698618704 , 78.126608118688, 0.01 , 0.01 ,27.11 , 10.14 , 1.31 , -0.14 , 359.72
2024-02-16 12:33:55,445 :- 00031: 089 , 26.50 , -0.10 || 1708067035, 17.601698618704 , 78.126608118688, 0.01 , 0.01 ,27.11 , 10.23 , 1.29 , -0.19 , 359.71
2024-02-16 12:33:55,475 :- 00032: 092 , 26.50 , -0.10 || 1708067035, 17.601698618704 , 78.126608118688, 0.01 , 0.01 ,27.11 , 9.75 , 1.30 , -0.19 , 359.71
2024-02-16 12:33:55,505 :- 00033: 095 , 26.60 , -0.10 || 1708067035, 17.601705431434 , 78.126608066066, 0.01 , 0.01 ,27.26 , 10.14 , 1.34 , -0.21 , 359.71
2024-02-16 12:33:55,535 :- 00034: 098 , 26.70 , -0.10 || 1708067035, 17.601705431434 , 78.126608066066, 0.01 , 0.01 ,27.26 , 10.46 , 1.35 , -0.23 , 359.71
2024-02-16 12:33:55,565 :- 00035: 101 , 26.70 , -0.10 || 1708067035, 17.601705431434 , 78.126608066066, 0.01 , 0.01 ,27.26 , 9.88 , 1.36 , -0.22 , 359.71
2024-02-16 12:33:55,595 :- 00036: 104 , 26.80 , -0.00 || 1708067035, 17.601705431434 , 78.126608066066, 0.01 , 0.01 ,27.58 , 9.92 , 1.35 , -0.22 , 359.70
2024-02-16 12:33:55,625 :- 00037: 107 , 26.90 , -0.00 || 1708067035, 17.601712324362 , 78.126608026316, 0.01 , 0.01 ,27.58 , 10.15 , 1.36 , -0.19 , 359.70
2024-02-16 12:33:55,655 :- 00038: 110 , 26.90 , -0.00 || 1708067035, 17.601712324362 , 78.126608026316, 0.01 , 0.01 ,27.58 , 9.82 , 1.34 , -0.18 , 359.69
2024-02-16 12:33:55,685 :- 00039: 113 , 27.00 , -0.00 || 1708067035, 17.601712324362 , 78.126608026316, 0.01 , 0.01 ,27.58 , 9.88 , 1.33 , -0.14 , 359.68
2024-02-16 12:33:55,715 :- 00040: 116 , 27.00 , -0.00 || 1708067035, 17.601719287098 , 78.126607994591, 0.00 , 0.01 ,27.81 , 9.87 , 1.33 , -0.13 , 359.68
2024-02-16 12:33:55,744 :- 00041: 119 , 27.10 , -0.00 || 1708067035, 17.601719287098 , 78.126607994591, 0.00 , 0.01 ,27.81 , 9.85 , 1.31 , -0.09 , 359.67
2024-02-16 12:33:55,774 :- 00042: 122 , 27.20 , -0.00 || 1708067035, 17.601719287098 , 78.126607994591, 0.00 , 0.01 ,27.81 , 9.54 , 1.33 , -0.07 , 359.67
2024-02-16 12:33:55,804 :- 00043: 125 , 27.20 , -0.00 || 1708067035, 17.601726308114 , 78.126607934806, 0.00 , 0.01 ,28.00 , 9.44 , 1.33 , -0.05 , 359.66
2024-02-16 12:33:55,834 :- 00044: 128 , 27.30 , -0.00 || 1708067035, 17.601726308114 , 78.126607934806, 0.00 , 0.01 ,28.00 , 9.92 , 1.33 , -0.03 , 359.65
2024-02-16 12:33:55,864 :- 00045: 131 , 27.40 , -0.00 || 1708067035, 17.601726308114 , 78.126607934806, 0.00 , 0.01 ,28.00 , 9.32 , 1.32 , -0.02 , 359.64
2024-02-16 12:33:55,894 :- 00046: 134 , 27.40 , -0.00 || 1708067035, 17.601726308114 , 78.126607934806, 0.00 , 0.01 ,28.10 , 9.70 , 1.30 , -0.01 , 359.64
2024-02-16 12:33:55,925 :- 00047: 137 , 27.50 , -0.00 || 1708067035, 17.601733355739 , 78.126607860280, 0.00 , 0.01 ,28.10 , 9.09 , 1.28 , -0.02 , 359.64
2024-02-16 12:33:55,955 :- 00048: 140 , 27.50 , -0.00 || 1708067035, 17.601733355739 , 78.126607860280, 0.00 , 0.01 ,28.10 , 10.06 , 1.28 , -0.03 , 359.63
2024-02-16 12:33:55,985 :- 00049: 143 , 27.60 , -0.00 || 1708067035, 17.601733355739 , 78.126607860280, 0.00 , 0.01 ,28.10 , 9.77 , 1.26 , -0.04 , 359.63
2024-02-16 12:33:56,015 :- 00050: 146 , 27.60 , -0.00 || 1708067036, 17.601740448786 , 78.126607784021, 0.00 , 0.01 ,28.23 , 10.20 , 1.24 , -0.06 , 359.63
2024-02-16 12:33:56,045 :- 00051: 149 , 27.70 , -0.00 || 1708067036, 17.601740448786 , 78.126607784021, 0.00 , 0.01 ,28.23 , 9.40 , 1.20 , -0.08 , 359.62
2024-02-16 12:33:56,074 :- 00052: 149 , 27.70 , -0.00 || 1708067036, 17.601740448786 , 78.126607784021, 0.00 , 0.01 ,28.23 , 9.40 , 1.20 , -0.08 , 359.621708067036, 17.601740448786 , 78.126607784021, 0.00 , 0.01 ,28.23 , 10.12 , 1.21 , -0.09 , 359.62
2024-02-16 12:33:56,105 :- 00053: 155 , 27.80 , -0.00 || 1708067036, 17.601747588724 , 78.126607705879, 0.01 , 0.01 ,28.51 , 9.62 , 1.16 , -0.11 , 359.61
2024-02-16 12:33:56,135 :- 00054: 158 , 27.90 , -0.00 || 1708067036, 17.601747588724 , 78.126607705879, 0.01 , 0.01 ,28.51 , 10.37 , 1.15 , -0.11 , 359.60
2024-02-16 12:33:56,164 :- 00055: 158 , 27.90 , -0.00 || 1708067036, 17.601747588724 , 78.126607705879, 0.01 , 0.01 ,28.51 , 10.37 , 1.15 , -0.11 , 359.601708067036, 17.601747588724 , 78.126607705879, 0.01 , 0.01 ,28.51 , 9.69 , 1.13 , -0.12 , 359.60
2024-02-16 12:33:56,195 :- 00056: 164 , 28.00 , -0.00 || 1708067036, 17.601747588724 , 78.126607705879, 0.01 , 0.01 ,28.66 , 10.18 , 1.15 , -0.13 , 359.60
2024-02-16 12:33:56,225 :- 00057: 167 , 28.10 , -0.00 || 1708067036, 17.601754776334 , 78.126607604203, 0.01 , 0.01 ,28.66 , 9.70 , 1.15 , -0.14 , 359.59
2024-02-16 12:33:56,254 :- 00058: 170 , 28.10 , -0.00 || 1708067036, 17.601754776334 , 78.126607604203, 0.01 , 0.01 ,28.66 , 10.21 , 1.17 , -0.15 , 359.59
2024-02-16 12:33:56,285 :- 00059: 173 , 28.20 , 00.00 || 1708067036, 17.601754776334 , 78.126607604203, 0.01 , 0.01 ,28.66 , 9.88 , 1.20 , -0.14 , 359.58
2024-02-16 12:33:56,314 :- 00060: 176 , 28.20 , 00.00 || 1708067036, 17.601762020431 , 78.126607555238, 0.01 , 0.01 ,28.87 , 10.02 , 1.22 , -0.14 , 359.58
2024-02-16 12:33:56,345 :- 00061: 179 , 28.30 , 00.00 || 1708067036, 17.601762020431 , 78.126607555238, 0.01 , 0.01 ,28.87 , 9.86 , 1.21 , -0.13 , 359.57
2024-02-16 12:33:56,375 :- 00062: 182 , 28.40 , 00.00 || 1708067036, 17.601762020431 , 78.126607555238, 0.01 , 0.01 ,28.87 , 9.63 , 1.23 , -0.11 , 359.57
2024-02-16 12:33:56,405 :- 00063: 185 , 28.40 , 00.00 || 1708067036, 17.601769328936 , 78.126607480745, 0.01 , 0.01 ,29.16 , 9.74 , 1.24 , -0.11 , 359.57
2024-02-16 12:33:56,435 :- 00064: 188 , 28.50 , 00.00 || 1708067036, 17.601769328936 , 78.126607480745, 0.01 , 0.01 ,29.16 , 9.77 , 1.25 , -0.10 , 359.56
2024-02-16 12:33:56,465 :- 00065: 191 , 28.50 , 00.00 || 1708067036, 17.601769328936 , 78.126607480745, 0.01 , 0.01 ,29.16 , 9.74 , 1.30 , -0.09 , 359.55
2024-02-16 12:33:56,495 :- 00066: 194 , 28.60 , 00.00 || 1708067036, 17.601769328936 , 78.126607480745, 0.01 , 0.01 ,29.31 , 9.99 , 1.32 , -0.10 , 359.55
2024-02-16 12:33:56,525 :- 00067: 197 , 28.60 , 00.00 || 1708067036, 17.601776673414 , 78.126607413615, 0.01 , 0.01 ,29.31 , 10.05 , 1.43 , -0.09 , 359.54
2024-02-16 12:33:56,555 :- 00068: 200 , 28.70 , 00.00 || 1708067036, 17.601776673414 , 78.126607413615, 0.01 , 0.01 ,29.31 , 9.10 , 1.45 , -0.10 , 359.53
2024-02-16 12:33:56,585 :- 00069: 203 , 28.80 , 00.00 || 1708067036, 17.601776673414 , 78.126607413615, 0.01 , 0.01 ,29.31 , 9.68 , 1.49 , -0.11 , 359.52
2024-02-16 12:33:56,615 :- 00070: 206 , 28.80 , 00.00 || 1708067036, 17.601784069980 , 78.126607381770, 0.01 , 0.01 ,29.50 , 10.00 , 1.51 , -0.12 , 359.51
2024-02-16 12:33:56,645 :- 00071: 209 , 28.90 , 00.00 || 1708067036, 17.601784069980 , 78.126607381770, 0.01 , 0.01 ,29.50 , 9.80 , 1.58 , -0.15 , 359.50
2024-02-16 12:33:56,674 :- 00072: 212 , 28.90 , 00.00 || 1708067036, 17.601784069980 , 78.126607381770, 0.01 , 0.01 ,29.50 , 9.77 , 1.58 , -0.16 , 359.50
2024-02-16 12:33:56,704 :- 00073: 215 , 29.00 , 00.00 || 1708067036, 17.601791505188 , 78.126607327244, 0.01 , 0.01 ,29.68 , 9.83 , 1.62 , -0.17 , 359.48
2024-02-16 12:33:56,734 :- 00074: 218 , 29.10 , 00.00 || 1708067036, 17.601791505188 , 78.126607327244, 0.01 , 0.01 ,29.68 , 9.09 , 1.65 , -0.21 , 359.48
2024-02-16 12:33:56,764 :- 00075: 221 , 29.10 , 00.00 || 1708067036, 17.601791505188 , 78.126607327244, 0.01 , 0.01 ,29.68 , 10.77 , 1.73 , -0.21 , 359.46
2024-02-16 12:33:56,794 :- 00076: 224 , 29.20 , 00.00 || 1708067036, 17.601791505188 , 78.126607327244, 0.01 , 0.01 ,29.96 , 10.16 , 1.74 , -0.20 , 359.45
2024-02-16 12:33:56,824 :- 00077: 227 , 29.20 , 00.00 || 1708067036, 17.601799002430 , 78.126607270839, 0.01 , 0.01 ,29.96 , 9.54 , 1.73 , -0.23 , 359.44
2024-02-16 12:33:56,855 :- 00078: 230 , 29.30 , 00.00 || 1708067036, 17.601799002430 , 78.126607270839, 0.01 , 0.01 ,29.96 , 10.21 , 1.74 , -0.20 , 359.43
2024-02-16 12:33:56,885 :- 00079: 233 , 29.40 , 00.00 || 1708067036, 17.601799002430 , 78.126607270839, 0.01 , 0.01 ,29.96 , 9.66 , 1.69 , -0.20 , 359.42
2024-02-16 12:33:56,914 :- 00080: 236 , 29.40 , 00.00 || 1708067036, 17.601806562642 , 78.126607179852, 0.01 , 0.01 ,30.21 , 10.18 , 1.70 , -0.22 , 359.42
2024-02-16 12:33:56,945 :- 00081: 239 , 29.50 , 00.00 || 1708067036, 17.601806562642 , 78.126607179852, 0.01 , 0.01 ,30.21 , 9.64 , 1.65 , -0.19 , 359.40
2024-02-16 12:33:56,975 :- 00082: 242 , 29.60 , 00.00 || 1708067036, 17.601806562642 , 78.126607179852, 0.01 , 0.01 ,30.21 , 9.90 , 1.64 , -0.19 , 359.40
2024-02-16 12:33:57,005 :- 00083: 245 , 29.60 , 00.00 || 1708067037, 17.601814157952 , 78.126607044529, 0.01 , 0.01 ,30.32 , 9.92 , 1.61 , -0.18 , 359.39
2024-02-16 12:33:57,035 :- 00084: 248 , 29.70 , 00.00 || 1708067037, 17.601814157952 , 78.126607044529, 0.01 , 0.01 ,30.32 , 9.99 , 1.60 , -0.16 , 359.38
2024-02-16 12:33:57,065 :- 00085: 251 , 29.80 , 00.00 || 1708067037, 17.601814157952 , 78.126607044529, 0.01 , 0.01 ,30.32 , 8.38 , 1.53 , -0.13 , 359.38
2024-02-16 12:33:57,095 :- 00086: 254 , 29.70 , 00.00 || 1708067037, 17.601814157952 , 78.126607044529, 0.01 , 0.01 ,30.62 , 10.75 , 1.55 , -0.11 , 359.37
2024-02-16 12:33:57,125 :- 00087: 001 , 29.80 , 00.00 || 1708067037, 17.601821821390 , 78.126606922510, 0.01 , 0.01 ,30.62 , 9.85 , 1.51 , -0.09 , 359.36
2024-02-16 12:33:57,155 :- 00088: 004 , 29.80 , 00.00 || 1708067037, 17.601821821390 , 78.126606922510, 0.01 , 0.01 ,30.62 , 10.14 , 1.50 , -0.03 , 359.36
2024-02-16 12:33:57,184 :- 00089: 007 , 29.90 , -0.00 || 1708067037, 17.601821821390 , 78.126606922510, 0.01 , 0.01 ,30.62 , 9.99 , 1.49 , 0.02 , 359.36
2024-02-16 12:33:57,214 :- 00090: 010 , 30.00 , -0.00 || 1708067037, 17.601829557586 , 78.126606804649, 0.01 , 0.01 ,30.87 , 9.67 , 1.56 , 0.05 , 359.37
2024-02-16 12:33:57,244 :- 00091: 013 , 30.10 , -0.00 || 1708067037, 17.601829557586 , 78.126606804649, 0.01 , 0.01 ,30.87 , 9.16 , 1.56 , 0.14 , 359.38
2024-02-16 12:33:57,274 :- 00092: 016 , 30.10 , -0.00 || 1708067037, 17.601829557586 , 78.126606804649, 0.01 , 0.01 ,30.87 , 9.59 , 1.65 , 0.16 , 359.38
2024-02-16 12:33:57,305 :- 00093: 019 , 30.20 , -0.00 || 1708067037, 17.601837352642 , 78.126606704705, 0.01 , 0.01 ,31.10 , 9.94 , 1.71 , 0.14 , 359.38
2024-02-16 12:33:57,334 :- 00094: 022 , 30.30 , -0.00 || 1708067037, 17.601837352642 , 78.126606704705, 0.01 , 0.01 ,31.10 , 8.90 , 1.71 , 0.14 , 359.38
2024-02-16 12:33:57,364 :- 00095: 025 , 30.30 , -0.00 || 1708067037, 17.601837352642 , 78.126606704705, 0.01 , 0.01 ,31.10 , 9.53 , 1.76 , 0.12 , 359.38
2024-02-16 12:33:57,395 :- 00096: 028 , 30.40 , -0.00 || 1708067037, 17.601837352642 , 78.126606704705, 0.01 , 0.01 ,31.15 , 9.42 , 1.77 , 0.09 , 359.37
2024-02-16 12:33:57,425 :- 00097: 031 , 30.50 , -0.00 || 1708067037, 17.601845145395 , 78.126606652568, 0.01 , 0.01 ,31.15 , 8.47 , 1.74 , 0.07 , 359.37
2024-02-16 12:33:57,455 :- 00098: 034 , 30.50 , -0.00 || 1708067037, 17.601845145395 , 78.126606652568, 0.01 , 0.01 ,31.15 , 10.73 , 1.74 , 0.03 , 359.36
2024-02-16 12:33:57,485 :- 00099: 037 , 30.60 , -0.00 || 1708067037, 17.601845145395 , 78.126606652568, 0.01 , 0.01 ,31.15 , 9.52 , 1.74 , 0.04 , 359.34
2024-02-16 12:33:57,515 :- 00100: 040 , 30.60 , -0.00 || 1708067037, 17.601853006091 , 78.126606524644, 0.01 , 0.01 ,31.38 , 10.11 , 1.76 , 0.01 , 359.34
2024-02-16 12:33:57,545 :- 00101: 043 , 30.60 , -0.00 || 1708067037, 17.601853006091 , 78.126606524644, 0.01 , 0.01 ,31.38 , 10.74 , 1.91 , 0.04 , 359.31
2024-02-16 12:33:57,575 :- 00102: 046 , 30.70 , -0.00 || 1708067037, 17.601853006091 , 78.126606524644, 0.01 , 0.01 ,31.38 , 11.46 , 1.96 , 0.06 , 359.30
2024-02-16 12:33:57,604 :- 00103: 049 , 30.80 , -0.00 || 1708067037, 17.601860935552 , 78.126606483838, 0.01 , 0.01 ,31.73 , 9.69 , 2.02 , 0.12 , 359.29
2024-02-16 12:33:57,634 :- 00104: 052 , 30.90 , -0.00 || 1708067037, 17.601860935552 , 78.126606483838, 0.01 , 0.01 ,31.73 , 10.15 , 2.06 , 0.19 , 359.28
2024-02-16 12:33:57,664 :- 00105: 055 , 31.00 , -0.00 || 1708067037, 17.601860935552 , 78.126606483838, 0.01 , 0.01 ,31.73 , 8.32 , 2.11 , 0.25 , 359.28
2024-02-16 12:33:57,694 :- 00106: 058 , 31.10 , -0.10 || 1708067037, 17.601860935552 , 78.126606483838, 0.01 , 0.01 ,32.09 , 10.27 , 2.10 , 0.29 , 359.28
2024-02-16 12:33:57,724 :- 00107: 061 , 31.20 , -0.10 || 1708067037, 17.601868981486 , 78.126606448683, 0.01 , 0.01 ,32.09 , 9.02 , 2.09 , 0.35 , 359.29
2024-02-16 12:33:57,755 :- 00108: 064 , 31.20 , -0.10 || 1708067037, 17.601868981486 , 78.126606448683, 0.01 , 0.01 ,32.09 , 9.59 , 2.05 , 0.35 , 359.30
2024-02-16 12:33:57,785 :- 00109: 067 , 31.30 , -0.10 || 1708067037, 17.601868981486 , 78.126606448683, 0.01 , 0.01 ,32.09 , 9.20 , 2.04 , 0.39 , 359.31
2024-02-16 12:33:57,814 :- 00110: 070 , 31.30 , -0.10 || 1708067037, 17.601877043619 , 78.126606292224, 0.01 , 0.01 ,32.12 , 9.52 , 2.02 , 0.40 , 359.31
2024-02-16 12:33:57,845 :- 00111: 073 , 31.40 , -0.10 || 1708067037, 17.601877043619 , 78.126606292224, 0.01 , 0.01 ,32.12 , 9.41 , 1.98 , 0.38 , 359.31
2024-02-16 12:33:57,875 :- 00112: 076 , 31.50 , -0.10 || 1708067037, 17.601877043619 , 78.126606292224, 0.01 , 0.01 ,32.12 , 9.11 , 1.95 , 0.37 , 359.32
2024-02-16 12:33:57,905 :- 00113: 079 , 31.50 , -0.10 || 1708067037, 17.601885156103 , 78.126606130270, 0.01 , 0.01 ,32.35 , 9.98 , 1.93 , 0.33 , 359.32
2024-02-16 12:33:57,935 :- 00114: 082 , 31.60 , -0.10 || 1708067037, 17.601885156103 , 78.126606130270, 0.01 , 0.01 ,32.35 , 9.69 , 1.92 , 0.31 , 359.32
2024-02-16 12:33:57,965 :- 00115: 085 , 31.70 , -0.10 || 1708067037, 17.601885156103 , 78.126606130270, 0.01 , 0.01 ,32.35 , 9.63 , 1.91 , 0.23 , 359.32
2024-02-16 12:33:57,994 :- 00116: 085 , 31.70 , -0.10 || 1708067037, 17.601885156103 , 78.126606130270, 0.01 , 0.01 ,32.35 , 9.63 , 1.91 , 0.23 , 359.321708067037, 17.601885156103 , 78.126606130270, 0.01 , 0.01 ,32.35 , 9.87 , 1.92 , 0.20 , 359.33
2024-02-16 12:33:58,025 :- 00117: 091 , 31.80 , -0.10 || 1708067038, 17.601893282886 , 78.126606005925, 0.01 , 0.01 ,32.38 , 10.36 , 1.93 , 0.12 , 359.34
2024-02-16 12:33:58,054 :- 00118: 094 , 31.90 , -0.10 || 1708067038, 17.601893282886 , 78.126606005925, 0.01 , 0.01 ,32.38 , 9.90 , 1.94 , 0.08 , 359.34
2024-02-16 12:33:58,084 :- 00119: 097 , 32.00 , -0.10 || 1708067038, 17.601893282886 , 78.126606005925, 0.01 , 0.01 ,32.38 , 10.18 , 1.88 , 0.01 , 359.35
2024-02-16 12:33:58,114 :- 00120: 100 , 32.10 , -0.10 || 1708067038, 17.601901480276 , 78.126605902017, 0.01 , 0.01 ,32.71 , 10.21 , 1.85 , -0.01 , 359.36
2024-02-16 12:33:58,144 :- 00121: 103 , 32.10 , -0.10 || 1708067038, 17.601901480276 , 78.126605902017, 0.01 , 0.01 ,32.71 , 10.37 , 1.79 , -0.05 , 359.37
2024-02-16 12:33:58,174 :- 00122: 106 , 32.20 , -0.10 || 1708067038, 17.601901480276 , 78.126605902017, 0.01 , 0.01 ,32.71 , 10.92 , 1.83 , -0.05 , 359.37
2024-02-16 12:33:58,205 :- 00123: 109 , 32.30 , -0.10 || 1708067038, 17.601909743338 , 78.126605745838, 0.01 , 0.01 ,32.99 , 10.11 , 1.81 , -0.04 , 359.38
2024-02-16 12:33:58,235 :- 00124: 112 , 32.30 , -0.10 || 1708067038, 17.601909743338 , 78.126605745838, 0.01 , 0.01 ,32.99 , 9.79 , 1.79 , -0.03 , 359.38
2024-02-16 12:33:58,264 :- 00125: 115 , 32.40 , -0.10 || 1708067038, 17.601909743338 , 78.126605745838, 0.01 , 0.01 ,32.99 , 9.89 , 1.80 , -0.02 , 359.38
2024-02-16 12:33:58,295 :- 00126: 118 , 32.50 , -0.10 || 1708067038, 17.601909743338 , 78.126605745838, 0.01 , 0.01 ,33.36 , 10.46 , 1.81 , 0.00 , 359.38
2024-02-16 12:33:58,325 :- 00127: 121 , 32.50 , -0.10 || 1708067038, 17.601918100557 , 78.126605629228, 0.01 , 0.01 ,33.36 , 9.71 , 1.77 , 0.03 , 359.38
2024-02-16 12:33:58,355 :- 00128: 124 , 32.60 , -0.10 || 1708067038, 17.601918100557 , 78.126605629228, 0.01 , 0.01 ,33.36 , 9.30 , 1.77 , 0.05 , 359.39
2024-02-16 12:33:58,385 :- 00129: 127 , 32.70 , -0.10 || 1708067038, 17.601918100557 , 78.126605629228, 0.01 , 0.01 ,33.36 , 9.91 , 1.72 , 0.09 , 359.39
2024-02-16 12:33:58,415 :- 00130: 130 , 32.70 , -0.10 || 1708067038, 17.601926521159 , 78.126605518940, 0.01 , 0.01 ,33.61 , 8.78 , 1.72 , 0.10 , 359.40
2024-02-16 12:33:58,445 :- 00131: 133 , 32.80 , -0.10 || 1708067038, 17.601926521159 , 78.126605518940, 0.01 , 0.01 ,33.61 , 9.83 , 1.70 , 0.11 , 359.41
2024-02-16 12:33:58,475 :- 00132: 136 , 32.80 , -0.10 || 1708067038, 17.601926521159 , 78.126605518940, 0.01 , 0.01 ,33.61 , 10.11 , 1.68 , 0.11 , 359.41
2024-02-16 12:33:58,505 :- 00133: 139 , 32.90 , -0.10 || 1708067038, 17.601934970929 , 78.126605374426, 0.01 , 0.01 ,33.68 , 9.71 , 1.65 , 0.13 , 359.42
2024-02-16 12:33:58,534 :- 00134: 142 , 33.00 , -0.10 || 1708067038, 17.601934970929 , 78.126605374426, 0.01 , 0.01 ,33.68 , 9.82 , 1.63 , 0.14 , 359.42
2024-02-16 12:33:58,565 :- 00135: 145 , 33.00 , -0.10 || 1708067038, 17.601934970929 , 78.126605374426, 0.01 , 0.01 ,33.68 , 9.52 , 1.66 , 0.14 , 359.43
2024-02-16 12:33:58,595 :- 00136: 148 , 33.00 , -0.10 || 1708067038, 17.601934970929 , 78.126605374426, 0.01 , 0.01 ,33.73 , 10.19 , 1.64 , 0.13 , 359.43
2024-02-16 12:33:58,625 :- 00137: 151 , 33.00 , -0.10 || 1708067038, 17.601943448134 , 78.126605258535, 0.01 , 0.01 ,33.73 , 9.51 , 1.62 , 0.14 , 359.44
2024-02-16 12:33:58,654 :- 00138: 154 , 33.00 , -0.10 || 1708067038, 17.601943448134 , 78.126605258535, 0.01 , 0.01 ,33.73 , 10.61 , 1.65 , 0.16 , 359.44
2024-02-16 12:33:58,684 :- 00139: 157 , 33.00 , -0.10 || 1708067038, 17.601943448134 , 78.126605258535, 0.01 , 0.01 ,33.73 , 9.84 , 1.58 , 0.16 , 359.45
2024-02-16 12:33:58,715 :- 00140: 160 , 33.00 , -0.10 || 1708067038, 17.601951914753 , 78.126605159765, 0.01 , 0.01 ,33.72 , 10.21 , 1.56 , 0.19 , 359.45
2024-02-16 12:33:58,745 :- 00141: 163 , 33.00 , -0.10 || 1708067038, 17.601951914753 , 78.126605159765, 0.01 , 0.01 ,33.72 , 10.13 , 1.51 , 0.27 , 359.45
2024-02-16 12:33:58,775 :- 00142: 166 , 32.90 , -0.10 || 1708067038, 17.601951914753 , 78.126605159765, 0.01 , 0.01 ,33.72 , 10.07 , 1.50 , 0.28 , 359.45
2024-02-16 12:33:58,805 :- 00143: 169 , 32.90 , -0.10 || 1708067038, 17.601960373384 , 78.126605001240, 0.01 , 0.01 ,33.73 , 9.71 , 1.46 , 0.33 , 359.45
2024-02-16 12:33:58,835 :- 00144: 172 , 32.80 , -0.10 || 1708067038, 17.601960373384 , 78.126605001240, 0.01 , 0.01 ,33.73 , 9.91 , 1.46 , 0.37 , 359.45
2024-02-16 12:33:58,865 :- 00145: 175 , 32.80 , -0.10 || 1708067038, 17.601960373384 , 78.126605001240, 0.01 , 0.01 ,33.73 , 9.99 , 1.41 , 0.39 , 359.44
2024-02-16 12:33:58,895 :- 00146: 178 , 32.70 , -0.10 || 1708067038, 17.601960373384 , 78.126605001240, 0.01 , 0.01 ,33.47 , 9.11 , 1.39 , 0.42 , 359.44
2024-02-16 12:33:58,925 :- 00147: 181 , 32.70 , -0.10 || 1708067038, 17.601968779666 , 78.126604879024, 0.01 , 0.01 ,33.47 , 9.49 , 1.31 , 0.42 , 359.44
2024-02-16 12:33:58,955 :- 00148: 184 , 32.60 , -0.10 || 1708067038, 17.601968779666 , 78.126604879024, 0.01 , 0.01 ,33.47 , 10.09 , 1.31 , 0.43 , 359.44
2024-02-16 12:33:58,985 :- 00149: 187 , 32.50 , -0.10 || 1708067038, 17.601968779666 , 78.126604879024, 0.01 , 0.01 ,33.47 , 9.66 , 1.26 , 0.43 , 359.44
2024-02-16 12:33:59,014 :- 00150: 190 , 32.40 , -0.10 || 1708067039, 17.601977078030 , 78.126604762040, 0.01 , 0.01 ,32.97 , 9.42 , 1.24 , 0.40 , 359.44
2024-02-16 12:33:59,044 :- 00151: 193 , 32.30 , -0.10 || 1708067039, 17.601977078030 , 78.126604762040, 0.01 , 0.01 ,32.97 , 9.61 , 1.31 , 0.40 , 359.45
2024-02-16 12:33:59,074 :- 00152: 196 , 32.10 , -0.10 || 1708067039, 17.601977078030 , 78.126604762040, 0.01 , 0.01 ,32.97 , 9.93 , 1.29 , 0.38 , 359.45
2024-02-16 12:33:59,104 :- 00153: 199 , 32.00 , -0.10 || 1708067039, 17.601985261820 , 78.126604650216, 0.01 , 0.01 ,32.48 , 10.11 , 1.24 , 0.35 , 359.45
2024-02-16 12:33:59,134 :- 00154: 202 , 31.80 , -0.10 || 1708067039, 17.601985261820 , 78.126604650216, 0.01 , 0.01 ,32.48 , 10.22 , 1.22 , 0.36 , 359.45
2024-02-16 12:33:59,165 :- 00155: 205 , 31.70 , -0.10 || 1708067039, 17.601985261820 , 78.126604650216, 0.01 , 0.01 ,32.48 , 10.22 , 1.21 , 0.39 , 359.46
2024-02-16 12:33:59,194 :- 00156: 208 , 31.50 , -0.10 || 1708067039, 17.601985261820 , 78.126604650216, 0.01 , 0.01 ,32.01 , 10.13 , 1.24 , 0.40 , 359.47
2024-02-16 12:33:59,225 :- 00157: 211 , 31.40 , -0.10 || 1708067039, 17.601993327419 , 78.126604527374, 0.01 , 0.01 ,32.01 , 9.65 , 1.25 , 0.48 , 359.47
2024-02-16 12:33:59,255 :- 00158: 214 , 31.20 , -0.10 || 1708067039, 17.601993327419 , 78.126604527374, 0.01 , 0.01 ,32.01 , 10.22 , 1.26 , 0.50 , 359.47
2024-02-16 12:33:59,285 :- 00159: 217 , 31.00 , -0.10 || 1708067039, 17.601993327419 , 78.126604527374, 0.01 , 0.01 ,32.01 , 10.31 , 1.28 , 0.62 , 359.46
2024-02-16 12:33:59,315 :- 00160: 220 , 30.80 , -0.10 || 1708067039, 17.602001290690 , 78.126604443232, 0.01 , 0.01 ,31.62 , 9.75 , 1.25 , 0.66 , 359.45
2024-02-16 12:33:59,345 :- 00161: 223 , 30.60 , -0.10 || 1708067039, 17.602001290690 , 78.126604443232, 0.01 , 0.01 ,31.62 , 9.55 , 1.22 , 0.75 , 359.44
2024-02-16 12:33:59,375 :- 00162: 226 , 30.40 , -0.10 || 1708067039, 17.602001290690 , 78.126604443232, 0.01 , 0.01 ,31.62 , 9.73 , 1.23 , 0.80 , 359.44
2024-02-16 12:33:59,405 :- 00163: 229 , 30.20 , -0.10 || 1708067039, 17.602009081539 , 78.126604366333, 0.01 , 0.01 ,30.81 , 9.30 , 1.20 , 0.88 , 359.44
2024-02-16 12:33:59,435 :- 00164: 232 , 30.00 , -0.10 || 1708067039, 17.602009081539 , 78.126604366333, 0.01 , 0.01 ,30.81 , 9.59 , 1.17 , 0.88 , 359.44
2024-02-16 12:33:59,465 :- 00165: 235 , 29.80 , -0.10 || 1708067039, 17.602009081539 , 78.126604366333, 0.01 , 0.01 ,30.81 , 9.01 , 1.14 , 0.93 , 359.43
2024-02-16 12:33:59,495 :- 00166: 238 , 29.60 , -0.10 || 1708067039, 17.602009081539 , 78.126604366333, 0.01 , 0.01 ,29.79 , 9.40 , 1.11 , 0.92 , 359.42
2024-02-16 12:33:59,524 :- 00167: 241 , 29.30 , -0.10 || 1708067039, 17.602016614817 , 78.126604226863, 0.01 , 0.01 ,29.79 , 9.76 , 1.09 , 0.92 , 359.41
2024-02-16 12:33:59,554 :- 00168: 244 , 29.10 , -0.10 || 1708067039, 17.602016614817 , 78.126604226863, 0.01 , 0.01 ,29.79 , 9.23 , 1.06 , 0.94 , 359.41
2024-02-16 12:33:59,584 :- 00169: 247 , 28.90 , -0.10 || 1708067039, 17.602016614817 , 78.126604226863, 0.01 , 0.01 ,29.79 , 9.53 , 1.02 , 0.93 , 359.41
2024-02-16 12:33:59,614 :- 00170: 250 , 28.60 , -0.10 || 1708067039, 17.602023929045 , 78.126604073371, 0.01 , 0.01 ,28.71 , 9.32 , 1.01 , 0.90 , 359.41
2024-02-16 12:33:59,644 :- 00171: 253 , 28.40 , -0.10 || 1708067039, 17.602023929045 , 78.126604073371, 0.01 , 0.01 ,28.71 , 10.04 , 0.99 , 0.90 , 359.41
2024-02-16 12:33:59,675 :- 00172: 000 , 28.10 , -0.10 || 1708067039, 17.602023929045 , 78.126604073371, 0.01 , 0.01 ,28.71 , 9.25 , 0.95 , 0.86 , 359.41
2024-02-16 12:33:59,705 :- 00173: 003 , 27.80 , -0.10 || 1708067039, 17.602031045919 , 78.126603963198, 0.01 , 0.01 ,28.06 , 9.86 , 0.91 , 0.83 , 359.41
2024-02-16 12:33:59,735 :- 00174: 006 , 27.60 , -0.10 || 1708067039, 17.602031045919 , 78.126603963198, 0.01 , 0.01 ,28.06 , 9.71 , 0.87 , 0.79 , 359.42
2024-02-16 12:33:59,765 :- 00175: 009 , 27.30 , -0.10 || 1708067039, 17.602031045919 , 78.126603963198, 0.01 , 0.01 ,28.06 , 9.78 , 0.80 , 0.77 , 359.42
2024-02-16 12:33:59,794 :- 00176: 012 , 27.10 , -0.10 || 1708067039, 17.602031045919 , 78.126603963198, 0.01 , 0.01 ,27.28 , 10.09 , 0.76 , 0.72 , 359.42
2024-02-16 12:33:59,824 :- 00177: 015 , 26.80 , -0.10 || 1708067039, 17.602037934442 , 78.126603845766, 0.01 , 0.01 ,27.28 , 10.02 , 0.74 , 0.69 , 359.43
2024-02-16 12:33:59,855 :- 00178: 018 , 26.60 , -0.10 || 1708067039, 17.602037934442 , 78.126603845766, 0.01 , 0.01 ,27.28 , 9.76 , 0.72 , 0.68 , 359.43
2024-02-16 12:33:59,884 :- 00179: 021 , 26.40 , -0.10 || 1708067039, 17.602037934442 , 78.126603845766, 0.01 , 0.01 ,27.28 , 9.62 , 0.67 , 0.64 , 359.43
2024-02-16 12:33:59,914 :- 00180: 021 , 26.40 , -0.10 || 1708067039, 17.602037934442 , 78.126603845766, 0.01 , 0.01 ,27.28 , 9.62 , 0.67 , 0.64 , 359.431708067039, 17.602044608440 , 78.126603738586, 0.01 , 0.01 ,26.29 , 10.61 , 0.67 , 0.63 , 359.42
2024-02-16 12:33:59,945 :- 00181: 027 , 25.80 , -0.10 || 1708067039, 17.602044608440 , 78.126603738586, 0.01 , 0.01 ,26.29 , 9.68 , 0.57 , 0.61 , 359.42
2024-02-16 12:33:59,974 :- 00182: 030 , 25.60 , -0.10 || 1708067039, 17.602044608440 , 78.126603738586, 0.01 , 0.01 ,26.29 , 10.03 , 0.55 , 0.62 , 359.42
2024-02-16 12:34:00,004 :- 00183: 033 , 25.30 , -0.10 || 1708067040, 17.602051046580 , 78.126603598908, 0.01 , 0.01 ,25.39 , 10.19 , 0.55 , 0.61 , 359.42
2024-02-16 12:34:00,035 :- 00184: 036 , 25.00 , -0.10 || 1708067040, 17.602051046580 , 78.126603598908, 0.01 , 0.01 ,25.39 , 10.33 , 0.51 , 0.63 , 359.41
2024-02-16 12:34:00,064 :- 00185: 039 , 24.80 , -0.10 || 1708067040, 17.602051046580 , 78.126603598908, 0.01 , 0.01 ,25.39 , 9.79 , 0.48 , 0.67 , 359.41
2024-02-16 12:34:00,095 :- 00186: 042 , 24.50 , -0.10 || 1708067040, 17.602051046580 , 78.126603598908, 0.01 , 0.01 ,24.88 , 9.92 , 0.48 , 0.72 , 359.41
2024-02-16 12:34:00,125 :- 00187: 045 , 24.30 , -0.10 || 1708067040, 17.602057325214 , 78.126603522338, 0.01 , 0.01 ,24.88 , 9.61 , 0.48 , 0.76 , 359.41
2024-02-16 12:34:00,155 :- 00188: 048 , 24.00 , -0.10 || 1708067040, 17.602057325214 , 78.126603522338, 0.01 , 0.01 ,24.88 , 9.73 , 0.50 , 0.80 , 359.41
2024-02-16 12:34:00,185 :- 00189: 051 , 23.70 , -0.10 || 1708067040, 17.602057325214 , 78.126603522338, 0.01 , 0.01 ,24.88 , 9.50 , 0.49 , 0.85 , 359.41
2024-02-16 12:34:00,215 :- 00190: 054 , 23.50 , -0.10 || 1708067040, 17.602063359684 , 78.126603391344, 0.01 , 0.01 ,23.83 , 9.76 , 0.50 , 0.88 , 359.41
2024-02-16 12:34:00,244 :- 00191: 057 , 23.20 , -0.10 || 1708067040, 17.602063359684 , 78.126603391344, 0.01 , 0.01 ,23.83 , 9.61 , 0.49 , 0.91 , 359.40
2024-02-16 12:34:00,274 :- 00192: 060 , 22.90 , -0.10 || 1708067040, 17.602063359684 , 78.126603391344, 0.01 , 0.01 ,23.83 , 9.73 , 0.49 , 0.94 , 359.40
2024-02-16 12:34:00,304 :- 00193: 063 , 22.70 , -0.10 || 1708067040, 17.602069161492 , 78.126603348318, 0.01 , 0.01 ,22.86 , 9.67 , 0.49 , 0.97 , 359.41
2024-02-16 12:34:00,335 :- 00194: 066 , 22.40 , -0.10 || 1708067040, 17.602069161492 , 78.126603348318, 0.01 , 0.01 ,22.86 , 9.52 , 0.49 , 0.98 , 359.41
2024-02-16 12:34:00,365 :- 00195: 069 , 22.10 , -0.10 || 1708067040, 17.602069161492 , 78.126603348318, 0.01 , 0.01 ,22.86 , 9.41 , 0.50 , 0.99 , 359.40
2024-02-16 12:34:00,395 :- 00196: 072 , 21.90 , -0.10 || 1708067040, 17.602069161492 , 78.126603348318, 0.01 , 0.01 ,21.94 , 9.47 , 0.51 , 1.00 , 359.40
2024-02-16 12:34:00,424 :- 00197: 075 , 21.60 , -0.10 || 1708067040, 17.602074726811 , 78.126603260691, 0.01 , 0.01 ,21.94 , 9.50 , 0.55 , 0.98 , 359.40
2024-02-16 12:34:00,454 :- 00198: 078 , 21.30 , -0.10 || 1708067040, 17.602074726811 , 78.126603260691, 0.01 , 0.01 ,21.94 , 9.63 , 0.57 , 0.98 , 359.41
2024-02-16 12:34:00,484 :- 00199: 081 , 21.10 , -0.10 || 1708067040, 17.602074726811 , 78.126603260691, 0.01 , 0.01 ,21.94 , 9.60 , 0.62 , 0.96 , 359.41
2024-02-16 12:34:00,514 :- 00200: 084 , 20.80 , -0.10 || 1708067040, 17.602080031304 , 78.126603235263, 0.01 , 0.01 ,20.89 , 9.54 , 0.64 , 0.96 , 359.41
2024-02-16 12:34:00,544 :- 00201: 087 , 20.50 , -0.10 || 1708067040, 17.602080031304 , 78.126603235263, 0.01 , 0.01 ,20.89 , 9.60 , 0.72 , 0.93 , 359.41
2024-02-16 12:34:00,574 :- 00202: 090 , 20.20 , -0.10 || 1708067040, 17.602080031304 , 78.126603235263, 0.01 , 0.01 ,20.89 , 9.81 , 0.76 , 0.91 , 359.41
2024-02-16 12:34:00,605 :- 00203: 093 , 19.90 , -0.10 || 1708067040, 17.602085110976 , 78.126603192431, 0.01 , 0.01 ,19.99 , 9.81 , 0.80 , 0.87 , 359.42
2024-02-16 12:34:00,634 :- 00204: 096 , 19.70 , -0.10 || 1708067040, 17.602085110976 , 78.126603192431, 0.01 , 0.01 ,19.99 , 9.77 , 0.80 , 0.86 , 359.41
2024-02-16 12:34:00,664 :- 00205: 099 , 19.40 , -0.10 || 1708067040, 17.602085110976 , 78.126603192431, 0.01 , 0.01 ,19.99 , 9.86 , 0.78 , 0.83 , 359.41
2024-02-16 12:34:00,694 :- 00206: 102 , 19.20 , -0.10 || 1708067040, 17.602085110976 , 78.126603192431, 0.01 , 0.01 ,18.98 , 9.84 , 0.76 , 0.81 , 359.41
2024-02-16 12:34:00,724 :- 00207: 105 , 18.90 , -0.10 || 1708067040, 17.602089940775 , 78.126603139380, 0.01 , 0.01 ,18.98 , 9.97 , 0.76 , 0.78 , 359.41
2024-02-16 12:34:00,754 :- 00208: 108 , 18.60 , -0.10 || 1708067040, 17.602089940775 , 78.126603139380, 0.01 , 0.01 ,18.98 , 10.01 , 0.77 , 0.72 , 359.41
2024-02-16 12:34:00,784 :- 00209: 111 , 18.40 , -0.10 || 1708067040, 17.602089940775 , 78.126603139380, 0.01 , 0.01 ,18.98 , 10.07 , 0.78 , 0.76 , 359.41
2024-02-16 12:34:00,814 :- 00210: 114 , 18.10 , -0.10 || 1708067040, 17.602094528514 , 78.126603056894, 0.01 , 0.01 ,18.01 , 9.59 , 0.76 , 0.76 , 359.41
2024-02-16 12:34:00,844 :- 00211: 117 , 17.80 , -0.10 || 1708067040, 17.602094528514 , 78.126603056894, 0.01 , 0.01 ,18.01 , 9.97 , 0.78 , 0.78 , 359.41
2024-02-16 12:34:00,874 :- 00212: 120 , 17.50 , -0.10 || 1708067040, 17.602094528514 , 78.126603056894, 0.01 , 0.01 ,18.01 , 9.88 , 0.79 , 0.81 , 359.41
2024-02-16 12:34:00,904 :- 00213: 123 , 17.30 , -0.10 || 1708067040, 17.602098941135 , 78.126603008728, 0.01 , 0.01 ,17.41 , 9.25 , 0.76 , 0.84 , 359.41
2024-02-16 12:34:00,934 :- 00214: 126 , 17.00 , -0.10 || 1708067040, 17.602098941135 , 78.126603008728, 0.01 , 0.01 ,17.41 , 9.62 , 0.77 , 0.86 , 359.41
2024-02-16 12:34:00,964 :- 00215: 129 , 16.80 , -0.10 || 1708067040, 17.602098941135 , 78.126603008728, 0.01 , 0.01 ,17.41 , 9.86 , 0.77 , 0.86 , 359.40
2024-02-16 12:34:00,994 :- 00216: 132 , 16.50 , -0.10 || 1708067040, 17.602098941135 , 78.126603008728, 0.01 , 0.01 ,17.41 , 9.47 , 0.76 , 0.86 , 359.40
2024-02-16 12:34:01,024 :- 00217: 135 , 16.30 , -0.10 || 1708067041, 17.602103153221 , 78.126602956275, 0.01 , 0.01 ,16.57 , 9.74 , 0.81 , 0.84 , 359.38
2024-02-16 12:34:01,054 :- 00218: 138 , 16.10 , -0.10 || 1708067041, 17.602103153221 , 78.126602956275, 0.01 , 0.01 ,16.57 , 10.05 , 0.83 , 0.83 , 359.38
2024-02-16 12:34:01,084 :- 00219: 141 , 15.90 , -0.10 || 1708067041, 17.602103153221 , 78.126602956275, 0.01 , 0.01 ,16.57 , 9.71 , 0.85 , 0.77 , 359.37
2024-02-16 12:34:01,114 :- 00220: 144 , 15.70 , -0.10 || 1708067041, 17.602107137360 , 78.126602933632, 0.01 , 0.01 ,15.69 , 9.24 , 0.87 , 0.73 , 359.37
2024-02-16 12:34:01,144 :- 00221: 147 , 15.60 , -0.10 || 1708067041, 17.602107137360 , 78.126602933632, 0.01 , 0.01 ,15.69 , 10.81 , 0.94 , 0.77 , 359.35
2024-02-16 12:34:01,174 :- 00222: 150 , 15.40 , -0.10 || 1708067041, 17.602107137360 , 78.126602933632, 0.01 , 0.01 ,15.69 , 5.96 , 0.89 , 0.20 , 359.40
2024-02-16 12:34:01,204 :- 00223: 153 , 15.30 , -0.10 || 1708067041, 17.602110871877 , 78.126602933724, 0.01 , 0.01 ,14.42 , 10.97 , 0.91 , -0.06 , 359.43
2024-02-16 12:34:01,234 :- 00224: 156 , 15.20 , -0.10 || 1708067041, 17.602110871877 , 78.126602933724, 0.01 , 0.01 ,14.42 , 10.78 , 0.86 , -0.10 , 359.42
2024-02-16 12:34:01,264 :- 00225: 159 , 15.10 , -0.10 || 1708067041, 17.602110871877 , 78.126602933724, 0.01 , 0.01 ,14.42 , 11.05 , 0.83 , -0.59 , 359.46
2024-02-16 12:34:01,304 :- 00226: 163 , 15.10 , -0.10 || 1708067041, 17.602114453633 , 78.126602819271, 0.01 , 0.01 ,14.48 , 11.33 , 0.70 , -0.49 , 359.47
2024-02-16 12:34:01,334 :- 00227: 166 , 15.00 , -0.10 || 1708067041, 17.602114453633 , 78.126602819271, 0.01 , 0.01 ,14.48 , 6.72 , 0.78 , -0.39 , 359.48
2024-02-16 12:34:01,364 :- 00228: 169 , 14.80 , -0.10 || 1708067041, 17.602114453633 , 78.126602819271, 0.01 , 0.01 ,14.48 , 11.84 , 0.87 , -0.48 , 359.47
2024-02-16 12:34:01,394 :- 00229: 172 , 14.70 , -0.10 || 1708067041, 17.602114453633 , 78.126602819271, 0.01 , 0.01 ,15.29 , 9.92 , 0.85 , -0.32 , 359.46
2024-02-16 12:34:01,424 :- 00230: 175 , 14.60 , -0.10 || 1708067041, 17.602118292094 , 78.126602779025, 0.01 , 0.01 ,15.29 , 8.15 , 0.78 , -0.19 , 359.46
2024-02-16 12:34:01,454 :- 00231: 178 , 14.50 , -0.10 || 1708067041, 17.602118292094 , 78.126602779025, 0.01 , 0.01 ,15.29 , 10.11 , 0.82 , -0.11 , 359.44
2024-02-16 12:34:01,485 :- 00232: 181 , 14.40 , -0.10 || 1708067041, 17.602118292094 , 78.126602779025, 0.01 , 0.01 ,15.29 , 9.96 , 0.85 , 0.11 , 359.45
2024-02-16 12:34:01,514 :- 00233: 184 , 14.30 , -0.10 || 1708067041, 17.602122115243 , 78.126602747857, 0.01 , 0.01 ,15.25 , 8.75 , 0.78 , 0.15 , 359.45
2024-02-16 12:34:01,544 :- 00234: 187 , 14.30 , -0.00 || 1708067041, 17.602122115243 , 78.126602747857, 0.01 , 0.01 ,15.25 , 10.00 , 0.87 , 0.31 , 359.45
2024-02-16 12:34:01,574 :- 00235: 190 , 14.30 , -0.00 || 1708067041, 17.602122115243 , 78.126602747857, 0.01 , 0.01 ,15.25 , 10.46 , 0.86 , 0.44 , 359.45
2024-02-16 12:34:01,604 :- 00236: 193 , 14.20 , -0.00 || 1708067041, 17.602125873549 , 78.126602693408, 0.01 , 0.01 ,14.94 , 9.16 , 0.79 , 0.39 , 359.45
2024-02-16 12:34:01,634 :- 00237: 196 , 14.20 , -0.00 || 1708067041, 17.602125873549 , 78.126602693408, 0.01 , 0.01 ,14.94 , 10.10 , 0.83 , 0.39 , 359.45
2024-02-16 12:34:01,664 :- 00238: 199 , 14.30 , -0.00 || 1708067041, 17.602125873549 , 78.126602693408, 0.01 , 0.01 ,14.94 , 10.05 , 0.82 , 0.39 , 359.44
2024-02-16 12:34:01,694 :- 00239: 202 , 14.30 , -0.00 || 1708067041, 17.602125873549 , 78.126602693408, 0.01 , 0.01 ,14.43 , 10.06 , 0.81 , 0.31 , 359.44
2024-02-16 12:34:01,725 :- 00240: 205 , 13.90 , -0.00 || 1708067041, 17.602129522154 , 78.126602645960, 0.01 , 0.01 ,14.43 , 14.09 , 1.05 , 0.37 , 359.40
2024-02-16 12:34:01,754 :- 00241: 208 , 14.10 , 00.00 || 1708067041, 17.602129522154 , 78.126602645960, 0.01 , 0.01 ,14.43 , 25.53 , 1.43 , 0.26 , 359.38
2024-02-16 12:34:01,784 :- 00242: 211 , 14.20 , 00.00 || 1708067041, 17.602129522154 , 78.126602645960, 0.01 , 0.01 ,14.43 , 13.21 , 1.06 , 0.67 , 359.39
2024-02-16 12:34:01,814 :- 00243: 214 , 14.90 , 00.00 || 1708067041, 17.602133156253 , 78.126602600809, 0.01 , 0.01 ,14.66 , -1.88 , 0.37 , 1.10 , 359.39
2024-02-16 12:34:01,844 :- 00244: 217 , 15.30 , 00.10 || 1708067041, 17.602133156253 , 78.126602600809, 0.01 , 0.01 ,14.66 , -0.01 , 0.30 , 1.06 , 359.47
2024-02-16 12:34:01,875 :- 00245: 220 , 14.70 , 00.10 || 1708067041, 17.602133156253 , 78.126602600809, 0.01 , 0.01 ,14.66 , 4.69 , 0.29 , 1.04 , 359.46
2024-02-16 12:34:01,905 :- 00246: 223 , 14.70 , 00.10 || 1708067041, 17.602136857348 , 78.126602544220, 0.01 , 0.01 ,14.27 , 18.76 , 1.13 , 0.42 , 359.46
2024-02-16 12:34:01,935 :- 00247: 226 , 14.40 , 00.10 || 1708067041, 17.602136857348 , 78.126602544220, 0.01 , 0.01 ,14.27 , 3.59 , 0.54 , 0.63 , 359.43
2024-02-16 12:34:01,965 :- 00248: 229 , 14.20 , 00.10 || 1708067041, 17.602136857348 , 78.126602544220, 0.01 , 0.01 ,14.27 , 6.57 , 0.87 , 0.89 , 359.38
2024-02-16 12:34:01,994 :- 00249: 232 , 14.00 , 00.10 || 1708067041, 17.602136857348 , 78.126602544220, 0.01 , 0.01 ,14.27 , 10.02 , 0.86 , 0.41 , 359.37
2024-02-16 12:34:02,024 :- 00250: 235 , 14.00 , 00.10 || 1708067042, 17.602140314340 , 78.126602514147, 0.01 , 0.01 ,13.66 , 8.20 , 0.75 , 0.40 , 359.36
2024-02-16 12:34:02,055 :- 00251: 238 , 13.80 , 00.10 || 1708067042, 17.602140314340 , 78.126602514147, 0.01 , 0.01 ,13.66 , 7.73 , 0.74 , 0.30 , 359.36
2024-02-16 12:34:02,084 :- 00252: 241 , 13.70 , 00.10 || 1708067042, 17.602140314340 , 78.126602514147, 0.01 , 0.01 ,13.66 , 9.20 , 0.89 , -0.07 , 359.34
2024-02-16 12:34:02,114 :- 00253: 244 , 13.60 , 00.10 || 1708067042, 17.602143773524 , 78.126602470403, 0.01 , 0.01 ,13.88 , 10.04 , 0.95 , -0.20 , 359.34
2024-02-16 12:34:02,144 :- 00254: 247 , 13.60 , 00.10 || 1708067042, 17.602143773524 , 78.126602470403, 0.01 , 0.01 ,13.88 , 11.56 , 0.96 , -0.28 , 359.34
2024-02-16 12:34:02,175 :- 00255: 250 , 13.50 , 00.10 || 1708067042, 17.602143773524 , 78.126602470403, 0.01 , 0.01 ,13.88 , 13.12 , 1.01 , -0.33 , 359.35
2024-02-16 12:34:02,204 :- 00256: 253 , 13.50 , 00.10 || 1708067042, 17.602147252212 , 78.126602443638, 0.01 , 0.01 ,13.97 , 14.89 , 1.10 , -0.43 , 359.34
2024-02-16 12:34:02,234 :- 00257: 000 , 13.60 , 00.10 || 1708067042, 17.602147252212 , 78.126602443638, 0.01 , 0.01 ,13.97 , 14.55 , 1.04 , -0.41 , 359.33
2024-02-16 12:34:02,264 :- 00258: 003 , 13.60 , 00.10 || 1708067042, 17.602147252212 , 78.126602443638, 0.01 , 0.01 ,13.97 , 12.60 , 0.96 , -0.12 , 359.33
2024-02-16 12:34:02,294 :- 00259: 006 , 13.60 , 00.10 || 1708067042, 17.602147252212 , 78.126602443638, 0.01 , 0.01 ,14.52 , 11.34 , 0.94 , 0.01 , 359.33
2024-02-16 12:34:02,324 :- 00260: 009 , 13.70 , 00.10 || 1708067042, 17.602150849454 , 78.126602377187, 0.01 , 0.01 ,14.52 , 9.29 , 0.92 , 0.17 , 359.31
2024-02-16 12:34:02,354 :- 00261: 012 , 13.70 , 00.10 || 1708067042, 17.602150849454 , 78.126602377187, 0.01 , 0.01 ,14.52 , 9.18 , 0.95 , 0.32 , 359.30
2024-02-16 12:34:02,384 :- 00262: 015 , 13.80 , 00.10 || 1708067042, 17.602150849454 , 78.126602377187, 0.01 , 0.01 ,14.52 , 9.06 , 1.00 , 0.49 , 359.29
2024-02-16 12:34:02,414 :- 00263: 018 , 13.80 , 00.10 || 1708067042, 17.602154484392 , 78.126602300397, 0.01 , 0.01 ,14.38 , 8.21 , 1.00 , 0.53 , 359.28
2024-02-16 12:34:02,445 :- 00264: 021 , 13.80 , 00.10 || 1708067042, 17.602154484392 , 78.126602300397, 0.01 , 0.01 ,14.38 , 8.47 , 1.03 , 0.54 , 359.26
2024-02-16 12:34:02,475 :- 00265: 024 , 13.80 , 00.10 || 1708067042, 17.602154484392 , 78.126602300397, 0.01 , 0.01 ,14.38 , 8.74 , 1.05 , 0.55 , 359.25
2024-02-16 12:34:02,505 :- 00266: 027 , 13.80 , 00.10 || 1708067042, 17.602157989558 , 78.126602287812, 0.01 , 0.01 ,13.93 , 7.50 , 1.00 , 0.48 , 359.25
2024-02-16 12:34:02,535 :- 00267: 030 , 13.80 , 00.10 || 1708067042, 17.602157989558 , 78.126602287812, 0.01 , 0.01 ,13.93 , 8.14 , 1.03 , 0.46 , 359.25
2024-02-16 12:34:02,565 :- 00268: 033 , 13.80 , 00.10 || 1708067042, 17.602157989558 , 78.126602287812, 0.01 , 0.01 ,13.93 , 8.62 , 1.10 , 0.34 , 359.24
2024-02-16 12:34:02,595 :- 00269: 036 , 13.70 , 00.10 || 1708067042, 17.602157989558 , 78.126602287812, 0.01 , 0.01 ,13.70 , 8.89 , 1.10 , 0.25 , 359.24
2024-02-16 12:34:02,625 :- 00270: 039 , 13.70 , 00.10 || 1708067042, 17.602161436320 , 78.126602244035, 0.01 , 0.01 ,13.70 , 8.66 , 1.12 , 0.14 , 359.24
2024-02-16 12:34:02,654 :- 00271: 042 , 13.60 , 00.10 || 1708067042, 17.602161436320 , 78.126602244035, 0.01 , 0.01 ,13.70 , 9.79 , 1.12 , 0.07 , 359.24
2024-02-16 12:34:02,684 :- 00272: 045 , 13.60 , 00.10 || 1708067042, 17.602161436320 , 78.126602244035, 0.01 , 0.01 ,13.70 , 9.54 , 1.05 , -0.13 , 359.23
2024-02-16 12:34:02,714 :- 00273: 048 , 13.60 , 00.10 || 1708067042, 17.602164895006 , 78.126602180643, 0.01 , 0.01 ,13.85 , 9.85 , 1.02 , -0.21 , 359.23
2024-02-16 12:34:02,744 :- 00274: 051 , 13.70 , 00.10 || 1708067042, 17.602164895006 , 78.126602180643, 0.01 , 0.01 ,13.85 , 10.57 , 0.98 , -0.33 , 359.22
2024-02-16 12:34:02,774 :- 00275: 054 , 13.80 , 00.10 || 1708067042, 17.602164895006 , 78.126602180643, 0.01 , 0.01 ,13.85 , 10.90 , 0.96 , -0.40 , 359.21
2024-02-16 12:34:02,805 :- 00276: 057 , 13.80 , 00.10 || 1708067042, 17.602168412674 , 78.126602055921, 0.01 , 0.01 ,14.13 , 11.00 , 0.98 , -0.48 , 359.20
2024-02-16 12:34:02,834 :- 00277: 060 , 14.00 , 00.10 || 1708067042, 17.602168412674 , 78.126602055921, 0.01 , 0.01 ,14.13 , 11.53 , 1.00 , -0.46 , 359.20
2024-02-16 12:34:02,864 :- 00278: 063 , 14.10 , 00.10 || 1708067042, 17.602168412674 , 78.126602055921, 0.01 , 0.01 ,14.13 , 11.52 , 1.01 , -0.46 , 359.19
2024-02-16 12:34:02,895 :- 00279: 066 , 14.20 , 00.10 || 1708067042, 17.602168412674 , 78.126602055921, 0.01 , 0.01 ,14.97 , 10.98 , 1.01 , -0.44 , 359.18
2024-02-16 12:34:02,925 :- 00280: 069 , 14.30 , 00.10 || 1708067042, 17.602172115306 , 78.126602000533, 0.01 , 0.01 ,14.97 , 10.59 , 1.03 , -0.33 , 359.18
2024-02-16 12:34:02,954 :- 00281: 072 , 14.40 , 00.10 || 1708067042, 17.602172115306 , 78.126602000533, 0.01 , 0.01 ,14.97 , 10.01 , 1.03 , -0.32 , 359.18
2024-02-16 12:34:02,984 :- 00282: 075 , 14.60 , 00.10 || 1708067042, 17.602172115306 , 78.126602000533, 0.01 , 0.01 ,14.97 , 9.49 , 1.03 , -0.22 , 359.17
2024-02-16 12:34:03,014 :- 00283: 078 , 14.70 , 00.10 || 1708067043, 17.602175939989 , 78.126601947654, 0.01 , 0.01 ,15.32 , 9.23 , 1.04 , -0.19 , 359.17
2024-02-16 12:34:03,044 :- 00284: 081 , 14.90 , 00.10 || 1708067043, 17.602175939989 , 78.126601947654, 0.01 , 0.01 ,15.32 , 9.00 , 1.05 , -0.20 , 359.16
2024-02-16 12:34:03,075 :- 00285: 084 , 15.00 , 00.10 || 1708067043, 17.602175939989 , 78.126601947654, 0.01 , 0.01 ,15.32 , 8.71 , 1.05 , -0.19 , 359.15
2024-02-16 12:34:03,104 :- 00286: 084 , 15.00 , 00.10 || 1708067043, 17.602175939989 , 78.126601947654, 0.01 , 0.01 ,15.32 , 8.71 , 1.05 , -0.19 , 359.151708067043, 17.602179843301 , 78.126601880810, 0.01 , 0.01 ,15.59 , 9.23 , 1.05 , -0.24 , 359.13
2024-02-16 12:34:03,134 :- 00287: 090 , 15.30 , 00.10 || 1708067043, 17.602179843301 , 78.126601880810, 0.01 , 0.01 ,15.59 , 8.85 , 1.03 , -0.30 , 359.13
2024-02-16 12:34:03,165 :- 00288: 093 , 15.40 , 00.10 || 1708067043, 17.602179843301 , 78.126601880810, 0.01 , 0.01 ,15.59 , 8.79 , 1.02 , -0.36 , 359.11
2024-02-16 12:34:03,195 :- 00289: 096 , 15.50 , 00.10 || 1708067043, 17.602179843301 , 78.126601880810, 0.01 , 0.01 ,15.88 , 9.58 , 1.02 , -0.44 , 359.11
2024-02-16 12:34:03,225 :- 00290: 099 , 15.60 , 00.10 || 1708067043, 17.602183803543 , 78.126601800610, 0.01 , 0.01 ,15.88 , 10.12 , 0.98 , -0.52 , 359.09
2024-02-16 12:34:03,254 :- 00291: 102 , 15.70 , 00.10 || 1708067043, 17.602183803543 , 78.126601800610, 0.01 , 0.01 ,15.88 , 10.19 , 0.97 , -0.58 , 359.09
2024-02-16 12:34:03,284 :- 00292: 105 , 15.90 , 00.10 || 1708067043, 17.602183803543 , 78.126601800610, 0.01 , 0.01 ,15.88 , 10.53 , 0.92 , -0.63 , 359.09
2024-02-16 12:34:03,314 :- 00293: 108 , 16.00 , 00.10 || 1708067043, 17.602187881448 , 78.126601690507, 0.01 , 0.01 ,16.42 , 10.27 , 0.89 , -0.65 , 359.10
2024-02-16 12:34:03,344 :- 00294: 111 , 16.20 , 00.10 || 1708067043, 17.602187881448 , 78.126601690507, 0.01 , 0.01 ,16.42 , 9.67 , 0.84 , -0.68 , 359.09
2024-02-16 12:34:03,375 :- 00295: 114 , 16.40 , 00.10 || 1708067043, 17.602187881448 , 78.126601690507, 0.01 , 0.01 ,16.42 , 10.17 , 0.84 , -0.66 , 359.09
2024-02-16 12:34:03,405 :- 00296: 117 , 16.50 , 00.10 || 1708067043, 17.602192144299 , 78.126601541852, 0.01 , 0.01 ,17.12 , 10.10 , 0.82 , -0.65 , 359.07
2024-02-16 12:34:03,435 :- 00297: 120 , 16.70 , 00.10 || 1708067043, 17.602192144299 , 78.126601541852, 0.01 , 0.01 ,17.12 , 10.00 , 0.79 , -0.65 , 359.06
2024-02-16 12:34:03,465 :- 00298: 123 , 16.80 , 00.10 || 1708067043, 17.602192144299 , 78.126601541852, 0.01 , 0.01 ,17.12 , 9.90 , 0.75 , -0.65 , 359.04
2024-02-16 12:34:03,495 :- 00299: 126 , 17.00 , 00.10 || 1708067043, 17.602192144299 , 78.126601541852, 0.01 , 0.01 ,17.75 , 10.18 , 0.73 , -0.64 , 359.03
2024-02-16 12:34:03,525 :- 00300: 129 , 17.10 , 00.10 || 1708067043, 17.602196565606 , 78.126601433562, 0.01 , 0.01 ,17.75 , 9.84 , 0.70 , -0.67 , 359.02
2024-02-16 12:34:03,555 :- 00301: 132 , 17.30 , 00.10 || 1708067043, 17.602196565606 , 78.126601433562, 0.01 , 0.01 ,17.75 , 10.31 , 0.71 , -0.63 , 359.01
2024-02-16 12:34:03,585 :- 00302: 135 , 17.50 , 00.10 || 1708067043, 17.602196565606 , 78.126601433562, 0.01 , 0.01 ,17.75 , 10.04 , 0.69 , -0.65 , 359.01
2024-02-16 12:34:03,615 :- 00303: 138 , 17.60 , 00.10 || 1708067043, 17.602201114390 , 78.126601314016, 0.01 , 0.01 ,18.26 , 10.24 , 0.68 , -0.61 , 359.00
2024-02-16 12:34:03,644 :- 00304: 141 , 17.80 , 00.10 || 1708067043, 17.602201114390 , 78.126601314016, 0.01 , 0.01 ,18.26 , 9.61 , 0.66 , -0.59 , 359.00
2024-02-16 12:34:03,674 :- 00305: 144 , 17.90 , 00.10 || 1708067043, 17.602201114390 , 78.126601314016, 0.01 , 0.01 ,18.26 , 9.77 , 0.64 , -0.59 , 359.00
2024-02-16 12:34:03,704 :- 00306: 147 , 18.10 , 00.10 || 1708067043, 17.602205791056 , 78.126601205217, 0.01 , 0.01 ,18.76 , 9.76 , 0.64 , -0.52 , 359.00
2024-02-16 12:34:03,734 :- 00307: 150 , 18.30 , 00.10 || 1708067043, 17.602205791056 , 78.126601205217, 0.01 , 0.01 ,18.76 , 9.27 , 0.61 , -0.54 , 358.99
2024-02-16 12:34:03,764 :- 00308: 153 , 18.40 , 00.10 || 1708067043, 17.602205791056 , 78.126601205217, 0.01 , 0.01 ,18.76 , 9.26 , 0.59 , -0.53 , 358.99
2024-02-16 12:34:03,794 :- 00309: 156 , 18.60 , 00.10 || 1708067043, 17.602205791056 , 78.126601205217, 0.01 , 0.01 ,19.15 , 9.29 , 0.57 , -0.54 , 358.98
2024-02-16 12:34:03,825 :- 00310: 159 , 18.70 , 00.10 || 1708067043, 17.602210571292 , 78.126601068714, 0.01 , 0.01 ,19.15 , 9.35 , 0.55 , -0.54 , 358.96
2024-02-16 12:34:03,855 :- 00311: 162 , 18.80 , 00.10 || 1708067043, 17.602210571292 , 78.126601068714, 0.01 , 0.01 ,19.15 , 9.32 , 0.53 , -0.59 , 358.96
2024-02-16 12:34:03,885 :- 00312: 165 , 18.90 , 00.10 || 1708067043, 17.602210571292 , 78.126601068714, 0.01 , 0.01 ,19.15 , 10.26 , 0.54 , -0.57 , 358.94
2024-02-16 12:34:03,915 :- 00313: 168 , 19.00 , 00.10 || 1708067043, 17.602215467714 , 78.126600936724, 0.01 , 0.01 ,19.60 , 9.85 , 0.53 , -0.61 , 358.94
2024-02-16 12:34:03,944 :- 00314: 171 , 19.10 , 00.10 || 1708067043, 17.602215467714 , 78.126600936724, 0.01 , 0.01 ,19.60 , 10.49 , 0.51 , -0.65 , 358.93
2024-02-16 12:34:03,975 :- 00315: 174 , 19.20 , 00.10 || 1708067043, 17.602215467714 , 78.126600936724, 0.01 , 0.01 ,19.60 , 10.39 , 0.51 , -0.62 , 358.93
2024-02-16 12:34:04,004 :- 00316: 177 , 19.40 , 00.10 || 1708067044, 17.602215467714 , 78.126600936724, 0.01 , 0.01 ,19.60 , 10.39 , 0.53 , -0.68 , 358.92
2024-02-16 12:34:04,034 :- 00317: 180 , 19.50 , 00.10 || 1708067044, 17.602220455214 , 78.126600817072, 0.01 , 0.01 ,19.97 , 10.17 , 0.56 , -0.63 , 358.92
2024-02-16 12:34:04,064 :- 00318: 183 , 19.70 , 00.10 || 1708067044, 17.602220455214 , 78.126600817072, 0.01 , 0.01 ,19.97 , 9.98 , 0.60 , -0.62 , 358.91
2024-02-16 12:34:04,094 :- 00319: 186 , 19.80 , 00.10 || 1708067044, 17.602220455214 , 78.126600817072, 0.01 , 0.01 ,20.54 , 10.71 , 0.63 , -0.59 , 358.90
2024-02-16 12:34:04,124 :- 00320: 189 , 19.90 , 00.10 || 1708067044, 17.602225581866 , 78.126600712929, 0.01 , 0.01 ,20.54 , 9.56 , 0.64 , -0.52 , 358.89
2024-02-16 12:34:04,154 :- 00321: 192 , 20.00 , 00.10 || 1708067044, 17.602225581866 , 78.126600712929, 0.01 , 0.01 ,20.54 , 9.52 , 0.63 , -0.51 , 358.89
2024-02-16 12:34:04,184 :- 00322: 195 , 20.10 , 00.10 || 1708067044, 17.602225581866 , 78.126600712929, 0.01 , 0.01 ,20.54 , 9.62 , 0.65 , -0.39 , 358.87
2024-02-16 12:34:04,214 :- 00323: 198 , 20.30 , 00.10 || 1708067044, 17.602230815004 , 78.126600614024, 0.01 , 0.01 ,20.98 , 9.45 , 0.63 , -0.39 , 358.87
2024-02-16 12:34:04,244 :- 00324: 201 , 20.30 , 00.10 || 1708067044, 17.602230815004 , 78.126600614024, 0.01 , 0.01 ,20.98 , 9.39 , 0.62 , -0.34 , 358.85
2024-02-16 12:34:04,274 :- 00325: 204 , 20.40 , 00.10 || 1708067044, 17.602230815004 , 78.126600614024, 0.01 , 0.01 ,20.98 , 9.32 , 0.63 , -0.31 , 358.84
2024-02-16 12:34:04,305 :- 00326: 207 , 20.50 , 00.10 || 1708067044, 17.602236136090 , 78.126600470014, 0.01 , 0.01 ,21.24 , 9.92 , 0.65 , -0.27 , 358.82
2024-02-16 12:34:04,334 :- 00327: 210 , 20.60 , 00.10 || 1708067044, 17.602236136090 , 78.126600470014, 0.01 , 0.01 ,21.24 , 9.69 , 0.65 , -0.27 , 358.81
2024-02-16 12:34:04,364 :- 00328: 213 , 20.70 , 00.10 || 1708067044, 17.602236136090 , 78.126600470014, 0.01 , 0.01 ,21.24 , 10.07 , 0.67 , -0.23 , 358.80
2024-02-16 12:34:04,394 :- 00329: 216 , 20.80 , 00.10 || 1708067044, 17.602236136090 , 78.126600470014, 0.01 , 0.01 ,21.63 , 9.73 , 0.66 , -0.22 , 358.79
2024-02-16 12:34:04,425 :- 00330: 219 , 20.90 , 00.10 || 1708067044, 17.602241532589 , 78.126600346664, 0.01 , 0.01 ,21.63 , 9.87 , 0.67 , -0.21 , 358.77
2024-02-16 12:34:04,454 :- 00331: 222 , 21.10 , 00.10 || 1708067044, 17.602241532589 , 78.126600346664, 0.01 , 0.01 ,21.63 , 9.78 , 0.67 , -0.19 , 358.76
2024-02-16 12:34:04,484 :- 00332: 225 , 21.20 , 00.10 || 1708067044, 17.602241532589 , 78.126600346664, 0.01 , 0.01 ,21.63 , 9.73 , 0.69 , -0.16 , 358.74
2024-02-16 12:34:04,514 :- 00333: 228 , 21.30 , 00.10 || 1708067044, 17.602247007145 , 78.126600200714, 0.01 , 0.01 ,21.91 , 9.67 , 0.70 , -0.16 , 358.73
2024-02-16 12:34:04,544 :- 00334: 231 , 21.40 , 00.10 || 1708067044, 17.602247007145 , 78.126600200714, 0.01 , 0.01 ,21.91 , 9.67 , 0.74 , -0.14 , 358.71
2024-02-16 12:34:04,574 :- 00335: 234 , 21.50 , 00.10 || 1708067044, 17.602247007145 , 78.126600200714, 0.01 , 0.01 ,21.91 , 9.48 , 0.76 , -0.14 , 358.71
2024-02-16 12:34:04,604 :- 00336: 237 , 21.60 , 00.10 || 1708067044, 17.602252572472 , 78.126600080780, 0.01 , 0.01 ,22.27 , 9.73 , 0.80 , -0.15 , 358.70
2024-02-16 12:34:04,634 :- 00337: 240 , 21.70 , 00.10 || 1708067044, 17.602252572472 , 78.126600080780, 0.01 , 0.01 ,22.27 , 9.47 , 0.81 , -0.14 , 358.69
2024-02-16 12:34:04,664 :- 00338: 243 , 21.80 , 00.10 || 1708067044, 17.602252572472 , 78.126600080780, 0.01 , 0.01 ,22.27 , 9.19 , 0.83 , -0.18 , 358.69
2024-02-16 12:34:04,694 :- 00339: 246 , 21.90 , 00.10 || 1708067044, 17.602252572472 , 78.126600080780, 0.01 , 0.01 ,22.50 , 10.29 , 0.85 , -0.18 , 358.68
2024-02-16 12:34:04,725 :- 00340: 249 , 22.00 , 00.10 || 1708067044, 17.602258196346 , 78.126599961848, 0.01 , 0.01 ,22.50 , 10.05 , 0.86 , -0.22 , 358.67
2024-02-16 12:34:04,754 :- 00341: 252 , 22.00 , 00.10 || 1708067044, 17.602258196346 , 78.126599961848, 0.01 , 0.01 ,22.50 , 9.95 , 0.84 , -0.23 , 358.66
2024-02-16 12:34:04,784 :- 00342: 255 , 22.10 , 00.00 || 1708067044, 17.602258196346 , 78.126599961848, 0.01 , 0.01 ,22.50 , 10.14 , 0.83 , -0.23 , 358.65
2024-02-16 12:34:04,814 :- 00343: 002 , 22.20 , 00.00 || 1708067044, 17.602263895231 , 78.126599792479, 0.01 , 0.01 ,22.77 , 10.12 , 0.83 , -0.25 , 358.64
2024-02-16 12:34:04,845 :- 00344: 005 , 22.30 , 00.00 || 1708067044, 17.602263895231 , 78.126599792479, 0.01 , 0.01 ,22.77 , 9.84 , 0.84 , -0.23 , 358.64
2024-02-16 12:34:04,874 :- 00345: 008 , 22.40 , 00.00 || 1708067044, 17.602263895231 , 78.126599792479, 0.01 , 0.01 ,22.77 , 9.69 , 0.84 , -0.23 , 358.63
2024-02-16 12:34:04,904 :- 00346: 011 , 22.50 , 00.00 || 1708067044, 17.602269685239 , 78.126599614227, 0.01 , 0.01 ,23.15 , 9.95 , 0.85 , -0.22 , 358.63
2024-02-16 12:34:04,934 :- 00347: 014 , 22.60 , 00.00 || 1708067044, 17.602269685239 , 78.126599614227, 0.01 , 0.01 ,23.15 , 10.14 , 0.85 , -0.20 , 358.62
2024-02-16 12:34:04,964 :- 00348: 017 , 22.70 , 00.00 || 1708067044, 17.602269685239 , 78.126599614227, 0.01 , 0.01 ,23.15 , 9.63 , 0.87 , -0.18 , 358.61
2024-02-16 12:34:04,994 :- 00349: 020 , 22.80 , 00.00 || 1708067044, 17.602269685239 , 78.126599614227, 0.01 , 0.01 ,23.15 , 9.47 , 0.89 , -0.16 , 358.61
2024-02-16 12:34:05,024 :- 00350: 023 , 22.90 , 00.00 || 1708067045, 17.602275567113 , 78.126599442697, 0.01 , 0.01 ,23.54 , 10.06 , 0.92 , -0.13 , 358.59
2024-02-16 12:34:05,054 :- 00351: 026 , 22.90 , 00.00 || 1708067045, 17.602275567113 , 78.126599442697, 0.01 , 0.01 ,23.54 , 9.63 , 0.92 , -0.12 , 358.59
2024-02-16 12:34:05,084 :- 00352: 029 , 23.00 , 00.00 || 1708067045, 17.602275567113 , 78.126599442697, 0.01 , 0.01 ,23.54 , 10.13 , 0.92 , -0.08 , 358.59
2024-02-16 12:34:05,114 :- 00353: 032 , 23.10 , 00.00 || 1708067045, 17.602281514670 , 78.126599287711, 0.01 , 0.01 ,23.74 , 9.68 , 0.92 , -0.08 , 358.59
2024-02-16 12:34:05,144 :- 00354: 035 , 23.10 , 00.00 || 1708067045, 17.602281514670 , 78.126599287711, 0.01 , 0.01 ,23.74 , 10.07 , 0.94 , -0.04 , 358.58
2024-02-16 12:34:05,165 :- 00355: 035 , 23.10 , 00.00 || 1708067045, 17.602281514670 , 78.126599287711, 0.01 , 0.01 ,23.74 , 10.07 , 0.94 , -0.04 , 358.581708067045, 17.602281514670 , 78.126599287711, 0.01 , 0.01 ,23.74 , 9.87 , 0.96 , -0.02 , 358.58
2024-02-16 12:34:05,194 :- 00356: 040 , 23.30 , 00.00 || 1708067045, 17.602281514670 , 78.126599287711, 0.01 , 0.01 ,24.03 , 9.89 , 0.98 , -0.03 , 358.58
2024-02-16 12:34:05,224 :- 00357: 043 , 23.40 , 00.00 || 1708067045, 17.602287533490 , 78.126599127972, 0.01 , 0.01 ,24.03 , 9.31 , 1.03 , 0.01 , 358.56
2024-02-16 12:34:05,254 :- 00358: 046 , 23.50 , 00.00 || 1708067045, 17.602287533490 , 78.126599127972, 0.01 , 0.01 ,24.03 , 9.85 , 1.07 , 0.03 , 358.55
2024-02-16 12:34:05,284 :- 00359: 049 , 23.60 , 00.00 || 1708067045, 17.602287533490 , 78.126599127972, 0.01 , 0.01 ,24.03 , 9.65 , 1.12 , 0.00 , 358.54
2024-02-16 12:34:05,314 :- 00360: 052 , 23.60 , 00.00 || 1708067045, 17.602293603969 , 78.126598994174, 0.01 , 0.01 ,24.23 , 9.36 , 1.15 , 0.04 , 358.54
2024-02-16 12:34:05,345 :- 00361: 055 , 23.70 , 00.00 || 1708067045, 17.602293603969 , 78.126598994174, 0.01 , 0.01 ,24.23 , 9.69 , 1.19 , 0.02 , 358.54
2024-02-16 12:34:05,374 :- 00362: 058 , 23.70 , 00.00 || 1708067045, 17.602293603969 , 78.126598994174, 0.01 , 0.01 ,24.23 , 10.13 , 1.23 , 0.04 , 358.53
2024-02-16 12:34:05,404 :- 00363: 061 , 23.80 , 00.00 || 1708067045, 17.602299733010 , 78.126598843988, 0.01 , 0.01 ,24.48 , 9.27 , 1.22 , 0.04 , 358.53
2024-02-16 12:34:05,434 :- 00364: 064 , 23.90 , 00.00 || 1708067045, 17.602299733010 , 78.126598843988, 0.01 , 0.01 ,24.48 , 9.79 , 1.22 , 0.02 , 358.52
2024-02-16 12:34:05,464 :- 00365: 067 , 23.90 , 00.00 || 1708067045, 17.602299733010 , 78.126598843988, 0.01 , 0.01 ,24.48 , 10.05 , 1.27 , 0.03 , 358.51
2024-02-16 12:34:05,495 :- 00366: 070 , 24.00 , 00.00 || 1708067045, 17.602299733010 , 78.126598843988, 0.01 , 0.01 ,24.56 , 9.79 , 1.27 , 0.00 , 358.51
2024-02-16 12:34:05,525 :- 00367: 073 , 24.00 , 00.00 || 1708067045, 17.602305888402 , 78.126598672297, 0.01 , 0.01 ,24.56 , 10.05 , 1.28 , -0.00 , 358.50
2024-02-16 12:34:05,554 :- 00368: 076 , 24.10 , 00.00 || 1708067045, 17.602305888402 , 78.126598672297, 0.01 , 0.01 ,24.56 , 9.83 , 1.28 , -0.01 , 358.49
2024-02-16 12:34:05,584 :- 00369: 079 , 24.10 , 00.00 || 1708067045, 17.602305888402 , 78.126598672297, 0.01 , 0.01 ,24.56 , 10.10 , 1.26 , -0.03 , 358.48
2024-02-16 12:34:05,614 :- 00370: 082 , 24.20 , 00.00 || 1708067045, 17.602312098039 , 78.126598485949, 0.01 , 0.01 ,24.82 , 10.33 , 1.27 , -0.02 , 358.48
2024-02-16 12:34:05,644 :- 00371: 085 , 24.30 , 00.00 || 1708067045, 17.602312098039 , 78.126598485949, 0.01 , 0.01 ,24.82 , 9.04 , 1.25 , -0.04 , 358.47
2024-02-16 12:34:05,674 :- 00372: 088 , 24.40 , 00.00 || 1708067045, 17.602312098039 , 78.126598485949, 0.01 , 0.01 ,24.82 , 9.72 , 1.26 , -0.03 , 358.46
2024-02-16 12:34:05,704 :- 00373: 091 , 24.40 , 00.00 || 1708067045, 17.602318353022 , 78.126598275314, 0.01 , 0.01 ,24.98 , 9.78 , 1.27 , -0.04 , 358.44
2024-02-16 12:34:05,734 :- 00374: 094 , 24.40 , 00.00 || 1708067045, 17.602318353022 , 78.126598275314, 0.01 , 0.01 ,24.98 , 10.22 , 1.27 , -0.05 , 358.44
2024-02-16 12:34:05,764 :- 00375: 097 , 24.50 , 00.00 || 1708067045, 17.602318353022 , 78.126598275314, 0.01 , 0.01 ,24.98 , 10.02 , 1.29 , -0.03 , 358.42
2024-02-16 12:34:05,794 :- 00376: 100 , 24.50 , 00.00 || 1708067045, 17.602318353022 , 78.126598275314, 0.01 , 0.01 ,25.13 , 10.00 , 1.30 , -0.02 , 358.42
2024-02-16 12:34:05,824 :- 00377: 103 , 24.60 , 00.00 || 1708067045, 17.602324648147 , 78.126598095906, 0.01 , 0.01 ,25.13 , 9.88 , 1.29 , -0.01 , 358.41
2024-02-16 12:34:05,854 :- 00378: 106 , 24.60 , 00.00 || 1708067045, 17.602324648147 , 78.126598095906, 0.01 , 0.01 ,25.13 , 9.81 , 1.30 , 0.01 , 358.41
2024-02-16 12:34:05,884 :- 00379: 109 , 24.70 , 00.00 || 1708067045, 17.602324648147 , 78.126598095906, 0.01 , 0.01 ,25.13 , 9.97 , 1.27 , 0.03 , 358.40
2024-02-16 12:34:05,914 :- 00380: 112 , 24.70 , 00.00 || 1708067045, 17.602331024561 , 78.126597877568, 0.00 , 0.00 ,25.37 , 9.47 , 1.26 , 0.04 , 358.40
2024-02-16 12:34:05,944 :- 00381: 115 , 24.80 , 00.00 || 1708067045, 17.602331024561 , 78.126597877568, 0.00 , 0.00 ,25.37 , 10.11 , 1.27 , 0.06 , 358.39
2024-02-16 12:34:05,974 :- 00382: 118 , 24.80 , 00.00 || 1708067045, 17.602331024561 , 78.126597877568, 0.00 , 0.00 ,25.37 , 9.57 , 1.25 , 0.07 , 358.39
2024-02-16 12:34:06,005 :- 00383: 121 , 24.90 , 00.00 || 1708067046, 17.602337416444 , 78.126597666643, 0.00 , 0.00 ,25.49 , 9.89 , 1.24 , 0.06 , 358.38
2024-02-16 12:34:06,034 :- 00384: 124 , 24.90 , 00.00 || 1708067046, 17.602337416444 , 78.126597666643, 0.00 , 0.00 ,25.49 , 9.40 , 1.24 , 0.07 , 358.38
2024-02-16 12:34:06,064 :- 00385: 127 , 25.00 , 00.00 || 1708067046, 17.602337416444 , 78.126597666643, 0.00 , 0.00 ,25.49 , 9.65 , 1.24 , 0.04 , 358.37
2024-02-16 12:34:06,094 :- 00386: 130 , 25.00 , 00.00 || 1708067046, 17.602337416444 , 78.126597666643, 0.00 , 0.00 ,25.56 , 9.68 , 1.23 , 0.02 , 358.37
2024-02-16 12:34:06,124 :- 00387: 133 , 25.10 , 00.00 || 1708067046, 17.602343822210 , 78.126597452172, 0.00 , 0.00 ,25.56 , 9.71 , 1.22 , 0.01 , 358.36
2024-02-16 12:34:06,154 :- 00388: 136 , 25.10 , 00.00 || 1708067046, 17.602343822210 , 78.126597452172, 0.00 , 0.00 ,25.56 , 9.84 , 1.20 , -0.02 , 358.36
2024-02-16 12:34:06,184 :- 00389: 139 , 25.10 , 00.00 || 1708067046, 17.602343822210 , 78.126597452172, 0.00 , 0.00 ,25.56 , 10.02 , 1.18 , -0.03 , 358.35
2024-02-16 12:34:06,215 :- 00390: 142 , 25.20 , 00.00 || 1708067046, 17.602350268757 , 78.126597226941, 0.00 , 0.00 ,25.74 , 9.66 , 1.16 , -0.02 , 358.34
2024-02-16 12:34:06,244 :- 00391: 145 , 25.20 , 00.00 || 1708067046, 17.602350268757 , 78.126597226941, 0.00 , 0.00 ,25.74 , 10.02 , 1.18 , -0.04 , 358.33
2024-02-16 12:34:06,285 :- 00392: 149 , 25.30 , 00.00 || 1708067046, 17.602350268757 , 78.126597226941, 0.00 , 0.00 ,25.74 , 9.63 , 1.21 , -0.03 , 358.33
2024-02-16 12:34:06,314 :- 00393: 152 , 25.30 , 00.00 || 1708067046, 17.602356757952 , 78.126596999900, 0.00 , 0.01 ,25.90 , 10.40 , 1.22 , -0.01 , 358.32
2024-02-16 12:34:06,344 :- 00394: 155 , 25.30 , 00.00 || 1708067046, 17.602356757952 , 78.126596999900, 0.00 , 0.01 ,25.90 , 9.71 , 1.21 , -0.03 , 358.31
2024-02-16 12:34:06,374 :- 00395: 158 , 25.40 , 00.00 || 1708067046, 17.602356757952 , 78.126596999900, 0.00 , 0.01 ,25.90 , 10.51 , 1.23 , 0.01 , 358.31
2024-02-16 12:34:06,404 :- 00396: 161 , 25.40 , 00.00 || 1708067046, 17.602363289019 , 78.126596792294, 0.00 , 0.01 ,26.04 , 10.17 , 1.23 , 0.02 , 358.30
2024-02-16 12:34:06,434 :- 00397: 164 , 25.50 , 00.00 || 1708067046, 17.602363289019 , 78.126596792294, 0.00 , 0.01 ,26.04 , 9.49 , 1.21 , 0.04 , 358.30
2024-02-16 12:34:06,464 :- 00398: 167 , 25.50 , 00.00 || 1708067046, 17.602363289019 , 78.126596792294, 0.00 , 0.01 ,26.04 , 9.36 , 1.22 , 0.05 , 358.29
2024-02-16 12:34:06,494 :- 00399: 170 , 25.50 , 00.00 || 1708067046, 17.602363289019 , 78.126596792294, 0.00 , 0.01 ,26.15 , 10.05 , 1.27 , 0.05 , 358.29
2024-02-16 12:34:06,524 :- 00400: 173 , 25.60 , 00.00 || 1708067046, 17.602369858074 , 78.126596575854, 0.00 , 0.01 ,26.15 , 9.33 , 1.28 , 0.03 , 358.29
2024-02-16 12:34:06,554 :- 00401: 176 , 25.60 , 00.00 || 1708067046, 17.602369858074 , 78.126596575854, 0.00 , 0.01 ,26.15 , 9.38 , 1.31 , 0.02 , 358.28
2024-02-16 12:34:06,584 :- 00402: 179 , 25.70 , 00.00 || 1708067046, 17.602369858074 , 78.126596575854, 0.00 , 0.01 ,26.15 , 9.97 , 1.36 , 0.02 , 358.28
2024-02-16 12:34:06,614 :- 00403: 182 , 25.70 , 00.00 || 1708067046, 17.602376439297 , 78.126596375075, 0.00 , 0.01 ,26.27 , 9.61 , 1.36 , -0.01 , 358.27
2024-02-16 12:34:06,644 :- 00404: 185 , 25.70 , 00.00 || 1708067046, 17.602376439297 , 78.126596375075, 0.00 , 0.01 ,26.27 , 9.36 , 1.35 , -0.02 , 358.26
2024-02-16 12:34:06,674 :- 00405: 188 , 25.70 , 00.00 || 1708067046, 17.602376439297 , 78.126596375075, 0.00 , 0.01 ,26.27 , 10.36 , 1.37 , -0.02 , 358.26
2024-02-16 12:34:06,704 :- 00406: 191 , 25.80 , 00.00 || 1708067046, 17.602383039534 , 78.126596137329, 0.00 , 0.01 ,26.30 , 9.84 , 1.37 , -0.06 , 358.25
2024-02-16 12:34:06,735 :- 00407: 194 , 25.80 , 00.00 || 1708067046, 17.602383039534 , 78.126596137329, 0.00 , 0.01 ,26.30 , 10.20 , 1.38 , -0.05 , 358.25
2024-02-16 12:34:06,764 :- 00408: 197 , 25.80 , -0.00 || 1708067046, 17.602383039534 , 78.126596137329, 0.00 , 0.01 ,26.30 , 10.21 , 1.42 , -0.03 , 358.25
2024-02-16 12:34:06,794 :- 00409: 200 , 25.80 , -0.00 || 1708067046, 17.602383039534 , 78.126596137329, 0.01 , 0.01 ,26.58 , 10.24 , 1.42 , -0.03 , 358.25
2024-02-16 12:34:06,825 :- 00410: 203 , 25.90 , -0.10 || 1708067046, 17.602389687670 , 78.126595915739, 0.01 , 0.01 ,26.58 , 9.92 , 1.45 , 0.00 , 358.24
2024-02-16 12:34:06,854 :- 00411: 206 , 25.90 , -0.20 || 1708067046, 17.602389687670 , 78.126595915739, 0.01 , 0.01 ,26.58 , 10.06 , 1.47 , 0.03 , 358.23
2024-02-16 12:34:06,884 :- 00412: 209 , 26.00 , -0.30 || 1708067046, 17.602389687670 , 78.126595915739, 0.01 , 0.01 ,26.58 , 9.39 , 1.48 , 0.03 , 358.23
2024-02-16 12:34:06,914 :- 00413: 212 , 26.00 , -0.40 || 1708067046, 17.602396367252 , 78.126595710403, 0.01 , 0.01 ,26.66 , 9.63 , 1.52 , 0.06 , 358.23
2024-02-16 12:34:06,944 :- 00414: 215 , 26.00 , -0.60 || 1708067046, 17.602396367252 , 78.126595710403, 0.01 , 0.01 ,26.66 , 9.27 , 1.55 , 0.05 , 358.24
2024-02-16 12:34:06,974 :- 00415: 218 , 26.10 , -0.70 || 1708067046, 17.602396367252 , 78.126595710403, 0.01 , 0.01 ,26.66 , 10.04 , 1.59 , 0.04 , 358.25
2024-02-16 12:34:07,005 :- 00416: 221 , 26.10 , -0.90 || 1708067047, 17.602396367252 , 78.126595710403, 0.01 , 0.01 ,26.65 , 9.50 , 1.62 , 0.02 , 358.29
2024-02-16 12:34:07,034 :- 00417: 224 , 26.10 , -1.00 || 1708067047, 17.602403063312 , 78.126595504742, 0.01 , 0.01 ,26.65 , 9.90 , 1.63 , 0.01 , 358.32
2024-02-16 12:34:07,064 :- 00418: 227 , 26.20 , -1.10 || 1708067047, 17.602403063312 , 78.126595504742, 0.01 , 0.01 ,26.65 , 8.93 , 1.61 , -0.04 , 358.40
2024-02-16 12:34:07,094 :- 00419: 230 , 26.20 , -1.20 || 1708067047, 17.602403063312 , 78.126595504742, 0.01 , 0.01 ,26.74 , 10.30 , 1.61 , -0.04 , 358.44
2024-02-16 12:34:07,124 :- 00420: 233 , 26.20 , -1.30 || 1708067047, 17.602409757670 , 78.126595292071, 0.01 , 0.01 ,26.74 , 9.54 , 1.57 , -0.08 , 358.55
2024-02-16 12:34:07,154 :- 00421: 236 , 26.20 , -1.30 || 1708067047, 17.602409757670 , 78.126595292071, 0.01 , 0.01 ,26.74 , 10.08 , 1.53 , -0.07 , 358.62
2024-02-16 12:34:07,184 :- 00422: 239 , 26.20 , -1.30 || 1708067047, 17.602409757670 , 78.126595292071, 0.01 , 0.01 ,26.74 , 9.97 , 1.52 , -0.06 , 358.76
2024-02-16 12:34:07,214 :- 00423: 242 , 26.20 , -1.30 || 1708067047, 17.602416494942 , 78.126595061069, 0.01 , 0.01 ,26.94 , 10.20 , 1.48 , -0.06 , 358.84
2024-02-16 12:34:07,244 :- 00424: 245 , 26.30 , -1.30 || 1708067047, 17.602416494942 , 78.126595061069, 0.01 , 0.01 ,26.94 , 10.10 , 1.49 , -0.02 , 358.98
2024-02-16 12:34:07,274 :- 00425: 248 , 26.30 , -1.30 || 1708067047, 17.602416494942 , 78.126595061069, 0.01 , 0.01 ,26.94 , 10.24 , 1.51 , -0.00 , 359.05
2024-02-16 12:34:07,304 :- 00426: 251 , 26.30 , -1.30 || 1708067047, 17.602423277150 , 78.126594895024, 0.01 , 0.01 ,27.05 , 10.35 , 1.56 , 0.06 , 359.19
2024-02-16 12:34:07,334 :- 00427: 254 , 26.40 , -1.20 || 1708067047, 17.602423277150 , 78.126594895024, 0.01 , 0.01 ,27.05 , 10.03 , 1.59 , 0.10 , 359.26
2024-02-16 12:34:07,364 :- 00428: 001 , 26.40 , -1.20 || 1708067047, 17.602423277150 , 78.126594895024, 0.01 , 0.01 ,27.05 , 9.76 , 1.63 , 0.17 , 359.38
2024-02-16 12:34:07,394 :- 00429: 004 , 26.40 , -1.20 || 1708067047, 17.602423277150 , 78.126594895024, 0.01 , 0.01 ,27.25 , 9.75 , 1.66 , 0.19 , 359.45
2024-02-16 12:34:07,424 :- 00430: 007 , 26.50 , -1.10 || 1708067047, 17.602430111077 , 78.126594841422, 0.01 , 0.01 ,27.25 , 9.47 , 1.69 , 0.27 , 359.57
2024-02-16 12:34:07,455 :- 00431: 010 , 26.50 , -1.10 || 1708067047, 17.602430111077 , 78.126594841422, 0.01 , 0.01 ,27.25 , 9.21 , 1.70 , 0.29 , 359.62
2024-02-16 12:34:07,484 :- 00432: 013 , 26.60 , -1.00 || 1708067047, 17.602430111077 , 78.126594841422, 0.01 , 0.01 ,27.25 , 8.77 , 1.73 , 0.31 , 359.74
2024-02-16 12:34:07,514 :- 00433: 016 , 26.60 , -1.00 || 1708067047, 17.602436945234 , 78.126594813652, 0.01 , 0.01 ,27.19 , 9.78 , 1.74 , 0.33 , 359.79
2024-02-16 12:34:07,544 :- 00434: 019 , 26.60 , -1.00 || 1708067047, 17.602436945234 , 78.126594813652, 0.01 , 0.01 ,27.19 , 9.30 , 1.73 , 0.29 , 359.90
2024-02-16 12:34:07,573 :- 00435: 019 , 26.60 , -1.00 || 1708067047, 17.602436945234 , 78.126594813652, 0.01 , 0.01 ,27.19 , 9.30 , 1.73 , 0.29 , 359.901708067047, 17.602436945234 , 78.126594813652, 0.01 , 0.01 ,27.19 , 9.57 , 1.73 , 0.29 , 359.95
2024-02-16 12:34:07,604 :- 00436: 025 , 26.70 , -1.00 || 1708067047, 17.602443783276 , 78.126594779675, 0.01 , 0.01 ,27.28 , 9.56 , 1.72 , 0.28 , 0.05
2024-02-16 12:34:07,634 :- 00437: 028 , 26.70 , -1.00 || 1708067047, 17.602443783276 , 78.126594779675, 0.01 , 0.01 ,27.28 , 9.59 , 1.70 , 0.25 , 0.10
2024-02-16 12:34:07,664 :- 00438: 031 , 26.70 , -1.00 || 1708067047, 17.602443783276 , 78.126594779675, 0.01 , 0.01 ,27.28 , 10.00 , 1.69 , 0.24 , 0.19
2024-02-16 12:34:07,694 :- 00439: 034 , 26.70 , -1.00 || 1708067047, 17.602443783276 , 78.126594779675, 0.01 , 0.01 ,27.31 , 10.42 , 1.69 , 0.22 , 0.24
2024-02-16 12:34:07,724 :- 00440: 037 , 26.70 , -1.00 || 1708067047, 17.602450633150 , 78.126594776568, 0.01 , 0.01 ,27.31 , 9.93 , 1.67 , 0.23 , 0.33
2024-02-16 12:34:07,754 :- 00441: 040 , 26.80 , -1.00 || 1708067047, 17.602450633150 , 78.126594776568, 0.01 , 0.01 ,27.31 , 10.06 , 1.66 , 0.23 , 0.38
2024-02-16 12:34:07,784 :- 00442: 043 , 26.80 , -1.00 || 1708067047, 17.602450633150 , 78.126594776568, 0.01 , 0.01 ,27.31 , 10.23 , 1.67 , 0.26 , 0.47
2024-02-16 12:34:07,814 :- 00443: 046 , 26.80 , -1.00 || 1708067047, 17.602457536542 , 78.126594798079, 0.01 , 0.01 ,27.55 , 9.94 , 1.66 , 0.27 , 0.52
2024-02-16 12:34:07,844 :- 00444: 049 , 26.90 , -1.00 || 1708067047, 17.602457536542 , 78.126594798079, 0.01 , 0.01 ,27.55 , 9.89 , 1.61 , 0.30 , 0.62
2024-02-16 12:34:07,874 :- 00445: 052 , 26.90 , -1.00 || 1708067047, 17.602457536542 , 78.126594798079, 0.01 , 0.01 ,27.55 , 9.94 , 1.59 , 0.32 , 0.67
2024-02-16 12:34:07,904 :- 00446: 055 , 26.90 , -1.10 || 1708067047, 17.602464460684 , 78.126594823023, 0.01 , 0.01 ,27.63 , 9.99 , 1.54 , 0.35 , 0.77
2024-02-16 12:34:07,934 :- 00447: 058 , 26.90 , -1.10 || 1708067047, 17.602464460684 , 78.126594823023, 0.01 , 0.01 ,27.63 , 9.55 , 1.52 , 0.36 , 0.82
