2024-02-24 11:25:25,274 :- 00001: Feedback Code Starting
2024-02-24 11:25:25,298 :- 00002: 070 , 30.00 , -0.20 || 1708754125, 17.601710839857 , 78.126609100793, 0.01 , 0.01 ,28.01 , 9.82 , 1.21 , 0.11 , 358.82
2024-02-24 11:25:25,328 :- 00003: 073 , 30.00 , -0.20 || 1708754125, 17.601710839857 , 78.126609100793, 0.01 , 0.01 ,28.17 , 10.13 , 1.19 , 0.13 , 358.82
2024-02-24 11:25:25,358 :- 00004: 076 , 30.00 , -0.20 || 1708754125, 17.601717896237 , 78.126608986915, 0.01 , 0.01 ,28.17 , 9.52 , 1.19 , 0.16 , 358.83
2024-02-24 11:25:25,388 :- 00005: 079 , 30.00 , -0.20 || 1708754125, 17.601717896237 , 78.126608986915, 0.01 , 0.01 ,28.17 , 9.92 , 1.19 , 0.17 , 358.83
2024-02-24 11:25:25,418 :- 00006: 082 , 30.00 , -0.20 || 1708754125, 17.601717896237 , 78.126608986915, 0.01 , 0.01 ,28.17 , 9.74 , 1.16 , 0.20 , 358.83
2024-02-24 11:25:25,448 :- 00007: 085 , 30.00 , -0.20 || 1708754125, 17.601725007139 , 78.126608871586, 0.01 , 0.01 ,28.37 , 9.55 , 1.13 , 0.22 , 358.84
2024-02-24 11:25:25,478 :- 00008: 088 , 30.00 , -0.20 || 1708754125, 17.601725007139 , 78.126608871586, 0.01 , 0.01 ,28.37 , 9.77 , 1.12 , 0.27 , 358.85
2024-02-24 11:25:25,508 :- 00009: 091 , 30.00 , -0.20 || 1708754125, 17.601725007139 , 78.126608871586, 0.01 , 0.01 ,28.37 , 9.87 , 1.13 , 0.28 , 358.85
2024-02-24 11:25:25,538 :- 00010: 094 , 30.00 , -0.20 || 1708754125, 17.601732151640 , 78.126608755740, 0.01 , 0.01 ,28.51 , 9.23 , 1.11 , 0.30 , 358.87
2024-02-24 11:25:25,568 :- 00011: 097 , 30.00 , -0.20 || 1708754125, 17.601732151640 , 78.126608755740, 0.01 , 0.01 ,28.51 , 9.54 , 1.13 , 0.28 , 358.88
2024-02-24 11:25:25,598 :- 00012: 100 , 30.00 , -0.70 || 1708754125, 17.601732151640 , 78.126608755740, 0.01 , 0.01 ,28.51 , 9.43 , 1.10 , 0.29 , 358.89
2024-02-24 11:25:25,628 :- 00013: 103 , 30.00 , -0.70 || 1708754125, 17.601732151640 , 78.126608755740, 0.00 , 0.01 ,28.57 , 10.03 , 1.09 , 0.28 , 358.89
2024-02-24 11:25:25,658 :- 00014: 106 , 30.00 , -0.70 || 1708754125, 17.601739367171 , 78.126608709727, 0.00 , 0.01 ,28.57 , 9.69 , 1.03 , 0.25 , 358.90
2024-02-24 11:25:25,687 :- 00015: 106 , 30.00 , -0.70 || 1708754125, 17.601739367171 , 78.126608709727, 0.00 , 0.01 ,28.57 , 9.69 , 1.03 , 0.25 , 358.901708754125, 17.601739367171 , 78.126608709727, 0.00 , 0.01 ,28.57 , 9.76 , 0.99 , 0.26 , 358.91
2024-02-24 11:25:25,708 :- 00016: 111 , 30.00 , -0.70 || 1708754125, 17.601739367171 , 78.126608709727, 0.00 , 0.01 ,28.57 , 9.52 , 0.97 , 0.25 , 358.92
2024-02-24 11:25:25,738 :- 00017: 114 , 30.00 , -0.70 || 1708754125, 17.601746553279 , 78.126608582741, 0.00 , 0.01 ,28.71 , 9.94 , 0.93 , 0.21 , 358.94
2024-02-24 11:25:25,768 :- 00018: 117 , 30.00 , -0.70 || 1708754125, 17.601746553279 , 78.126608582741, 0.00 , 0.01 ,28.71 , 9.66 , 0.90 , 0.21 , 358.96
2024-02-24 11:25:25,798 :- 00019: 120 , 30.00 , -0.20 || 1708754125, 17.601746553279 , 78.126608582741, 0.00 , 0.01 ,28.71 , 10.05 , 0.89 , 0.18 , 359.01
2024-02-24 11:25:25,828 :- 00020: 123 , 30.00 , -0.20 || 1708754125, 17.601746553279 , 78.126608582741, 0.00 , 0.01 ,28.78 , 9.94 , 0.85 , 0.16 , 359.04
2024-02-24 11:25:25,858 :- 00021: 126 , 30.00 , -0.20 || 1708754125, 17.601753773381 , 78.126608459696, 0.00 , 0.01 ,28.78 , 10.06 , 0.79 , 0.14 , 359.12
2024-02-24 11:25:25,888 :- 00022: 129 , 30.00 , -0.20 || 1708754125, 17.601753773381 , 78.126608459696, 0.00 , 0.01 ,28.78 , 9.71 , 0.79 , 0.12 , 359.16
2024-02-24 11:25:25,918 :- 00023: 132 , 30.00 , -0.20 || 1708754125, 17.601753773381 , 78.126608459696, 0.00 , 0.01 ,28.78 , 10.28 , 0.81 , 0.13 , 359.25
2024-02-24 11:25:25,948 :- 00024: 135 , 30.00 , -0.20 || 1708754125, 17.601761040835 , 78.126608375294, 0.00 , 0.01 ,29.01 , 9.94 , 0.82 , 0.12 , 359.28
2024-02-24 11:25:25,978 :- 00025: 138 , 30.00 , -0.20 || 1708754125, 17.601761040835 , 78.126608375294, 0.00 , 0.01 ,29.01 , 10.14 , 0.90 , 0.12 , 359.34
2024-02-24 11:25:26,008 :- 00026: 141 , 30.00 , -0.20 || 1708754125, 17.601761040835 , 78.126608375294, 0.00 , 0.01 ,29.01 , 9.88 , 0.94 , 0.13 , 359.35
2024-02-24 11:25:26,038 :- 00027: 144 , 30.00 , -0.20 || 1708754126, 17.601761040835 , 78.126608375294, 0.00 , 0.01 ,29.01 , 9.79 , 1.06 , 0.15 , 359.35
2024-02-24 11:25:26,068 :- 00028: 147 , 30.00 , -0.20 || 1708754126, 17.601768359597 , 78.126608356404, 0.00 , 0.01 ,29.19 , 9.96 , 1.10 , 0.15 , 359.34
2024-02-24 11:25:26,098 :- 00029: 150 , 30.00 , -0.20 || 1708754126, 17.601768359597 , 78.126608356404, 0.00 , 0.01 ,29.19 , 9.83 , 1.17 , 0.20 , 359.30
2024-02-24 11:25:26,128 :- 00030: 153 , 30.00 , -0.20 || 1708754126, 17.601768359597 , 78.126608356404, 0.00 , 0.01 ,29.35 , 9.81 , 1.20 , 0.22 , 359.28
2024-02-24 11:25:26,158 :- 00031: 156 , 30.00 , -0.20 || 1708754126, 17.601775732619 , 78.126608394861, 0.00 , 0.01 ,29.35 , 10.11 , 1.30 , 0.19 , 359.27
2024-02-24 11:25:26,188 :- 00032: 159 , 30.00 , -0.00 || 1708754126, 17.601775732619 , 78.126608394861, 0.00 , 0.01 ,29.35 , 9.49 , 1.34 , 0.23 , 359.27
2024-02-24 11:25:26,218 :- 00033: 162 , 30.00 , -0.00 || 1708754126, 17.601775732619 , 78.126608394861, 0.00 , 0.01 ,29.35 , 9.23 , 1.38 , 0.23 , 359.27
2024-02-24 11:25:26,248 :- 00034: 165 , 30.00 , -0.00 || 1708754126, 17.601783140590 , 78.126608393550, 0.01 , 0.01 ,29.53 , 9.73 , 1.42 , 0.23 , 359.27
2024-02-24 11:25:26,278 :- 00035: 168 , 30.00 , -0.00 || 1708754126, 17.601783140590 , 78.126608393550, 0.01 , 0.01 ,29.53 , 9.84 , 1.49 , 0.23 , 359.28
2024-02-24 11:25:26,308 :- 00036: 171 , 30.00 , 00.00 || 1708754126, 17.601783140590 , 78.126608393550, 0.01 , 0.01 ,29.53 , 9.42 , 1.53 , 0.20 , 359.29
2024-02-24 11:25:26,338 :- 00037: 174 , 30.00 , 00.00 || 1708754126, 17.601790567758 , 78.126608391404, 0.01 , 0.01 ,29.63 , 9.69 , 1.54 , 0.18 , 359.30
2024-02-24 11:25:26,368 :- 00038: 177 , 30.00 , 00.00 || 1708754126, 17.601790567758 , 78.126608391404, 0.01 , 0.01 ,29.63 , 9.63 , 1.53 , 0.20 , 359.30
2024-02-24 11:25:26,398 :- 00039: 180 , 30.00 , 00.10 || 1708754126, 17.601790567758 , 78.126608391404, 0.01 , 0.01 ,29.63 , 9.95 , 1.51 , 0.10 , 359.31
2024-02-24 11:25:26,428 :- 00040: 183 , 30.00 , 00.10 || 1708754126, 17.601790567758 , 78.126608391404, 0.01 , 0.01 ,29.73 , 10.28 , 1.57 , 0.12 , 359.31
2024-02-24 11:25:26,458 :- 00041: 186 , 30.00 , 00.10 || 1708754126, 17.601798027747 , 78.126608339141, 0.01 , 0.01 ,29.73 , 9.77 , 1.59 , 0.12 , 359.31
2024-02-24 11:25:26,488 :- 00042: 189 , 30.00 , 00.10 || 1708754126, 17.601798027747 , 78.126608339141, 0.01 , 0.01 ,29.73 , 10.30 , 1.57 , 0.08 , 359.31
2024-02-24 11:25:26,518 :- 00043: 192 , 30.00 , 00.10 || 1708754126, 17.601798027747 , 78.126608339141, 0.01 , 0.01 ,29.73 , 9.61 , 1.54 , 0.12 , 359.30
2024-02-24 11:25:26,548 :- 00044: 195 , 30.00 , 00.10 || 1708754126, 17.601805536063 , 78.126608315898, 0.01 , 0.01 ,29.95 , 10.22 , 1.53 , 0.13 , 359.29
2024-02-24 11:25:26,578 :- 00045: 198 , 30.00 , 00.10 || 1708754126, 17.601805536063 , 78.126608315898, 0.01 , 0.01 ,29.95 , 10.12 , 1.47 , 0.07 , 359.27
2024-02-24 11:25:26,608 :- 00046: 201 , 30.00 , 00.10 || 1708754126, 17.601805536063 , 78.126608315898, 0.01 , 0.01 ,29.95 , 9.92 , 1.47 , 0.11 , 359.25
2024-02-24 11:25:26,638 :- 00047: 204 , 30.00 , 00.10 || 1708754126, 17.601813079022 , 78.126608232697, 0.01 , 0.01 ,30.11 , 9.86 , 1.44 , 0.12 , 359.22
2024-02-24 11:25:26,668 :- 00048: 207 , 30.00 , 00.10 || 1708754126, 17.601813079022 , 78.126608232697, 0.01 , 0.01 ,30.11 , 10.16 , 1.46 , 0.11 , 359.21
2024-02-24 11:25:26,698 :- 00049: 210 , 30.00 , 00.20 || 1708754126, 17.601813079022 , 78.126608232697, 0.01 , 0.01 ,30.11 , 9.09 , 1.44 , 0.19 , 359.18
2024-02-24 11:25:26,728 :- 00050: 213 , 30.00 , 00.20 || 1708754126, 17.601813079022 , 78.126608232697, 0.01 , 0.01 ,30.26 , 9.04 , 1.45 , 0.18 , 359.16
2024-02-24 11:25:26,758 :- 00051: 216 , 30.00 , 00.20 || 1708754126, 17.601820659485 , 78.126608180315, 0.01 , 0.01 ,30.26 , 10.83 , 1.48 , 0.22 , 359.13
2024-02-24 11:25:26,788 :- 00052: 219 , 30.00 , 00.20 || 1708754126, 17.601820659485 , 78.126608180315, 0.01 , 0.01 ,30.26 , 9.76 , 1.44 , 0.27 , 359.11
2024-02-24 11:25:26,818 :- 00053: 222 , 30.00 , 00.20 || 1708754126, 17.601820659485 , 78.126608180315, 0.01 , 0.01 ,30.26 , 10.10 , 1.44 , 0.31 , 359.09
2024-02-24 11:25:26,848 :- 00054: 225 , 30.00 , 00.20 || 1708754126, 17.601828289927 , 78.126608107226, 0.01 , 0.01 ,30.54 , 10.19 , 1.43 , 0.38 , 359.08
2024-02-24 11:25:26,878 :- 00055: 228 , 30.00 , 00.20 || 1708754126, 17.601828289927 , 78.126608107226, 0.01 , 0.01 ,30.54 , 8.62 , 1.50 , 0.47 , 359.08
2024-02-24 11:25:26,908 :- 00056: 231 , 30.00 , 00.20 || 1708754126, 17.601828289927 , 78.126608107226, 0.01 , 0.01 ,30.54 , 9.89 , 1.54 , 0.49 , 359.07
2024-02-24 11:25:26,938 :- 00057: 234 , 30.00 , 00.20 || 1708754126, 17.601835983928 , 78.126608072365, 0.01 , 0.01 ,30.69 , 9.13 , 1.68 , 0.52 , 359.06
2024-02-24 11:25:26,967 :- 00058: 234 , 30.00 , 00.20 || 1708754126, 17.601835983928 , 78.126608072365, 0.01 , 0.01 ,30.69 , 9.13 , 1.68 , 0.52 , 359.061708754126, 17.601835983928 , 78.126608072365, 0.01 , 0.01 ,30.69 , 9.94 , 1.72 , 0.51 , 359.04
2024-02-24 11:25:26,988 :- 00059: 239 , 30.00 , 00.20 || 1708754126, 17.601835983928 , 78.126608072365, 0.01 , 0.01 ,30.69 , 8.92 , 1.73 , 0.52 , 359.03
2024-02-24 11:25:27,018 :- 00060: 242 , 30.00 , 00.20 || 1708754127, 17.601835983928 , 78.126608072365, 0.01 , 0.01 ,30.69 , 9.49 , 1.79 , 0.48 , 359.00
2024-02-24 11:25:27,048 :- 00061: 245 , 30.00 , 00.20 || 1708754127, 17.601835983928 , 78.126608072365, 0.01 , 0.01 ,30.55 , 9.47 , 1.78 , 0.48 , 358.98
2024-02-24 11:25:27,078 :- 00062: 248 , 30.00 , 00.20 || 1708754127, 17.601843657700 , 78.126608063197, 0.01 , 0.01 ,30.55 , 8.51 , 1.74 , 0.44 , 358.95
2024-02-24 11:25:27,108 :- 00063: 251 , 30.00 , 00.90 || 1708754127, 17.601843657700 , 78.126608063197, 0.01 , 0.01 ,30.55 , 10.66 , 1.75 , 0.44 , 358.94
2024-02-24 11:25:27,138 :- 00064: 254 , 30.00 , 00.90 || 1708754127, 17.601851344568 , 78.126607956763, 0.01 , 0.01 ,30.71 , 9.04 , 1.76 , 0.40 , 358.91
2024-02-24 11:25:27,168 :- 00065: 001 , 30.00 , 00.90 || 1708754127, 17.601851344568 , 78.126607956763, 0.01 , 0.01 ,30.71 , 9.99 , 1.77 , 0.36 , 358.89
2024-02-24 11:25:27,198 :- 00066: 004 , 30.00 , 00.50 || 1708754127, 17.601851344568 , 78.126607956763, 0.01 , 0.01 ,30.71 , 11.24 , 1.87 , 0.41 , 358.85
2024-02-24 11:25:27,228 :- 00067: 007 , 30.00 , 00.20 || 1708754127, 17.601851344568 , 78.126607956763, 0.01 , 0.01 ,30.78 , 10.50 , 1.89 , 0.39 , 358.82
2024-02-24 11:25:27,258 :- 00068: 010 , 30.00 , 00.20 || 1708754127, 17.601859080563 , 78.126607876126, 0.01 , 0.01 ,30.78 , 10.71 , 1.96 , 0.41 , 358.77
2024-02-24 11:25:27,288 :- 00069: 013 , 30.00 , 00.20 || 1708754127, 17.601859080563 , 78.126607876126, 0.01 , 0.01 ,30.78 , 9.75 , 2.02 , 0.47 , 358.74
2024-02-24 11:25:27,318 :- 00070: 016 , 30.00 , 00.70 || 1708754127, 17.601859080563 , 78.126607876126, 0.01 , 0.01 ,30.78 , 10.25 , 2.17 , 0.53 , 358.66
2024-02-24 11:25:27,348 :- 00071: 019 , 30.00 , 00.70 || 1708754127, 17.601866907637 , 78.126607843642, 0.01 , 0.01 ,31.26 , 9.27 , 2.19 , 0.55 , 358.62
2024-02-24 11:25:27,378 :- 00072: 022 , 30.00 , 00.70 || 1708754127, 17.601866907637 , 78.126607843642, 0.01 , 0.01 ,31.26 , 8.69 , 2.26 , 0.65 , 358.52
2024-02-24 11:25:27,408 :- 00073: 025 , 30.00 , 01.00 || 1708754127, 17.601866907637 , 78.126607843642, 0.01 , 0.01 ,31.26 , 9.74 , 2.25 , 0.67 , 358.47
2024-02-24 11:25:27,438 :- 00074: 028 , 30.00 , 01.00 || 1708754127, 17.601874762011 , 78.126607732399, 0.01 , 0.01 ,31.25 , 9.74 , 2.20 , 0.68 , 358.37
2024-02-24 11:25:27,468 :- 00075: 031 , 30.00 , 01.00 || 1708754127, 17.601874762011 , 78.126607732399, 0.01 , 0.01 ,31.25 , 9.42 , 2.16 , 0.68 , 358.33
2024-02-24 11:25:27,498 :- 00076: 034 , 30.00 , 00.70 || 1708754127, 17.601874762011 , 78.126607732399, 0.01 , 0.01 ,31.25 , 9.54 , 2.07 , 0.72 , 358.27
2024-02-24 11:25:27,528 :- 00077: 037 , 30.00 , 00.20 || 1708754127, 17.601874762011 , 78.126607732399, 0.01 , 0.01 ,31.40 , 9.25 , 2.06 , 0.71 , 358.24
2024-02-24 11:25:27,558 :- 00078: 040 , 30.00 , 00.20 || 1708754127, 17.601882626023 , 78.126607491041, 0.01 , 0.01 ,31.40 , 9.09 , 2.06 , 0.69 , 358.19
2024-02-24 11:25:27,588 :- 00079: 043 , 30.00 , 00.20 || 1708754127, 17.601882626023 , 78.126607491041, 0.01 , 0.01 ,31.40 , 10.13 , 2.08 , 0.66 , 358.15
2024-02-24 11:25:27,618 :- 00080: 046 , 30.00 , 00.20 || 1708754127, 17.601882626023 , 78.126607491041, 0.01 , 0.01 ,31.40 , 9.33 , 2.12 , 0.60 , 358.04
2024-02-24 11:25:27,648 :- 00081: 049 , 30.00 , 00.20 || 1708754127, 17.601890510385 , 78.126607270286, 0.01 , 0.01 ,31.39 , 9.97 , 2.14 , 0.57 , 357.98
2024-02-24 11:25:27,678 :- 00082: 052 , 30.00 , 00.20 || 1708754127, 17.601890510385 , 78.126607270286, 0.01 , 0.01 ,31.39 , 9.38 , 2.15 , 0.50 , 357.85
2024-02-24 11:25:27,708 :- 00083: 055 , 30.00 , 00.30 || 1708754127, 17.601890510385 , 78.126607270286, 0.01 , 0.01 ,31.39 , 10.39 , 2.16 , 0.46 , 357.79
2024-02-24 11:25:27,738 :- 00084: 058 , 30.00 , 00.30 || 1708754127, 17.601898412172 , 78.126607056971, 0.01 , 0.01 ,31.55 , 9.84 , 2.06 , 0.38 , 357.69
2024-02-24 11:25:27,768 :- 00085: 061 , 30.00 , 00.30 || 1708754127, 17.601898412172 , 78.126607056971, 0.01 , 0.01 ,31.55 , 10.12 , 1.99 , 0.34 , 357.67
2024-02-24 11:25:27,798 :- 00086: 064 , 30.00 , 00.30 || 1708754127, 17.601898412172 , 78.126607056971, 0.01 , 0.01 ,31.55 , 9.97 , 1.86 , 0.30 , 357.64
2024-02-24 11:25:27,828 :- 00087: 067 , 30.00 , -0.00 || 1708754127, 17.601898412172 , 78.126607056971, 0.01 , 0.01 ,31.69 , 10.83 , 1.78 , 0.28 , 357.65
2024-02-24 11:25:27,858 :- 00088: 070 , 30.00 , -0.00 || 1708754127, 17.601906342540 , 78.126606703289, 0.01 , 0.01 ,31.69 , 10.37 , 1.69 , 0.26 , 357.66
2024-02-24 11:25:27,888 :- 00089: 073 , 30.00 , -0.00 || 1708754127, 17.601906342540 , 78.126606703289, 0.01 , 0.01 ,31.69 , 10.33 , 1.69 , 0.27 , 357.67
2024-02-24 11:25:27,918 :- 00090: 076 , 30.00 , -0.00 || 1708754127, 17.601906342540 , 78.126606703289, 0.01 , 0.01 ,31.69 , 9.88 , 1.68 , 0.25 , 357.67
2024-02-24 11:25:27,948 :- 00091: 079 , 30.00 , -0.00 || 1708754127, 17.601914347365 , 78.126606334233, 0.01 , 0.01 ,32.03 , 10.30 , 1.70 , 0.26 , 357.65
2024-02-24 11:25:27,978 :- 00092: 082 , 30.00 , -0.00 || 1708754127, 17.601914347365 , 78.126606334233, 0.01 , 0.01 ,32.03 , 9.93 , 1.71 , 0.31 , 357.61
2024-02-24 11:25:28,008 :- 00093: 085 , 30.00 , -0.10 || 1708754127, 17.601914347365 , 78.126606334233, 0.01 , 0.01 ,32.03 , 10.45 , 1.69 , 0.32 , 357.58
2024-02-24 11:25:28,038 :- 00094: 088 , 30.00 , -0.10 || 1708754128, 17.601914347365 , 78.126606334233, 0.01 , 0.01 ,32.03 , 8.99 , 1.60 , 0.36 , 357.55
2024-02-24 11:25:28,068 :- 00095: 091 , 30.00 , -0.10 || 1708754128, 17.601922401081 , 78.126606070095, 0.01 , 0.01 ,32.18 , 9.74 , 1.56 , 0.39 , 357.54
2024-02-24 11:25:28,098 :- 00096: 094 , 30.00 , -0.10 || 1708754128, 17.601922401081 , 78.126606070095, 0.01 , 0.01 ,32.18 , 8.95 , 1.50 , 0.40 , 357.55
2024-02-24 11:25:28,128 :- 00097: 097 , 30.00 , -0.20 || 1708754128, 17.601922401081 , 78.126606070095, 0.01 , 0.01 ,32.22 , 9.95 , 1.49 , 0.39 , 357.56
2024-02-24 11:25:28,158 :- 00098: 100 , 30.00 , -0.20 || 1708754128, 17.601930490051 , 78.126605731999, 0.01 , 0.01 ,32.22 , 9.20 , 1.47 , 0.39 , 357.59
2024-02-24 11:25:28,188 :- 00099: 103 , 30.00 , -0.20 || 1708754128, 17.601930490051 , 78.126605731999, 0.01 , 0.01 ,32.22 , 10.33 , 1.51 , 0.36 , 357.60
2024-02-24 11:25:28,218 :- 00100: 106 , 30.00 , -0.70 || 1708754128, 17.601930490051 , 78.126605731999, 0.01 , 0.01 ,32.22 , 8.98 , 1.50 , 0.36 , 357.62
2024-02-24 11:25:28,247 :- 00101: 106 , 30.00 , -0.70 || 1708754128, 17.601930490051 , 78.126605731999, 0.01 , 0.01 ,32.22 , 8.98 , 1.50 , 0.36 , 357.621708754128, 17.601938586835 , 78.126605410638, 0.01 , 0.01 ,32.35 , 9.64 , 1.51 , 0.33 , 357.63
2024-02-24 11:25:28,268 :- 00102: 111 , 30.00 , -0.70 || 1708754128, 17.601938586835 , 78.126605410638, 0.01 , 0.01 ,32.35 , 9.25 , 1.50 , 0.33 , 357.63
2024-02-24 11:25:28,298 :- 00103: 114 , 30.00 , -0.70 || 1708754128, 17.601938586835 , 78.126605410638, 0.01 , 0.01 ,32.35 , 9.91 , 1.51 , 0.28 , 357.63
2024-02-24 11:25:28,328 :- 00104: 117 , 30.00 , -1.00 || 1708754128, 17.601938586835 , 78.126605410638, 0.01 , 0.01 ,32.42 , 9.63 , 1.49 , 0.23 , 357.64
2024-02-24 11:25:28,358 :- 00105: 120 , 30.00 , -1.00 || 1708754128, 17.601946705223 , 78.126605134314, 0.01 , 0.01 ,32.42 , 10.57 , 1.51 , 0.20 , 357.65
2024-02-24 11:25:28,398 :- 00106: 124 , 30.00 , -1.00 || 1708754128, 17.601946705223 , 78.126605134314, 0.01 , 0.01 ,32.42 , 10.35 , 1.44 , 0.16 , 357.68
2024-02-24 11:25:28,428 :- 00107: 127 , 31.80 , -1.10 || 1708754128, 17.601946705223 , 78.126605134314, 0.01 , 0.01 ,32.63 , 10.34 , 1.39 , 0.15 , 357.70
2024-02-24 11:25:28,458 :- 00108: 130 , 31.90 , -1.20 || 1708754128, 17.601954870523 , 78.126604818121, 0.01 , 0.01 ,32.63 , 10.20 , 1.24 , 0.19 , 357.77
2024-02-24 11:25:28,488 :- 00109: 133 , 31.90 , -1.20 || 1708754128, 17.601954870523 , 78.126604818121, 0.01 , 0.01 ,32.63 , 10.26 , 1.18 , 0.21 , 357.82
2024-02-24 11:25:28,518 :- 00110: 136 , 32.00 , -1.10 || 1708754128, 17.601954870523 , 78.126604818121, 0.01 , 0.01 ,32.63 , 10.43 , 1.05 , 0.26 , 357.94
2024-02-24 11:25:28,548 :- 00111: 139 , 32.00 , -0.90 || 1708754128, 17.601963094782 , 78.126604455601, 0.01 , 0.01 ,32.84 , 10.02 , 1.03 , 0.30 , 358.01
2024-02-24 11:25:28,578 :- 00112: 142 , 32.00 , -0.70 || 1708754128, 17.601963094782 , 78.126604455601, 0.01 , 0.01 ,32.84 , 10.35 , 0.97 , 0.35 , 358.16
2024-02-24 11:25:28,608 :- 00113: 145 , 32.00 , -0.60 || 1708754128, 17.601963094782 , 78.126604455601, 0.01 , 0.01 ,32.84 , 9.15 , 0.93 , 0.39 , 358.22
2024-02-24 11:25:28,638 :- 00114: 148 , 32.00 , -0.50 || 1708754128, 17.601971332132 , 78.126604142413, 0.01 , 0.01 ,32.86 , 9.72 , 0.91 , 0.41 , 358.33
2024-02-24 11:25:28,668 :- 00115: 151 , 32.00 , -0.50 || 1708754128, 17.601971332132 , 78.126604142413, 0.01 , 0.01 ,32.86 , 9.60 , 0.91 , 0.43 , 358.37
2024-02-24 11:25:28,698 :- 00116: 154 , 32.00 , -0.50 || 1708754128, 17.601971332132 , 78.126604142413, 0.01 , 0.01 ,32.86 , 9.27 , 0.90 , 0.47 , 358.43
2024-02-24 11:25:28,728 :- 00117: 157 , 32.00 , -0.50 || 1708754128, 17.601971332132 , 78.126604142413, 0.01 , 0.01 ,32.57 , 9.55 , 0.93 , 0.44 , 358.45
2024-02-24 11:25:28,758 :- 00118: 160 , 32.00 , -0.50 || 1708754128, 17.601979526403 , 78.126603961741, 0.01 , 0.01 ,32.57 , 9.23 , 1.02 , 0.45 , 358.49
2024-02-24 11:25:28,788 :- 00119: 163 , 31.90 , -0.50 || 1708754128, 17.601979526403 , 78.126603961741, 0.01 , 0.01 ,32.57 , 9.70 , 1.03 , 0.43 , 358.51
2024-02-24 11:25:28,818 :- 00120: 166 , 31.80 , -0.50 || 1708754128, 17.601979526403 , 78.126603961741, 0.01 , 0.01 ,32.57 , 10.21 , 1.04 , 0.39 , 358.54
2024-02-24 11:25:28,848 :- 00121: 169 , 31.80 , -0.50 || 1708754128, 17.601987694837 , 78.126603849285, 0.01 , 0.01 ,32.48 , 9.86 , 1.03 , 0.39 , 358.55
2024-02-24 11:25:28,878 :- 00122: 172 , 31.70 , -0.50 || 1708754128, 17.601987694837 , 78.126603849285, 0.01 , 0.01 ,32.48 , 10.57 , 1.05 , 0.41 , 358.60
2024-02-24 11:25:28,908 :- 00123: 175 , 31.70 , -0.50 || 1708754128, 17.601987694837 , 78.126603849285, 0.01 , 0.01 ,32.48 , 9.68 , 1.09 , 0.43 , 358.62
2024-02-24 11:25:28,938 :- 00124: 178 , 31.60 , -0.50 || 1708754128, 17.601995816803 , 78.126603709056, 0.01 , 0.01 ,32.33 , 9.91 , 1.12 , 0.48 , 358.67
2024-02-24 11:25:28,968 :- 00125: 181 , 31.50 , -0.50 || 1708754128, 17.601995816803 , 78.126603709056, 0.01 , 0.01 ,32.33 , 10.37 , 1.14 , 0.49 , 358.69
2024-02-24 11:25:28,998 :- 00126: 184 , 31.40 , -0.50 || 1708754128, 17.601995816803 , 78.126603709056, 0.01 , 0.01 ,32.33 , 10.24 , 1.18 , 0.64 , 358.73
2024-02-24 11:25:29,028 :- 00127: 187 , 31.30 , -0.50 || 1708754129, 17.601995816803 , 78.126603709056, 0.01 , 0.01 ,32.33 , 10.24 , 1.17 , 0.67 , 358.75
2024-02-24 11:25:29,058 :- 00128: 190 , 31.20 , -0.40 || 1708754129, 17.602003866494 , 78.126603575642, 0.01 , 0.01 ,32.02 , 9.46 , 1.13 , 0.82 , 358.79
2024-02-24 11:25:29,088 :- 00129: 193 , 31.00 , -0.40 || 1708754129, 17.602003866494 , 78.126603575642, 0.01 , 0.01 ,32.02 , 10.64 , 1.13 , 0.91 , 358.81
2024-02-24 11:25:29,118 :- 00130: 196 , 30.80 , -0.40 || 1708754129, 17.602003866494 , 78.126603575642, 0.01 , 0.01 ,32.02 , 9.00 , 1.05 , 1.03 , 358.84
2024-02-24 11:25:29,148 :- 00131: 199 , 30.60 , -0.30 || 1708754129, 17.602011814746 , 78.126603437493, 0.01 , 0.01 ,31.49 , 9.98 , 1.05 , 1.11 , 358.86
2024-02-24 11:25:29,178 :- 00132: 202 , 30.40 , -0.30 || 1708754129, 17.602011814746 , 78.126603437493, 0.01 , 0.01 ,31.49 , 8.51 , 1.02 , 1.23 , 358.90
2024-02-24 11:25:29,208 :- 00133: 205 , 30.10 , -0.20 || 1708754129, 17.602011814746 , 78.126603437493, 0.01 , 0.01 ,31.49 , 9.66 , 1.02 , 1.27 , 358.91
2024-02-24 11:25:29,238 :- 00134: 208 , 29.90 , -0.10 || 1708754129, 17.602019517992 , 78.126603293339, 0.01 , 0.01 ,30.39 , 8.97 , 0.97 , 1.32 , 358.93
2024-02-24 11:25:29,268 :- 00135: 211 , 29.60 , -0.00 || 1708754129, 17.602019517992 , 78.126603293339, 0.01 , 0.01 ,30.39 , 8.70 , 0.94 , 1.36 , 358.94
2024-02-24 11:25:29,298 :- 00136: 214 , 29.40 , 00.10 || 1708754129, 17.602019517992 , 78.126603293339, 0.01 , 0.01 ,30.39 , 9.37 , 0.93 , 1.32 , 358.94
2024-02-24 11:25:29,328 :- 00137: 217 , 29.10 , 00.20 || 1708754129, 17.602019517992 , 78.126603293339, 0.01 , 0.01 ,29.22 , 9.16 , 0.92 , 1.28 , 358.94
2024-02-24 11:25:29,358 :- 00138: 220 , 28.80 , 00.30 || 1708754129, 17.602026925224 , 78.126603192433, 0.01 , 0.01 ,29.22 , 9.91 , 0.93 , 1.24 , 358.92
2024-02-24 11:25:29,388 :- 00139: 223 , 28.50 , 00.40 || 1708754129, 17.602026925224 , 78.126603192433, 0.01 , 0.01 ,29.22 , 9.49 , 0.92 , 1.17 , 358.91
2024-02-24 11:25:29,418 :- 00140: 226 , 28.20 , 00.50 || 1708754129, 17.602026925224 , 78.126603192433, 0.01 , 0.01 ,29.22 , 9.95 , 0.92 , 1.11 , 358.87
2024-02-24 11:25:29,448 :- 00141: 229 , 27.90 , 00.70 || 1708754129, 17.602034068775 , 78.126603120580, 0.01 , 0.01 ,28.18 , 10.22 , 0.91 , 1.09 , 358.85
2024-02-24 11:25:29,478 :- 00142: 232 , 27.50 , 00.80 || 1708754129, 17.602034068775 , 78.126603120580, 0.01 , 0.01 ,28.18 , 10.23 , 0.90 , 1.08 , 358.78
2024-02-24 11:25:29,507 :- 00143: 235 , 27.10 , 00.90 || 1708754129, 17.602034068775 , 78.126603120580, 0.01 , 0.01 ,28.18 , 10.36 , 0.89 , 1.09 , 358.73
2024-02-24 11:25:29,538 :- 00144: 238 , 26.70 , 01.00 || 1708754129, 17.602040912764 , 78.126603021192, 0.01 , 0.01 ,27.03 , 10.27 , 0.89 , 1.13 , 358.62
2024-02-24 11:25:29,568 :- 00145: 241 , 26.30 , 01.20 || 1708754129, 17.602040912764 , 78.126603021192, 0.01 , 0.01 ,27.03 , 9.85 , 0.87 , 1.17 , 358.56
2024-02-24 11:25:29,598 :- 00146: 244 , 25.90 , 01.30 || 1708754129, 17.602040912764 , 78.126603021192, 0.01 , 0.01 ,27.03 , 10.02 , 0.87 , 1.24 , 358.37
2024-02-24 11:25:29,628 :- 00147: 247 , 25.40 , 01.40 || 1708754129, 17.602040912764 , 78.126603021192, 0.01 , 0.01 ,25.41 , 9.77 , 0.87 , 1.33 , 358.31
2024-02-24 11:25:29,658 :- 00148: 250 , 24.90 , 01.50 || 1708754129, 17.602047407873 , 78.126602903636, 0.01 , 0.01 ,25.41 , 9.67 , 0.84 , 1.33 , 358.18
2024-02-24 11:25:29,688 :- 00149: 253 , 24.40 , 01.60 || 1708754129, 17.602047407873 , 78.126602903636, 0.01 , 0.01 ,25.41 , 9.61 , 0.85 , 1.39 , 358.11
2024-02-24 11:25:29,718 :- 00150: 000 , 23.90 , 01.60 || 1708754129, 17.602047407873 , 78.126602903636, 0.01 , 0.01 ,25.41 , 9.33 , 0.83 , 1.40 , 357.95
2024-02-24 11:25:29,748 :- 00151: 003 , 23.40 , 01.70 || 1708754129, 17.602053452792 , 78.126602706576, 0.01 , 0.01 ,23.67 , 9.66 , 0.82 , 1.44 , 357.87
2024-02-24 11:25:29,778 :- 00152: 006 , 23.00 , 01.70 || 1708754129, 17.602053452792 , 78.126602706576, 0.01 , 0.01 ,23.67 , 9.13 , 0.80 , 1.46 , 357.71
2024-02-24 11:25:29,807 :- 00153: 009 , 22.50 , 01.70 || 1708754129, 17.602053452792 , 78.126602706576, 0.01 , 0.01 ,23.67 , 9.09 , 0.80 , 1.47 , 357.63
2024-02-24 11:25:29,838 :- 00154: 012 , 22.00 , 01.70 || 1708754129, 17.602059074011 , 78.126602566679, 0.01 , 0.01 ,21.95 , 9.26 , 0.81 , 1.46 , 357.46
2024-02-24 11:25:29,868 :- 00155: 015 , 21.60 , 01.80 || 1708754129, 17.602059074011 , 78.126602566679, 0.01 , 0.01 ,21.95 , 9.54 , 0.81 , 1.45 , 357.38
2024-02-24 11:25:29,898 :- 00156: 018 , 21.10 , 01.80 || 1708754129, 17.602059074011 , 78.126602566679, 0.01 , 0.01 ,21.95 , 9.39 , 0.79 , 1.42 , 357.21
2024-02-24 11:25:29,928 :- 00157: 021 , 20.60 , 01.80 || 1708754129, 17.602059074011 , 78.126602566679, 0.01 , 0.01 ,20.25 , 9.67 , 0.78 , 1.40 , 357.13
2024-02-24 11:25:29,958 :- 00158: 024 , 20.10 , 01.90 || 1708754129, 17.602064266984 , 78.126602297412, 0.01 , 0.01 ,20.25 , 9.85 , 0.77 , 1.39 , 356.97
2024-02-24 11:25:29,988 :- 00159: 027 , 19.60 , 02.00 || 1708754129, 17.602064266984 , 78.126602297412, 0.01 , 0.01 ,20.25 , 9.89 , 0.76 , 1.39 , 356.89
2024-02-24 11:25:30,018 :- 00160: 030 , 19.20 , 02.10 || 1708754130, 17.602064266984 , 78.126602297412, 0.01 , 0.01 ,20.25 , 9.83 , 0.74 , 1.40 , 356.74
2024-02-24 11:25:30,048 :- 00161: 033 , 18.70 , 02.10 || 1708754130, 17.602064266984 , 78.126602297412, 0.01 , 0.01 ,18.78 , 10.16 , 0.74 , 1.43 , 356.67
2024-02-24 11:25:30,078 :- 00162: 036 , 18.20 , 02.20 || 1708754130, 17.602069052967 , 78.126602031081, 0.01 , 0.01 ,18.78 , 9.67 , 0.72 , 1.47 , 356.52
2024-02-24 11:25:30,107 :- 00163: 039 , 17.80 , 02.20 || 1708754130, 17.602069052967 , 78.126602031081, 0.01 , 0.01 ,18.78 , 9.66 , 0.72 , 1.49 , 356.44
2024-02-24 11:25:30,138 :- 00164: 042 , 17.30 , 02.30 || 1708754130, 17.602073478693 , 78.126601776431, 0.01 , 0.01 ,17.28 , 9.54 , 0.72 , 1.53 , 356.28
2024-02-24 11:25:30,167 :- 00165: 042 , 17.30 , 02.30 || 1708754130, 17.602073478693 , 78.126601776431, 0.01 , 0.01 ,17.28 , 9.54 , 0.72 , 1.53 , 356.281708754130, 17.602073478693 , 78.126601776431, 0.01 , 0.01 ,17.28 , 9.47 , 0.71 , 1.55 , 356.20
2024-02-24 11:25:30,188 :- 00166: 047 , 16.60 , 02.30 || 1708754130, 17.602073478693 , 78.126601776431, 0.01 , 0.01 ,17.28 , 9.50 , 0.72 , 1.56 , 356.12
2024-02-24 11:25:30,218 :- 00167: 050 , 16.10 , 02.30 || 1708754130, 17.602073478693 , 78.126601776431, 0.01 , 0.01 ,17.28 , 9.32 , 0.75 , 1.54 , 355.95
2024-02-24 11:25:30,248 :- 00168: 053 , 15.70 , 02.30 || 1708754130, 17.602077476856 , 78.126601517712, 0.01 , 0.01 ,15.48 , 9.64 , 0.77 , 1.53 , 355.87
2024-02-24 11:25:30,278 :- 00169: 056 , 15.20 , 02.30 || 1708754130, 17.602077476856 , 78.126601517712, 0.01 , 0.01 ,15.48 , 9.60 , 0.80 , 1.50 , 355.71
2024-02-24 11:25:30,307 :- 00170: 059 , 14.70 , 02.30 || 1708754130, 17.602077476856 , 78.126601517712, 0.01 , 0.01 ,15.48 , 9.31 , 0.83 , 1.47 , 355.63
2024-02-24 11:25:30,338 :- 00171: 062 , 14.30 , 02.20 || 1708754130, 17.602081032580 , 78.126601279831, 0.01 , 0.01 ,13.79 , 9.75 , 0.90 , 1.41 , 355.48
2024-02-24 11:25:30,368 :- 00172: 065 , 13.80 , 02.20 || 1708754130, 17.602081032580 , 78.126601279831, 0.01 , 0.01 ,13.79 , 9.56 , 0.94 , 1.39 , 355.41
2024-02-24 11:25:30,398 :- 00173: 068 , 13.30 , 02.10 || 1708754130, 17.602081032580 , 78.126601279831, 0.01 , 0.01 ,13.79 , 9.79 , 1.01 , 1.31 , 355.30
2024-02-24 11:25:30,428 :- 00174: 071 , 12.80 , 02.10 || 1708754130, 17.602081032580 , 78.126601279831, 0.01 , 0.01 ,12.21 , 9.54 , 1.02 , 1.28 , 355.24
2024-02-24 11:25:30,458 :- 00175: 074 , 12.40 , 02.00 || 1708754130, 17.602084166285 , 78.126601072485, 0.01 , 0.01 ,12.21 , 9.89 , 1.02 , 1.26 , 355.15
2024-02-24 11:25:30,487 :- 00176: 077 , 12.00 , 01.90 || 1708754130, 17.602084166285 , 78.126601072485, 0.01 , 0.01 ,12.21 , 9.88 , 1.01 , 1.24 , 355.11
2024-02-24 11:25:30,518 :- 00177: 080 , 11.50 , 01.70 || 1708754130, 17.602084166285 , 78.126601072485, 0.01 , 0.01 ,12.21 , 9.50 , 0.96 , 1.22 , 355.03
2024-02-24 11:25:30,548 :- 00178: 083 , 11.10 , 01.50 || 1708754130, 17.602086924088 , 78.126600843342, 0.01 , 0.01 ,10.69 , 9.49 , 0.93 , 1.22 , 354.99
2024-02-24 11:25:30,577 :- 00179: 086 , 10.70 , 01.30 || 1708754130, 17.602086924088 , 78.126600843342, 0.01 , 0.01 ,10.69 , 9.49 , 0.85 , 1.19 , 354.92
2024-02-24 11:25:30,607 :- 00180: 089 , 10.30 , 01.10 || 1708754130, 17.602086924088 , 78.126600843342, 0.01 , 0.01 ,10.69 , 9.46 , 0.82 , 1.18 , 354.88
2024-02-24 11:25:30,637 :- 00181: 092 , 10.00 , 00.90 || 1708754130, 17.602089368774 , 78.126600553001, 0.01 , 0.01 ,9.46 , 9.32 , 0.74 , 1.12 , 354.81
2024-02-24 11:25:30,668 :- 00182: 095 , 09.60 , 00.70 || 1708754130, 17.602089368774 , 78.126600553001, 0.01 , 0.01 ,9.46 , 9.49 , 0.70 , 1.10 , 354.78
2024-02-24 11:25:30,698 :- 00183: 098 , 09.30 , 00.40 || 1708754130, 17.602089368774 , 78.126600553001, 0.01 , 0.01 ,9.46 , 9.79 , 0.61 , 1.01 , 354.73
2024-02-24 11:25:30,728 :- 00184: 101 , 09.00 , 00.20 || 1708754130, 17.602089368774 , 78.126600553001, 0.01 , 0.01 ,8.33 , 9.76 , 0.57 , 0.94 , 354.71
2024-02-24 11:25:30,758 :- 00185: 104 , 08.70 , -0.10 || 1708754130, 17.602091516248 , 78.126600298242, 0.01 , 0.01 ,8.33 , 9.91 , 0.51 , 0.87 , 354.68
2024-02-24 11:25:30,787 :- 00186: 107 , 08.40 , -0.50 || 1708754130, 17.602091516248 , 78.126600298242, 0.01 , 0.01 ,8.33 , 10.17 , 0.50 , 0.83 , 354.67
2024-02-24 11:25:30,818 :- 00187: 110 , 08.20 , -0.90 || 1708754130, 17.602091516248 , 78.126600298242, 0.01 , 0.01 ,8.33 , 10.05 , 0.49 , 0.78 , 354.68
2024-02-24 11:25:30,848 :- 00188: 113 , 07.90 , -1.20 || 1708754130, 17.602093451175 , 78.126600092436, 0.01 , 0.01 ,7.55 , 10.12 , 0.49 , 0.76 , 354.69
2024-02-24 11:25:30,878 :- 00189: 116 , 07.70 , -1.40 || 1708754130, 17.602093451175 , 78.126600092436, 0.01 , 0.01 ,7.55 , 10.01 , 0.50 , 0.75 , 354.72
2024-02-24 11:25:30,907 :- 00190: 119 , 07.50 , -1.70 || 1708754130, 17.602093451175 , 78.126600092436, 0.01 , 0.01 ,7.55 , 9.96 , 0.50 , 0.76 , 354.74
2024-02-24 11:25:30,938 :- 00191: 122 , 07.30 , -1.90 || 1708754130, 17.602095250990 , 78.126599952982, 0.01 , 0.01 ,7.10 , 9.93 , 0.53 , 0.78 , 354.78
2024-02-24 11:25:30,968 :- 00192: 125 , 07.10 , -2.10 || 1708754130, 17.602095250990 , 78.126599952982, 0.01 , 0.01 ,7.10 , 9.83 , 0.55 , 0.79 , 354.81
2024-02-24 11:25:30,998 :- 00193: 128 , 06.90 , -2.20 || 1708754130, 17.602095250990 , 78.126599952982, 0.01 , 0.01 ,7.10 , 9.88 , 0.61 , 0.80 , 354.86
2024-02-24 11:25:31,028 :- 00194: 131 , 06.70 , -2.30 || 1708754131, 17.602095250990 , 78.126599952982, 0.01 , 0.01 ,7.10 , 9.68 , 0.65 , 0.80 , 354.89
2024-02-24 11:25:31,058 :- 00195: 134 , 06.50 , -2.40 || 1708754131, 17.602096923716 , 78.126599857134, 0.01 , 0.01 ,6.49 , 9.67 , 0.74 , 0.77 , 354.94
2024-02-24 11:25:31,088 :- 00196: 137 , 06.40 , -2.40 || 1708754131, 17.602096923716 , 78.126599857134, 0.01 , 0.01 ,6.49 , 9.55 , 0.77 , 0.75 , 354.97
2024-02-24 11:25:31,118 :- 00197: 140 , 06.20 , -2.50 || 1708754131, 17.602096923716 , 78.126599857134, 0.01 , 0.01 ,6.49 , 9.57 , 0.83 , 0.72 , 355.03
2024-02-24 11:25:31,148 :- 00198: 143 , 06.10 , -2.60 || 1708754131, 17.602098436481 , 78.126599788158, 0.01 , 0.01 ,5.96 , 9.63 , 0.86 , 0.69 , 355.06
2024-02-24 11:25:31,178 :- 00199: 146 , 06.00 , -2.70 || 1708754131, 17.602098436481 , 78.126599788158, 0.01 , 0.01 ,5.96 , 9.58 , 0.89 , 0.62 , 355.13
2024-02-24 11:25:31,207 :- 00200: 149 , 06.00 , -2.80 || 1708754131, 17.602098436481 , 78.126599788158, 0.01 , 0.01 ,5.96 , 9.68 , 0.91 , 0.60 , 355.16
2024-02-24 11:25:31,238 :- 00201: 152 , 05.90 , -3.00 || 1708754131, 17.602099895209 , 78.126599737163, 0.01 , 0.01 ,5.77 , 9.76 , 0.93 , 0.53 , 355.24
2024-02-24 11:25:31,267 :- 00202: 155 , 05.90 , -3.20 || 1708754131, 17.602099895209 , 78.126599737163, 0.01 , 0.01 ,5.77 , 9.91 , 0.94 , 0.51 , 355.27
2024-02-24 11:25:31,298 :- 00203: 158 , 05.80 , -3.30 || 1708754131, 17.602099895209 , 78.126599737163, 0.01 , 0.01 ,5.77 , 10.01 , 0.95 , 0.46 , 355.34
2024-02-24 11:25:31,328 :- 00204: 161 , 05.80 , -3.50 || 1708754131, 17.602099895209 , 78.126599737163, 0.01 , 0.01 ,5.90 , 10.12 , 0.95 , 0.45 , 355.38
2024-02-24 11:25:31,358 :- 00205: 164 , 05.80 , -3.60 || 1708754131, 17.602101360665 , 78.126599622064, 0.01 , 0.01 ,5.90 , 10.18 , 0.93 , 0.43 , 355.45
2024-02-24 11:25:31,387 :- 00206: 167 , 05.70 , -3.80 || 1708754131, 17.602101360665 , 78.126599622064, 0.01 , 0.01 ,5.90 , 10.18 , 0.91 , 0.43 , 355.49
2024-02-24 11:25:31,417 :- 00207: 170 , 05.70 , -3.90 || 1708754131, 17.602101360665 , 78.126599622064, 0.01 , 0.01 ,5.90 , 10.10 , 0.89 , 0.44 , 355.58
2024-02-24 11:25:31,447 :- 00208: 170 , 05.70 , -3.90 || 1708754131, 17.602101360665 , 78.126599622064, 0.01 , 0.01 ,5.90 , 10.10 , 0.89 , 0.44 , 355.581708754131, 17.602102834840 , 78.126599498634, 0.01 , 0.01 ,5.98 , 10.09 , 0.88 , 0.46 , 355.62
2024-02-24 11:25:31,468 :- 00209: 175 , 05.70 , -4.20 || 1708754131, 17.602102834840 , 78.126599498634, 0.01 , 0.01 ,5.98 , 10.02 , 0.86 , 0.48 , 355.67
2024-02-24 11:25:31,497 :- 00210: 178 , 05.70 , -4.40 || 1708754131, 17.602102834840 , 78.126599498634, 0.01 , 0.01 ,5.98 , 9.97 , 0.85 , 0.53 , 355.77
2024-02-24 11:25:31,527 :- 00211: 181 , 05.70 , -4.50 || 1708754131, 17.602102834840 , 78.126599498634, 0.01 , 0.01 ,5.97 , 9.79 , 0.85 , 0.55 , 355.82
2024-02-24 11:25:31,558 :- 00212: 184 , 05.70 , -4.70 || 1708754131, 17.602104322014 , 78.126599404711, 0.01 , 0.01 ,5.97 , 9.70 , 0.85 , 0.59 , 355.93
2024-02-24 11:25:31,587 :- 00213: 187 , 05.80 , -4.90 || 1708754131, 17.602104322014 , 78.126599404711, 0.01 , 0.01 ,5.97 , 9.57 , 0.85 , 0.61 , 355.99
2024-02-24 11:25:31,617 :- 00214: 190 , 05.80 , -5.20 || 1708754131, 17.602104322014 , 78.126599404711, 0.01 , 0.01 ,5.97 , 9.53 , 0.85 , 0.64 , 356.10
2024-02-24 11:25:31,647 :- 00215: 193 , 05.80 , -5.40 || 1708754131, 17.602105806342 , 78.126599323478, 0.01 , 0.01 ,5.87 , 9.51 , 0.85 , 0.64 , 356.16
2024-02-24 11:25:31,677 :- 00216: 196 , 05.80 , -5.60 || 1708754131, 17.602105806342 , 78.126599323478, 0.01 , 0.01 ,5.87 , 9.58 , 0.85 , 0.64 , 356.29
2024-02-24 11:25:31,708 :- 00217: 199 , 05.80 , -5.90 || 1708754131, 17.602105806342 , 78.126599323478, 0.01 , 0.01 ,5.87 , 9.61 , 0.85 , 0.64 , 356.36
2024-02-24 11:25:31,738 :- 00218: 202 , 05.80 , -6.10 || 1708754131, 17.602107304856 , 78.126599314604, 0.00 , 0.01 ,5.83 , 9.60 , 0.84 , 0.62 , 356.51
2024-02-24 11:25:31,768 :- 00219: 205 , 05.80 , -6.30 || 1708754131, 17.602107304856 , 78.126599314604, 0.00 , 0.01 ,5.83 , 9.59 , 0.82 , 0.63 , 356.59
2024-02-24 11:25:31,798 :- 00220: 208 , 05.80 , -6.50 || 1708754131, 17.602107304856 , 78.126599314604, 0.00 , 0.01 ,5.83 , 10.13 , 0.77 , 0.70 , 356.76
2024-02-24 11:25:31,828 :- 00221: 211 , 05.70 , -6.70 || 1708754131, 17.602107304856 , 78.126599314604, 0.00 , 0.01 ,5.56 , 9.83 , 0.75 , 0.62 , 356.83
2024-02-24 11:25:31,858 :- 00222: 214 , 05.60 , -6.90 || 1708754131, 17.602108741296 , 78.126599228390, 0.00 , 0.01 ,5.56 , 9.57 , 0.67 , 0.35 , 356.97
2024-02-24 11:25:31,888 :- 00223: 217 , 05.60 , -7.00 || 1708754131, 17.602108741296 , 78.126599228390, 0.00 , 0.01 ,5.56 , 8.63 , 0.62 , 0.18 , 357.04
2024-02-24 11:25:31,918 :- 00224: 220 , 05.50 , -7.20 || 1708754131, 17.602108741296 , 78.126599228390, 0.00 , 0.01 ,5.56 , 9.47 , 0.64 , -0.22 , 357.17
2024-02-24 11:25:31,948 :- 00225: 223 , 05.50 , -7.30 || 1708754131, 17.602109922531 , 78.126599144404, 0.01 , 0.01 ,4.46 , 9.51 , 0.64 , -0.43 , 357.25
2024-02-24 11:25:31,978 :- 00226: 226 , 05.50 , -7.30 || 1708754131, 17.602109922531 , 78.126599144404, 0.01 , 0.01 ,4.46 , 10.20 , 0.61 , -0.76 , 357.42
2024-02-24 11:25:32,007 :- 00227: 229 , 05.50 , -7.30 || 1708754131, 17.602109922531 , 78.126599144404, 0.01 , 0.01 ,4.46 , 10.61 , 0.60 , -0.89 , 357.53
2024-02-24 11:25:32,038 :- 00228: 232 , 05.50 , -7.30 || 1708754132, 17.602109922531 , 78.126599144404, 0.01 , 0.01 ,4.46 , 11.09 , 0.60 , -0.97 , 357.76
2024-02-24 11:25:32,068 :- 00229: 235 , 05.50 , -7.30 || 1708754132, 17.602111097709 , 78.126599125715, 0.01 , 0.01 ,4.91 , 10.53 , 0.60 , -0.92 , 357.87
2024-02-24 11:25:32,098 :- 00230: 238 , 05.50 , -7.30 || 1708754132, 17.602111097709 , 78.126599125715, 0.01 , 0.01 ,4.91 , 11.14 , 0.66 , -0.61 , 358.11
2024-02-24 11:25:32,128 :- 00231: 241 , 05.40 , -7.30 || 1708754132, 17.602111097709 , 78.126599125715, 0.01 , 0.01 ,6.34 , 10.40 , 0.66 , -0.53 , 358.21
2024-02-24 11:25:32,157 :- 00232: 244 , 05.30 , -7.30 || 1708754132, 17.602112617422 , 78.126599093771, 0.01 , 0.01 ,6.34 , 10.10 , 0.74 , -0.10 , 358.39
2024-02-24 11:25:32,188 :- 00233: 247 , 05.30 , -7.30 || 1708754132, 17.602112617422 , 78.126599093771, 0.01 , 0.01 ,6.34 , 9.22 , 0.76 , 0.09 , 358.46
2024-02-24 11:25:32,218 :- 00234: 250 , 05.30 , -7.30 || 1708754132, 17.602112617422 , 78.126599093771, 0.01 , 0.01 ,6.34 , 8.83 , 0.79 , 0.38 , 358.57
2024-02-24 11:25:32,248 :- 00235: 253 , 05.30 , -7.30 || 1708754132, 17.602114251920 , 78.126599132999, 0.01 , 0.01 ,6.42 , 8.53 , 0.80 , 0.58 , 358.63
2024-02-24 11:25:32,278 :- 00236: 000 , 05.30 , -7.20 || 1708754132, 17.602114251920 , 78.126599132999, 0.01 , 0.01 ,6.42 , 9.00 , 0.82 , 0.86 , 358.72
2024-02-24 11:25:32,308 :- 00237: 003 , 05.30 , -7.10 || 1708754132, 17.602114251920 , 78.126599132999, 0.01 , 0.01 ,6.42 , 8.79 , 0.81 , 0.91 , 358.79
2024-02-24 11:25:32,338 :- 00238: 006 , 05.30 , -6.90 || 1708754132, 17.602115779899 , 78.126599161444, 0.01 , 0.01 ,5.99 , 9.20 , 0.84 , 1.00 , 358.95
2024-02-24 11:25:32,368 :- 00239: 009 , 05.30 , -6.80 || 1708754132, 17.602115779899 , 78.126599161444, 0.01 , 0.01 ,5.99 , 9.19 , 0.86 , 0.97 , 359.04
2024-02-24 11:25:32,398 :- 00240: 012 , 05.40 , -6.60 || 1708754132, 17.602115779899 , 78.126599161444, 0.01 , 0.01 ,5.99 , 9.45 , 0.88 , 0.83 , 359.25
2024-02-24 11:25:32,428 :- 00241: 015 , 05.40 , -6.40 || 1708754132, 17.602115779899 , 78.126599161444, 0.01 , 0.01 ,5.38 , 9.97 , 0.88 , 0.74 , 359.37
2024-02-24 11:25:32,458 :- 00242: 018 , 05.50 , -6.20 || 1708754132, 17.602117149720 , 78.126599176591, 0.01 , 0.01 ,5.38 , 10.41 , 0.89 , 0.51 , 359.59
2024-02-24 11:25:32,487 :- 00243: 021 , 05.50 , -6.00 || 1708754132, 17.602117149720 , 78.126599176591, 0.01 , 0.01 ,5.38 , 10.76 , 0.88 , 0.41 , 359.69
2024-02-24 11:25:32,518 :- 00244: 024 , 05.60 , -5.90 || 1708754132, 17.602117149720 , 78.126599176591, 0.01 , 0.01 ,5.38 , 10.94 , 0.87 , 0.18 , 359.86
2024-02-24 11:25:32,547 :- 00245: 027 , 05.60 , -5.80 || 1708754132, 17.602118460531 , 78.126599169775, 0.01 , 0.01 ,5.24 , 10.71 , 0.87 , 0.10 , 359.94
2024-02-24 11:25:32,578 :- 00246: 030 , 05.70 , -5.70 || 1708754132, 17.602118460531 , 78.126599169775, 0.01 , 0.01 ,5.24 , 10.76 , 0.84 , 0.00 , 0.06
2024-02-24 11:25:32,607 :- 00247: 033 , 05.70 , -5.60 || 1708754132, 17.602118460531 , 78.126599169775, 0.01 , 0.01 ,5.24 , 10.47 , 0.83 , -0.02 , 0.11
2024-02-24 11:25:32,637 :- 00248: 036 , 05.80 , -5.50 || 1708754132, 17.602119862331 , 78.126599209845, 0.01 , 0.01 ,5.74 , 10.10 , 0.81 , -0.04 , 0.21
2024-02-24 11:25:32,667 :- 00249: 039 , 05.80 , -5.40 || 1708754132, 17.602119862331 , 78.126599209845, 0.01 , 0.01 ,5.74 , 9.68 , 0.80 , -0.03 , 0.27
2024-02-24 11:25:32,698 :- 00250: 042 , 05.80 , -5.20 || 1708754132, 17.602119862331 , 78.126599209845, 0.01 , 0.01 ,5.74 , 9.62 , 0.79 , 0.04 , 0.39
2024-02-24 11:25:32,727 :- 00251: 042 , 05.80 , -5.20 || 1708754132, 17.602119862331 , 78.126599209845, 0.01 , 0.01 ,5.74 , 9.62 , 0.79 , 0.04 , 0.391708754132, 17.602119862331 , 78.126599209845, 0.01 , 0.01 ,6.02 , 9.42 , 0.79 , 0.08 , 0.46
2024-02-24 11:25:32,748 :- 00252: 047 , 05.80 , -5.00 || 1708754132, 17.602121360947 , 78.126599268588, 0.01 , 0.01 ,6.02 , 9.32 , 0.79 , 0.13 , 0.53
2024-02-24 11:25:32,778 :- 00253: 050 , 05.70 , -4.80 || 1708754132, 17.602121360947 , 78.126599268588, 0.01 , 0.01 ,6.02 , 9.15 , 0.81 , 0.21 , 0.69
2024-02-24 11:25:32,808 :- 00254: 053 , 05.70 , -4.70 || 1708754132, 17.602121360947 , 78.126599268588, 0.01 , 0.01 ,6.02 , 9.15 , 0.82 , 0.26 , 0.76
2024-02-24 11:25:32,838 :- 00255: 056 , 05.70 , -4.50 || 1708754132, 17.602122870056 , 78.126599304817, 0.01 , 0.01 ,6.03 , 9.20 , 0.83 , 0.34 , 0.91
2024-02-24 11:25:32,868 :- 00256: 059 , 05.70 , -4.40 || 1708754132, 17.602122870056 , 78.126599304817, 0.01 , 0.01 ,6.03 , 9.28 , 0.83 , 0.36 , 0.97
2024-02-24 11:25:32,898 :- 00257: 062 , 05.60 , -4.30 || 1708754132, 17.602122870056 , 78.126599304817, 0.01 , 0.01 ,6.03 , 9.44 , 0.84 , 0.41 , 1.08
2024-02-24 11:25:32,927 :- 00258: 065 , 05.60 , -4.20 || 1708754132, 17.602122870056 , 78.126599304817, 0.01 , 0.01 ,5.90 , 9.59 , 0.84 , 0.41 , 1.13
2024-02-24 11:25:32,957 :- 00259: 068 , 05.60 , -4.10 || 1708754132, 17.602124356285 , 78.126599358111, 0.01 , 0.01 ,5.90 , 9.71 , 0.85 , 0.40 , 1.22
2024-02-24 11:25:32,987 :- 00260: 071 , 05.60 , -3.90 || 1708754132, 17.602124356285 , 78.126599358111, 0.01 , 0.01 ,5.90 , 9.99 , 0.85 , 0.40 , 1.26
2024-02-24 11:25:33,018 :- 00261: 074 , 05.60 , -3.80 || 1708754133, 17.602124356285 , 78.126599358111, 0.01 , 0.01 ,5.90 , 10.18 , 0.85 , 0.37 , 1.34
2024-02-24 11:25:33,047 :- 00262: 077 , 05.60 , -3.70 || 1708754133, 17.602124356285 , 78.126599358111, 0.01 , 0.01 ,5.82 , 10.31 , 0.85 , 0.35 , 1.39
2024-02-24 11:25:33,077 :- 00263: 080 , 05.60 , -3.50 || 1708754133, 17.602125811530 , 78.126599441155, 0.01 , 0.01 ,5.82 , 10.44 , 0.85 , 0.32 , 1.49
2024-02-24 11:25:33,107 :- 00264: 083 , 05.70 , -3.40 || 1708754133, 17.602125811530 , 78.126599441155, 0.01 , 0.01 ,5.82 , 10.41 , 0.85 , 0.31 , 1.54
2024-02-24 11:25:33,137 :- 00265: 086 , 05.70 , -3.30 || 1708754133, 17.602127267646 , 78.126599492998, 0.01 , 0.01 ,5.82 , 10.33 , 0.85 , 0.30 , 1.65
2024-02-24 11:25:33,167 :- 00266: 089 , 05.70 , -3.20 || 1708754133, 17.602127267646 , 78.126599492998, 0.01 , 0.01 ,5.82 , 10.21 , 0.84 , 0.29 , 1.70
2024-02-24 11:25:33,197 :- 00267: 092 , 05.80 , -3.10 || 1708754133, 17.602127267646 , 78.126599492998, 0.01 , 0.01 ,5.82 , 10.05 , 0.83 , 0.30 , 1.80
2024-02-24 11:25:33,227 :- 00268: 095 , 05.80 , -3.00 || 1708754133, 17.602127267646 , 78.126599492998, 0.01 , 0.01 ,5.90 , 9.94 , 0.82 , 0.30 , 1.84
2024-02-24 11:25:33,257 :- 00269: 098 , 05.80 , -2.90 || 1708754133, 17.602128745987 , 78.126599559899, 0.01 , 0.01 ,5.90 , 9.77 , 0.81 , 0.31 , 1.91
2024-02-24 11:25:33,287 :- 00270: 101 , 05.80 , -2.80 || 1708754133, 17.602128745987 , 78.126599559899, 0.01 , 0.01 ,5.90 , 9.67 , 0.81 , 0.32 , 1.94
2024-02-24 11:25:33,317 :- 00271: 104 , 05.80 , -2.70 || 1708754133, 17.602128745987 , 78.126599559899, 0.01 , 0.01 ,5.90 , 10.94 , 0.90 , 0.42 , 1.98
2024-02-24 11:25:33,347 :- 00272: 107 , 05.60 , -2.60 || 1708754133, 17.602130245554 , 78.126599644295, 0.01 , 0.01 ,5.92 , 12.12 , 0.92 , 0.51 , 1.97
2024-02-24 11:25:33,377 :- 00273: 110 , 05.50 , -2.50 || 1708754133, 17.602130245554 , 78.126599644295, 0.01 , 0.01 ,5.92 , 13.11 , 1.03 , 0.61 , 1.97
2024-02-24 11:25:33,407 :- 00274: 113 , 05.40 , -2.40 || 1708754133, 17.602130245554 , 78.126599644295, 0.01 , 0.01 ,5.92 , 12.41 , 1.09 , 0.79 , 1.99
2024-02-24 11:25:33,437 :- 00275: 116 , 05.40 , -2.30 || 1708754133, 17.602131732730 , 78.126599817773, 0.01 , 0.01 ,5.99 , 12.03 , 1.13 , 1.08 , 2.06
2024-02-24 11:25:33,467 :- 00276: 119 , 05.40 , -2.10 || 1708754133, 17.602131732730 , 78.126599817773, 0.01 , 0.01 ,5.99 , 9.11 , 1.14 , 1.21 , 2.11
2024-02-24 11:25:33,498 :- 00277: 122 , 05.50 , -2.00 || 1708754133, 17.602131732730 , 78.126599817773, 0.01 , 0.01 ,5.99 , 7.84 , 1.04 , 1.57 , 2.25
2024-02-24 11:25:33,528 :- 00278: 125 , 05.70 , -2.00 || 1708754133, 17.602131732730 , 78.126599817773, 0.01 , 0.01 ,6.12 , 6.39 , 0.99 , 1.66 , 2.32
2024-02-24 11:25:33,557 :- 00279: 128 , 05.90 , -1.90 || 1708754133, 17.602133273664 , 78.126599920445, 0.01 , 0.01 ,6.12 , 4.85 , 0.82 , 1.73 , 2.44
2024-02-24 11:25:33,587 :- 00280: 131 , 06.10 , -1.80 || 1708754133, 17.602133273664 , 78.126599920445, 0.01 , 0.01 ,6.12 , 4.01 , 0.70 , 1.64 , 2.49
2024-02-24 11:25:33,618 :- 00281: 134 , 06.20 , -1.80 || 1708754133, 17.602133273664 , 78.126599920445, 0.01 , 0.01 ,6.12 , 4.44 , 0.64 , 1.25 , 2.56
2024-02-24 11:25:33,647 :- 00282: 137 , 06.20 , -1.80 || 1708754133, 17.602134663675 , 78.126599859731, 0.01 , 0.01 ,5.33 , 5.71 , 0.66 , 1.12 , 2.56
2024-02-24 11:25:33,677 :- 00283: 140 , 06.00 , -1.70 || 1708754133, 17.602134663675 , 78.126599859731, 0.01 , 0.01 ,5.33 , 7.40 , 0.61 , 0.82 , 2.50
2024-02-24 11:25:33,707 :- 00284: 143 , 05.70 , -1.60 || 1708754133, 17.602134663675 , 78.126599859731, 0.01 , 0.01 ,5.33 , 10.26 , 0.61 , 0.77 , 2.47
2024-02-24 11:25:33,738 :- 00285: 146 , 05.50 , -1.50 || 1708754133, 17.602135886143 , 78.126599867578, 0.01 , 0.01 ,4.79 , 9.83 , 0.43 , 0.20 , 2.42
2024-02-24 11:25:33,767 :- 00286: 149 , 05.40 , -1.40 || 1708754133, 17.602135886143 , 78.126599867578, 0.01 , 0.01 ,4.79 , 11.95 , 0.43 , -0.05 , 2.42
2024-02-24 11:25:33,798 :- 00287: 152 , 05.30 , -1.30 || 1708754133, 17.602135886143 , 78.126599867578, 0.01 , 0.01 ,4.79 , 12.27 , 0.49 , -0.29 , 2.48
2024-02-24 11:25:33,827 :- 00288: 155 , 05.30 , -1.20 || 1708754133, 17.602135886143 , 78.126599867578, 0.01 , 0.01 ,5.29 , 13.84 , 0.57 , -0.46 , 2.54
2024-02-24 11:25:33,857 :- 00289: 158 , 05.30 , -1.00 || 1708754133, 17.602137159613 , 78.126599963121, 0.01 , 0.01 ,5.29 , 14.06 , 0.72 , -0.52 , 2.64
2024-02-24 11:25:33,887 :- 00290: 161 , 05.40 , -0.90 || 1708754133, 17.602137159613 , 78.126599963121, 0.01 , 0.01 ,5.29 , 14.80 , 0.82 , -0.46 , 2.69
2024-02-24 11:25:33,917 :- 00291: 164 , 05.40 , -0.80 || 1708754133, 17.602137159613 , 78.126599963121, 0.01 , 0.01 ,5.29 , 13.64 , 0.93 , -0.27 , 2.76
2024-02-24 11:25:33,947 :- 00292: 167 , 05.50 , -0.70 || 1708754133, 17.602138655292 , 78.126600125347, 0.01 , 0.01 ,6.19 , 12.53 , 0.97 , -0.12 , 2.77
2024-02-24 11:25:33,977 :- 00293: 170 , 05.60 , -0.60 || 1708754133, 17.602138655292 , 78.126600125347, 0.01 , 0.01 ,6.19 , 10.85 , 0.99 , 0.20 , 2.75
2024-02-24 11:25:34,007 :- 00294: 170 , 05.60 , -0.60 || 1708754133, 17.602138655292 , 78.126600125347, 0.01 , 0.01 ,6.19 , 10.85 , 0.99 , 0.20 , 2.751708754133, 17.602138655292 , 78.126600125347, 0.01 , 0.01 ,6.19 , 9.70 , 1.00 , 0.33 , 2.74
2024-02-24 11:25:34,027 :- 00295: 175 , 05.80 , -0.50 || 1708754134, 17.602138655292 , 78.126600125347, 0.01 , 0.01 ,6.19 , 9.11 , 1.01 , 0.46 , 2.71
2024-02-24 11:25:34,057 :- 00296: 178 , 05.90 , -0.40 || 1708754134, 17.602140309373 , 78.126600304463, 0.01 , 0.01 ,6.64 , 8.24 , 1.05 , 0.68 , 2.68
2024-02-24 11:25:34,087 :- 00297: 181 , 06.00 , -0.30 || 1708754134, 17.602140309373 , 78.126600304463, 0.01 , 0.01 ,6.64 , 7.74 , 1.08 , 0.76 , 2.67
2024-02-24 11:25:34,117 :- 00298: 184 , 06.00 , -0.20 || 1708754134, 17.602140309373 , 78.126600304463, 0.01 , 0.01 ,6.64 , 7.41 , 1.12 , 0.83 , 2.67
2024-02-24 11:25:34,147 :- 00299: 187 , 06.00 , -0.10 || 1708754134, 17.602141880954 , 78.126600452176, 0.01 , 0.01 ,6.14 , 7.38 , 1.13 , 0.82 , 2.68
2024-02-24 11:25:34,177 :- 00300: 190 , 06.10 , 00.10 || 1708754134, 17.602141880954 , 78.126600452176, 0.01 , 0.01 ,6.14 , 7.57 , 1.13 , 0.76 , 2.71
2024-02-24 11:25:34,207 :- 00301: 193 , 06.10 , 00.20 || 1708754134, 17.602141880954 , 78.126600452176, 0.01 , 0.01 ,6.14 , 7.82 , 1.11 , 0.69 , 2.73
2024-02-24 11:25:34,237 :- 00302: 196 , 06.00 , 00.30 || 1708754134, 17.602143354229 , 78.126600500215, 0.01 , 0.01 ,5.81 , 8.26 , 1.06 , 0.52 , 2.76
2024-02-24 11:25:34,267 :- 00303: 199 , 06.00 , 00.40 || 1708754134, 17.602143354229 , 78.126600500215, 0.01 , 0.01 ,5.81 , 8.95 , 1.04 , 0.42 , 2.76
2024-02-24 11:25:34,297 :- 00304: 202 , 06.00 , 00.50 || 1708754134, 17.602143354229 , 78.126600500215, 0.01 , 0.01 ,5.81 , 9.66 , 0.99 , 0.24 , 2.76
2024-02-24 11:25:34,327 :- 00305: 205 , 06.00 , 00.50 || 1708754134, 17.602143354229 , 78.126600500215, 0.01 , 0.01 ,5.88 , 10.19 , 0.97 , 0.15 , 2.75
2024-02-24 11:25:34,358 :- 00306: 208 , 06.00 , 00.50 || 1708754134, 17.602144824172 , 78.126600540712, 0.01 , 0.01 ,5.88 , 10.81 , 0.94 , 0.03 , 2.71
2024-02-24 11:25:34,387 :- 00307: 211 , 06.00 , 00.50 || 1708754134, 17.602144824172 , 78.126600540712, 0.01 , 0.01 ,5.88 , 11.16 , 0.93 , -0.01 , 2.69
2024-02-24 11:25:34,417 :- 00308: 214 , 06.00 , 00.50 || 1708754134, 17.602144824172 , 78.126600540712, 0.01 , 0.01 ,5.88 , 11.39 , 0.90 , -0.05 , 2.65
2024-02-24 11:25:34,447 :- 00309: 217 , 06.00 , 00.50 || 1708754134, 17.602146377166 , 78.126600604484, 0.01 , 0.01 ,6.27 , 11.38 , 0.88 , -0.04 , 2.63
2024-02-24 11:25:34,477 :- 00310: 220 , 06.10 , 00.50 || 1708754134, 17.602146377166 , 78.126600604484, 0.01 , 0.01 ,6.27 , 11.15 , 0.85 , 0.01 , 2.61
2024-02-24 11:25:34,507 :- 00311: 223 , 06.10 , 00.50 || 1708754134, 17.602146377166 , 78.126600604484, 0.01 , 0.01 ,6.27 , 10.81 , 0.84 , 0.06 , 2.60
2024-02-24 11:25:34,537 :- 00312: 226 , 06.20 , 00.50 || 1708754134, 17.602148039095 , 78.126600687192, 0.01 , 0.01 ,6.71 , 10.33 , 0.85 , 0.17 , 2.60
2024-02-24 11:25:34,567 :- 00313: 229 , 06.30 , 00.60 || 1708754134, 17.602148039095 , 78.126600687192, 0.01 , 0.01 ,6.71 , 10.02 , 0.86 , 0.22 , 2.60
2024-02-24 11:25:34,597 :- 00314: 232 , 06.30 , 00.60 || 1708754134, 17.602148039095 , 78.126600687192, 0.01 , 0.01 ,6.71 , 9.65 , 0.90 , 0.30 , 2.60
2024-02-24 11:25:34,627 :- 00315: 235 , 06.40 , 00.60 || 1708754134, 17.602148039095 , 78.126600687192, 0.01 , 0.01 ,6.94 , 9.39 , 0.91 , 0.33 , 2.60
2024-02-24 11:25:34,657 :- 00316: 238 , 06.50 , 00.60 || 1708754134, 17.602149758672 , 78.126600792654, 0.01 , 0.01 ,6.94 , 9.18 , 0.94 , 0.35 , 2.58
2024-02-24 11:25:34,687 :- 00317: 241 , 06.60 , 00.60 || 1708754134, 17.602149758672 , 78.126600792654, 0.01 , 0.01 ,6.94 , 9.08 , 0.94 , 0.36 , 2.57
2024-02-24 11:25:34,717 :- 00318: 244 , 06.70 , 00.60 || 1708754134, 17.602149758672 , 78.126600792654, 0.01 , 0.01 ,6.94 , 9.07 , 0.96 , 0.32 , 2.54
2024-02-24 11:25:34,747 :- 00319: 247 , 06.80 , 00.60 || 1708754134, 17.602151489476 , 78.126600924395, 0.01 , 0.01 ,6.98 , 9.10 , 0.97 , 0.30 , 2.52
2024-02-24 11:25:34,777 :- 00320: 250 , 06.80 , 00.60 || 1708754134, 17.602151489476 , 78.126600924395, 0.01 , 0.01 ,6.98 , 9.29 , 0.99 , 0.24 , 2.48
2024-02-24 11:25:34,807 :- 00321: 253 , 06.90 , 00.60 || 1708754134, 17.602151489476 , 78.126600924395, 0.01 , 0.01 ,6.98 , 9.45 , 1.00 , 0.19 , 2.47
2024-02-24 11:25:34,837 :- 00322: 000 , 07.00 , 00.60 || 1708754134, 17.602153266691 , 78.126601034350, 0.01 , 0.01 ,7.14 , 9.66 , 1.02 , 0.12 , 2.43
2024-02-24 11:25:34,867 :- 00323: 003 , 07.10 , 00.60 || 1708754134, 17.602153266691 , 78.126601034350, 0.01 , 0.01 ,7.14 , 9.66 , 1.02 , 0.08 , 2.42
2024-02-24 11:25:34,897 :- 00324: 006 , 07.10 , 00.60 || 1708754134, 17.602153266691 , 78.126601034350, 0.01 , 0.01 ,7.14 , 9.75 , 1.03 , -0.01 , 2.40
2024-02-24 11:25:34,927 :- 00325: 009 , 07.20 , 00.60 || 1708754134, 17.602153266691 , 78.126601034350, 0.01 , 0.01 ,7.56 , 10.01 , 1.03 , -0.03 , 2.40
2024-02-24 11:25:34,957 :- 00326: 012 , 07.30 , 00.60 || 1708754134, 17.602155126534 , 78.126601139521, 0.01 , 0.01 ,7.56 , 10.34 , 1.05 , -0.08 , 2.39
2024-02-24 11:25:34,987 :- 00327: 015 , 07.40 , 00.60 || 1708754134, 17.602155126534 , 78.126601139521, 0.01 , 0.01 ,7.56 , 10.34 , 1.04 , -0.10 , 2.38
2024-02-24 11:25:35,018 :- 00328: 018 , 07.50 , 00.60 || 1708754135, 17.602155126534 , 78.126601139521, 0.01 , 0.01 ,7.56 , 10.24 , 1.04 , -0.11 , 2.36
2024-02-24 11:25:35,047 :- 00329: 021 , 07.70 , 00.60 || 1708754135, 17.602155126534 , 78.126601139521, 0.01 , 0.01 ,8.17 , 10.05 , 1.04 , -0.11 , 2.35
2024-02-24 11:25:35,077 :- 00330: 024 , 07.90 , 00.60 || 1708754135, 17.602157135402 , 78.126601236157, 0.01 , 0.01 ,8.17 , 10.15 , 1.04 , -0.11 , 2.32
2024-02-24 11:25:35,107 :- 00331: 027 , 08.00 , 00.60 || 1708754135, 17.602157135402 , 78.126601236157, 0.01 , 0.01 ,8.17 , 9.93 , 1.04 , -0.10 , 2.30
2024-02-24 11:25:35,137 :- 00332: 030 , 08.20 , 00.60 || 1708754135, 17.602159290433 , 78.126601345671, 0.01 , 0.01 ,8.71 , 9.96 , 1.04 , -0.11 , 2.26
2024-02-24 11:25:35,167 :- 00333: 033 , 08.30 , 00.60 || 1708754135, 17.602159290433 , 78.126601345671, 0.01 , 0.01 ,8.71 , 9.77 , 1.04 , -0.11 , 2.24
2024-02-24 11:25:35,197 :- 00334: 036 , 08.50 , 00.60 || 1708754135, 17.602159290433 , 78.126601345671, 0.01 , 0.01 ,8.71 , 9.68 , 1.05 , -0.11 , 2.21
2024-02-24 11:25:35,227 :- 00335: 039 , 08.60 , 00.60 || 1708754135, 17.602159290433 , 78.126601345671, 0.01 , 0.01 ,9.23 , 9.78 , 1.05 , -0.12 , 2.19
2024-02-24 11:25:35,257 :- 00336: 042 , 08.80 , 00.60 || 1708754135, 17.602161573709 , 78.126601471267, 0.01 , 0.01 ,9.23 , 9.56 , 1.03 , -0.13 , 2.17
2024-02-24 11:25:35,287 :- 00337: 042 , 08.80 , 00.60 || 1708754135, 17.602161573709 , 78.126601471267, 0.01 , 0.01 ,9.23 , 9.56 , 1.03 , -0.13 , 2.171708754135, 17.602161573709 , 78.126601471267, 0.01 , 0.01 ,9.23 , 9.60 , 1.02 , -0.15 , 2.16
2024-02-24 11:25:35,307 :- 00338: 047 , 09.10 , 00.70 || 1708754135, 17.602161573709 , 78.126601471267, 0.01 , 0.01 ,9.23 , 9.54 , 1.00 , -0.17 , 2.15
2024-02-24 11:25:35,337 :- 00339: 050 , 09.30 , 00.70 || 1708754135, 17.602164008043 , 78.126601576261, 0.01 , 0.01 ,9.85 , 9.71 , 0.97 , -0.22 , 2.13
2024-02-24 11:25:35,367 :- 00340: 053 , 09.50 , 00.70 || 1708754135, 17.602164008043 , 78.126601576261, 0.01 , 0.01 ,9.85 , 9.61 , 0.95 , -0.25 , 2.12
2024-02-24 11:25:35,397 :- 00341: 056 , 09.70 , 00.70 || 1708754135, 17.602164008043 , 78.126601576261, 0.01 , 0.01 ,9.85 , 9.70 , 0.91 , -0.32 , 2.08
2024-02-24 11:25:35,427 :- 00342: 059 , 09.90 , 00.70 || 1708754135, 17.602164008043 , 78.126601576261, 0.01 , 0.01 ,10.41 , 9.72 , 0.90 , -0.35 , 2.06
2024-02-24 11:25:35,457 :- 00343: 062 , 10.10 , 00.70 || 1708754135, 17.602166581667 , 78.126601662578, 0.01 , 0.01 ,10.41 , 10.06 , 0.88 , -0.40 , 2.01
2024-02-24 11:25:35,487 :- 00344: 065 , 10.30 , 00.70 || 1708754135, 17.602166581667 , 78.126601662578, 0.01 , 0.01 ,10.41 , 9.98 , 0.88 , -0.42 , 1.99
2024-02-24 11:25:35,517 :- 00345: 068 , 10.50 , 00.70 || 1708754135, 17.602166581667 , 78.126601662578, 0.01 , 0.01 ,10.41 , 10.00 , 0.90 , -0.43 , 1.94
2024-02-24 11:25:35,547 :- 00346: 071 , 10.70 , 00.70 || 1708754135, 17.602169357252 , 78.126601781111, 0.01 , 0.01 ,11.32 , 9.95 , 0.91 , -0.44 , 1.92
2024-02-24 11:25:35,577 :- 00347: 074 , 10.90 , 00.70 || 1708754135, 17.602169357252 , 78.126601781111, 0.01 , 0.01 ,11.32 , 10.16 , 0.93 , -0.42 , 1.87
2024-02-24 11:25:35,607 :- 00348: 077 , 11.10 , 00.70 || 1708754135, 17.602169357252 , 78.126601781111, 0.01 , 0.01 ,11.32 , 10.11 , 0.95 , -0.40 , 1.85
2024-02-24 11:25:35,637 :- 00349: 080 , 11.30 , 00.70 || 1708754135, 17.602172339704 , 78.126601933907, 0.01 , 0.01 ,12.11 , 10.16 , 0.99 , -0.37 , 1.81
2024-02-24 11:25:35,667 :- 00350: 083 , 11.60 , 00.70 || 1708754135, 17.602172339704 , 78.126601933907, 0.01 , 0.01 ,12.11 , 9.97 , 1.01 , -0.34 , 1.79
2024-02-24 11:25:35,697 :- 00351: 086 , 11.80 , 00.70 || 1708754135, 17.602172339704 , 78.126601933907, 0.01 , 0.01 ,12.11 , 9.95 , 1.05 , -0.29 , 1.75
2024-02-24 11:25:35,727 :- 00352: 089 , 12.00 , 00.70 || 1708754135, 17.602172339704 , 78.126601933907, 0.01 , 0.01 ,12.76 , 9.71 , 1.07 , -0.27 , 1.73
2024-02-24 11:25:35,757 :- 00353: 092 , 12.20 , 00.70 || 1708754135, 17.602175509828 , 78.126602101367, 0.01 , 0.01 ,12.76 , 9.47 , 1.11 , -0.25 , 1.68
2024-02-24 11:25:35,787 :- 00354: 095 , 12.40 , 00.70 || 1708754135, 17.602175509828 , 78.126602101367, 0.01 , 0.01 ,12.76 , 9.68 , 1.13 , -0.23 , 1.65
2024-02-24 11:25:35,817 :- 00355: 098 , 12.60 , 00.70 || 1708754135, 17.602175509828 , 78.126602101367, 0.01 , 0.01 ,12.76 , 9.30 , 1.13 , -0.24 , 1.60
2024-02-24 11:25:35,847 :- 00356: 101 , 12.80 , 00.70 || 1708754135, 17.602178828791 , 78.126602257757, 0.01 , 0.01 ,13.35 , 9.76 , 1.14 , -0.25 , 1.57
2024-02-24 11:25:35,877 :- 00357: 104 , 13.00 , 00.70 || 1708754135, 17.602178828791 , 78.126602257757, 0.01 , 0.01 ,13.35 , 9.83 , 1.13 , -0.28 , 1.51
2024-02-24 11:25:35,907 :- 00358: 107 , 13.10 , 00.70 || 1708754135, 17.602178828791 , 78.126602257757, 0.01 , 0.01 ,13.35 , 9.83 , 1.11 , -0.30 , 1.49
2024-02-24 11:25:35,937 :- 00359: 110 , 13.30 , 00.70 || 1708754135, 17.602182282236 , 78.126602373039, 0.01 , 0.01 ,13.94 , 9.29 , 1.06 , -0.34 , 1.44
2024-02-24 11:25:35,967 :- 00360: 113 , 13.50 , 00.70 || 1708754135, 17.602182282236 , 78.126602373039, 0.01 , 0.01 ,13.94 , 10.00 , 1.04 , -0.36 , 1.41
2024-02-24 11:25:35,997 :- 00361: 116 , 13.70 , 00.70 || 1708754135, 17.602182282236 , 78.126602373039, 0.01 , 0.01 ,13.94 , 10.07 , 0.97 , -0.38 , 1.36
2024-02-24 11:25:36,027 :- 00362: 119 , 13.80 , 00.70 || 1708754136, 17.602182282236 , 78.126602373039, 0.01 , 0.01 ,13.94 , 10.45 , 0.93 , -0.39 , 1.34
2024-02-24 11:25:36,057 :- 00363: 122 , 14.00 , 00.70 || 1708754136, 17.602185878269 , 78.126602446111, 0.01 , 0.01 ,14.49 , 10.37 , 0.85 , -0.39 , 1.29
2024-02-24 11:25:36,087 :- 00364: 125 , 14.20 , 00.70 || 1708754136, 17.602185878269 , 78.126602446111, 0.01 , 0.01 ,14.49 , 10.03 , 0.81 , -0.37 , 1.27
2024-02-24 11:25:36,117 :- 00365: 128 , 14.40 , 00.70 || 1708754136, 17.602185878269 , 78.126602446111, 0.01 , 0.01 ,14.49 , 9.62 , 0.74 , -0.33 , 1.22
2024-02-24 11:25:36,147 :- 00366: 131 , 14.60 , 00.70 || 1708754136, 17.602189660966 , 78.126602498921, 0.01 , 0.01 ,15.28 , 9.29 , 0.72 , -0.33 , 1.20
2024-02-24 11:25:36,177 :- 00367: 134 , 14.80 , 00.70 || 1708754136, 17.602189660966 , 78.126602498921, 0.01 , 0.01 ,15.28 , 9.43 , 0.70 , -0.28 , 1.13
2024-02-24 11:25:36,207 :- 00368: 137 , 15.00 , 00.70 || 1708754136, 17.602189660966 , 78.126602498921, 0.01 , 0.01 ,15.28 , 9.45 , 0.69 , -0.27 , 1.10
2024-02-24 11:25:36,237 :- 00369: 140 , 15.10 , 00.80 || 1708754136, 17.602193594048 , 78.126602595125, 0.01 , 0.01 ,15.79 , 9.66 , 0.67 , -0.30 , 1.03
2024-02-24 11:25:36,267 :- 00370: 143 , 15.30 , 00.80 || 1708754136, 17.602193594048 , 78.126602595125, 0.01 , 0.01 ,15.79 , 9.73 , 0.66 , -0.30 , 0.99
2024-02-24 11:25:36,297 :- 00371: 146 , 15.40 , 00.80 || 1708754136, 17.602193594048 , 78.126602595125, 0.01 , 0.01 ,15.79 , 9.78 , 0.66 , -0.33 , 0.93
2024-02-24 11:25:36,327 :- 00372: 149 , 15.60 , 00.80 || 1708754136, 17.602193594048 , 78.126602595125, 0.01 , 0.01 ,16.18 , 9.94 , 0.67 , -0.35 , 0.90
2024-02-24 11:25:36,357 :- 00373: 152 , 15.70 , 00.80 || 1708754136, 17.602197628145 , 78.126602695559, 0.01 , 0.01 ,16.18 , 10.35 , 0.70 , -0.35 , 0.84
2024-02-24 11:25:36,387 :- 00374: 155 , 15.80 , 00.80 || 1708754136, 17.602197628145 , 78.126602695559, 0.01 , 0.01 ,16.18 , 10.14 , 0.69 , -0.36 , 0.82
2024-02-24 11:25:36,417 :- 00375: 158 , 16.00 , 00.80 || 1708754136, 17.602197628145 , 78.126602695559, 0.01 , 0.01 ,16.18 , 10.59 , 0.72 , -0.34 , 0.77
2024-02-24 11:25:36,447 :- 00376: 161 , 16.10 , 00.90 || 1708754136, 17.602201792504 , 78.126602819328, 0.01 , 0.01 ,16.75 , 10.42 , 0.74 , -0.31 , 0.74
2024-02-24 11:25:36,477 :- 00377: 164 , 16.30 , 00.90 || 1708754136, 17.602201792504 , 78.126602819328, 0.01 , 0.01 ,16.75 , 9.99 , 0.75 , -0.27 , 0.68
2024-02-24 11:25:36,507 :- 00378: 167 , 16.40 , 00.90 || 1708754136, 17.602201792504 , 78.126602819328, 0.01 , 0.01 ,16.75 , 10.24 , 0.75 , -0.25 , 0.65
2024-02-24 11:25:36,537 :- 00379: 170 , 16.50 , 00.90 || 1708754136, 17.602206106350 , 78.126602925472, 0.01 , 0.01 ,17.32 , 9.87 , 0.76 , -0.17 , 0.58
2024-02-24 11:25:36,567 :- 00380: 170 , 16.50 , 00.90 || 1708754136, 17.602206106350 , 78.126602925472, 0.01 , 0.01 ,17.32 , 9.87 , 0.76 , -0.17 , 0.581708754136, 17.602206106350 , 78.126602925472, 0.01 , 0.01 ,17.32 , 9.49 , 0.74 , -0.15 , 0.55
2024-02-24 11:25:36,587 :- 00381: 175 , 16.80 , 00.90 || 1708754136, 17.602206106350 , 78.126602925472, 0.01 , 0.01 ,17.32 , 9.42 , 0.73 , -0.15 , 0.52
2024-02-24 11:25:36,617 :- 00382: 178 , 17.00 , 00.90 || 1708754136, 17.602206106350 , 78.126602925472, 0.01 , 0.01 ,17.32 , 9.15 , 0.74 , -0.11 , 0.44
2024-02-24 11:25:36,647 :- 00383: 181 , 17.10 , 00.90 || 1708754136, 17.602210508669 , 78.126602993668, 0.01 , 0.01 ,17.63 , 9.29 , 0.75 , -0.08 , 0.41
2024-02-24 11:25:36,677 :- 00384: 184 , 17.20 , 00.90 || 1708754136, 17.602210508669 , 78.126602993668, 0.01 , 0.01 ,17.63 , 9.04 , 0.75 , -0.13 , 0.34
2024-02-24 11:25:36,707 :- 00385: 187 , 17.30 , 00.90 || 1708754136, 17.602210508669 , 78.126602993668, 0.01 , 0.01 ,17.63 , 9.47 , 0.73 , -0.14 , 0.30
2024-02-24 11:25:36,737 :- 00386: 190 , 17.30 , 00.90 || 1708754136, 17.602214978335 , 78.126603059942, 0.01 , 0.01 ,17.90 , 9.89 , 0.73 , -0.14 , 0.23
2024-02-24 11:25:36,767 :- 00387: 193 , 17.40 , 00.90 || 1708754136, 17.602214978335 , 78.126603059942, 0.01 , 0.01 ,17.90 , 9.57 , 0.70 , -0.19 , 0.20
2024-02-24 11:25:36,797 :- 00388: 196 , 17.50 , 00.90 || 1708754136, 17.602214978335 , 78.126603059942, 0.01 , 0.01 ,17.90 , 10.10 , 0.69 , -0.20 , 0.13
2024-02-24 11:25:36,827 :- 00389: 199 , 17.60 , 00.90 || 1708754136, 17.602214978335 , 78.126603059942, 0.01 , 0.01 ,18.23 , 10.09 , 0.69 , -0.21 , 0.10
2024-02-24 11:25:36,857 :- 00390: 202 , 17.70 , 00.90 || 1708754136, 17.602219524103 , 78.126603087615, 0.01 , 0.01 ,18.23 , 10.09 , 0.65 , -0.25 , 0.03
2024-02-24 11:25:36,887 :- 00391: 205 , 17.80 , 00.90 || 1708754136, 17.602219524103 , 78.126603087615, 0.01 , 0.01 ,18.23 , 10.11 , 0.66 , -0.25 , 359.99
2024-02-24 11:25:36,917 :- 00392: 208 , 18.00 , 00.90 || 1708754136, 17.602219524103 , 78.126603087615, 0.01 , 0.01 ,18.23 , 10.05 , 0.68 , -0.24 , 359.91
2024-02-24 11:25:36,947 :- 00393: 211 , 18.00 , 00.90 || 1708754136, 17.602224176425 , 78.126603120901, 0.01 , 0.01 ,18.67 , 10.23 , 0.67 , -0.23 , 359.87
2024-02-24 11:25:36,977 :- 00394: 214 , 18.10 , 00.90 || 1708754136, 17.602224176425 , 78.126603120901, 0.01 , 0.01 ,18.67 , 10.34 , 0.70 , -0.22 , 359.79
2024-02-24 11:25:37,007 :- 00395: 217 , 18.30 , 00.90 || 1708754136, 17.602224176425 , 78.126603120901, 0.01 , 0.01 ,18.67 , 9.66 , 0.69 , -0.19 , 359.75
2024-02-24 11:25:37,037 :- 00396: 220 , 18.40 , 00.90 || 1708754137, 17.602224176425 , 78.126603120901, 0.01 , 0.01 ,18.67 , 9.94 , 0.69 , -0.15 , 359.67
2024-02-24 11:25:37,067 :- 00397: 223 , 18.50 , 00.90 || 1708754137, 17.602228930509 , 78.126603158878, 0.01 , 0.01 ,19.07 , 9.66 , 0.69 , -0.14 , 359.63
2024-02-24 11:25:37,097 :- 00398: 226 , 18.60 , 00.90 || 1708754137, 17.602228930509 , 78.126603158878, 0.01 , 0.01 ,19.07 , 9.69 , 0.70 , -0.08 , 359.55
2024-02-24 11:25:37,127 :- 00399: 229 , 18.70 , 00.90 || 1708754137, 17.602228930509 , 78.126603158878, 0.01 , 0.01 ,19.42 , 9.50 , 0.70 , -0.06 , 359.51
2024-02-24 11:25:37,157 :- 00400: 232 , 18.80 , 00.90 || 1708754137, 17.602233782037 , 78.126603169085, 0.01 , 0.01 ,19.42 , 9.83 , 0.72 , -0.02 , 359.44
2024-02-24 11:25:37,187 :- 00401: 235 , 18.90 , 00.90 || 1708754137, 17.602233782037 , 78.126603169085, 0.01 , 0.01 ,19.42 , 9.66 , 0.73 , -0.01 , 359.40
2024-02-24 11:25:37,217 :- 00402: 238 , 19.00 , 00.90 || 1708754137, 17.602233782037 , 78.126603169085, 0.01 , 0.01 ,19.42 , 9.66 , 0.75 , 0.01 , 359.31
2024-02-24 11:25:37,247 :- 00403: 241 , 19.10 , 00.90 || 1708754137, 17.602238713083 , 78.126603171848, 0.01 , 0.01 ,19.73 , 9.85 , 0.77 , 0.03 , 359.27
2024-02-24 11:25:37,277 :- 00404: 244 , 19.20 , 00.90 || 1708754137, 17.602238713083 , 78.126603171848, 0.01 , 0.01 ,19.73 , 10.03 , 0.79 , 0.03 , 359.19
2024-02-24 11:25:37,307 :- 00405: 247 , 19.30 , 00.90 || 1708754137, 17.602238713083 , 78.126603171848, 0.01 , 0.01 ,19.73 , 10.04 , 0.80 , 0.05 , 359.14
2024-02-24 11:25:37,337 :- 00406: 250 , 19.40 , 00.90 || 1708754137, 17.602243723131 , 78.126603164287, 0.01 , 0.01 ,20.00 , 9.76 , 0.81 , 0.08 , 359.06
2024-02-24 11:25:37,367 :- 00407: 253 , 19.50 , 00.90 || 1708754137, 17.602243723131 , 78.126603164287, 0.01 , 0.01 ,20.00 , 9.64 , 0.82 , 0.09 , 359.02
2024-02-24 11:25:37,397 :- 00408: 000 , 19.60 , 00.90 || 1708754137, 17.602243723131 , 78.126603164287, 0.01 , 0.01 ,20.00 , 9.82 , 0.82 , 0.12 , 358.94
2024-02-24 11:25:37,427 :- 00409: 003 , 19.70 , 00.90 || 1708754137, 17.602243723131 , 78.126603164287, 0.01 , 0.01 ,20.41 , 9.60 , 0.82 , 0.13 , 358.90
2024-02-24 11:25:37,457 :- 00410: 006 , 19.80 , 00.90 || 1708754137, 17.602248832424 , 78.126603111200, 0.01 , 0.01 ,20.41 , 9.49 , 0.82 , 0.16 , 358.82
2024-02-24 11:25:37,487 :- 00411: 009 , 19.90 , 00.90 || 1708754137, 17.602248832424 , 78.126603111200, 0.01 , 0.01 ,20.41 , 9.72 , 0.83 , 0.16 , 358.78
2024-02-24 11:25:37,517 :- 00412: 012 , 20.00 , 00.90 || 1708754137, 17.602248832424 , 78.126603111200, 0.01 , 0.01 ,20.41 , 9.51 , 0.82 , 0.16 , 358.70
2024-02-24 11:25:37,547 :- 00413: 015 , 20.10 , 00.90 || 1708754137, 17.602254016079 , 78.126603052341, 0.01 , 0.01 ,20.73 , 9.42 , 0.80 , 0.17 , 358.66
2024-02-24 11:25:37,577 :- 00414: 018 , 20.20 , 00.90 || 1708754137, 17.602254016079 , 78.126603052341, 0.01 , 0.01 ,20.73 , 9.54 , 0.80 , 0.14 , 358.57
2024-02-24 11:25:37,607 :- 00415: 021 , 20.30 , 00.90 || 1708754137, 17.602254016079 , 78.126603052341, 0.01 , 0.01 ,20.73 , 9.86 , 0.80 , 0.12 , 358.53
2024-02-24 11:25:37,637 :- 00416: 024 , 20.40 , 00.90 || 1708754137, 17.602259242504 , 78.126602959501, 0.01 , 0.01 ,20.88 , 10.09 , 0.81 , 0.11 , 358.44
2024-02-24 11:25:37,667 :- 00417: 027 , 20.40 , 00.90 || 1708754137, 17.602259242504 , 78.126602959501, 0.01 , 0.01 ,20.88 , 9.85 , 0.81 , 0.08 , 358.40
2024-02-24 11:25:37,697 :- 00418: 030 , 20.50 , 00.90 || 1708754137, 17.602259242504 , 78.126602959501, 0.01 , 0.01 ,20.88 , 10.10 , 0.83 , 0.07 , 358.32
2024-02-24 11:25:37,727 :- 00419: 033 , 20.60 , 00.90 || 1708754137, 17.602259242504 , 78.126602959501, 0.01 , 0.01 ,21.23 , 10.19 , 0.83 , 0.07 , 358.28
2024-02-24 11:25:37,757 :- 00420: 036 , 20.70 , 00.90 || 1708754137, 17.602264551010 , 78.126602860904, 0.01 , 0.01 ,21.23 , 9.91 , 0.83 , 0.07 , 358.20
2024-02-24 11:25:37,787 :- 00421: 039 , 20.80 , 00.90 || 1708754137, 17.602264551010 , 78.126602860904, 0.01 , 0.01 ,21.23 , 9.79 , 0.82 , 0.08 , 358.16
2024-02-24 11:25:37,817 :- 00422: 042 , 20.90 , 00.90 || 1708754137, 17.602264551010 , 78.126602860904, 0.01 , 0.01 ,21.23 , 9.88 , 0.82 , 0.09 , 358.08
2024-02-24 11:25:37,847 :- 00423: 042 , 20.90 , 00.90 || 1708754137, 17.602264551010 , 78.126602860904, 0.01 , 0.01 ,21.23 , 9.88 , 0.82 , 0.09 , 358.081708754137, 17.602269947389 , 78.126602726985, 0.01 , 0.01 ,21.59 , 10.02 , 0.81 , 0.11 , 358.04
2024-02-24 11:25:37,867 :- 00424: 047 , 21.00 , 00.80 || 1708754137, 17.602269947389 , 78.126602726985, 0.01 , 0.01 ,21.59 , 9.84 , 0.82 , 0.12 , 357.99
2024-02-24 11:25:37,897 :- 00425: 050 , 21.10 , 00.80 || 1708754137, 17.602269947389 , 78.126602726985, 0.01 , 0.01 ,21.59 , 9.79 , 0.85 , 0.15 , 357.90
2024-02-24 11:25:37,927 :- 00426: 053 , 21.20 , 00.70 || 1708754137, 17.602269947389 , 78.126602726985, 0.01 , 0.01 ,21.90 , 9.56 , 0.87 , 0.16 , 357.86
2024-02-24 11:25:37,957 :- 00427: 056 , 21.20 , 00.70 || 1708754137, 17.602275422444 , 78.126602587849, 0.01 , 0.01 ,21.90 , 10.19 , 0.92 , 0.18 , 357.78
2024-02-24 11:25:37,987 :- 00428: 059 , 21.30 , 00.70 || 1708754137, 17.602275422444 , 78.126602587849, 0.01 , 0.01 ,21.90 , 9.63 , 0.92 , 0.20 , 357.74
2024-02-24 11:25:38,017 :- 00429: 062 , 21.40 , 00.60 || 1708754138, 17.602275422444 , 78.126602587849, 0.01 , 0.01 ,21.90 , 10.14 , 0.90 , 0.23 , 357.68
2024-02-24 11:25:38,047 :- 00430: 065 , 21.50 , 00.60 || 1708754138, 17.602275422444 , 78.126602587849, 0.00 , 0.00 ,22.11 , 9.30 , 0.87 , 0.25 , 357.65
2024-02-24 11:25:38,077 :- 00431: 068 , 21.50 , 00.60 || 1708754138, 17.602280975416 , 78.126602553815, 0.00 , 0.00 ,22.11 , 9.88 , 0.86 , 0.27 , 357.58
2024-02-24 11:25:38,107 :- 00432: 071 , 21.60 , 00.50 || 1708754138, 17.602280975416 , 78.126602553815, 0.00 , 0.00 ,22.11 , 9.91 , 0.87 , 0.29 , 357.56
2024-02-24 11:25:38,137 :- 00433: 074 , 21.70 , 00.50 || 1708754138, 17.602286571438 , 78.126602342805, 0.00 , 0.00 ,22.35 , 9.63 , 0.87 , 0.29 , 357.50
2024-02-24 11:25:38,167 :- 00434: 077 , 21.80 , 00.50 || 1708754138, 17.602286571438 , 78.126602342805, 0.00 , 0.00 ,22.35 , 9.50 , 0.88 , 0.29 , 357.47
2024-02-24 11:25:38,197 :- 00435: 080 , 21.80 , 00.50 || 1708754138, 17.602286571438 , 78.126602342805, 0.00 , 0.00 ,22.35 , 9.84 , 0.91 , 0.30 , 357.41
2024-02-24 11:25:38,227 :- 00436: 083 , 21.90 , 00.50 || 1708754138, 17.602286571438 , 78.126602342805, 0.00 , 0.00 ,22.54 , 9.66 , 0.93 , 0.26 , 357.39
2024-02-24 11:25:38,257 :- 00437: 086 , 22.00 , 00.50 || 1708754138, 17.602292214723 , 78.126602149874, 0.00 , 0.00 ,22.54 , 9.77 , 1.01 , 0.28 , 357.34
2024-02-24 11:25:38,287 :- 00438: 089 , 22.10 , 00.50 || 1708754138, 17.602292214723 , 78.126602149874, 0.00 , 0.00 ,22.54 , 9.44 , 1.04 , 0.28 , 357.32
2024-02-24 11:25:38,317 :- 00439: 092 , 22.20 , 00.50 || 1708754138, 17.602292214723 , 78.126602149874, 0.00 , 0.00 ,22.54 , 9.87 , 1.12 , 0.25 , 357.28
2024-02-24 11:25:38,347 :- 00440: 095 , 22.20 , 00.50 || 1708754138, 17.602297926839 , 78.126601979038, 0.00 , 0.00 ,22.85 , 10.07 , 1.13 , 0.27 , 357.25
2024-02-24 11:25:38,377 :- 00441: 098 , 22.30 , 00.40 || 1708754138, 17.602297926839 , 78.126601979038, 0.00 , 0.00 ,22.85 , 9.69 , 1.14 , 0.26 , 357.20
2024-02-24 11:25:38,407 :- 00442: 101 , 22.40 , 00.40 || 1708754138, 17.602297926839 , 78.126601979038, 0.00 , 0.00 ,22.85 , 9.52 , 1.13 , 0.24 , 357.18
2024-02-24 11:25:38,437 :- 00443: 104 , 22.40 , 00.40 || 1708754138, 17.602303704982 , 78.126601774206, 0.00 , 0.00 ,23.09 , 10.22 , 1.11 , 0.25 , 357.14
2024-02-24 11:25:38,467 :- 00444: 107 , 22.50 , 00.40 || 1708754138, 17.602303704982 , 78.126601774206, 0.00 , 0.00 ,23.09 , 9.64 , 1.11 , 0.23 , 357.12
2024-02-24 11:25:38,497 :- 00445: 110 , 22.60 , 00.30 || 1708754138, 17.602303704982 , 78.126601774206, 0.00 , 0.00 ,23.09 , 10.23 , 1.12 , 0.21 , 357.08
2024-02-24 11:25:38,527 :- 00446: 113 , 22.70 , 00.30 || 1708754138, 17.602303704982 , 78.126601774206, 0.00 , 0.00 ,23.25 , 9.88 , 1.13 , 0.19 , 357.06
2024-02-24 11:25:38,557 :- 00447: 116 , 22.70 , 00.30 || 1708754138, 17.602309521383 , 78.126601499276, 0.00 , 0.00 ,23.25 , 9.88 , 1.13 , 0.18 , 357.02
2024-02-24 11:25:38,587 :- 00448: 119 , 22.80 , 00.30 || 1708754138, 17.602309521383 , 78.126601499276, 0.00 , 0.00 ,23.25 , 10.81 , 1.13 , 0.20 , 357.00
2024-02-24 11:25:38,617 :- 00449: 122 , 22.90 , 00.30 || 1708754138, 17.602309521383 , 78.126601499276, 0.00 , 0.00 ,23.25 , 8.85 , 1.08 , 0.16 , 356.96
2024-02-24 11:25:38,647 :- 00450: 125 , 23.00 , 00.30 || 1708754138, 17.602315408867 , 78.126601238168, 0.00 , 0.00 ,23.55 , 9.74 , 1.07 , 0.18 , 356.94
2024-02-24 11:25:38,677 :- 00451: 128 , 23.10 , 00.30 || 1708754138, 17.602315408867 , 78.126601238168, 0.00 , 0.00 ,23.55 , 9.28 , 1.08 , 0.16 , 356.90
2024-02-24 11:25:38,707 :- 00452: 131 , 23.10 , 00.30 || 1708754138, 17.602315408867 , 78.126601238168, 0.00 , 0.00 ,23.55 , 10.17 , 1.08 , 0.12 , 356.87
2024-02-24 11:25:38,737 :- 00453: 134 , 23.20 , 00.30 || 1708754138, 17.602321351105 , 78.126600969962, 0.00 , 0.00 ,23.69 , 9.81 , 1.09 , 0.14 , 356.83
2024-02-24 11:25:38,767 :- 00454: 137 , 23.20 , 00.30 || 1708754138, 17.602321351105 , 78.126600969962, 0.00 , 0.00 ,23.69 , 10.11 , 1.10 , 0.13 , 356.81
2024-02-24 11:25:38,797 :- 00455: 140 , 23.20 , 00.30 || 1708754138, 17.602321351105 , 78.126600969962, 0.00 , 0.00 ,23.69 , 10.01 , 1.11 , 0.13 , 356.78
2024-02-24 11:25:38,827 :- 00456: 143 , 23.30 , 00.30 || 1708754138, 17.602321351105 , 78.126600969962, 0.00 , 0.00 ,23.95 , 10.15 , 1.14 , 0.13 , 356.76
2024-02-24 11:25:38,857 :- 00457: 146 , 23.30 , 00.30 || 1708754138, 17.602327342357 , 78.126600693645, 0.00 , 0.00 ,23.95 , 9.89 , 1.14 , 0.15 , 356.73
2024-02-24 11:25:38,887 :- 00458: 149 , 23.40 , 00.30 || 1708754138, 17.602327342357 , 78.126600693645, 0.00 , 0.00 ,23.95 , 10.19 , 1.15 , 0.17 , 356.71
2024-02-24 11:25:38,917 :- 00459: 152 , 23.50 , 00.30 || 1708754138, 17.602327342357 , 78.126600693645, 0.00 , 0.00 ,23.95 , 9.58 , 1.14 , 0.19 , 356.68
2024-02-24 11:25:38,947 :- 00460: 155 , 23.50 , 00.30 || 1708754138, 17.602333390234 , 78.126600398776, 0.00 , 0.00 ,24.21 , 10.17 , 1.13 , 0.22 , 356.66
2024-02-24 11:25:38,977 :- 00461: 158 , 23.60 , 00.30 || 1708754138, 17.602333390234 , 78.126600398776, 0.00 , 0.00 ,24.21 , 9.43 , 1.10 , 0.26 , 356.63
2024-02-24 11:25:39,007 :- 00462: 161 , 23.60 , 00.30 || 1708754138, 17.602333390234 , 78.126600398776, 0.00 , 0.00 ,24.21 , 9.89 , 1.10 , 0.25 , 356.61
2024-02-24 11:25:39,037 :- 00463: 164 , 23.70 , 00.30 || 1708754139, 17.602333390234 , 78.126600398776, 0.00 , 0.00 ,24.21 , 9.69 , 1.10 , 0.28 , 356.57
2024-02-24 11:25:39,067 :- 00464: 167 , 23.80 , 00.30 || 1708754139, 17.602339495913 , 78.126600072543, 0.00 , 0.01 ,24.38 , 9.48 , 1.10 , 0.25 , 356.56
2024-02-24 11:25:39,097 :- 00465: 170 , 23.80 , 00.30 || 1708754139, 17.602339495913 , 78.126600072543, 0.00 , 0.01 ,24.38 , 9.41 , 1.12 , 0.21 , 356.52
2024-02-24 11:25:39,127 :- 00466: 170 , 23.80 , 00.30 || 1708754139, 17.602339495913 , 78.126600072543, 0.00 , 0.01 ,24.38 , 9.41 , 1.12 , 0.21 , 356.521708754139, 17.602339495913 , 78.126600072543, 0.01 , 0.01 ,24.40 , 9.60 , 1.13 , 0.22 , 356.51
2024-02-24 11:25:39,147 :- 00467: 175 , 23.90 , 00.30 || 1708754139, 17.602345608861 , 78.126599748942, 0.01 , 0.01 ,24.40 , 9.93 , 1.14 , 0.21 , 356.49
2024-02-24 11:25:39,177 :- 00468: 178 , 24.00 , 00.30 || 1708754139, 17.602345608861 , 78.126599748942, 0.01 , 0.01 ,24.40 , 9.65 , 1.09 , 0.14 , 356.45
2024-02-24 11:25:39,207 :- 00469: 181 , 24.00 , 00.30 || 1708754139, 17.602345608861 , 78.126599748942, 0.01 , 0.01 ,24.40 , 10.02 , 1.08 , 0.15 , 356.43
2024-02-24 11:25:39,237 :- 00470: 184 , 24.10 , 00.30 || 1708754139, 17.602351781814 , 78.126599399551, 0.01 , 0.01 ,24.69 , 9.44 , 1.07 , 0.15 , 356.40
2024-02-24 11:25:39,267 :- 00471: 187 , 24.10 , 00.30 || 1708754139, 17.602351781814 , 78.126599399551, 0.01 , 0.01 ,24.69 , 10.06 , 1.08 , 0.11 , 356.38
2024-02-24 11:25:39,297 :- 00472: 190 , 24.20 , 00.30 || 1708754139, 17.602351781814 , 78.126599399551, 0.01 , 0.01 ,24.69 , 9.69 , 1.11 , 0.14 , 356.35
2024-02-24 11:25:39,327 :- 00473: 193 , 24.20 , 00.30 || 1708754139, 17.602351781814 , 78.126599399551, 0.01 , 0.01 ,25.04 , 10.35 , 1.14 , 0.13 , 356.33
2024-02-24 11:25:39,357 :- 00474: 196 , 24.30 , 00.30 || 1708754139, 17.602358027644 , 78.126599067210, 0.01 , 0.01 ,25.04 , 9.91 , 1.16 , 0.12 , 356.29
2024-02-24 11:25:39,387 :- 00475: 199 , 24.30 , 00.30 || 1708754139, 17.602358027644 , 78.126599067210, 0.01 , 0.01 ,25.04 , 10.49 , 1.18 , 0.15 , 356.27
2024-02-24 11:25:39,417 :- 00476: 202 , 24.40 , 00.30 || 1708754139, 17.602358027644 , 78.126599067210, 0.01 , 0.01 ,25.04 , 10.58 , 1.20 , 0.18 , 356.24
2024-02-24 11:25:39,447 :- 00477: 205 , 24.40 , 00.30 || 1708754139, 17.602364305356 , 78.126598726002, 0.01 , 0.01 ,25.11 , 9.95 , 1.20 , 0.18 , 356.22
2024-02-24 11:25:39,477 :- 00478: 208 , 24.50 , 00.30 || 1708754139, 17.602364305356 , 78.126598726002, 0.01 , 0.01 ,25.11 , 9.03 , 1.17 , 0.26 , 356.19
2024-02-24 11:25:39,507 :- 00479: 211 , 24.60 , 00.30 || 1708754139, 17.602364305356 , 78.126598726002, 0.01 , 0.01 ,25.11 , 10.48 , 1.21 , 0.31 , 356.17
2024-02-24 11:25:39,537 :- 00480: 214 , 24.60 , 00.30 || 1708754139, 17.602370644353 , 78.126598355925, 0.01 , 0.01 ,25.30 , 9.74 , 1.22 , 0.31 , 356.13
2024-02-24 11:25:39,567 :- 00481: 217 , 24.70 , 00.30 || 1708754139, 17.602370644353 , 78.126598355925, 0.01 , 0.01 ,25.30 , 9.51 , 1.22 , 0.33 , 356.11
2024-02-24 11:25:39,597 :- 00482: 220 , 24.70 , 00.30 || 1708754139, 17.602370644353 , 78.126598355925, 0.01 , 0.01 ,25.30 , 9.62 , 1.26 , 0.40 , 356.08
2024-02-24 11:25:39,627 :- 00483: 223 , 24.60 , 00.30 || 1708754139, 17.602370644353 , 78.126598355925, 0.01 , 0.01 ,25.19 , 9.98 , 1.31 , 0.42 , 356.06
2024-02-24 11:25:39,657 :- 00484: 226 , 24.60 , 00.30 || 1708754139, 17.602376968132 , 78.126597994237, 0.01 , 0.01 ,25.19 , 9.34 , 1.31 , 0.39 , 356.03
2024-02-24 11:25:39,687 :- 00485: 229 , 24.60 , 00.30 || 1708754139, 17.602376968132 , 78.126597994237, 0.01 , 0.01 ,25.19 , 9.39 , 1.33 , 0.43 , 356.01
2024-02-24 11:25:39,717 :- 00486: 232 , 24.60 , 00.30 || 1708754139, 17.602376968132 , 78.126597994237, 0.01 , 0.01 ,25.19 , 9.79 , 1.35 , 0.46 , 355.98
2024-02-24 11:25:39,747 :- 00487: 235 , 24.60 , 00.30 || 1708754139, 17.602383271597 , 78.126597624548, 0.01 , 0.01 ,25.12 , 9.62 , 1.34 , 0.44 , 355.96
2024-02-24 11:25:39,777 :- 00488: 238 , 24.50 , 00.30 || 1708754139, 17.602383271597 , 78.126597624548, 0.01 , 0.01 ,25.12 , 9.76 , 1.35 , 0.44 , 355.93
2024-02-24 11:25:39,807 :- 00489: 241 , 24.50 , 00.30 || 1708754139, 17.602383271597 , 78.126597624548, 0.01 , 0.01 ,25.12 , 9.70 , 1.36 , 0.46 , 355.91
2024-02-24 11:25:39,837 :- 00490: 244 , 24.50 , 00.30 || 1708754139, 17.602389550488 , 78.126597236313, 0.01 , 0.01 ,25.01 , 10.33 , 1.39 , 0.45 , 355.88
2024-02-24 11:25:39,867 :- 00491: 247 , 24.50 , 00.20 || 1708754139, 17.602389550488 , 78.126597236313, 0.01 , 0.01 ,25.01 , 9.94 , 1.40 , 0.45 , 355.87
2024-02-24 11:25:39,897 :- 00492: 250 , 24.50 , 00.20 || 1708754139, 17.602389550488 , 78.126597236313, 0.01 , 0.01 ,25.01 , 9.95 , 1.45 , 0.47 , 355.83
2024-02-24 11:25:39,927 :- 00493: 253 , 24.50 , 00.20 || 1708754139, 17.602389550488 , 78.126597236313, 0.01 , 0.01 ,24.94 , 9.78 , 1.46 , 0.47 , 355.82
2024-02-24 11:25:39,957 :- 00494: 000 , 24.40 , 00.20 || 1708754139, 17.602395806534 , 78.126596847008, 0.01 , 0.01 ,24.94 , 10.04 , 1.52 , 0.49 , 355.79
2024-02-24 11:25:39,987 :- 00495: 003 , 24.40 , 00.20 || 1708754139, 17.602395806534 , 78.126596847008, 0.01 , 0.01 ,24.94 , 9.39 , 1.54 , 0.47 , 355.77
2024-02-24 11:25:40,017 :- 00496: 006 , 24.40 , 00.20 || 1708754140, 17.602395806534 , 78.126596847008, 0.01 , 0.01 ,24.94 , 9.90 , 1.62 , 0.49 , 355.75
2024-02-24 11:25:40,047 :- 00497: 009 , 24.30 , 00.20 || 1708754140, 17.602395806534 , 78.126596847008, 0.01 , 0.01 ,24.82 , 9.92 , 1.64 , 0.49 , 355.74
2024-02-24 11:25:40,077 :- 00498: 012 , 24.30 , 00.20 || 1708754140, 17.602402042559 , 78.126596474607, 0.01 , 0.01 ,24.82 , 9.86 , 1.70 , 0.46 , 355.71
2024-02-24 11:25:40,107 :- 00499: 015 , 24.30 , 00.20 || 1708754140, 17.602402042559 , 78.126596474607, 0.01 , 0.01 ,24.82 , 9.68 , 1.73 , 0.46 , 355.70
2024-02-24 11:25:40,137 :- 00500: 018 , 24.20 , 00.10 || 1708754140, 17.602408223594 , 78.126596111770, 0.01 , 0.01 ,24.58 , 9.66 , 1.77 , 0.47 , 355.67
2024-02-24 11:25:40,167 :- 00501: 021 , 24.20 , 00.10 || 1708754140, 17.602408223594 , 78.126596111770, 0.01 , 0.01 ,24.58 , 9.92 , 1.79 , 0.46 , 355.67
2024-02-24 11:25:40,197 :- 00502: 024 , 24.10 , 00.00 || 1708754140, 17.602408223594 , 78.126596111770, 0.01 , 0.01 ,24.58 , 9.80 , 1.81 , 0.46 , 355.65
2024-02-24 11:25:40,227 :- 00503: 027 , 24.00 , -0.00 || 1708754140, 17.602408223594 , 78.126596111770, 0.01 , 0.01 ,24.48 , 9.87 , 1.82 , 0.49 , 355.64
2024-02-24 11:25:40,257 :- 00504: 030 , 23.90 , -0.10 || 1708754140, 17.602414364268 , 78.126595704662, 0.01 , 0.01 ,24.48 , 9.87 , 1.82 , 0.53 , 355.64
2024-02-24 11:25:40,287 :- 00505: 033 , 23.90 , -0.20 || 1708754140, 17.602414364268 , 78.126595704662, 0.01 , 0.01 ,24.48 , 9.74 , 1.80 , 0.53 , 355.63
2024-02-24 11:25:40,317 :- 00506: 036 , 23.80 , -0.30 || 1708754140, 17.602414364268 , 78.126595704662, 0.01 , 0.01 ,24.48 , 9.96 , 1.79 , 0.61 , 355.63
2024-02-24 11:25:40,347 :- 00507: 039 , 23.70 , -0.50 || 1708754140, 17.602420463510 , 78.126595288570, 0.01 , 0.01 ,24.27 , 9.60 , 1.77 , 0.62 , 355.63
2024-02-24 11:25:40,377 :- 00508: 042 , 23.60 , -0.60 || 1708754140, 17.602420463510 , 78.126595288570, 0.01 , 0.01 ,24.27 , 9.98 , 1.79 , 0.66 , 355.64
2024-02-24 11:25:40,407 :- 00509: 042 , 23.60 , -0.60 || 1708754140, 17.602420463510 , 78.126595288570, 0.01 , 0.01 ,24.27 , 9.98 , 1.79 , 0.66 , 355.641708754140, 17.602420463510 , 78.126595288570, 0.01 , 0.01 ,24.27 , 9.76 , 1.78 , 0.69 , 355.65
2024-02-24 11:25:40,427 :- 00510: 047 , 23.50 , -0.90 || 1708754140, 17.602420463510 , 78.126595288570, 0.01 , 0.01 ,24.09 , 9.77 , 1.78 , 0.72 , 355.66
2024-02-24 11:25:40,457 :- 00511: 050 , 23.50 , -1.00 || 1708754140, 17.602426501302 , 78.126594878298, 0.01 , 0.01 ,24.09 , 9.89 , 1.77 , 0.75 , 355.71
2024-02-24 11:25:40,487 :- 00512: 053 , 23.40 , -1.10 || 1708754140, 17.602426501302 , 78.126594878298, 0.01 , 0.01 ,24.09 , 9.75 , 1.77 , 0.77 , 355.75
2024-02-24 11:25:40,517 :- 00513: 056 , 23.40 , -1.20 || 1708754140, 17.602426501302 , 78.126594878298, 0.01 , 0.01 ,24.09 , 9.71 , 1.73 , 0.81 , 355.83
2024-02-24 11:25:40,547 :- 00514: 059 , 23.30 , -1.30 || 1708754140, 17.602432473213 , 78.126594483964, 0.01 , 0.01 ,23.82 , 9.41 , 1.70 , 0.81 , 355.88
2024-02-24 11:25:40,577 :- 00515: 062 , 23.30 , -1.30 || 1708754140, 17.602432473213 , 78.126594483964, 0.01 , 0.01 ,23.82 , 9.28 , 1.65 , 0.83 , 355.99
2024-02-24 11:25:40,607 :- 00516: 065 , 23.20 , -1.40 || 1708754140, 17.602432473213 , 78.126594483964, 0.01 , 0.01 ,23.82 , 9.47 , 1.63 , 0.83 , 356.04
2024-02-24 11:25:40,637 :- 00517: 068 , 23.10 , -1.40 || 1708754140, 17.602438377592 , 78.126594075542, 0.01 , 0.01 ,23.45 , 9.58 , 1.59 , 0.80 , 356.16
2024-02-24 11:25:40,668 :- 00518: 071 , 23.10 , -1.50 || 1708754140, 17.602438377592 , 78.126594075542, 0.01 , 0.01 ,23.45 , 9.47 , 1.56 , 0.81 , 356.23
2024-02-24 11:25:40,698 :- 00519: 074 , 23.00 , -1.50 || 1708754140, 17.602438377592 , 78.126594075542, 0.01 , 0.01 ,23.45 , 9.84 , 1.54 , 0.77 , 356.36
2024-02-24 11:25:40,727 :- 00520: 077 , 22.90 , -1.50 || 1708754140, 17.602438377592 , 78.126594075542, 0.01 , 0.01 ,23.26 , 9.80 , 1.54 , 0.76 , 356.43
2024-02-24 11:25:40,757 :- 00521: 080 , 22.80 , -1.60 || 1708754140, 17.602444217642 , 78.126593727476, 0.01 , 0.01 ,23.26 , 9.54 , 1.50 , 0.74 , 356.57
2024-02-24 11:25:40,787 :- 00522: 083 , 22.80 , -1.60 || 1708754140, 17.602444217642 , 78.126593727476, 0.01 , 0.01 ,23.26 , 10.11 , 1.50 , 0.72 , 356.65
2024-02-24 11:25:40,817 :- 00523: 086 , 22.70 , -1.60 || 1708754140, 17.602444217642 , 78.126593727476, 0.01 , 0.01 ,23.26 , 10.10 , 1.47 , 0.72 , 356.79
2024-02-24 11:25:40,847 :- 00524: 089 , 22.60 , -1.60 || 1708754140, 17.602449999579 , 78.126593436324, 0.01 , 0.01 ,23.04 , 10.17 , 1.46 , 0.73 , 356.86
2024-02-24 11:25:40,877 :- 00525: 092 , 22.60 , -1.70 || 1708754140, 17.602449999579 , 78.126593436324, 0.01 , 0.01 ,23.04 , 9.75 , 1.46 , 0.75 , 357.00
2024-02-24 11:25:40,907 :- 00526: 095 , 22.50 , -1.70 || 1708754140, 17.602449999579 , 78.126593436324, 0.01 , 0.01 ,23.04 , 10.16 , 1.47 , 0.76 , 357.08
2024-02-24 11:25:40,937 :- 00527: 098 , 22.50 , -1.70 || 1708754140, 17.602455770767 , 78.126593176270, 0.01 , 0.01 ,23.01 , 9.87 , 1.47 , 0.78 , 357.22
2024-02-24 11:25:40,967 :- 00528: 101 , 22.40 , -1.70 || 1708754140, 17.602455770767 , 78.126593176270, 0.01 , 0.01 ,23.01 , 9.80 , 1.49 , 0.80 , 357.29
2024-02-24 11:25:40,997 :- 00529: 104 , 22.40 , -1.70 || 1708754140, 17.602455770767 , 78.126593176270, 0.01 , 0.01 ,23.01 , 9.95 , 1.52 , 0.82 , 357.44
2024-02-24 11:25:41,027 :- 00530: 107 , 22.30 , -1.70 || 1708754141, 17.602455770767 , 78.126593176270, 0.01 , 0.01 ,23.01 , 9.70 , 1.51 , 0.83 , 357.52
2024-02-24 11:25:41,057 :- 00531: 110 , 22.30 , -1.70 || 1708754141, 17.602461483090 , 78.126593003528, 0.01 , 0.01 ,22.74 , 9.89 , 1.48 , 0.82 , 357.68
2024-02-24 11:25:41,087 :- 00532: 113 , 22.20 , -1.70 || 1708754141, 17.602461483090 , 78.126593003528, 0.01 , 0.01 ,22.74 , 9.78 , 1.47 , 0.85 , 357.75
2024-02-24 11:25:41,117 :- 00533: 116 , 22.10 , -1.70 || 1708754141, 17.602461483090 , 78.126593003528, 0.01 , 0.01 ,22.74 , 9.54 , 1.43 , 0.86 , 357.91
2024-02-24 11:25:41,147 :- 00534: 119 , 22.10 , -1.70 || 1708754141, 17.602467146783 , 78.126592810345, 0.01 , 0.01 ,22.52 , 9.68 , 1.44 , 0.85 , 357.99
2024-02-24 11:25:41,177 :- 00535: 122 , 22.00 , -1.70 || 1708754141, 17.602467146783 , 78.126592810345, 0.01 , 0.01 ,22.52 , 9.72 , 1.44 , 0.89 , 358.14
2024-02-24 11:25:41,207 :- 00536: 125 , 22.00 , -1.70 || 1708754141, 17.602467146783 , 78.126592810345, 0.01 , 0.01 ,22.52 , 9.58 , 1.45 , 0.88 , 358.21
2024-02-24 11:25:41,237 :- 00537: 128 , 21.90 , -1.70 || 1708754141, 17.602472750259 , 78.126592689262, 0.01 , 0.01 ,22.27 , 9.46 , 1.46 , 0.87 , 358.36
2024-02-24 11:25:41,267 :- 00538: 131 , 21.90 , -1.70 || 1708754141, 17.602472750259 , 78.126592689262, 0.01 , 0.01 ,22.27 , 9.92 , 1.47 , 0.87 , 358.43
2024-02-24 11:25:41,297 :- 00539: 134 , 21.80 , -1.70 || 1708754141, 17.602472750259 , 78.126592689262, 0.01 , 0.01 ,22.27 , 9.82 , 1.47 , 0.85 , 358.58
2024-02-24 11:25:41,327 :- 00540: 137 , 21.70 , -1.70 || 1708754141, 17.602472750259 , 78.126592689262, 0.01 , 0.01 ,21.98 , 9.79 , 1.45 , 0.84 , 358.65
2024-02-24 11:25:41,357 :- 00541: 140 , 21.60 , -1.70 || 1708754141, 17.602478282393 , 78.126592613945, 0.01 , 0.01 ,21.98 , 9.91 , 1.43 , 0.85 , 358.80
2024-02-24 11:25:41,387 :- 00542: 143 , 21.50 , -1.70 || 1708754141, 17.602478282393 , 78.126592613945, 0.01 , 0.01 ,21.98 , 9.78 , 1.43 , 0.83 , 358.87
2024-02-24 11:25:41,417 :- 00543: 146 , 21.40 , -1.70 || 1708754141, 17.602478282393 , 78.126592613945, 0.01 , 0.01 ,21.98 , 10.15 , 1.42 , 0.86 , 359.02
2024-02-24 11:25:41,447 :- 00544: 149 , 21.30 , -1.70 || 1708754141, 17.602483748085 , 78.126592556214, 0.01 , 0.01 ,21.67 , 10.34 , 1.40 , 0.86 , 359.09
2024-02-24 11:25:41,477 :- 00545: 152 , 21.30 , -1.70 || 1708754141, 17.602483748085 , 78.126592556214, 0.01 , 0.01 ,21.67 , 9.45 , 1.34 , 0.91 , 359.24
2024-02-24 11:25:41,507 :- 00546: 155 , 21.20 , -1.70 || 1708754141, 17.602483748085 , 78.126592556214, 0.01 , 0.01 ,21.67 , 10.28 , 1.35 , 0.92 , 359.31
2024-02-24 11:25:41,537 :- 00547: 158 , 21.10 , -1.70 || 1708754141, 17.602489154337 , 78.126592522898, 0.01 , 0.01 ,21.46 , 9.66 , 1.33 , 0.95 , 359.44
2024-02-24 11:25:41,567 :- 00548: 161 , 21.00 , -1.70 || 1708754141, 17.602489154337 , 78.126592522898, 0.01 , 0.01 ,21.46 , 9.77 , 1.32 , 0.96 , 359.51
2024-02-24 11:25:41,597 :- 00549: 164 , 20.90 , -1.70 || 1708754141, 17.602489154337 , 78.126592522898, 0.01 , 0.01 ,21.46 , 9.29 , 1.32 , 0.96 , 359.65
2024-02-24 11:25:41,627 :- 00550: 167 , 20.80 , -1.70 || 1708754141, 17.602489154337 , 78.126592522898, 0.01 , 0.01 ,21.00 , 9.63 , 1.32 , 0.95 , 359.71
2024-02-24 11:25:41,657 :- 00551: 170 , 20.60 , -1.70 || 1708754141, 17.602494446967 , 78.126592545741, 0.01 , 0.01 ,21.00 , 9.90 , 1.32 , 0.93 , 359.85
2024-02-24 11:25:41,687 :- 00552: 170 , 20.60 , -1.70 || 1708754141, 17.602494446967 , 78.126592545741, 0.01 , 0.01 ,21.00 , 9.90 , 1.32 , 0.93 , 359.851708754141, 17.602494446967 , 78.126592545741, 0.01 , 0.01 ,21.00 , 9.42 , 1.30 , 0.91 , 359.92
2024-02-24 11:25:41,707 :- 00553: 175 , 20.50 , -1.70 || 1708754141, 17.602494446967 , 78.126592545741, 0.01 , 0.01 ,21.00 , 9.67 , 1.28 , 0.91 , 360.00
2024-02-24 11:25:41,737 :- 00554: 178 , 20.40 , -1.70 || 1708754141, 17.602499634732 , 78.126592603238, 0.01 , 0.01 ,20.59 , 9.87 , 1.26 , 0.90 , 0.14
2024-02-24 11:25:41,767 :- 00555: 181 , 20.20 , -1.70 || 1708754141, 17.602499634732 , 78.126592603238, 0.01 , 0.01 ,20.59 , 10.11 , 1.25 , 0.88 , 0.21
2024-02-24 11:25:41,797 :- 00556: 184 , 20.10 , -1.70 || 1708754141, 17.602499634732 , 78.126592603238, 0.01 , 0.01 ,20.59 , 9.50 , 1.21 , 0.88 , 0.35
2024-02-24 11:25:41,827 :- 00557: 187 , 20.00 , -1.70 || 1708754141, 17.602499634732 , 78.126592603238, 0.01 , 0.01 ,20.33 , 9.88 , 1.22 , 0.87 , 0.42
2024-02-24 11:25:41,857 :- 00558: 190 , 20.00 , -1.70 || 1708754141, 17.602504752689 , 78.126592670590, 0.01 , 0.01 ,20.33 , 9.60 , 1.24 , 0.87 , 0.55
2024-02-24 11:25:41,887 :- 00559: 193 , 19.90 , -1.70 || 1708754141, 17.602504752689 , 78.126592670590, 0.01 , 0.01 ,20.33 , 9.65 , 1.23 , 0.84 , 0.62
2024-02-24 11:25:41,917 :- 00560: 196 , 19.80 , -1.70 || 1708754141, 17.602504752689 , 78.126592670590, 0.01 , 0.01 ,20.33 , 9.87 , 1.23 , 0.80 , 0.76
2024-02-24 11:25:41,947 :- 00561: 199 , 19.70 , -1.70 || 1708754141, 17.602509782309 , 78.126592802330, 0.01 , 0.01 ,19.95 , 9.79 , 1.21 , 0.79 , 0.83
2024-02-24 11:25:41,977 :- 00562: 202 , 19.60 , -1.70 || 1708754141, 17.602509782309 , 78.126592802330, 0.01 , 0.01 ,19.95 , 9.93 , 1.20 , 0.74 , 0.97
2024-02-24 11:25:42,007 :- 00563: 205 , 19.50 , -1.70 || 1708754141, 17.602509782309 , 78.126592802330, 0.01 , 0.01 ,19.95 , 9.91 , 1.18 , 0.72 , 1.04
2024-02-24 11:25:42,037 :- 00564: 208 , 19.40 , -1.70 || 1708754142, 17.602509782309 , 78.126592802330, 0.01 , 0.01 ,19.95 , 10.26 , 1.15 , 0.70 , 1.18
2024-02-24 11:25:42,067 :- 00565: 211 , 19.30 , -1.70 || 1708754142, 17.602514733707 , 78.126592919969, 0.01 , 0.01 ,19.71 , 10.29 , 1.13 , 0.70 , 1.25
2024-02-24 11:25:42,097 :- 00566: 214 , 19.30 , -1.70 || 1708754142, 17.602514733707 , 78.126592919969, 0.01 , 0.01 ,19.71 , 9.66 , 1.08 , 0.69 , 1.39
2024-02-24 11:25:42,127 :- 00567: 217 , 19.20 , -1.80 || 1708754142, 17.602514733707 , 78.126592919969, 0.01 , 0.01 ,19.54 , 9.71 , 1.08 , 0.70 , 1.46
2024-02-24 11:25:42,157 :- 00568: 220 , 19.20 , -1.80 || 1708754142, 17.602519643195 , 78.126593067269, 0.01 , 0.01 ,19.54 , 9.95 , 1.09 , 0.70 , 1.59
2024-02-24 11:25:42,187 :- 00569: 223 , 19.10 , -1.90 || 1708754142, 17.602519643195 , 78.126593067269, 0.01 , 0.01 ,19.54 , 9.72 , 1.09 , 0.69 , 1.66
2024-02-24 11:25:42,217 :- 00570: 226 , 19.10 , -2.00 || 1708754142, 17.602519643195 , 78.126593067269, 0.01 , 0.01 ,19.54 , 9.71 , 1.07 , 0.70 , 1.80
2024-02-24 11:25:42,247 :- 00571: 229 , 19.00 , -2.20 || 1708754142, 17.602524495127 , 78.126593288030, 0.01 , 0.01 ,19.29 , 9.89 , 1.06 , 0.68 , 1.87
2024-02-24 11:25:42,277 :- 00572: 232 , 18.90 , -2.40 || 1708754142, 17.602524495127 , 78.126593288030, 0.01 , 0.01 ,19.29 , 9.73 , 1.01 , 0.69 , 2.01
2024-02-24 11:25:42,307 :- 00573: 235 , 18.80 , -2.60 || 1708754142, 17.602524495127 , 78.126593288030, 0.01 , 0.01 ,19.29 , 9.80 , 0.99 , 0.70 , 2.09
