2024-02-24 11:19:07,955 :- 00001: Feedback Code Starting
2024-02-24 11:19:07,976 :- 00002: 225 , 26.60 , -0.10 || 1708753747, 17.601691243971 , 78.126606859345, 0.01 , 0.01 ,27.19 , 10.18 , 1.22 , -0.08 , 359.73
2024-02-24 11:19:08,006 :- 00003: 228 , 26.80 , -0.10 || 1708753747, 17.601691243971 , 78.126606859345, 0.01 , 0.01 ,27.19 , 9.50 , 1.21 , -0.09 , 359.72
2024-02-24 11:19:08,036 :- 00004: 231 , 26.90 , -0.10 || 1708753748, 17.601698132480 , 78.126606831582, 0.01 , 0.01 ,27.50 , 10.15 , 1.23 , -0.15 , 359.71
2024-02-24 11:19:08,066 :- 00005: 234 , 27.00 , -0.10 || 1708753748, 17.601698132480 , 78.126606831582, 0.01 , 0.01 ,27.50 , 10.27 , 1.23 , -0.14 , 359.70
2024-02-24 11:19:08,096 :- 00006: 234 , 27.00 , -0.10 || 1708753748, 17.601698132480 , 78.126606831582, 0.01 , 0.01 ,27.50 , 10.27 , 1.23 , -0.14 , 359.701708753748, 17.601698132480 , 78.126606831582, 0.01 , 0.01 ,27.50 , 9.88 , 1.23 , -0.18 , 359.69
2024-02-24 11:19:08,116 :- 00007: 239 , 27.20 , -0.10 || 1708753748, 17.601698132480 , 78.126606831582, 0.01 , 0.01 ,27.50 , 9.69 , 1.24 , -0.18 , 359.69
2024-02-24 11:19:08,146 :- 00008: 242 , 27.40 , -0.10 || 1708753748, 17.601705153686 , 78.126606844646, 0.01 , 0.01 ,28.08 , 9.77 , 1.26 , -0.20 , 359.69
2024-02-24 11:19:08,176 :- 00009: 245 , 27.50 , -0.10 || 1708753748, 17.601705153686 , 78.126606844646, 0.01 , 0.01 ,28.08 , 10.59 , 1.30 , -0.21 , 359.68
2024-02-24 11:19:08,206 :- 00010: 248 , 27.60 , -0.00 || 1708753748, 17.601705153686 , 78.126606844646, 0.01 , 0.01 ,28.08 , 9.46 , 1.30 , -0.19 , 359.68
2024-02-24 11:19:08,236 :- 00011: 251 , 27.70 , -0.00 || 1708753748, 17.601712288551 , 78.126606846658, 0.01 , 0.01 ,28.54 , 10.27 , 1.26 , -0.20 , 359.66
2024-02-24 11:19:08,266 :- 00012: 254 , 27.90 , -0.00 || 1708753748, 17.601712288551 , 78.126606846658, 0.01 , 0.01 ,28.54 , 10.00 , 1.27 , -0.15 , 359.65
2024-02-24 11:19:08,296 :- 00013: 001 , 28.00 , -0.00 || 1708753748, 17.601712288551 , 78.126606846658, 0.01 , 0.01 ,28.54 , 10.10 , 1.24 , -0.15 , 359.64
2024-02-24 11:19:08,326 :- 00014: 004 , 28.10 , -0.00 || 1708753748, 17.601712288551 , 78.126606846658, 0.01 , 0.01 ,29.10 , 9.78 , 1.25 , -0.11 , 359.64
2024-02-24 11:19:08,356 :- 00015: 007 , 28.20 , -0.00 || 1708753748, 17.601719549345 , 78.126606825293, 0.01 , 0.01 ,29.10 , 10.00 , 1.27 , -0.08 , 359.62
2024-02-24 11:19:08,386 :- 00016: 010 , 28.40 , -0.00 || 1708753748, 17.601719549345 , 78.126606825293, 0.01 , 0.01 ,29.10 , 9.41 , 1.27 , -0.07 , 359.62
2024-02-24 11:19:08,416 :- 00017: 013 , 28.50 , -0.00 || 1708753748, 17.601719549345 , 78.126606825293, 0.01 , 0.01 ,29.10 , 9.59 , 1.25 , -0.05 , 359.60
2024-02-24 11:19:08,446 :- 00018: 016 , 28.60 , -0.00 || 1708753748, 17.601726935656 , 78.126606789434, 0.01 , 0.01 ,29.47 , 9.61 , 1.26 , -0.04 , 359.60
2024-02-24 11:19:08,476 :- 00019: 019 , 28.80 , -0.00 || 1708753748, 17.601726935656 , 78.126606789434, 0.01 , 0.01 ,29.47 , 10.03 , 1.23 , -0.00 , 359.58
2024-02-24 11:19:08,506 :- 00020: 022 , 28.90 , -0.00 || 1708753748, 17.601726935656 , 78.126606789434, 0.01 , 0.01 ,29.47 , 9.26 , 1.22 , -0.02 , 359.57
2024-02-24 11:19:08,536 :- 00021: 025 , 29.10 , -0.00 || 1708753748, 17.601734422159 , 78.126606753697, 0.01 , 0.01 ,29.95 , 9.48 , 1.22 , -0.00 , 359.56
2024-02-24 11:19:08,566 :- 00022: 028 , 29.20 , -0.00 || 1708753748, 17.601734422159 , 78.126606753697, 0.01 , 0.01 ,29.95 , 9.61 , 1.20 , 0.01 , 359.55
2024-02-24 11:19:08,596 :- 00023: 031 , 29.30 , 00.00 || 1708753748, 17.601734422159 , 78.126606753697, 0.01 , 0.01 ,29.95 , 9.73 , 1.21 , -0.04 , 359.54
2024-02-24 11:19:08,626 :- 00024: 034 , 29.40 , 00.00 || 1708753748, 17.601734422159 , 78.126606753697, 0.01 , 0.01 ,30.34 , 10.02 , 1.19 , -0.04 , 359.53
2024-02-24 11:19:08,656 :- 00025: 037 , 29.60 , 00.00 || 1708753748, 17.601742004261 , 78.126606717665, 0.01 , 0.01 ,30.34 , 9.54 , 1.15 , -0.07 , 359.51
2024-02-24 11:19:08,686 :- 00026: 040 , 29.70 , 00.00 || 1708753748, 17.601742004261 , 78.126606717665, 0.01 , 0.01 ,30.34 , 9.97 , 1.14 , -0.08 , 359.49
2024-02-24 11:19:08,716 :- 00027: 043 , 29.90 , 00.00 || 1708753748, 17.601742004261 , 78.126606717665, 0.01 , 0.01 ,30.34 , 9.81 , 1.09 , -0.10 , 359.47
2024-02-24 11:19:08,746 :- 00028: 046 , 30.00 , 00.00 || 1708753748, 17.601749692782 , 78.126606638349, 0.01 , 0.01 ,30.74 , 10.08 , 1.08 , -0.12 , 359.47
2024-02-24 11:19:08,776 :- 00029: 049 , 30.10 , 00.00 || 1708753748, 17.601749692782 , 78.126606638349, 0.01 , 0.01 ,30.74 , 9.92 , 1.09 , -0.13 , 359.46
2024-02-24 11:19:08,806 :- 00030: 052 , 30.20 , 00.00 || 1708753748, 17.601749692782 , 78.126606638349, 0.01 , 0.01 ,30.74 , 10.12 , 1.09 , -0.15 , 359.45
2024-02-24 11:19:08,836 :- 00031: 055 , 30.40 , 00.00 || 1708753748, 17.601757496145 , 78.126606579730, 0.01 , 0.01 ,31.21 , 9.73 , 1.13 , -0.16 , 359.44
2024-02-24 11:19:08,866 :- 00032: 058 , 30.50 , 00.00 || 1708753748, 17.601757496145 , 78.126606579730, 0.01 , 0.01 ,31.21 , 10.30 , 1.16 , -0.17 , 359.43
2024-02-24 11:19:08,896 :- 00033: 061 , 30.60 , 00.00 || 1708753748, 17.601757496145 , 78.126606579730, 0.01 , 0.01 ,31.21 , 9.79 , 1.17 , -0.16 , 359.41
2024-02-24 11:19:08,926 :- 00034: 064 , 30.80 , 00.00 || 1708753748, 17.601757496145 , 78.126606579730, 0.01 , 0.01 ,31.66 , 10.31 , 1.17 , -0.16 , 359.41
2024-02-24 11:19:08,956 :- 00035: 067 , 30.90 , 00.00 || 1708753748, 17.601765414396 , 78.126606564201, 0.01 , 0.01 ,31.66 , 9.55 , 1.20 , -0.15 , 359.39
2024-02-24 11:19:08,986 :- 00036: 070 , 31.00 , 00.00 || 1708753748, 17.601765414396 , 78.126606564201, 0.01 , 0.01 ,31.66 , 10.04 , 1.21 , -0.12 , 359.39
2024-02-24 11:19:09,016 :- 00037: 073 , 31.10 , 00.00 || 1708753749, 17.601765414396 , 78.126606564201, 0.01 , 0.01 ,31.66 , 9.72 , 1.24 , -0.11 , 359.38
2024-02-24 11:19:09,046 :- 00038: 076 , 31.20 , 00.00 || 1708753749, 17.601765414396 , 78.126606564201, 0.01 , 0.01 ,32.13 , 9.86 , 1.27 , -0.11 , 359.37
2024-02-24 11:19:09,076 :- 00039: 079 , 31.40 , 00.00 || 1708753749, 17.601773451017 , 78.126606506849, 0.01 , 0.01 ,32.13 , 10.12 , 1.35 , -0.07 , 359.35
2024-02-24 11:19:09,106 :- 00040: 082 , 31.50 , 00.00 || 1708753749, 17.601773451017 , 78.126606506849, 0.01 , 0.01 ,32.13 , 10.02 , 1.41 , -0.10 , 359.34
2024-02-24 11:19:09,136 :- 00041: 085 , 31.70 , 00.00 || 1708753749, 17.601781599279 , 78.126606487088, 0.01 , 0.01 ,32.54 , 9.02 , 1.42 , -0.07 , 359.32
2024-02-24 11:19:09,166 :- 00042: 088 , 31.80 , 00.00 || 1708753749, 17.601781599279 , 78.126606487088, 0.01 , 0.01 ,32.54 , 10.07 , 1.47 , -0.06 , 359.30
2024-02-24 11:19:09,196 :- 00043: 091 , 31.90 , 00.00 || 1708753749, 17.601781599279 , 78.126606487088, 0.01 , 0.01 ,32.54 , 9.53 , 1.54 , -0.12 , 359.29
2024-02-24 11:19:09,226 :- 00044: 094 , 32.00 , 00.00 || 1708753749, 17.601781599279 , 78.126606487088, 0.01 , 0.01 ,32.84 , 9.72 , 1.62 , -0.10 , 359.28
2024-02-24 11:19:09,256 :- 00045: 097 , 32.10 , 00.00 || 1708753749, 17.601789826135 , 78.126606464158, 0.01 , 0.01 ,32.84 , 9.25 , 1.64 , -0.14 , 359.26
2024-02-24 11:19:09,286 :- 00046: 100 , 32.30 , 00.00 || 1708753749, 17.601789826135 , 78.126606464158, 0.01 , 0.01 ,32.84 , 9.32 , 1.65 , -0.18 , 359.25
2024-02-24 11:19:09,316 :- 00047: 103 , 32.30 , 00.00 || 1708753749, 17.601789826135 , 78.126606464158, 0.01 , 0.01 ,32.84 , 11.14 , 1.72 , -0.16 , 359.23
2024-02-24 11:19:09,346 :- 00048: 106 , 32.50 , 00.00 || 1708753749, 17.601798169256 , 78.126606398221, 0.01 , 0.01 ,33.36 , 9.51 , 1.73 , -0.15 , 359.22
2024-02-24 11:19:09,376 :- 00049: 106 , 32.50 , 00.00 || 1708753749, 17.601798169256 , 78.126606398221, 0.01 , 0.01 ,33.36 , 9.51 , 1.73 , -0.15 , 359.221708753749, 17.601798169256 , 78.126606398221, 0.01 , 0.01 ,33.36 , 10.06 , 1.73 , -0.19 , 359.20
2024-02-24 11:19:09,396 :- 00050: 111 , 32.70 , 00.00 || 1708753749, 17.601798169256 , 78.126606398221, 0.01 , 0.01 ,33.36 , 10.06 , 1.71 , -0.17 , 359.19
2024-02-24 11:19:09,426 :- 00051: 114 , 32.80 , 00.00 || 1708753749, 17.601798169256 , 78.126606398221, 0.01 , 0.01 ,33.77 , 9.68 , 1.69 , -0.23 , 359.19
2024-02-24 11:19:09,456 :- 00052: 117 , 32.90 , 00.00 || 1708753749, 17.601806618025 , 78.126606324417, 0.01 , 0.01 ,33.77 , 10.91 , 1.68 , -0.18 , 359.17
2024-02-24 11:19:09,486 :- 00053: 120 , 33.10 , 00.00 || 1708753749, 17.601806618025 , 78.126606324417, 0.01 , 0.01 ,33.77 , 8.87 , 1.60 , -0.21 , 359.16
2024-02-24 11:19:09,516 :- 00054: 123 , 33.20 , 00.00 || 1708753749, 17.601806618025 , 78.126606324417, 0.01 , 0.01 ,33.77 , 11.05 , 1.56 , -0.18 , 359.14
2024-02-24 11:19:09,546 :- 00055: 126 , 33.30 , 00.00 || 1708753749, 17.601815175707 , 78.126606181326, 0.01 , 0.01 ,34.23 , 9.64 , 1.55 , -0.11 , 359.12
2024-02-24 11:19:09,576 :- 00056: 129 , 33.50 , 00.00 || 1708753749, 17.601815175707 , 78.126606181326, 0.01 , 0.01 ,34.23 , 8.68 , 1.46 , -0.19 , 359.12
2024-02-24 11:19:09,606 :- 00057: 132 , 33.50 , 00.00 || 1708753749, 17.601815175707 , 78.126606181326, 0.01 , 0.01 ,34.23 , 10.49 , 1.46 , -0.12 , 359.11
2024-02-24 11:19:09,636 :- 00058: 135 , 33.60 , 00.00 || 1708753749, 17.601823855266 , 78.126606050798, 0.01 , 0.01 ,34.77 , 9.87 , 1.45 , -0.04 , 359.09
2024-02-24 11:19:09,666 :- 00059: 138 , 33.70 , 00.00 || 1708753749, 17.601823855266 , 78.126606050798, 0.01 , 0.01 ,34.77 , 10.01 , 1.43 , -0.06 , 359.09
2024-02-24 11:19:09,696 :- 00060: 141 , 33.80 , 00.00 || 1708753749, 17.601823855266 , 78.126606050798, 0.01 , 0.01 ,34.77 , 10.36 , 1.40 , 0.12 , 359.07
2024-02-24 11:19:09,726 :- 00061: 144 , 34.00 , 00.00 || 1708753749, 17.601823855266 , 78.126606050798, 0.01 , 0.01 ,35.16 , 8.61 , 1.45 , 0.12 , 359.08
2024-02-24 11:19:09,756 :- 00062: 147 , 34.10 , 00.00 || 1708753749, 17.601832650387 , 78.126605928329, 0.01 , 0.01 ,35.16 , 10.01 , 1.59 , 0.16 , 359.08
2024-02-24 11:19:09,786 :- 00063: 150 , 34.20 , 00.00 || 1708753749, 17.601832650387 , 78.126605928329, 0.01 , 0.01 ,35.16 , 8.86 , 1.63 , 0.21 , 359.08
2024-02-24 11:19:09,816 :- 00064: 153 , 34.40 , 00.00 || 1708753749, 17.601832650387 , 78.126605928329, 0.01 , 0.01 ,35.16 , 9.69 , 1.71 , 0.13 , 359.07
2024-02-24 11:19:09,846 :- 00065: 156 , 34.50 , 00.00 || 1708753749, 17.601841530816 , 78.126605874445, 0.01 , 0.01 ,35.37 , 9.14 , 1.73 , 0.16 , 359.06
2024-02-24 11:19:09,876 :- 00066: 159 , 34.70 , 00.00 || 1708753749, 17.601841530816 , 78.126605874445, 0.01 , 0.01 ,35.37 , 9.27 , 1.74 , 0.18 , 359.03
2024-02-24 11:19:09,906 :- 00067: 162 , 34.80 , 00.00 || 1708753749, 17.601841530816 , 78.126605874445, 0.01 , 0.01 ,35.37 , 9.38 , 1.72 , 0.16 , 359.02
2024-02-24 11:19:09,936 :- 00068: 165 , 34.80 , 00.00 || 1708753749, 17.601850481800 , 78.126605781244, 0.01 , 0.01 ,35.80 , 10.14 , 1.71 , 0.14 , 358.98
2024-02-24 11:19:09,966 :- 00069: 168 , 34.90 , 00.00 || 1708753749, 17.601850481800 , 78.126605781244, 0.01 , 0.01 ,35.80 , 9.54 , 1.70 , 0.16 , 358.97
2024-02-24 11:19:09,996 :- 00070: 171 , 35.00 , 00.00 || 1708753749, 17.601850481800 , 78.126605781244, 0.01 , 0.01 ,35.80 , 11.02 , 1.82 , 0.15 , 358.94
2024-02-24 11:19:10,026 :- 00071: 174 , 35.10 , 00.00 || 1708753750, 17.601850481800 , 78.126605781244, 0.01 , 0.01 ,35.80 , 10.57 , 1.87 , 0.16 , 358.92
2024-02-24 11:19:10,056 :- 00072: 177 , 35.20 , 00.00 || 1708753750, 17.601859549132 , 78.126605666936, 0.01 , 0.01 ,36.23 , 11.30 , 1.98 , 0.26 , 358.88
2024-02-24 11:19:10,086 :- 00073: 180 , 35.40 , 00.00 || 1708753750, 17.601859549132 , 78.126605666936, 0.01 , 0.01 ,36.23 , 9.53 , 1.95 , 0.32 , 358.86
2024-02-24 11:19:10,116 :- 00074: 183 , 35.60 , 00.00 || 1708753750, 17.601859549132 , 78.126605666936, 0.01 , 0.01 ,36.23 , 9.30 , 2.02 , 0.42 , 358.84
2024-02-24 11:19:10,146 :- 00075: 186 , 35.60 , 00.00 || 1708753750, 17.601868763945 , 78.126605601824, 0.01 , 0.01 ,36.81 , 10.67 , 2.05 , 0.47 , 358.83
2024-02-24 11:19:10,176 :- 00076: 189 , 35.70 , 00.00 || 1708753750, 17.601868763945 , 78.126605601824, 0.01 , 0.01 ,36.81 , 8.58 , 2.05 , 0.59 , 358.83
2024-02-24 11:19:10,206 :- 00077: 192 , 35.70 , 00.00 || 1708753750, 17.601868763945 , 78.126605601824, 0.01 , 0.01 ,36.81 , 10.42 , 2.07 , 0.59 , 358.82
2024-02-24 11:19:10,236 :- 00078: 195 , 35.80 , 00.00 || 1708753750, 17.601877994522 , 78.126605460581, 0.01 , 0.01 ,36.83 , 8.78 , 2.03 , 0.74 , 358.81
2024-02-24 11:19:10,266 :- 00079: 198 , 35.80 , 00.00 || 1708753750, 17.601877994522 , 78.126605460581, 0.01 , 0.01 ,36.83 , 10.19 , 2.03 , 0.74 , 358.80
2024-02-24 11:19:10,296 :- 00080: 201 , 35.90 , 00.00 || 1708753750, 17.601877994522 , 78.126605460581, 0.01 , 0.01 ,36.83 , 8.80 , 1.94 , 0.83 , 358.78
2024-02-24 11:19:10,326 :- 00081: 204 , 35.90 , 00.00 || 1708753750, 17.601877994522 , 78.126605460581, 0.01 , 0.01 ,36.85 , 9.61 , 1.93 , 0.85 , 358.77
2024-02-24 11:19:10,356 :- 00082: 207 , 35.90 , 00.00 || 1708753750, 17.601887248256 , 78.126605255037, 0.01 , 0.01 ,36.85 , 9.06 , 1.92 , 0.84 , 358.76
2024-02-24 11:19:10,386 :- 00083: 210 , 35.90 , 00.00 || 1708753750, 17.601887248256 , 78.126605255037, 0.01 , 0.01 ,36.85 , 9.49 , 1.92 , 0.85 , 358.75
2024-02-24 11:19:10,416 :- 00084: 213 , 35.90 , 00.00 || 1708753750, 17.601887248256 , 78.126605255037, 0.01 , 0.01 ,36.85 , 9.85 , 1.93 , 0.80 , 358.74
2024-02-24 11:19:10,446 :- 00085: 216 , 35.90 , 00.00 || 1708753750, 17.601896462991 , 78.126605083875, 0.01 , 0.01 ,36.65 , 9.51 , 1.92 , 0.76 , 358.73
2024-02-24 11:19:10,476 :- 00086: 219 , 35.90 , 00.00 || 1708753750, 17.601896462991 , 78.126605083875, 0.01 , 0.01 ,36.65 , 9.95 , 1.87 , 0.68 , 358.72
2024-02-24 11:19:10,506 :- 00087: 222 , 35.90 , 00.00 || 1708753750, 17.601896462991 , 78.126605083875, 0.01 , 0.01 ,36.65 , 10.15 , 1.85 , 0.66 , 358.72
2024-02-24 11:19:10,536 :- 00088: 225 , 35.90 , 00.00 || 1708753750, 17.601905628268 , 78.126604906729, 0.01 , 0.01 ,36.50 , 10.22 , 1.81 , 0.59 , 358.71
2024-02-24 11:19:10,566 :- 00089: 228 , 35.90 , 00.00 || 1708753750, 17.601905628268 , 78.126604906729, 0.01 , 0.01 ,36.50 , 10.90 , 1.80 , 0.56 , 358.71
2024-02-24 11:19:10,596 :- 00090: 231 , 35.90 , 00.00 || 1708753750, 17.601905628268 , 78.126604906729, 0.01 , 0.01 ,36.50 , 9.71 , 1.80 , 0.54 , 358.70
2024-02-24 11:19:10,626 :- 00091: 234 , 35.80 , 00.00 || 1708753750, 17.601905628268 , 78.126604906729, 0.01 , 0.01 ,36.55 , 10.79 , 1.78 , 0.53 , 358.69
2024-02-24 11:19:10,656 :- 00092: 234 , 35.80 , 00.00 || 1708753750, 17.601905628268 , 78.126604906729, 0.01 , 0.01 ,36.55 , 10.79 , 1.78 , 0.53 , 358.691708753750, 17.601914796129 , 78.126604708472, 0.01 , 0.01 ,36.55 , 10.57 , 1.79 , 0.54 , 358.68
2024-02-24 11:19:10,676 :- 00093: 239 , 35.80 , 00.00 || 1708753750, 17.601914796129 , 78.126604708472, 0.01 , 0.01 ,36.55 , 10.61 , 1.79 , 0.60 , 358.67
2024-02-24 11:19:10,706 :- 00094: 242 , 35.70 , 00.00 || 1708753750, 17.601914796129 , 78.126604708472, 0.01 , 0.01 ,36.55 , 10.57 , 1.76 , 0.61 , 358.67
2024-02-24 11:19:10,736 :- 00095: 245 , 35.80 , 00.00 || 1708753750, 17.601923963362 , 78.126604535324, 0.01 , 0.01 ,36.55 , 8.95 , 1.68 , 0.71 , 358.66
2024-02-24 11:19:10,766 :- 00096: 248 , 35.70 , 00.00 || 1708753750, 17.601923963362 , 78.126604535324, 0.01 , 0.01 ,36.55 , 9.91 , 1.69 , 0.74 , 358.66
2024-02-24 11:19:10,796 :- 00097: 251 , 35.60 , 00.00 || 1708753750, 17.601923963362 , 78.126604535324, 0.01 , 0.01 ,36.55 , 8.90 , 1.65 , 0.80 , 358.64
2024-02-24 11:19:10,826 :- 00098: 254 , 35.50 , 00.00 || 1708753750, 17.601923963362 , 78.126604535324, 0.01 , 0.01 ,36.34 , 10.02 , 1.60 , 0.82 , 358.63
2024-02-24 11:19:10,856 :- 00099: 001 , 35.40 , 00.00 || 1708753750, 17.601933095402 , 78.126604323599, 0.01 , 0.01 ,36.34 , 9.63 , 1.61 , 0.92 , 358.61
2024-02-24 11:19:10,886 :- 00100: 004 , 35.30 , 00.00 || 1708753750, 17.601933095402 , 78.126604323599, 0.01 , 0.01 ,36.34 , 9.19 , 1.60 , 0.93 , 358.60
2024-02-24 11:19:10,916 :- 00101: 007 , 35.10 , 00.00 || 1708753750, 17.601933095402 , 78.126604323599, 0.01 , 0.01 ,36.34 , 9.67 , 1.62 , 0.97 , 358.59
2024-02-24 11:19:10,946 :- 00102: 010 , 35.00 , 00.00 || 1708753750, 17.601942116391 , 78.126604130689, 0.01 , 0.01 ,35.80 , 9.10 , 1.62 , 0.99 , 358.58
2024-02-24 11:19:10,976 :- 00103: 013 , 34.80 , 00.00 || 1708753750, 17.601942116391 , 78.126604130689, 0.01 , 0.01 ,35.80 , 9.48 , 1.59 , 0.98 , 358.57
2024-02-24 11:19:11,006 :- 00104: 016 , 34.60 , 00.00 || 1708753750, 17.601942116391 , 78.126604130689, 0.01 , 0.01 ,35.80 , 9.56 , 1.59 , 1.01 , 358.56
2024-02-24 11:19:11,036 :- 00105: 019 , 34.40 , 00.00 || 1708753751, 17.601942116391 , 78.126604130689, 0.01 , 0.01 ,35.80 , 9.76 , 1.57 , 0.96 , 358.56
2024-02-24 11:19:11,066 :- 00106: 022 , 34.20 , 00.00 || 1708753751, 17.601950949015 , 78.126603950920, 0.01 , 0.01 ,35.06 , 9.75 , 1.54 , 0.95 , 358.55
2024-02-24 11:19:11,096 :- 00107: 025 , 34.00 , 00.00 || 1708753751, 17.601950949015 , 78.126603950920, 0.01 , 0.01 ,35.06 , 9.93 , 1.48 , 0.97 , 358.55
2024-02-24 11:19:11,126 :- 00108: 028 , 33.80 , 00.00 || 1708753751, 17.601950949015 , 78.126603950920, 0.01 , 0.01 ,34.39 , 9.89 , 1.45 , 0.96 , 358.55
2024-02-24 11:19:11,156 :- 00109: 031 , 33.60 , 00.00 || 1708753751, 17.601959615137 , 78.126603724085, 0.01 , 0.01 ,34.39 , 10.32 , 1.38 , 0.94 , 358.53
2024-02-24 11:19:11,186 :- 00110: 034 , 33.40 , 00.00 || 1708753751, 17.601959615137 , 78.126603724085, 0.01 , 0.01 ,34.39 , 10.01 , 1.35 , 0.96 , 358.53
2024-02-24 11:19:11,216 :- 00111: 037 , 33.20 , 00.00 || 1708753751, 17.601959615137 , 78.126603724085, 0.01 , 0.01 ,34.39 , 10.57 , 1.32 , 0.97 , 358.51
2024-02-24 11:19:11,246 :- 00112: 040 , 32.90 , 00.00 || 1708753751, 17.601968102658 , 78.126603505853, 0.01 , 0.01 ,33.66 , 9.63 , 1.30 , 1.00 , 358.50
2024-02-24 11:19:11,276 :- 00113: 043 , 32.60 , 00.10 || 1708753751, 17.601968102658 , 78.126603505853, 0.01 , 0.01 ,33.66 , 9.92 , 1.27 , 0.99 , 358.47
2024-02-24 11:19:11,306 :- 00114: 046 , 32.40 , 00.20 || 1708753751, 17.601968102658 , 78.126603505853, 0.01 , 0.01 ,33.66 , 10.00 , 1.26 , 1.02 , 358.46
2024-02-24 11:19:11,336 :- 00115: 049 , 32.10 , 00.30 || 1708753751, 17.601976311851 , 78.126603296502, 0.01 , 0.01 ,32.46 , 9.53 , 1.24 , 1.05 , 358.44
2024-02-24 11:19:11,366 :- 00116: 052 , 31.80 , 00.40 || 1708753751, 17.601976311851 , 78.126603296502, 0.01 , 0.01 ,32.46 , 9.67 , 1.25 , 1.05 , 358.43
2024-02-24 11:19:11,396 :- 00117: 055 , 31.40 , 00.50 || 1708753751, 17.601976311851 , 78.126603296502, 0.01 , 0.01 ,32.46 , 9.61 , 1.31 , 1.07 , 358.39
2024-02-24 11:19:11,426 :- 00118: 058 , 31.10 , 00.70 || 1708753751, 17.601976311851 , 78.126603296502, 0.01 , 0.01 ,31.42 , 9.46 , 1.33 , 1.05 , 358.37
2024-02-24 11:19:11,456 :- 00119: 061 , 30.70 , 00.80 || 1708753751, 17.601984261068 , 78.126603126194, 0.01 , 0.01 ,31.42 , 10.22 , 1.35 , 1.06 , 358.30
2024-02-24 11:19:11,486 :- 00120: 064 , 30.40 , 00.90 || 1708753751, 17.601984261068 , 78.126603126194, 0.01 , 0.01 ,31.42 , 9.62 , 1.37 , 1.08 , 358.26
2024-02-24 11:19:11,516 :- 00121: 067 , 30.00 , 00.90 || 1708753751, 17.601984261068 , 78.126603126194, 0.01 , 0.01 ,31.42 , 9.78 , 1.43 , 1.09 , 358.17
2024-02-24 11:19:11,546 :- 00122: 070 , 29.70 , 01.00 || 1708753751, 17.601991903924 , 78.126602957592, 0.01 , 0.01 ,30.10 , 10.13 , 1.49 , 1.11 , 358.12
2024-02-24 11:19:11,576 :- 00123: 073 , 29.40 , 01.00 || 1708753751, 17.601991903924 , 78.126602957592, 0.01 , 0.01 ,30.10 , 9.25 , 1.56 , 1.17 , 357.99
2024-02-24 11:19:11,606 :- 00124: 076 , 29.00 , 01.00 || 1708753751, 17.601991903924 , 78.126602957592, 0.01 , 0.01 ,30.10 , 10.04 , 1.58 , 1.19 , 357.93
2024-02-24 11:19:11,636 :- 00125: 079 , 28.60 , 01.00 || 1708753751, 17.601999258573 , 78.126602785215, 0.01 , 0.01 ,29.03 , 9.63 , 1.59 , 1.25 , 357.80
2024-02-24 11:19:11,666 :- 00126: 082 , 28.30 , 00.90 || 1708753751, 17.601999258573 , 78.126602785215, 0.01 , 0.01 ,29.03 , 9.50 , 1.56 , 1.31 , 357.74
2024-02-24 11:19:11,696 :- 00127: 085 , 27.90 , 00.70 || 1708753751, 17.601999258573 , 78.126602785215, 0.01 , 0.01 ,29.03 , 9.43 , 1.53 , 1.33 , 357.61
2024-02-24 11:19:11,726 :- 00128: 088 , 27.60 , 00.60 || 1708753751, 17.601999258573 , 78.126602785215, 0.01 , 0.01 ,27.74 , 9.01 , 1.50 , 1.38 , 357.55
2024-02-24 11:19:11,756 :- 00129: 091 , 27.20 , 00.40 || 1708753751, 17.602006296783 , 78.126602526457, 0.01 , 0.01 ,27.74 , 9.71 , 1.46 , 1.38 , 357.46
2024-02-24 11:19:11,786 :- 00130: 094 , 26.80 , 00.30 || 1708753751, 17.602006296783 , 78.126602526457, 0.01 , 0.01 ,27.74 , 9.38 , 1.42 , 1.36 , 357.42
2024-02-24 11:19:11,816 :- 00131: 097 , 26.50 , 00.20 || 1708753751, 17.602006296783 , 78.126602526457, 0.01 , 0.01 ,27.74 , 9.46 , 1.30 , 1.38 , 357.35
2024-02-24 11:19:11,846 :- 00132: 100 , 26.20 , 00.20 || 1708753751, 17.602013036229 , 78.126602197829, 0.01 , 0.01 ,26.60 , 9.23 , 1.23 , 1.38 , 357.33
2024-02-24 11:19:11,876 :- 00133: 103 , 25.80 , 00.20 || 1708753751, 17.602013036229 , 78.126602197829, 0.01 , 0.01 ,26.60 , 9.47 , 1.16 , 1.35 , 357.30
2024-02-24 11:19:11,906 :- 00134: 106 , 25.50 , 00.20 || 1708753751, 17.602013036229 , 78.126602197829, 0.01 , 0.01 ,26.60 , 10.09 , 1.11 , 1.34 , 357.29
2024-02-24 11:19:11,935 :- 00135: 106 , 25.50 , 00.20 || 1708753751, 17.602013036229 , 78.126602197829, 0.01 , 0.01 ,26.60 , 10.09 , 1.11 , 1.34 , 357.291708753751, 17.602019448892 , 78.126601840612, 0.01 , 0.01 ,25.20 , 9.67 , 1.06 , 1.33 , 357.28
2024-02-24 11:19:11,966 :- 00136: 112 , 24.80 , 00.20 || 1708753751, 17.602019448892 , 78.126601840612, 0.01 , 0.01 ,25.20 , 9.34 , 1.01 , 1.30 , 357.27
2024-02-24 11:19:11,996 :- 00137: 115 , 24.50 , 00.20 || 1708753751, 17.602019448892 , 78.126601840612, 0.01 , 0.01 ,25.20 , 9.76 , 1.00 , 1.29 , 357.26
2024-02-24 11:19:12,026 :- 00138: 118 , 24.10 , 00.10 || 1708753752, 17.602019448892 , 78.126601840612, 0.01 , 0.01 ,25.20 , 9.69 , 0.98 , 1.24 , 357.25
2024-02-24 11:19:12,056 :- 00139: 121 , 23.80 , 00.10 || 1708753752, 17.602025568327 , 78.126601517813, 0.01 , 0.01 ,24.17 , 10.19 , 0.96 , 1.24 , 357.23
2024-02-24 11:19:12,086 :- 00140: 124 , 23.50 , 00.10 || 1708753752, 17.602025568327 , 78.126601517813, 0.01 , 0.01 ,24.17 , 10.05 , 0.94 , 1.22 , 357.22
2024-02-24 11:19:12,116 :- 00141: 127 , 23.10 , 00.10 || 1708753752, 17.602025568327 , 78.126601517813, 0.01 , 0.01 ,24.17 , 9.81 , 0.89 , 1.20 , 357.20
2024-02-24 11:19:12,146 :- 00142: 130 , 22.80 , 00.10 || 1708753752, 17.602031414426 , 78.126601254036, 0.01 , 0.01 ,23.05 , 9.94 , 0.87 , 1.20 , 357.18
2024-02-24 11:19:12,176 :- 00143: 133 , 22.50 , 00.10 || 1708753752, 17.602031414426 , 78.126601254036, 0.01 , 0.01 ,23.05 , 9.98 , 0.83 , 1.18 , 357.17
2024-02-24 11:19:12,206 :- 00144: 136 , 22.10 , 00.10 || 1708753752, 17.602031414426 , 78.126601254036, 0.01 , 0.01 ,23.05 , 9.70 , 0.81 , 1.19 , 357.16
2024-02-24 11:19:12,236 :- 00145: 139 , 21.80 , 00.10 || 1708753752, 17.602036944142 , 78.126600960353, 0.01 , 0.01 ,21.77 , 9.92 , 0.82 , 1.19 , 357.14
2024-02-24 11:19:12,266 :- 00146: 142 , 21.40 , 00.10 || 1708753752, 17.602036944142 , 78.126600960353, 0.01 , 0.01 ,21.77 , 9.65 , 0.83 , 1.17 , 357.13
2024-02-24 11:19:12,296 :- 00147: 145 , 21.10 , 00.10 || 1708753752, 17.602036944142 , 78.126600960353, 0.01 , 0.01 ,21.77 , 9.77 , 0.84 , 1.19 , 357.12
2024-02-24 11:19:12,326 :- 00148: 148 , 20.70 , 00.10 || 1708753752, 17.602036944142 , 78.126600960353, 0.01 , 0.01 ,20.62 , 9.78 , 0.83 , 1.19 , 357.11
2024-02-24 11:19:12,356 :- 00149: 151 , 20.40 , 00.10 || 1708753752, 17.602042178689 , 78.126600684018, 0.01 , 0.01 ,20.62 , 9.30 , 0.77 , 1.21 , 357.09
2024-02-24 11:19:12,386 :- 00150: 154 , 20.00 , 00.10 || 1708753752, 17.602042178689 , 78.126600684018, 0.01 , 0.01 ,20.62 , 9.93 , 0.75 , 1.20 , 357.09
2024-02-24 11:19:12,416 :- 00151: 157 , 19.70 , 00.10 || 1708753752, 17.602042178689 , 78.126600684018, 0.01 , 0.01 ,20.62 , 9.49 , 0.71 , 1.20 , 357.07
2024-02-24 11:19:12,446 :- 00152: 160 , 19.30 , 00.10 || 1708753752, 17.602047134946 , 78.126600469839, 0.01 , 0.01 ,19.41 , 9.56 , 0.70 , 1.20 , 357.06
2024-02-24 11:19:12,476 :- 00153: 163 , 19.00 , 00.10 || 1708753752, 17.602047134946 , 78.126600469839, 0.01 , 0.01 ,19.41 , 9.66 , 0.70 , 1.17 , 357.05
2024-02-24 11:19:12,506 :- 00154: 166 , 18.60 , 00.10 || 1708753752, 17.602047134946 , 78.126600469839, 0.01 , 0.01 ,19.41 , 9.94 , 0.70 , 1.18 , 357.05
2024-02-24 11:19:12,536 :- 00155: 169 , 18.30 , 00.10 || 1708753752, 17.602051754588 , 78.126600208001, 0.01 , 0.01 ,18.19 , 9.85 , 0.67 , 1.16 , 357.03
2024-02-24 11:19:12,566 :- 00156: 172 , 17.90 , 00.10 || 1708753752, 17.602051754588 , 78.126600208001, 0.01 , 0.01 ,18.19 , 10.04 , 0.65 , 1.17 , 357.03
2024-02-24 11:19:12,596 :- 00157: 175 , 17.60 , 00.10 || 1708753752, 17.602051754588 , 78.126600208001, 0.01 , 0.01 ,18.19 , 9.77 , 0.59 , 1.21 , 357.02
2024-02-24 11:19:12,626 :- 00158: 178 , 17.30 , 00.10 || 1708753752, 17.602051754588 , 78.126600208001, 0.01 , 0.01 ,17.05 , 9.37 , 0.56 , 1.21 , 357.02
2024-02-24 11:19:12,656 :- 00159: 181 , 17.00 , 00.10 || 1708753752, 17.602056142483 , 78.126600002752, 0.01 , 0.01 ,17.05 , 9.79 , 0.56 , 1.22 , 357.01
2024-02-24 11:19:12,686 :- 00160: 184 , 16.70 , 00.00 || 1708753752, 17.602056142483 , 78.126600002752, 0.01 , 0.01 ,17.05 , 9.33 , 0.56 , 1.21 , 357.01
2024-02-24 11:19:12,716 :- 00161: 187 , 16.40 , 00.00 || 1708753752, 17.602056142483 , 78.126600002752, 0.01 , 0.01 ,17.05 , 9.48 , 0.57 , 1.18 , 357.00
2024-02-24 11:19:12,746 :- 00162: 190 , 16.10 , 00.00 || 1708753752, 17.602060244666 , 78.126599764402, 0.01 , 0.01 ,16.06 , 9.46 , 0.58 , 1.18 , 356.99
2024-02-24 11:19:12,776 :- 00163: 193 , 15.80 , 00.00 || 1708753752, 17.602060244666 , 78.126599764402, 0.01 , 0.01 ,16.06 , 9.68 , 0.57 , 1.14 , 356.97
2024-02-24 11:19:12,806 :- 00164: 196 , 15.50 , 00.00 || 1708753752, 17.602060244666 , 78.126599764402, 0.01 , 0.01 ,16.06 , 9.62 , 0.56 , 1.10 , 356.96
2024-02-24 11:19:12,836 :- 00165: 199 , 15.30 , 00.00 || 1708753752, 17.602064098973 , 78.126599536577, 0.01 , 0.01 ,15.11 , 9.63 , 0.56 , 1.04 , 356.95
2024-02-24 11:19:12,866 :- 00166: 202 , 15.00 , -0.00 || 1708753752, 17.602064098973 , 78.126599536577, 0.01 , 0.01 ,15.11 , 10.01 , 0.58 , 1.01 , 356.95
2024-02-24 11:19:12,896 :- 00167: 205 , 14.80 , -0.00 || 1708753752, 17.602064098973 , 78.126599536577, 0.01 , 0.01 ,15.11 , 9.94 , 0.60 , 0.97 , 356.95
2024-02-24 11:19:12,926 :- 00168: 208 , 14.60 , -0.00 || 1708753752, 17.602064098973 , 78.126599536577, 0.01 , 0.01 ,14.52 , 10.11 , 0.61 , 0.96 , 356.95
2024-02-24 11:19:12,956 :- 00169: 211 , 14.40 , -0.00 || 1708753752, 17.602067780433 , 78.126599345195, 0.01 , 0.01 ,14.52 , 10.09 , 0.63 , 0.96 , 356.95
2024-02-24 11:19:12,986 :- 00170: 214 , 14.20 , -0.00 || 1708753752, 17.602067780433 , 78.126599345195, 0.01 , 0.01 ,14.52 , 10.05 , 0.63 , 0.97 , 356.95
2024-02-24 11:19:13,016 :- 00171: 217 , 14.00 , -0.00 || 1708753753, 17.602067780433 , 78.126599345195, 0.01 , 0.01 ,14.52 , 9.94 , 0.63 , 0.99 , 356.95
2024-02-24 11:19:13,046 :- 00172: 220 , 13.80 , -0.00 || 1708753753, 17.602067780433 , 78.126599345195, 0.01 , 0.01 ,13.93 , 9.75 , 0.63 , 1.00 , 356.95
2024-02-24 11:19:13,076 :- 00173: 223 , 13.50 , -0.10 || 1708753753, 17.602071308969 , 78.126599219650, 0.01 , 0.01 ,13.93 , 9.90 , 0.64 , 1.03 , 356.94
2024-02-24 11:19:13,106 :- 00174: 226 , 13.40 , -0.10 || 1708753753, 17.602071308969 , 78.126599219650, 0.01 , 0.01 ,13.93 , 9.50 , 0.64 , 1.04 , 356.94
2024-02-24 11:19:13,136 :- 00175: 229 , 13.20 , -0.10 || 1708753753, 17.602074670943 , 78.126599051587, 0.01 , 0.01 ,13.20 , 9.58 , 0.65 , 1.05 , 356.94
2024-02-24 11:19:13,166 :- 00176: 232 , 13.00 , -0.10 || 1708753753, 17.602074670943 , 78.126599051587, 0.01 , 0.01 ,13.20 , 9.60 , 0.66 , 1.05 , 356.94
2024-02-24 11:19:13,196 :- 00177: 235 , 12.80 , -0.10 || 1708753753, 17.602074670943 , 78.126599051587, 0.01 , 0.01 ,13.20 , 9.64 , 0.67 , 1.04 , 356.94
2024-02-24 11:19:13,226 :- 00178: 238 , 12.60 , -0.10 || 1708753753, 17.602074670943 , 78.126599051587, 0.01 , 0.01 ,12.43 , 9.77 , 0.68 , 1.03 , 356.94
2024-02-24 11:19:13,256 :- 00179: 241 , 12.40 , -0.10 || 1708753753, 17.602077830638 , 78.126598891130, 0.01 , 0.01 ,12.43 , 9.79 , 0.68 , 1.01 , 356.94
2024-02-24 11:19:13,286 :- 00180: 244 , 12.20 , -0.10 || 1708753753, 17.602077830638 , 78.126598891130, 0.01 , 0.01 ,12.43 , 9.82 , 0.69 , 1.00 , 356.94
2024-02-24 11:19:13,316 :- 00181: 247 , 12.00 , -0.10 || 1708753753, 17.602077830638 , 78.126598891130, 0.01 , 0.01 ,12.43 , 9.73 , 0.71 , 0.98 , 356.94
2024-02-24 11:19:13,346 :- 00182: 250 , 11.80 , -0.10 || 1708753753, 17.602080807683 , 78.126598733778, 0.01 , 0.01 ,11.73 , 9.71 , 0.72 , 0.98 , 356.94
2024-02-24 11:19:13,376 :- 00183: 253 , 11.60 , -0.10 || 1708753753, 17.602080807683 , 78.126598733778, 0.01 , 0.01 ,11.73 , 9.71 , 0.74 , 0.96 , 356.94
2024-02-24 11:19:13,406 :- 00184: 000 , 11.40 , -0.10 || 1708753753, 17.602080807683 , 78.126598733778, 0.01 , 0.01 ,11.73 , 9.81 , 0.75 , 0.95 , 356.94
2024-02-24 11:19:13,436 :- 00185: 003 , 11.20 , -0.10 || 1708753753, 17.602083636234 , 78.126598602842, 0.01 , 0.01 ,11.13 , 9.71 , 0.74 , 0.94 , 356.95
2024-02-24 11:19:13,466 :- 00186: 006 , 11.00 , -0.10 || 1708753753, 17.602083636234 , 78.126598602842, 0.01 , 0.01 ,11.13 , 9.70 , 0.74 , 0.93 , 356.95
2024-02-24 11:19:13,496 :- 00187: 009 , 10.80 , -0.20 || 1708753753, 17.602083636234 , 78.126598602842, 0.01 , 0.01 ,11.13 , 9.63 , 0.75 , 0.89 , 356.96
2024-02-24 11:19:13,526 :- 00188: 012 , 10.70 , -0.20 || 1708753753, 17.602083636234 , 78.126598602842, 0.01 , 0.01 ,10.57 , 9.72 , 0.75 , 0.87 , 356.96
2024-02-24 11:19:13,556 :- 00189: 015 , 10.50 , -0.20 || 1708753753, 17.602086311871 , 78.126598475075, 0.01 , 0.01 ,10.57 , 9.45 , 0.75 , 0.82 , 356.97
2024-02-24 11:19:13,586 :- 00190: 018 , 10.40 , -0.20 || 1708753753, 17.602086311871 , 78.126598475075, 0.01 , 0.01 ,10.57 , 9.49 , 0.74 , 0.77 , 356.98
2024-02-24 11:19:13,616 :- 00191: 021 , 10.30 , -0.20 || 1708753753, 17.602086311871 , 78.126598475075, 0.01 , 0.01 ,10.57 , 9.69 , 0.72 , 0.69 , 356.98
2024-02-24 11:19:13,646 :- 00192: 024 , 10.20 , -0.20 || 1708753753, 17.602088866636 , 78.126598332355, 0.01 , 0.01 ,10.10 , 9.53 , 0.71 , 0.65 , 356.98
2024-02-24 11:19:13,676 :- 00193: 027 , 10.10 , -0.30 || 1708753753, 17.602088866636 , 78.126598332355, 0.01 , 0.01 ,10.10 , 9.71 , 0.68 , 0.59 , 356.99
2024-02-24 11:19:13,706 :- 00194: 030 , 10.00 , -0.30 || 1708753753, 17.602088866636 , 78.126598332355, 0.01 , 0.01 ,10.10 , 9.78 , 0.67 , 0.54 , 356.99
2024-02-24 11:19:13,736 :- 00195: 033 , 10.00 , -0.40 || 1708753753, 17.602091360252 , 78.126598191397, 0.01 , 0.01 ,9.94 , 9.85 , 0.64 , 0.44 , 356.99
2024-02-24 11:19:13,766 :- 00196: 036 , 09.90 , -0.40 || 1708753753, 17.602091360252 , 78.126598191397, 0.01 , 0.01 ,9.94 , 10.05 , 0.63 , 0.41 , 357.00
2024-02-24 11:19:13,796 :- 00197: 039 , 09.90 , -0.50 || 1708753753, 17.602091360252 , 78.126598191397, 0.01 , 0.01 ,9.94 , 10.33 , 0.64 , 0.37 , 357.00
2024-02-24 11:19:13,826 :- 00198: 042 , 09.80 , -0.50 || 1708753753, 17.602091360252 , 78.126598191397, 0.01 , 0.01 ,9.90 , 10.31 , 0.65 , 0.35 , 357.01
2024-02-24 11:19:13,855 :- 00199: 042 , 09.80 , -0.50 || 1708753753, 17.602091360252 , 78.126598191397, 0.01 , 0.01 ,9.90 , 10.31 , 0.65 , 0.35 , 357.011708753753, 17.602093846305 , 78.126598079142, 0.01 , 0.01 ,9.90 , 10.21 , 0.66 , 0.34 , 357.03
2024-02-24 11:19:13,876 :- 00200: 047 , 09.80 , -0.60 || 1708753753, 17.602093846305 , 78.126598079142, 0.01 , 0.01 ,9.90 , 10.27 , 0.67 , 0.36 , 357.04
2024-02-24 11:19:13,906 :- 00201: 050 , 09.80 , -0.70 || 1708753753, 17.602093846305 , 78.126598079142, 0.01 , 0.01 ,9.90 , 10.26 , 0.67 , 0.38 , 357.06
2024-02-24 11:19:13,936 :- 00202: 053 , 09.80 , -0.80 || 1708753753, 17.602096373704 , 78.126597947092, 0.01 , 0.01 ,9.90 , 9.92 , 0.66 , 0.41 , 357.08
2024-02-24 11:19:13,966 :- 00203: 056 , 09.70 , -0.80 || 1708753753, 17.602096373704 , 78.126597947092, 0.01 , 0.01 ,9.90 , 9.98 , 0.68 , 0.44 , 357.10
2024-02-24 11:19:13,996 :- 00204: 059 , 09.70 , -0.90 || 1708753753, 17.602096373704 , 78.126597947092, 0.01 , 0.01 ,9.90 , 9.88 , 0.72 , 0.50 , 357.13
2024-02-24 11:19:14,026 :- 00205: 062 , 09.70 , -1.00 || 1708753754, 17.602096373704 , 78.126597947092, 0.01 , 0.01 ,9.90 , 9.67 , 0.73 , 0.52 , 357.14
2024-02-24 11:19:14,056 :- 00206: 065 , 09.70 , -1.00 || 1708753754, 17.602098883932 , 78.126597846796, 0.01 , 0.01 ,10.00 , 9.68 , 0.77 , 0.56 , 357.18
2024-02-24 11:19:14,086 :- 00207: 068 , 09.70 , -1.10 || 1708753754, 17.602098883932 , 78.126597846796, 0.01 , 0.01 ,10.00 , 9.63 , 0.79 , 0.58 , 357.20
2024-02-24 11:19:14,116 :- 00208: 071 , 09.60 , -1.10 || 1708753754, 17.602098883932 , 78.126597846796, 0.01 , 0.01 ,10.00 , 9.66 , 0.82 , 0.61 , 357.23
2024-02-24 11:19:14,146 :- 00209: 074 , 09.60 , -1.10 || 1708753754, 17.602101368567 , 78.126597752554, 0.01 , 0.01 ,9.90 , 9.59 , 0.84 , 0.61 , 357.25
2024-02-24 11:19:14,176 :- 00210: 077 , 09.60 , -1.10 || 1708753754, 17.602101368567 , 78.126597752554, 0.01 , 0.01 ,9.90 , 9.68 , 0.86 , 0.62 , 357.29
2024-02-24 11:19:14,206 :- 00211: 080 , 09.60 , -1.10 || 1708753754, 17.602101368567 , 78.126597752554, 0.01 , 0.01 ,9.90 , 9.61 , 0.87 , 0.63 , 357.32
2024-02-24 11:19:14,236 :- 00212: 083 , 09.60 , -1.10 || 1708753754, 17.602103825387 , 78.126597693962, 0.01 , 0.01 ,9.76 , 9.70 , 0.89 , 0.62 , 357.37
2024-02-24 11:19:14,266 :- 00213: 086 , 09.60 , -1.10 || 1708753754, 17.602103825387 , 78.126597693962, 0.01 , 0.01 ,9.76 , 9.73 , 0.90 , 0.61 , 357.39
2024-02-24 11:19:14,296 :- 00214: 089 , 09.60 , -1.10 || 1708753754, 17.602103825387 , 78.126597693962, 0.01 , 0.01 ,9.76 , 9.76 , 0.90 , 0.61 , 357.44
2024-02-24 11:19:14,326 :- 00215: 092 , 09.50 , -1.10 || 1708753754, 17.602103825387 , 78.126597693962, 0.01 , 0.01 ,9.86 , 9.86 , 0.90 , 0.62 , 357.46
2024-02-24 11:19:14,356 :- 00216: 095 , 09.50 , -1.10 || 1708753754, 17.602106276729 , 78.126597580886, 0.01 , 0.01 ,9.86 , 10.07 , 0.89 , 0.60 , 357.51
2024-02-24 11:19:14,386 :- 00217: 098 , 09.50 , -1.10 || 1708753754, 17.602106276729 , 78.126597580886, 0.01 , 0.01 ,9.86 , 9.79 , 0.89 , 0.60 , 357.53
2024-02-24 11:19:14,416 :- 00218: 101 , 09.50 , -1.10 || 1708753754, 17.602106276729 , 78.126597580886, 0.01 , 0.01 ,9.86 , 10.20 , 0.85 , 0.79 , 357.59
2024-02-24 11:19:14,446 :- 00219: 104 , 09.40 , -1.20 || 1708753754, 17.602108710948 , 78.126597469558, 0.01 , 0.01 ,9.68 , 9.82 , 0.83 , 0.75 , 357.61
2024-02-24 11:19:14,476 :- 00220: 107 , 09.40 , -1.20 || 1708753754, 17.602108710948 , 78.126597469558, 0.01 , 0.01 ,9.68 , 8.63 , 0.66 , 0.05 , 357.65
2024-02-24 11:19:14,506 :- 00221: 110 , 09.40 , -1.20 || 1708753754, 17.602108710948 , 78.126597469558, 0.01 , 0.01 ,9.68 , 8.61 , 0.66 , -0.02 , 357.67
2024-02-24 11:19:14,536 :- 00222: 113 , 09.40 , -1.20 || 1708753754, 17.602110898220 , 78.126597344552, 0.01 , 0.01 ,8.39 , 10.16 , 0.82 , -0.37 , 357.72
2024-02-24 11:19:14,566 :- 00223: 116 , 09.40 , -1.20 || 1708753754, 17.602110898220 , 78.126597344552, 0.01 , 0.01 ,8.39 , 10.56 , 0.84 , -0.67 , 357.75
2024-02-24 11:19:14,596 :- 00224: 119 , 09.40 , -1.20 || 1708753754, 17.602110898220 , 78.126597344552, 0.01 , 0.01 ,8.39 , 11.45 , 0.91 , -0.45 , 357.81
2024-02-24 11:19:14,626 :- 00225: 122 , 09.40 , -1.20 || 1708753754, 17.602110898220 , 78.126597344552, 0.01 , 0.01 ,9.36 , 11.51 , 0.85 , -0.47 , 357.83
2024-02-24 11:19:14,656 :- 00226: 125 , 09.30 , -1.20 || 1708753754, 17.602113146634 , 78.126597332612, 0.01 , 0.01 ,9.36 , 10.83 , 0.82 , -0.46 , 357.89
2024-02-24 11:19:14,686 :- 00227: 128 , 09.30 , -1.20 || 1708753754, 17.602113146634 , 78.126597332612, 0.01 , 0.01 ,9.36 , 8.40 , 0.77 , -0.30 , 357.91
2024-02-24 11:19:14,716 :- 00228: 131 , 09.30 , -1.20 || 1708753754, 17.602113146634 , 78.126597332612, 0.01 , 0.01 ,9.36 , 9.79 , 0.81 , -0.08 , 357.96
2024-02-24 11:19:14,746 :- 00229: 134 , 09.20 , -1.20 || 1708753754, 17.602115652402 , 78.126597233935, 0.01 , 0.01 ,10.07 , 8.79 , 0.85 , 0.05 , 357.98
2024-02-24 11:19:14,776 :- 00230: 137 , 09.10 , -1.20 || 1708753754, 17.602115652402 , 78.126597233935, 0.01 , 0.01 ,10.07 , 9.39 , 0.92 , 0.33 , 358.01
2024-02-24 11:19:14,806 :- 00231: 140 , 09.10 , -1.20 || 1708753754, 17.602115652402 , 78.126597233935, 0.01 , 0.01 ,10.07 , 8.49 , 0.93 , 0.41 , 358.02
2024-02-24 11:19:14,836 :- 00232: 143 , 09.00 , -1.20 || 1708753754, 17.602118158732 , 78.126597190567, 0.01 , 0.01 ,9.88 , 9.59 , 0.98 , 0.59 , 358.06
2024-02-24 11:19:14,866 :- 00233: 146 , 09.00 , -1.20 || 1708753754, 17.602118158732 , 78.126597190567, 0.01 , 0.01 ,9.88 , 9.44 , 0.99 , 0.69 , 358.07
2024-02-24 11:19:14,896 :- 00234: 149 , 09.00 , -1.20 || 1708753754, 17.602118158732 , 78.126597190567, 0.01 , 0.01 ,9.88 , 9.36 , 0.99 , 0.68 , 358.11
2024-02-24 11:19:14,926 :- 00235: 152 , 09.00 , -1.20 || 1708753754, 17.602118158732 , 78.126597190567, 0.01 , 0.01 ,9.41 , 9.55 , 1.00 , 0.70 , 358.13
2024-02-24 11:19:14,956 :- 00236: 155 , 09.00 , -1.20 || 1708753754, 17.602120549671 , 78.126597148102, 0.01 , 0.01 ,9.41 , 10.08 , 1.02 , 0.69 , 358.18
2024-02-24 11:19:14,986 :- 00237: 158 , 09.10 , -1.20 || 1708753754, 17.602120549671 , 78.126597148102, 0.01 , 0.01 ,9.41 , 9.96 , 1.00 , 0.61 , 358.21
2024-02-24 11:19:15,016 :- 00238: 161 , 09.10 , -1.20 || 1708753755, 17.602120549671 , 78.126597148102, 0.01 , 0.01 ,9.41 , 10.21 , 0.98 , 0.49 , 358.25
2024-02-24 11:19:15,046 :- 00239: 164 , 09.10 , -1.20 || 1708753755, 17.602120549671 , 78.126597148102, 0.01 , 0.01 ,9.06 , 10.77 , 0.98 , 0.41 , 358.28
2024-02-24 11:19:15,076 :- 00240: 167 , 09.20 , -1.20 || 1708753755, 17.602122849585 , 78.126597088195, 0.01 , 0.01 ,9.06 , 10.55 , 0.92 , 0.28 , 358.32
2024-02-24 11:19:15,106 :- 00241: 170 , 09.20 , -1.20 || 1708753755, 17.602122849585 , 78.126597088195, 0.01 , 0.01 ,9.06 , 10.55 , 0.90 , 0.22 , 358.34
2024-02-24 11:19:15,135 :- 00242: 170 , 09.20 , -1.20 || 1708753755, 17.602122849585 , 78.126597088195, 0.01 , 0.01 ,9.06 , 10.55 , 0.90 , 0.22 , 358.341708753755, 17.602125133562 , 78.126597000481, 0.01 , 0.01 ,9.17 , 10.23 , 0.85 , 0.13 , 358.37
2024-02-24 11:19:15,156 :- 00243: 175 , 09.30 , -1.20 || 1708753755, 17.602125133562 , 78.126597000481, 0.01 , 0.01 ,9.17 , 10.09 , 0.82 , 0.11 , 358.38
2024-02-24 11:19:15,186 :- 00244: 178 , 09.30 , -1.20 || 1708753755, 17.602125133562 , 78.126597000481, 0.01 , 0.01 ,9.17 , 9.98 , 0.79 , 0.10 , 358.40
2024-02-24 11:19:15,216 :- 00245: 181 , 09.30 , -1.20 || 1708753755, 17.602125133562 , 78.126597000481, 0.01 , 0.01 ,9.17 , 9.67 , 0.76 , 0.07 , 358.44
2024-02-24 11:19:15,246 :- 00246: 184 , 09.30 , -1.20 || 1708753755, 17.602127483470 , 78.126596918247, 0.01 , 0.01 ,9.38 , 9.62 , 0.74 , 0.08 , 358.46
2024-02-24 11:19:15,276 :- 00247: 187 , 09.30 , -1.10 || 1708753755, 17.602127483470 , 78.126596918247, 0.01 , 0.01 ,9.38 , 9.52 , 0.73 , 0.11 , 358.51
2024-02-24 11:19:15,306 :- 00248: 190 , 09.30 , -1.10 || 1708753755, 17.602127483470 , 78.126596918247, 0.01 , 0.01 ,9.38 , 9.56 , 0.73 , 0.13 , 358.53
2024-02-24 11:19:15,336 :- 00249: 193 , 09.20 , -1.10 || 1708753755, 17.602129874803 , 78.126596846985, 0.01 , 0.01 ,9.59 , 9.27 , 0.73 , 0.19 , 358.58
2024-02-24 11:19:15,366 :- 00250: 196 , 08.70 , -1.10 || 1708753755, 17.602129874803 , 78.126596846985, 0.01 , 0.01 ,9.59 , 14.77 , 0.75 , 0.37 , 358.60
2024-02-24 11:19:15,396 :- 00251: 199 , 08.60 , -1.10 || 1708753755, 17.602129874803 , 78.126596846985, 0.01 , 0.01 ,9.59 , 16.34 , 0.96 , 0.49 , 358.64
2024-02-24 11:19:15,426 :- 00252: 202 , 08.60 , -1.10 || 1708753755, 17.602129874803 , 78.126596846985, 0.01 , 0.01 ,9.54 , 13.30 , 0.91 , 0.52 , 358.66
2024-02-24 11:19:15,456 :- 00253: 205 , 08.90 , -1.10 || 1708753755, 17.602132267277 , 78.126596820310, 0.01 , 0.01 ,9.54 , 8.47 , 0.76 , 1.35 , 358.69
2024-02-24 11:19:15,486 :- 00254: 208 , 09.30 , -1.10 || 1708753755, 17.602132267277 , 78.126596820310, 0.01 , 0.01 ,9.54 , 5.08 , 0.71 , 1.39 , 358.70
2024-02-24 11:19:15,516 :- 00255: 211 , 09.90 , -1.10 || 1708753755, 17.602132267277 , 78.126596820310, 0.01 , 0.01 ,9.54 , 1.83 , 0.40 , 1.14 , 358.73
2024-02-24 11:19:15,546 :- 00256: 214 , 10.00 , -1.10 || 1708753755, 17.602134764708 , 78.126596805089, 0.01 , 0.01 ,9.94 , 0.57 , 0.21 , 1.17 , 358.80
2024-02-24 11:19:15,576 :- 00257: 217 , 09.50 , -1.10 || 1708753755, 17.602134764708 , 78.126596805089, 0.01 , 0.01 ,9.94 , 8.03 , 0.98 , 1.27 , 358.87
2024-02-24 11:19:15,606 :- 00258: 220 , 09.40 , -1.00 || 1708753755, 17.602134764708 , 78.126596805089, 0.01 , 0.01 ,9.94 , 8.42 , 1.11 , 1.33 , 358.87
2024-02-24 11:19:15,636 :- 00259: 223 , 09.10 , -1.00 || 1708753755, 17.602136969223 , 78.126596825398, 0.01 , 0.01 ,8.56 , 9.81 , 0.94 , 0.77 , 358.91
2024-02-24 11:19:15,666 :- 00260: 226 , 09.00 , -1.00 || 1708753755, 17.602136969223 , 78.126596825398, 0.01 , 0.01 ,8.56 , 8.77 , 0.97 , 0.53 , 358.94
2024-02-24 11:19:15,696 :- 00261: 229 , 08.90 , -1.00 || 1708753755, 17.602136969223 , 78.126596825398, 0.01 , 0.01 ,8.56 , 10.23 , 0.98 , 0.35 , 359.00
2024-02-24 11:19:15,726 :- 00262: 232 , 08.90 , -0.90 || 1708753755, 17.602136969223 , 78.126596825398, 0.01 , 0.01 ,8.55 , 11.86 , 1.08 , 0.06 , 359.02
2024-02-24 11:19:15,756 :- 00263: 235 , 08.80 , -0.90 || 1708753755, 17.602139103686 , 78.126596826371, 0.01 , 0.01 ,8.55 , 11.90 , 1.03 , -0.12 , 359.07
2024-02-24 11:19:15,786 :- 00264: 238 , 08.80 , -0.90 || 1708753755, 17.602139103686 , 78.126596826371, 0.01 , 0.01 ,8.55 , 12.10 , 1.00 , -0.22 , 359.09
2024-02-24 11:19:15,816 :- 00265: 241 , 08.90 , -0.90 || 1708753755, 17.602139103686 , 78.126596826371, 0.01 , 0.01 ,8.55 , 12.40 , 1.02 , -0.33 , 359.13
2024-02-24 11:19:15,846 :- 00266: 244 , 08.90 , -0.90 || 1708753755, 17.602141370645 , 78.126596789145, 0.01 , 0.01 ,9.17 , 13.40 , 1.04 , -0.35 , 359.14
2024-02-24 11:19:15,876 :- 00267: 247 , 09.00 , -0.90 || 1708753755, 17.602141370645 , 78.126596789145, 0.01 , 0.01 ,9.17 , 11.97 , 1.00 , -0.21 , 359.17
2024-02-24 11:19:15,906 :- 00268: 250 , 09.10 , -0.90 || 1708753755, 17.602141370645 , 78.126596789145, 0.01 , 0.01 ,9.17 , 11.36 , 0.99 , -0.16 , 359.18
2024-02-24 11:19:15,936 :- 00269: 253 , 09.20 , -0.90 || 1708753755, 17.602143805348 , 78.126596747135, 0.01 , 0.01 ,9.87 , 10.22 , 0.95 , -0.01 , 359.21
2024-02-24 11:19:15,966 :- 00270: 000 , 09.30 , -0.90 || 1708753755, 17.602143805348 , 78.126596747135, 0.01 , 0.01 ,9.87 , 9.71 , 0.92 , 0.07 , 359.22
2024-02-24 11:19:15,996 :- 00271: 003 , 09.50 , -0.90 || 1708753755, 17.602143805348 , 78.126596747135, 0.01 , 0.01 ,9.87 , 9.15 , 0.85 , 0.19 , 359.26
2024-02-24 11:19:16,026 :- 00272: 006 , 09.60 , -0.90 || 1708753756, 17.602143805348 , 78.126596747135, 0.01 , 0.01 ,9.87 , 8.91 , 0.83 , 0.24 , 359.28
2024-02-24 11:19:16,056 :- 00273: 009 , 09.70 , -0.90 || 1708753756, 17.602146334908 , 78.126596685085, 0.01 , 0.01 ,10.05 , 8.62 , 0.80 , 0.28 , 359.33
2024-02-24 11:19:16,086 :- 00274: 012 , 09.80 , -0.90 || 1708753756, 17.602146334908 , 78.126596685085, 0.01 , 0.01 ,10.05 , 8.37 , 0.80 , 0.29 , 359.35
2024-02-24 11:19:16,116 :- 00275: 015 , 09.90 , -0.80 || 1708753756, 17.602146334908 , 78.126596685085, 0.01 , 0.01 ,10.05 , 8.37 , 0.80 , 0.27 , 359.38
2024-02-24 11:19:16,146 :- 00276: 018 , 09.90 , -0.80 || 1708753756, 17.602148872462 , 78.126596652564, 0.01 , 0.01 ,10.11 , 8.56 , 0.80 , 0.23 , 359.39
2024-02-24 11:19:16,176 :- 00277: 021 , 10.00 , -0.80 || 1708753756, 17.602148872462 , 78.126596652564, 0.01 , 0.01 ,10.11 , 8.49 , 0.81 , 0.13 , 359.42
2024-02-24 11:19:16,206 :- 00278: 024 , 10.10 , -0.80 || 1708753756, 17.602148872462 , 78.126596652564, 0.01 , 0.01 ,10.11 , 8.90 , 0.81 , 0.07 , 359.43
2024-02-24 11:19:16,236 :- 00279: 027 , 10.20 , -0.80 || 1708753756, 17.602151453726 , 78.126596650109, 0.01 , 0.01 ,10.36 , 9.08 , 0.83 , -0.07 , 359.45
2024-02-24 11:19:16,266 :- 00280: 030 , 10.30 , -0.80 || 1708753756, 17.602151453726 , 78.126596650109, 0.01 , 0.01 ,10.36 , 9.75 , 0.84 , -0.15 , 359.46
2024-02-24 11:19:16,296 :- 00281: 033 , 10.30 , -0.80 || 1708753756, 17.602151453726 , 78.126596650109, 0.01 , 0.01 ,10.36 , 10.52 , 0.90 , -0.26 , 359.49
2024-02-24 11:19:16,326 :- 00282: 036 , 10.40 , -0.80 || 1708753756, 17.602151453726 , 78.126596650109, 0.01 , 0.01 ,10.79 , 10.27 , 0.92 , -0.35 , 359.50
2024-02-24 11:19:16,356 :- 00283: 039 , 10.60 , -0.80 || 1708753756, 17.602154126505 , 78.126596673550, 0.01 , 0.01 ,10.79 , 10.68 , 0.97 , -0.42 , 359.54
2024-02-24 11:19:16,386 :- 00284: 042 , 10.70 , -0.80 || 1708753756, 17.602154126505 , 78.126596673550, 0.01 , 0.01 ,10.79 , 10.86 , 0.98 , -0.45 , 359.55
2024-02-24 11:19:16,415 :- 00285: 042 , 10.70 , -0.80 || 1708753756, 17.602154126505 , 78.126596673550, 0.01 , 0.01 ,10.79 , 10.86 , 0.98 , -0.45 , 359.551708753756, 17.602154126505 , 78.126596673550, 0.01 , 0.01 ,10.79 , 11.07 , 1.01 , -0.48 , 359.58
2024-02-24 11:19:16,436 :- 00286: 047 , 11.00 , -0.80 || 1708753756, 17.602156981061 , 78.126596688956, 0.01 , 0.01 ,11.60 , 10.64 , 1.01 , -0.48 , 359.60
2024-02-24 11:19:16,466 :- 00287: 050 , 11.20 , -0.80 || 1708753756, 17.602156981061 , 78.126596688956, 0.01 , 0.01 ,11.60 , 10.83 , 1.02 , -0.47 , 359.61
2024-02-24 11:19:16,496 :- 00288: 053 , 11.40 , -0.80 || 1708753756, 17.602156981061 , 78.126596688956, 0.01 , 0.01 ,11.60 , 10.50 , 1.05 , -0.42 , 359.64
2024-02-24 11:19:16,526 :- 00289: 056 , 11.60 , -0.80 || 1708753756, 17.602156981061 , 78.126596688956, 0.01 , 0.01 ,12.42 , 10.28 , 1.05 , -0.40 , 359.65
2024-02-24 11:19:16,556 :- 00290: 059 , 11.80 , -0.80 || 1708753756, 17.602160048255 , 78.126596696908, 0.01 , 0.01 ,12.42 , 9.92 , 1.07 , -0.35 , 359.68
2024-02-24 11:19:16,586 :- 00291: 062 , 12.00 , -0.80 || 1708753756, 17.602160048255 , 78.126596696908, 0.01 , 0.01 ,12.42 , 9.69 , 1.09 , -0.32 , 359.69
2024-02-24 11:19:16,616 :- 00292: 065 , 12.20 , -0.80 || 1708753756, 17.602160048255 , 78.126596696908, 0.01 , 0.01 ,12.42 , 9.53 , 1.08 , -0.27 , 359.72
2024-02-24 11:19:16,646 :- 00293: 068 , 12.40 , -0.80 || 1708753756, 17.602163285598 , 78.126596708115, 0.01 , 0.01 ,13.09 , 9.19 , 1.08 , -0.25 , 359.74
2024-02-24 11:19:16,676 :- 00294: 071 , 12.60 , -0.80 || 1708753756, 17.602163285598 , 78.126596708115, 0.01 , 0.01 ,13.09 , 9.16 , 1.05 , -0.22 , 359.77
2024-02-24 11:19:16,706 :- 00295: 074 , 12.80 , -0.70 || 1708753756, 17.602163285598 , 78.126596708115, 0.01 , 0.01 ,13.09 , 9.13 , 1.03 , -0.22 , 359.78
2024-02-24 11:19:16,736 :- 00296: 077 , 13.00 , -0.70 || 1708753756, 17.602166640539 , 78.126596698114, 0.01 , 0.01 ,13.50 , 9.34 , 1.02 , -0.22 , 359.81
2024-02-24 11:19:16,766 :- 00297: 080 , 13.10 , -0.70 || 1708753756, 17.602166640539 , 78.126596698114, 0.01 , 0.01 ,13.50 , 9.42 , 1.02 , -0.23 , 359.82
2024-02-24 11:19:16,796 :- 00298: 083 , 13.30 , -0.60 || 1708753756, 17.602166640539 , 78.126596698114, 0.01 , 0.01 ,13.50 , 9.40 , 1.01 , -0.25 , 359.85
2024-02-24 11:19:16,826 :- 00299: 086 , 13.50 , -0.60 || 1708753756, 17.602166640539 , 78.126596698114, 0.01 , 0.01 ,14.19 , 9.67 , 1.01 , -0.26 , 359.86
2024-02-24 11:19:16,856 :- 00300: 089 , 13.60 , -0.50 || 1708753756, 17.602170156785 , 78.126596686398, 0.01 , 0.01 ,14.19 , 9.87 , 1.03 , -0.27 , 359.88
2024-02-24 11:19:16,886 :- 00301: 092 , 13.80 , -0.50 || 1708753756, 17.602170156785 , 78.126596686398, 0.01 , 0.01 ,14.19 , 10.02 , 1.04 , -0.27 , 359.89
2024-02-24 11:19:16,916 :- 00302: 095 , 14.00 , -0.40 || 1708753756, 17.602170156785 , 78.126596686398, 0.01 , 0.01 ,14.19 , 9.76 , 1.06 , -0.27 , 359.91
2024-02-24 11:19:16,946 :- 00303: 098 , 14.20 , -0.40 || 1708753756, 17.602173843517 , 78.126596712630, 0.01 , 0.01 ,14.88 , 10.14 , 1.06 , -0.28 , 359.91
2024-02-24 11:19:16,976 :- 00304: 101 , 14.40 , -0.40 || 1708753756, 17.602173843517 , 78.126596712630, 0.01 , 0.01 ,14.88 , 10.22 , 1.06 , -0.30 , 359.91
2024-02-24 11:19:17,006 :- 00305: 104 , 14.60 , -0.40 || 1708753756, 17.602173843517 , 78.126596712630, 0.01 , 0.01 ,14.88 , 10.40 , 1.06 , -0.30 , 359.92
2024-02-24 11:19:17,036 :- 00306: 107 , 14.80 , -0.40 || 1708753757, 17.602173843517 , 78.126596712630, 0.01 , 0.01 ,14.88 , 10.17 , 1.04 , -0.31 , 359.92
2024-02-24 11:19:17,066 :- 00307: 110 , 15.00 , -0.40 || 1708753757, 17.602177705183 , 78.126596737819, 0.01 , 0.01 ,15.52 , 10.16 , 1.04 , -0.30 , 359.92
2024-02-24 11:19:17,096 :- 00308: 113 , 15.30 , -0.40 || 1708753757, 17.602177705183 , 78.126596737819, 0.01 , 0.01 ,15.52 , 10.13 , 1.03 , -0.29 , 359.93
2024-02-24 11:19:17,126 :- 00309: 116 , 15.50 , -0.40 || 1708753757, 17.602177705183 , 78.126596737819, 0.01 , 0.01 ,16.17 , 9.85 , 1.00 , -0.28 , 359.93
2024-02-24 11:19:17,156 :- 00310: 119 , 15.70 , -0.40 || 1708753757, 17.602181729675 , 78.126596745632, 0.01 , 0.01 ,16.17 , 10.06 , 0.97 , -0.25 , 359.95
2024-02-24 11:19:17,186 :- 00311: 122 , 15.90 , -0.40 || 1708753757, 17.602181729675 , 78.126596745632, 0.01 , 0.01 ,16.17 , 9.92 , 0.96 , -0.22 , 359.95
2024-02-24 11:19:17,216 :- 00312: 125 , 16.10 , -0.40 || 1708753757, 17.602181729675 , 78.126596745632, 0.01 , 0.01 ,16.17 , 9.10 , 0.91 , -0.20 , 359.96
2024-02-24 11:19:17,246 :- 00313: 128 , 16.20 , -0.40 || 1708753757, 17.602185922065 , 78.126596727350, 0.01 , 0.01 ,16.89 , 9.47 , 0.89 , -0.19 , 359.97
2024-02-24 11:19:17,276 :- 00314: 131 , 16.40 , -0.40 || 1708753757, 17.602185922065 , 78.126596727350, 0.01 , 0.01 ,16.89 , 9.26 , 0.86 , -0.19 , 359.99
2024-02-24 11:19:17,306 :- 00315: 134 , 16.60 , -0.40 || 1708753757, 17.602185922065 , 78.126596727350, 0.01 , 0.01 ,16.89 , 9.45 , 0.85 , -0.20 , 360.00
2024-02-24 11:19:17,336 :- 00316: 137 , 16.80 , -0.40 || 1708753757, 17.602190257356 , 78.126596723147, 0.01 , 0.01 ,17.45 , 9.09 , 0.83 , -0.20 , 0.01
2024-02-24 11:19:17,366 :- 00317: 140 , 17.00 , -0.40 || 1708753757, 17.602190257356 , 78.126596723147, 0.01 , 0.01 ,17.45 , 9.37 , 0.83 , -0.22 , 0.02
2024-02-24 11:19:17,396 :- 00318: 143 , 17.10 , -0.40 || 1708753757, 17.602190257356 , 78.126596723147, 0.01 , 0.01 ,17.45 , 9.33 , 0.80 , -0.26 , 0.02
2024-02-24 11:19:17,426 :- 00319: 146 , 17.30 , -0.40 || 1708753757, 17.602190257356 , 78.126596723147, 0.01 , 0.01 ,17.45 , 9.77 , 0.79 , -0.31 , 0.02
2024-02-24 11:19:17,456 :- 00320: 149 , 17.40 , -0.40 || 1708753757, 17.602194706086 , 78.126596843681, 0.01 , 0.01 ,17.92 , 10.04 , 0.81 , -0.35 , 0.02
2024-02-24 11:19:17,486 :- 00321: 152 , 17.60 , -0.40 || 1708753757, 17.602194706086 , 78.126596843681, 0.01 , 0.01 ,17.92 , 10.72 , 0.80 , -0.40 , 0.03
2024-02-24 11:19:17,516 :- 00322: 155 , 17.80 , -0.30 || 1708753757, 17.602194706086 , 78.126596843681, 0.01 , 0.01 ,17.92 , 10.37 , 0.76 , -0.44 , 0.04
2024-02-24 11:19:17,546 :- 00323: 158 , 17.90 , -0.30 || 1708753757, 17.602199315546 , 78.126596868195, 0.01 , 0.01 ,18.51 , 10.47 , 0.75 , -0.45 , 0.05
2024-02-24 11:19:17,576 :- 00324: 161 , 18.10 , -0.20 || 1708753757, 17.602199315546 , 78.126596868195, 0.01 , 0.01 ,18.51 , 10.45 , 0.73 , -0.44 , 0.07
2024-02-24 11:19:17,606 :- 00325: 164 , 18.30 , -0.10 || 1708753757, 17.602199315546 , 78.126596868195, 0.01 , 0.01 ,18.51 , 10.44 , 0.71 , -0.44 , 0.08
2024-02-24 11:19:17,636 :- 00326: 167 , 18.50 , -0.10 || 1708753757, 17.602204087691 , 78.126596870465, 0.01 , 0.01 ,19.24 , 9.78 , 0.63 , -0.40 , 0.09
2024-02-24 11:19:17,666 :- 00327: 170 , 18.70 , -0.10 || 1708753757, 17.602204087691 , 78.126596870465, 0.01 , 0.01 ,19.24 , 10.05 , 0.63 , -0.41 , 0.09
2024-02-24 11:19:17,695 :- 00328: 170 , 18.70 , -0.10 || 1708753757, 17.602204087691 , 78.126596870465, 0.01 , 0.01 ,19.24 , 10.05 , 0.63 , -0.41 , 0.091708753757, 17.602204087691 , 78.126596870465, 0.01 , 0.01 ,19.24 , 9.32 , 0.55 , -0.35 , 0.07
2024-02-24 11:19:17,716 :- 00329: 175 , 19.00 , -0.10 || 1708753757, 17.602204087691 , 78.126596870465, 0.01 , 0.01 ,19.24 , 10.01 , 0.53 , -0.34 , 0.06
2024-02-24 11:19:17,746 :- 00330: 178 , 19.20 , -0.10 || 1708753757, 17.602209029643 , 78.126596847377, 0.01 , 0.01 ,19.88 , 9.31 , 0.51 , -0.35 , 0.05
2024-02-24 11:19:17,776 :- 00331: 181 , 19.30 , -0.10 || 1708753757, 17.602209029643 , 78.126596847377, 0.01 , 0.01 ,19.88 , 9.40 , 0.48 , -0.33 , 0.02
2024-02-24 11:19:17,806 :- 00332: 184 , 19.50 , -0.10 || 1708753757, 17.602209029643 , 78.126596847377, 0.01 , 0.01 ,19.88 , 9.41 , 0.49 , -0.35 , 0.01
2024-02-24 11:19:17,836 :- 00333: 187 , 19.60 , -0.10 || 1708753757, 17.602214079909 , 78.126596849355, 0.01 , 0.01 ,20.25 , 9.68 , 0.49 , -0.37 , 359.99
2024-02-24 11:19:17,866 :- 00334: 190 , 19.80 , -0.10 || 1708753757, 17.602214079909 , 78.126596849355, 0.01 , 0.01 ,20.25 , 9.97 , 0.49 , -0.38 , 359.99
2024-02-24 11:19:17,896 :- 00335: 193 , 19.90 , -0.10 || 1708753757, 17.602214079909 , 78.126596849355, 0.01 , 0.01 ,20.25 , 9.62 , 0.51 , -0.42 , 359.99
2024-02-24 11:19:17,926 :- 00336: 196 , 20.10 , -0.10 || 1708753757, 17.602214079909 , 78.126596849355, 0.01 , 0.01 ,20.80 , 10.34 , 0.53 , -0.43 , 359.99
2024-02-24 11:19:17,956 :- 00337: 199 , 20.30 , -0.00 || 1708753757, 17.602219272574 , 78.126596884079, 0.01 , 0.01 ,20.80 , 9.44 , 0.55 , -0.46 , 360.00
2024-02-24 11:19:17,986 :- 00338: 202 , 20.40 , 00.00 || 1708753757, 17.602219272574 , 78.126596884079, 0.01 , 0.01 ,20.80 , 10.49 , 0.58 , -0.47 , 359.99
2024-02-24 11:19:18,016 :- 00339: 205 , 20.60 , 00.00 || 1708753758, 17.602219272574 , 78.126596884079, 0.01 , 0.01 ,20.80 , 9.77 , 0.62 , -0.50 , 359.98
2024-02-24 11:19:18,046 :- 00340: 208 , 20.70 , 00.00 || 1708753758, 17.602224601218 , 78.126596928303, 0.01 , 0.01 ,21.41 , 10.67 , 0.65 , -0.48 , 359.98
2024-02-24 11:19:18,076 :- 00341: 211 , 20.90 , 00.00 || 1708753758, 17.602224601218 , 78.126596928303, 0.01 , 0.01 ,21.41 , 9.99 , 0.67 , -0.49 , 359.96
2024-02-24 11:19:18,106 :- 00342: 214 , 21.10 , 00.00 || 1708753758, 17.602224601218 , 78.126596928303, 0.01 , 0.01 ,21.41 , 9.86 , 0.67 , -0.46 , 359.95
2024-02-24 11:19:18,136 :- 00343: 217 , 21.20 , 00.00 || 1708753758, 17.602230090150 , 78.126596973970, 0.01 , 0.01 ,22.06 , 9.61 , 0.67 , -0.40 , 359.93
2024-02-24 11:19:18,166 :- 00344: 220 , 21.40 , 00.00 || 1708753758, 17.602230090150 , 78.126596973970, 0.01 , 0.01 ,22.06 , 9.99 , 0.67 , -0.39 , 359.93
2024-02-24 11:19:18,196 :- 00345: 223 , 21.50 , 00.00 || 1708753758, 17.602230090150 , 78.126596973970, 0.01 , 0.01 ,22.06 , 9.55 , 0.65 , -0.32 , 359.91
2024-02-24 11:19:18,226 :- 00346: 226 , 21.70 , 00.00 || 1708753758, 17.602230090150 , 78.126596973970, 0.01 , 0.01 ,22.60 , 9.85 , 0.63 , -0.30 , 359.90
2024-02-24 11:19:18,256 :- 00347: 229 , 21.80 , 00.00 || 1708753758, 17.602235730605 , 78.126596980035, 0.01 , 0.01 ,22.60 , 9.57 , 0.62 , -0.23 , 359.89
2024-02-24 11:19:18,286 :- 00348: 232 , 22.00 , 00.00 || 1708753758, 17.602235730605 , 78.126596980035, 0.01 , 0.01 ,22.60 , 10.11 , 0.61 , -0.23 , 359.88
2024-02-24 11:19:18,316 :- 00349: 235 , 22.10 , 00.00 || 1708753758, 17.602235730605 , 78.126596980035, 0.01 , 0.01 ,22.60 , 9.85 , 0.59 , -0.15 , 359.85
2024-02-24 11:19:18,346 :- 00350: 238 , 22.30 , 00.00 || 1708753758, 17.602241505469 , 78.126596951971, 0.01 , 0.01 ,23.11 , 9.83 , 0.58 , -0.15 , 359.84
2024-02-24 11:19:18,376 :- 00351: 241 , 22.50 , 00.00 || 1708753758, 17.602241505469 , 78.126596951971, 0.01 , 0.01 ,23.11 , 10.20 , 0.58 , -0.11 , 359.81
2024-02-24 11:19:18,406 :- 00352: 244 , 22.60 , 00.00 || 1708753758, 17.602241505469 , 78.126596951971, 0.01 , 0.01 ,23.11 , 9.78 , 0.58 , -0.07 , 359.80
2024-02-24 11:19:18,436 :- 00353: 247 , 22.80 , 00.00 || 1708753758, 17.602247409704 , 78.126596962299, 0.01 , 0.01 ,23.62 , 9.62 , 0.63 , -0.03 , 359.77
2024-02-24 11:19:18,466 :- 00354: 250 , 23.00 , 00.00 || 1708753758, 17.602247409704 , 78.126596962299, 0.01 , 0.01 ,23.62 , 9.30 , 0.66 , -0.01 , 359.76
2024-02-24 11:19:18,496 :- 00355: 253 , 23.10 , 00.00 || 1708753758, 17.602247409704 , 78.126596962299, 0.01 , 0.01 ,23.62 , 9.33 , 0.74 , 0.00 , 359.74
2024-02-24 11:19:18,526 :- 00356: 000 , 23.30 , 00.00 || 1708753758, 17.602247409704 , 78.126596962299, 0.01 , 0.01 ,24.03 , 9.31 , 0.77 , 0.00 , 359.73
2024-02-24 11:19:18,556 :- 00357: 003 , 23.50 , 00.00 || 1708753758, 17.602253431150 , 78.126597014704, 0.01 , 0.01 ,24.03 , 9.08 , 0.78 , -0.01 , 359.73
2024-02-24 11:19:18,586 :- 00358: 006 , 23.60 , 00.00 || 1708753758, 17.602253431150 , 78.126597014704, 0.01 , 0.01 ,24.03 , 9.61 , 0.80 , -0.04 , 359.72
2024-02-24 11:19:18,616 :- 00359: 009 , 23.70 , 00.00 || 1708753758, 17.602253431150 , 78.126597014704, 0.01 , 0.01 ,24.03 , 9.71 , 0.83 , -0.09 , 359.71
2024-02-24 11:19:18,646 :- 00360: 012 , 23.80 , 00.00 || 1708753758, 17.602259554924 , 78.126597028947, 0.01 , 0.01 ,24.47 , 10.13 , 0.85 , -0.11 , 359.70
2024-02-24 11:19:18,676 :- 00361: 015 , 24.00 , 00.00 || 1708753758, 17.602259554924 , 78.126597028947, 0.01 , 0.01 ,24.47 , 9.60 , 0.84 , -0.18 , 359.69
2024-02-24 11:19:18,706 :- 00362: 018 , 24.10 , 00.00 || 1708753758, 17.602259554924 , 78.126597028947, 0.01 , 0.01 ,24.47 , 10.29 , 0.86 , -0.19 , 359.68
2024-02-24 11:19:18,736 :- 00363: 021 , 24.30 , 00.00 || 1708753758, 17.602265777520 , 78.126597016595, 0.01 , 0.01 ,24.92 , 10.23 , 0.90 , -0.22 , 359.68
2024-02-24 11:19:18,766 :- 00364: 024 , 24.40 , 00.00 || 1708753758, 17.602265777520 , 78.126597016595, 0.01 , 0.01 ,24.92 , 9.99 , 0.91 , -0.23 , 359.67
2024-02-24 11:19:18,796 :- 00365: 027 , 24.50 , 00.00 || 1708753758, 17.602265777520 , 78.126597016595, 0.01 , 0.01 ,24.92 , 10.07 , 0.92 , -0.21 , 359.66
2024-02-24 11:19:18,826 :- 00366: 030 , 24.60 , 00.00 || 1708753758, 17.602265777520 , 78.126597016595, 0.01 , 0.01 ,25.46 , 10.79 , 0.93 , -0.21 , 359.65
2024-02-24 11:19:18,856 :- 00367: 033 , 24.80 , 00.00 || 1708753758, 17.602272139219 , 78.126597016959, 0.01 , 0.01 ,25.46 , 9.82 , 0.91 , -0.16 , 359.62
2024-02-24 11:19:18,886 :- 00368: 036 , 24.90 , 00.00 || 1708753758, 17.602272139219 , 78.126597016959, 0.01 , 0.01 ,25.46 , 10.16 , 0.91 , -0.11 , 359.61
2024-02-24 11:19:18,916 :- 00369: 039 , 25.00 , 00.00 || 1708753758, 17.602272139219 , 78.126597016959, 0.01 , 0.01 ,25.46 , 9.91 , 0.91 , -0.07 , 359.59
2024-02-24 11:19:18,946 :- 00370: 042 , 25.10 , 00.00 || 1708753758, 17.602278640817 , 78.126596998329, 0.01 , 0.01 ,26.00 , 10.13 , 0.93 , -0.03 , 359.58
2024-02-24 11:19:18,975 :- 00371: 042 , 25.10 , 00.00 || 1708753758, 17.602278640817 , 78.126596998329, 0.01 , 0.01 ,26.00 , 10.13 , 0.93 , -0.03 , 359.581708753758, 17.602278640817 , 78.126596998329, 0.01 , 0.01 ,26.00 , 9.80 , 0.95 , 0.06 , 359.56
2024-02-24 11:19:18,996 :- 00372: 047 , 25.40 , 00.00 || 1708753758, 17.602278640817 , 78.126596998329, 0.01 , 0.01 ,26.00 , 9.58 , 0.96 , 0.07 , 359.55
2024-02-24 11:19:19,026 :- 00373: 050 , 25.40 , 00.00 || 1708753759, 17.602278640817 , 78.126596998329, 0.01 , 0.01 ,26.00 , 9.68 , 0.98 , 0.12 , 359.55
2024-02-24 11:19:19,056 :- 00374: 053 , 25.60 , 00.00 || 1708753759, 17.602285249050 , 78.126596990343, 0.01 , 0.01 ,26.42 , 9.94 , 1.04 , 0.20 , 359.52
2024-02-24 11:19:19,086 :- 00375: 056 , 25.70 , 00.00 || 1708753759, 17.602285249050 , 78.126596990343, 0.01 , 0.01 ,26.42 , 8.72 , 1.01 , 0.22 , 359.51
2024-02-24 11:19:19,116 :- 00376: 059 , 25.80 , 00.00 || 1708753759, 17.602285249050 , 78.126596990343, 0.01 , 0.01 ,26.42 , 9.59 , 1.08 , 0.27 , 359.49
2024-02-24 11:19:19,146 :- 00377: 062 , 25.90 , 00.10 || 1708753759, 17.602291926674 , 78.126596984796, 0.01 , 0.01 ,26.68 , 9.41 , 1.11 , 0.25 , 359.48
2024-02-24 11:19:19,176 :- 00378: 065 , 26.00 , 00.10 || 1708753759, 17.602291926674 , 78.126596984796, 0.01 , 0.01 ,26.68 , 9.19 , 1.15 , 0.28 , 359.46
2024-02-24 11:19:19,206 :- 00379: 068 , 26.10 , 00.20 || 1708753759, 17.602291926674 , 78.126596984796, 0.01 , 0.01 ,26.68 , 9.52 , 1.18 , 0.27 , 359.45
2024-02-24 11:19:19,236 :- 00380: 071 , 26.20 , 00.20 || 1708753759, 17.602298660976 , 78.126597000942, 0.01 , 0.01 ,26.92 , 9.82 , 1.26 , 0.22 , 359.44
2024-02-24 11:19:19,266 :- 00381: 074 , 26.30 , 00.30 || 1708753759, 17.602298660976 , 78.126597000942, 0.01 , 0.01 ,26.92 , 9.32 , 1.26 , 0.23 , 359.44
2024-02-24 11:19:19,296 :- 00382: 077 , 26.40 , 00.40 || 1708753759, 17.602298660976 , 78.126597000942, 0.01 , 0.01 ,26.92 , 10.24 , 1.33 , 0.19 , 359.41
2024-02-24 11:19:19,326 :- 00383: 080 , 26.50 , 00.50 || 1708753759, 17.602298660976 , 78.126597000942, 0.01 , 0.01 ,27.18 , 9.33 , 1.32 , 0.14 , 359.40
2024-02-24 11:19:19,356 :- 00384: 083 , 26.60 , 00.60 || 1708753759, 17.602305470461 , 78.126596992651, 0.01 , 0.01 ,27.18 , 10.35 , 1.34 , 0.13 , 359.36
2024-02-24 11:19:19,386 :- 00385: 086 , 26.70 , 00.60 || 1708753759, 17.602305470461 , 78.126596992651, 0.01 , 0.01 ,27.18 , 9.55 , 1.33 , 0.10 , 359.33
2024-02-24 11:19:19,416 :- 00386: 089 , 26.80 , 00.60 || 1708753759, 17.602305470461 , 78.126596992651, 0.01 , 0.01 ,27.18 , 10.32 , 1.35 , 0.07 , 359.27
2024-02-24 11:19:19,446 :- 00387: 092 , 26.90 , 00.60 || 1708753759, 17.602312357088 , 78.126596944976, 0.01 , 0.01 ,27.55 , 10.77 , 1.37 , 0.05 , 359.23
2024-02-24 11:19:19,476 :- 00388: 095 , 27.00 , 00.60 || 1708753759, 17.602312357088 , 78.126596944976, 0.01 , 0.01 ,27.55 , 9.49 , 1.36 , 0.05 , 359.15
2024-02-24 11:19:19,506 :- 00389: 098 , 27.10 , 00.60 || 1708753759, 17.602312357088 , 78.126596944976, 0.01 , 0.01 ,27.55 , 10.05 , 1.39 , 0.05 , 359.11
2024-02-24 11:19:19,536 :- 00390: 101 , 27.20 , 00.60 || 1708753759, 17.602319348087 , 78.126596874866, 0.01 , 0.01 ,27.94 , 9.93 , 1.41 , 0.05 , 359.02
2024-02-24 11:19:19,566 :- 00391: 104 , 27.20 , 00.60 || 1708753759, 17.602319348087 , 78.126596874866, 0.01 , 0.01 ,27.94 , 10.60 , 1.41 , 0.05 , 358.98
2024-02-24 11:19:19,596 :- 00392: 107 , 27.30 , 00.60 || 1708753759, 17.602319348087 , 78.126596874866, 0.01 , 0.01 ,27.94 , 9.97 , 1.39 , 0.10 , 358.90
2024-02-24 11:19:19,626 :- 00393: 110 , 27.40 , 00.60 || 1708753759, 17.602319348087 , 78.126596874866, 0.01 , 0.01 ,28.33 , 9.89 , 1.39 , 0.10 , 358.86
2024-02-24 11:19:19,656 :- 00394: 113 , 27.50 , 00.60 || 1708753759, 17.602326424275 , 78.126596799136, 0.01 , 0.01 ,28.33 , 9.77 , 1.37 , 0.16 , 358.79
2024-02-24 11:19:19,686 :- 00395: 116 , 27.60 , 00.60 || 1708753759, 17.602326424275 , 78.126596799136, 0.01 , 0.01 ,28.33 , 9.82 , 1.36 , 0.17 , 358.75
2024-02-24 11:19:19,716 :- 00396: 119 , 27.70 , 00.60 || 1708753759, 17.602326424275 , 78.126596799136, 0.01 , 0.01 ,28.33 , 9.25 , 1.36 , 0.19 , 358.69
2024-02-24 11:19:19,746 :- 00397: 122 , 27.80 , 00.60 || 1708753759, 17.602333579001 , 78.126596658233, 0.01 , 0.01 ,28.57 , 9.88 , 1.36 , 0.22 , 358.66
2024-02-24 11:19:19,776 :- 00398: 125 , 27.90 , 00.60 || 1708753759, 17.602333579001 , 78.126596658233, 0.01 , 0.01 ,28.57 , 9.55 , 1.35 , 0.23 , 358.59
2024-02-24 11:19:19,806 :- 00399: 128 , 28.00 , 00.60 || 1708753759, 17.602333579001 , 78.126596658233, 0.01 , 0.01 ,28.57 , 9.41 , 1.32 , 0.23 , 358.55
2024-02-24 11:19:19,836 :- 00400: 131 , 28.10 , 00.60 || 1708753759, 17.602340791740 , 78.126596474117, 0.01 , 0.01 ,28.77 , 9.62 , 1.31 , 0.22 , 358.48
2024-02-24 11:19:19,866 :- 00401: 134 , 28.10 , 00.60 || 1708753759, 17.602340791740 , 78.126596474117, 0.01 , 0.01 ,28.77 , 9.54 , 1.32 , 0.19 , 358.44
2024-02-24 11:19:19,896 :- 00402: 137 , 28.20 , 00.60 || 1708753759, 17.602340791740 , 78.126596474117, 0.01 , 0.01 ,28.77 , 9.97 , 1.29 , 0.17 , 358.37
2024-02-24 11:19:19,926 :- 00403: 140 , 28.30 , 00.50 || 1708753759, 17.602340791740 , 78.126596474117, 0.01 , 0.01 ,28.99 , 9.65 , 1.26 , 0.16 , 358.33
2024-02-24 11:19:19,956 :- 00404: 143 , 28.40 , 00.50 || 1708753759, 17.602348048689 , 78.126596285494, 0.01 , 0.01 ,28.99 , 10.15 , 1.26 , 0.13 , 358.27
2024-02-24 11:19:19,986 :- 00405: 146 , 28.40 , 00.50 || 1708753759, 17.602348048689 , 78.126596285494, 0.01 , 0.01 ,28.99 , 9.83 , 1.24 , 0.13 , 358.23
2024-02-24 11:19:20,016 :- 00406: 149 , 28.50 , 00.50 || 1708753760, 17.602348048689 , 78.126596285494, 0.01 , 0.01 ,28.99 , 10.20 , 1.25 , 0.15 , 358.17
2024-02-24 11:19:20,046 :- 00407: 152 , 28.50 , 00.40 || 1708753760, 17.602348048689 , 78.126596285494, 0.01 , 0.01 ,29.37 , 9.69 , 1.24 , 0.14 , 358.14
2024-02-24 11:19:20,076 :- 00408: 155 , 28.60 , 00.40 || 1708753760, 17.602355383873 , 78.126596073571, 0.01 , 0.01 ,29.37 , 10.65 , 1.24 , 0.19 , 358.08
2024-02-24 11:19:20,106 :- 00409: 158 , 28.60 , 00.40 || 1708753760, 17.602355383873 , 78.126596073571, 0.01 , 0.01 ,29.37 , 9.96 , 1.24 , 0.21 , 358.05
2024-02-24 11:19:20,136 :- 00410: 161 , 28.70 , 00.40 || 1708753760, 17.602362783549 , 78.126595844434, 0.01 , 0.01 ,29.52 , 10.88 , 1.26 , 0.24 , 357.99
2024-02-24 11:19:20,166 :- 00411: 164 , 28.70 , 00.30 || 1708753760, 17.602362783549 , 78.126595844434, 0.01 , 0.01 ,29.52 , 9.95 , 1.25 , 0.28 , 357.97
2024-02-24 11:19:20,196 :- 00412: 167 , 28.80 , 00.30 || 1708753760, 17.602362783549 , 78.126595844434, 0.01 , 0.01 ,29.52 , 9.08 , 1.22 , 0.32 , 357.92
2024-02-24 11:19:20,226 :- 00413: 170 , 28.80 , 00.30 || 1708753760, 17.602362783549 , 78.126595844434, 0.01 , 0.01 ,29.62 , 9.99 , 1.25 , 0.35 , 357.90
2024-02-24 11:19:20,255 :- 00414: 170 , 28.80 , 00.30 || 1708753760, 17.602362783549 , 78.126595844434, 0.01 , 0.01 ,29.62 , 9.99 , 1.25 , 0.35 , 357.901708753760, 17.602370204800 , 78.126595607291, 0.01 , 0.01 ,29.62 , 8.97 , 1.29 , 0.35 , 357.85
2024-02-24 11:19:20,276 :- 00415: 175 , 28.90 , 00.30 || 1708753760, 17.602370204800 , 78.126595607291, 0.01 , 0.01 ,29.62 , 9.72 , 1.30 , 0.36 , 357.83
2024-02-24 11:19:20,306 :- 00416: 178 , 28.90 , 00.30 || 1708753760, 17.602370204800 , 78.126595607291, 0.01 , 0.01 ,29.62 , 9.63 , 1.32 , 0.37 , 357.81
2024-02-24 11:19:20,336 :- 00417: 181 , 28.90 , 00.30 || 1708753760, 17.602377621232 , 78.126595375999, 0.01 , 0.01 ,29.59 , 9.51 , 1.33 , 0.36 , 357.77
2024-02-24 11:19:20,366 :- 00418: 184 , 29.00 , 00.20 || 1708753760, 17.602377621232 , 78.126595375999, 0.01 , 0.01 ,29.59 , 9.69 , 1.34 , 0.33 , 357.74
2024-02-24 11:19:20,396 :- 00419: 187 , 29.00 , 00.20 || 1708753760, 17.602377621232 , 78.126595375999, 0.01 , 0.01 ,29.59 , 9.95 , 1.38 , 0.34 , 357.71
2024-02-24 11:19:20,426 :- 00420: 190 , 29.00 , 00.20 || 1708753760, 17.602377621232 , 78.126595375999, 0.01 , 0.01 ,29.59 , 10.01 , 1.39 , 0.31 , 357.69
2024-02-24 11:19:20,456 :- 00421: 193 , 29.00 , 00.20 || 1708753760, 17.602385050935 , 78.126595128706, 0.01 , 0.01 ,29.59 , 10.01 , 1.41 , 0.32 , 357.66
2024-02-24 11:19:20,486 :- 00422: 196 , 29.00 , 00.20 || 1708753760, 17.602385050935 , 78.126595128706, 0.01 , 0.01 ,29.59 , 10.20 , 1.41 , 0.34 , 357.65
2024-02-24 11:19:20,516 :- 00423: 199 , 28.90 , 00.10 || 1708753760, 17.602385050935 , 78.126595128706, 0.01 , 0.01 ,29.59 , 10.28 , 1.43 , 0.36 , 357.62
2024-02-24 11:19:20,546 :- 00424: 202 , 29.00 , 00.10 || 1708753760, 17.602392498540 , 78.126594844599, 0.01 , 0.01 ,29.70 , 9.93 , 1.43 , 0.38 , 357.60
2024-02-24 11:19:20,576 :- 00425: 205 , 29.00 , 00.10 || 1708753760, 17.602392498540 , 78.126594844599, 0.01 , 0.01 ,29.70 , 9.75 , 1.45 , 0.42 , 357.57
2024-02-24 11:19:20,606 :- 00426: 208 , 29.00 , 00.10 || 1708753760, 17.602392498540 , 78.126594844599, 0.01 , 0.01 ,29.70 , 9.45 , 1.49 , 0.44 , 357.56
2024-02-24 11:19:20,636 :- 00427: 211 , 29.00 , 00.10 || 1708753760, 17.602399935526 , 78.126594573679, 0.01 , 0.01 ,29.61 , 9.82 , 1.56 , 0.45 , 357.54
2024-02-24 11:19:20,666 :- 00428: 214 , 29.00 , 00.10 || 1708753760, 17.602399935526 , 78.126594573679, 0.01 , 0.01 ,29.61 , 9.83 , 1.62 , 0.44 , 357.54
2024-02-24 11:19:20,696 :- 00429: 217 , 28.90 , 00.00 || 1708753760, 17.602399935526 , 78.126594573679, 0.01 , 0.01 ,29.61 , 9.70 , 1.68 , 0.44 , 357.52
2024-02-24 11:19:20,726 :- 00430: 220 , 28.90 , -0.00 || 1708753760, 17.602399935526 , 78.126594573679, 0.01 , 0.01 ,29.48 , 9.64 , 1.71 , 0.46 , 357.51
2024-02-24 11:19:20,756 :- 00431: 223 , 28.90 , -0.10 || 1708753760, 17.602407346638 , 78.126594337531, 0.01 , 0.01 ,29.48 , 9.55 , 1.73 , 0.42 , 357.50
2024-02-24 11:19:20,786 :- 00432: 226 , 28.90 , -0.10 || 1708753760, 17.602407346638 , 78.126594337531, 0.01 , 0.01 ,29.48 , 9.91 , 1.74 , 0.43 , 357.50
2024-02-24 11:19:20,816 :- 00433: 229 , 28.90 , -0.20 || 1708753760, 17.602407346638 , 78.126594337531, 0.01 , 0.01 ,29.48 , 9.67 , 1.76 , 0.45 , 357.49
2024-02-24 11:19:20,846 :- 00434: 232 , 28.80 , -0.30 || 1708753760, 17.602414724857 , 78.126594074560, 0.01 , 0.01 ,29.39 , 9.79 , 1.78 , 0.46 , 357.50
2024-02-24 11:19:20,876 :- 00435: 235 , 28.80 , -0.40 || 1708753760, 17.602414724857 , 78.126594074560, 0.01 , 0.01 ,29.39 , 9.91 , 1.78 , 0.46 , 357.52
2024-02-24 11:19:20,906 :- 00436: 238 , 28.70 , -0.50 || 1708753760, 17.602414724857 , 78.126594074560, 0.01 , 0.01 ,29.39 , 9.98 , 1.80 , 0.48 , 357.53
2024-02-24 11:19:20,936 :- 00437: 241 , 28.70 , -0.50 || 1708753760, 17.602422080097 , 78.126593777547, 0.01 , 0.01 ,29.28 , 9.84 , 1.78 , 0.50 , 357.56
2024-02-24 11:19:20,966 :- 00438: 244 , 28.60 , -0.60 || 1708753760, 17.602422080097 , 78.126593777547, 0.01 , 0.01 ,29.28 , 10.20 , 1.77 , 0.53 , 357.58
2024-02-24 11:19:20,996 :- 00439: 247 , 28.60 , -0.60 || 1708753760, 17.602422080097 , 78.126593777547, 0.01 , 0.01 ,29.28 , 9.75 , 1.74 , 0.58 , 357.62
2024-02-24 11:19:21,026 :- 00440: 250 , 28.60 , -0.70 || 1708753761, 17.602422080097 , 78.126593777547, 0.01 , 0.01 ,29.28 , 9.85 , 1.73 , 0.60 , 357.65
2024-02-24 11:19:21,056 :- 00441: 253 , 28.60 , -0.70 || 1708753761, 17.602429436934 , 78.126593483073, 0.01 , 0.01 ,29.33 , 9.90 , 1.72 , 0.67 , 357.71
2024-02-24 11:19:21,086 :- 00442: 000 , 28.60 , -0.70 || 1708753761, 17.602429436934 , 78.126593483073, 0.01 , 0.01 ,29.33 , 9.50 , 1.73 , 0.68 , 357.75
2024-02-24 11:19:21,116 :- 00443: 003 , 28.60 , -0.80 || 1708753761, 17.602429436934 , 78.126593483073, 0.01 , 0.01 ,29.33 , 9.42 , 1.72 , 0.70 , 357.83
2024-02-24 11:19:21,146 :- 00444: 006 , 28.50 , -0.80 || 1708753761, 17.602436765209 , 78.126593214053, 0.01 , 0.01 ,29.19 , 9.63 , 1.69 , 0.72 , 357.87
2024-02-24 11:19:21,176 :- 00445: 009 , 28.50 , -0.80 || 1708753761, 17.602436765209 , 78.126593214053, 0.01 , 0.01 ,29.19 , 9.37 , 1.64 , 0.73 , 357.95
2024-02-24 11:19:21,206 :- 00446: 012 , 28.50 , -0.80 || 1708753761, 17.602436765209 , 78.126593214053, 0.01 , 0.01 ,29.19 , 9.78 , 1.60 , 0.72 , 357.99
2024-02-24 11:19:21,236 :- 00447: 015 , 28.40 , -0.80 || 1708753761, 17.602444047575 , 78.126592941623, 0.01 , 0.01 ,28.98 , 9.46 , 1.57 , 0.75 , 358.07
2024-02-24 11:19:21,266 :- 00448: 018 , 28.40 , -0.80 || 1708753761, 17.602444047575 , 78.126592941623, 0.01 , 0.01 ,28.98 , 9.28 , 1.54 , 0.74 , 358.12
2024-02-24 11:19:21,296 :- 00449: 021 , 28.30 , -0.90 || 1708753761, 17.602444047575 , 78.126592941623, 0.01 , 0.01 ,28.98 , 10.27 , 1.56 , 0.74 , 358.21
2024-02-24 11:19:21,326 :- 00450: 024 , 28.30 , -0.90 || 1708753761, 17.602444047575 , 78.126592941623, 0.01 , 0.01 ,28.81 , 9.71 , 1.56 , 0.75 , 358.25
2024-02-24 11:19:21,356 :- 00451: 027 , 28.20 , -1.00 || 1708753761, 17.602451293132 , 78.126592726066, 0.01 , 0.01 ,28.81 , 10.03 , 1.57 , 0.78 , 358.34
2024-02-24 11:19:21,386 :- 00452: 030 , 28.20 , -1.10 || 1708753761, 17.602451293132 , 78.126592726066, 0.01 , 0.01 ,28.81 , 9.82 , 1.54 , 0.79 , 358.38
2024-02-24 11:19:21,416 :- 00453: 033 , 28.10 , -1.20 || 1708753761, 17.602451293132 , 78.126592726066, 0.01 , 0.01 ,28.81 , 10.08 , 1.53 , 0.84 , 358.47
2024-02-24 11:19:21,446 :- 00454: 036 , 28.00 , -1.40 || 1708753761, 17.602458498473 , 78.126592548498, 0.01 , 0.01 ,28.71 , 9.71 , 1.50 , 0.87 , 358.52
2024-02-24 11:19:21,476 :- 00455: 039 , 28.00 , -1.60 || 1708753761, 17.602458498473 , 78.126592548498, 0.01 , 0.01 ,28.71 , 9.65 , 1.43 , 0.89 , 358.63
2024-02-24 11:19:21,506 :- 00456: 042 , 27.90 , -1.70 || 1708753761, 17.602458498473 , 78.126592548498, 0.01 , 0.01 ,28.71 , 9.83 , 1.40 , 0.88 , 358.69
2024-02-24 11:19:21,535 :- 00457: 042 , 27.90 , -1.70 || 1708753761, 17.602458498473 , 78.126592548498, 0.01 , 0.01 ,28.71 , 9.83 , 1.40 , 0.88 , 358.691708753761, 17.602465647247 , 78.126592376163, 0.01 , 0.01 ,28.41 , 9.46 , 1.34 , 0.92 , 358.84
2024-02-24 11:19:21,556 :- 00458: 047 , 27.80 , -2.10 || 1708753761, 17.602465647247 , 78.126592376163, 0.01 , 0.01 ,28.41 , 9.41 , 1.29 , 0.90 , 358.93
2024-02-24 11:19:21,586 :- 00459: 050 , 27.80 , -2.20 || 1708753761, 17.602465647247 , 78.126592376163, 0.01 , 0.01 ,28.41 , 9.78 , 1.28 , 0.90 , 359.03
2024-02-24 11:19:21,616 :- 00460: 053 , 27.70 , -2.40 || 1708753761, 17.602465647247 , 78.126592376163, 0.01 , 0.01 ,28.41 , 9.45 , 1.21 , 0.90 , 359.23
2024-02-24 11:19:21,646 :- 00461: 056 , 27.70 , -2.60 || 1708753761, 17.602472728994 , 78.126592220242, 0.01 , 0.01 ,28.15 , 9.52 , 1.18 , 0.89 , 359.35
2024-02-24 11:19:21,676 :- 00462: 059 , 27.60 , -2.70 || 1708753761, 17.602472728994 , 78.126592220242, 0.01 , 0.01 ,28.15 , 9.56 , 1.09 , 0.83 , 359.59
2024-02-24 11:19:21,706 :- 00463: 062 , 27.60 , -2.80 || 1708753761, 17.602472728994 , 78.126592220242, 0.01 , 0.01 ,28.15 , 10.04 , 1.05 , 0.83 , 359.73
2024-02-24 11:19:21,736 :- 00464: 065 , 27.50 , -2.90 || 1708753761, 17.602479756208 , 78.126592144501, 0.01 , 0.01 ,27.91 , 9.41 , 0.94 , 0.78 , 0.01
2024-02-24 11:19:21,766 :- 00465: 068 , 27.50 , -3.00 || 1708753761, 17.602479756208 , 78.126592144501, 0.01 , 0.01 ,27.91 , 9.95 , 0.91 , 0.75 , 0.17
2024-02-24 11:19:21,796 :- 00466: 071 , 27.40 , -3.00 || 1708753761, 17.602479756208 , 78.126592144501, 0.01 , 0.01 ,27.91 , 10.47 , 0.87 , 0.74 , 0.49
2024-02-24 11:19:21,826 :- 00467: 074 , 27.40 , -3.00 || 1708753761, 17.602479756208 , 78.126592144501, 0.01 , 0.01 ,27.84 , 9.30 , 0.82 , 0.71 , 0.65
2024-02-24 11:19:21,856 :- 00468: 077 , 27.30 , -3.00 || 1708753761, 17.602486744654 , 78.126592148072, 0.01 , 0.01 ,27.84 , 10.18 , 0.76 , 0.70 , 0.99
2024-02-24 11:19:21,886 :- 00469: 080 , 27.20 , -3.00 || 1708753761, 17.602486744654 , 78.126592148072, 0.01 , 0.01 ,27.84 , 10.07 , 0.74 , 0.70 , 1.15
2024-02-24 11:19:21,916 :- 00470: 083 , 27.20 , -3.00 || 1708753761, 17.602486744654 , 78.126592148072, 0.01 , 0.01 ,27.84 , 10.02 , 0.68 , 0.70 , 1.48
2024-02-24 11:19:21,946 :- 00471: 086 , 27.20 , -3.00 || 1708753761, 17.602493701937 , 78.126592277651, 0.01 , 0.01 ,27.74 , 9.71 , 0.67 , 0.71 , 1.64
2024-02-24 11:19:21,976 :- 00472: 089 , 27.10 , -3.00 || 1708753761, 17.602493701937 , 78.126592277651, 0.01 , 0.01 ,27.74 , 10.12 , 0.68 , 0.68 , 1.96
2024-02-24 11:19:22,006 :- 00473: 092 , 27.10 , -3.00 || 1708753761, 17.602493701937 , 78.126592277651, 0.01 , 0.01 ,27.74 , 9.18 , 0.65 , 0.67 , 2.13
2024-02-24 11:19:22,036 :- 00474: 095 , 27.10 , -3.00 || 1708753762, 17.602493701937 , 78.126592277651, 0.01 , 0.01 ,27.74 , 10.02 , 0.67 , 0.68 , 2.45
