2024-02-24 11:23:08,799 :- 00001: Feedback Code Starting
2024-02-24 11:23:08,821 :- 00002: 246 , 20.00 , -0.10 || 1708753988, 17.601702562132 , 78.126608915718, 0.01 , 0.01 ,23.62 , 10.27 , 1.12 , 0.30 , 359.67
2024-02-24 11:23:08,851 :- 00003: 249 , 20.00 , -0.10 || 1708753988, 17.601708515560 , 78.126608858234, 0.01 , 0.01 ,23.74 , 9.95 , 1.15 , 0.31 , 359.68
2024-02-24 11:23:08,881 :- 00004: 252 , 20.00 , -0.10 || 1708753988, 17.601708515560 , 78.126608858234, 0.01 , 0.01 ,23.74 , 9.86 , 1.18 , 0.32 , 359.68
2024-02-24 11:23:08,911 :- 00005: 255 , 20.00 , -0.10 || 1708753988, 17.601708515560 , 78.126608858234, 0.01 , 0.01 ,23.74 , 10.04 , 1.21 , 0.32 , 359.67
2024-02-24 11:23:08,941 :- 00006: 002 , 20.00 , -0.10 || 1708753988, 17.601714460830 , 78.126608904933, 0.01 , 0.01 ,23.73 , 9.86 , 1.24 , 0.36 , 359.64
2024-02-24 11:23:08,971 :- 00007: 005 , 20.00 , -0.10 || 1708753988, 17.601714460830 , 78.126608904933, 0.01 , 0.01 ,23.73 , 9.68 , 1.23 , 0.37 , 359.63
2024-02-24 11:23:09,001 :- 00008: 008 , 20.00 , -0.00 || 1708753988, 17.601714460830 , 78.126608904933, 0.01 , 0.01 ,23.73 , 9.84 , 1.24 , 0.39 , 359.60
2024-02-24 11:23:09,031 :- 00009: 011 , 20.00 , -0.00 || 1708753989, 17.601714460830 , 78.126608904933, 0.01 , 0.01 ,23.73 , 9.69 , 1.24 , 0.40 , 359.60
2024-02-24 11:23:09,061 :- 00010: 014 , 20.00 , -0.00 || 1708753989, 17.601720477895 , 78.126609012282, 0.00 , 0.01 ,23.77 , 9.73 , 1.23 , 0.40 , 359.60
2024-02-24 11:23:09,091 :- 00011: 017 , 20.00 , 00.00 || 1708753989, 17.601720477895 , 78.126609012282, 0.00 , 0.01 ,23.77 , 9.90 , 1.24 , 0.41 , 359.61
2024-02-24 11:23:09,121 :- 00012: 020 , 20.00 , 00.00 || 1708753989, 17.601720477895 , 78.126609012282, 0.01 , 0.01 ,23.72 , 9.54 , 1.21 , 0.44 , 359.62
2024-02-24 11:23:09,151 :- 00013: 023 , 20.00 , 00.00 || 1708753989, 17.601726427612 , 78.126608992525, 0.01 , 0.01 ,23.72 , 9.79 , 1.21 , 0.44 , 359.63
2024-02-24 11:23:09,181 :- 00014: 026 , 20.00 , 00.00 || 1708753989, 17.601726427612 , 78.126608992525, 0.01 , 0.01 ,23.72 , 10.06 , 1.20 , 0.46 , 359.64
2024-02-24 11:23:09,211 :- 00015: 029 , 20.00 , 00.00 || 1708753989, 17.601726427612 , 78.126608992525, 0.01 , 0.01 ,23.72 , 9.49 , 1.19 , 0.47 , 359.64
2024-02-24 11:23:09,241 :- 00016: 032 , 20.00 , 00.00 || 1708753989, 17.601732369380 , 78.126608970889, 0.01 , 0.01 ,23.65 , 9.70 , 1.16 , 0.48 , 359.65
2024-02-24 11:23:09,271 :- 00017: 035 , 20.00 , 00.00 || 1708753989, 17.601732369380 , 78.126608970889, 0.01 , 0.01 ,23.65 , 9.58 , 1.15 , 0.48 , 359.65
2024-02-24 11:23:09,301 :- 00018: 038 , 20.00 , 00.00 || 1708753989, 17.601732369380 , 78.126608970889, 0.01 , 0.01 ,23.65 , 9.68 , 1.13 , 0.49 , 359.65
2024-02-24 11:23:09,331 :- 00019: 041 , 20.00 , 00.00 || 1708753989, 17.601732369380 , 78.126608970889, 0.01 , 0.01 ,23.62 , 9.81 , 1.12 , 0.48 , 359.64
2024-02-24 11:23:09,361 :- 00020: 044 , 20.00 , 00.00 || 1708753989, 17.601738299005 , 78.126608936119, 0.01 , 0.01 ,23.62 , 9.90 , 1.10 , 0.46 , 359.62
2024-02-24 11:23:09,391 :- 00021: 047 , 20.00 , 00.00 || 1708753989, 17.601738299005 , 78.126608936119, 0.01 , 0.01 ,23.62 , 9.89 , 1.08 , 0.46 , 359.61
2024-02-24 11:23:09,421 :- 00022: 050 , 20.00 , 00.00 || 1708753989, 17.601738299005 , 78.126608936119, 0.01 , 0.01 ,23.62 , 9.75 , 1.02 , 0.44 , 359.58
2024-02-24 11:23:09,451 :- 00023: 053 , 20.00 , 00.00 || 1708753989, 17.601744224774 , 78.126608914933, 0.01 , 0.01 ,23.56 , 9.74 , 1.00 , 0.45 , 359.57
2024-02-24 11:23:09,481 :- 00024: 056 , 20.00 , 00.00 || 1708753989, 17.601744224774 , 78.126608914933, 0.01 , 0.01 ,23.56 , 9.85 , 0.98 , 0.43 , 359.55
2024-02-24 11:23:09,511 :- 00025: 059 , 20.00 , 00.00 || 1708753989, 17.601744224774 , 78.126608914933, 0.01 , 0.01 ,23.56 , 9.75 , 0.97 , 0.42 , 359.55
2024-02-24 11:23:09,541 :- 00026: 062 , 20.00 , 00.00 || 1708753989, 17.601750149733 , 78.126608878783, 0.01 , 0.01 ,23.60 , 9.95 , 0.99 , 0.42 , 359.54
2024-02-24 11:23:09,571 :- 00027: 065 , 20.00 , 00.00 || 1708753989, 17.601750149733 , 78.126608878783, 0.01 , 0.01 ,23.60 , 9.92 , 1.01 , 0.40 , 359.54
2024-02-24 11:23:09,601 :- 00028: 068 , 20.00 , 00.00 || 1708753989, 17.601750149733 , 78.126608878783, 0.01 , 0.01 ,23.60 , 9.95 , 1.01 , 0.40 , 359.53
2024-02-24 11:23:09,631 :- 00029: 071 , 20.00 , 00.00 || 1708753989, 17.601750149733 , 78.126608878783, 0.01 , 0.01 ,23.56 , 9.81 , 1.01 , 0.38 , 359.52
2024-02-24 11:23:09,661 :- 00030: 074 , 20.00 , 00.00 || 1708753989, 17.601756056606 , 78.126608863788, 0.01 , 0.01 ,23.56 , 9.79 , 1.04 , 0.37 , 359.50
2024-02-24 11:23:09,691 :- 00031: 077 , 20.00 , 00.10 || 1708753989, 17.601756056606 , 78.126608863788, 0.01 , 0.01 ,23.56 , 9.95 , 1.05 , 0.36 , 359.49
2024-02-24 11:23:09,721 :- 00032: 080 , 20.00 , 00.10 || 1708753989, 17.601756056606 , 78.126608863788, 0.01 , 0.01 ,23.48 , 10.18 , 1.08 , 0.37 , 359.47
2024-02-24 11:23:09,751 :- 00033: 083 , 20.00 , 00.10 || 1708753989, 17.601761957186 , 78.126608854579, 0.01 , 0.01 ,23.48 , 9.72 , 1.09 , 0.37 , 359.47
2024-02-24 11:23:09,781 :- 00034: 086 , 20.00 , 00.10 || 1708753989, 17.601761957186 , 78.126608854579, 0.01 , 0.01 ,23.48 , 9.97 , 1.09 , 0.38 , 359.46
2024-02-24 11:23:09,811 :- 00035: 089 , 20.00 , 00.10 || 1708753989, 17.601761957186 , 78.126608854579, 0.01 , 0.01 ,23.48 , 9.64 , 1.10 , 0.39 , 359.46
2024-02-24 11:23:09,841 :- 00036: 092 , 20.00 , 00.10 || 1708753989, 17.601767860291 , 78.126608834047, 0.01 , 0.01 ,23.50 , 9.90 , 1.14 , 0.41 , 359.46
2024-02-24 11:23:09,871 :- 00037: 095 , 20.00 , 00.10 || 1708753989, 17.601767860291 , 78.126608834047, 0.01 , 0.01 ,23.50 , 9.71 , 1.14 , 0.43 , 359.46
2024-02-24 11:23:09,901 :- 00038: 098 , 20.00 , 00.10 || 1708753989, 17.601767860291 , 78.126608834047, 0.01 , 0.01 ,23.50 , 9.86 , 1.19 , 0.44 , 359.45
2024-02-24 11:23:09,931 :- 00039: 101 , 20.00 , 00.10 || 1708753989, 17.601767860291 , 78.126608834047, 0.01 , 0.01 ,23.54 , 9.75 , 1.21 , 0.47 , 359.43
2024-02-24 11:23:09,961 :- 00040: 104 , 20.00 , 00.10 || 1708753989, 17.601773761103 , 78.126608816812, 0.01 , 0.01 ,23.54 , 9.71 , 1.24 , 0.44 , 359.41
2024-02-24 11:23:09,991 :- 00041: 107 , 20.00 , 00.10 || 1708753989, 17.601773761103 , 78.126608816812, 0.01 , 0.01 ,23.54 , 10.16 , 1.27 , 0.45 , 359.41
2024-02-24 11:23:10,021 :- 00042: 110 , 20.00 , 00.10 || 1708753990, 17.601773761103 , 78.126608816812, 0.01 , 0.01 ,23.54 , 9.75 , 1.30 , 0.47 , 359.39
2024-02-24 11:23:10,051 :- 00043: 113 , 20.00 , 00.10 || 1708753990, 17.601773761103 , 78.126608816812, 0.01 , 0.01 ,23.36 , 9.32 , 1.30 , 0.45 , 359.38
2024-02-24 11:23:10,081 :- 00044: 116 , 20.00 , 00.10 || 1708753990, 17.601779637260 , 78.126608805545, 0.01 , 0.01 ,23.36 , 9.75 , 1.31 , 0.45 , 359.37
2024-02-24 11:23:10,111 :- 00045: 119 , 20.00 , 00.20 || 1708753990, 17.601779637260 , 78.126608805545, 0.01 , 0.01 ,23.36 , 9.84 , 1.33 , 0.45 , 359.37
2024-02-24 11:23:10,141 :- 00046: 122 , 20.00 , 00.20 || 1708753990, 17.601785506228 , 78.126608796905, 0.01 , 0.01 ,23.41 , 9.82 , 1.37 , 0.42 , 359.36
2024-02-24 11:23:10,171 :- 00047: 125 , 20.00 , 00.20 || 1708753990, 17.601785506228 , 78.126608796905, 0.01 , 0.01 ,23.41 , 9.48 , 1.43 , 0.41 , 359.36
2024-02-24 11:23:10,201 :- 00048: 128 , 20.00 , 00.20 || 1708753990, 17.601785506228 , 78.126608796905, 0.01 , 0.01 ,23.41 , 9.86 , 1.46 , 0.40 , 359.34
2024-02-24 11:23:10,231 :- 00049: 131 , 20.00 , 00.20 || 1708753990, 17.601785506228 , 78.126608796905, 0.01 , 0.01 ,23.25 , 9.81 , 1.48 , 0.38 , 359.32
2024-02-24 11:23:10,261 :- 00050: 134 , 20.00 , 00.20 || 1708753990, 17.601791346453 , 78.126608777705, 0.01 , 0.01 ,23.25 , 9.78 , 1.49 , 0.34 , 359.30
2024-02-24 11:23:10,291 :- 00051: 137 , 20.00 , 00.60 || 1708753990, 17.601791346453 , 78.126608777705, 0.01 , 0.01 ,23.25 , 9.71 , 1.47 , 0.33 , 359.29
2024-02-24 11:23:10,321 :- 00052: 140 , 20.00 , 00.70 || 1708753990, 17.601791346453 , 78.126608777705, 0.01 , 0.01 ,23.25 , 10.47 , 1.54 , 0.33 , 359.26
2024-02-24 11:23:10,351 :- 00053: 143 , 20.00 , 00.70 || 1708753990, 17.601797193702 , 78.126608744901, 0.01 , 0.01 ,23.28 , 9.77 , 1.56 , 0.34 , 359.25
2024-02-24 11:23:10,381 :- 00054: 146 , 20.00 , 00.70 || 1708753990, 17.601797193702 , 78.126608744901, 0.01 , 0.01 ,23.28 , 9.89 , 1.60 , 0.33 , 359.25
2024-02-24 11:23:10,411 :- 00055: 149 , 20.00 , 00.90 || 1708753990, 17.601797193702 , 78.126608744901, 0.01 , 0.01 ,23.28 , 10.22 , 1.63 , 0.32 , 359.24
2024-02-24 11:23:10,441 :- 00056: 152 , 20.00 , 00.90 || 1708753990, 17.601803034176 , 78.126608708075, 0.01 , 0.01 ,23.29 , 9.64 , 1.60 , 0.36 , 359.20
2024-02-24 11:23:10,471 :- 00057: 155 , 20.00 , 00.90 || 1708753990, 17.601803034176 , 78.126608708075, 0.01 , 0.01 ,23.29 , 9.83 , 1.59 , 0.33 , 359.19
2024-02-24 11:23:10,501 :- 00058: 158 , 20.00 , 00.50 || 1708753990, 17.601803034176 , 78.126608708075, 0.01 , 0.01 ,23.29 , 9.93 , 1.61 , 0.33 , 359.14
2024-02-24 11:23:10,531 :- 00059: 161 , 20.00 , 00.20 || 1708753990, 17.601803034176 , 78.126608708075, 0.01 , 0.01 ,23.16 , 10.15 , 1.58 , 0.31 , 359.10
2024-02-24 11:23:10,561 :- 00060: 164 , 20.00 , 00.20 || 1708753990, 17.601808854286 , 78.126608626403, 0.01 , 0.01 ,23.16 , 9.64 , 1.60 , 0.34 , 359.00
2024-02-24 11:23:10,591 :- 00061: 167 , 20.00 , 00.20 || 1708753990, 17.601808854286 , 78.126608626403, 0.01 , 0.01 ,23.16 , 9.73 , 1.59 , 0.32 , 358.95
2024-02-24 11:23:10,621 :- 00062: 170 , 20.00 , 00.20 || 1708753990, 17.601808854286 , 78.126608626403, 0.01 , 0.01 ,23.16 , 9.91 , 1.62 , 0.35 , 358.83
2024-02-24 11:23:10,650 :- 00063: 170 , 20.00 , 00.20 || 1708753990, 17.601808854286 , 78.126608626403, 0.01 , 0.01 ,23.16 , 9.91 , 1.62 , 0.35 , 358.831708753990, 17.601814670710 , 78.126608543072, 0.01 , 0.01 ,23.18 , 9.92 , 1.63 , 0.37 , 358.77
2024-02-24 11:23:10,671 :- 00064: 175 , 20.00 , 00.20 || 1708753990, 17.601814670710 , 78.126608543072, 0.01 , 0.01 ,23.18 , 9.29 , 1.60 , 0.38 , 358.72
2024-02-24 11:23:10,701 :- 00065: 178 , 20.00 , 00.20 || 1708753990, 17.601814670710 , 78.126608543072, 0.01 , 0.01 ,23.18 , 8.83 , 1.55 , 0.38 , 358.64
2024-02-24 11:23:10,731 :- 00066: 181 , 20.00 , 00.20 || 1708753990, 17.601814670710 , 78.126608543072, 0.01 , 0.01 ,23.16 , 9.83 , 1.53 , 0.41 , 358.61
2024-02-24 11:23:10,761 :- 00067: 184 , 20.00 , 00.20 || 1708753990, 17.601820489374 , 78.126608449024, 0.01 , 0.01 ,23.16 , 10.53 , 1.50 , 0.42 , 358.57
2024-02-24 11:23:10,791 :- 00068: 187 , 20.00 , 00.20 || 1708753990, 17.601820489374 , 78.126608449024, 0.01 , 0.01 ,23.16 , 9.57 , 1.43 , 0.42 , 358.56
2024-02-24 11:23:10,821 :- 00069: 190 , 20.00 , 00.20 || 1708753990, 17.601820489374 , 78.126608449024, 0.01 , 0.01 ,23.16 , 10.29 , 1.37 , 0.50 , 358.58
2024-02-24 11:23:10,851 :- 00070: 193 , 20.00 , 00.20 || 1708753990, 17.601826308514 , 78.126608249909, 0.01 , 0.01 ,23.22 , 10.27 , 1.36 , 0.51 , 358.59
2024-02-24 11:23:10,881 :- 00071: 196 , 20.00 , 00.20 || 1708753990, 17.601826308514 , 78.126608249909, 0.01 , 0.01 ,23.22 , 10.49 , 1.36 , 0.60 , 358.61
2024-02-24 11:23:10,911 :- 00072: 199 , 20.00 , 00.10 || 1708753990, 17.601826308514 , 78.126608249909, 0.01 , 0.01 ,23.22 , 8.77 , 1.39 , 0.63 , 358.63
2024-02-24 11:23:10,941 :- 00073: 202 , 20.00 , 00.10 || 1708753990, 17.601832142587 , 78.126608099852, 0.01 , 0.01 ,23.25 , 9.62 , 1.44 , 0.70 , 358.62
2024-02-24 11:23:10,971 :- 00074: 205 , 20.00 , 00.10 || 1708753990, 17.601832142587 , 78.126608099852, 0.01 , 0.01 ,23.25 , 9.90 , 1.51 , 0.73 , 358.61
2024-02-24 11:23:11,001 :- 00075: 208 , 20.00 , 00.10 || 1708753990, 17.601832142587 , 78.126608099852, 0.01 , 0.01 ,23.25 , 9.58 , 1.59 , 0.72 , 358.57
2024-02-24 11:23:11,031 :- 00076: 211 , 20.00 , 00.10 || 1708753991, 17.601832142587 , 78.126608099852, 0.01 , 0.01 ,23.25 , 9.46 , 1.62 , 0.72 , 358.54
2024-02-24 11:23:11,061 :- 00077: 214 , 20.00 , 00.10 || 1708753991, 17.601837933281 , 78.126608039530, 0.01 , 0.01 ,23.02 , 9.42 , 1.72 , 0.67 , 358.49
2024-02-24 11:23:11,091 :- 00078: 217 , 20.00 , 00.10 || 1708753991, 17.601837933281 , 78.126608039530, 0.01 , 0.01 ,23.02 , 9.57 , 1.78 , 0.66 , 358.48
2024-02-24 11:23:11,121 :- 00079: 220 , 20.00 , 00.10 || 1708753991, 17.601837933281 , 78.126608039530, 0.01 , 0.01 ,23.02 , 9.84 , 1.78 , 0.60 , 358.44
2024-02-24 11:23:11,151 :- 00080: 223 , 20.00 , 00.10 || 1708753991, 17.601843679143 , 78.126608013888, 0.01 , 0.01 ,22.87 , 9.03 , 1.79 , 0.58 , 358.43
2024-02-24 11:23:11,181 :- 00081: 226 , 20.00 , 00.10 || 1708753991, 17.601843679143 , 78.126608013888, 0.01 , 0.01 ,22.87 , 9.11 , 1.75 , 0.54 , 358.44
2024-02-24 11:23:11,211 :- 00082: 229 , 20.00 , 00.20 || 1708753991, 17.601843679143 , 78.126608013888, 0.01 , 0.01 ,22.87 , 10.27 , 1.75 , 0.53 , 358.45
2024-02-24 11:23:11,241 :- 00083: 232 , 20.00 , 00.20 || 1708753991, 17.601849426492 , 78.126607848021, 0.01 , 0.01 ,22.98 , 9.82 , 1.72 , 0.52 , 358.46
2024-02-24 11:23:11,271 :- 00084: 235 , 20.00 , 00.20 || 1708753991, 17.601849426492 , 78.126607848021, 0.01 , 0.01 ,22.98 , 9.80 , 1.72 , 0.53 , 358.46
2024-02-24 11:23:11,301 :- 00085: 238 , 20.00 , 00.10 || 1708753991, 17.601849426492 , 78.126607848021, 0.01 , 0.01 ,22.98 , 9.30 , 1.71 , 0.50 , 358.47
2024-02-24 11:23:11,331 :- 00086: 241 , 20.00 , 00.10 || 1708753991, 17.601849426492 , 78.126607848021, 0.01 , 0.01 ,23.06 , 11.41 , 1.77 , 0.53 , 358.47
2024-02-24 11:23:11,361 :- 00087: 244 , 20.00 , 00.10 || 1708753991, 17.601855200220 , 78.126607678944, 0.01 , 0.01 ,23.06 , 10.42 , 1.79 , 0.56 , 358.44
2024-02-24 11:23:11,391 :- 00088: 247 , 20.00 , 00.10 || 1708753991, 17.601855200220 , 78.126607678944, 0.01 , 0.01 ,23.06 , 10.53 , 1.79 , 0.59 , 358.42
2024-02-24 11:23:11,421 :- 00089: 250 , 20.00 , 00.00 || 1708753991, 17.601855200220 , 78.126607678944, 0.01 , 0.01 ,23.06 , 10.46 , 1.87 , 0.67 , 358.39
2024-02-24 11:23:11,451 :- 00090: 253 , 20.00 , 00.00 || 1708753991, 17.601860987159 , 78.126607608531, 0.01 , 0.01 ,23.11 , 9.65 , 1.90 , 0.72 , 358.38
2024-02-24 11:23:11,481 :- 00091: 000 , 20.00 , 00.00 || 1708753991, 17.601860987159 , 78.126607608531, 0.01 , 0.01 ,23.11 , 10.16 , 1.96 , 0.82 , 358.35
2024-02-24 11:23:11,511 :- 00092: 003 , 20.00 , 00.10 || 1708753991, 17.601860987159 , 78.126607608531, 0.01 , 0.01 ,23.11 , 8.88 , 1.98 , 0.83 , 358.35
2024-02-24 11:23:11,541 :- 00093: 006 , 20.00 , 00.10 || 1708753991, 17.601866775593 , 78.126607528444, 0.01 , 0.01 ,23.08 , 9.52 , 2.01 , 0.93 , 358.35
2024-02-24 11:23:11,571 :- 00094: 009 , 20.00 , 00.10 || 1708753991, 17.601866775593 , 78.126607528444, 0.01 , 0.01 ,23.08 , 8.69 , 2.01 , 0.94 , 358.35
2024-02-24 11:23:11,601 :- 00095: 012 , 20.00 , 00.10 || 1708753991, 17.601866775593 , 78.126607528444, 0.01 , 0.01 ,23.08 , 9.25 , 1.98 , 0.94 , 358.35
2024-02-24 11:23:11,631 :- 00096: 015 , 20.00 , 00.20 || 1708753991, 17.601866775593 , 78.126607528444, 0.01 , 0.01 ,22.93 , 9.13 , 1.98 , 0.93 , 358.35
2024-02-24 11:23:11,661 :- 00097: 018 , 20.00 , 00.20 || 1708753991, 17.601872535813 , 78.126607358521, 0.01 , 0.01 ,22.93 , 9.73 , 1.93 , 0.92 , 358.33
2024-02-24 11:23:11,691 :- 00098: 021 , 20.00 , 00.20 || 1708753991, 17.601872535813 , 78.126607358521, 0.01 , 0.01 ,22.93 , 9.47 , 1.92 , 0.90 , 358.33
2024-02-24 11:23:11,721 :- 00099: 024 , 20.00 , 00.00 || 1708753991, 17.601872535813 , 78.126607358521, 0.01 , 0.01 ,22.93 , 9.80 , 1.87 , 0.87 , 358.32
2024-02-24 11:23:11,751 :- 00100: 027 , 20.00 , 00.00 || 1708753991, 17.601878249888 , 78.126607178919, 0.01 , 0.01 ,22.83 , 9.96 , 1.85 , 0.86 , 358.31
2024-02-24 11:23:11,781 :- 00101: 030 , 20.00 , 00.00 || 1708753991, 17.601878249888 , 78.126607178919, 0.01 , 0.01 ,22.83 , 9.93 , 1.82 , 0.83 , 358.30
2024-02-24 11:23:11,811 :- 00102: 033 , 20.00 , 00.00 || 1708753991, 17.601878249888 , 78.126607178919, 0.01 , 0.01 ,22.83 , 9.68 , 1.81 , 0.83 , 358.31
2024-02-24 11:23:11,841 :- 00103: 036 , 20.00 , 00.00 || 1708753991, 17.601883969013 , 78.126607011830, 0.01 , 0.01 ,22.78 , 10.12 , 1.81 , 0.79 , 358.30
2024-02-24 11:23:11,871 :- 00104: 039 , 20.00 , 00.00 || 1708753991, 17.601883969013 , 78.126607011830, 0.01 , 0.01 ,22.78 , 10.30 , 1.83 , 0.78 , 358.30
2024-02-24 11:23:11,901 :- 00105: 042 , 20.00 , 00.00 || 1708753991, 17.601883969013 , 78.126607011830, 0.01 , 0.01 ,22.78 , 9.98 , 1.82 , 0.73 , 358.28
2024-02-24 11:23:11,930 :- 00106: 042 , 20.00 , 00.00 || 1708753991, 17.601883969013 , 78.126607011830, 0.01 , 0.01 ,22.78 , 9.98 , 1.82 , 0.73 , 358.281708753991, 17.601883969013 , 78.126607011830, 0.01 , 0.01 ,22.72 , 9.71 , 1.81 , 0.73 , 358.28
2024-02-24 11:23:11,951 :- 00107: 047 , 20.00 , 00.00 || 1708753991, 17.601889671181 , 78.126606870336, 0.01 , 0.01 ,22.72 , 10.02 , 1.83 , 0.72 , 358.27
2024-02-24 11:23:11,981 :- 00108: 050 , 20.00 , 00.00 || 1708753991, 17.601889671181 , 78.126606870336, 0.01 , 0.01 ,22.72 , 9.74 , 1.86 , 0.70 , 358.26
2024-02-24 11:23:12,011 :- 00109: 053 , 20.00 , 00.10 || 1708753991, 17.601889671181 , 78.126606870336, 0.01 , 0.01 ,22.72 , 9.83 , 1.85 , 0.69 , 358.25
2024-02-24 11:23:12,041 :- 00110: 056 , 20.00 , 00.10 || 1708753992, 17.601889671181 , 78.126606870336, 0.01 , 0.01 ,22.72 , 9.95 , 1.88 , 0.67 , 358.25
2024-02-24 11:23:12,071 :- 00111: 059 , 20.00 , 00.10 || 1708753992, 17.601895370347 , 78.126606744865, 0.01 , 0.01 ,22.77 , 9.73 , 1.88 , 0.66 , 358.25
2024-02-24 11:23:12,101 :- 00112: 062 , 20.00 , 00.10 || 1708753992, 17.601895370347 , 78.126606744865, 0.01 , 0.01 ,22.77 , 9.77 , 1.85 , 0.60 , 358.26
2024-02-24 11:23:12,131 :- 00113: 065 , 20.00 , -0.00 || 1708753992, 17.601895370347 , 78.126606744865, 0.01 , 0.01 ,22.58 , 9.96 , 1.84 , 0.61 , 358.26
2024-02-24 11:23:12,161 :- 00114: 068 , 20.00 , -0.00 || 1708753992, 17.601901057413 , 78.126606592407, 0.01 , 0.01 ,22.58 , 9.60 , 1.83 , 0.60 , 358.26
2024-02-24 11:23:12,191 :- 00115: 071 , 20.00 , -0.00 || 1708753992, 17.601901057413 , 78.126606592407, 0.01 , 0.01 ,22.58 , 10.18 , 1.82 , 0.57 , 358.26
2024-02-24 11:23:12,221 :- 00116: 074 , 20.00 , -0.00 || 1708753992, 17.601901057413 , 78.126606592407, 0.01 , 0.01 ,22.58 , 9.99 , 1.81 , 0.58 , 358.25
2024-02-24 11:23:12,251 :- 00117: 077 , 20.00 , -0.00 || 1708753992, 17.601906750161 , 78.126606423726, 0.01 , 0.01 ,22.68 , 10.14 , 1.78 , 0.57 , 358.24
2024-02-24 11:23:12,281 :- 00118: 080 , 20.00 , -0.00 || 1708753992, 17.601906750161 , 78.126606423726, 0.01 , 0.01 ,22.68 , 9.96 , 1.75 , 0.58 , 358.22
2024-02-24 11:23:12,311 :- 00119: 083 , 20.00 , -0.00 || 1708753992, 17.601906750161 , 78.126606423726, 0.01 , 0.01 ,22.68 , 9.61 , 1.75 , 0.59 , 358.22
2024-02-24 11:23:12,341 :- 00120: 086 , 20.00 , -0.00 || 1708753992, 17.601912430780 , 78.126606250005, 0.01 , 0.01 ,22.65 , 9.85 , 1.71 , 0.55 , 358.23
2024-02-24 11:23:12,371 :- 00121: 089 , 20.00 , -0.00 || 1708753992, 17.601912430780 , 78.126606250005, 0.01 , 0.01 ,22.65 , 9.78 , 1.70 , 0.56 , 358.23
2024-02-24 11:23:12,401 :- 00122: 092 , 20.00 , -0.00 || 1708753992, 17.601912430780 , 78.126606250005, 0.01 , 0.01 ,22.65 , 10.14 , 1.69 , 0.56 , 358.24
2024-02-24 11:23:12,431 :- 00123: 095 , 20.00 , -0.00 || 1708753992, 17.601912430780 , 78.126606250005, 0.01 , 0.01 ,22.63 , 9.95 , 1.69 , 0.55 , 358.24
2024-02-24 11:23:12,461 :- 00124: 098 , 20.00 , -0.00 || 1708753992, 17.601918096611 , 78.126606087960, 0.01 , 0.01 ,22.63 , 10.18 , 1.70 , 0.61 , 358.25
2024-02-24 11:23:12,491 :- 00125: 101 , 20.00 , -0.00 || 1708753992, 17.601918096611 , 78.126606087960, 0.01 , 0.01 ,22.63 , 9.56 , 1.69 , 0.61 , 358.25
2024-02-24 11:23:12,521 :- 00126: 104 , 20.00 , -0.10 || 1708753992, 17.601918096611 , 78.126606087960, 0.01 , 0.01 ,22.63 , 9.37 , 1.63 , 0.64 , 358.25
2024-02-24 11:23:12,551 :- 00127: 107 , 20.00 , -0.10 || 1708753992, 17.601923774888 , 78.126605934468, 0.01 , 0.01 ,22.67 , 9.86 , 1.62 , 0.68 , 358.25
2024-02-24 11:23:12,581 :- 00128: 110 , 20.00 , -0.10 || 1708753992, 17.601923774888 , 78.126605934468, 0.01 , 0.01 ,22.67 , 9.53 , 1.61 , 0.66 , 358.26
2024-02-24 11:23:12,611 :- 00129: 113 , 20.00 , -0.10 || 1708753992, 17.601923774888 , 78.126605934468, 0.01 , 0.01 ,22.67 , 9.66 , 1.58 , 0.68 , 358.26
2024-02-24 11:23:12,641 :- 00130: 116 , 20.00 , -0.10 || 1708753992, 17.601929429279 , 78.126605766828, 0.01 , 0.01 ,22.53 , 9.76 , 1.58 , 0.66 , 358.27
2024-02-24 11:23:12,671 :- 00131: 119 , 20.00 , -0.10 || 1708753992, 17.601929429279 , 78.126605766828, 0.01 , 0.01 ,22.53 , 9.38 , 1.56 , 0.62 , 358.28
2024-02-24 11:23:12,701 :- 00132: 122 , 20.00 , -0.10 || 1708753992, 17.601929429279 , 78.126605766828, 0.01 , 0.01 ,22.53 , 10.74 , 1.57 , 0.63 , 358.28
2024-02-24 11:23:12,731 :- 00133: 125 , 20.00 , -0.10 || 1708753992, 17.601929429279 , 78.126605766828, 0.01 , 0.01 ,22.33 , 9.38 , 1.54 , 0.59 , 358.29
2024-02-24 11:23:12,761 :- 00134: 128 , 20.00 , -0.10 || 1708753992, 17.601935034655 , 78.126605600748, 0.01 , 0.01 ,22.33 , 10.18 , 1.54 , 0.57 , 358.30
2024-02-24 11:23:12,791 :- 00135: 131 , 20.00 , -0.10 || 1708753992, 17.601935034655 , 78.126605600748, 0.01 , 0.01 ,22.33 , 9.28 , 1.53 , 0.58 , 358.30
2024-02-24 11:23:12,821 :- 00136: 134 , 20.00 , -0.10 || 1708753992, 17.601935034655 , 78.126605600748, 0.01 , 0.01 ,22.33 , 9.80 , 1.54 , 0.52 , 358.29
2024-02-24 11:23:12,851 :- 00137: 137 , 20.00 , -0.10 || 1708753992, 17.601940633720 , 78.126605447353, 0.01 , 0.01 ,22.33 , 9.47 , 1.53 , 0.52 , 358.29
2024-02-24 11:23:12,881 :- 00138: 140 , 20.00 , -0.10 || 1708753992, 17.601940633720 , 78.126605447353, 0.01 , 0.01 ,22.33 , 10.00 , 1.54 , 0.48 , 358.29
2024-02-24 11:23:12,911 :- 00139: 143 , 20.00 , -0.10 || 1708753992, 17.601940633720 , 78.126605447353, 0.01 , 0.01 ,22.33 , 9.55 , 1.52 , 0.46 , 358.29
2024-02-24 11:23:12,941 :- 00140: 146 , 20.00 , -0.20 || 1708753992, 17.601946239772 , 78.126605316239, 0.01 , 0.01 ,22.33 , 10.45 , 1.55 , 0.44 , 358.31
2024-02-24 11:23:12,971 :- 00141: 149 , 20.00 , -0.20 || 1708753992, 17.601946239772 , 78.126605316239, 0.01 , 0.01 ,22.33 , 9.78 , 1.53 , 0.43 , 358.31
2024-02-24 11:23:13,001 :- 00142: 152 , 20.00 , -0.20 || 1708753992, 17.601946239772 , 78.126605316239, 0.01 , 0.01 ,22.33 , 10.48 , 1.52 , 0.44 , 358.33
2024-02-24 11:23:13,031 :- 00143: 155 , 20.00 , -0.20 || 1708753993, 17.601946239772 , 78.126605316239, 0.01 , 0.01 ,22.33 , 10.07 , 1.51 , 0.43 , 358.33
2024-02-24 11:23:13,061 :- 00144: 158 , 20.00 , -0.20 || 1708753993, 17.601951835085 , 78.126605154821, 0.01 , 0.01 ,22.25 , 10.10 , 1.47 , 0.46 , 358.34
2024-02-24 11:23:13,091 :- 00145: 161 , 20.00 , -0.20 || 1708753993, 17.601951835085 , 78.126605154821, 0.01 , 0.01 ,22.25 , 10.08 , 1.44 , 0.47 , 358.34
2024-02-24 11:23:13,121 :- 00146: 164 , 20.00 , -0.20 || 1708753993, 17.601951835085 , 78.126605154821, 0.01 , 0.01 ,22.25 , 9.81 , 1.39 , 0.49 , 358.34
2024-02-24 11:23:13,151 :- 00147: 167 , 20.00 , -0.20 || 1708753993, 17.601957439021 , 78.126604979650, 0.01 , 0.01 ,22.36 , 9.91 , 1.38 , 0.52 , 358.33
2024-02-24 11:23:13,181 :- 00148: 170 , 20.00 , -0.20 || 1708753993, 17.601957439021 , 78.126604979650, 0.01 , 0.01 ,22.36 , 9.54 , 1.34 , 0.54 , 358.33
2024-02-24 11:23:13,210 :- 00149: 170 , 20.00 , -0.20 || 1708753993, 17.601957439021 , 78.126604979650, 0.01 , 0.01 ,22.36 , 9.54 , 1.34 , 0.54 , 358.331708753993, 17.601957439021 , 78.126604979650, 0.01 , 0.01 ,22.36 , 9.77 , 1.33 , 0.56 , 358.33
2024-02-24 11:23:13,231 :- 00150: 175 , 20.00 , -0.30 || 1708753993, 17.601957439021 , 78.126604979650, 0.01 , 0.01 ,22.20 , 9.39 , 1.33 , 0.57 , 358.33
2024-02-24 11:23:13,261 :- 00151: 178 , 20.00 , -0.30 || 1708753993, 17.601963015886 , 78.126604823070, 0.01 , 0.01 ,22.20 , 9.72 , 1.29 , 0.55 , 358.34
2024-02-24 11:23:13,290 :- 00152: 181 , 20.00 , -0.30 || 1708753993, 17.601963015886 , 78.126604823070, 0.01 , 0.01 ,22.20 , 9.62 , 1.29 , 0.55 , 358.34
2024-02-24 11:23:13,320 :- 00153: 184 , 20.00 , -0.30 || 1708753993, 17.601963015886 , 78.126604823070, 0.01 , 0.01 ,22.20 , 9.33 , 1.26 , 0.54 , 358.35
2024-02-24 11:23:13,351 :- 00154: 187 , 20.00 , -0.20 || 1708753993, 17.601968559862 , 78.126604668503, 0.01 , 0.01 ,22.07 , 9.62 , 1.23 , 0.50 , 358.36
2024-02-24 11:23:13,381 :- 00155: 190 , 20.00 , -0.20 || 1708753993, 17.601968559862 , 78.126604668503, 0.01 , 0.01 ,22.07 , 9.77 , 1.23 , 0.47 , 358.37
2024-02-24 11:23:13,410 :- 00156: 193 , 20.00 , -0.20 || 1708753993, 17.601968559862 , 78.126604668503, 0.01 , 0.01 ,22.07 , 9.89 , 1.21 , 0.44 , 358.37
2024-02-24 11:23:13,441 :- 00157: 196 , 20.00 , -0.20 || 1708753993, 17.601974065479 , 78.126604497788, 0.01 , 0.01 ,21.99 , 9.79 , 1.18 , 0.40 , 358.38
2024-02-24 11:23:13,470 :- 00158: 199 , 20.00 , -0.20 || 1708753993, 17.601974065479 , 78.126604497788, 0.01 , 0.01 ,21.99 , 9.83 , 1.16 , 0.38 , 358.39
2024-02-24 11:23:13,500 :- 00159: 202 , 20.00 , -0.20 || 1708753993, 17.601974065479 , 78.126604497788, 0.01 , 0.01 ,21.99 , 10.17 , 1.16 , 0.36 , 358.41
2024-02-24 11:23:13,531 :- 00160: 205 , 20.00 , -0.60 || 1708753993, 17.601974065479 , 78.126604497788, 0.01 , 0.01 ,21.97 , 9.66 , 1.17 , 0.35 , 358.43
2024-02-24 11:23:13,561 :- 00161: 208 , 20.00 , -0.70 || 1708753993, 17.601979575583 , 78.126604360015, 0.01 , 0.01 ,21.97 , 9.98 , 1.19 , 0.30 , 358.46
2024-02-24 11:23:13,590 :- 00162: 211 , 20.00 , -0.70 || 1708753993, 17.601979575583 , 78.126604360015, 0.01 , 0.01 ,21.97 , 9.99 , 1.20 , 0.31 , 358.47
2024-02-24 11:23:13,621 :- 00163: 214 , 20.00 , -0.70 || 1708753993, 17.601979575583 , 78.126604360015, 0.01 , 0.01 ,21.97 , 10.36 , 1.18 , 0.30 , 358.49
2024-02-24 11:23:13,651 :- 00164: 217 , 20.00 , -0.80 || 1708753993, 17.601985082980 , 78.126604233339, 0.01 , 0.01 ,21.93 , 10.18 , 1.15 , 0.29 , 358.50
2024-02-24 11:23:13,681 :- 00165: 220 , 20.00 , -0.80 || 1708753993, 17.601985082980 , 78.126604233339, 0.01 , 0.01 ,21.93 , 10.13 , 1.12 , 0.34 , 358.51
2024-02-24 11:23:13,710 :- 00166: 223 , 20.00 , -0.80 || 1708753993, 17.601985082980 , 78.126604233339, 0.01 , 0.01 ,21.93 , 9.67 , 1.10 , 0.36 , 358.52
2024-02-24 11:23:13,741 :- 00167: 226 , 20.00 , -0.20 || 1708753993, 17.601990589451 , 78.126604099472, 0.01 , 0.01 ,21.98 , 10.29 , 1.09 , 0.35 , 358.56
2024-02-24 11:23:13,770 :- 00168: 229 , 20.00 , -0.20 || 1708753993, 17.601990589451 , 78.126604099472, 0.01 , 0.01 ,21.98 , 9.67 , 1.06 , 0.39 , 358.59
2024-02-24 11:23:13,801 :- 00169: 232 , 20.00 , -0.20 || 1708753993, 17.601990589451 , 78.126604099472, 0.01 , 0.01 ,21.98 , 9.56 , 1.01 , 0.43 , 358.66
2024-02-24 11:23:13,830 :- 00170: 235 , 20.00 , -0.20 || 1708753993, 17.601990589451 , 78.126604099472, 0.01 , 0.01 ,21.90 , 9.46 , 0.99 , 0.45 , 358.71
2024-02-24 11:23:13,860 :- 00171: 238 , 20.00 , -0.20 || 1708753993, 17.601996084381 , 78.126603957061, 0.01 , 0.01 ,21.90 , 10.01 , 0.97 , 0.47 , 358.81
2024-02-24 11:23:13,890 :- 00172: 241 , 20.00 , -0.20 || 1708753993, 17.601996084381 , 78.126603957061, 0.01 , 0.01 ,21.90 , 9.48 , 0.96 , 0.49 , 358.86
2024-02-24 11:23:13,921 :- 00173: 244 , 20.00 , -0.20 || 1708753993, 17.601996084381 , 78.126603957061, 0.01 , 0.01 ,21.90 , 9.66 , 0.99 , 0.52 , 358.94
2024-02-24 11:23:13,950 :- 00174: 247 , 20.00 , -0.20 || 1708753993, 17.602001556678 , 78.126603837467, 0.01 , 0.01 ,21.82 , 10.02 , 1.04 , 0.52 , 358.96
2024-02-24 11:23:13,981 :- 00175: 250 , 20.00 , -0.20 || 1708753993, 17.602001556678 , 78.126603837467, 0.01 , 0.01 ,21.82 , 9.09 , 1.09 , 0.56 , 358.97
2024-02-24 11:23:14,010 :- 00176: 253 , 20.00 , -0.20 || 1708753993, 17.602001556678 , 78.126603837467, 0.01 , 0.01 ,21.82 , 9.89 , 1.12 , 0.57 , 358.95
2024-02-24 11:23:14,040 :- 00177: 000 , 20.00 , -0.20 || 1708753994, 17.602001556678 , 78.126603837467, 0.01 , 0.01 ,21.67 , 9.82 , 1.16 , 0.57 , 358.92
2024-02-24 11:23:14,070 :- 00178: 003 , 20.00 , -0.20 || 1708753994, 17.602007000788 , 78.126603806221, 0.01 , 0.01 ,21.67 , 9.76 , 1.16 , 0.57 , 358.90
2024-02-24 11:23:14,101 :- 00179: 006 , 20.00 , -0.20 || 1708753994, 17.602007000788 , 78.126603806221, 0.01 , 0.01 ,21.67 , 9.99 , 1.13 , 0.58 , 358.87
2024-02-24 11:23:14,130 :- 00180: 009 , 20.00 , -0.20 || 1708753994, 17.602007000788 , 78.126603806221, 0.01 , 0.01 ,21.73 , 9.77 , 1.13 , 0.59 , 358.86
2024-02-24 11:23:14,161 :- 00181: 012 , 20.00 , -0.70 || 1708753994, 17.602012451966 , 78.126603749455, 0.01 , 0.01 ,21.73 , 9.39 , 1.09 , 0.60 , 358.87
2024-02-24 11:23:14,190 :- 00182: 015 , 20.00 , -0.70 || 1708753994, 17.602012451966 , 78.126603749455, 0.01 , 0.01 ,21.73 , 9.71 , 1.09 , 0.59 , 358.88
2024-02-24 11:23:14,221 :- 00183: 018 , 20.00 , -0.70 || 1708753994, 17.602012451966 , 78.126603749455, 0.01 , 0.01 ,21.73 , 10.02 , 1.09 , 0.60 , 358.91
2024-02-24 11:23:14,251 :- 00184: 021 , 20.00 , -0.10 || 1708753994, 17.602017886840 , 78.126603638497, 0.01 , 0.01 ,21.63 , 10.07 , 1.09 , 0.59 , 358.92
2024-02-24 11:23:14,281 :- 00185: 024 , 20.00 , -0.10 || 1708753994, 17.602017886840 , 78.126603638497, 0.01 , 0.01 ,21.63 , 9.05 , 1.03 , 0.60 , 358.95
2024-02-24 11:23:14,310 :- 00186: 027 , 20.00 , -0.10 || 1708753994, 17.602017886840 , 78.126603638497, 0.01 , 0.01 ,21.63 , 10.11 , 1.00 , 0.60 , 358.96
2024-02-24 11:23:14,340 :- 00187: 030 , 20.00 , -0.10 || 1708753994, 17.602023309406 , 78.126603512616, 0.01 , 0.01 ,21.63 , 9.74 , 0.94 , 0.58 , 358.98
2024-02-24 11:23:14,370 :- 00188: 033 , 20.00 , -0.10 || 1708753994, 17.602023309406 , 78.126603512616, 0.01 , 0.01 ,21.63 , 9.67 , 0.88 , 0.58 , 359.00
2024-02-24 11:23:14,401 :- 00189: 036 , 21.10 , -0.30 || 1708753994, 17.602023309406 , 78.126603512616, 0.01 , 0.01 ,21.63 , 9.93 , 0.79 , 0.56 , 359.05
2024-02-24 11:23:14,430 :- 00190: 039 , 21.10 , -0.10 || 1708753994, 17.602023309406 , 78.126603512616, 0.01 , 0.01 ,21.49 , 10.00 , 0.77 , 0.54 , 359.07
2024-02-24 11:23:14,460 :- 00191: 042 , 21.10 , 00.00 || 1708753994, 17.602028711724 , 78.126603374898, 0.01 , 0.01 ,21.49 , 10.13 , 0.73 , 0.55 , 359.12
2024-02-24 11:23:14,490 :- 00192: 042 , 21.10 , 00.00 || 1708753994, 17.602028711724 , 78.126603374898, 0.01 , 0.01 ,21.49 , 10.13 , 0.73 , 0.55 , 359.121708753994, 17.602028711724 , 78.126603374898, 0.01 , 0.01 ,21.49 , 9.61 , 0.71 , 0.54 , 359.13
2024-02-24 11:23:14,510 :- 00193: 047 , 21.10 , 00.10 || 1708753994, 17.602028711724 , 78.126603374898, 0.01 , 0.01 ,21.49 , 10.20 , 0.71 , 0.52 , 359.14
2024-02-24 11:23:14,540 :- 00194: 050 , 21.10 , 00.00 || 1708753994, 17.602034146207 , 78.126603318295, 0.01 , 0.01 ,21.62 , 9.79 , 0.71 , 0.54 , 359.13
2024-02-24 11:23:14,571 :- 00195: 053 , 21.10 , 00.00 || 1708753994, 17.602034146207 , 78.126603318295, 0.01 , 0.01 ,21.62 , 9.77 , 0.70 , 0.52 , 359.12
2024-02-24 11:23:14,601 :- 00196: 056 , 21.00 , 00.00 || 1708753994, 17.602034146207 , 78.126603318295, 0.01 , 0.01 ,21.62 , 9.74 , 0.69 , 0.54 , 359.08
2024-02-24 11:23:14,631 :- 00197: 059 , 21.00 , 00.00 || 1708753994, 17.602034146207 , 78.126603318295, 0.01 , 0.01 ,21.49 , 9.82 , 0.68 , 0.53 , 359.06
2024-02-24 11:23:14,661 :- 00198: 062 , 21.00 , 00.00 || 1708753994, 17.602039507388 , 78.126603244740, 0.01 , 0.01 ,21.49 , 9.67 , 0.64 , 0.54 , 359.03
2024-02-24 11:23:14,691 :- 00199: 065 , 20.90 , 00.00 || 1708753994, 17.602039507388 , 78.126603244740, 0.01 , 0.01 ,21.49 , 9.87 , 0.61 , 0.56 , 359.01
2024-02-24 11:23:14,721 :- 00200: 068 , 20.90 , 00.00 || 1708753994, 17.602039507388 , 78.126603244740, 0.01 , 0.01 ,21.49 , 10.08 , 0.59 , 0.56 , 359.01
2024-02-24 11:23:14,751 :- 00201: 071 , 20.80 , 00.00 || 1708753994, 17.602044865178 , 78.126603186747, 0.01 , 0.01 ,21.44 , 10.39 , 0.59 , 0.57 , 359.01
2024-02-24 11:23:14,781 :- 00202: 074 , 20.70 , 00.00 || 1708753994, 17.602044865178 , 78.126603186747, 0.01 , 0.01 ,21.44 , 9.40 , 0.55 , 0.58 , 359.02
2024-02-24 11:23:14,811 :- 00203: 077 , 20.60 , 00.00 || 1708753994, 17.602044865178 , 78.126603186747, 0.01 , 0.01 ,21.44 , 10.13 , 0.55 , 0.62 , 359.02
2024-02-24 11:23:14,841 :- 00204: 080 , 20.60 , 00.00 || 1708753994, 17.602050127591 , 78.126603075156, 0.01 , 0.01 ,20.99 , 9.90 , 0.56 , 0.61 , 359.02
2024-02-24 11:23:14,871 :- 00205: 083 , 20.50 , 00.00 || 1708753994, 17.602050127591 , 78.126603075156, 0.01 , 0.01 ,20.99 , 9.56 , 0.53 , 0.62 , 359.01
2024-02-24 11:23:14,901 :- 00206: 086 , 20.40 , 00.00 || 1708753994, 17.602050127591 , 78.126603075156, 0.01 , 0.01 ,20.99 , 10.03 , 0.49 , 0.71 , 359.00
2024-02-24 11:23:14,931 :- 00207: 089 , 20.30 , 00.00 || 1708753994, 17.602050127591 , 78.126603075156, 0.01 , 0.01 ,20.81 , 9.55 , 0.47 , 0.71 , 358.99
2024-02-24 11:23:14,961 :- 00208: 092 , 20.20 , 00.00 || 1708753994, 17.602055338031 , 78.126602986532, 0.01 , 0.01 ,20.81 , 9.55 , 0.43 , 0.74 , 358.98
2024-02-24 11:23:14,991 :- 00209: 095 , 20.10 , 00.00 || 1708753994, 17.602055338031 , 78.126602986532, 0.01 , 0.01 ,20.81 , 9.52 , 0.42 , 0.76 , 358.97
2024-02-24 11:23:15,021 :- 00210: 098 , 20.00 , 00.00 || 1708753995, 17.602055338031 , 78.126602986532, 0.01 , 0.01 ,20.81 , 9.83 , 0.43 , 0.81 , 358.96
2024-02-24 11:23:15,051 :- 00211: 101 , 19.90 , 00.00 || 1708753995, 17.602055338031 , 78.126602986532, 0.01 , 0.01 ,20.30 , 10.08 , 0.42 , 0.84 , 358.95
2024-02-24 11:23:15,081 :- 00212: 104 , 19.80 , 00.00 || 1708753995, 17.602060461447 , 78.126602899872, 0.01 , 0.01 ,20.30 , 9.89 , 0.41 , 0.88 , 358.94
2024-02-24 11:23:15,111 :- 00213: 107 , 19.60 , 00.00 || 1708753995, 17.602060461447 , 78.126602899872, 0.01 , 0.01 ,20.30 , 10.17 , 0.43 , 0.92 , 358.94
2024-02-24 11:23:15,141 :- 00214: 110 , 19.40 , 00.00 || 1708753995, 17.602065444159 , 78.126602780306, 0.01 , 0.01 ,19.64 , 10.08 , 0.44 , 1.00 , 358.94
2024-02-24 11:23:15,171 :- 00215: 113 , 19.20 , 00.00 || 1708753995, 17.602065444159 , 78.126602780306, 0.01 , 0.01 ,19.64 , 9.85 , 0.44 , 1.05 , 358.94
2024-02-24 11:23:15,200 :- 00216: 116 , 19.00 , 00.00 || 1708753995, 17.602065444159 , 78.126602780306, 0.01 , 0.01 ,19.64 , 9.76 , 0.45 , 1.12 , 358.93
2024-02-24 11:23:15,230 :- 00217: 119 , 18.80 , 00.00 || 1708753995, 17.602065444159 , 78.126602780306, 0.01 , 0.01 ,19.17 , 9.63 , 0.46 , 1.17 , 358.93
2024-02-24 11:23:15,261 :- 00218: 122 , 18.60 , 00.00 || 1708753995, 17.602070299307 , 78.126602726534, 0.01 , 0.01 ,19.17 , 9.50 , 0.47 , 1.26 , 358.92
2024-02-24 11:23:15,291 :- 00219: 125 , 18.30 , 00.00 || 1708753995, 17.602070299307 , 78.126602726534, 0.01 , 0.01 ,19.17 , 9.41 , 0.46 , 1.27 , 358.91
2024-02-24 11:23:15,320 :- 00220: 128 , 18.10 , 00.00 || 1708753995, 17.602070299307 , 78.126602726534, 0.01 , 0.01 ,19.17 , 9.19 , 0.46 , 1.32 , 358.89
2024-02-24 11:23:15,350 :- 00221: 131 , 17.80 , 00.00 || 1708753995, 17.602074907032 , 78.126602672722, 0.01 , 0.01 ,18.06 , 9.51 , 0.46 , 1.34 , 358.88
2024-02-24 11:23:15,381 :- 00222: 134 , 17.60 , 00.00 || 1708753995, 17.602074907032 , 78.126602672722, 0.01 , 0.01 ,18.06 , 9.23 , 0.48 , 1.32 , 358.87
2024-02-24 11:23:15,410 :- 00223: 137 , 17.30 , 00.00 || 1708753995, 17.602074907032 , 78.126602672722, 0.01 , 0.01 ,18.06 , 9.53 , 0.51 , 1.31 , 358.87
2024-02-24 11:23:15,440 :- 00224: 140 , 17.00 , 00.00 || 1708753995, 17.602079259902 , 78.126602711731, 0.01 , 0.01 ,16.92 , 9.38 , 0.56 , 1.27 , 358.88
2024-02-24 11:23:15,471 :- 00225: 143 , 16.80 , 00.00 || 1708753995, 17.602079259902 , 78.126602711731, 0.01 , 0.01 ,16.92 , 9.56 , 0.59 , 1.25 , 358.88
2024-02-24 11:23:15,501 :- 00226: 146 , 16.50 , 00.00 || 1708753995, 17.602079259902 , 78.126602711731, 0.01 , 0.01 ,16.92 , 9.53 , 0.69 , 1.18 , 358.88
2024-02-24 11:23:15,531 :- 00227: 149 , 16.20 , 00.00 || 1708753995, 17.602079259902 , 78.126602711731, 0.01 , 0.01 ,16.04 , 9.86 , 0.75 , 1.15 , 358.88
2024-02-24 11:23:15,561 :- 00228: 152 , 15.90 , 00.00 || 1708753995, 17.602083338359 , 78.126602712408, 0.01 , 0.01 ,16.04 , 10.01 , 0.83 , 1.08 , 358.87
2024-02-24 11:23:15,590 :- 00229: 155 , 15.70 , 00.00 || 1708753995, 17.602083338359 , 78.126602712408, 0.01 , 0.01 ,16.04 , 10.05 , 0.84 , 1.07 , 358.87
2024-02-24 11:23:15,621 :- 00230: 158 , 15.40 , 00.00 || 1708753995, 17.602083338359 , 78.126602712408, 0.01 , 0.01 ,16.04 , 10.10 , 0.84 , 1.04 , 358.85
2024-02-24 11:23:15,651 :- 00231: 161 , 15.10 , 00.00 || 1708753995, 17.602087168264 , 78.126602691691, 0.01 , 0.01 ,15.06 , 9.87 , 0.81 , 1.04 , 358.85
2024-02-24 11:23:15,681 :- 00232: 164 , 14.90 , 00.00 || 1708753995, 17.602087168264 , 78.126602691691, 0.01 , 0.01 ,15.06 , 10.09 , 0.76 , 1.05 , 358.84
2024-02-24 11:23:15,711 :- 00233: 167 , 14.60 , 00.00 || 1708753995, 17.602087168264 , 78.126602691691, 0.01 , 0.01 ,15.06 , 9.81 , 0.73 , 1.07 , 358.83
2024-02-24 11:23:15,741 :- 00234: 170 , 14.30 , 00.00 || 1708753995, 17.602090809564 , 78.126602599346, 0.01 , 0.01 ,14.22 , 9.76 , 0.70 , 1.10 , 358.82
2024-02-24 11:23:15,770 :- 00235: 170 , 14.30 , 00.00 || 1708753995, 17.602090809564 , 78.126602599346, 0.01 , 0.01 ,14.22 , 9.76 , 0.70 , 1.10 , 358.821708753995, 17.602090809564 , 78.126602599346, 0.01 , 0.01 ,14.22 , 9.68 , 0.69 , 1.08 , 358.82
2024-02-24 11:23:15,791 :- 00236: 175 , 13.80 , 00.00 || 1708753995, 17.602090809564 , 78.126602599346, 0.01 , 0.01 ,14.22 , 9.74 , 0.67 , 1.09 , 358.82
2024-02-24 11:23:15,821 :- 00237: 178 , 13.50 , 00.00 || 1708753995, 17.602090809564 , 78.126602599346, 0.01 , 0.01 ,14.22 , 9.81 , 0.64 , 1.16 , 358.81
2024-02-24 11:23:15,851 :- 00238: 181 , 13.20 , 00.00 || 1708753995, 17.602094186188 , 78.126602498920, 0.01 , 0.01 ,13.20 , 9.52 , 0.62 , 1.16 , 358.81
2024-02-24 11:23:15,881 :- 00239: 184 , 12.90 , 00.00 || 1708753995, 17.602094186188 , 78.126602498920, 0.01 , 0.01 ,13.20 , 9.72 , 0.62 , 1.22 , 358.82
2024-02-24 11:23:15,910 :- 00240: 187 , 12.60 , 00.00 || 1708753995, 17.602094186188 , 78.126602498920, 0.01 , 0.01 ,13.20 , 9.50 , 0.62 , 1.26 , 358.81
2024-02-24 11:23:15,941 :- 00241: 190 , 12.30 , 00.00 || 1708753995, 17.602097328865 , 78.126602430463, 0.01 , 0.01 ,12.36 , 9.55 , 0.63 , 1.28 , 358.81
2024-02-24 11:23:15,970 :- 00242: 193 , 12.00 , 00.00 || 1708753995, 17.602097328865 , 78.126602430463, 0.01 , 0.01 ,12.36 , 9.64 , 0.65 , 1.28 , 358.80
2024-02-24 11:23:16,001 :- 00243: 196 , 11.70 , 00.00 || 1708753995, 17.602097328865 , 78.126602430463, 0.01 , 0.01 ,12.36 , 9.66 , 0.67 , 1.31 , 358.78
2024-02-24 11:23:16,031 :- 00244: 199 , 11.40 , 00.00 || 1708753996, 17.602097328865 , 78.126602430463, 0.01 , 0.01 ,12.36 , 9.44 , 0.69 , 1.30 , 358.77
2024-02-24 11:23:16,061 :- 00245: 202 , 11.10 , 00.00 || 1708753996, 17.602100189202 , 78.126602405974, 0.01 , 0.01 ,11.13 , 9.64 , 0.71 , 1.27 , 358.76
2024-02-24 11:23:16,090 :- 00246: 205 , 10.80 , 00.00 || 1708753996, 17.602100189202 , 78.126602405974, 0.01 , 0.01 ,11.13 , 9.81 , 0.73 , 1.25 , 358.75
2024-02-24 11:23:16,120 :- 00247: 208 , 10.50 , 00.00 || 1708753996, 17.602100189202 , 78.126602405974, 0.01 , 0.01 ,11.13 , 9.82 , 0.78 , 1.21 , 358.74
2024-02-24 11:23:16,151 :- 00248: 211 , 10.20 , 00.00 || 1708753996, 17.602102751953 , 78.126602414844, 0.01 , 0.01 ,9.96 , 9.91 , 0.81 , 1.20 , 358.74
2024-02-24 11:23:16,181 :- 00249: 214 , 09.90 , 00.00 || 1708753996, 17.602102751953 , 78.126602414844, 0.01 , 0.01 ,9.96 , 9.76 , 0.86 , 1.14 , 358.73
2024-02-24 11:23:16,210 :- 00250: 217 , 09.70 , 00.00 || 1708753996, 17.602102751953 , 78.126602414844, 0.01 , 0.01 ,9.96 , 9.83 , 0.88 , 1.11 , 358.72
2024-02-24 11:23:16,240 :- 00251: 220 , 09.40 , 00.00 || 1708753996, 17.602105096277 , 78.126602393367, 0.01 , 0.01 ,9.14 , 9.78 , 0.91 , 1.10 , 358.71
2024-02-24 11:23:16,271 :- 00252: 223 , 09.20 , 00.00 || 1708753996, 17.602105096277 , 78.126602393367, 0.01 , 0.01 ,9.14 , 9.58 , 0.91 , 1.08 , 358.70
2024-02-24 11:23:16,301 :- 00253: 226 , 09.00 , 00.00 || 1708753996, 17.602105096277 , 78.126602393367, 0.01 , 0.01 ,9.14 , 9.84 , 0.92 , 1.05 , 358.70
2024-02-24 11:23:16,331 :- 00254: 229 , 08.80 , 00.00 || 1708753996, 17.602105096277 , 78.126602393367, 0.01 , 0.01 ,8.48 , 9.78 , 0.92 , 1.05 , 358.70
2024-02-24 11:23:16,361 :- 00255: 232 , 08.60 , 00.00 || 1708753996, 17.602107282027 , 78.126602368922, 0.01 , 0.01 ,8.48 , 9.60 , 0.91 , 1.03 , 358.71
2024-02-24 11:23:16,390 :- 00256: 235 , 08.40 , 00.00 || 1708753996, 17.602107282027 , 78.126602368922, 0.01 , 0.01 ,8.48 , 10.41 , 0.90 , 1.08 , 358.71
2024-02-24 11:23:16,421 :- 00257: 238 , 08.10 , 00.00 || 1708753996, 17.602107282027 , 78.126602368922, 0.01 , 0.01 ,8.48 , 9.80 , 0.85 , 1.05 , 358.68
2024-02-24 11:23:16,451 :- 00258: 241 , 07.90 , 00.00 || 1708753996, 17.602109267570 , 78.126602298356, 0.01 , 0.01 ,7.58 , 8.76 , 0.78 , 0.86 , 358.68
2024-02-24 11:23:16,481 :- 00259: 244 , 07.60 , 00.00 || 1708753996, 17.602109267570 , 78.126602298356, 0.01 , 0.01 ,7.58 , 8.40 , 0.72 , 0.44 , 358.72
2024-02-24 11:23:16,510 :- 00260: 247 , 07.40 , 00.00 || 1708753996, 17.602109267570 , 78.126602298356, 0.01 , 0.01 ,7.58 , 10.00 , 0.73 , 0.31 , 358.72
2024-02-24 11:23:16,540 :- 00261: 250 , 07.20 , -0.00 || 1708753996, 17.602110794604 , 78.126602199736, 0.01 , 0.01 ,5.67 , 9.84 , 0.69 , -0.24 , 358.72
2024-02-24 11:23:16,570 :- 00262: 253 , 07.10 , -0.00 || 1708753996, 17.602110794604 , 78.126602199736, 0.01 , 0.01 ,5.67 , 10.29 , 0.64 , -0.41 , 358.72
2024-02-24 11:23:16,601 :- 00263: 000 , 06.90 , -0.00 || 1708753996, 17.602110794604 , 78.126602199736, 0.01 , 0.01 ,5.67 , 11.42 , 0.63 , -0.32 , 358.71
2024-02-24 11:23:16,631 :- 00264: 003 , 06.70 , -0.00 || 1708753996, 17.602110794604 , 78.126602199736, 0.01 , 0.01 ,6.21 , 11.21 , 0.62 , -0.30 , 358.70
2024-02-24 11:23:16,661 :- 00265: 006 , 06.50 , -0.00 || 1708753996, 17.602112278532 , 78.126602153873, 0.01 , 0.01 ,6.21 , 9.70 , 0.56 , -0.34 , 358.69
2024-02-24 11:23:16,690 :- 00266: 009 , 06.40 , -0.00 || 1708753996, 17.602112278532 , 78.126602153873, 0.01 , 0.01 ,6.21 , 9.98 , 0.58 , -0.16 , 358.68
2024-02-24 11:23:16,721 :- 00267: 012 , 06.30 , -0.00 || 1708753996, 17.602112278532 , 78.126602153873, 0.01 , 0.01 ,6.21 , 8.88 , 0.59 , 0.22 , 358.68
2024-02-24 11:23:16,750 :- 00268: 015 , 06.20 , -0.00 || 1708753996, 17.602114031833 , 78.126602129780, 0.01 , 0.01 ,7.07 , 9.02 , 0.60 , 0.30 , 358.68
2024-02-24 11:23:16,781 :- 00269: 018 , 06.10 , -0.00 || 1708753996, 17.602114031833 , 78.126602129780, 0.01 , 0.01 ,7.07 , 8.11 , 0.65 , 0.45 , 358.68
2024-02-24 11:23:16,810 :- 00270: 021 , 06.00 , -0.00 || 1708753996, 17.602114031833 , 78.126602129780, 0.01 , 0.01 ,7.07 , 9.06 , 0.67 , 0.66 , 358.68
2024-02-24 11:23:16,840 :- 00271: 024 , 06.00 , -0.00 || 1708753996, 17.602115747362 , 78.126602132352, 0.01 , 0.01 ,6.78 , 9.33 , 0.73 , 0.78 , 358.68
2024-02-24 11:23:16,870 :- 00272: 027 , 05.90 , -0.00 || 1708753996, 17.602115747362 , 78.126602132352, 0.01 , 0.01 ,6.78 , 9.55 , 0.76 , 0.78 , 358.67
2024-02-24 11:23:16,901 :- 00273: 030 , 05.90 , -0.00 || 1708753996, 17.602115747362 , 78.126602132352, 0.01 , 0.01 ,6.78 , 9.87 , 0.83 , 0.89 , 358.66
2024-02-24 11:23:16,930 :- 00274: 033 , 05.90 , -0.00 || 1708753996, 17.602115747362 , 78.126602132352, 0.01 , 0.01 ,6.22 , 10.47 , 0.88 , 0.86 , 358.65
2024-02-24 11:23:16,960 :- 00275: 036 , 05.90 , -0.00 || 1708753996, 17.602117326171 , 78.126602130674, 0.01 , 0.01 ,6.22 , 10.24 , 0.91 , 0.78 , 358.65
2024-02-24 11:23:16,990 :- 00276: 039 , 05.90 , -0.00 || 1708753996, 17.602117326171 , 78.126602130674, 0.01 , 0.01 ,6.22 , 10.36 , 0.91 , 0.71 , 358.65
2024-02-24 11:23:17,020 :- 00277: 042 , 05.90 , -0.00 || 1708753997, 17.602117326171 , 78.126602130674, 0.01 , 0.01 ,6.22 , 10.37 , 0.92 , 0.58 , 358.65
2024-02-24 11:23:17,050 :- 00278: 042 , 05.90 , -0.00 || 1708753997, 17.602117326171 , 78.126602130674, 0.01 , 0.01 ,6.22 , 10.37 , 0.92 , 0.58 , 358.651708753997, 17.602117326171 , 78.126602130674, 0.01 , 0.01 ,5.65 , 10.59 , 0.92 , 0.52 , 358.65
2024-02-24 11:23:17,070 :- 00279: 047 , 05.90 , -0.00 || 1708753997, 17.602118771434 , 78.126602149880, 0.01 , 0.01 ,5.65 , 10.61 , 0.92 , 0.42 , 358.66
2024-02-24 11:23:17,101 :- 00280: 050 , 06.00 , -0.00 || 1708753997, 17.602118771434 , 78.126602149880, 0.01 , 0.01 ,5.65 , 10.51 , 0.91 , 0.31 , 358.66
2024-02-24 11:23:17,131 :- 00281: 053 , 06.00 , -0.00 || 1708753997, 17.602118771434 , 78.126602149880, 0.01 , 0.01 ,5.74 , 10.27 , 0.89 , 0.28 , 358.66
2024-02-24 11:23:17,161 :- 00282: 056 , 06.00 , -0.00 || 1708753997, 17.602120213055 , 78.126602098058, 0.01 , 0.01 ,5.74 , 10.06 , 0.86 , 0.24 , 358.67
2024-02-24 11:23:17,190 :- 00283: 059 , 06.00 , -0.00 || 1708753997, 17.602120213055 , 78.126602098058, 0.01 , 0.01 ,5.74 , 9.74 , 0.85 , 0.22 , 358.67
2024-02-24 11:23:17,220 :- 00284: 062 , 06.00 , -0.00 || 1708753997, 17.602120213055 , 78.126602098058, 0.01 , 0.01 ,5.74 , 9.65 , 0.80 , 0.23 , 358.66
2024-02-24 11:23:17,250 :- 00285: 065 , 06.00 , -0.00 || 1708753997, 17.602121716196 , 78.126602030038, 0.01 , 0.01 ,6.03 , 9.57 , 0.77 , 0.26 , 358.65
2024-02-24 11:23:17,280 :- 00286: 068 , 05.90 , -0.00 || 1708753997, 17.602121716196 , 78.126602030038, 0.01 , 0.01 ,6.03 , 9.36 , 0.72 , 0.32 , 358.65
2024-02-24 11:23:17,310 :- 00287: 071 , 05.90 , -0.00 || 1708753997, 17.602121716196 , 78.126602030038, 0.01 , 0.01 ,6.03 , 9.26 , 0.70 , 0.35 , 358.65
2024-02-24 11:23:17,340 :- 00288: 074 , 05.80 , -0.00 || 1708753997, 17.602123230843 , 78.126601991713, 0.01 , 0.01 ,6.06 , 9.08 , 0.67 , 0.41 , 358.65
2024-02-24 11:23:17,370 :- 00289: 077 , 05.80 , -0.00 || 1708753997, 17.602123230843 , 78.126601991713, 0.01 , 0.01 ,6.06 , 9.10 , 0.67 , 0.45 , 358.65
2024-02-24 11:23:17,400 :- 00290: 080 , 05.70 , -0.00 || 1708753997, 17.602123230843 , 78.126601991713, 0.01 , 0.01 ,6.06 , 9.17 , 0.66 , 0.49 , 358.65
2024-02-24 11:23:17,430 :- 00291: 083 , 05.60 , -0.00 || 1708753997, 17.602123230843 , 78.126601991713, 0.01 , 0.01 ,5.75 , 9.47 , 0.66 , 0.49 , 358.65
2024-02-24 11:23:17,461 :- 00292: 086 , 05.60 , -0.00 || 1708753997, 17.602124700417 , 78.126601933884, 0.01 , 0.01 ,5.75 , 9.54 , 0.66 , 0.51 , 358.64
2024-02-24 11:23:17,490 :- 00293: 089 , 05.60 , -0.00 || 1708753997, 17.602124700417 , 78.126601933884, 0.01 , 0.01 ,5.75 , 9.91 , 0.66 , 0.51 , 358.64
2024-02-24 11:23:17,520 :- 00294: 092 , 05.50 , -0.00 || 1708753997, 17.602124700417 , 78.126601933884, 0.01 , 0.01 ,5.75 , 10.06 , 0.67 , 0.49 , 358.64
2024-02-24 11:23:17,550 :- 00295: 095 , 05.50 , -0.00 || 1708753997, 17.602126129988 , 78.126601922672, 0.01 , 0.01 ,5.62 , 10.24 , 0.68 , 0.48 , 358.63
2024-02-24 11:23:17,581 :- 00296: 098 , 05.50 , -0.00 || 1708753997, 17.602126129988 , 78.126601922672, 0.01 , 0.01 ,5.62 , 10.18 , 0.69 , 0.46 , 358.63
2024-02-24 11:23:17,610 :- 00297: 101 , 05.50 , -0.00 || 1708753997, 17.602126129988 , 78.126601922672, 0.01 , 0.01 ,5.62 , 10.31 , 0.69 , 0.44 , 358.64
2024-02-24 11:23:17,640 :- 00298: 104 , 05.50 , -0.00 || 1708753997, 17.602127518729 , 78.126601906107, 0.01 , 0.01 ,5.53 , 10.29 , 0.72 , 0.42 , 358.64
2024-02-24 11:23:17,670 :- 00299: 107 , 05.50 , -0.00 || 1708753997, 17.602127518729 , 78.126601906107, 0.01 , 0.01 ,5.53 , 10.24 , 0.72 , 0.40 , 358.64
2024-02-24 11:23:17,700 :- 00300: 110 , 05.50 , -0.00 || 1708753997, 17.602127518729 , 78.126601906107, 0.01 , 0.01 ,5.53 , 10.15 , 0.73 , 0.39 , 358.63
2024-02-24 11:23:17,730 :- 00301: 113 , 05.50 , -0.00 || 1708753997, 17.602127518729 , 78.126601906107, 0.01 , 0.01 ,5.58 , 10.14 , 0.74 , 0.39 , 358.63
2024-02-24 11:23:17,761 :- 00302: 116 , 05.50 , -0.00 || 1708753997, 17.602128908327 , 78.126601883590, 0.01 , 0.01 ,5.58 , 9.99 , 0.74 , 0.39 , 358.63
2024-02-24 11:23:17,790 :- 00303: 119 , 05.40 , -0.00 || 1708753997, 17.602128908327 , 78.126601883590, 0.01 , 0.01 ,5.58 , 9.87 , 0.74 , 0.41 , 358.63
2024-02-24 11:23:17,821 :- 00304: 122 , 05.40 , -0.00 || 1708753997, 17.602128908327 , 78.126601883590, 0.01 , 0.01 ,5.51 , 9.81 , 0.75 , 0.43 , 358.62
2024-02-24 11:23:17,851 :- 00305: 125 , 05.30 , -0.00 || 1708753997, 17.602130290647 , 78.126601868993, 0.01 , 0.01 ,5.51 , 12.48 , 0.78 , 0.50 , 358.62
2024-02-24 11:23:17,881 :- 00306: 128 , 05.00 , -0.00 || 1708753997, 17.602130290647 , 78.126601868993, 0.01 , 0.01 ,5.51 , 13.46 , 0.84 , 0.74 , 358.60
2024-02-24 11:23:17,911 :- 00307: 131 , 04.90 , -0.00 || 1708753997, 17.602130290647 , 78.126601868993, 0.01 , 0.01 ,5.51 , 13.32 , 0.82 , 0.77 , 358.60
2024-02-24 11:23:17,940 :- 00308: 134 , 04.80 , -0.00 || 1708753997, 17.602131648581 , 78.126601854867, 0.01 , 0.01 ,5.34 , 11.51 , 0.80 , 1.08 , 358.59
2024-02-24 11:23:17,970 :- 00309: 137 , 04.90 , -0.00 || 1708753997, 17.602131648581 , 78.126601854867, 0.01 , 0.01 ,5.34 , 10.08 , 0.77 , 1.34 , 358.59
2024-02-24 11:23:18,000 :- 00310: 140 , 04.90 , -0.00 || 1708753997, 17.602131648581 , 78.126601854867, 0.01 , 0.01 ,5.34 , 8.25 , 0.77 , 1.54 , 358.59
2024-02-24 11:23:18,031 :- 00311: 143 , 04.90 , -0.00 || 1708753998, 17.602131648581 , 78.126601854867, 0.01 , 0.01 ,5.34 , 6.45 , 0.74 , 1.67 , 358.59
2024-02-24 11:23:18,061 :- 00312: 146 , 05.00 , -0.00 || 1708753998, 17.602133021174 , 78.126601823012, 0.01 , 0.01 ,5.44 , 6.39 , 0.73 , 2.00 , 358.59
2024-02-24 11:23:18,090 :- 00313: 149 , 05.20 , -0.00 || 1708753998, 17.602133021174 , 78.126601823012, 0.01 , 0.01 ,5.44 , 5.27 , 0.72 , 1.98 , 358.59
2024-02-24 11:23:18,121 :- 00314: 152 , 05.30 , -0.00 || 1708753998, 17.602133021174 , 78.126601823012, 0.01 , 0.01 ,5.44 , 4.36 , 0.59 , 1.71 , 358.59
2024-02-24 11:23:18,151 :- 00315: 155 , 05.60 , -0.00 || 1708753998, 17.602134259464 , 78.126601797326, 0.01 , 0.01 ,4.64 , 2.80 , 0.47 , 1.46 , 358.59
2024-02-24 11:23:18,181 :- 00316: 158 , 05.70 , -0.00 || 1708753998, 17.602134259464 , 78.126601797326, 0.01 , 0.01 ,4.64 , 4.67 , 0.46 , 1.00 , 358.61
2024-02-24 11:23:18,210 :- 00317: 161 , 05.30 , -0.00 || 1708753998, 17.602134259464 , 78.126601797326, 0.01 , 0.01 ,4.64 , 9.84 , 0.72 , 1.08 , 358.59
2024-02-24 11:23:18,240 :- 00318: 164 , 05.00 , -0.00 || 1708753998, 17.602135265988 , 78.126601778419, 0.01 , 0.01 ,3.82 , 10.58 , 0.77 , 0.70 , 358.58
2024-02-24 11:23:18,270 :- 00319: 167 , 04.70 , -0.00 || 1708753998, 17.602135265988 , 78.126601778419, 0.01 , 0.01 ,3.82 , 10.54 , 0.74 , 0.24 , 358.59
2024-02-24 11:23:18,301 :- 00320: 170 , 04.50 , -0.00 || 1708753998, 17.602135265988 , 78.126601778419, 0.01 , 0.01 ,3.82 , 11.73 , 0.72 , -0.01 , 358.59
2024-02-24 11:23:18,330 :- 00321: 170 , 04.50 , -0.00 || 1708753998, 17.602135265988 , 78.126601778419, 0.01 , 0.01 ,3.82 , 11.73 , 0.72 , -0.01 , 358.591708753998, 17.602135265988 , 78.126601778419, 0.01 , 0.01 ,4.14 , 13.25 , 0.79 , -0.17 , 358.59
2024-02-24 11:23:18,360 :- 00322: 176 , 04.30 , -0.00 || 1708753998, 17.602136263757 , 78.126601748592, 0.01 , 0.01 ,4.14 , 14.40 , 0.84 , -0.59 , 358.59
2024-02-24 11:23:18,390 :- 00323: 179 , 04.40 , -0.00 || 1708753998, 17.602136263757 , 78.126601748592, 0.01 , 0.01 ,4.14 , 14.26 , 0.80 , -0.50 , 358.59
2024-02-24 11:23:18,420 :- 00324: 182 , 04.40 , -0.00 || 1708753998, 17.602136263757 , 78.126601748592, 0.01 , 0.01 ,4.14 , 15.14 , 0.85 , -0.42 , 358.58
2024-02-24 11:23:18,451 :- 00325: 185 , 04.40 , -0.00 || 1708753998, 17.602137461719 , 78.126601732084, 0.01 , 0.01 ,5.02 , 13.32 , 0.86 , -0.34 , 358.58
2024-02-24 11:23:18,481 :- 00326: 188 , 04.50 , -0.00 || 1708753998, 17.602137461719 , 78.126601732084, 0.01 , 0.01 ,5.02 , 11.95 , 0.85 , 0.02 , 358.57
2024-02-24 11:23:18,510 :- 00327: 191 , 04.60 , -0.00 || 1708753998, 17.602137461719 , 78.126601732084, 0.01 , 0.01 ,5.02 , 10.55 , 0.85 , 0.18 , 358.57
2024-02-24 11:23:18,540 :- 00328: 194 , 04.70 , -0.00 || 1708753998, 17.602138811452 , 78.126601721307, 0.01 , 0.01 ,5.48 , 9.65 , 0.84 , 0.48 , 358.57
2024-02-24 11:23:18,570 :- 00329: 197 , 04.70 , -0.00 || 1708753998, 17.602138811452 , 78.126601721307, 0.01 , 0.01 ,5.48 , 8.48 , 0.83 , 0.59 , 358.57
2024-02-24 11:23:18,600 :- 00330: 200 , 04.80 , -0.00 || 1708753998, 17.602138811452 , 78.126601721307, 0.01 , 0.01 ,5.48 , 7.83 , 0.81 , 0.81 , 358.57
2024-02-24 11:23:18,630 :- 00331: 203 , 04.80 , -0.00 || 1708753998, 17.602138811452 , 78.126601721307, 0.01 , 0.01 ,4.94 , 7.62 , 0.82 , 0.88 , 358.57
2024-02-24 11:23:18,660 :- 00332: 206 , 04.80 , -0.00 || 1708753998, 17.602140111114 , 78.126601690047, 0.01 , 0.01 ,4.94 , 7.30 , 0.83 , 0.89 , 358.57
2024-02-24 11:23:18,690 :- 00333: 209 , 04.80 , -0.00 || 1708753998, 17.602140111114 , 78.126601690047, 0.01 , 0.01 ,4.94 , 7.36 , 0.84 , 0.87 , 358.57
2024-02-24 11:23:18,720 :- 00334: 212 , 04.80 , -0.00 || 1708753998, 17.602140111114 , 78.126601690047, 0.01 , 0.01 ,4.43 , 7.70 , 0.84 , 0.80 , 358.57
2024-02-24 11:23:18,750 :- 00335: 215 , 04.80 , -0.00 || 1708753998, 17.602141255648 , 78.126601684657, 0.01 , 0.01 ,4.43 , 8.17 , 0.85 , 0.73 , 358.57
2024-02-24 11:23:18,781 :- 00336: 218 , 04.70 , -0.00 || 1708753998, 17.602141255648 , 78.126601684657, 0.01 , 0.01 ,4.43 , 8.46 , 0.84 , 0.52 , 358.56
2024-02-24 11:23:18,810 :- 00337: 221 , 04.60 , -0.00 || 1708753998, 17.602141255648 , 78.126601684657, 0.01 , 0.01 ,4.43 , 9.01 , 0.84 , 0.43 , 358.56
2024-02-24 11:23:18,840 :- 00338: 224 , 04.60 , -0.00 || 1708753998, 17.602142343630 , 78.126601659856, 0.01 , 0.01 ,4.36 , 9.74 , 0.85 , 0.24 , 358.57
2024-02-24 11:23:18,870 :- 00339: 227 , 04.60 , -0.00 || 1708753998, 17.602142343630 , 78.126601659856, 0.01 , 0.01 ,4.36 , 10.23 , 0.86 , 0.14 , 358.57
2024-02-24 11:23:18,900 :- 00340: 230 , 04.50 , -0.00 || 1708753998, 17.602142343630 , 78.126601659856, 0.01 , 0.01 ,4.36 , 10.60 , 0.86 , -0.02 , 358.57
2024-02-24 11:23:18,930 :- 00341: 233 , 04.50 , -0.00 || 1708753998, 17.602142343630 , 78.126601659856, 0.01 , 0.01 ,4.61 , 10.98 , 0.86 , -0.07 , 358.57
2024-02-24 11:23:18,960 :- 00342: 236 , 04.50 , -0.00 || 1708753998, 17.602143476278 , 78.126601623696, 0.01 , 0.01 ,4.61 , 11.25 , 0.86 , -0.14 , 358.57
2024-02-24 11:23:18,990 :- 00343: 239 , 04.60 , -0.00 || 1708753998, 17.602143476278 , 78.126601623696, 0.01 , 0.01 ,4.61 , 11.19 , 0.86 , -0.16 , 358.58
2024-02-24 11:23:19,020 :- 00344: 242 , 04.60 , -0.00 || 1708753999, 17.602143476278 , 78.126601623696, 0.01 , 0.01 ,4.61 , 11.14 , 0.85 , -0.15 , 358.58
2024-02-24 11:23:19,050 :- 00345: 245 , 04.70 , -0.00 || 1708753999, 17.602143476278 , 78.126601623696, 0.01 , 0.01 ,5.11 , 10.94 , 0.85 , -0.13 , 358.58
2024-02-24 11:23:19,080 :- 00346: 248 , 04.80 , -0.00 || 1708753999, 17.602144718711 , 78.126601599014, 0.01 , 0.01 ,5.11 , 10.60 , 0.84 , -0.08 , 358.58
2024-02-24 11:23:19,110 :- 00347: 251 , 04.90 , -0.00 || 1708753999, 17.602144718711 , 78.126601599014, 0.01 , 0.01 ,5.11 , 10.24 , 0.84 , -0.05 , 358.58
2024-02-24 11:23:19,140 :- 00348: 254 , 05.00 , -0.00 || 1708753999, 17.602146071132 , 78.126601572034, 0.01 , 0.01 ,5.45 , 10.02 , 0.84 , 0.01 , 358.58
2024-02-24 11:23:19,170 :- 00349: 001 , 05.10 , -0.00 || 1708753999, 17.602146071132 , 78.126601572034, 0.01 , 0.01 ,5.45 , 9.75 , 0.85 , 0.05 , 358.58
2024-02-24 11:23:19,200 :- 00350: 004 , 05.30 , -0.00 || 1708753999, 17.602146071132 , 78.126601572034, 0.01 , 0.01 ,5.45 , 9.51 , 0.87 , 0.08 , 358.57
2024-02-24 11:23:19,230 :- 00351: 007 , 05.40 , -0.00 || 1708753999, 17.602146071132 , 78.126601572034, 0.01 , 0.01 ,5.77 , 9.33 , 0.88 , 0.10 , 358.57
2024-02-24 11:23:19,260 :- 00352: 010 , 05.50 , -0.00 || 1708753999, 17.602147512680 , 78.126601555575, 0.01 , 0.01 ,5.77 , 9.19 , 0.90 , 0.13 , 358.57
2024-02-24 11:23:19,290 :- 00353: 013 , 05.60 , -0.00 || 1708753999, 17.602147512680 , 78.126601555575, 0.01 , 0.01 ,5.77 , 9.16 , 0.90 , 0.12 , 358.57
2024-02-24 11:23:19,320 :- 00354: 016 , 05.70 , -0.00 || 1708753999, 17.602147512680 , 78.126601555575, 0.01 , 0.01 ,5.77 , 9.18 , 0.92 , 0.11 , 358.57
2024-02-24 11:23:19,350 :- 00355: 019 , 05.80 , -0.00 || 1708753999, 17.602149010839 , 78.126601539685, 0.01 , 0.01 ,6.01 , 9.29 , 0.93 , 0.09 , 358.57
2024-02-24 11:23:19,380 :- 00356: 022 , 05.90 , -0.00 || 1708753999, 17.602149010839 , 78.126601539685, 0.01 , 0.01 ,6.01 , 9.40 , 0.94 , 0.06 , 358.58
2024-02-24 11:23:19,410 :- 00357: 025 , 06.00 , -0.00 || 1708753999, 17.602149010839 , 78.126601539685, 0.01 , 0.01 ,6.01 , 9.33 , 0.94 , 0.02 , 358.58
2024-02-24 11:23:19,440 :- 00358: 028 , 06.10 , -0.00 || 1708753999, 17.602150592295 , 78.126601513719, 0.01 , 0.01 ,6.46 , 9.56 , 0.94 , -0.03 , 358.58
2024-02-24 11:23:19,470 :- 00359: 031 , 06.20 , -0.00 || 1708753999, 17.602150592295 , 78.126601513719, 0.01 , 0.01 ,6.46 , 9.70 , 0.95 , -0.06 , 358.58
2024-02-24 11:23:19,500 :- 00360: 034 , 06.30 , -0.00 || 1708753999, 17.602150592295 , 78.126601513719, 0.01 , 0.01 ,6.46 , 9.80 , 0.94 , -0.14 , 358.57
2024-02-24 11:23:19,530 :- 00361: 037 , 06.40 , -0.00 || 1708753999, 17.602150592295 , 78.126601513719, 0.01 , 0.01 ,6.82 , 10.00 , 0.94 , -0.15 , 358.57
2024-02-24 11:23:19,560 :- 00362: 040 , 06.50 , -0.00 || 1708753999, 17.602152269942 , 78.126601483471, 0.01 , 0.01 ,6.82 , 10.26 , 0.93 , -0.20 , 358.57
2024-02-24 11:23:19,590 :- 00363: 043 , 06.70 , -0.00 || 1708753999, 17.602152269942 , 78.126601483471, 0.01 , 0.01 ,6.82 , 10.28 , 0.93 , -0.22 , 358.57
2024-02-24 11:23:19,620 :- 00364: 046 , 06.80 , -0.00 || 1708753999, 17.602152269942 , 78.126601483471, 0.01 , 0.01 ,6.82 , 10.36 , 0.93 , -0.23 , 358.56
2024-02-24 11:23:19,650 :- 00365: 049 , 07.00 , -0.00 || 1708753999, 17.602154080951 , 78.126601430546, 0.01 , 0.01 ,7.35 , 10.25 , 0.93 , -0.24 , 358.56
2024-02-24 11:23:19,680 :- 00366: 052 , 07.10 , -0.00 || 1708753999, 17.602154080951 , 78.126601430546, 0.01 , 0.01 ,7.35 , 10.25 , 0.94 , -0.22 , 358.57
2024-02-24 11:23:19,711 :- 00367: 055 , 07.30 , -0.00 || 1708753999, 17.602154080951 , 78.126601430546, 0.01 , 0.01 ,7.35 , 10.30 , 0.94 , -0.22 , 358.57
2024-02-24 11:23:19,740 :- 00368: 058 , 07.40 , -0.00 || 1708753999, 17.602156037870 , 78.126601396562, 0.01 , 0.01 ,7.87 , 10.35 , 0.95 , -0.17 , 358.58
2024-02-24 11:23:19,770 :- 00369: 061 , 07.60 , -0.00 || 1708753999, 17.602156037870 , 78.126601396562, 0.01 , 0.01 ,7.87 , 9.90 , 0.94 , -0.16 , 358.58
2024-02-24 11:23:19,800 :- 00370: 064 , 07.80 , -0.00 || 1708753999, 17.602156037870 , 78.126601396562, 0.01 , 0.01 ,7.87 , 9.53 , 0.93 , -0.14 , 358.58
2024-02-24 11:23:19,830 :- 00371: 067 , 07.90 , -0.00 || 1708753999, 17.602156037870 , 78.126601396562, 0.01 , 0.01 ,8.54 , 9.50 , 0.94 , -0.12 , 358.58
2024-02-24 11:23:19,860 :- 00372: 070 , 08.10 , -0.00 || 1708753999, 17.602158146845 , 78.126601358728, 0.01 , 0.01 ,8.54 , 9.59 , 0.96 , -0.12 , 358.58
2024-02-24 11:23:19,890 :- 00373: 073 , 08.30 , -0.00 || 1708753999, 17.602158146845 , 78.126601358728, 0.01 , 0.01 ,8.54 , 9.43 , 0.97 , -0.11 , 358.58
2024-02-24 11:23:19,920 :- 00374: 076 , 08.40 , -0.00 || 1708753999, 17.602158146845 , 78.126601358728, 0.01 , 0.01 ,8.54 , 9.49 , 0.99 , -0.12 , 358.57
2024-02-24 11:23:19,950 :- 00375: 079 , 08.60 , -0.00 || 1708753999, 17.602160373304 , 78.126601321756, 0.01 , 0.01 ,8.92 , 9.58 , 1.00 , -0.11 , 358.57
2024-02-24 11:23:19,980 :- 00376: 082 , 08.70 , -0.00 || 1708753999, 17.602160373304 , 78.126601321756, 0.01 , 0.01 ,8.92 , 9.70 , 1.00 , -0.13 , 358.57
2024-02-24 11:23:20,010 :- 00377: 085 , 08.90 , -0.00 || 1708753999, 17.602160373304 , 78.126601321756, 0.01 , 0.01 ,8.92 , 9.70 , 0.99 , -0.13 , 358.58
2024-02-24 11:23:20,041 :- 00378: 088 , 09.00 , -0.00 || 1708754000, 17.602160373304 , 78.126601321756, 0.01 , 0.01 ,9.52 , 9.75 , 0.96 , -0.16 , 358.58
2024-02-24 11:23:20,070 :- 00379: 091 , 09.20 , -0.00 || 1708754000, 17.602162733569 , 78.126601279208, 0.01 , 0.01 ,9.52 , 9.73 , 0.95 , -0.17 , 358.58
2024-02-24 11:23:20,100 :- 00380: 094 , 09.30 , -0.00 || 1708754000, 17.602162733569 , 78.126601279208, 0.01 , 0.01 ,9.52 , 9.80 , 0.91 , -0.19 , 358.58
2024-02-24 11:23:20,130 :- 00381: 097 , 09.50 , -0.00 || 1708754000, 17.602162733569 , 78.126601279208, 0.01 , 0.01 ,9.93 , 9.94 , 0.90 , -0.22 , 358.58
2024-02-24 11:23:20,160 :- 00382: 100 , 09.60 , -0.00 || 1708754000, 17.602165202362 , 78.126601197829, 0.01 , 0.01 ,9.93 , 9.97 , 0.87 , -0.23 , 358.57
2024-02-24 11:23:20,190 :- 00383: 103 , 09.80 , -0.00 || 1708754000, 17.602165202362 , 78.126601197829, 0.01 , 0.01 ,9.93 , 9.92 , 0.86 , -0.25 , 358.56
2024-02-24 11:23:20,220 :- 00384: 106 , 10.00 , -0.00 || 1708754000, 17.602165202362 , 78.126601197829, 0.01 , 0.01 ,9.93 , 10.12 , 0.87 , -0.24 , 358.54
2024-02-24 11:23:20,250 :- 00385: 106 , 10.00 , -0.00 || 1708754000, 17.602165202362 , 78.126601197829, 0.01 , 0.01 ,9.93 , 10.12 , 0.87 , -0.24 , 358.541708754000, 17.602167825721 , 78.126601129269, 0.01 , 0.01 ,10.64 , 10.03 , 0.87 , -0.24 , 358.54
2024-02-24 11:23:20,270 :- 00386: 106 , 10.00 , -0.00 || 1708754000, 17.602165202362 , 78.126601197829, 0.01 , 0.01 ,9.93 , 10.12 , 0.87 , -0.24 , 358.541708754000, 17.602167825721 , 78.126601129269, 0.01 , 0.01 ,10.64 , 10.03 , 0.87 , -0.24 , 358.541708754000, 17.602167825721 , 78.126601129269, 0.01 , 0.01 ,10.64 , 9.91 , 0.87 , -0.23 , 358.53
2024-02-24 11:23:20,300 :- 00387: 114 , 10.40 , -0.00 || 1708754000, 17.602167825721 , 78.126601129269, 0.01 , 0.01 ,10.64 , 9.74 , 0.87 , -0.21 , 358.53
2024-02-24 11:23:20,330 :- 00388: 117 , 10.60 , -0.00 || 1708754000, 17.602167825721 , 78.126601129269, 0.01 , 0.01 ,11.20 , 9.90 , 0.88 , -0.20 , 358.53
2024-02-24 11:23:20,360 :- 00389: 120 , 10.70 , -0.00 || 1708754000, 17.602170595882 , 78.126601080594, 0.01 , 0.01 ,11.20 , 9.96 , 0.90 , -0.17 , 358.53
2024-02-24 11:23:20,390 :- 00390: 123 , 10.90 , -0.00 || 1708754000, 17.602170595882 , 78.126601080594, 0.01 , 0.01 ,11.20 , 9.85 , 0.92 , -0.17 , 358.53
2024-02-24 11:23:20,420 :- 00391: 126 , 11.00 , -0.00 || 1708754000, 17.602170595882 , 78.126601080594, 0.01 , 0.01 ,11.20 , 9.81 , 0.95 , -0.15 , 358.53
2024-02-24 11:23:20,450 :- 00392: 129 , 11.20 , -0.00 || 1708754000, 17.602173516963 , 78.126601055280, 0.01 , 0.01 ,11.75 , 9.78 , 0.97 , -0.14 , 358.53
2024-02-24 11:23:20,480 :- 00393: 132 , 11.40 , -0.00 || 1708754000, 17.602173516963 , 78.126601055280, 0.01 , 0.01 ,11.75 , 9.63 , 1.00 , -0.15 , 358.53
2024-02-24 11:23:20,510 :- 00394: 135 , 11.60 , -0.00 || 1708754000, 17.602173516963 , 78.126601055280, 0.01 , 0.01 ,11.75 , 9.73 , 1.01 , -0.15 , 358.53
2024-02-24 11:23:20,540 :- 00395: 138 , 11.70 , -0.00 || 1708754000, 17.602176559304 , 78.126600998802, 0.01 , 0.01 ,12.26 , 9.68 , 1.02 , -0.18 , 358.53
2024-02-24 11:23:20,570 :- 00396: 141 , 11.90 , -0.00 || 1708754000, 17.602176559304 , 78.126600998802, 0.01 , 0.01 ,12.26 , 9.60 , 1.02 , -0.19 , 358.52
2024-02-24 11:23:20,600 :- 00397: 144 , 12.10 , -0.00 || 1708754000, 17.602176559304 , 78.126600998802, 0.01 , 0.01 ,12.26 , 9.63 , 1.01 , -0.22 , 358.52
2024-02-24 11:23:20,630 :- 00398: 147 , 12.20 , -0.00 || 1708754000, 17.602176559304 , 78.126600998802, 0.01 , 0.01 ,12.75 , 10.02 , 1.01 , -0.24 , 358.51
2024-02-24 11:23:20,660 :- 00399: 150 , 12.40 , -0.00 || 1708754000, 17.602179730533 , 78.126600942546, 0.01 , 0.01 ,12.75 , 10.11 , 0.99 , -0.27 , 358.51
2024-02-24 11:23:20,690 :- 00400: 153 , 12.60 , -0.00 || 1708754000, 17.602179730533 , 78.126600942546, 0.01 , 0.01 ,12.75 , 9.76 , 0.98 , -0.28 , 358.51
2024-02-24 11:23:20,720 :- 00401: 156 , 12.70 , -0.00 || 1708754000, 17.602179730533 , 78.126600942546, 0.01 , 0.01 ,12.75 , 9.85 , 0.96 , -0.30 , 358.50
2024-02-24 11:23:20,750 :- 00402: 159 , 12.90 , -0.00 || 1708754000, 17.602183052053 , 78.126600852722, 0.01 , 0.01 ,13.39 , 10.02 , 0.95 , -0.31 , 358.49
2024-02-24 11:23:20,780 :- 00403: 162 , 13.00 , -0.00 || 1708754000, 17.602183052053 , 78.126600852722, 0.01 , 0.01 ,13.39 , 10.22 , 0.90 , -0.31 , 358.48
2024-02-24 11:23:20,810 :- 00404: 165 , 13.20 , -0.00 || 1708754000, 17.602183052053 , 78.126600852722, 0.01 , 0.01 ,13.39 , 10.06 , 0.86 , -0.30 , 358.47
2024-02-24 11:23:20,840 :- 00405: 168 , 13.40 , -0.00 || 1708754000, 17.602186465303 , 78.126600685853, 0.01 , 0.01 ,13.96 , 10.23 , 0.79 , -0.28 , 358.47
2024-02-24 11:23:20,870 :- 00406: 171 , 13.50 , -0.00 || 1708754000, 17.602186465303 , 78.126600685853, 0.01 , 0.01 ,13.96 , 9.72 , 0.76 , -0.26 , 358.47
2024-02-24 11:23:20,900 :- 00407: 174 , 13.70 , -0.00 || 1708754000, 17.602186465303 , 78.126600685853, 0.01 , 0.01 ,13.96 , 9.25 , 0.70 , -0.22 , 358.47
2024-02-24 11:23:20,930 :- 00408: 177 , 13.90 , -0.00 || 1708754000, 17.602186465303 , 78.126600685853, 0.01 , 0.01 ,14.53 , 9.24 , 0.68 , -0.23 , 358.47
2024-02-24 11:23:20,960 :- 00409: 180 , 14.10 , -0.00 || 1708754000, 17.602190083895 , 78.126600551669, 0.01 , 0.01 ,14.53 , 9.66 , 0.67 , -0.20 , 358.46
2024-02-24 11:23:20,990 :- 00410: 183 , 14.20 , -0.00 || 1708754000, 17.602190083895 , 78.126600551669, 0.01 , 0.01 ,14.53 , 9.28 , 0.66 , -0.20 , 358.45
2024-02-24 11:23:21,020 :- 00411: 186 , 14.40 , -0.00 || 1708754001, 17.602190083895 , 78.126600551669, 0.01 , 0.01 ,14.53 , 9.43 , 0.63 , -0.24 , 358.45
2024-02-24 11:23:21,050 :- 00412: 189 , 14.60 , -0.00 || 1708754001, 17.602190083895 , 78.126600551669, 0.01 , 0.01 ,15.05 , 9.72 , 0.63 , -0.25 , 358.45
2024-02-24 11:23:21,080 :- 00413: 192 , 14.70 , -0.00 || 1708754001, 17.602193839249 , 78.126600452288, 0.01 , 0.01 ,15.05 , 9.94 , 0.61 , -0.30 , 358.44
2024-02-24 11:23:21,110 :- 00414: 195 , 14.90 , -0.00 || 1708754001, 17.602193839249 , 78.126600452288, 0.01 , 0.01 ,15.05 , 9.88 , 0.60 , -0.34 , 358.44
2024-02-24 11:23:21,140 :- 00415: 198 , 15.00 , -0.00 || 1708754001, 17.602197696129 , 78.126600355794, 0.01 , 0.01 ,15.48 , 10.31 , 0.62 , -0.41 , 358.44
2024-02-24 11:23:21,170 :- 00416: 201 , 15.20 , -0.00 || 1708754001, 17.602197696129 , 78.126600355794, 0.01 , 0.01 ,15.48 , 10.51 , 0.64 , -0.41 , 358.44
2024-02-24 11:23:21,200 :- 00417: 204 , 15.40 , -0.00 || 1708754001, 17.602197696129 , 78.126600355794, 0.01 , 0.01 ,15.48 , 10.30 , 0.62 , -0.47 , 358.43
2024-02-24 11:23:21,230 :- 00418: 207 , 15.50 , -0.00 || 1708754001, 17.602197696129 , 78.126600355794, 0.01 , 0.01 ,16.20 , 10.48 , 0.62 , -0.46 , 358.43
2024-02-24 11:23:21,260 :- 00419: 210 , 15.70 , -0.00 || 1708754001, 17.602201717461 , 78.126600274400, 0.01 , 0.01 ,16.20 , 10.16 , 0.60 , -0.43 , 358.42
2024-02-24 11:23:21,290 :- 00420: 213 , 15.90 , -0.00 || 1708754001, 17.602201717461 , 78.126600274400, 0.01 , 0.01 ,16.20 , 9.65 , 0.57 , -0.43 , 358.42
2024-02-24 11:23:21,320 :- 00421: 216 , 16.10 , -0.00 || 1708754001, 17.602201717461 , 78.126600274400, 0.01 , 0.01 ,16.20 , 10.03 , 0.55 , -0.41 , 358.42
2024-02-24 11:23:21,351 :- 00422: 219 , 16.30 , -0.00 || 1708754001, 17.602205909969 , 78.126600160534, 0.01 , 0.01 ,16.82 , 9.47 , 0.53 , -0.37 , 358.42
2024-02-24 11:23:21,380 :- 00423: 222 , 16.40 , -0.00 || 1708754001, 17.602205909969 , 78.126600160534, 0.01 , 0.01 ,16.82 , 9.64 , 0.48 , -0.39 , 358.42
2024-02-24 11:23:21,410 :- 00424: 225 , 16.60 , -0.00 || 1708754001, 17.602205909969 , 78.126600160534, 0.01 , 0.01 ,16.82 , 9.14 , 0.46 , -0.38 , 358.42
2024-02-24 11:23:21,440 :- 00425: 228 , 16.80 , -0.00 || 1708754001, 17.602210245514 , 78.126600029917, 0.01 , 0.01 ,17.41 , 9.28 , 0.44 , -0.37 , 358.42
2024-02-24 11:23:21,470 :- 00426: 231 , 16.90 , -0.00 || 1708754001, 17.602210245514 , 78.126600029917, 0.01 , 0.01 ,17.41 , 9.20 , 0.42 , -0.40 , 358.43
2024-02-24 11:23:21,500 :- 00427: 234 , 17.10 , -0.00 || 1708754001, 17.602210245514 , 78.126600029917, 0.01 , 0.01 ,17.41 , 9.39 , 0.43 , -0.42 , 358.43
2024-02-24 11:23:21,530 :- 00428: 234 , 17.10 , -0.00 || 1708754001, 17.602210245514 , 78.126600029917, 0.01 , 0.01 ,17.41 , 9.39 , 0.43 , -0.42 , 358.431708754001, 17.602210245514 , 78.126600029917, 0.01 , 0.01 ,17.82 , 9.72 , 0.43 , -0.45 , 358.42
2024-02-24 11:23:21,550 :- 00429: 239 , 17.30 , -0.00 || 1708754001, 17.602214698119 , 78.126599899146, 0.01 , 0.01 ,17.82 , 10.21 , 0.43 , -0.49 , 358.42
2024-02-24 11:23:21,580 :- 00430: 242 , 17.40 , -0.00 || 1708754001, 17.602214698119 , 78.126599899146, 0.01 , 0.01 ,17.82 , 10.19 , 0.41 , -0.53 , 358.41
2024-02-24 11:23:21,610 :- 00431: 245 , 17.60 , -0.00 || 1708754001, 17.602214698119 , 78.126599899146, 0.01 , 0.01 ,17.82 , 10.55 , 0.41 , -0.55 , 358.41
2024-02-24 11:23:21,640 :- 00432: 248 , 17.80 , -0.00 || 1708754001, 17.602219279356 , 78.126599800018, 0.01 , 0.01 ,18.42 , 10.15 , 0.42 , -0.57 , 358.39
2024-02-24 11:23:21,670 :- 00433: 251 , 17.90 , -0.00 || 1708754001, 17.602219279356 , 78.126599800018, 0.01 , 0.01 ,18.42 , 10.31 , 0.43 , -0.58 , 358.39
2024-02-24 11:23:21,700 :- 00434: 254 , 18.10 , -0.00 || 1708754001, 17.602219279356 , 78.126599800018, 0.01 , 0.01 ,18.42 , 10.22 , 0.49 , -0.56 , 358.39
2024-02-24 11:23:21,730 :- 00435: 001 , 18.30 , -0.00 || 1708754001, 17.602219279356 , 78.126599800018, 0.01 , 0.01 ,19.06 , 9.97 , 0.50 , -0.55 , 358.39
2024-02-24 11:23:21,760 :- 00436: 004 , 18.50 , -0.00 || 1708754001, 17.602224019712 , 78.126599700492, 0.01 , 0.01 ,19.06 , 10.50 , 0.56 , -0.51 , 358.39
2024-02-24 11:23:21,790 :- 00437: 007 , 18.70 , -0.00 || 1708754001, 17.602224019712 , 78.126599700492, 0.01 , 0.01 ,19.06 , 9.82 , 0.57 , -0.48 , 358.40
2024-02-24 11:23:21,820 :- 00438: 010 , 18.90 , -0.00 || 1708754001, 17.602224019712 , 78.126599700492, 0.01 , 0.01 ,19.06 , 9.55 , 0.55 , -0.42 , 358.41
2024-02-24 11:23:21,850 :- 00439: 013 , 19.00 , -0.00 || 1708754001, 17.602228951921 , 78.126599610840, 0.01 , 0.01 ,19.78 , 9.66 , 0.58 , -0.40 , 358.41
2024-02-24 11:23:21,880 :- 00440: 016 , 19.20 , -0.00 || 1708754001, 17.602228951921 , 78.126599610840, 0.01 , 0.01 ,19.78 , 9.69 , 0.58 , -0.32 , 358.41
2024-02-24 11:23:21,910 :- 00441: 019 , 19.30 , -0.00 || 1708754001, 17.602228951921 , 78.126599610840, 0.01 , 0.01 ,19.78 , 9.47 , 0.58 , -0.31 , 358.41
2024-02-24 11:23:21,940 :- 00442: 022 , 19.50 , -0.00 || 1708754001, 17.602234018929 , 78.126599490850, 0.01 , 0.01 ,20.33 , 9.34 , 0.56 , -0.23 , 358.40
2024-02-24 11:23:21,970 :- 00443: 025 , 19.60 , -0.00 || 1708754001, 17.602234018929 , 78.126599490850, 0.01 , 0.01 ,20.33 , 9.62 , 0.57 , -0.20 , 358.39
2024-02-24 11:23:22,000 :- 00444: 028 , 19.80 , -0.00 || 1708754001, 17.602234018929 , 78.126599490850, 0.01 , 0.01 ,20.33 , 9.70 , 0.54 , -0.18 , 358.37
2024-02-24 11:23:22,030 :- 00445: 031 , 19.90 , -0.00 || 1708754002, 17.602234018929 , 78.126599490850, 0.01 , 0.01 ,20.33 , 9.96 , 0.55 , -0.14 , 358.37
2024-02-24 11:23:22,060 :- 00446: 034 , 20.10 , -0.00 || 1708754002, 17.602239206203 , 78.126599357109, 0.01 , 0.01 ,20.79 , 9.76 , 0.52 , -0.13 , 358.36
2024-02-24 11:23:22,090 :- 00447: 037 , 20.20 , -0.00 || 1708754002, 17.602239206203 , 78.126599357109, 0.01 , 0.01 ,20.79 , 9.89 , 0.52 , -0.11 , 358.35
2024-02-24 11:23:22,120 :- 00448: 040 , 20.40 , -0.00 || 1708754002, 17.602239206203 , 78.126599357109, 0.01 , 0.01 ,20.79 , 9.96 , 0.53 , -0.09 , 358.35
2024-02-24 11:23:22,150 :- 00449: 043 , 20.50 , -0.00 || 1708754002, 17.602244507090 , 78.126599220506, 0.01 , 0.01 ,21.27 , 9.77 , 0.55 , -0.07 , 358.34
2024-02-24 11:23:22,180 :- 00450: 046 , 20.70 , -0.00 || 1708754002, 17.602244507090 , 78.126599220506, 0.01 , 0.01 ,21.27 , 9.68 , 0.59 , -0.04 , 358.33
2024-02-24 11:23:22,210 :- 00451: 049 , 20.80 , -0.00 || 1708754002, 17.602244507090 , 78.126599220506, 0.01 , 0.01 ,21.27 , 10.07 , 0.63 , -0.02 , 358.32
2024-02-24 11:23:22,240 :- 00452: 052 , 21.00 , -0.00 || 1708754002, 17.602249928146 , 78.126599117739, 0.01 , 0.01 ,21.72 , 9.44 , 0.69 , 0.03 , 358.30
2024-02-24 11:23:22,270 :- 00453: 055 , 21.10 , -0.00 || 1708754002, 17.602249928146 , 78.126599117739, 0.01 , 0.01 ,21.72 , 9.85 , 0.72 , 0.03 , 358.30
2024-02-24 11:23:22,300 :- 00454: 058 , 21.20 , -0.00 || 1708754002, 17.602249928146 , 78.126599117739, 0.01 , 0.01 ,21.72 , 9.36 , 0.74 , 0.05 , 358.28
2024-02-24 11:23:22,330 :- 00455: 061 , 21.40 , -0.00 || 1708754002, 17.602249928146 , 78.126599117739, 0.01 , 0.01 ,22.07 , 9.45 , 0.75 , 0.06 , 358.28
2024-02-24 11:23:22,360 :- 00456: 064 , 21.50 , -0.00 || 1708754002, 17.602255443493 , 78.126599037993, 0.01 , 0.01 ,22.07 , 9.40 , 0.76 , 0.05 , 358.27
2024-02-24 11:23:22,390 :- 00457: 067 , 21.60 , -0.00 || 1708754002, 17.602255443493 , 78.126599037993, 0.01 , 0.01 ,22.07 , 10.24 , 0.78 , 0.05 , 358.27
2024-02-24 11:23:22,420 :- 00458: 070 , 21.70 , -0.00 || 1708754002, 17.602255443493 , 78.126599037993, 0.01 , 0.01 ,22.07 , 9.83 , 0.80 , 0.03 , 358.27
2024-02-24 11:23:22,450 :- 00459: 073 , 21.80 , -0.00 || 1708754002, 17.602261036772 , 78.126598907857, 0.01 , 0.01 ,22.34 , 9.99 , 0.80 , 0.03 , 358.27
2024-02-24 11:23:22,480 :- 00460: 076 , 21.90 , -0.00 || 1708754002, 17.602261036772 , 78.126598907857, 0.01 , 0.01 ,22.34 , 9.93 , 0.81 , 0.03 , 358.28
2024-02-24 11:23:22,510 :- 00461: 079 , 22.00 , -0.00 || 1708754002, 17.602261036772 , 78.126598907857, 0.01 , 0.01 ,22.34 , 10.11 , 0.82 , 0.02 , 358.28
2024-02-24 11:23:22,540 :- 00462: 082 , 22.10 , -0.00 || 1708754002, 17.602266708394 , 78.126598750404, 0.01 , 0.01 ,22.66 , 9.69 , 0.84 , 0.03 , 358.28
2024-02-24 11:23:22,570 :- 00463: 085 , 22.20 , -0.00 || 1708754002, 17.602266708394 , 78.126598750404, 0.01 , 0.01 ,22.66 , 9.81 , 0.82 , 0.03 , 358.27
2024-02-24 11:23:22,600 :- 00464: 088 , 22.20 , -0.00 || 1708754002, 17.602266708394 , 78.126598750404, 0.01 , 0.01 ,22.66 , 10.05 , 0.81 , 0.05 , 358.26
2024-02-24 11:23:22,630 :- 00465: 091 , 22.30 , -0.00 || 1708754002, 17.602266708394 , 78.126598750404, 0.01 , 0.01 ,23.01 , 10.03 , 0.81 , 0.07 , 358.25
2024-02-24 11:23:22,660 :- 00466: 094 , 22.40 , -0.00 || 1708754002, 17.602272463854 , 78.126598601111, 0.01 , 0.01 ,23.01 , 9.76 , 0.79 , 0.11 , 358.23
2024-02-24 11:23:22,690 :- 00467: 097 , 22.50 , -0.00 || 1708754002, 17.602272463854 , 78.126598601111, 0.01 , 0.01 ,23.01 , 9.71 , 0.81 , 0.13 , 358.23
2024-02-24 11:23:22,720 :- 00468: 100 , 22.50 , -0.00 || 1708754002, 17.602272463854 , 78.126598601111, 0.01 , 0.01 ,23.01 , 10.08 , 0.84 , 0.17 , 358.22
2024-02-24 11:23:22,750 :- 00469: 103 , 22.60 , -0.00 || 1708754002, 17.602278301458 , 78.126598459734, 0.01 , 0.01 ,23.32 , 9.68 , 0.85 , 0.19 , 358.22
2024-02-24 11:23:22,780 :- 00470: 106 , 22.60 , -0.00 || 1708754002, 17.602278301458 , 78.126598459734, 0.01 , 0.01 ,23.32 , 10.06 , 0.89 , 0.22 , 358.22
2024-02-24 11:23:22,810 :- 00471: 106 , 22.60 , -0.00 || 1708754002, 17.602278301458 , 78.126598459734, 0.01 , 0.01 ,23.32 , 10.06 , 0.89 , 0.22 , 358.221708754002, 17.602278301458 , 78.126598459734, 0.01 , 0.01 ,23.32 , 9.80 , 0.91 , 0.24 , 358.21
2024-02-24 11:23:22,830 :- 00472: 111 , 22.80 , -0.00 || 1708754002, 17.602278301458 , 78.126598459734, 0.01 , 0.01 ,23.56 , 9.75 , 0.92 , 0.26 , 358.21
2024-02-24 11:23:22,860 :- 00473: 114 , 22.80 , -0.00 || 1708754002, 17.602284192465 , 78.126598318356, 0.01 , 0.01 ,23.56 , 10.18 , 0.95 , 0.31 , 358.20
2024-02-24 11:23:22,890 :- 00474: 117 , 22.90 , -0.00 || 1708754002, 17.602284192465 , 78.126598318356, 0.01 , 0.01 ,23.56 , 9.46 , 0.96 , 0.31 , 358.19
2024-02-24 11:23:22,920 :- 00475: 120 , 23.00 , -0.00 || 1708754002, 17.602284192465 , 78.126598318356, 0.01 , 0.01 ,23.56 , 9.54 , 0.96 , 0.37 , 358.17
2024-02-24 11:23:22,950 :- 00476: 123 , 23.10 , -0.00 || 1708754002, 17.602290118013 , 78.126598190886, 0.01 , 0.01 ,23.68 , 9.50 , 1.00 , 0.37 , 358.16
2024-02-24 11:23:22,980 :- 00477: 126 , 23.10 , -0.00 || 1708754002, 17.602290118013 , 78.126598190886, 0.01 , 0.01 ,23.68 , 9.61 , 1.05 , 0.35 , 358.15
2024-02-24 11:23:23,010 :- 00478: 129 , 23.20 , -0.00 || 1708754002, 17.602290118013 , 78.126598190886, 0.01 , 0.01 ,23.68 , 9.36 , 1.09 , 0.38 , 358.15
2024-02-24 11:23:23,040 :- 00479: 132 , 23.20 , -0.00 || 1708754003, 17.602290118013 , 78.126598190886, 0.01 , 0.01 ,23.68 , 9.50 , 1.16 , 0.34 , 358.16
2024-02-24 11:23:23,070 :- 00480: 135 , 23.30 , -0.00 || 1708754003, 17.602296102361 , 78.126598065517, 0.01 , 0.01 ,23.92 , 10.16 , 1.20 , 0.34 , 358.17
2024-02-24 11:23:23,100 :- 00481: 138 , 23.40 , -0.00 || 1708754003, 17.602296102361 , 78.126598065517, 0.01 , 0.01 ,23.92 , 9.20 , 1.24 , 0.33 , 358.16
2024-02-24 11:23:23,130 :- 00482: 141 , 23.40 , -0.00 || 1708754003, 17.602296102361 , 78.126598065517, 0.01 , 0.01 ,23.95 , 9.98 , 1.22 , 0.30 , 358.16
2024-02-24 11:23:23,160 :- 00483: 144 , 23.40 , -0.00 || 1708754003, 17.602302109728 , 78.126597943392, 0.01 , 0.01 ,23.95 , 9.97 , 1.25 , 0.29 , 358.15
2024-02-24 11:23:23,190 :- 00484: 147 , 23.50 , -0.00 || 1708754003, 17.602302109728 , 78.126597943392, 0.01 , 0.01 ,23.95 , 9.72 , 1.23 , 0.26 , 358.14
2024-02-24 11:23:23,220 :- 00485: 150 , 23.60 , -0.00 || 1708754003, 17.602302109728 , 78.126597943392, 0.01 , 0.01 ,23.95 , 10.22 , 1.20 , 0.24 , 358.13
2024-02-24 11:23:23,250 :- 00486: 153 , 23.70 , -0.00 || 1708754003, 17.602308167513 , 78.126597774482, 0.01 , 0.01 ,24.16 , 9.69 , 1.19 , 0.22 , 358.13
2024-02-24 11:23:23,280 :- 00487: 156 , 23.70 , -0.00 || 1708754003, 17.602308167513 , 78.126597774482, 0.01 , 0.01 ,24.16 , 10.27 , 1.19 , 0.21 , 358.13
2024-02-24 11:23:23,310 :- 00488: 159 , 23.80 , -0.00 || 1708754003, 17.602308167513 , 78.126597774482, 0.01 , 0.01 ,24.16 , 10.38 , 1.18 , 0.23 , 358.13
2024-02-24 11:23:23,340 :- 00489: 162 , 23.90 , -0.00 || 1708754003, 17.602314287557 , 78.126597588590, 0.01 , 0.02 ,24.48 , 9.21 , 1.18 , 0.19 , 358.13
2024-02-24 11:23:23,370 :- 00490: 165 , 23.90 , -0.00 || 1708754003, 17.602314287557 , 78.126597588590, 0.01 , 0.02 ,24.48 , 9.83 , 1.19 , 0.21 , 358.13
2024-02-24 11:23:23,400 :- 00491: 168 , 24.00 , -0.00 || 1708754003, 17.602314287557 , 78.126597588590, 0.01 , 0.02 ,24.48 , 9.62 , 1.19 , 0.20 , 358.10
2024-02-24 11:23:23,430 :- 00492: 171 , 24.00 , -0.00 || 1708754003, 17.602314287557 , 78.126597588590, 0.01 , 0.02 ,24.65 , 10.13 , 1.18 , 0.19 , 358.09
2024-02-24 11:23:23,460 :- 00493: 174 , 24.00 , -0.00 || 1708754003, 17.602320466331 , 78.126597416853, 0.01 , 0.02 ,24.65 , 10.14 , 1.18 , 0.21 , 358.07
2024-02-24 11:23:23,490 :- 00494: 177 , 24.10 , -0.00 || 1708754003, 17.602320466331 , 78.126597416853, 0.01 , 0.02 ,24.65 , 9.93 , 1.18 , 0.22 , 358.07
2024-02-24 11:23:23,520 :- 00495: 180 , 24.20 , -0.00 || 1708754003, 17.602320466331 , 78.126597416853, 0.01 , 0.02 ,24.65 , 9.90 , 1.17 , 0.23 , 358.06
2024-02-24 11:23:23,550 :- 00496: 183 , 24.20 , -0.00 || 1708754003, 17.602326678064 , 78.126597252380, 0.01 , 0.02 ,24.79 , 9.87 , 1.19 , 0.24 , 358.06
2024-02-24 11:23:23,580 :- 00497: 186 , 24.30 , -0.00 || 1708754003, 17.602326678064 , 78.126597252380, 0.01 , 0.02 ,24.79 , 9.81 , 1.19 , 0.28 , 358.07
2024-02-24 11:23:23,610 :- 00498: 189 , 24.30 , -0.00 || 1708754003, 17.602326678064 , 78.126597252380, 0.01 , 0.02 ,24.79 , 9.60 , 1.21 , 0.27 , 358.07
2024-02-24 11:23:23,640 :- 00499: 192 , 24.40 , -0.00 || 1708754003, 17.602332969056 , 78.126597072442, 0.01 , 0.02 ,25.14 , 9.69 , 1.23 , 0.30 , 358.07
2024-02-24 11:23:23,670 :- 00500: 195 , 24.40 , -0.00 || 1708754003, 17.602332969056 , 78.126597072442, 0.01 , 0.02 ,25.14 , 10.01 , 1.21 , 0.30 , 358.07
2024-02-24 11:23:23,700 :- 00501: 198 , 24.50 , -0.00 || 1708754003, 17.602332969056 , 78.126597072442, 0.01 , 0.02 ,25.14 , 9.70 , 1.19 , 0.31 , 358.05
2024-02-24 11:23:23,730 :- 00502: 201 , 24.60 , -0.00 || 1708754003, 17.602332969056 , 78.126597072442, 0.01 , 0.02 ,25.19 , 9.42 , 1.17 , 0.31 , 358.05
2024-02-24 11:23:23,760 :- 00503: 204 , 24.60 , -0.00 || 1708754003, 17.602339281963 , 78.126596876004, 0.01 , 0.02 ,25.19 , 9.88 , 1.16 , 0.30 , 358.04
2024-02-24 11:23:23,790 :- 00504: 207 , 24.70 , -0.00 || 1708754003, 17.602339281963 , 78.126596876004, 0.01 , 0.02 ,25.19 , 9.46 , 1.17 , 0.27 , 358.04
2024-02-24 11:23:23,820 :- 00505: 210 , 24.70 , -0.00 || 1708754003, 17.602339281963 , 78.126596876004, 0.01 , 0.02 ,25.19 , 9.87 , 1.18 , 0.25 , 358.04
2024-02-24 11:23:23,850 :- 00506: 213 , 24.80 , -0.00 || 1708754003, 17.602345618595 , 78.126596670921, 0.01 , 0.02 ,25.30 , 9.78 , 1.17 , 0.27 , 358.04
2024-02-24 11:23:23,880 :- 00507: 216 , 24.80 , -0.00 || 1708754003, 17.602345618595 , 78.126596670921, 0.01 , 0.02 ,25.30 , 10.20 , 1.17 , 0.22 , 358.04
2024-02-24 11:23:23,910 :- 00508: 219 , 24.80 , -0.00 || 1708754003, 17.602345618595 , 78.126596670921, 0.01 , 0.02 ,25.30 , 9.89 , 1.16 , 0.26 , 358.03
2024-02-24 11:23:23,940 :- 00509: 222 , 24.90 , -0.00 || 1708754003, 17.602352009438 , 78.126596482581, 0.01 , 0.02 ,25.59 , 9.88 , 1.14 , 0.27 , 358.02
2024-02-24 11:23:23,970 :- 00510: 225 , 24.90 , -0.00 || 1708754003, 17.602352009438 , 78.126596482581, 0.01 , 0.02 ,25.59 , 10.05 , 1.14 , 0.29 , 358.01
2024-02-24 11:23:24,000 :- 00511: 228 , 24.90 , -0.00 || 1708754003, 17.602352009438 , 78.126596482581, 0.01 , 0.02 ,25.59 , 9.85 , 1.13 , 0.31 , 358.01
2024-02-24 11:23:24,030 :- 00512: 231 , 25.00 , -0.00 || 1708754004, 17.602352009438 , 78.126596482581, 0.01 , 0.02 ,25.59 , 9.83 , 1.14 , 0.31 , 358.00
2024-02-24 11:23:24,060 :- 00513: 234 , 25.00 , -0.00 || 1708754004, 17.602358434146 , 78.126596288431, 0.01 , 0.02 ,25.67 , 9.73 , 1.13 , 0.37 , 358.00
2024-02-24 11:23:24,090 :- 00514: 234 , 25.00 , -0.00 || 1708754004, 17.602358434146 , 78.126596288431, 0.01 , 0.02 ,25.67 , 9.73 , 1.13 , 0.37 , 358.001708754004, 17.602358434146 , 78.126596288431, 0.01 , 0.02 ,25.67 , 10.77 , 1.17 , 0.38 , 358.00
2024-02-24 11:23:24,110 :- 00515: 239 , 25.00 , -0.00 || 1708754004, 17.602358434146 , 78.126596288431, 0.01 , 0.02 ,25.67 , 10.27 , 1.18 , 0.39 , 358.00
2024-02-24 11:23:24,140 :- 00516: 242 , 25.00 , -0.00 || 1708754004, 17.602364875105 , 78.126596096908, 0.01 , 0.02 ,25.66 , 9.75 , 1.17 , 0.42 , 357.99
2024-02-24 11:23:24,170 :- 00517: 245 , 25.10 , -0.00 || 1708754004, 17.602364875105 , 78.126596096908, 0.01 , 0.02 ,25.66 , 9.13 , 1.17 , 0.46 , 357.99
2024-02-24 11:23:24,200 :- 00518: 248 , 25.00 , -0.00 || 1708754004, 17.602364875105 , 78.126596096908, 0.01 , 0.02 ,25.66 , 10.32 , 1.23 , 0.47 , 357.98
2024-02-24 11:23:24,230 :- 00519: 251 , 25.10 , -0.00 || 1708754004, 17.602364875105 , 78.126596096908, 0.01 , 0.02 ,25.61 , 9.06 , 1.22 , 0.45 , 357.98
2024-02-24 11:23:24,260 :- 00520: 254 , 25.10 , -0.00 || 1708754004, 17.602371309333 , 78.126595913134, 0.01 , 0.02 ,25.61 , 9.55 , 1.22 , 0.48 , 357.98
2024-02-24 11:23:24,290 :- 00521: 001 , 25.00 , -0.00 || 1708754004, 17.602371309333 , 78.126595913134, 0.01 , 0.02 ,25.61 , 9.91 , 1.25 , 0.50 , 357.97
2024-02-24 11:23:24,320 :- 00522: 004 , 25.00 , -0.00 || 1708754004, 17.602371309333 , 78.126595913134, 0.01 , 0.02 ,25.61 , 9.85 , 1.28 , 0.48 , 357.97
2024-02-24 11:23:24,350 :- 00523: 007 , 25.00 , -0.00 || 1708754004, 17.602377709507 , 78.126595739730, 0.01 , 0.02 ,25.50 , 9.36 , 1.27 , 0.49 , 357.97
2024-02-24 11:23:24,380 :- 00524: 010 , 24.90 , -0.00 || 1708754004, 17.602377709507 , 78.126595739730, 0.01 , 0.02 ,25.50 , 9.87 , 1.30 , 0.50 , 357.98
2024-02-24 11:23:24,410 :- 00525: 013 , 24.90 , -0.00 || 1708754004, 17.602377709507 , 78.126595739730, 0.01 , 0.02 ,25.50 , 9.91 , 1.34 , 0.51 , 357.97
2024-02-24 11:23:24,440 :- 00526: 016 , 24.80 , -0.00 || 1708754004, 17.602384093086 , 78.126595559105, 0.01 , 0.02 ,25.40 , 9.87 , 1.33 , 0.47 , 357.97
2024-02-24 11:23:24,470 :- 00527: 019 , 24.80 , -0.00 || 1708754004, 17.602384093086 , 78.126595559105, 0.01 , 0.02 ,25.40 , 9.93 , 1.34 , 0.48 , 357.97
2024-02-24 11:23:24,500 :- 00528: 022 , 24.80 , -0.00 || 1708754004, 17.602384093086 , 78.126595559105, 0.01 , 0.02 ,25.40 , 10.22 , 1.35 , 0.53 , 357.96
2024-02-24 11:23:24,530 :- 00529: 025 , 24.70 , -0.00 || 1708754004, 17.602384093086 , 78.126595559105, 0.01 , 0.02 ,25.33 , 9.97 , 1.35 , 0.53 , 357.96
2024-02-24 11:23:24,560 :- 00530: 028 , 24.70 , -0.00 || 1708754004, 17.602390447162 , 78.126595381067, 0.01 , 0.02 ,25.33 , 10.03 , 1.36 , 0.55 , 357.96
2024-02-24 11:23:24,590 :- 00531: 031 , 24.70 , -0.00 || 1708754004, 17.602390447162 , 78.126595381067, 0.01 , 0.02 ,25.33 , 9.63 , 1.39 , 0.56 , 357.95
2024-02-24 11:23:24,620 :- 00532: 034 , 24.70 , -0.00 || 1708754004, 17.602390447162 , 78.126595381067, 0.01 , 0.02 ,25.33 , 9.74 , 1.43 , 0.59 , 357.95
2024-02-24 11:23:24,650 :- 00533: 037 , 24.70 , -0.00 || 1708754004, 17.602396766561 , 78.126595201245, 0.01 , 0.02 ,25.18 , 9.28 , 1.48 , 0.57 , 357.95
2024-02-24 11:23:24,680 :- 00534: 040 , 24.60 , -0.00 || 1708754004, 17.602396766561 , 78.126595201245, 0.01 , 0.02 ,25.18 , 9.43 , 1.56 , 0.56 , 357.95
2024-02-24 11:23:24,710 :- 00535: 043 , 24.60 , -0.00 || 1708754004, 17.602396766561 , 78.126595201245, 0.01 , 0.02 ,25.18 , 10.30 , 1.61 , 0.56 , 357.95
2024-02-24 11:23:24,740 :- 00536: 046 , 24.50 , -0.00 || 1708754004, 17.602403036933 , 78.126595059162, 0.01 , 0.02 ,24.93 , 9.40 , 1.67 , 0.52 , 357.94
2024-02-24 11:23:24,770 :- 00537: 049 , 24.50 , -0.00 || 1708754004, 17.602403036933 , 78.126595059162, 0.01 , 0.02 ,24.93 , 10.18 , 1.68 , 0.50 , 357.94
2024-02-24 11:23:24,800 :- 00538: 052 , 24.40 , -0.00 || 1708754004, 17.602403036933 , 78.126595059162, 0.01 , 0.02 ,24.93 , 9.25 , 1.71 , 0.49 , 357.93
2024-02-24 11:23:24,830 :- 00539: 055 , 24.40 , -0.00 || 1708754004, 17.602403036933 , 78.126595059162, 0.01 , 0.02 ,24.80 , 10.24 , 1.73 , 0.48 , 357.93
2024-02-24 11:23:24,860 :- 00540: 058 , 24.30 , -0.00 || 1708754004, 17.602409269637 , 78.126594915060, 0.01 , 0.02 ,24.80 , 9.64 , 1.77 , 0.46 , 357.94
2024-02-24 11:23:24,890 :- 00541: 061 , 24.30 , -0.00 || 1708754004, 17.602409269637 , 78.126594915060, 0.01 , 0.02 ,24.80 , 10.10 , 1.79 , 0.47 , 357.94
2024-02-24 11:23:24,920 :- 00542: 064 , 24.20 , -0.00 || 1708754004, 17.602409269637 , 78.126594915060, 0.01 , 0.02 ,24.80 , 9.90 , 1.83 , 0.51 , 357.95
2024-02-24 11:23:24,950 :- 00543: 067 , 24.10 , -0.00 || 1708754004, 17.602415459985 , 78.126594735822, 0.01 , 0.02 ,24.66 , 9.94 , 1.84 , 0.53 , 357.95
2024-02-24 11:23:24,980 :- 00544: 070 , 24.10 , -0.00 || 1708754004, 17.602415459985 , 78.126594735822, 0.01 , 0.02 ,24.66 , 10.04 , 1.82 , 0.58 , 357.94
2024-02-24 11:23:25,010 :- 00545: 073 , 24.00 , -0.00 || 1708754004, 17.602415459985 , 78.126594735822, 0.01 , 0.02 ,24.66 , 9.76 , 1.83 , 0.61 , 357.93
2024-02-24 11:23:25,040 :- 00546: 076 , 23.90 , -0.00 || 1708754005, 17.602415459985 , 78.126594735822, 0.01 , 0.02 ,24.61 , 9.83 , 1.83 , 0.64 , 357.92
2024-02-24 11:23:25,070 :- 00547: 079 , 23.90 , -0.00 || 1708754005, 17.602421631901 , 78.126594551583, 0.01 , 0.02 ,24.61 , 9.96 , 1.86 , 0.66 , 357.92
2024-02-24 11:23:25,100 :- 00548: 082 , 23.80 , -0.00 || 1708754005, 17.602421631901 , 78.126594551583, 0.01 , 0.02 ,24.61 , 9.74 , 1.86 , 0.73 , 357.91
2024-02-24 11:23:25,130 :- 00549: 085 , 23.80 , -0.00 || 1708754005, 17.602421631901 , 78.126594551583, 0.01 , 0.02 ,24.41 , 9.76 , 1.88 , 0.74 , 357.91
2024-02-24 11:23:25,160 :- 00550: 088 , 23.80 , -0.00 || 1708754005, 17.602427755071 , 78.126594379147, 0.01 , 0.02 ,24.41 , 9.52 , 1.92 , 0.77 , 357.91
2024-02-24 11:23:25,190 :- 00551: 091 , 23.70 , -0.00 || 1708754005, 17.602427755071 , 78.126594379147, 0.01 , 0.02 ,24.41 , 9.83 , 1.94 , 0.79 , 357.91
2024-02-24 11:23:25,220 :- 00552: 094 , 23.70 , -0.00 || 1708754005, 17.602427755071 , 78.126594379147, 0.01 , 0.02 ,24.41 , 9.40 , 1.95 , 0.79 , 357.91
2024-02-24 11:23:25,250 :- 00553: 097 , 23.70 , -0.00 || 1708754005, 17.602433830554 , 78.126594231067, 0.01 , 0.02 ,24.18 , 9.19 , 1.94 , 0.78 , 357.91
2024-02-24 11:23:25,280 :- 00554: 100 , 23.60 , -0.00 || 1708754005, 17.602433830554 , 78.126594231067, 0.01 , 0.02 ,24.18 , 9.28 , 1.92 , 0.80 , 357.91
2024-02-24 11:23:25,310 :- 00555: 103 , 23.60 , -0.00 || 1708754005, 17.602433830554 , 78.126594231067, 0.01 , 0.02 ,24.18 , 9.79 , 1.90 , 0.78 , 357.90
2024-02-24 11:23:25,340 :- 00556: 106 , 23.50 , -0.00 || 1708754005, 17.602439846197 , 78.126594027969, 0.01 , 0.02 ,23.95 , 9.42 , 1.85 , 0.75 , 357.90
2024-02-24 11:23:25,370 :- 00557: 106 , 23.50 , -0.00 || 1708754005, 17.602439846197 , 78.126594027969, 0.01 , 0.02 ,23.95 , 9.42 , 1.85 , 0.75 , 357.901708754005, 17.602439846197 , 78.126594027969, 0.01 , 0.02 ,23.95 , 9.96 , 1.83 , 0.74 , 357.90
2024-02-24 11:23:25,410 :- 00558: 113 , 23.40 , -0.00 || 1708754005, 17.602439846197 , 78.126594027969, 0.01 , 0.02 ,23.95 , 9.87 , 1.83 , 0.72 , 357.91
2024-02-24 11:23:25,440 :- 00559: 116 , 23.40 , -0.00 || 1708754005, 17.602445824966 , 78.126593809688, 0.01 , 0.02 ,23.81 , 9.53 , 1.80 , 0.69 , 357.91
2024-02-24 11:23:25,470 :- 00560: 119 , 23.30 , -0.00 || 1708754005, 17.602445824966 , 78.126593809688, 0.01 , 0.02 ,23.81 , 10.29 , 1.80 , 0.69 , 357.92
2024-02-24 11:23:25,500 :- 00561: 122 , 23.20 , -0.00 || 1708754005, 17.602445824966 , 78.126593809688, 0.01 , 0.02 ,23.81 , 10.13 , 1.78 , 0.69 , 357.91
2024-02-24 11:23:25,530 :- 00562: 125 , 23.20 , -0.10 || 1708754005, 17.602445824966 , 78.126593809688, 0.01 , 0.02 ,23.76 , 10.05 , 1.76 , 0.70 , 357.91
2024-02-24 11:23:25,560 :- 00563: 128 , 23.20 , -0.10 || 1708754005, 17.602451780440 , 78.126593618943, 0.01 , 0.02 ,23.76 , 9.71 , 1.73 , 0.71 , 357.90
2024-02-24 11:23:25,590 :- 00564: 131 , 23.10 , -0.10 || 1708754005, 17.602451780440 , 78.126593618943, 0.01 , 0.02 ,23.76 , 10.22 , 1.73 , 0.73 , 357.90
2024-02-24 11:23:25,620 :- 00565: 134 , 23.10 , -0.20 || 1708754005, 17.602451780440 , 78.126593618943, 0.01 , 0.02 ,23.76 , 9.71 , 1.71 , 0.76 , 357.89
2024-02-24 11:23:25,650 :- 00566: 137 , 23.10 , -0.20 || 1708754005, 17.602457703419 , 78.126593417623, 0.01 , 0.02 ,23.60 , 9.96 , 1.71 , 0.76 , 357.89
2024-02-24 11:23:25,680 :- 00567: 140 , 23.10 , -0.30 || 1708754005, 17.602457703419 , 78.126593417623, 0.01 , 0.02 ,23.60 , 9.53 , 1.71 , 0.78 , 357.91
2024-02-24 11:23:25,710 :- 00568: 143 , 23.00 , -0.30 || 1708754005, 17.602457703419 , 78.126593417623, 0.01 , 0.02 ,23.60 , 9.84 , 1.69 , 0.79 , 357.92
2024-02-24 11:23:25,740 :- 00569: 146 , 23.00 , -0.30 || 1708754005, 17.602463597955 , 78.126593235859, 0.01 , 0.02 ,23.42 , 9.64 , 1.65 , 0.79 , 357.94
2024-02-24 11:23:25,770 :- 00570: 149 , 23.00 , -0.40 || 1708754005, 17.602463597955 , 78.126593235859, 0.01 , 0.02 ,23.42 , 9.71 , 1.65 , 0.80 , 357.95
2024-02-24 11:23:25,800 :- 00571: 152 , 22.90 , -0.40 || 1708754005, 17.602463597955 , 78.126593235859, 0.01 , 0.02 ,23.42 , 9.63 , 1.61 , 0.77 , 357.98
2024-02-24 11:23:25,830 :- 00572: 155 , 22.90 , -0.40 || 1708754005, 17.602463597955 , 78.126593235859, 0.01 , 0.02 ,23.33 , 9.75 , 1.61 , 0.78 , 357.99
2024-02-24 11:23:25,860 :- 00573: 158 , 22.90 , -0.50 || 1708754005, 17.602469460767 , 78.126593026794, 0.01 , 0.02 ,23.33 , 9.61 , 1.59 , 0.78 , 358.02
2024-02-24 11:23:25,890 :- 00574: 161 , 22.80 , -0.50 || 1708754005, 17.602469460767 , 78.126593026794, 0.01 , 0.02 ,23.33 , 9.56 , 1.58 , 0.76 , 358.03
2024-02-24 11:23:25,920 :- 00575: 164 , 22.80 , -0.60 || 1708754005, 17.602469460767 , 78.126593026794, 0.01 , 0.02 ,23.33 , 9.82 , 1.57 , 0.75 , 358.07
2024-02-24 11:23:25,950 :- 00576: 167 , 22.80 , -0.60 || 1708754005, 17.602475288592 , 78.126592863244, 0.01 , 0.02 ,23.24 , 9.83 , 1.57 , 0.75 , 358.09
2024-02-24 11:23:25,980 :- 00577: 170 , 22.70 , -0.70 || 1708754005, 17.602475288592 , 78.126592863244, 0.01 , 0.02 ,23.24 , 9.78 , 1.54 , 0.73 , 358.13
2024-02-24 11:23:26,010 :- 00578: 170 , 22.70 , -0.70 || 1708754005, 17.602475288592 , 78.126592863244, 0.01 , 0.02 ,23.24 , 9.78 , 1.54 , 0.73 , 358.131708754005, 17.602475288592 , 78.126592863244, 0.01 , 0.02 ,23.24 , 9.58 , 1.53 , 0.71 , 358.15
2024-02-24 11:23:26,030 :- 00579: 175 , 22.70 , -0.80 || 1708754006, 17.602475288592 , 78.126592863244, 0.01 , 0.02 ,23.24 , 9.85 , 1.53 , 0.68 , 358.18
2024-02-24 11:23:26,060 :- 00580: 178 , 22.60 , -0.90 || 1708754006, 17.602481074347 , 78.126592693252, 0.01 , 0.02 ,23.04 , 9.94 , 1.52 , 0.68 , 358.24
2024-02-24 11:23:26,090 :- 00581: 181 , 22.60 , -1.00 || 1708754006, 17.602481074347 , 78.126592693252, 0.01 , 0.02 ,23.04 , 10.27 , 1.51 , 0.66 , 358.27
2024-02-24 11:23:26,120 :- 00582: 184 , 22.60 , -1.10 || 1708754006, 17.602481074347 , 78.126592693252, 0.01 , 0.02 ,23.04 , 9.46 , 1.43 , 0.67 , 358.33
2024-02-24 11:23:26,150 :- 00583: 187 , 22.50 , -1.30 || 1708754006, 17.602486833085 , 78.126592526243, 0.01 , 0.02 ,22.96 , 10.34 , 1.40 , 0.66 , 358.38
2024-02-24 11:23:26,180 :- 00584: 190 , 22.50 , -1.40 || 1708754006, 17.602486833085 , 78.126592526243, 0.01 , 0.02 ,22.96 , 9.82 , 1.34 , 0.67 , 358.46
2024-02-24 11:23:26,210 :- 00585: 193 , 22.50 , -1.60 || 1708754006, 17.602486833085 , 78.126592526243, 0.01 , 0.02 ,22.96 , 9.95 , 1.30 , 0.67 , 358.51
2024-02-24 11:23:26,240 :- 00586: 196 , 22.50 , -1.80 || 1708754006, 17.602492591329 , 78.126592355264, 0.01 , 0.02 ,22.95 , 9.60 , 1.25 , 0.67 , 358.63
2024-02-24 11:23:26,270 :- 00587: 199 , 22.40 , -2.00 || 1708754006, 17.602492591329 , 78.126592355264, 0.01 , 0.02 ,22.95 , 10.07 , 1.22 , 0.67 , 358.70
2024-02-24 11:23:26,300 :- 00588: 202 , 22.40 , -2.20 || 1708754006, 17.602492591329 , 78.126592355264, 0.01 , 0.02 ,22.95 , 9.91 , 1.16 , 0.66 , 358.85
2024-02-24 11:23:26,330 :- 00589: 205 , 22.40 , -2.40 || 1708754006, 17.602492591329 , 78.126592355264, 0.01 , 0.02 ,22.76 , 9.65 , 1.10 , 0.66 , 358.93
2024-02-24 11:23:26,360 :- 00590: 208 , 22.30 , -2.60 || 1708754006, 17.602498315217 , 78.126592233796, 0.01 , 0.02 ,22.76 , 9.85 , 1.01 , 0.67 , 359.12
2024-02-24 11:23:26,390 :- 00591: 211 , 22.30 , -2.80 || 1708754006, 17.602498315217 , 78.126592233796, 0.01 , 0.02 ,22.76 , 10.26 , 0.98 , 0.68 , 359.22
2024-02-24 11:23:26,420 :- 00592: 214 , 22.30 , -3.00 || 1708754006, 17.602498315217 , 78.126592233796, 0.01 , 0.02 ,22.76 , 9.43 , 0.88 , 0.68 , 359.45
2024-02-24 11:23:26,450 :- 00593: 217 , 22.20 , -3.20 || 1708754006, 17.602504014405 , 78.126592122063, 0.01 , 0.02 ,22.72 , 9.76 , 0.84 , 0.69 , 359.57
2024-02-24 11:23:26,480 :- 00594: 220 , 22.20 , -3.40 || 1708754006, 17.602504014405 , 78.126592122063, 0.01 , 0.02 ,22.72 , 9.44 , 0.79 , 0.69 , 359.84
2024-02-24 11:23:26,510 :- 00595: 223 , 22.20 , -3.60 || 1708754006, 17.602504014405 , 78.126592122063, 0.01 , 0.02 ,22.72 , 9.87 , 0.76 , 0.68 , 359.99
2024-02-24 11:23:26,540 :- 00596: 226 , 22.10 , -3.70 || 1708754006, 17.602509682981 , 78.126592097348, 0.01 , 0.02 ,22.52 , 9.55 , 0.70 , 0.63 , 0.30
2024-02-24 11:23:26,570 :- 00597: 229 , 22.10 , -3.90 || 1708754006, 17.602509682981 , 78.126592097348, 0.01 , 0.02 ,22.52 , 9.93 , 0.69 , 0.63 , 0.46
2024-02-24 11:23:26,600 :- 00598: 232 , 22.10 , -4.10 || 1708754006, 17.602509682981 , 78.126592097348, 0.01 , 0.02 ,22.52 , 9.93 , 0.68 , 0.60 , 0.80
2024-02-24 11:23:26,630 :- 00599: 235 , 22.00 , -4.20 || 1708754006, 17.602509682981 , 78.126592097348, 0.01 , 0.02 ,22.30 , 10.34 , 0.66 , 0.58 , 0.98
2024-02-24 11:23:26,660 :- 00600: 238 , 22.00 , -4.40 || 1708754006, 17.602515299875 , 78.126592174241, 0.01 , 0.02 ,22.30 , 9.89 , 0.59 , 0.59 , 1.34
