2024-02-20 15:39:05,887 :- 00001: Feedback Code Starting
2024-02-20 15:39:05,909 :- 00002: 239 , 30.00 , -0.20 || 1708423745, 17.601702936372 , 78.126608850712, 0.01 , 0.01 ,29.65 , 9.96 , 1.25 , -0.18 , 359.34
2024-02-20 15:39:05,939 :- 00003: 242 , 30.00 , -0.20 || 1708423745, 17.601710348671 , 78.126608760549, 0.01 , 0.01 ,29.65 , 10.01 , 1.23 , -0.15 , 359.35
2024-02-20 15:39:05,969 :- 00004: 245 , 30.00 , -0.20 || 1708423745, 17.601710348671 , 78.126608760549, 0.01 , 0.01 ,29.65 , 10.32 , 1.24 , -0.13 , 359.35
2024-02-20 15:39:05,999 :- 00005: 248 , 30.00 , -0.60 || 1708423745, 17.601710348671 , 78.126608760549, 0.01 , 0.01 ,29.65 , 9.72 , 1.22 , -0.12 , 359.35
2024-02-20 15:39:06,029 :- 00006: 251 , 30.00 , -0.70 || 1708423746, 17.601717934495 , 78.126608768448, 0.01 , 0.01 ,30.01 , 9.99 , 1.22 , -0.09 , 359.36
2024-02-20 15:39:06,059 :- 00007: 254 , 30.00 , -0.70 || 1708423746, 17.601717934495 , 78.126608768448, 0.01 , 0.01 ,30.01 , 9.95 , 1.23 , -0.06 , 359.36
2024-02-20 15:39:06,089 :- 00008: 001 , 30.00 , -0.70 || 1708423746, 17.601717934495 , 78.126608768448, 0.01 , 0.01 ,30.01 , 9.65 , 1.22 , -0.06 , 359.36
2024-02-20 15:39:06,119 :- 00009: 004 , 30.00 , -0.10 || 1708423746, 17.601725505277 , 78.126608678731, 0.01 , 0.01 ,30.23 , 9.65 , 1.21 , -0.00 , 359.36
2024-02-20 15:39:06,149 :- 00010: 007 , 30.00 , -0.10 || 1708423746, 17.601725505277 , 78.126608678731, 0.01 , 0.01 ,30.23 , 9.77 , 1.21 , 0.00 , 359.37
2024-02-20 15:39:06,179 :- 00011: 010 , 30.00 , -0.10 || 1708423746, 17.601725505277 , 78.126608678731, 0.01 , 0.01 ,30.23 , 9.88 , 1.20 , 0.04 , 359.37
2024-02-20 15:39:06,209 :- 00012: 013 , 30.00 , -0.20 || 1708423746, 17.601725505277 , 78.126608678731, 0.01 , 0.01 ,30.49 , 8.95 , 1.19 , 0.05 , 359.37
2024-02-20 15:39:06,239 :- 00013: 016 , 30.00 , -0.20 || 1708423746, 17.601733144925 , 78.126608600406, 0.01 , 0.01 ,30.49 , 9.70 , 1.18 , 0.05 , 359.39
2024-02-20 15:39:06,269 :- 00014: 019 , 30.00 , -0.20 || 1708423746, 17.601733144925 , 78.126608600406, 0.01 , 0.01 ,30.49 , 9.38 , 1.16 , 0.05 , 359.40
2024-02-20 15:39:06,299 :- 00015: 022 , 30.00 , -0.20 || 1708423746, 17.601733144925 , 78.126608600406, 0.01 , 0.01 ,30.49 , 9.75 , 1.13 , 0.04 , 359.43
2024-02-20 15:39:06,329 :- 00016: 025 , 30.00 , -0.20 || 1708423746, 17.601740833742 , 78.126608469921, 0.01 , 0.01 ,30.75 , 9.93 , 1.11 , 0.04 , 359.44
2024-02-20 15:39:06,359 :- 00017: 028 , 30.00 , -0.20 || 1708423746, 17.601740833742 , 78.126608469921, 0.01 , 0.01 ,30.75 , 9.46 , 1.07 , -0.01 , 359.45
2024-02-20 15:39:06,389 :- 00018: 031 , 30.00 , -0.20 || 1708423746, 17.601740833742 , 78.126608469921, 0.01 , 0.01 ,30.75 , 9.89 , 1.06 , -0.01 , 359.46
2024-02-20 15:39:06,419 :- 00019: 034 , 30.00 , -0.70 || 1708423746, 17.601748573548 , 78.126608347108, 0.01 , 0.01 ,30.92 , 9.77 , 1.04 , -0.05 , 359.45
2024-02-20 15:39:06,449 :- 00020: 037 , 30.00 , -0.70 || 1708423746, 17.601748573548 , 78.126608347108, 0.01 , 0.01 ,30.92 , 10.12 , 1.05 , -0.06 , 359.45
2024-02-20 15:39:06,479 :- 00021: 040 , 30.00 , -0.70 || 1708423746, 17.601748573548 , 78.126608347108, 0.01 , 0.01 ,30.92 , 9.97 , 1.07 , -0.08 , 359.45
2024-02-20 15:39:06,509 :- 00022: 043 , 30.00 , -0.40 || 1708423746, 17.601748573548 , 78.126608347108, 0.01 , 0.01 ,31.23 , 10.10 , 1.07 , -0.09 , 359.45
2024-02-20 15:39:06,539 :- 00023: 046 , 30.00 , -0.20 || 1708423746, 17.601756387819 , 78.126608280180, 0.01 , 0.01 ,31.23 , 9.92 , 1.09 , -0.12 , 359.45
2024-02-20 15:39:06,569 :- 00024: 049 , 30.00 , -0.20 || 1708423746, 17.601756387819 , 78.126608280180, 0.01 , 0.01 ,31.23 , 10.20 , 1.10 , -0.12 , 359.45
2024-02-20 15:39:06,599 :- 00025: 052 , 30.00 , -0.20 || 1708423746, 17.601756387819 , 78.126608280180, 0.01 , 0.01 ,31.23 , 10.01 , 1.11 , -0.12 , 359.47
2024-02-20 15:39:06,629 :- 00026: 055 , 30.00 , -0.20 || 1708423746, 17.601764264241 , 78.126608208074, 0.01 , 0.01 ,31.47 , 10.22 , 1.10 , -0.12 , 359.48
2024-02-20 15:39:06,659 :- 00027: 058 , 30.00 , -0.20 || 1708423746, 17.601764264241 , 78.126608208074, 0.01 , 0.01 ,31.47 , 9.60 , 1.11 , -0.09 , 359.51
2024-02-20 15:39:06,689 :- 00028: 061 , 30.00 , -0.20 || 1708423746, 17.601764264241 , 78.126608208074, 0.01 , 0.01 ,31.47 , 9.98 , 1.12 , -0.10 , 359.53
2024-02-20 15:39:06,719 :- 00029: 064 , 30.00 , -0.20 || 1708423746, 17.601772231789 , 78.126608126902, 0.01 , 0.01 ,31.88 , 9.55 , 1.13 , -0.08 , 359.57
2024-02-20 15:39:06,749 :- 00030: 067 , 30.00 , -0.20 || 1708423746, 17.601772231789 , 78.126608126902, 0.01 , 0.01 ,31.88 , 10.14 , 1.16 , -0.06 , 359.59
2024-02-20 15:39:06,779 :- 00031: 070 , 30.00 , -0.20 || 1708423746, 17.601772231789 , 78.126608126902, 0.01 , 0.01 ,31.88 , 10.02 , 1.22 , -0.06 , 359.62
2024-02-20 15:39:06,809 :- 00032: 073 , 30.00 , -0.50 || 1708423746, 17.601772231789 , 78.126608126902, 0.01 , 0.01 ,32.08 , 9.83 , 1.26 , -0.04 , 359.63
2024-02-20 15:39:06,839 :- 00033: 076 , 30.00 , -0.70 || 1708423746, 17.601780260066 , 78.126608084678, 0.01 , 0.01 ,32.08 , 8.92 , 1.29 , -0.05 , 359.64
2024-02-20 15:39:06,869 :- 00034: 079 , 30.00 , -0.70 || 1708423746, 17.601780260066 , 78.126608084678, 0.01 , 0.01 ,32.08 , 10.01 , 1.33 , -0.03 , 359.64
2024-02-20 15:39:06,899 :- 00035: 082 , 30.00 , -0.70 || 1708423746, 17.601780260066 , 78.126608084678, 0.01 , 0.01 ,32.08 , 9.79 , 1.42 , -0.04 , 359.65
2024-02-20 15:39:06,929 :- 00036: 085 , 30.00 , -0.00 || 1708423746, 17.601788364360 , 78.126608084201, 0.01 , 0.01 ,32.36 , 9.31 , 1.46 , -0.04 , 359.65
2024-02-20 15:39:06,958 :- 00037: 088 , 31.60 , -0.10 || 1708423746, 17.601788364360 , 78.126608084201, 0.01 , 0.01 ,32.36 , 9.77 , 1.52 , -0.05 , 359.65
2024-02-20 15:39:06,979 :- 00038: 090 , 31.70 , -0.20 || 1708423746, 17.601788364360 , 78.126608084201, 0.01 , 0.01 ,32.36 , 9.47 , 1.54 , -0.08 , 359.65
2024-02-20 15:39:07,009 :- 00039: 093 , 31.70 , -0.20 || 1708423746, 17.601788364360 , 78.126608084201, 0.01 , 0.01 ,32.36 , 10.09 , 1.55 , -0.12 , 359.65
2024-02-20 15:39:07,039 :- 00040: 096 , 31.80 , -0.20 || 1708423747, 17.601796520591 , 78.126608100240, 0.01 , 0.01 ,32.57 , 10.20 , 1.60 , -0.10 , 359.65
2024-02-20 15:39:07,069 :- 00041: 099 , 31.90 , -0.10 || 1708423747, 17.601796520591 , 78.126608100240, 0.01 , 0.01 ,32.57 , 9.77 , 1.65 , -0.11 , 359.65
2024-02-20 15:39:07,099 :- 00042: 102 , 31.90 , -0.00 || 1708423747, 17.601796520591 , 78.126608100240, 0.01 , 0.01 ,32.57 , 10.01 , 1.65 , -0.13 , 359.66
2024-02-20 15:39:07,129 :- 00043: 105 , 32.00 , 00.00 || 1708423747, 17.601804745824 , 78.126608083996, 0.01 , 0.01 ,32.81 , 9.69 , 1.66 , -0.10 , 359.66
2024-02-20 15:39:07,159 :- 00044: 108 , 32.10 , 00.10 || 1708423747, 17.601804745824 , 78.126608083996, 0.01 , 0.01 ,32.81 , 10.78 , 1.63 , -0.17 , 359.66
2024-02-20 15:39:07,189 :- 00045: 111 , 32.20 , 00.10 || 1708423747, 17.601804745824 , 78.126608083996, 0.01 , 0.01 ,32.81 , 9.27 , 1.59 , -0.16 , 359.65
2024-02-20 15:39:07,219 :- 00046: 114 , 32.20 , 00.10 || 1708423747, 17.601813032574 , 78.126608017383, 0.01 , 0.01 ,33.06 , 10.64 , 1.60 , -0.07 , 359.63
2024-02-20 15:39:07,249 :- 00047: 117 , 32.30 , 00.20 || 1708423747, 17.601813032574 , 78.126608017383, 0.01 , 0.01 ,33.06 , 10.58 , 1.59 , -0.08 , 359.61
2024-02-20 15:39:07,289 :- 00048: 121 , 32.40 , 00.20 || 1708423747, 17.601813032574 , 78.126608017383, 0.01 , 0.01 ,33.06 , 9.25 , 1.57 , 0.03 , 359.58
2024-02-20 15:39:07,319 :- 00049: 124 , 32.30 , 00.20 || 1708423747, 17.601821371133 , 78.126607952463, 0.01 , 0.01 ,33.34 , 10.40 , 1.60 , 0.14 , 359.54
2024-02-20 15:39:07,349 :- 00050: 127 , 32.30 , 00.20 || 1708423747, 17.601821371133 , 78.126607952463, 0.01 , 0.01 ,33.34 , 10.57 , 1.61 , 0.20 , 359.51
2024-02-20 15:39:07,379 :- 00051: 130 , 32.30 , 00.20 || 1708423747, 17.601821371133 , 78.126607952463, 0.01 , 0.01 ,33.34 , 9.80 , 1.56 , 0.37 , 359.47
2024-02-20 15:39:07,409 :- 00052: 133 , 32.30 , 00.20 || 1708423747, 17.601821371133 , 78.126607952463, 0.01 , 0.01 ,33.36 , 9.95 , 1.56 , 0.45 , 359.45
2024-02-20 15:39:07,439 :- 00053: 136 , 32.30 , 00.20 || 1708423747, 17.601829745530 , 78.126607877254, 0.01 , 0.01 ,33.36 , 8.56 , 1.62 , 0.60 , 359.42
2024-02-20 15:39:07,469 :- 00054: 139 , 32.30 , 00.20 || 1708423747, 17.601829745530 , 78.126607877254, 0.01 , 0.01 ,33.36 , 9.34 , 1.64 , 0.65 , 359.41
2024-02-20 15:39:07,499 :- 00055: 142 , 32.30 , 00.20 || 1708423747, 17.601829745530 , 78.126607877254, 0.01 , 0.01 ,33.36 , 8.74 , 1.80 , 0.72 , 359.37
2024-02-20 15:39:07,529 :- 00056: 145 , 32.30 , 00.20 || 1708423747, 17.601838102066 , 78.126607820714, 0.01 , 0.01 ,33.28 , 9.61 , 1.83 , 0.73 , 359.35
2024-02-20 15:39:07,559 :- 00057: 148 , 32.30 , 00.20 || 1708423747, 17.601838102066 , 78.126607820714, 0.01 , 0.01 ,33.28 , 8.66 , 1.87 , 0.75 , 359.31
2024-02-20 15:39:07,589 :- 00058: 151 , 32.20 , 00.20 || 1708423747, 17.601838102066 , 78.126607820714, 0.01 , 0.01 ,33.28 , 9.56 , 1.90 , 0.72 , 359.28
2024-02-20 15:39:07,618 :- 00059: 151 , 32.20 , 00.20 || 1708423747, 17.601838102066 , 78.126607820714, 0.01 , 0.01 ,33.28 , 9.56 , 1.90 , 0.72 , 359.281708423747, 17.601846355256 , 78.126607782450, 0.01 , 0.01 ,32.77 , 8.45 , 1.86 , 0.69 , 359.24
2024-02-20 15:39:07,639 :- 00060: 156 , 32.20 , 00.20 || 1708423747, 17.601846355256 , 78.126607782450, 0.01 , 0.01 ,32.77 , 8.81 , 1.84 , 0.65 , 359.21
2024-02-20 15:39:07,669 :- 00061: 159 , 32.10 , 00.20 || 1708423747, 17.601846355256 , 78.126607782450, 0.01 , 0.01 ,32.77 , 10.19 , 1.88 , 0.66 , 359.19
2024-02-20 15:39:07,699 :- 00062: 162 , 32.10 , 00.20 || 1708423747, 17.601846355256 , 78.126607782450, 0.01 , 0.01 ,32.77 , 9.21 , 1.87 , 0.57 , 359.14
2024-02-20 15:39:07,729 :- 00063: 165 , 32.00 , 00.20 || 1708423747, 17.601854578351 , 78.126607639702, 0.01 , 0.01 ,32.74 , 10.50 , 1.91 , 0.56 , 359.12
2024-02-20 15:39:07,759 :- 00064: 168 , 31.90 , 00.20 || 1708423747, 17.601854578351 , 78.126607639702, 0.01 , 0.01 ,32.74 , 11.11 , 2.01 , 0.59 , 359.06
2024-02-20 15:39:07,789 :- 00065: 171 , 31.90 , 00.20 || 1708423747, 17.601854578351 , 78.126607639702, 0.01 , 0.01 ,32.74 , 10.82 , 2.04 , 0.55 , 359.04
2024-02-20 15:39:07,819 :- 00066: 174 , 31.90 , 00.20 || 1708423747, 17.601862773597 , 78.126607562198, 0.01 , 0.01 ,32.71 , 9.66 , 2.10 , 0.62 , 358.98
2024-02-20 15:39:07,849 :- 00067: 177 , 31.90 , 00.20 || 1708423747, 17.601862773597 , 78.126607562198, 0.01 , 0.01 ,32.71 , 10.37 , 2.16 , 0.65 , 358.96
2024-02-20 15:39:07,879 :- 00068: 180 , 32.00 , 00.20 || 1708423747, 17.601862773597 , 78.126607562198, 0.01 , 0.01 ,32.71 , 9.37 , 2.15 , 0.68 , 358.93
2024-02-20 15:39:07,909 :- 00069: 183 , 31.90 , 00.20 || 1708423747, 17.601862773597 , 78.126607562198, 0.01 , 0.01 ,32.71 , 9.41 , 2.18 , 0.75 , 358.91
2024-02-20 15:39:07,939 :- 00070: 186 , 31.90 , 00.20 || 1708423747, 17.601870988231 , 78.126607476948, 0.01 , 0.01 ,32.71 , 10.14 , 2.16 , 0.78 , 358.89
2024-02-20 15:39:07,969 :- 00071: 189 , 31.80 , 00.20 || 1708423747, 17.601870988231 , 78.126607476948, 0.01 , 0.01 ,32.71 , 9.83 , 2.12 , 0.81 , 358.88
2024-02-20 15:39:07,999 :- 00072: 192 , 31.80 , 00.20 || 1708423747, 17.601870988231 , 78.126607476948, 0.01 , 0.01 ,32.71 , 9.17 , 2.11 , 0.86 , 358.87
2024-02-20 15:39:08,029 :- 00073: 195 , 31.70 , 00.20 || 1708423748, 17.601870988231 , 78.126607476948, 0.01 , 0.01 ,32.60 , 10.19 , 2.07 , 0.90 , 358.83
2024-02-20 15:39:08,059 :- 00074: 198 , 31.70 , 00.20 || 1708423748, 17.601879168887 , 78.126607271229, 0.01 , 0.01 ,32.60 , 8.55 , 2.02 , 0.92 , 358.80
2024-02-20 15:39:08,089 :- 00075: 201 , 31.70 , 00.20 || 1708423748, 17.601879168887 , 78.126607271229, 0.01 , 0.01 ,32.60 , 9.18 , 2.00 , 0.92 , 358.78
2024-02-20 15:39:08,119 :- 00076: 204 , 31.60 , 00.20 || 1708423748, 17.601887289865 , 78.126607075045, 0.01 , 0.01 ,32.26 , 9.92 , 2.01 , 0.90 , 358.75
2024-02-20 15:39:08,149 :- 00077: 207 , 31.60 , 00.20 || 1708423748, 17.601887289865 , 78.126607075045, 0.01 , 0.01 ,32.26 , 8.88 , 1.99 , 0.86 , 358.73
2024-02-20 15:39:08,179 :- 00078: 210 , 31.50 , 00.20 || 1708423748, 17.601887289865 , 78.126607075045, 0.01 , 0.01 ,32.26 , 9.61 , 2.01 , 0.83 , 358.70
2024-02-20 15:39:08,209 :- 00079: 213 , 31.50 , 00.20 || 1708423748, 17.601887289865 , 78.126607075045, 0.01 , 0.01 ,32.03 , 9.68 , 2.03 , 0.79 , 358.68
2024-02-20 15:39:08,238 :- 00080: 216 , 31.40 , 00.20 || 1708423748, 17.601895330853 , 78.126606902002, 0.01 , 0.01 ,32.03 , 10.14 , 2.03 , 0.70 , 358.65
2024-02-20 15:39:08,269 :- 00081: 219 , 31.40 , 00.20 || 1708423748, 17.601895330853 , 78.126606902002, 0.01 , 0.01 ,32.03 , 9.57 , 2.02 , 0.67 , 358.64
2024-02-20 15:39:08,299 :- 00082: 222 , 31.30 , 00.20 || 1708423748, 17.601895330853 , 78.126606902002, 0.01 , 0.01 ,32.03 , 10.60 , 1.99 , 0.62 , 358.61
2024-02-20 15:39:08,329 :- 00083: 225 , 31.20 , 00.20 || 1708423748, 17.601903305721 , 78.126606703915, 0.01 , 0.01 ,31.80 , 10.12 , 1.96 , 0.60 , 358.59
2024-02-20 15:39:08,359 :- 00084: 228 , 31.10 , 00.20 || 1708423748, 17.601903305721 , 78.126606703915, 0.01 , 0.01 ,31.80 , 10.68 , 1.94 , 0.60 , 358.57
2024-02-20 15:39:08,389 :- 00085: 231 , 31.00 , 00.30 || 1708423748, 17.601903305721 , 78.126606703915, 0.01 , 0.01 ,31.80 , 10.73 , 1.92 , 0.60 , 358.55
2024-02-20 15:39:08,419 :- 00086: 234 , 30.90 , 00.30 || 1708423748, 17.601911221958 , 78.126606486492, 0.01 , 0.01 ,31.53 , 10.02 , 1.91 , 0.63 , 358.52
2024-02-20 15:39:08,449 :- 00087: 237 , 30.80 , 00.30 || 1708423748, 17.601911221958 , 78.126606486492, 0.01 , 0.01 ,31.53 , 10.00 , 1.89 , 0.61 , 358.50
2024-02-20 15:39:08,479 :- 00088: 240 , 30.70 , 00.40 || 1708423748, 17.601911221958 , 78.126606486492, 0.01 , 0.01 ,31.53 , 10.54 , 1.89 , 0.69 , 358.45
2024-02-20 15:39:08,509 :- 00089: 243 , 30.60 , 00.40 || 1708423748, 17.601911221958 , 78.126606486492, 0.01 , 0.01 ,31.18 , 9.84 , 1.89 , 0.70 , 358.42
2024-02-20 15:39:08,539 :- 00090: 246 , 30.50 , 00.50 || 1708423748, 17.601919062814 , 78.126606259973, 0.01 , 0.01 ,31.18 , 10.20 , 1.89 , 0.77 , 358.38
2024-02-20 15:39:08,569 :- 00091: 249 , 30.40 , 00.50 || 1708423748, 17.601919062814 , 78.126606259973, 0.01 , 0.01 ,31.18 , 9.09 , 1.88 , 0.82 , 358.35
2024-02-20 15:39:08,599 :- 00092: 252 , 30.20 , 00.60 || 1708423748, 17.601919062814 , 78.126606259973, 0.01 , 0.01 ,31.18 , 9.85 , 1.86 , 0.87 , 358.29
2024-02-20 15:39:08,629 :- 00093: 255 , 30.10 , 00.70 || 1708423748, 17.601926810192 , 78.126606047366, 0.01 , 0.01 ,30.76 , 9.14 , 1.86 , 0.87 , 358.26
2024-02-20 15:39:08,659 :- 00094: 002 , 30.00 , 00.70 || 1708423748, 17.601926810192 , 78.126606047366, 0.01 , 0.01 ,30.76 , 10.11 , 1.83 , 0.89 , 358.19
2024-02-20 15:39:08,689 :- 00095: 005 , 29.80 , 00.80 || 1708423748, 17.601926810192 , 78.126606047366, 0.01 , 0.01 ,30.76 , 8.75 , 1.81 , 0.89 , 358.15
2024-02-20 15:39:08,719 :- 00096: 008 , 29.70 , 00.90 || 1708423748, 17.601934423714 , 78.126605783299, 0.01 , 0.01 ,30.27 , 10.51 , 1.81 , 0.86 , 358.06
2024-02-20 15:39:08,749 :- 00097: 011 , 29.60 , 01.00 || 1708423748, 17.601934423714 , 78.126605783299, 0.01 , 0.01 ,30.27 , 8.83 , 1.78 , 0.84 , 358.02
2024-02-20 15:39:08,779 :- 00098: 014 , 29.50 , 01.00 || 1708423748, 17.601934423714 , 78.126605783299, 0.01 , 0.01 ,30.27 , 9.31 , 1.81 , 0.80 , 357.92
2024-02-20 15:39:08,809 :- 00099: 017 , 29.30 , 01.10 || 1708423748, 17.601934423714 , 78.126605783299, 0.01 , 0.01 ,29.60 , 9.42 , 1.84 , 0.77 , 357.86
2024-02-20 15:39:08,839 :- 00100: 020 , 29.20 , 01.20 || 1708423748, 17.601941880333 , 78.126605517339, 0.01 , 0.01 ,29.60 , 9.72 , 1.87 , 0.68 , 357.74
2024-02-20 15:39:08,869 :- 00101: 023 , 29.00 , 01.20 || 1708423748, 17.601941880333 , 78.126605517339, 0.01 , 0.01 ,29.60 , 9.44 , 1.87 , 0.65 , 357.67
2024-02-20 15:39:08,898 :- 00102: 023 , 29.00 , 01.20 || 1708423748, 17.601941880333 , 78.126605517339, 0.01 , 0.01 ,29.60 , 9.44 , 1.87 , 0.65 , 357.671708423748, 17.601941880333 , 78.126605517339, 0.01 , 0.01 ,29.60 , 10.61 , 1.95 , 0.62 , 357.53
2024-02-20 15:39:08,919 :- 00103: 028 , 28.80 , 01.30 || 1708423748, 17.601949229568 , 78.126605246734, 0.01 , 0.01 ,29.15 , 10.17 , 1.93 , 0.58 , 357.46
2024-02-20 15:39:08,949 :- 00104: 031 , 28.60 , 01.40 || 1708423748, 17.601949229568 , 78.126605246734, 0.01 , 0.01 ,29.15 , 10.02 , 1.94 , 0.56 , 357.38
2024-02-20 15:39:08,979 :- 00105: 034 , 28.50 , 01.40 || 1708423748, 17.601949229568 , 78.126605246734, 0.01 , 0.01 ,29.15 , 10.26 , 1.92 , 0.55 , 357.23
2024-02-20 15:39:09,009 :- 00106: 037 , 28.40 , 01.40 || 1708423748, 17.601949229568 , 78.126605246734, 0.01 , 0.01 ,29.15 , 10.26 , 1.89 , 0.57 , 357.14
2024-02-20 15:39:09,039 :- 00107: 040 , 28.20 , 01.40 || 1708423749, 17.601956477611 , 78.126604911064, 0.01 , 0.01 ,28.86 , 9.72 , 1.85 , 0.55 , 356.98
2024-02-20 15:39:09,069 :- 00108: 043 , 28.10 , 01.50 || 1708423749, 17.601956477611 , 78.126604911064, 0.01 , 0.01 ,28.86 , 10.52 , 1.84 , 0.57 , 356.89
2024-02-20 15:39:09,099 :- 00109: 046 , 28.00 , 01.50 || 1708423749, 17.601956477611 , 78.126604911064, 0.01 , 0.01 ,28.86 , 9.87 , 1.81 , 0.59 , 356.72
2024-02-20 15:39:09,129 :- 00110: 049 , 27.90 , 01.60 || 1708423749, 17.601963638241 , 78.126604480601, 0.01 , 0.01 ,28.37 , 9.88 , 1.80 , 0.60 , 356.63
2024-02-20 15:39:09,159 :- 00111: 052 , 27.80 , 01.60 || 1708423749, 17.601963638241 , 78.126604480601, 0.01 , 0.01 ,28.37 , 10.02 , 1.77 , 0.60 , 356.45
2024-02-20 15:39:09,189 :- 00112: 055 , 27.70 , 01.60 || 1708423749, 17.601963638241 , 78.126604480601, 0.01 , 0.01 ,28.37 , 9.29 , 1.75 , 0.61 , 356.36
2024-02-20 15:39:09,219 :- 00113: 058 , 27.50 , 01.60 || 1708423749, 17.601970665634 , 78.126604022982, 0.01 , 0.01 ,27.94 , 9.56 , 1.73 , 0.59 , 356.17
2024-02-20 15:39:09,249 :- 00114: 061 , 27.40 , 01.60 || 1708423749, 17.601970665634 , 78.126604022982, 0.01 , 0.01 ,27.94 , 9.84 , 1.72 , 0.58 , 356.08
2024-02-20 15:39:09,279 :- 00115: 064 , 27.20 , 01.60 || 1708423749, 17.601970665634 , 78.126604022982, 0.01 , 0.01 ,27.94 , 9.49 , 1.69 , 0.56 , 355.90
2024-02-20 15:39:09,309 :- 00116: 067 , 27.10 , 01.60 || 1708423749, 17.601970665634 , 78.126604022982, 0.01 , 0.01 ,27.35 , 9.31 , 1.67 , 0.54 , 355.80
2024-02-20 15:39:09,339 :- 00117: 070 , 27.00 , 01.60 || 1708423749, 17.601977550945 , 78.126603521702, 0.01 , 0.01 ,27.35 , 10.03 , 1.71 , 0.52 , 355.62
2024-02-20 15:39:09,369 :- 00118: 073 , 26.80 , 01.50 || 1708423749, 17.601977550945 , 78.126603521702, 0.01 , 0.01 ,27.35 , 9.46 , 1.70 , 0.49 , 355.53
2024-02-20 15:39:09,399 :- 00119: 076 , 26.70 , 01.40 || 1708423749, 17.601977550945 , 78.126603521702, 0.01 , 0.01 ,27.35 , 9.27 , 1.67 , 0.46 , 355.36
2024-02-20 15:39:09,429 :- 00120: 079 , 26.50 , 01.30 || 1708423749, 17.601984333185 , 78.126602969536, 0.01 , 0.01 ,27.02 , 10.59 , 1.64 , 0.45 , 355.27
2024-02-20 15:39:09,459 :- 00121: 082 , 26.40 , 01.30 || 1708423749, 17.601984333185 , 78.126602969536, 0.01 , 0.01 ,27.02 , 9.99 , 1.61 , 0.42 , 355.11
2024-02-20 15:39:09,489 :- 00122: 085 , 26.20 , 01.20 || 1708423749, 17.601984333185 , 78.126602969536, 0.01 , 0.01 ,27.02 , 9.56 , 1.60 , 0.43 , 355.04
2024-02-20 15:39:09,518 :- 00123: 088 , 26.10 , 01.10 || 1708423749, 17.601990991471 , 78.126602368783, 0.01 , 0.01 ,26.50 , 10.27 , 1.60 , 0.42 , 354.89
2024-02-20 15:39:09,549 :- 00124: 091 , 26.00 , 01.10 || 1708423749, 17.601990991471 , 78.126602368783, 0.01 , 0.01 ,26.50 , 9.87 , 1.60 , 0.41 , 354.83
2024-02-20 15:39:09,579 :- 00125: 094 , 25.90 , 01.00 || 1708423749, 17.601990991471 , 78.126602368783, 0.01 , 0.01 ,26.50 , 9.71 , 1.62 , 0.44 , 354.70
2024-02-20 15:39:09,609 :- 00126: 097 , 25.80 , 01.00 || 1708423749, 17.601990991471 , 78.126602368783, 0.01 , 0.01 ,26.27 , 10.29 , 1.60 , 0.44 , 354.64
2024-02-20 15:39:09,639 :- 00127: 100 , 25.70 , 00.90 || 1708423749, 17.601997561803 , 78.126601731598, 0.01 , 0.01 ,26.27 , 10.01 , 1.58 , 0.48 , 354.52
2024-02-20 15:39:09,669 :- 00128: 103 , 25.60 , 00.90 || 1708423749, 17.601997561803 , 78.126601731598, 0.01 , 0.01 ,26.27 , 9.87 , 1.55 , 0.50 , 354.46
2024-02-20 15:39:09,699 :- 00129: 106 , 25.50 , 00.80 || 1708423749, 17.601997561803 , 78.126601731598, 0.01 , 0.01 ,26.27 , 9.72 , 1.55 , 0.57 , 354.37
2024-02-20 15:39:09,729 :- 00130: 109 , 25.50 , 00.80 || 1708423749, 17.602004069410 , 78.126601048087, 0.01 , 0.01 ,25.94 , 9.76 , 1.52 , 0.60 , 354.32
2024-02-20 15:39:09,759 :- 00131: 112 , 25.30 , 00.70 || 1708423749, 17.602004069410 , 78.126601048087, 0.01 , 0.01 ,25.94 , 8.97 , 1.50 , 0.64 , 354.23
2024-02-20 15:39:09,789 :- 00132: 115 , 25.20 , 00.70 || 1708423749, 17.602004069410 , 78.126601048087, 0.01 , 0.01 ,25.94 , 10.57 , 1.50 , 0.66 , 354.18
2024-02-20 15:39:09,819 :- 00133: 118 , 25.10 , 00.70 || 1708423749, 17.602010506644 , 78.126600344891, 0.01 , 0.01 ,25.79 , 9.56 , 1.45 , 0.71 , 354.10
2024-02-20 15:39:09,849 :- 00134: 121 , 25.10 , 00.60 || 1708423749, 17.602010506644 , 78.126600344891, 0.01 , 0.01 ,25.79 , 9.36 , 1.42 , 0.72 , 354.06
2024-02-20 15:39:09,879 :- 00135: 124 , 25.00 , 00.60 || 1708423749, 17.602010506644 , 78.126600344891, 0.01 , 0.01 ,25.79 , 9.32 , 1.41 , 0.76 , 353.98
2024-02-20 15:39:09,909 :- 00136: 127 , 24.90 , 00.60 || 1708423749, 17.602010506644 , 78.126600344891, 0.01 , 0.01 ,25.34 , 9.54 , 1.39 , 0.74 , 353.95
2024-02-20 15:39:09,939 :- 00137: 130 , 24.80 , 00.60 || 1708423749, 17.602016860953 , 78.126599641736, 0.01 , 0.01 ,25.34 , 10.06 , 1.37 , 0.77 , 353.88
2024-02-20 15:39:09,969 :- 00138: 133 , 24.70 , 00.60 || 1708423749, 17.602016860953 , 78.126599641736, 0.01 , 0.01 ,25.34 , 9.13 , 1.35 , 0.78 , 353.84
2024-02-20 15:39:09,999 :- 00139: 136 , 24.60 , 00.60 || 1708423749, 17.602016860953 , 78.126599641736, 0.01 , 0.01 ,25.34 , 9.23 , 1.32 , 0.76 , 353.81
2024-02-20 15:39:10,029 :- 00140: 139 , 24.50 , 00.60 || 1708423750, 17.602023119295 , 78.126598947500, 0.01 , 0.01 ,24.96 , 9.84 , 1.31 , 0.76 , 353.74
2024-02-20 15:39:10,059 :- 00141: 142 , 24.30 , 00.60 || 1708423750, 17.602023119295 , 78.126598947500, 0.01 , 0.01 ,24.96 , 9.75 , 1.28 , 0.70 , 353.67
2024-02-20 15:39:10,089 :- 00142: 145 , 24.20 , 00.60 || 1708423750, 17.602023119295 , 78.126598947500, 0.01 , 0.01 ,24.96 , 9.84 , 1.28 , 0.71 , 353.64
2024-02-20 15:39:10,119 :- 00143: 148 , 24.10 , 00.60 || 1708423750, 17.602029223617 , 78.126598204276, 0.01 , 0.01 ,24.34 , 9.95 , 1.26 , 0.65 , 353.58
2024-02-20 15:39:10,149 :- 00144: 151 , 24.00 , 00.60 || 1708423750, 17.602029223617 , 78.126598204276, 0.01 , 0.01 ,24.34 , 10.04 , 1.23 , 0.64 , 353.54
2024-02-20 15:39:10,178 :- 00145: 151 , 24.00 , 00.60 || 1708423750, 17.602029223617 , 78.126598204276, 0.01 , 0.01 ,24.34 , 10.04 , 1.23 , 0.64 , 353.541708423750, 17.602029223617 , 78.126598204276, 0.01 , 0.01 ,24.34 , 9.54 , 1.20 , 0.61 , 353.48
2024-02-20 15:39:10,199 :- 00146: 156 , 23.80 , 00.60 || 1708423750, 17.602029223617 , 78.126598204276, 0.01 , 0.01 ,24.34 , 10.26 , 1.19 , 0.59 , 353.45
2024-02-20 15:39:10,229 :- 00147: 159 , 23.70 , 00.60 || 1708423750, 17.602035232972 , 78.126597467097, 0.01 , 0.01 ,24.06 , 9.73 , 1.17 , 0.58 , 353.42
2024-02-20 15:39:10,259 :- 00148: 162 , 23.60 , 00.60 || 1708423750, 17.602035232972 , 78.126597467097, 0.01 , 0.01 ,24.06 , 10.17 , 1.19 , 0.56 , 353.36
2024-02-20 15:39:10,289 :- 00149: 165 , 23.40 , 00.60 || 1708423750, 17.602035232972 , 78.126597467097, 0.01 , 0.01 ,24.06 , 9.98 , 1.19 , 0.56 , 353.34
2024-02-20 15:39:10,319 :- 00150: 168 , 23.30 , 00.60 || 1708423750, 17.602041172455 , 78.126596775615, 0.01 , 0.01 ,23.62 , 10.01 , 1.17 , 0.56 , 353.28
2024-02-20 15:39:10,349 :- 00151: 171 , 23.20 , 00.60 || 1708423750, 17.602041172455 , 78.126596775615, 0.01 , 0.01 ,23.62 , 9.73 , 1.17 , 0.55 , 353.25
2024-02-20 15:39:10,379 :- 00152: 174 , 23.10 , 00.60 || 1708423750, 17.602041172455 , 78.126596775615, 0.01 , 0.01 ,23.62 , 10.01 , 1.17 , 0.56 , 353.19
2024-02-20 15:39:10,409 :- 00153: 177 , 23.00 , 00.50 || 1708423750, 17.602041172455 , 78.126596775615, 0.01 , 0.01 ,23.25 , 9.87 , 1.17 , 0.55 , 353.17
2024-02-20 15:39:10,439 :- 00154: 180 , 22.80 , 00.50 || 1708423750, 17.602046974654 , 78.126595991811, 0.01 , 0.01 ,23.25 , 9.69 , 1.16 , 0.56 , 353.10
2024-02-20 15:39:10,469 :- 00155: 183 , 22.70 , 00.40 || 1708423750, 17.602046974654 , 78.126595991811, 0.01 , 0.01 ,23.25 , 9.98 , 1.16 , 0.54 , 353.08
2024-02-20 15:39:10,499 :- 00156: 186 , 22.60 , 00.40 || 1708423750, 17.602046974654 , 78.126595991811, 0.01 , 0.01 ,23.25 , 10.51 , 1.14 , 0.60 , 353.02
2024-02-20 15:39:10,529 :- 00157: 189 , 22.50 , 00.30 || 1708423750, 17.602052714368 , 78.126595313984, 0.01 , 0.01 ,22.97 , 9.37 , 1.11 , 0.59 , 353.00
2024-02-20 15:39:10,559 :- 00158: 192 , 22.40 , 00.30 || 1708423750, 17.602052714368 , 78.126595313984, 0.01 , 0.01 ,22.97 , 9.45 , 1.07 , 0.59 , 352.96
2024-02-20 15:39:10,589 :- 00159: 195 , 22.30 , 00.20 || 1708423750, 17.602052714368 , 78.126595313984, 0.01 , 0.01 ,22.97 , 9.55 , 1.06 , 0.60 , 352.95
2024-02-20 15:39:10,619 :- 00160: 198 , 22.20 , 00.20 || 1708423750, 17.602058332156 , 78.126594548681, 0.01 , 0.01 ,22.53 , 9.87 , 1.02 , 0.61 , 352.91
2024-02-20 15:39:10,649 :- 00161: 201 , 22.10 , 00.20 || 1708423750, 17.602058332156 , 78.126594548681, 0.01 , 0.01 ,22.53 , 9.54 , 1.02 , 0.61 , 352.89
2024-02-20 15:39:10,679 :- 00162: 204 , 22.00 , 00.10 || 1708423750, 17.602058332156 , 78.126594548681, 0.01 , 0.01 ,22.53 , 9.46 , 0.97 , 0.61 , 352.87
2024-02-20 15:39:10,709 :- 00163: 207 , 22.00 , 00.00 || 1708423750, 17.602058332156 , 78.126594548681, 0.01 , 0.01 ,22.52 , 9.91 , 0.97 , 0.61 , 352.85
2024-02-20 15:39:10,739 :- 00164: 210 , 21.90 , -0.10 || 1708423750, 17.602063924711 , 78.126593720023, 0.01 , 0.01 ,22.52 , 9.79 , 0.95 , 0.61 , 352.83
2024-02-20 15:39:10,769 :- 00165: 213 , 21.80 , -0.20 || 1708423750, 17.602063924711 , 78.126593720023, 0.01 , 0.01 ,22.52 , 9.90 , 0.94 , 0.60 , 352.83
2024-02-20 15:39:10,798 :- 00166: 216 , 21.80 , -0.30 || 1708423750, 17.602063924711 , 78.126593720023, 0.01 , 0.01 ,22.52 , 10.11 , 0.94 , 0.63 , 352.83
2024-02-20 15:39:10,819 :- 00167: 218 , 21.80 , -0.40 || 1708423750, 17.602069440923 , 78.126593017817, 0.01 , 0.01 ,22.06 , 9.58 , 0.92 , 0.62 , 352.83
2024-02-20 15:39:10,849 :- 00168: 221 , 21.70 , -0.50 || 1708423750, 17.602069440923 , 78.126593017817, 0.01 , 0.01 ,22.06 , 10.26 , 0.93 , 0.62 , 352.84
2024-02-20 15:39:10,879 :- 00169: 224 , 21.70 , -0.60 || 1708423750, 17.602069440923 , 78.126593017817, 0.01 , 0.01 ,22.06 , 9.33 , 0.89 , 0.62 , 352.87
2024-02-20 15:39:10,909 :- 00170: 227 , 21.60 , -0.70 || 1708423750, 17.602069440923 , 78.126593017817, 0.01 , 0.01 ,22.09 , 9.49 , 0.88 , 0.63 , 352.88
2024-02-20 15:39:10,939 :- 00171: 230 , 21.60 , -0.80 || 1708423750, 17.602074936850 , 78.126592350176, 0.01 , 0.01 ,22.09 , 9.82 , 0.85 , 0.61 , 352.93
2024-02-20 15:39:10,969 :- 00172: 233 , 21.50 , -0.80 || 1708423750, 17.602074936850 , 78.126592350176, 0.01 , 0.01 ,22.09 , 9.75 , 0.83 , 0.59 , 352.96
2024-02-20 15:39:10,999 :- 00173: 236 , 21.50 , -0.80 || 1708423750, 17.602074936850 , 78.126592350176, 0.01 , 0.01 ,22.09 , 9.46 , 0.80 , 0.57 , 352.99
2024-02-20 15:39:11,029 :- 00174: 239 , 21.50 , -0.80 || 1708423751, 17.602080353538 , 78.126591573590, 0.01 , 0.01 ,21.70 , 9.65 , 0.74 , 0.55 , 353.06
2024-02-20 15:39:11,059 :- 00175: 242 , 21.40 , -0.80 || 1708423751, 17.602080353538 , 78.126591573590, 0.01 , 0.01 ,21.70 , 9.66 , 0.63 , 0.48 , 353.14
2024-02-20 15:39:11,089 :- 00176: 245 , 21.30 , -0.80 || 1708423751, 17.602080353538 , 78.126591573590, 0.01 , 0.01 ,21.70 , 10.01 , 0.59 , 0.47 , 353.18
2024-02-20 15:39:11,119 :- 00177: 248 , 21.30 , -0.80 || 1708423751, 17.602085734908 , 78.126590797691, 0.01 , 0.01 ,21.63 , 9.67 , 0.54 , 0.43 , 353.26
2024-02-20 15:39:11,149 :- 00178: 251 , 21.20 , -0.80 || 1708423751, 17.602085734908 , 78.126590797691, 0.01 , 0.01 ,21.63 , 9.89 , 0.53 , 0.40 , 353.30
2024-02-20 15:39:11,179 :- 00179: 254 , 21.20 , -0.90 || 1708423751, 17.602085734908 , 78.126590797691, 0.01 , 0.01 ,21.63 , 9.66 , 0.53 , 0.35 , 353.36
2024-02-20 15:39:11,209 :- 00180: 001 , 21.10 , -0.90 || 1708423751, 17.602085734908 , 78.126590797691, 0.01 , 0.01 ,21.49 , 9.62 , 0.53 , 0.33 , 353.39
2024-02-20 15:39:11,239 :- 00181: 004 , 21.10 , -1.00 || 1708423751, 17.602091088499 , 78.126590153334, 0.01 , 0.01 ,21.49 , 10.33 , 0.53 , 0.29 , 353.44
2024-02-20 15:39:11,269 :- 00182: 007 , 21.10 , -1.10 || 1708423751, 17.602091088499 , 78.126590153334, 0.01 , 0.01 ,21.49 , 10.26 , 0.55 , 0.30 , 353.47
2024-02-20 15:39:11,299 :- 00183: 010 , 21.00 , -1.30 || 1708423751, 17.602091088499 , 78.126590153334, 0.01 , 0.01 ,21.49 , 9.28 , 0.60 , 0.19 , 353.54
2024-02-20 15:39:11,329 :- 00184: 013 , 21.00 , -1.40 || 1708423751, 17.602096429310 , 78.126589538291, 0.01 , 0.01 ,21.36 , 10.69 , 0.66 , 0.23 , 353.58
2024-02-20 15:39:11,359 :- 00185: 016 , 21.00 , -1.50 || 1708423751, 17.602096429310 , 78.126589538291, 0.01 , 0.01 ,21.36 , 9.86 , 0.70 , 0.16 , 353.68
2024-02-20 15:39:11,389 :- 00186: 019 , 21.00 , -1.70 || 1708423751, 17.602096429310 , 78.126589538291, 0.01 , 0.01 ,21.36 , 9.70 , 0.70 , 0.15 , 353.73
2024-02-20 15:39:11,419 :- 00187: 022 , 21.00 , -1.80 || 1708423751, 17.602101781801 , 78.126588962561, 0.01 , 0.01 ,21.39 , 10.81 , 0.72 , 0.22 , 353.87
2024-02-20 15:39:11,449 :- 00188: 025 , 21.00 , -2.00 || 1708423751, 17.602101781801 , 78.126588962561, 0.01 , 0.01 ,21.39 , 10.26 , 0.70 , 0.21 , 353.95
2024-02-20 15:39:11,479 :- 00189: 028 , 21.00 , -2.20 || 1708423751, 17.602101781801 , 78.126588962561, 0.01 , 0.01 ,21.39 , 9.83 , 0.66 , 0.24 , 354.11
2024-02-20 15:39:11,509 :- 00190: 031 , 21.00 , -2.40 || 1708423751, 17.602101781801 , 78.126588962561, 0.01 , 0.01 ,21.56 , 9.94 , 0.64 , 0.26 , 354.20
2024-02-20 15:39:11,539 :- 00191: 034 , 21.00 , -2.50 || 1708423751, 17.602107161626 , 78.126588359987, 0.01 , 0.01 ,21.56 , 9.44 , 0.59 , 0.28 , 354.40
2024-02-20 15:39:11,569 :- 00192: 037 , 21.00 , -2.70 || 1708423751, 17.602107161626 , 78.126588359987, 0.01 , 0.01 ,21.56 , 9.75 , 0.58 , 0.31 , 354.49
2024-02-20 15:39:11,599 :- 00193: 040 , 21.00 , -2.90 || 1708423751, 17.602107161626 , 78.126588359987, 0.01 , 0.01 ,21.56 , 9.45 , 0.53 , 0.30 , 354.70
2024-02-20 15:39:11,629 :- 00194: 043 , 21.00 , -3.10 || 1708423751, 17.602112537532 , 78.126587755585, 0.01 , 0.01 ,21.52 , 10.35 , 0.49 , 0.30 , 354.82
2024-02-20 15:39:11,659 :- 00195: 046 , 21.00 , -3.20 || 1708423751, 17.602112537532 , 78.126587755585, 0.01 , 0.01 ,21.52 , 8.25 , 0.40 , 0.28 , 355.07
2024-02-20 15:39:11,689 :- 00196: 049 , 21.00 , -3.40 || 1708423751, 17.602112537532 , 78.126587755585, 0.01 , 0.01 ,21.52 , 10.31 , 0.39 , 0.27 , 355.20
2024-02-20 15:39:11,719 :- 00197: 052 , 21.00 , -3.60 || 1708423751, 17.602117872198 , 78.126587220881, 0.01 , 0.01 ,21.34 , 9.84 , 0.33 , 0.24 , 355.48
2024-02-20 15:39:11,749 :- 00198: 055 , 21.00 , -3.70 || 1708423751, 17.602117872198 , 78.126587220881, 0.01 , 0.01 ,21.34 , 9.71 , 0.32 , 0.21 , 355.63
2024-02-20 15:39:11,779 :- 00199: 058 , 21.00 , -3.80 || 1708423751, 17.602117872198 , 78.126587220881, 0.01 , 0.01 ,21.34 , 9.50 , 0.32 , 0.22 , 355.93
2024-02-20 15:39:11,809 :- 00200: 061 , 21.00 , -3.90 || 1708423751, 17.602117872198 , 78.126587220881, 0.01 , 0.01 ,21.37 , 10.19 , 0.33 , 0.21 , 356.09
2024-02-20 15:39:11,839 :- 00201: 064 , 21.00 , -4.00 || 1708423751, 17.602123214784 , 78.126586803461, 0.01 , 0.01 ,21.37 , 9.64 , 0.35 , 0.15 , 356.43
2024-02-20 15:39:11,869 :- 00202: 067 , 20.90 , -4.00 || 1708423751, 17.602123214784 , 78.126586803461, 0.01 , 0.01 ,21.37 , 10.05 , 0.38 , 0.18 , 356.60
2024-02-20 15:39:11,899 :- 00203: 070 , 20.90 , -4.00 || 1708423751, 17.602123214784 , 78.126586803461, 0.01 , 0.01 ,21.37 , 10.25 , 0.43 , 0.15 , 356.94
2024-02-20 15:39:11,929 :- 00204: 073 , 20.90 , -4.00 || 1708423751, 17.602128574286 , 78.126586501898, 0.01 , 0.01 ,21.45 , 9.65 , 0.45 , 0.13 , 357.12
2024-02-20 15:39:11,959 :- 00205: 076 , 20.90 , -4.00 || 1708423751, 17.602128574286 , 78.126586501898, 0.01 , 0.01 ,21.45 , 9.72 , 0.50 , 0.17 , 357.48
2024-02-20 15:39:11,989 :- 00206: 079 , 20.90 , -4.00 || 1708423751, 17.602128574286 , 78.126586501898, 0.01 , 0.01 ,21.45 , 10.33 , 0.53 , 0.16 , 357.66
2024-02-20 15:39:12,019 :- 00207: 082 , 20.90 , -4.00 || 1708423751, 17.602128574286 , 78.126586501898, 0.01 , 0.01 ,21.45 , 9.96 , 0.55 , 0.16 , 357.85
2024-02-20 15:39:12,049 :- 00208: 085 , 20.90 , -4.00 || 1708423752, 17.602133946032 , 78.126586311677, 0.01 , 0.01 ,21.45 , 10.07 , 0.57 , 0.17 , 358.22
2024-02-20 15:39:12,078 :- 00209: 088 , 20.90 , -4.00 || 1708423752, 17.602133946032 , 78.126586311677, 0.01 , 0.01 ,21.45 , 9.88 , 0.58 , 0.21 , 358.58
2024-02-20 15:39:12,109 :- 00210: 091 , 20.90 , -4.00 || 1708423752, 17.602133946032 , 78.126586311677, 0.01 , 0.01 ,21.46 , 9.69 , 0.57 , 0.21 , 358.76
2024-02-20 15:39:12,139 :- 00211: 094 , 20.90 , -4.00 || 1708423752, 17.602139334770 , 78.126586171773, 0.01 , 0.01 ,21.46 , 10.26 , 0.58 , 0.24 , 359.13
2024-02-20 15:39:12,169 :- 00212: 097 , 21.00 , -4.00 || 1708423752, 17.602139334770 , 78.126586171773, 0.01 , 0.01 ,21.46 , 9.74 , 0.58 , 0.23 , 359.30
2024-02-20 15:39:12,199 :- 00213: 100 , 21.00 , -4.00 || 1708423752, 17.602139334770 , 78.126586171773, 0.01 , 0.01 ,21.46 , 9.61 , 0.58 , 0.29 , 359.66
2024-02-20 15:39:12,229 :- 00214: 103 , 21.00 , -4.00 || 1708423752, 17.602144710081 , 78.126586087336, 0.01 , 0.01 ,21.45 , 9.85 , 0.56 , 0.29 , 359.83
2024-02-20 15:39:12,259 :- 00215: 106 , 21.00 , -4.00 || 1708423752, 17.602144710081 , 78.126586087336, 0.01 , 0.01 ,21.45 , 9.37 , 0.53 , 0.28 , 0.18
2024-02-20 15:39:12,289 :- 00216: 109 , 21.00 , -4.00 || 1708423752, 17.602144710081 , 78.126586087336, 0.01 , 0.01 ,21.45 , 9.66 , 0.51 , 0.30 , 0.36
2024-02-20 15:39:12,319 :- 00217: 112 , 21.00 , -4.00 || 1708423752, 17.602150098762 , 78.126586108150, 0.01 , 0.01 ,21.45 , 9.73 , 0.46 , 0.30 , 0.72
2024-02-20 15:39:12,349 :- 00218: 115 , 21.00 , -3.90 || 1708423752, 17.602150098762 , 78.126586108150, 0.01 , 0.01 ,21.45 , 9.09 , 0.45 , 0.28 , 0.90
2024-02-20 15:39:12,379 :- 00219: 118 , 21.00 , -3.80 || 1708423752, 17.602150098762 , 78.126586108150, 0.01 , 0.01 ,21.45 , 9.90 , 0.46 , 0.29 , 1.26
2024-02-20 15:39:12,409 :- 00220: 121 , 21.00 , -3.70 || 1708423752, 17.602150098762 , 78.126586108150, 0.01 , 0.01 ,21.54 , 9.70 , 0.46 , 0.27 , 1.43
2024-02-20 15:39:12,439 :- 00221: 124 , 21.00 , -3.60 || 1708423752, 17.602155497079 , 78.126586205502, 0.01 , 0.01 ,21.54 , 9.67 , 0.45 , 0.23 , 1.77
2024-02-20 15:39:12,469 :- 00222: 127 , 21.00 , -3.40 || 1708423752, 17.602155497079 , 78.126586205502, 0.01 , 0.01 ,21.54 , 10.37 , 0.47 , 0.25 , 1.94
2024-02-20 15:39:12,499 :- 00223: 130 , 21.10 , -3.30 || 1708423752, 17.602155497079 , 78.126586205502, 0.01 , 0.01 ,21.54 , 9.97 , 0.45 , 0.22 , 2.26
2024-02-20 15:39:12,529 :- 00224: 133 , 21.10 , -3.20 || 1708423752, 17.602160894739 , 78.126586409746, 0.01 , 0.01 ,21.55 , 9.73 , 0.47 , 0.24 , 2.42
2024-02-20 15:39:12,559 :- 00225: 136 , 21.10 , -3.10 || 1708423752, 17.602160894739 , 78.126586409746, 0.01 , 0.01 ,21.55 , 10.47 , 0.53 , 0.26 , 2.71
2024-02-20 15:39:12,589 :- 00226: 139 , 21.10 , -2.90 || 1708423752, 17.602160894739 , 78.126586409746, 0.01 , 0.01 ,21.55 , 9.33 , 0.56 , 0.24 , 2.85
2024-02-20 15:39:12,619 :- 00227: 142 , 21.20 , -2.80 || 1708423752, 17.602166336587 , 78.126586727931, 0.01 , 0.01 ,21.73 , 9.77 , 0.66 , 0.26 , 3.13
2024-02-20 15:39:12,649 :- 00228: 145 , 21.20 , -2.70 || 1708423752, 17.602166336587 , 78.126586727931, 0.01 , 0.01 ,21.73 , 9.94 , 0.69 , 0.27 , 3.27
2024-02-20 15:39:12,679 :- 00229: 148 , 21.20 , -2.50 || 1708423752, 17.602166336587 , 78.126586727931, 0.01 , 0.01 ,21.73 , 9.78 , 0.72 , 0.24 , 3.53
2024-02-20 15:39:12,709 :- 00230: 151 , 21.30 , -2.40 || 1708423752, 17.602166336587 , 78.126586727931, 0.01 , 0.01 ,21.86 , 9.51 , 0.74 , 0.25 , 3.65
2024-02-20 15:39:12,738 :- 00231: 151 , 21.30 , -2.40 || 1708423752, 17.602166336587 , 78.126586727931, 0.01 , 0.01 ,21.86 , 9.51 , 0.74 , 0.25 , 3.651708423752, 17.602171793431 , 78.126587132494, 0.01 , 0.01 ,21.86 , 10.13 , 0.82 , 0.26 , 3.88
2024-02-20 15:39:12,759 :- 00232: 156 , 21.30 , -2.20 || 1708423752, 17.602171793431 , 78.126587132494, 0.01 , 0.01 ,21.86 , 9.81 , 0.85 , 0.24 , 3.99
2024-02-20 15:39:12,789 :- 00233: 159 , 21.40 , -2.00 || 1708423752, 17.602171793431 , 78.126587132494, 0.01 , 0.01 ,21.86 , 9.56 , 0.87 , 0.23 , 4.09
2024-02-20 15:39:12,819 :- 00234: 162 , 21.40 , -1.90 || 1708423752, 17.602177281194 , 78.126587578068, 0.01 , 0.01 ,21.99 , 10.22 , 0.88 , 0.27 , 4.28
2024-02-20 15:39:12,849 :- 00235: 165 , 21.50 , -1.80 || 1708423752, 17.602177281194 , 78.126587578068, 0.01 , 0.01 ,21.99 , 9.25 , 0.84 , 0.24 , 4.36
2024-02-20 15:39:12,879 :- 00236: 168 , 21.60 , -1.60 || 1708423752, 17.602177281194 , 78.126587578068, 0.01 , 0.01 ,21.99 , 9.34 , 0.81 , 0.25 , 4.53
2024-02-20 15:39:12,909 :- 00237: 171 , 21.60 , -1.50 || 1708423752, 17.602177281194 , 78.126587578068, 0.01 , 0.01 ,22.16 , 10.00 , 0.80 , 0.25 , 4.61
2024-02-20 15:39:12,939 :- 00238: 174 , 21.60 , -1.30 || 1708423752, 17.602182810267 , 78.126588035303, 0.01 , 0.01 ,22.16 , 9.93 , 0.77 , 0.18 , 4.76
2024-02-20 15:39:12,969 :- 00239: 177 , 21.60 , -1.10 || 1708423752, 17.602182810267 , 78.126588035303, 0.01 , 0.01 ,22.16 , 10.04 , 0.78 , 0.19 , 4.84
2024-02-20 15:39:12,999 :- 00240: 180 , 21.70 , -0.90 || 1708423752, 17.602182810267 , 78.126588035303, 0.01 , 0.01 ,22.16 , 10.74 , 0.82 , 0.19 , 4.96
2024-02-20 15:39:13,029 :- 00241: 183 , 21.80 , -0.80 || 1708423753, 17.602188380715 , 78.126588504484, 0.01 , 0.01 ,22.30 , 9.40 , 0.84 , 0.15 , 5.01
2024-02-20 15:39:13,059 :- 00242: 186 , 21.80 , -0.60 || 1708423753, 17.602188380715 , 78.126588504484, 0.01 , 0.01 ,22.30 , 9.70 , 0.91 , 0.17 , 5.08
2024-02-20 15:39:13,089 :- 00243: 189 , 21.90 , -0.40 || 1708423753, 17.602188380715 , 78.126588504484, 0.01 , 0.01 ,22.30 , 10.12 , 0.96 , 0.18 , 5.11
2024-02-20 15:39:13,119 :- 00244: 192 , 21.90 , -0.20 || 1708423753, 17.602193993297 , 78.126589090888, 0.01 , 0.01 ,22.50 , 10.07 , 1.07 , 0.14 , 5.15
2024-02-20 15:39:13,149 :- 00245: 195 , 22.00 , -0.10 || 1708423753, 17.602193993297 , 78.126589090888, 0.01 , 0.01 ,22.50 , 9.81 , 1.11 , 0.14 , 5.17
2024-02-20 15:39:13,179 :- 00246: 198 , 22.10 , 00.00 || 1708423753, 17.602193993297 , 78.126589090888, 0.01 , 0.01 ,22.50 , 9.70 , 1.21 , 0.16 , 5.17
2024-02-20 15:39:13,209 :- 00247: 201 , 22.20 , 00.10 || 1708423753, 17.602193993297 , 78.126589090888, 0.01 , 0.01 ,22.64 , 8.79 , 1.21 , 0.04 , 5.18
2024-02-20 15:39:13,239 :- 00248: 204 , 22.20 , 00.30 || 1708423753, 17.602199638771 , 78.126589714310, 0.01 , 0.01 ,22.64 , 10.64 , 1.25 , 0.12 , 5.18
2024-02-20 15:39:13,269 :- 00249: 207 , 22.20 , 00.40 || 1708423753, 17.602199638771 , 78.126589714310, 0.01 , 0.01 ,22.64 , 9.77 , 1.23 , 0.10 , 5.17
2024-02-20 15:39:13,299 :- 00250: 210 , 22.30 , 00.60 || 1708423753, 17.602199638771 , 78.126589714310, 0.01 , 0.01 ,22.64 , 9.86 , 1.19 , 0.01 , 5.15
2024-02-20 15:39:13,329 :- 00251: 213 , 22.30 , 00.60 || 1708423753, 17.602205339129 , 78.126590246444, 0.01 , 0.01 ,22.78 , 9.60 , 1.19 , 0.03 , 5.13
2024-02-20 15:39:13,358 :- 00252: 216 , 22.40 , 00.70 || 1708423753, 17.602205339129 , 78.126590246444, 0.01 , 0.01 ,22.78 , 10.43 , 1.18 , -0.01 , 5.08
2024-02-20 15:39:13,389 :- 00253: 219 , 22.40 , 00.70 || 1708423753, 17.602205339129 , 78.126590246444, 0.01 , 0.01 ,22.78 , 8.98 , 1.14 , -0.08 , 5.04
2024-02-20 15:39:13,419 :- 00254: 222 , 22.50 , 00.70 || 1708423753, 17.602211097132 , 78.126590741401, 0.01 , 0.01 ,23.06 , 10.34 , 1.13 , -0.00 , 4.96
2024-02-20 15:39:13,449 :- 00255: 225 , 22.60 , 00.70 || 1708423753, 17.602211097132 , 78.126590741401, 0.01 , 0.01 ,23.06 , 9.92 , 1.11 , -0.05 , 4.91
2024-02-20 15:39:13,479 :- 00256: 228 , 22.60 , 00.70 || 1708423753, 17.602211097132 , 78.126590741401, 0.01 , 0.01 ,23.06 , 9.84 , 1.06 , -0.06 , 4.83
2024-02-20 15:39:13,509 :- 00257: 231 , 22.70 , 00.70 || 1708423753, 17.602211097132 , 78.126590741401, 0.01 , 0.01 ,23.33 , 10.42 , 1.05 , -0.04 , 4.78
2024-02-20 15:39:13,539 :- 00258: 234 , 22.70 , 00.70 || 1708423753, 17.602216920044 , 78.126591243709, 0.01 , 0.01 ,23.33 , 9.66 , 1.02 , -0.11 , 4.71
2024-02-20 15:39:13,569 :- 00259: 237 , 22.70 , 00.70 || 1708423753, 17.602216920044 , 78.126591243709, 0.01 , 0.01 ,23.33 , 12.14 , 1.07 , -0.02 , 4.66
2024-02-20 15:39:13,599 :- 00260: 240 , 22.90 , 00.70 || 1708423753, 17.602216920044 , 78.126591243709, 0.01 , 0.01 ,23.33 , 7.29 , 0.89 , -0.17 , 4.61
2024-02-20 15:39:13,629 :- 00261: 243 , 23.00 , 00.70 || 1708423753, 17.602222808717 , 78.126591724435, 0.01 , 0.01 ,23.61 , 9.70 , 1.01 , -0.11 , 4.57
2024-02-20 15:39:13,659 :- 00262: 246 , 23.00 , 00.70 || 1708423753, 17.602222808717 , 78.126591724435, 0.01 , 0.01 ,23.61 , 10.92 , 1.03 , -0.05 , 4.49
2024-02-20 15:39:13,689 :- 00263: 249 , 23.10 , 00.70 || 1708423753, 17.602222808717 , 78.126591724435, 0.01 , 0.01 ,23.61 , 10.48 , 0.96 , -0.10 , 4.46
2024-02-20 15:39:13,719 :- 00264: 252 , 23.20 , 00.70 || 1708423753, 17.602228724936 , 78.126592181738, 0.01 , 0.01 ,23.67 , 8.50 , 0.92 , -0.09 , 4.38
2024-02-20 15:39:13,749 :- 00265: 255 , 23.20 , 00.70 || 1708423753, 17.602228724936 , 78.126592181738, 0.01 , 0.01 ,23.67 , 9.84 , 0.88 , -0.04 , 4.34
2024-02-20 15:39:13,779 :- 00266: 002 , 23.20 , 00.70 || 1708423753, 17.602228724936 , 78.126592181738, 0.01 , 0.01 ,23.67 , 10.24 , 0.86 , -0.06 , 4.26
2024-02-20 15:39:13,809 :- 00267: 005 , 23.30 , 00.70 || 1708423753, 17.602228724936 , 78.126592181738, 0.01 , 0.01 ,24.12 , 8.78 , 0.82 , -0.02 , 4.23
2024-02-20 15:39:13,839 :- 00268: 008 , 23.30 , 00.70 || 1708423753, 17.602234730744 , 78.126592623888, 0.01 , 0.01 ,24.12 , 10.35 , 0.86 , 0.05 , 4.15
2024-02-20 15:39:13,869 :- 00269: 011 , 23.40 , 00.70 || 1708423753, 17.602234730744 , 78.126592623888, 0.01 , 0.01 ,24.12 , 9.50 , 0.85 , 0.05 , 4.12
2024-02-20 15:39:13,899 :- 00270: 014 , 23.40 , 00.70 || 1708423753, 17.602234730744 , 78.126592623888, 0.01 , 0.01 ,24.12 , 10.62 , 0.84 , 0.08 , 4.03
2024-02-20 15:39:13,929 :- 00271: 017 , 23.40 , 00.70 || 1708423753, 17.602240791677 , 78.126593072694, 0.01 , 0.01 ,24.25 , 9.48 , 0.83 , 0.09 , 3.99
2024-02-20 15:39:13,959 :- 00272: 020 , 23.50 , 00.70 || 1708423753, 17.602240791677 , 78.126593072694, 0.01 , 0.01 ,24.25 , 10.97 , 0.83 , 0.17 , 3.90
2024-02-20 15:39:13,989 :- 00273: 023 , 23.60 , 00.80 || 1708423753, 17.602240791677 , 78.126593072694, 0.01 , 0.01 ,24.25 , 8.92 , 0.82 , 0.17 , 3.86
2024-02-20 15:39:14,018 :- 00274: 023 , 23.60 , 00.80 || 1708423753, 17.602240791677 , 78.126593072694, 0.01 , 0.01 ,24.25 , 8.92 , 0.82 , 0.17 , 3.861708423753, 17.602240791677 , 78.126593072694, 0.01 , 0.01 ,24.25 , 10.11 , 0.83 , 0.20 , 3.81
2024-02-20 15:39:14,039 :- 00275: 028 , 23.80 , 00.80 || 1708423754, 17.602246894967 , 78.126593499023, 0.01 , 0.01 ,24.44 , 9.22 , 0.84 , 0.24 , 3.77
2024-02-20 15:39:14,069 :- 00276: 031 , 23.80 , 00.80 || 1708423754, 17.602246894967 , 78.126593499023, 0.01 , 0.01 ,24.44 , 9.86 , 0.88 , 0.26 , 3.69
2024-02-20 15:39:14,099 :- 00277: 034 , 23.90 , 00.80 || 1708423754, 17.602246894967 , 78.126593499023, 0.01 , 0.01 ,24.44 , 9.23 , 0.93 , 0.25 , 3.61
2024-02-20 15:39:14,129 :- 00278: 037 , 24.00 , 00.90 || 1708423754, 17.602252973574 , 78.126593896873, 0.01 , 0.01 ,24.59 , 9.16 , 0.93 , 0.25 , 3.57
2024-02-20 15:39:14,159 :- 00279: 040 , 24.00 , 00.90 || 1708423754, 17.602252973574 , 78.126593896873, 0.01 , 0.01 ,24.59 , 9.58 , 1.00 , 0.21 , 3.48
2024-02-20 15:39:14,189 :- 00280: 043 , 24.10 , 00.90 || 1708423754, 17.602252973574 , 78.126593896873, 0.01 , 0.01 ,24.59 , 9.53 , 1.02 , 0.18 , 3.43
2024-02-20 15:39:14,219 :- 00281: 046 , 24.10 , 01.00 || 1708423754, 17.602259155167 , 78.126594319387, 0.01 , 0.01 ,24.66 , 10.11 , 1.09 , 0.12 , 3.33
2024-02-20 15:39:14,249 :- 00282: 049 , 24.20 , 01.00 || 1708423754, 17.602259155167 , 78.126594319387, 0.01 , 0.01 ,24.66 , 9.20 , 1.12 , 0.08 , 3.28
2024-02-20 15:39:14,279 :- 00283: 052 , 24.30 , 01.00 || 1708423754, 17.602259155167 , 78.126594319387, 0.01 , 0.01 ,24.66 , 10.55 , 1.18 , 0.06 , 3.17
2024-02-20 15:39:14,309 :- 00284: 055 , 24.30 , 01.00 || 1708423754, 17.602259155167 , 78.126594319387, 0.01 , 0.01 ,24.90 , 9.15 , 1.19 , -0.00 , 3.12
2024-02-20 15:39:14,339 :- 00285: 058 , 24.40 , 01.00 || 1708423754, 17.602265369771 , 78.126594738805, 0.01 , 0.01 ,24.90 , 10.42 , 1.26 , -0.01 , 3.02
2024-02-20 15:39:14,369 :- 00286: 061 , 24.40 , 01.00 || 1708423754, 17.602265369771 , 78.126594738805, 0.01 , 0.01 ,24.90 , 9.60 , 1.26 , -0.03 , 2.97
2024-02-20 15:39:14,399 :- 00287: 064 , 24.50 , 01.00 || 1708423754, 17.602265369771 , 78.126594738805, 0.01 , 0.01 ,24.90 , 10.82 , 1.30 , -0.06 , 2.87
2024-02-20 15:39:14,429 :- 00288: 067 , 24.50 , 01.00 || 1708423754, 17.602271649644 , 78.126595098926, 0.01 , 0.01 ,25.13 , 10.08 , 1.30 , -0.04 , 2.81
2024-02-20 15:39:14,459 :- 00289: 070 , 24.60 , 01.00 || 1708423754, 17.602271649644 , 78.126595098926, 0.01 , 0.01 ,25.13 , 10.34 , 1.31 , -0.00 , 2.69
2024-02-20 15:39:14,489 :- 00290: 073 , 24.60 , 01.00 || 1708423754, 17.602271649644 , 78.126595098926, 0.01 , 0.01 ,25.13 , 9.94 , 1.29 , 0.04 , 2.63
2024-02-20 15:39:14,519 :- 00291: 076 , 24.70 , 01.00 || 1708423754, 17.602278022347 , 78.126595412725, 0.01 , 0.01 ,25.48 , 10.09 , 1.32 , 0.09 , 2.52
2024-02-20 15:39:14,549 :- 00292: 079 , 24.70 , 01.00 || 1708423754, 17.602278022347 , 78.126595412725, 0.01 , 0.01 ,25.48 , 10.17 , 1.31 , 0.15 , 2.46
2024-02-20 15:39:14,579 :- 00293: 082 , 24.80 , 01.00 || 1708423754, 17.602278022347 , 78.126595412725, 0.01 , 0.01 ,25.48 , 9.56 , 1.34 , 0.20 , 2.35
2024-02-20 15:39:14,609 :- 00294: 085 , 24.90 , 01.00 || 1708423754, 17.602278022347 , 78.126595412725, 0.01 , 0.01 ,25.64 , 9.77 , 1.33 , 0.25 , 2.29
2024-02-20 15:39:14,638 :- 00295: 088 , 24.90 , 01.00 || 1708423754, 17.602284459097 , 78.126595701741, 0.01 , 0.01 ,25.64 , 10.11 , 1.37 , 0.32 , 2.18
2024-02-20 15:39:14,669 :- 00296: 091 , 25.00 , 01.00 || 1708423754, 17.602284459097 , 78.126595701741, 0.01 , 0.01 ,25.64 , 8.76 , 1.35 , 0.33 , 2.13
2024-02-20 15:39:14,699 :- 00297: 094 , 25.10 , 01.00 || 1708423754, 17.602284459097 , 78.126595701741, 0.01 , 0.01 ,25.64 , 8.90 , 1.40 , 0.39 , 2.01
2024-02-20 15:39:14,729 :- 00298: 097 , 25.10 , 01.00 || 1708423754, 17.602290927040 , 78.126595969081, 0.01 , 0.01 ,25.85 , 9.74 , 1.44 , 0.37 , 1.96
2024-02-20 15:39:14,759 :- 00299: 100 , 25.20 , 01.00 || 1708423754, 17.602290927040 , 78.126595969081, 0.01 , 0.01 ,25.85 , 9.11 , 1.45 , 0.37 , 1.84
2024-02-20 15:39:14,789 :- 00300: 103 , 25.20 , 01.00 || 1708423754, 17.602290927040 , 78.126595969081, 0.01 , 0.01 ,25.85 , 9.16 , 1.47 , 0.37 , 1.78
2024-02-20 15:39:14,819 :- 00301: 106 , 25.30 , 01.00 || 1708423754, 17.602297412044 , 78.126596229661, 0.01 , 0.01 ,25.86 , 9.90 , 1.55 , 0.35 , 1.68
2024-02-20 15:39:14,849 :- 00302: 109 , 25.30 , 00.90 || 1708423754, 17.602297412044 , 78.126596229661, 0.01 , 0.01 ,25.86 , 10.03 , 1.54 , 0.33 , 1.63
2024-02-20 15:39:14,879 :- 00303: 112 , 25.40 , 00.90 || 1708423754, 17.602297412044 , 78.126596229661, 0.01 , 0.01 ,25.86 , 8.74 , 1.54 , 0.29 , 1.53
2024-02-20 15:39:14,909 :- 00304: 115 , 25.40 , 00.90 || 1708423754, 17.602297412044 , 78.126596229661, 0.01 , 0.01 ,26.01 , 10.55 , 1.57 , 0.28 , 1.48
2024-02-20 15:39:14,939 :- 00305: 118 , 25.40 , 00.80 || 1708423754, 17.602303926038 , 78.126596420686, 0.01 , 0.01 ,26.01 , 9.42 , 1.53 , 0.20 , 1.39
2024-02-20 15:39:14,969 :- 00306: 121 , 25.50 , 00.80 || 1708423754, 17.602303926038 , 78.126596420686, 0.01 , 0.01 ,26.01 , 10.04 , 1.52 , 0.18 , 1.34
2024-02-20 15:39:14,999 :- 00307: 124 , 25.50 , 00.80 || 1708423754, 17.602303926038 , 78.126596420686, 0.01 , 0.01 ,26.01 , 9.82 , 1.51 , 0.15 , 1.24
2024-02-20 15:39:15,029 :- 00308: 127 , 25.60 , 00.70 || 1708423755, 17.602310487110 , 78.126596579524, 0.01 , 0.01 ,26.17 , 10.47 , 1.50 , 0.13 , 1.19
2024-02-20 15:39:15,059 :- 00309: 130 , 25.60 , 00.70 || 1708423755, 17.602310487110 , 78.126596579524, 0.01 , 0.01 ,26.17 , 10.51 , 1.47 , 0.09 , 1.10
2024-02-20 15:39:15,089 :- 00310: 133 , 25.70 , 00.60 || 1708423755, 17.602310487110 , 78.126596579524, 0.01 , 0.01 ,26.17 , 9.62 , 1.46 , 0.11 , 1.06
2024-02-20 15:39:15,119 :- 00311: 136 , 25.80 , 00.60 || 1708423755, 17.602317109869 , 78.126596688147, 0.01 , 0.01 ,26.50 , 10.03 , 1.42 , 0.11 , 0.98
2024-02-20 15:39:15,149 :- 00312: 139 , 25.90 , 00.60 || 1708423755, 17.602317109869 , 78.126596688147, 0.01 , 0.01 ,26.50 , 9.70 , 1.43 , 0.12 , 0.94
2024-02-20 15:39:15,179 :- 00313: 142 , 25.90 , 00.50 || 1708423755, 17.602317109869 , 78.126596688147, 0.01 , 0.01 ,26.50 , 10.49 , 1.42 , 0.13 , 0.87
2024-02-20 15:39:15,209 :- 00314: 145 , 25.90 , 00.50 || 1708423755, 17.602317109869 , 78.126596688147, 0.01 , 0.01 ,26.69 , 9.96 , 1.41 , 0.15 , 0.84
2024-02-20 15:39:15,239 :- 00315: 148 , 26.00 , 00.50 || 1708423755, 17.602323792641 , 78.126596797394, 0.01 , 0.01 ,26.69 , 10.06 , 1.41 , 0.17 , 0.77
2024-02-20 15:39:15,269 :- 00316: 151 , 26.00 , 00.40 || 1708423755, 17.602323792641 , 78.126596797394, 0.01 , 0.01 ,26.69 , 9.87 , 1.40 , 0.19 , 0.74
2024-02-20 15:39:15,298 :- 00317: 151 , 26.00 , 00.40 || 1708423755, 17.602323792641 , 78.126596797394, 0.01 , 0.01 ,26.69 , 9.87 , 1.40 , 0.19 , 0.741708423755, 17.602323792641 , 78.126596797394, 0.01 , 0.01 ,26.69 , 9.96 , 1.37 , 0.26 , 0.68
2024-02-20 15:39:15,319 :- 00318: 156 , 26.20 , 00.40 || 1708423755, 17.602330536611 , 78.126596900352, 0.01 , 0.01 ,26.91 , 9.90 , 1.37 , 0.28 , 0.65
2024-02-20 15:39:15,349 :- 00319: 159 , 26.20 , 00.30 || 1708423755, 17.602330536611 , 78.126596900352, 0.01 , 0.01 ,26.91 , 9.64 , 1.37 , 0.31 , 0.63
2024-02-20 15:39:15,379 :- 00320: 162 , 26.20 , 00.30 || 1708423755, 17.602330536611 , 78.126596900352, 0.01 , 0.01 ,26.91 , 9.84 , 1.34 , 0.36 , 0.59
2024-02-20 15:39:15,409 :- 00321: 165 , 26.20 , 00.30 || 1708423755, 17.602330536611 , 78.126596900352, 0.01 , 0.01 ,26.89 , 9.72 , 1.33 , 0.38 , 0.57
2024-02-20 15:39:15,439 :- 00322: 168 , 26.20 , 00.30 || 1708423755, 17.602337289332 , 78.126596957634, 0.01 , 0.01 ,26.89 , 9.36 , 1.30 , 0.41 , 0.53
2024-02-20 15:39:15,469 :- 00323: 171 , 26.20 , 00.30 || 1708423755, 17.602337289332 , 78.126596957634, 0.01 , 0.01 ,26.89 , 9.60 , 1.30 , 0.42 , 0.51
2024-02-20 15:39:15,499 :- 00324: 174 , 26.30 , 00.30 || 1708423755, 17.602337289332 , 78.126596957634, 0.01 , 0.01 ,26.89 , 9.42 , 1.30 , 0.41 , 0.47
2024-02-20 15:39:15,529 :- 00325: 177 , 26.30 , 00.20 || 1708423755, 17.602344038063 , 78.126597024471, 0.01 , 0.01 ,26.84 , 9.48 , 1.28 , 0.41 , 0.45
2024-02-20 15:39:15,559 :- 00326: 180 , 26.30 , 00.20 || 1708423755, 17.602344038063 , 78.126597024471, 0.01 , 0.01 ,26.84 , 9.83 , 1.25 , 0.40 , 0.42
2024-02-20 15:39:15,589 :- 00327: 183 , 26.30 , 00.20 || 1708423755, 17.602344038063 , 78.126597024471, 0.01 , 0.01 ,26.84 , 9.76 , 1.24 , 0.39 , 0.41
2024-02-20 15:39:15,619 :- 00328: 186 , 26.20 , 00.20 || 1708423755, 17.602350758531 , 78.126597060850, 0.01 , 0.01 ,26.77 , 9.90 , 1.22 , 0.40 , 0.38
2024-02-20 15:39:15,649 :- 00329: 189 , 26.20 , 00.20 || 1708423755, 17.602350758531 , 78.126597060850, 0.01 , 0.01 ,26.77 , 9.73 , 1.23 , 0.41 , 0.37
2024-02-20 15:39:15,679 :- 00330: 192 , 26.20 , 00.20 || 1708423755, 17.602350758531 , 78.126597060850, 0.01 , 0.01 ,26.77 , 9.80 , 1.23 , 0.38 , 0.34
2024-02-20 15:39:15,709 :- 00331: 195 , 26.20 , 00.20 || 1708423755, 17.602350758531 , 78.126597060850, 0.01 , 0.01 ,26.80 , 10.07 , 1.25 , 0.40 , 0.33
2024-02-20 15:39:15,739 :- 00332: 198 , 26.20 , 00.20 || 1708423755, 17.602357488663 , 78.126597098381, 0.01 , 0.01 ,26.80 , 10.26 , 1.25 , 0.41 , 0.29
2024-02-20 15:39:15,769 :- 00333: 201 , 26.10 , 00.20 || 1708423755, 17.602357488663 , 78.126597098381, 0.01 , 0.01 ,26.80 , 10.34 , 1.26 , 0.42 , 0.28
2024-02-20 15:39:15,799 :- 00334: 204 , 26.10 , 00.10 || 1708423755, 17.602357488663 , 78.126597098381, 0.01 , 0.01 ,26.80 , 10.51 , 1.27 , 0.45 , 0.25
2024-02-20 15:39:15,829 :- 00335: 207 , 26.10 , 00.10 || 1708423755, 17.602364186261 , 78.126597152720, 0.01 , 0.01 ,26.65 , 9.92 , 1.25 , 0.48 , 0.24
2024-02-20 15:39:15,859 :- 00336: 210 , 26.10 , 00.10 || 1708423755, 17.602364186261 , 78.126597152720, 0.01 , 0.01 ,26.65 , 8.98 , 1.24 , 0.50 , 0.22
2024-02-20 15:39:15,889 :- 00337: 213 , 26.00 , 00.10 || 1708423755, 17.602364186261 , 78.126597152720, 0.01 , 0.01 ,26.65 , 9.89 , 1.28 , 0.51 , 0.22
2024-02-20 15:39:15,918 :- 00338: 216 , 26.00 , 00.10 || 1708423755, 17.602370881082 , 78.126597184074, 0.01 , 0.01 ,26.57 , 9.59 , 1.29 , 0.51 , 0.21
2024-02-20 15:39:15,949 :- 00339: 219 , 26.00 , 00.10 || 1708423755, 17.602370881082 , 78.126597184074, 0.01 , 0.01 ,26.57 , 9.33 , 1.28 , 0.51 , 0.20
2024-02-20 15:39:15,979 :- 00340: 222 , 26.00 , 00.10 || 1708423755, 17.602370881082 , 78.126597184074, 0.01 , 0.01 ,26.57 , 9.97 , 1.35 , 0.51 , 0.17
2024-02-20 15:39:16,009 :- 00341: 225 , 25.90 , 00.10 || 1708423755, 17.602370881082 , 78.126597184074, 0.01 , 0.01 ,26.57 , 9.87 , 1.35 , 0.50 , 0.16
2024-02-20 15:39:16,039 :- 00342: 228 , 25.90 , 00.10 || 1708423756, 17.602377503203 , 78.126597217298, 0.01 , 0.01 ,26.34 , 9.35 , 1.32 , 0.51 , 0.15
2024-02-20 15:39:16,069 :- 00343: 231 , 25.80 , 00.10 || 1708423756, 17.602377503203 , 78.126597217298, 0.01 , 0.01 ,26.34 , 9.64 , 1.36 , 0.51 , 0.14
2024-02-20 15:39:16,099 :- 00344: 234 , 25.70 , 00.10 || 1708423756, 17.602377503203 , 78.126597217298, 0.01 , 0.01 ,26.34 , 9.89 , 1.34 , 0.48 , 0.13
2024-02-20 15:39:16,129 :- 00345: 237 , 25.70 , 00.00 || 1708423756, 17.602384091511 , 78.126597254500, 0.01 , 0.01 ,26.23 , 9.31 , 1.35 , 0.47 , 0.13
2024-02-20 15:39:16,159 :- 00346: 240 , 25.60 , -0.00 || 1708423756, 17.602384091511 , 78.126597254500, 0.01 , 0.01 ,26.23 , 10.15 , 1.40 , 0.47 , 0.12
2024-02-20 15:39:16,189 :- 00347: 243 , 25.60 , -0.00 || 1708423756, 17.602384091511 , 78.126597254500, 0.01 , 0.01 ,26.23 , 10.23 , 1.40 , 0.48 , 0.11
2024-02-20 15:39:16,219 :- 00348: 246 , 25.50 , -0.10 || 1708423756, 17.602390644020 , 78.126597269213, 0.01 , 0.01 ,26.06 , 10.15 , 1.42 , 0.46 , 0.10
2024-02-20 15:39:16,249 :- 00349: 249 , 25.50 , -0.10 || 1708423756, 17.602390644020 , 78.126597269213, 0.01 , 0.01 ,26.06 , 10.48 , 1.45 , 0.50 , 0.09
2024-02-20 15:39:16,279 :- 00350: 252 , 25.50 , -0.20 || 1708423756, 17.602390644020 , 78.126597269213, 0.01 , 0.01 ,26.06 , 9.74 , 1.44 , 0.51 , 0.09
2024-02-20 15:39:16,309 :- 00351: 255 , 25.40 , -0.20 || 1708423756, 17.602390644020 , 78.126597269213, 0.01 , 0.01 ,25.98 , 9.72 , 1.48 , 0.53 , 0.09
2024-02-20 15:39:16,339 :- 00352: 002 , 25.40 , -0.20 || 1708423756, 17.602397179864 , 78.126597309689, 0.01 , 0.01 ,25.98 , 9.58 , 1.53 , 0.54 , 0.10
2024-02-20 15:39:16,369 :- 00353: 005 , 25.30 , -0.20 || 1708423756, 17.602397179864 , 78.126597309689, 0.01 , 0.01 ,25.98 , 9.63 , 1.55 , 0.56 , 0.11
2024-02-20 15:39:16,399 :- 00354: 008 , 25.30 , -0.20 || 1708423756, 17.602397179864 , 78.126597309689, 0.01 , 0.01 ,25.98 , 9.91 , 1.62 , 0.57 , 0.13
2024-02-20 15:39:16,429 :- 00355: 011 , 25.20 , -0.30 || 1708423756, 17.602403655857 , 78.126597371497, 0.01 , 0.01 ,25.73 , 9.85 , 1.65 , 0.57 , 0.15
2024-02-20 15:39:16,459 :- 00356: 014 , 25.20 , -0.30 || 1708423756, 17.602403655857 , 78.126597371497, 0.01 , 0.01 ,25.73 , 9.46 , 1.68 , 0.55 , 0.17
2024-02-20 15:39:16,489 :- 00357: 017 , 25.10 , -0.30 || 1708423756, 17.602403655857 , 78.126597371497, 0.01 , 0.01 ,25.73 , 9.63 , 1.69 , 0.56 , 0.18
2024-02-20 15:39:16,519 :- 00358: 020 , 25.10 , -0.40 || 1708423756, 17.602410059734 , 78.126597420878, 0.01 , 0.01 ,25.47 , 9.66 , 1.68 , 0.54 , 0.20
2024-02-20 15:39:16,549 :- 00359: 023 , 25.00 , -0.40 || 1708423756, 17.602410059734 , 78.126597420878, 0.01 , 0.01 ,25.47 , 9.72 , 1.67 , 0.53 , 0.21
2024-02-20 15:39:16,578 :- 00360: 023 , 25.00 , -0.40 || 1708423756, 17.602410059734 , 78.126597420878, 0.01 , 0.01 ,25.47 , 9.72 , 1.67 , 0.53 , 0.211708423756, 17.602410059734 , 78.126597420878, 0.01 , 0.01 ,25.47 , 9.68 , 1.68 , 0.56 , 0.24
2024-02-20 15:39:16,599 :- 00361: 028 , 24.90 , -0.60 || 1708423756, 17.602410059734 , 78.126597420878, 0.01 , 0.01 ,25.47 , 9.74 , 1.68 , 0.57 , 0.27
2024-02-20 15:39:16,629 :- 00362: 031 , 24.80 , -0.60 || 1708423756, 17.602416437087 , 78.126597447854, 0.01 , 0.01 ,25.38 , 9.70 , 1.65 , 0.56 , 0.29
2024-02-20 15:39:16,659 :- 00363: 034 , 24.80 , -0.70 || 1708423756, 17.602416437087 , 78.126597447854, 0.01 , 0.01 ,25.38 , 9.98 , 1.66 , 0.60 , 0.34
2024-02-20 15:39:16,689 :- 00364: 037 , 24.70 , -0.70 || 1708423756, 17.602416437087 , 78.126597447854, 0.01 , 0.01 ,25.38 , 9.88 , 1.66 , 0.60 , 0.36
2024-02-20 15:39:16,719 :- 00365: 040 , 24.60 , -0.70 || 1708423756, 17.602422767986 , 78.126597481931, 0.01 , 0.01 ,25.21 , 9.91 , 1.68 , 0.61 , 0.42
2024-02-20 15:39:16,749 :- 00366: 043 , 24.50 , -0.70 || 1708423756, 17.602422767986 , 78.126597481931, 0.01 , 0.01 ,25.21 , 10.21 , 1.69 , 0.64 , 0.44
2024-02-20 15:39:16,779 :- 00367: 046 , 24.50 , -0.80 || 1708423756, 17.602422767986 , 78.126597481931, 0.01 , 0.01 ,25.21 , 10.00 , 1.69 , 0.68 , 0.50
2024-02-20 15:39:16,809 :- 00368: 049 , 24.50 , -0.80 || 1708423756, 17.602422767986 , 78.126597481931, 0.01 , 0.01 ,24.99 , 9.69 , 1.70 , 0.69 , 0.53
2024-02-20 15:39:16,839 :- 00369: 052 , 24.40 , -0.80 || 1708423756, 17.602429050046 , 78.126597570164, 0.01 , 0.01 ,24.99 , 10.00 , 1.73 , 0.74 , 0.60
2024-02-20 15:39:16,869 :- 00370: 055 , 24.40 , -0.80 || 1708423756, 17.602429050046 , 78.126597570164, 0.01 , 0.01 ,24.99 , 9.90 , 1.74 , 0.75 , 0.63
2024-02-20 15:39:16,899 :- 00371: 058 , 24.40 , -0.80 || 1708423756, 17.602429050046 , 78.126597570164, 0.01 , 0.01 ,24.99 , 9.00 , 1.73 , 0.78 , 0.72
2024-02-20 15:39:16,929 :- 00372: 061 , 24.40 , -0.80 || 1708423756, 17.602435292327 , 78.126597673787, 0.01 , 0.01 ,24.85 , 9.03 , 1.73 , 0.78 , 0.76
2024-02-20 15:39:16,959 :- 00373: 064 , 24.20 , -0.80 || 1708423756, 17.602435292327 , 78.126597673787, 0.01 , 0.01 ,24.85 , 9.88 , 1.74 , 0.77 , 0.83
2024-02-20 15:39:16,989 :- 00374: 067 , 24.20 , -0.80 || 1708423756, 17.602435292327 , 78.126597673787, 0.01 , 0.01 ,24.85 , 9.71 , 1.71 , 0.78 , 0.86
2024-02-20 15:39:17,019 :- 00375: 070 , 24.10 , -0.90 || 1708423756, 17.602435292327 , 78.126597673787, 0.01 , 0.01 ,24.52 , 9.54 , 1.68 , 0.76 , 0.90
2024-02-20 15:39:17,049 :- 00376: 073 , 24.00 , -0.90 || 1708423757, 17.602441455045 , 78.126597755106, 0.01 , 0.01 ,24.52 , 9.93 , 1.67 , 0.75 , 0.97
2024-02-20 15:39:17,079 :- 00377: 076 , 24.00 , -1.00 || 1708423757, 17.602441455045 , 78.126597755106, 0.01 , 0.01 ,24.52 , 9.84 , 1.60 , 0.73 , 1.05
2024-02-20 15:39:17,109 :- 00378: 079 , 23.90 , -1.00 || 1708423757, 17.602441455045 , 78.126597755106, 0.01 , 0.01 ,24.29 , 9.39 , 1.59 , 0.73 , 1.08
2024-02-20 15:39:17,139 :- 00379: 082 , 23.80 , -1.10 || 1708423757, 17.602447560790 , 78.126597862886, 0.01 , 0.01 ,24.29 , 10.35 , 1.59 , 0.70 , 1.18
2024-02-20 15:39:17,169 :- 00380: 085 , 23.80 , -1.20 || 1708423757, 17.602447560790 , 78.126597862886, 0.01 , 0.01 ,24.29 , 10.01 , 1.55 , 0.72 , 1.23
2024-02-20 15:39:17,198 :- 00381: 088 , 23.70 , -1.20 || 1708423757, 17.602447560790 , 78.126597862886, 0.01 , 0.01 ,24.29 , 9.87 , 1.51 , 0.72 , 1.32
2024-02-20 15:39:17,229 :- 00382: 091 , 23.70 , -1.30 || 1708423757, 17.602453635515 , 78.126597979045, 0.01 , 0.01 ,24.18 , 9.92 , 1.49 , 0.73 , 1.37
2024-02-20 15:39:17,259 :- 00383: 094 , 23.60 , -1.30 || 1708423757, 17.602453635515 , 78.126597979045, 0.01 , 0.01 ,24.18 , 9.94 , 1.46 , 0.75 , 1.49
2024-02-20 15:39:17,289 :- 00384: 097 , 23.60 , -1.30 || 1708423757, 17.602453635515 , 78.126597979045, 0.01 , 0.01 ,24.18 , 9.68 , 1.45 , 0.74 , 1.54
2024-02-20 15:39:17,319 :- 00385: 100 , 23.50 , -1.30 || 1708423757, 17.602459672414 , 78.126598119768, 0.01 , 0.01 ,24.02 , 10.13 , 1.40 , 0.76 , 1.66
2024-02-20 15:39:17,349 :- 00386: 103 , 23.50 , -1.30 || 1708423757, 17.602459672414 , 78.126598119768, 0.01 , 0.01 ,24.02 , 9.54 , 1.37 , 0.75 , 1.72
2024-02-20 15:39:17,379 :- 00387: 106 , 23.40 , -1.40 || 1708423757, 17.602459672414 , 78.126598119768, 0.01 , 0.01 ,24.02 , 10.30 , 1.33 , 0.78 , 1.85
2024-02-20 15:39:17,409 :- 00388: 109 , 23.40 , -1.40 || 1708423757, 17.602459672414 , 78.126598119768, 0.01 , 0.01 ,23.77 , 9.60 , 1.31 , 0.78 , 1.92
2024-02-20 15:39:17,439 :- 00389: 112 , 23.30 , -1.40 || 1708423757, 17.602465640920 , 78.126598294225, 0.01 , 0.01 ,23.77 , 9.67 , 1.25 , 0.80 , 2.05
2024-02-20 15:39:17,469 :- 00390: 115 , 23.20 , -1.40 || 1708423757, 17.602465640920 , 78.126598294225, 0.01 , 0.01 ,23.77 , 9.64 , 1.25 , 0.81 , 2.12
2024-02-20 15:39:17,498 :- 00391: 118 , 23.20 , -1.40 || 1708423757, 17.602465640920 , 78.126598294225, 0.01 , 0.01 ,23.77 , 10.00 , 1.23 , 0.80 , 2.24
2024-02-20 15:39:17,528 :- 00392: 121 , 23.10 , -1.40 || 1708423757, 17.602471568486 , 78.126598495858, 0.01 , 0.01 ,23.59 , 9.14 , 1.21 , 0.82 , 2.31
2024-02-20 15:39:17,559 :- 00393: 124 , 23.10 , -1.40 || 1708423757, 17.602471568486 , 78.126598495858, 0.01 , 0.01 ,23.59 , 9.77 , 1.23 , 0.80 , 2.43
2024-02-20 15:39:17,588 :- 00394: 127 , 23.00 , -1.40 || 1708423757, 17.602471568486 , 78.126598495858, 0.01 , 0.01 ,23.59 , 9.98 , 1.23 , 0.81 , 2.49
2024-02-20 15:39:17,619 :- 00395: 130 , 22.90 , -1.50 || 1708423757, 17.602477427649 , 78.126598770461, 0.01 , 0.01 ,23.28 , 9.53 , 1.21 , 0.79 , 2.61
2024-02-20 15:39:17,649 :- 00396: 133 , 22.90 , -1.50 || 1708423757, 17.602477427649 , 78.126598770461, 0.01 , 0.01 ,23.28 , 9.78 , 1.23 , 0.79 , 2.67
2024-02-20 15:39:17,679 :- 00397: 136 , 22.80 , -1.50 || 1708423757, 17.602477427649 , 78.126598770461, 0.01 , 0.01 ,23.28 , 9.98 , 1.22 , 0.77 , 2.81
2024-02-20 15:39:17,709 :- 00398: 139 , 22.70 , -1.60 || 1708423757, 17.602477427649 , 78.126598770461, 0.01 , 0.01 ,23.06 , 10.01 , 1.19 , 0.76 , 2.88
2024-02-20 15:39:17,739 :- 00399: 142 , 22.70 , -1.70 || 1708423757, 17.602483233287 , 78.126599077584, 0.01 , 0.01 ,23.06 , 9.61 , 1.16 , 0.76 , 3.02
2024-02-20 15:39:17,768 :- 00400: 145 , 22.60 , -1.70 || 1708423757, 17.602483233287 , 78.126599077584, 0.01 , 0.01 ,23.06 , 10.22 , 1.16 , 0.74 , 3.09
2024-02-20 15:39:17,798 :- 00401: 148 , 22.60 , -1.80 || 1708423757, 17.602483233287 , 78.126599077584, 0.01 , 0.01 ,23.06 , 9.58 , 1.13 , 0.75 , 3.24
2024-02-20 15:39:17,829 :- 00402: 151 , 22.50 , -1.80 || 1708423757, 17.602488989186 , 78.126599382233, 0.01 , 0.01 ,22.87 , 9.86 , 1.11 , 0.75 , 3.32
2024-02-20 15:39:17,858 :- 00403: 151 , 22.50 , -1.80 || 1708423757, 17.602488989186 , 78.126599382233, 0.01 , 0.01 ,22.87 , 9.86 , 1.11 , 0.75 , 3.321708423757, 17.602488989186 , 78.126599382233, 0.01 , 0.01 ,22.87 , 9.87 , 1.07 , 0.73 , 3.47
2024-02-20 15:39:17,879 :- 00404: 156 , 22.40 , -1.90 || 1708423757, 17.602488989186 , 78.126599382233, 0.01 , 0.01 ,22.87 , 9.92 , 1.04 , 0.75 , 3.55
2024-02-20 15:39:17,909 :- 00405: 159 , 22.30 , -2.00 || 1708423757, 17.602488989186 , 78.126599382233, 0.01 , 0.01 ,22.64 , 9.49 , 1.03 , 0.72 , 3.64
2024-02-20 15:39:17,939 :- 00406: 162 , 22.30 , -2.00 || 1708423757, 17.602494676050 , 78.126599725226, 0.01 , 0.01 ,22.64 , 10.02 , 1.01 , 0.71 , 3.81
2024-02-20 15:39:17,968 :- 00407: 165 , 22.20 , -2.10 || 1708423757, 17.602494676050 , 78.126599725226, 0.01 , 0.01 ,22.64 , 9.85 , 1.01 , 0.72 , 3.90
2024-02-20 15:39:17,999 :- 00408: 168 , 22.10 , -2.20 || 1708423757, 17.602494676050 , 78.126599725226, 0.01 , 0.01 ,22.64 , 9.95 , 1.00 , 0.72 , 4.00
2024-02-20 15:39:18,029 :- 00409: 171 , 22.10 , -2.20 || 1708423758, 17.602500322115 , 78.126600123607, 0.01 , 0.01 ,22.52 , 10.02 , 1.01 , 0.73 , 4.19
2024-02-20 15:39:18,059 :- 00410: 174 , 22.00 , -2.30 || 1708423758, 17.602500322115 , 78.126600123607, 0.01 , 0.01 ,22.52 , 9.83 , 1.00 , 0.75 , 4.38
2024-02-20 15:39:18,089 :- 00411: 177 , 21.90 , -2.30 || 1708423758, 17.602500322115 , 78.126600123607, 0.01 , 0.01 ,22.52 , 9.62 , 1.00 , 0.77 , 4.48
2024-02-20 15:39:18,119 :- 00412: 180 , 21.90 , -2.40 || 1708423758, 17.602505917066 , 78.126600574724, 0.01 , 0.01 ,22.31 , 9.97 , 1.01 , 0.78 , 4.68
2024-02-20 15:39:18,149 :- 00413: 183 , 21.80 , -2.40 || 1708423758, 17.602505917066 , 78.126600574724, 0.01 , 0.01 ,22.31 , 9.77 , 1.02 , 0.78 , 4.78
2024-02-20 15:39:18,179 :- 00414: 186 , 21.70 , -2.50 || 1708423758, 17.602505917066 , 78.126600574724, 0.01 , 0.01 ,22.31 , 9.49 , 1.04 , 0.80 , 4.99
2024-02-20 15:39:18,208 :- 00415: 189 , 21.70 , -2.60 || 1708423758, 17.602505917066 , 78.126600574724, 0.01 , 0.01 ,21.95 , 9.90 , 1.05 , 0.78 , 5.10
2024-02-20 15:39:18,239 :- 00416: 192 , 21.60 , -2.60 || 1708423758, 17.602511426384 , 78.126601094457, 0.01 , 0.01 ,21.95 , 10.28 , 1.03 , 0.80 , 5.32
2024-02-20 15:39:18,269 :- 00417: 195 , 21.50 , -2.70 || 1708423758, 17.602511426384 , 78.126601094457, 0.01 , 0.01 ,21.95 , 9.63 , 1.01 , 0.80 , 5.43
2024-02-20 15:39:18,299 :- 00418: 198 , 21.50 , -2.70 || 1708423758, 17.602511426384 , 78.126601094457, 0.01 , 0.01 ,21.95 , 9.80 , 1.02 , 0.82 , 5.66
2024-02-20 15:39:18,328 :- 00419: 201 , 21.40 , -2.80 || 1708423758, 17.602516891498 , 78.126601644454, 0.01 , 0.01 ,21.85 , 9.70 , 1.02 , 0.81 , 5.78
2024-02-20 15:39:18,359 :- 00420: 204 , 21.40 , -2.90 || 1708423758, 17.602516891498 , 78.126601644454, 0.01 , 0.01 ,21.85 , 9.23 , 0.97 , 0.80 , 6.01
