2024-02-20 15:31:29,617 :- 00001: Feedback Code Starting
2024-02-20 15:31:29,643 :- 00002: 179 , 21.50 , -0.50 || 1708423289, 17.601699252662 , 78.126608758036, 0.01 , 0.01 ,21.94 , 10.05 , 1.35 , 0.06 , 355.52
2024-02-20 15:31:29,673 :- 00003: 182 , 21.50 , -0.50 || 1708423289, 17.601699252662 , 78.126608758036, 0.01 , 0.01 ,21.94 , 9.84 , 1.36 , 0.05 , 355.48
2024-02-20 15:31:29,703 :- 00004: 185 , 21.50 , -0.50 || 1708423289, 17.601699252662 , 78.126608758036, 0.01 , 0.01 ,21.94 , 10.21 , 1.39 , 0.03 , 355.41
2024-02-20 15:31:29,733 :- 00005: 188 , 21.50 , -0.50 || 1708423289, 17.601704738789 , 78.126608312610, 0.01 , 0.01 ,21.96 , 9.77 , 1.38 , 0.01 , 355.37
2024-02-20 15:31:29,763 :- 00006: 191 , 21.50 , -0.50 || 1708423289, 17.601704738789 , 78.126608312610, 0.01 , 0.01 ,21.96 , 10.25 , 1.41 , -0.00 , 355.31
2024-02-20 15:31:29,793 :- 00007: 194 , 21.50 , -0.50 || 1708423289, 17.601704738789 , 78.126608312610, 0.01 , 0.01 ,21.96 , 10.07 , 1.40 , -0.00 , 355.27
2024-02-20 15:31:29,823 :- 00008: 197 , 21.60 , -0.50 || 1708423289, 17.601710260864 , 78.126607826446, 0.01 , 0.01 ,22.05 , 9.82 , 1.36 , -0.01 , 355.21
2024-02-20 15:31:29,853 :- 00009: 200 , 21.60 , -0.50 || 1708423289, 17.601710260864 , 78.126607826446, 0.01 , 0.01 ,22.05 , 10.15 , 1.36 , 0.01 , 355.18
2024-02-20 15:31:29,883 :- 00010: 203 , 21.60 , -0.50 || 1708423289, 17.601710260864 , 78.126607826446, 0.01 , 0.01 ,22.05 , 9.92 , 1.36 , 0.02 , 355.12
2024-02-20 15:31:29,913 :- 00011: 206 , 21.60 , -0.50 || 1708423289, 17.601710260864 , 78.126607826446, 0.01 , 0.01 ,22.27 , 9.84 , 1.35 , 0.05 , 355.09
2024-02-20 15:31:29,943 :- 00012: 209 , 21.60 , -0.50 || 1708423289, 17.601715814200 , 78.126607332038, 0.01 , 0.01 ,22.27 , 9.93 , 1.36 , 0.08 , 355.04
2024-02-20 15:31:29,973 :- 00013: 212 , 21.60 , -0.50 || 1708423289, 17.601715814200 , 78.126607332038, 0.01 , 0.01 ,22.27 , 9.76 , 1.36 , 0.09 , 355.01
2024-02-20 15:31:30,003 :- 00014: 215 , 21.70 , -0.50 || 1708423290, 17.601715814200 , 78.126607332038, 0.01 , 0.01 ,22.27 , 9.84 , 1.38 , 0.11 , 354.96
2024-02-20 15:31:30,032 :- 00015: 215 , 21.70 , -0.50 || 1708423290, 17.601715814200 , 78.126607332038, 0.01 , 0.01 ,22.27 , 9.84 , 1.38 , 0.11 , 354.961708423290, 17.601721378790 , 78.126606845585, 0.01 , 0.01 ,22.26 , 9.57 , 1.38 , 0.13 , 354.94
2024-02-20 15:31:30,053 :- 00016: 220 , 21.70 , -0.50 || 1708423290, 17.601721378790 , 78.126606845585, 0.01 , 0.01 ,22.26 , 9.60 , 1.38 , 0.13 , 354.92
2024-02-20 15:31:30,083 :- 00017: 223 , 21.80 , -0.50 || 1708423290, 17.601721378790 , 78.126606845585, 0.01 , 0.01 ,22.26 , 9.41 , 1.37 , 0.15 , 354.87
2024-02-20 15:31:30,113 :- 00018: 226 , 21.80 , -0.50 || 1708423290, 17.601721378790 , 78.126606845585, 0.01 , 0.01 ,22.38 , 9.76 , 1.38 , 0.16 , 354.85
2024-02-20 15:31:30,143 :- 00019: 229 , 21.80 , -0.50 || 1708423290, 17.601726972734 , 78.126606324298, 0.01 , 0.01 ,22.38 , 9.87 , 1.36 , 0.17 , 354.80
2024-02-20 15:31:30,173 :- 00020: 232 , 21.80 , -0.50 || 1708423290, 17.601726972734 , 78.126606324298, 0.01 , 0.01 ,22.38 , 9.50 , 1.34 , 0.18 , 354.78
2024-02-20 15:31:30,203 :- 00021: 235 , 21.80 , -0.50 || 1708423290, 17.601726972734 , 78.126606324298, 0.01 , 0.01 ,22.38 , 10.00 , 1.34 , 0.18 , 354.74
2024-02-20 15:31:30,233 :- 00022: 238 , 21.90 , -0.50 || 1708423290, 17.601732566787 , 78.126605800316, 0.01 , 0.01 ,22.38 , 9.25 , 1.35 , 0.18 , 354.73
2024-02-20 15:31:30,263 :- 00023: 241 , 21.90 , -0.50 || 1708423290, 17.601732566787 , 78.126605800316, 0.01 , 0.01 ,22.38 , 9.76 , 1.37 , 0.17 , 354.70
2024-02-20 15:31:30,293 :- 00024: 244 , 21.90 , -0.50 || 1708423290, 17.601732566787 , 78.126605800316, 0.01 , 0.01 ,22.38 , 9.67 , 1.38 , 0.16 , 354.69
2024-02-20 15:31:30,323 :- 00025: 247 , 22.00 , -0.50 || 1708423290, 17.601738182711 , 78.126605252240, 0.01 , 0.01 ,22.52 , 9.96 , 1.36 , 0.16 , 354.66
2024-02-20 15:31:30,353 :- 00026: 250 , 22.00 , -0.50 || 1708423290, 17.601738182711 , 78.126605252240, 0.01 , 0.01 ,22.52 , 9.91 , 1.34 , 0.16 , 354.65
2024-02-20 15:31:30,383 :- 00027: 253 , 22.00 , -0.50 || 1708423290, 17.601738182711 , 78.126605252240, 0.01 , 0.01 ,22.52 , 10.13 , 1.32 , 0.17 , 354.62
2024-02-20 15:31:30,413 :- 00028: 000 , 22.00 , -0.50 || 1708423290, 17.601738182711 , 78.126605252240, 0.01 , 0.01 ,22.56 , 9.67 , 1.30 , 0.16 , 354.60
2024-02-20 15:31:30,443 :- 00029: 003 , 22.10 , -0.50 || 1708423290, 17.601743814628 , 78.126604684295, 0.01 , 0.01 ,22.56 , 9.47 , 1.29 , 0.15 , 354.57
2024-02-20 15:31:30,473 :- 00030: 006 , 22.10 , -0.50 || 1708423290, 17.601743814628 , 78.126604684295, 0.01 , 0.01 ,22.56 , 10.36 , 1.32 , 0.15 , 354.56
2024-02-20 15:31:30,503 :- 00031: 009 , 22.20 , -0.50 || 1708423290, 17.601743814628 , 78.126604684295, 0.01 , 0.01 ,22.56 , 9.36 , 1.31 , 0.13 , 354.53
2024-02-20 15:31:30,533 :- 00032: 012 , 22.20 , -0.50 || 1708423290, 17.601749497382 , 78.126604119625, 0.01 , 0.01 ,22.71 , 10.00 , 1.31 , 0.13 , 354.53
2024-02-20 15:31:30,563 :- 00033: 015 , 22.20 , -0.50 || 1708423290, 17.601749497382 , 78.126604119625, 0.01 , 0.01 ,22.71 , 9.82 , 1.34 , 0.08 , 354.52
2024-02-20 15:31:30,593 :- 00034: 018 , 22.30 , -0.50 || 1708423290, 17.601749497382 , 78.126604119625, 0.01 , 0.01 ,22.71 , 9.91 , 1.35 , 0.08 , 354.51
2024-02-20 15:31:30,623 :- 00035: 021 , 22.30 , -0.50 || 1708423290, 17.601755188854 , 78.126603559184, 0.01 , 0.01 ,22.82 , 9.32 , 1.36 , 0.02 , 354.50
2024-02-20 15:31:30,652 :- 00036: 024 , 22.40 , -0.50 || 1708423290, 17.601755188854 , 78.126603559184, 0.01 , 0.01 ,22.82 , 10.09 , 1.38 , 0.00 , 354.49
2024-02-20 15:31:30,683 :- 00037: 027 , 22.40 , -0.50 || 1708423290, 17.601755188854 , 78.126603559184, 0.01 , 0.01 ,22.82 , 10.03 , 1.40 , -0.02 , 354.47
2024-02-20 15:31:30,713 :- 00038: 030 , 22.40 , -0.50 || 1708423290, 17.601755188854 , 78.126603559184, 0.01 , 0.01 ,22.91 , 9.52 , 1.41 , -0.06 , 354.46
2024-02-20 15:31:30,743 :- 00039: 033 , 22.50 , -0.50 || 1708423290, 17.601760901039 , 78.126602994493, 0.01 , 0.01 ,22.91 , 10.01 , 1.42 , -0.08 , 354.45
2024-02-20 15:31:30,773 :- 00040: 036 , 22.50 , -0.50 || 1708423290, 17.601760901039 , 78.126602994493, 0.01 , 0.01 ,22.91 , 9.75 , 1.41 , -0.08 , 354.44
2024-02-20 15:31:30,803 :- 00041: 039 , 22.60 , -0.50 || 1708423290, 17.601760901039 , 78.126602994493, 0.01 , 0.01 ,22.91 , 9.81 , 1.42 , -0.12 , 354.44
2024-02-20 15:31:30,833 :- 00042: 042 , 22.60 , -0.50 || 1708423290, 17.601766665255 , 78.126602436490, 0.01 , 0.01 ,23.17 , 10.39 , 1.45 , -0.13 , 354.44
2024-02-20 15:31:30,863 :- 00043: 045 , 22.60 , -0.50 || 1708423290, 17.601766665255 , 78.126602436490, 0.01 , 0.01 ,23.17 , 9.55 , 1.41 , -0.14 , 354.44
2024-02-20 15:31:30,893 :- 00044: 048 , 22.60 , -0.50 || 1708423290, 17.601766665255 , 78.126602436490, 0.01 , 0.01 ,23.17 , 10.25 , 1.42 , -0.15 , 354.44
2024-02-20 15:31:30,923 :- 00045: 051 , 22.70 , -0.50 || 1708423290, 17.601772437931 , 78.126601821767, 0.01 , 0.01 ,23.26 , 10.26 , 1.45 , -0.14 , 354.44
2024-02-20 15:31:30,953 :- 00046: 054 , 22.70 , -0.50 || 1708423290, 17.601772437931 , 78.126601821767, 0.01 , 0.01 ,23.26 , 9.96 , 1.39 , -0.14 , 354.44
2024-02-20 15:31:30,983 :- 00047: 057 , 22.80 , -0.50 || 1708423290, 17.601772437931 , 78.126601821767, 0.01 , 0.01 ,23.26 , 9.62 , 1.40 , -0.14 , 354.44
2024-02-20 15:31:31,013 :- 00048: 060 , 22.80 , -0.50 || 1708423290, 17.601772437931 , 78.126601821767, 0.01 , 0.01 ,23.26 , 10.75 , 1.42 , -0.12 , 354.44
2024-02-20 15:31:31,043 :- 00049: 063 , 22.90 , -0.50 || 1708423291, 17.601778289840 , 78.126601234604, 0.01 , 0.01 ,23.48 , 8.80 , 1.47 , -0.15 , 354.45
2024-02-20 15:31:31,073 :- 00050: 066 , 22.90 , -0.50 || 1708423291, 17.601778289840 , 78.126601234604, 0.01 , 0.01 ,23.48 , 10.17 , 1.49 , -0.15 , 354.46
2024-02-20 15:31:31,103 :- 00051: 069 , 23.00 , -0.50 || 1708423291, 17.601778289840 , 78.126601234604, 0.01 , 0.01 ,23.48 , 9.87 , 1.57 , -0.07 , 354.46
2024-02-20 15:31:31,133 :- 00052: 072 , 23.10 , -0.50 || 1708423291, 17.601784169891 , 78.126600679398, 0.01 , 0.01 ,23.54 , 8.84 , 1.53 , -0.12 , 354.47
2024-02-20 15:31:31,163 :- 00053: 075 , 23.10 , -0.50 || 1708423291, 17.601784169891 , 78.126600679398, 0.01 , 0.01 ,23.54 , 9.66 , 1.57 , -0.12 , 354.46
2024-02-20 15:31:31,193 :- 00054: 078 , 23.10 , -0.50 || 1708423291, 17.601784169891 , 78.126600679398, 0.01 , 0.01 ,23.54 , 10.07 , 1.63 , -0.11 , 354.46
2024-02-20 15:31:31,223 :- 00055: 081 , 23.10 , -0.50 || 1708423291, 17.601790087659 , 78.126600109829, 0.01 , 0.01 ,23.66 , 10.03 , 1.55 , -0.16 , 354.46
2024-02-20 15:31:31,253 :- 00056: 084 , 23.20 , -0.50 || 1708423291, 17.601790087659 , 78.126600109829, 0.01 , 0.01 ,23.66 , 9.20 , 1.53 , -0.17 , 354.46
2024-02-20 15:31:31,283 :- 00057: 087 , 23.20 , -0.50 || 1708423291, 17.601790087659 , 78.126600109829, 0.01 , 0.01 ,23.66 , 10.39 , 1.55 , -0.14 , 354.46
2024-02-20 15:31:31,312 :- 00058: 087 , 23.20 , -0.50 || 1708423291, 17.601790087659 , 78.126600109829, 0.01 , 0.01 ,23.66 , 10.39 , 1.55 , -0.14 , 354.461708423291, 17.601790087659 , 78.126600109829, 0.01 , 0.01 ,23.94 , 10.11 , 1.53 , -0.16 , 354.46
2024-02-20 15:31:31,333 :- 00059: 092 , 23.30 , -0.50 || 1708423291, 17.601796062682 , 78.126599509806, 0.01 , 0.01 ,23.94 , 9.57 , 1.50 , -0.14 , 354.45
2024-02-20 15:31:31,363 :- 00060: 095 , 23.30 , -0.50 || 1708423291, 17.601796062682 , 78.126599509806, 0.01 , 0.01 ,23.94 , 10.82 , 1.51 , -0.09 , 354.44
2024-02-20 15:31:31,393 :- 00061: 098 , 23.40 , -0.50 || 1708423291, 17.601796062682 , 78.126599509806, 0.01 , 0.01 ,23.94 , 8.69 , 1.50 , -0.15 , 354.46
2024-02-20 15:31:31,423 :- 00062: 101 , 23.40 , -0.50 || 1708423291, 17.601802066389 , 78.126598878870, 0.01 , 0.01 ,24.09 , 10.59 , 1.45 , -0.09 , 354.45
2024-02-20 15:31:31,453 :- 00063: 104 , 23.50 , -0.50 || 1708423291, 17.601802066389 , 78.126598878870, 0.01 , 0.01 ,24.09 , 9.23 , 1.44 , -0.04 , 354.45
2024-02-20 15:31:31,483 :- 00064: 107 , 23.50 , -0.50 || 1708423291, 17.601802066389 , 78.126598878870, 0.01 , 0.01 ,24.09 , 10.19 , 1.38 , -0.07 , 354.46
2024-02-20 15:31:31,513 :- 00065: 110 , 23.50 , -0.50 || 1708423291, 17.601802066389 , 78.126598878870, 0.01 , 0.01 ,24.26 , 10.08 , 1.39 , -0.03 , 354.47
2024-02-20 15:31:31,543 :- 00066: 113 , 23.60 , -0.50 || 1708423291, 17.601808111049 , 78.126598248876, 0.01 , 0.01 ,24.26 , 9.75 , 1.38 , -0.02 , 354.48
2024-02-20 15:31:31,573 :- 00067: 116 , 23.70 , -0.50 || 1708423291, 17.601808111049 , 78.126598248876, 0.01 , 0.01 ,24.26 , 8.85 , 1.35 , -0.01 , 354.48
2024-02-20 15:31:31,603 :- 00068: 119 , 23.70 , -0.50 || 1708423291, 17.601808111049 , 78.126598248876, 0.01 , 0.01 ,24.26 , 10.47 , 1.40 , 0.04 , 354.49
2024-02-20 15:31:31,633 :- 00069: 122 , 23.70 , -0.50 || 1708423291, 17.601814191787 , 78.126597648472, 0.01 , 0.01 ,24.35 , 9.77 , 1.39 , 0.03 , 354.49
2024-02-20 15:31:31,663 :- 00070: 125 , 23.80 , -0.50 || 1708423291, 17.601814191787 , 78.126597648472, 0.01 , 0.01 ,24.35 , 8.66 , 1.33 , 0.02 , 354.51
2024-02-20 15:31:31,693 :- 00071: 128 , 23.90 , -0.50 || 1708423291, 17.601814191787 , 78.126597648472, 0.01 , 0.01 ,24.35 , 10.03 , 1.36 , 0.04 , 354.52
2024-02-20 15:31:31,723 :- 00072: 131 , 23.80 , -0.50 || 1708423291, 17.601820303302 , 78.126597039030, 0.01 , 0.01 ,24.54 , 11.07 , 1.40 , 0.07 , 354.53
2024-02-20 15:31:31,753 :- 00073: 134 , 24.00 , -0.50 || 1708423291, 17.601820303302 , 78.126597039030, 0.01 , 0.01 ,24.54 , 9.08 , 1.39 , 0.03 , 354.53
2024-02-20 15:31:31,783 :- 00074: 137 , 24.10 , -0.50 || 1708423291, 17.601820303302 , 78.126597039030, 0.01 , 0.01 ,24.54 , 8.64 , 1.42 , 0.08 , 354.56
2024-02-20 15:31:31,813 :- 00075: 140 , 24.00 , -0.50 || 1708423291, 17.601820303302 , 78.126597039030, 0.01 , 0.01 ,24.71 , 10.87 , 1.35 , 0.11 , 354.56
2024-02-20 15:31:31,843 :- 00076: 143 , 24.10 , -0.50 || 1708423291, 17.601826461844 , 78.126596432546, 0.01 , 0.01 ,24.71 , 9.46 , 1.31 , 0.05 , 354.57
2024-02-20 15:31:31,873 :- 00077: 146 , 24.10 , -0.50 || 1708423291, 17.601826461844 , 78.126596432546, 0.01 , 0.01 ,24.71 , 9.46 , 1.28 , -0.00 , 354.57
2024-02-20 15:31:31,903 :- 00078: 149 , 24.20 , -0.50 || 1708423291, 17.601826461844 , 78.126596432546, 0.01 , 0.01 ,24.71 , 9.46 , 1.32 , 0.10 , 354.58
2024-02-20 15:31:31,932 :- 00079: 152 , 24.20 , -0.50 || 1708423291, 17.601832645654 , 78.126595797889, 0.01 , 0.01 ,24.75 , 10.50 , 1.31 , 0.06 , 354.58
2024-02-20 15:31:31,953 :- 00080: 154 , 24.20 , -0.50 || 1708423291, 17.601832645654 , 78.126595797889, 0.01 , 0.01 ,24.75 , 10.21 , 1.26 , -0.02 , 354.58
2024-02-20 15:31:31,983 :- 00081: 157 , 24.20 , -0.50 || 1708423291, 17.601832645654 , 78.126595797889, 0.01 , 0.01 ,24.75 , 9.53 , 1.22 , 0.04 , 354.58
2024-02-20 15:31:32,013 :- 00082: 160 , 24.30 , -0.50 || 1708423291, 17.601832645654 , 78.126595797889, 0.01 , 0.01 ,24.75 , 10.83 , 1.18 , 0.02 , 354.58
2024-02-20 15:31:32,043 :- 00083: 163 , 24.40 , -0.50 || 1708423292, 17.601838844854 , 78.126595158022, 0.01 , 0.01 ,24.88 , 8.84 , 1.08 , -0.03 , 354.58
2024-02-20 15:31:32,073 :- 00084: 166 , 24.40 , -0.50 || 1708423292, 17.601838844854 , 78.126595158022, 0.01 , 0.01 ,24.88 , 10.68 , 1.09 , 0.02 , 354.58
2024-02-20 15:31:32,103 :- 00085: 169 , 24.50 , -0.50 || 1708423292, 17.601838844854 , 78.126595158022, 0.01 , 0.01 ,24.88 , 9.47 , 1.11 , 0.03 , 354.57
2024-02-20 15:31:32,133 :- 00086: 172 , 24.50 , -0.50 || 1708423292, 17.601845102727 , 78.126594523888, 0.01 , 0.01 ,25.13 , 9.96 , 1.12 , 0.06 , 354.56
2024-02-20 15:31:32,163 :- 00087: 175 , 24.50 , -0.50 || 1708423292, 17.601845102727 , 78.126594523888, 0.01 , 0.01 ,25.13 , 9.77 , 1.24 , 0.13 , 354.55
2024-02-20 15:31:32,193 :- 00088: 178 , 24.50 , -0.50 || 1708423292, 17.601845102727 , 78.126594523888, 0.01 , 0.01 ,25.13 , 10.45 , 1.29 , 0.19 , 354.54
2024-02-20 15:31:32,223 :- 00089: 181 , 24.60 , -0.50 || 1708423292, 17.601851439621 , 78.126593949175, 0.01 , 0.01 ,25.41 , 9.06 , 1.33 , 0.24 , 354.52
2024-02-20 15:31:32,253 :- 00090: 184 , 24.60 , -0.50 || 1708423292, 17.601851439621 , 78.126593949175, 0.01 , 0.01 ,25.41 , 10.26 , 1.36 , 0.30 , 354.50
2024-02-20 15:31:32,283 :- 00091: 187 , 24.60 , -0.50 || 1708423292, 17.601851439621 , 78.126593949175, 0.01 , 0.01 ,25.41 , 10.10 , 1.38 , 0.36 , 354.48
2024-02-20 15:31:32,313 :- 00092: 190 , 24.60 , -0.50 || 1708423292, 17.601851439621 , 78.126593949175, 0.01 , 0.01 ,25.50 , 9.44 , 1.34 , 0.38 , 354.47
2024-02-20 15:31:32,343 :- 00093: 193 , 24.70 , -0.50 || 1708423292, 17.601857812328 , 78.126593368022, 0.01 , 0.01 ,25.50 , 9.87 , 1.30 , 0.48 , 354.45
2024-02-20 15:31:32,373 :- 00094: 196 , 24.80 , -0.50 || 1708423292, 17.601857812328 , 78.126593368022, 0.01 , 0.01 ,25.50 , 9.41 , 1.26 , 0.49 , 354.44
2024-02-20 15:31:32,403 :- 00095: 199 , 24.90 , -0.50 || 1708423292, 17.601857812328 , 78.126593368022, 0.01 , 0.01 ,25.50 , 9.18 , 1.18 , 0.49 , 354.43
2024-02-20 15:31:32,433 :- 00096: 202 , 24.90 , -0.50 || 1708423292, 17.601864189408 , 78.126592670828, 0.01 , 0.01 ,25.56 , 8.99 , 1.17 , 0.49 , 354.43
2024-02-20 15:31:32,463 :- 00097: 205 , 25.00 , -0.50 || 1708423292, 17.601864189408 , 78.126592670828, 0.01 , 0.01 ,25.56 , 9.22 , 1.18 , 0.48 , 354.44
2024-02-20 15:31:32,493 :- 00098: 208 , 25.00 , -0.50 || 1708423292, 17.601864189408 , 78.126592670828, 0.01 , 0.01 ,25.56 , 9.10 , 1.18 , 0.43 , 354.44
2024-02-20 15:31:32,523 :- 00099: 211 , 25.00 , -0.50 || 1708423292, 17.601870547441 , 78.126591995013, 0.01 , 0.01 ,25.49 , 9.46 , 1.20 , 0.39 , 354.44
2024-02-20 15:31:32,553 :- 00100: 214 , 25.00 , -0.50 || 1708423292, 17.601870547441 , 78.126591995013, 0.01 , 0.01 ,25.49 , 10.16 , 1.22 , 0.35 , 354.45
2024-02-20 15:31:32,583 :- 00101: 217 , 25.00 , -0.50 || 1708423292, 17.601870547441 , 78.126591995013, 0.01 , 0.01 ,25.49 , 9.65 , 1.21 , 0.25 , 354.47
2024-02-20 15:31:32,613 :- 00102: 220 , 25.00 , -0.50 || 1708423292, 17.601870547441 , 78.126591995013, 0.01 , 0.01 ,25.65 , 9.99 , 1.23 , 0.24 , 354.48
2024-02-20 15:31:32,643 :- 00103: 223 , 25.10 , -0.50 || 1708423292, 17.601876941421 , 78.126591377093, 0.01 , 0.01 ,25.65 , 10.73 , 1.28 , 0.22 , 354.51
2024-02-20 15:31:32,673 :- 00104: 226 , 25.10 , -0.50 || 1708423292, 17.601876941421 , 78.126591377093, 0.01 , 0.01 ,25.65 , 10.09 , 1.28 , 0.22 , 354.53
2024-02-20 15:31:32,703 :- 00105: 229 , 25.10 , -0.50 || 1708423292, 17.601876941421 , 78.126591377093, 0.01 , 0.01 ,25.65 , 10.54 , 1.30 , 0.23 , 354.57
2024-02-20 15:31:32,733 :- 00106: 232 , 25.10 , -0.50 || 1708423292, 17.601883370607 , 78.126590765827, 0.01 , 0.01 ,25.78 , 10.38 , 1.30 , 0.24 , 354.59
2024-02-20 15:31:32,763 :- 00107: 235 , 25.10 , -0.50 || 1708423292, 17.601883370607 , 78.126590765827, 0.01 , 0.01 ,25.78 , 10.35 , 1.28 , 0.29 , 354.64
2024-02-20 15:31:32,793 :- 00108: 238 , 25.20 , -0.50 || 1708423292, 17.601883370607 , 78.126590765827, 0.01 , 0.01 ,25.78 , 10.03 , 1.26 , 0.31 , 354.66
2024-02-20 15:31:32,823 :- 00109: 241 , 25.20 , -0.50 || 1708423292, 17.601889834595 , 78.126590124045, 0.01 , 0.01 ,25.89 , 10.35 , 1.23 , 0.39 , 354.72
2024-02-20 15:31:32,853 :- 00110: 244 , 25.20 , -0.50 || 1708423292, 17.601889834595 , 78.126590124045, 0.01 , 0.01 ,25.89 , 9.59 , 1.19 , 0.41 , 354.75
2024-02-20 15:31:32,883 :- 00111: 247 , 25.20 , -0.50 || 1708423292, 17.601889834595 , 78.126590124045, 0.01 , 0.01 ,25.89 , 9.74 , 1.16 , 0.48 , 354.83
2024-02-20 15:31:32,913 :- 00112: 250 , 25.20 , -0.50 || 1708423292, 17.601889834595 , 78.126590124045, 0.01 , 0.01 ,25.91 , 9.76 , 1.16 , 0.49 , 354.87
2024-02-20 15:31:32,943 :- 00113: 253 , 25.30 , -0.50 || 1708423292, 17.601896312171 , 78.126589486760, 0.01 , 0.01 ,25.91 , 9.10 , 1.13 , 0.51 , 354.98
2024-02-20 15:31:32,973 :- 00114: 000 , 25.30 , -0.50 || 1708423292, 17.601896312171 , 78.126589486760, 0.01 , 0.01 ,25.91 , 8.67 , 1.11 , 0.51 , 355.03
2024-02-20 15:31:33,003 :- 00115: 003 , 25.30 , -0.50 || 1708423293, 17.601896312171 , 78.126589486760, 0.01 , 0.01 ,25.91 , 9.17 , 1.15 , 0.52 , 355.15
2024-02-20 15:31:33,033 :- 00116: 006 , 25.20 , -0.50 || 1708423293, 17.601902745447 , 78.126588904970, 0.01 , 0.01 ,25.71 , 9.83 , 1.13 , 0.50 , 355.21
2024-02-20 15:31:33,063 :- 00117: 009 , 25.20 , -0.50 || 1708423293, 17.601902745447 , 78.126588904970, 0.01 , 0.01 ,25.71 , 9.66 , 1.15 , 0.46 , 355.33
2024-02-20 15:31:33,093 :- 00118: 012 , 25.20 , -0.50 || 1708423293, 17.601902745447 , 78.126588904970, 0.01 , 0.01 ,25.71 , 9.52 , 1.18 , 0.44 , 355.39
2024-02-20 15:31:33,123 :- 00119: 015 , 25.20 , -0.50 || 1708423293, 17.601909171886 , 78.126588367328, 0.01 , 0.01 ,25.65 , 10.13 , 1.23 , 0.40 , 355.49
2024-02-20 15:31:33,153 :- 00120: 018 , 25.20 , -0.50 || 1708423293, 17.601909171886 , 78.126588367328, 0.01 , 0.01 ,25.65 , 9.47 , 1.22 , 0.37 , 355.54
2024-02-20 15:31:33,183 :- 00121: 021 , 25.20 , -0.50 || 1708423293, 17.601909171886 , 78.126588367328, 0.01 , 0.01 ,25.65 , 10.22 , 1.27 , 0.35 , 355.63
2024-02-20 15:31:33,212 :- 00122: 024 , 25.20 , -0.50 || 1708423293, 17.601909171886 , 78.126588367328, 0.01 , 0.01 ,25.74 , 10.24 , 1.29 , 0.35 , 355.67
2024-02-20 15:31:33,243 :- 00123: 027 , 25.20 , -0.50 || 1708423293, 17.601915610499 , 78.126587883954, 0.01 , 0.01 ,25.74 , 10.18 , 1.26 , 0.31 , 355.76
2024-02-20 15:31:33,273 :- 00124: 030 , 25.20 , -0.50 || 1708423293, 17.601915610499 , 78.126587883954, 0.01 , 0.01 ,25.74 , 10.27 , 1.27 , 0.31 , 355.80
2024-02-20 15:31:33,303 :- 00125: 033 , 25.20 , -0.50 || 1708423293, 17.601915610499 , 78.126587883954, 0.01 , 0.01 ,25.74 , 10.19 , 1.23 , 0.34 , 355.88
2024-02-20 15:31:33,333 :- 00126: 036 , 25.20 , -0.50 || 1708423293, 17.601922065992 , 78.126587390240, 0.01 , 0.01 ,25.85 , 9.07 , 1.21 , 0.35 , 355.93
2024-02-20 15:31:33,363 :- 00127: 039 , 25.20 , -0.50 || 1708423293, 17.601922065992 , 78.126587390240, 0.01 , 0.01 ,25.85 , 10.37 , 1.21 , 0.37 , 356.01
2024-02-20 15:31:33,393 :- 00128: 042 , 25.10 , -0.50 || 1708423293, 17.601922065992 , 78.126587390240, 0.01 , 0.01 ,25.85 , 10.78 , 1.22 , 0.40 , 356.04
2024-02-20 15:31:33,423 :- 00129: 045 , 25.20 , -0.50 || 1708423293, 17.601928520199 , 78.126586908994, 0.01 , 0.01 ,25.81 , 9.71 , 1.19 , 0.45 , 356.11
2024-02-20 15:31:33,453 :- 00130: 048 , 25.20 , -0.50 || 1708423293, 17.601928520199 , 78.126586908994, 0.01 , 0.01 ,25.81 , 8.98 , 1.20 , 0.46 , 356.15
2024-02-20 15:31:33,483 :- 00131: 051 , 25.20 , -0.50 || 1708423293, 17.601928520199 , 78.126586908994, 0.01 , 0.01 ,25.81 , 10.29 , 1.23 , 0.51 , 356.22
2024-02-20 15:31:33,513 :- 00132: 054 , 25.20 , -0.50 || 1708423293, 17.601928520199 , 78.126586908994, 0.01 , 0.01 ,25.79 , 9.22 , 1.21 , 0.52 , 356.26
2024-02-20 15:31:33,543 :- 00133: 057 , 25.20 , -0.50 || 1708423293, 17.601934986052 , 78.126586474527, 0.01 , 0.01 ,25.79 , 9.67 , 1.17 , 0.53 , 356.34
2024-02-20 15:31:33,573 :- 00134: 060 , 25.10 , -0.50 || 1708423293, 17.601934986052 , 78.126586474527, 0.01 , 0.01 ,25.79 , 9.87 , 1.18 , 0.54 , 356.38
2024-02-20 15:31:33,603 :- 00135: 063 , 25.10 , -0.50 || 1708423293, 17.601934986052 , 78.126586474527, 0.01 , 0.01 ,25.79 , 9.89 , 1.11 , 0.53 , 356.46
2024-02-20 15:31:33,633 :- 00136: 066 , 25.20 , -0.50 || 1708423293, 17.601941434146 , 78.126586034034, 0.01 , 0.01 ,25.70 , 8.88 , 1.09 , 0.53 , 356.50
2024-02-20 15:31:33,663 :- 00137: 069 , 25.20 , -0.50 || 1708423293, 17.601941434146 , 78.126586034034, 0.01 , 0.01 ,25.70 , 9.48 , 1.07 , 0.53 , 356.58
2024-02-20 15:31:33,693 :- 00138: 072 , 25.20 , -0.50 || 1708423293, 17.601941434146 , 78.126586034034, 0.01 , 0.01 ,25.70 , 9.92 , 1.05 , 0.51 , 356.62
2024-02-20 15:31:33,723 :- 00139: 075 , 25.20 , -0.50 || 1708423293, 17.601947856947 , 78.126585617173, 0.01 , 0.01 ,25.59 , 9.58 , 1.02 , 0.49 , 356.71
2024-02-20 15:31:33,753 :- 00140: 078 , 25.10 , -0.50 || 1708423293, 17.601947856947 , 78.126585617173, 0.01 , 0.01 ,25.59 , 9.88 , 1.01 , 0.49 , 356.75
2024-02-20 15:31:33,783 :- 00141: 081 , 25.10 , -0.50 || 1708423293, 17.601947856947 , 78.126585617173, 0.01 , 0.01 ,25.59 , 9.98 , 1.01 , 0.45 , 356.83
2024-02-20 15:31:33,813 :- 00142: 084 , 25.10 , -0.50 || 1708423293, 17.601947856947 , 78.126585617173, 0.01 , 0.01 ,25.64 , 9.91 , 1.00 , 0.44 , 356.88
2024-02-20 15:31:33,843 :- 00143: 087 , 25.10 , -0.50 || 1708423293, 17.601954285130 , 78.126585241093, 0.01 , 0.01 ,25.64 , 9.98 , 0.97 , 0.42 , 356.96
2024-02-20 15:31:33,872 :- 00144: 087 , 25.10 , -0.50 || 1708423293, 17.601954285130 , 78.126585241093, 0.01 , 0.01 ,25.64 , 9.98 , 0.97 , 0.42 , 356.961708423293, 17.601954285130 , 78.126585241093, 0.01 , 0.01 ,25.64 , 10.22 , 0.95 , 0.41 , 357.00
2024-02-20 15:31:33,893 :- 00145: 092 , 25.10 , -0.50 || 1708423293, 17.601954285130 , 78.126585241093, 0.01 , 0.01 ,25.64 , 9.74 , 0.94 , 0.41 , 357.05
2024-02-20 15:31:33,923 :- 00146: 095 , 25.10 , -0.50 || 1708423293, 17.601960702652 , 78.126584870681, 0.01 , 0.01 ,25.60 , 10.04 , 0.92 , 0.39 , 357.13
2024-02-20 15:31:33,953 :- 00147: 098 , 25.10 , -0.50 || 1708423293, 17.601960702652 , 78.126584870681, 0.01 , 0.01 ,25.60 , 10.16 , 0.93 , 0.38 , 357.18
2024-02-20 15:31:33,983 :- 00148: 101 , 25.10 , -0.50 || 1708423293, 17.601960702652 , 78.126584870681, 0.01 , 0.01 ,25.60 , 9.87 , 0.89 , 0.38 , 357.26
2024-02-20 15:31:34,013 :- 00149: 104 , 25.10 , -0.50 || 1708423293, 17.601960702652 , 78.126584870681, 0.01 , 0.01 ,25.60 , 9.92 , 0.90 , 0.37 , 357.31
2024-02-20 15:31:34,043 :- 00150: 107 , 25.10 , -0.50 || 1708423294, 17.601967117969 , 78.126584524957, 0.01 , 0.01 ,25.61 , 9.80 , 0.91 , 0.35 , 357.40
2024-02-20 15:31:34,073 :- 00151: 110 , 25.10 , -0.50 || 1708423294, 17.601967117969 , 78.126584524957, 0.01 , 0.01 ,25.61 , 9.60 , 0.89 , 0.34 , 357.44
2024-02-20 15:31:34,103 :- 00152: 113 , 25.10 , -0.50 || 1708423294, 17.601967117969 , 78.126584524957, 0.01 , 0.01 ,25.61 , 9.66 , 0.90 , 0.32 , 357.51
2024-02-20 15:31:34,133 :- 00153: 116 , 25.10 , -0.50 || 1708423294, 17.601973528130 , 78.126584238668, 0.01 , 0.01 ,25.53 , 10.01 , 0.90 , 0.31 , 357.53
2024-02-20 15:31:34,163 :- 00154: 119 , 25.00 , -0.50 || 1708423294, 17.601973528130 , 78.126584238668, 0.01 , 0.01 ,25.53 , 9.81 , 0.90 , 0.29 , 357.59
2024-02-20 15:31:34,193 :- 00155: 122 , 25.00 , -0.50 || 1708423294, 17.601973528130 , 78.126584238668, 0.01 , 0.01 ,25.53 , 10.03 , 0.92 , 0.28 , 357.61
2024-02-20 15:31:34,223 :- 00156: 125 , 25.10 , -0.50 || 1708423294, 17.601979928750 , 78.126583963862, 0.01 , 0.01 ,25.55 , 9.64 , 0.92 , 0.26 , 357.64
2024-02-20 15:31:34,253 :- 00157: 128 , 25.00 , -0.50 || 1708423294, 17.601979928750 , 78.126583963862, 0.01 , 0.01 ,25.55 , 9.90 , 0.94 , 0.25 , 357.65
2024-02-20 15:31:34,283 :- 00158: 131 , 25.00 , -0.50 || 1708423294, 17.601979928750 , 78.126583963862, 0.01 , 0.01 ,25.55 , 10.26 , 0.99 , 0.24 , 357.68
2024-02-20 15:31:34,313 :- 00159: 134 , 25.00 , -0.50 || 1708423294, 17.601979928750 , 78.126583963862, 0.01 , 0.01 ,25.55 , 9.65 , 1.00 , 0.24 , 357.69
2024-02-20 15:31:34,343 :- 00160: 137 , 25.00 , -0.50 || 1708423294, 17.601986336418 , 78.126583720746, 0.01 , 0.01 ,25.55 , 10.05 , 1.02 , 0.24 , 357.72
2024-02-20 15:31:34,373 :- 00161: 140 , 24.90 , -0.50 || 1708423294, 17.601986336418 , 78.126583720746, 0.01 , 0.01 ,25.55 , 10.19 , 1.05 , 0.26 , 357.73
2024-02-20 15:31:34,403 :- 00162: 143 , 24.90 , -0.50 || 1708423294, 17.601986336418 , 78.126583720746, 0.01 , 0.01 ,25.55 , 9.72 , 1.03 , 0.26 , 357.75
2024-02-20 15:31:34,433 :- 00163: 146 , 24.90 , -0.50 || 1708423294, 17.601992759691 , 78.126583491463, 0.01 , 0.01 ,25.66 , 9.92 , 1.03 , 0.27 , 357.76
2024-02-20 15:31:34,463 :- 00164: 149 , 24.90 , -0.50 || 1708423294, 17.601992759691 , 78.126583491463, 0.01 , 0.01 ,25.66 , 9.93 , 1.03 , 0.30 , 357.77
2024-02-20 15:31:34,492 :- 00165: 152 , 24.90 , -0.50 || 1708423294, 17.601992759691 , 78.126583491463, 0.01 , 0.01 ,25.66 , 9.50 , 1.01 , 0.30 , 357.78
2024-02-20 15:31:34,523 :- 00166: 155 , 24.90 , -0.50 || 1708423294, 17.601999138107 , 78.126583334115, 0.01 , 0.01 ,25.47 , 9.95 , 1.03 , 0.33 , 357.79
2024-02-20 15:31:34,553 :- 00167: 158 , 24.90 , -0.50 || 1708423294, 17.601999138107 , 78.126583334115, 0.01 , 0.01 ,25.47 , 10.13 , 1.06 , 0.36 , 357.80
2024-02-20 15:31:34,583 :- 00168: 161 , 24.90 , -0.50 || 1708423294, 17.601999138107 , 78.126583334115, 0.01 , 0.01 ,25.47 , 9.37 , 1.05 , 0.35 , 357.81
2024-02-20 15:31:34,613 :- 00169: 164 , 24.90 , -0.50 || 1708423294, 17.601999138107 , 78.126583334115, 0.01 , 0.01 ,25.45 , 9.52 , 1.08 , 0.39 , 357.81
2024-02-20 15:31:34,643 :- 00170: 167 , 24.90 , -0.50 || 1708423294, 17.602005533328 , 78.126583075076, 0.01 , 0.01 ,25.45 , 10.06 , 1.08 , 0.39 , 357.80
2024-02-20 15:31:34,673 :- 00171: 170 , 24.90 , -0.50 || 1708423294, 17.602005533328 , 78.126583075076, 0.01 , 0.01 ,25.45 , 9.30 , 1.08 , 0.41 , 357.79
2024-02-20 15:31:34,703 :- 00172: 173 , 24.90 , -0.50 || 1708423294, 17.602005533328 , 78.126583075076, 0.01 , 0.01 ,25.45 , 9.82 , 1.10 , 0.42 , 357.77
2024-02-20 15:31:34,733 :- 00173: 176 , 24.80 , -0.50 || 1708423294, 17.602011914675 , 78.126582835899, 0.01 , 0.01 ,25.36 , 10.03 , 1.12 , 0.43 , 357.77
2024-02-20 15:31:34,763 :- 00174: 179 , 24.80 , -0.50 || 1708423294, 17.602011914675 , 78.126582835899, 0.01 , 0.01 ,25.36 , 9.94 , 1.09 , 0.46 , 357.76
2024-02-20 15:31:34,793 :- 00175: 182 , 24.80 , -0.50 || 1708423294, 17.602011914675 , 78.126582835899, 0.01 , 0.01 ,25.36 , 9.17 , 1.08 , 0.45 , 357.77
2024-02-20 15:31:34,823 :- 00176: 185 , 24.80 , -0.50 || 1708423294, 17.602018296832 , 78.126582579049, 0.01 , 0.01 ,25.47 , 9.89 , 1.11 , 0.51 , 357.78
2024-02-20 15:31:34,853 :- 00177: 188 , 24.80 , -0.50 || 1708423294, 17.602018296832 , 78.126582579049, 0.01 , 0.01 ,25.47 , 9.45 , 1.09 , 0.50 , 357.78
2024-02-20 15:31:34,883 :- 00178: 191 , 24.80 , -0.50 || 1708423294, 17.602018296832 , 78.126582579049, 0.01 , 0.01 ,25.47 , 9.64 , 1.11 , 0.52 , 357.78
2024-02-20 15:31:34,913 :- 00179: 194 , 24.80 , -0.50 || 1708423294, 17.602018296832 , 78.126582579049, 0.01 , 0.01 ,25.43 , 10.23 , 1.12 , 0.53 , 357.78
2024-02-20 15:31:34,943 :- 00180: 197 , 24.80 , -0.50 || 1708423294, 17.602024679492 , 78.126582340265, 0.01 , 0.01 ,25.43 , 9.69 , 1.09 , 0.56 , 357.79
2024-02-20 15:31:34,973 :- 00181: 200 , 24.80 , -0.50 || 1708423294, 17.602024679492 , 78.126582340265, 0.01 , 0.01 ,25.43 , 9.85 , 1.09 , 0.50 , 357.80
2024-02-20 15:31:35,003 :- 00182: 203 , 24.80 , -0.50 || 1708423294, 17.602024679492 , 78.126582340265, 0.01 , 0.01 ,25.43 , 9.34 , 1.11 , 0.56 , 357.82
2024-02-20 15:31:35,033 :- 00183: 206 , 24.80 , -0.50 || 1708423295, 17.602031037993 , 78.126582086305, 0.01 , 0.01 ,25.31 , 9.87 , 1.12 , 0.59 , 357.83
2024-02-20 15:31:35,063 :- 00184: 209 , 24.90 , -0.50 || 1708423295, 17.602031037993 , 78.126582086305, 0.01 , 0.01 ,25.31 , 9.41 , 1.10 , 0.42 , 357.88
2024-02-20 15:31:35,093 :- 00185: 212 , 24.80 , -0.50 || 1708423295, 17.602031037993 , 78.126582086305, 0.01 , 0.01 ,25.31 , 9.72 , 1.09 , 0.42 , 357.90
2024-02-20 15:31:35,123 :- 00186: 215 , 24.80 , -0.50 || 1708423295, 17.602037389557 , 78.126581852292, 0.01 , 0.01 ,25.31 , 10.41 , 1.05 , 0.46 , 357.95
2024-02-20 15:31:35,152 :- 00187: 215 , 24.80 , -0.50 || 1708423295, 17.602037389557 , 78.126581852292, 0.01 , 0.01 ,25.31 , 10.41 , 1.05 , 0.46 , 357.951708423295, 17.602037389557 , 78.126581852292, 0.01 , 0.01 ,25.31 , 9.12 , 0.99 , 0.34 , 357.99
2024-02-20 15:31:35,173 :- 00188: 220 , 24.80 , -0.50 || 1708423295, 17.602037389557 , 78.126581852292, 0.01 , 0.01 ,25.31 , 10.02 , 0.98 , 0.36 , 358.02
2024-02-20 15:31:35,203 :- 00189: 223 , 24.80 , -0.50 || 1708423295, 17.602037389557 , 78.126581852292, 0.01 , 0.01 ,25.31 , 9.68 , 0.98 , 0.38 , 358.10
2024-02-20 15:31:35,233 :- 00190: 226 , 24.80 , -0.50 || 1708423295, 17.602043740258 , 78.126581591231, 0.01 , 0.01 ,25.32 , 10.11 , 0.96 , 0.35 , 358.14
2024-02-20 15:31:35,263 :- 00191: 229 , 24.80 , -0.50 || 1708423295, 17.602043740258 , 78.126581591231, 0.01 , 0.01 ,25.32 , 10.06 , 0.96 , 0.34 , 358.23
2024-02-20 15:31:35,293 :- 00192: 232 , 24.70 , -0.50 || 1708423295, 17.602043740258 , 78.126581591231, 0.01 , 0.01 ,25.32 , 10.85 , 0.96 , 0.36 , 358.27
2024-02-20 15:31:35,323 :- 00193: 235 , 24.90 , -0.50 || 1708423295, 17.602050109443 , 78.126581377916, 0.01 , 0.01 ,25.39 , 10.15 , 0.96 , 0.29 , 358.34
2024-02-20 15:31:35,353 :- 00194: 238 , 25.00 , -0.50 || 1708423295, 17.602050109443 , 78.126581377916, 0.01 , 0.01 ,25.39 , 8.82 , 0.86 , 0.35 , 358.36
2024-02-20 15:31:35,383 :- 00195: 241 , 24.80 , -0.50 || 1708423295, 17.602050109443 , 78.126581377916, 0.01 , 0.01 ,25.39 , 9.88 , 1.01 , 0.55 , 358.41
2024-02-20 15:31:35,413 :- 00196: 244 , 24.90 , -0.50 || 1708423295, 17.602050109443 , 78.126581377916, 0.01 , 0.01 ,25.52 , 10.48 , 0.94 , 0.43 , 358.43
2024-02-20 15:31:35,443 :- 00197: 247 , 24.80 , -0.50 || 1708423295, 17.602056501317 , 78.126581217494, 0.01 , 0.01 ,25.52 , 9.74 , 0.94 , 0.52 , 358.45
2024-02-20 15:31:35,473 :- 00198: 250 , 24.90 , -0.50 || 1708423295, 17.602056501317 , 78.126581217494, 0.01 , 0.01 ,25.52 , 9.45 , 0.95 , 0.56 , 358.46
2024-02-20 15:31:35,503 :- 00199: 253 , 24.90 , -0.50 || 1708423295, 17.602056501317 , 78.126581217494, 0.01 , 0.01 ,25.52 , 10.32 , 1.02 , 0.43 , 358.52
2024-02-20 15:31:35,533 :- 00200: 000 , 24.90 , -0.50 || 1708423295, 17.602062887068 , 78.126581065882, 0.01 , 0.01 ,25.44 , 9.29 , 0.97 , 0.43 , 358.53
2024-02-20 15:31:35,563 :- 00201: 003 , 24.90 , -0.50 || 1708423295, 17.602062887068 , 78.126581065882, 0.01 , 0.01 ,25.44 , 9.89 , 0.99 , 0.53 , 358.57
2024-02-20 15:31:35,593 :- 00202: 006 , 24.90 , -0.50 || 1708423295, 17.602062887068 , 78.126581065882, 0.01 , 0.01 ,25.44 , 9.48 , 0.97 , 0.46 , 358.60
2024-02-20 15:31:35,623 :- 00203: 009 , 24.90 , -0.50 || 1708423295, 17.602069289238 , 78.126580900994, 0.01 , 0.01 ,25.52 , 9.98 , 0.92 , 0.50 , 358.66
2024-02-20 15:31:35,653 :- 00204: 012 , 24.90 , -0.50 || 1708423295, 17.602069289238 , 78.126580900994, 0.01 , 0.01 ,25.52 , 9.60 , 0.94 , 0.50 , 358.69
2024-02-20 15:31:35,683 :- 00205: 015 , 25.00 , -0.50 || 1708423295, 17.602069289238 , 78.126580900994, 0.01 , 0.01 ,25.52 , 8.99 , 0.84 , 0.47 , 358.76
2024-02-20 15:31:35,713 :- 00206: 018 , 25.00 , -0.50 || 1708423295, 17.602069289238 , 78.126580900994, 0.01 , 0.01 ,25.51 , 9.84 , 0.84 , 0.46 , 358.79
2024-02-20 15:31:35,743 :- 00207: 021 , 25.00 , -0.50 || 1708423295, 17.602075686472 , 78.126580737130, 0.01 , 0.01 ,25.51 , 12.25 , 0.77 , 0.47 , 358.86
2024-02-20 15:31:35,772 :- 00208: 024 , 25.00 , -0.50 || 1708423295, 17.602075686472 , 78.126580737130, 0.01 , 0.01 ,25.51 , 7.49 , 0.79 , 0.39 , 358.89
2024-02-20 15:31:35,803 :- 00209: 027 , 25.10 , -0.50 || 1708423295, 17.602075686472 , 78.126580737130, 0.01 , 0.01 ,25.51 , 10.10 , 0.66 , 0.40 , 358.96
2024-02-20 15:31:35,833 :- 00210: 030 , 25.00 , -0.50 || 1708423295, 17.602082087803 , 78.126580549002, 0.01 , 0.01 ,25.54 , 10.21 , 0.74 , 0.54 , 359.00
2024-02-20 15:31:35,863 :- 00211: 033 , 25.00 , -0.50 || 1708423295, 17.602082087803 , 78.126580549002, 0.01 , 0.01 ,25.54 , 9.61 , 0.57 , 0.36 , 359.06
2024-02-20 15:31:35,893 :- 00212: 036 , 25.00 , -0.50 || 1708423295, 17.602082087803 , 78.126580549002, 0.01 , 0.01 ,25.54 , 10.67 , 0.51 , 0.36 , 359.09
2024-02-20 15:31:35,923 :- 00213: 039 , 24.90 , -0.50 || 1708423295, 17.602088488579 , 78.126580423470, 0.01 , 0.01 ,25.50 , 9.34 , 0.57 , 0.46 , 359.19
2024-02-20 15:31:35,953 :- 00214: 042 , 25.00 , -0.50 || 1708423295, 17.602088488579 , 78.126580423470, 0.01 , 0.01 ,25.50 , 10.26 , 0.58 , 0.37 , 359.23
2024-02-20 15:31:35,983 :- 00215: 045 , 25.00 , -0.50 || 1708423295, 17.602088488579 , 78.126580423470, 0.01 , 0.01 ,25.50 , 9.28 , 0.58 , 0.40 , 359.31
2024-02-20 15:31:36,013 :- 00216: 048 , 25.00 , -0.50 || 1708423295, 17.602088488579 , 78.126580423470, 0.01 , 0.01 ,25.50 , 9.89 , 0.60 , 0.46 , 359.36
2024-02-20 15:31:36,043 :- 00217: 051 , 25.00 , -0.50 || 1708423296, 17.602094915913 , 78.126580357409, 0.01 , 0.01 ,25.63 , 9.96 , 0.52 , 0.32 , 359.46
2024-02-20 15:31:36,073 :- 00218: 054 , 25.00 , -0.50 || 1708423296, 17.602094915913 , 78.126580357409, 0.01 , 0.01 ,25.63 , 9.96 , 0.52 , 0.34 , 359.52
2024-02-20 15:31:36,103 :- 00219: 057 , 25.10 , -0.50 || 1708423296, 17.602094915913 , 78.126580357409, 0.01 , 0.01 ,25.63 , 10.15 , 0.51 , 0.34 , 359.64
2024-02-20 15:31:36,133 :- 00220: 060 , 25.10 , -0.50 || 1708423296, 17.602101329238 , 78.126580282158, 0.01 , 0.01 ,25.60 , 9.62 , 0.52 , 0.32 , 359.70
2024-02-20 15:31:36,163 :- 00221: 063 , 25.10 , -0.50 || 1708423296, 17.602101329238 , 78.126580282158, 0.01 , 0.01 ,25.60 , 9.32 , 0.52 , 0.27 , 359.83
2024-02-20 15:31:36,193 :- 00222: 066 , 25.00 , -0.50 || 1708423296, 17.602101329238 , 78.126580282158, 0.01 , 0.01 ,25.60 , 11.74 , 0.52 , 0.30 , 359.88
2024-02-20 15:31:36,223 :- 00223: 069 , 25.20 , -0.50 || 1708423296, 17.602107748449 , 78.126580247725, 0.01 , 0.01 ,25.60 , 7.19 , 0.56 , 0.20 , 359.98
2024-02-20 15:31:36,253 :- 00224: 072 , 25.20 , -0.50 || 1708423296, 17.602107748449 , 78.126580247725, 0.01 , 0.01 ,25.60 , 9.88 , 0.37 , 0.20 , 0.01
2024-02-20 15:31:36,283 :- 00225: 075 , 25.10 , -0.50 || 1708423296, 17.602107748449 , 78.126580247725, 0.01 , 0.01 ,25.60 , 9.79 , 0.63 , 0.36 , 0.08
2024-02-20 15:31:36,313 :- 00226: 078 , 25.00 , -0.50 || 1708423296, 17.602107748449 , 78.126580247725, 0.01 , 0.01 ,25.60 , 12.50 , 0.58 , 0.16 , 0.09
2024-02-20 15:31:36,343 :- 00227: 081 , 25.00 , -0.50 || 1708423296, 17.602114181154 , 78.126580282322, 0.01 , 0.01 ,25.60 , 9.73 , 0.64 , 0.23 , 0.14
2024-02-20 15:31:36,373 :- 00228: 084 , 25.00 , -0.50 || 1708423296, 17.602114181154 , 78.126580282322, 0.01 , 0.01 ,25.60 , 9.40 , 0.60 , 0.16 , 0.17
2024-02-20 15:31:36,403 :- 00229: 087 , 25.10 , -0.50 || 1708423296, 17.602114181154 , 78.126580282322, 0.01 , 0.01 ,25.60 , 10.78 , 0.72 , 0.17 , 0.22
2024-02-20 15:31:36,432 :- 00230: 087 , 25.10 , -0.50 || 1708423296, 17.602114181154 , 78.126580282322, 0.01 , 0.01 ,25.60 , 10.78 , 0.72 , 0.17 , 0.221708423296, 17.602120611973 , 78.126580352018, 0.01 , 0.01 ,25.67 , 9.38 , 0.71 , 0.20 , 0.23
2024-02-20 15:31:36,453 :- 00231: 092 , 25.10 , -0.50 || 1708423296, 17.602120611973 , 78.126580352018, 0.01 , 0.01 ,25.67 , 9.30 , 0.73 , 0.24 , 0.25
2024-02-20 15:31:36,483 :- 00232: 095 , 25.10 , -0.50 || 1708423296, 17.602120611973 , 78.126580352018, 0.01 , 0.01 ,25.67 , 10.33 , 0.79 , 0.22 , 0.28
2024-02-20 15:31:36,513 :- 00233: 098 , 25.10 , -0.50 || 1708423296, 17.602120611973 , 78.126580352018, 0.01 , 0.01 ,25.72 , 10.03 , 0.83 , 0.26 , 0.30
2024-02-20 15:31:36,543 :- 00234: 101 , 25.10 , -0.50 || 1708423296, 17.602127061796 , 78.126580412199, 0.01 , 0.01 ,25.72 , 9.78 , 0.87 , 0.26 , 0.32
2024-02-20 15:31:36,573 :- 00235: 104 , 25.10 , -0.50 || 1708423296, 17.602127061796 , 78.126580412199, 0.01 , 0.01 ,25.72 , 9.30 , 0.88 , 0.29 , 0.33
2024-02-20 15:31:36,603 :- 00236: 107 , 25.10 , -0.50 || 1708423296, 17.602127061796 , 78.126580412199, 0.01 , 0.01 ,25.72 , 10.43 , 0.94 , 0.30 , 0.35
2024-02-20 15:31:36,633 :- 00237: 110 , 25.00 , -0.50 || 1708423296, 17.602133511056 , 78.126580495476, 0.01 , 0.01 ,25.67 , 10.04 , 0.93 , 0.33 , 0.36
2024-02-20 15:31:36,663 :- 00238: 113 , 25.00 , -0.50 || 1708423296, 17.602133511056 , 78.126580495476, 0.01 , 0.01 ,25.67 , 9.10 , 0.88 , 0.40 , 0.37
2024-02-20 15:31:36,693 :- 00239: 116 , 25.00 , -0.50 || 1708423296, 17.602133511056 , 78.126580495476, 0.01 , 0.01 ,25.67 , 9.81 , 0.88 , 0.38 , 0.38
2024-02-20 15:31:36,723 :- 00240: 119 , 25.00 , -0.50 || 1708423296, 17.602139927390 , 78.126580529019, 0.01 , 0.01 ,25.54 , 9.70 , 0.85 , 0.40 , 0.41
2024-02-20 15:31:36,753 :- 00241: 122 , 25.00 , -0.50 || 1708423296, 17.602139927390 , 78.126580529019, 0.01 , 0.01 ,25.54 , 9.57 , 0.86 , 0.40 , 0.41
2024-02-20 15:31:36,783 :- 00242: 125 , 25.00 , -0.50 || 1708423296, 17.602139927390 , 78.126580529019, 0.01 , 0.01 ,25.54 , 9.39 , 0.82 , 0.44 , 0.42
2024-02-20 15:31:36,813 :- 00243: 128 , 24.90 , -0.50 || 1708423296, 17.602139927390 , 78.126580529019, 0.01 , 0.01 ,25.35 , 10.11 , 0.79 , 0.41 , 0.43
2024-02-20 15:31:36,843 :- 00244: 131 , 24.80 , -0.50 || 1708423296, 17.602146309363 , 78.126580555418, 0.01 , 0.01 ,25.35 , 9.50 , 0.76 , 0.43 , 0.45
2024-02-20 15:31:36,873 :- 00245: 134 , 24.80 , -0.50 || 1708423296, 17.602146309363 , 78.126580555418, 0.01 , 0.01 ,25.35 , 10.14 , 0.77 , 0.43 , 0.46
2024-02-20 15:31:36,903 :- 00246: 137 , 24.80 , -0.50 || 1708423296, 17.602146309363 , 78.126580555418, 0.01 , 0.01 ,25.35 , 9.44 , 0.76 , 0.43 , 0.48
2024-02-20 15:31:36,933 :- 00247: 140 , 24.70 , -0.50 || 1708423296, 17.602152651286 , 78.126580594485, 0.01 , 0.01 ,25.27 , 10.19 , 0.78 , 0.43 , 0.49
2024-02-20 15:31:36,963 :- 00248: 143 , 24.70 , -0.50 || 1708423296, 17.602152651286 , 78.126580594485, 0.01 , 0.01 ,25.27 , 9.46 , 0.77 , 0.45 , 0.50
2024-02-20 15:31:36,993 :- 00249: 146 , 24.60 , -0.50 || 1708423296, 17.602152651286 , 78.126580594485, 0.01 , 0.01 ,25.27 , 10.47 , 0.76 , 0.46 , 0.51
2024-02-20 15:31:37,023 :- 00250: 149 , 24.50 , -0.50 || 1708423297, 17.602158949495 , 78.126580666962, 0.01 , 0.01 ,25.09 , 9.25 , 0.75 , 0.47 , 0.53
2024-02-20 15:31:37,052 :- 00251: 152 , 24.50 , -0.50 || 1708423297, 17.602158949495 , 78.126580666962, 0.01 , 0.01 ,25.09 , 10.34 , 0.76 , 0.46 , 0.54
2024-02-20 15:31:37,073 :- 00252: 154 , 24.50 , -0.50 || 1708423297, 17.602158949495 , 78.126580666962, 0.01 , 0.01 ,25.09 , 9.56 , 0.76 , 0.48 , 0.55
2024-02-20 15:31:37,103 :- 00253: 157 , 24.50 , -0.50 || 1708423297, 17.602158949495 , 78.126580666962, 0.01 , 0.01 ,25.09 , 9.82 , 0.76 , 0.47 , 0.58
2024-02-20 15:31:37,133 :- 00254: 160 , 24.40 , -0.50 || 1708423297, 17.602165208090 , 78.126580743513, 0.01 , 0.01 ,24.92 , 9.88 , 0.78 , 0.47 , 0.60
2024-02-20 15:31:37,163 :- 00255: 163 , 24.40 , -0.50 || 1708423297, 17.602165208090 , 78.126580743513, 0.01 , 0.01 ,24.92 , 9.96 , 0.77 , 0.49 , 0.63
2024-02-20 15:31:37,193 :- 00256: 166 , 24.30 , -0.50 || 1708423297, 17.602165208090 , 78.126580743513, 0.01 , 0.01 ,24.92 , 9.93 , 0.77 , 0.48 , 0.64
2024-02-20 15:31:37,223 :- 00257: 169 , 24.20 , -0.50 || 1708423297, 17.602171420240 , 78.126580814500, 0.01 , 0.01 ,24.73 , 9.92 , 0.77 , 0.51 , 0.68
2024-02-20 15:31:37,253 :- 00258: 172 , 24.20 , -0.50 || 1708423297, 17.602171420240 , 78.126580814500, 0.01 , 0.01 ,24.73 , 9.74 , 0.78 , 0.52 , 0.69
2024-02-20 15:31:37,283 :- 00259: 175 , 24.20 , -0.50 || 1708423297, 17.602171420240 , 78.126580814500, 0.01 , 0.01 ,24.73 , 9.15 , 0.76 , 0.53 , 0.73
2024-02-20 15:31:37,313 :- 00260: 178 , 24.10 , -0.50 || 1708423297, 17.602171420240 , 78.126580814500, 0.01 , 0.01 ,24.50 , 9.72 , 0.78 , 0.55 , 0.75
2024-02-20 15:31:37,343 :- 00261: 181 , 24.00 , -0.50 || 1708423297, 17.602177587722 , 78.126580899795, 0.01 , 0.01 ,24.50 , 9.64 , 0.79 , 0.55 , 0.79
2024-02-20 15:31:37,373 :- 00262: 184 , 23.90 , -0.50 || 1708423297, 17.602177587722 , 78.126580899795, 0.01 , 0.01 ,24.50 , 10.10 , 0.79 , 0.56 , 0.81
2024-02-20 15:31:37,403 :- 00263: 187 , 23.90 , -0.50 || 1708423297, 17.602177587722 , 78.126580899795, 0.01 , 0.01 ,24.50 , 9.99 , 0.80 , 0.58 , 0.85
2024-02-20 15:31:37,433 :- 00264: 190 , 23.80 , -0.50 || 1708423297, 17.602183711133 , 78.126581001986, 0.01 , 0.01 ,24.33 , 10.08 , 0.81 , 0.60 , 0.88
2024-02-20 15:31:37,463 :- 00265: 193 , 23.70 , -0.50 || 1708423297, 17.602183711133 , 78.126581001986, 0.01 , 0.01 ,24.33 , 9.55 , 0.85 , 0.62 , 0.92
2024-02-20 15:31:37,493 :- 00266: 196 , 23.70 , -0.50 || 1708423297, 17.602183711133 , 78.126581001986, 0.01 , 0.01 ,24.33 , 9.67 , 0.86 , 0.63 , 0.94
2024-02-20 15:31:37,523 :- 00267: 199 , 23.60 , -0.50 || 1708423297, 17.602189792568 , 78.126581110375, 0.01 , 0.01 ,24.11 , 9.79 , 0.91 , 0.65 , 0.97
2024-02-20 15:31:37,552 :- 00268: 202 , 23.60 , -0.50 || 1708423297, 17.602189792568 , 78.126581110375, 0.01 , 0.01 ,24.11 , 9.59 , 0.92 , 0.63 , 0.99
2024-02-20 15:31:37,583 :- 00269: 205 , 23.50 , -0.50 || 1708423297, 17.602189792568 , 78.126581110375, 0.01 , 0.01 ,24.11 , 9.75 , 0.97 , 0.63 , 1.02
2024-02-20 15:31:37,612 :- 00270: 208 , 23.50 , -0.50 || 1708423297, 17.602189792568 , 78.126581110375, 0.01 , 0.01 ,23.86 , 10.03 , 1.00 , 0.61 , 1.04
2024-02-20 15:31:37,642 :- 00271: 211 , 23.40 , -0.50 || 1708423297, 17.602195793761 , 78.126581265374, 0.01 , 0.01 ,23.86 , 9.35 , 0.99 , 0.58 , 1.07
2024-02-20 15:31:37,672 :- 00272: 214 , 23.40 , -0.50 || 1708423297, 17.602195793761 , 78.126581265374, 0.01 , 0.01 ,23.86 , 9.90 , 1.00 , 0.57 , 1.10
2024-02-20 15:31:37,703 :- 00273: 217 , 23.30 , -0.50 || 1708423297, 17.602195793761 , 78.126581265374, 0.01 , 0.01 ,23.86 , 9.71 , 1.00 , 0.54 , 1.14
2024-02-20 15:31:37,732 :- 00274: 220 , 23.20 , -0.50 || 1708423297, 17.602201731132 , 78.126581402053, 0.01 , 0.01 ,23.60 , 9.74 , 0.99 , 0.53 , 1.17
2024-02-20 15:31:37,762 :- 00275: 223 , 23.20 , -0.50 || 1708423297, 17.602201731132 , 78.126581402053, 0.01 , 0.01 ,23.60 , 9.48 , 0.98 , 0.51 , 1.22
2024-02-20 15:31:37,793 :- 00276: 226 , 23.10 , -0.50 || 1708423297, 17.602201731132 , 78.126581402053, 0.01 , 0.01 ,23.60 , 10.05 , 0.97 , 0.50 , 1.25
2024-02-20 15:31:37,822 :- 00277: 229 , 23.10 , -0.50 || 1708423297, 17.602207624025 , 78.126581518677, 0.01 , 0.01 ,23.39 , 9.69 , 0.97 , 0.47 , 1.30
2024-02-20 15:31:37,852 :- 00278: 232 , 23.00 , -0.50 || 1708423297, 17.602207624025 , 78.126581518677, 0.01 , 0.01 ,23.39 , 10.19 , 0.97 , 0.47 , 1.32
2024-02-20 15:31:37,882 :- 00279: 235 , 22.90 , -0.50 || 1708423297, 17.602207624025 , 78.126581518677, 0.01 , 0.01 ,23.39 , 9.78 , 0.96 , 0.45 , 1.37
2024-02-20 15:31:37,912 :- 00280: 238 , 22.80 , -0.50 || 1708423297, 17.602207624025 , 78.126581518677, 0.01 , 0.01 ,23.19 , 10.30 , 0.95 , 0.45 , 1.39
2024-02-20 15:31:37,942 :- 00281: 241 , 22.80 , -0.50 || 1708423297, 17.602213466664 , 78.126581667748, 0.01 , 0.01 ,23.19 , 9.87 , 0.93 , 0.45 , 1.44
2024-02-20 15:31:37,972 :- 00282: 244 , 22.70 , -0.50 || 1708423297, 17.602213466664 , 78.126581667748, 0.01 , 0.01 ,23.19 , 10.09 , 0.91 , 0.46 , 1.46
2024-02-20 15:31:38,002 :- 00283: 247 , 22.70 , -0.50 || 1708423297, 17.602213466664 , 78.126581667748, 0.01 , 0.01 ,23.19 , 9.57 , 0.88 , 0.46 , 1.52
2024-02-20 15:31:38,032 :- 00284: 250 , 22.60 , -0.50 || 1708423298, 17.602213466664 , 78.126581667748, 0.01 , 0.01 ,23.08 , 9.86 , 0.87 , 0.45 , 1.54
2024-02-20 15:31:38,063 :- 00285: 253 , 22.50 , -0.50 || 1708423298, 17.602219264470 , 78.126581806772, 0.01 , 0.01 ,23.08 , 9.89 , 0.80 , 0.45 , 1.59
2024-02-20 15:31:38,092 :- 00286: 000 , 22.50 , -0.50 || 1708423298, 17.602219264470 , 78.126581806772, 0.01 , 0.01 ,23.08 , 9.85 , 0.77 , 0.42 , 1.61
2024-02-20 15:31:38,122 :- 00287: 003 , 22.40 , -0.50 || 1708423298, 17.602224993532 , 78.126581937364, 0.01 , 0.01 ,22.82 , 9.76 , 0.66 , 0.42 , 1.65
2024-02-20 15:31:38,152 :- 00288: 006 , 22.40 , -0.50 || 1708423298, 17.602224993532 , 78.126581937364, 0.01 , 0.01 ,22.82 , 9.77 , 0.62 , 0.40 , 1.67
2024-02-20 15:31:38,182 :- 00289: 009 , 22.30 , -0.50 || 1708423298, 17.602224993532 , 78.126581937364, 0.01 , 0.01 ,22.82 , 9.86 , 0.58 , 0.40 , 1.72
2024-02-20 15:31:38,212 :- 00290: 012 , 22.20 , -0.50 || 1708423298, 17.602224993532 , 78.126581937364, 0.01 , 0.01 ,22.58 , 9.67 , 0.57 , 0.40 , 1.74
2024-02-20 15:31:38,243 :- 00291: 015 , 22.20 , -0.50 || 1708423298, 17.602230665728 , 78.126582076968, 0.01 , 0.01 ,22.58 , 9.99 , 0.58 , 0.42 , 1.79
2024-02-20 15:31:38,272 :- 00292: 018 , 22.10 , -0.50 || 1708423298, 17.602230665728 , 78.126582076968, 0.01 , 0.01 ,22.58 , 9.79 , 0.59 , 0.44 , 1.81
2024-02-20 15:31:38,302 :- 00293: 021 , 22.00 , -0.50 || 1708423298, 17.602230665728 , 78.126582076968, 0.01 , 0.01 ,22.58 , 9.74 , 0.59 , 0.47 , 1.86
2024-02-20 15:31:38,332 :- 00294: 024 , 21.90 , -0.50 || 1708423298, 17.602236303698 , 78.126582263635, 0.01 , 0.01 ,22.48 , 9.57 , 0.60 , 0.49 , 1.88
2024-02-20 15:31:38,352 :- 00295: 026 , 21.90 , -0.50 || 1708423298, 17.602236303698 , 78.126582263635, 0.01 , 0.01 ,22.48 , 9.72 , 0.61 , 0.50 , 1.90
2024-02-20 15:31:38,382 :- 00296: 029 , 21.80 , -0.50 || 1708423298, 17.602236303698 , 78.126582263635, 0.01 , 0.01 ,22.48 , 10.01 , 0.63 , 0.54 , 1.93
2024-02-20 15:31:38,412 :- 00297: 032 , 21.70 , -0.50 || 1708423298, 17.602236303698 , 78.126582263635, 0.01 , 0.01 ,22.20 , 9.72 , 0.65 , 0.56 , 1.95
2024-02-20 15:31:38,442 :- 00298: 035 , 21.60 , -0.50 || 1708423298, 17.602241896389 , 78.126582489960, 0.01 , 0.01 ,22.20 , 10.13 , 0.67 , 0.59 , 1.98
2024-02-20 15:31:38,472 :- 00299: 038 , 21.60 , -0.50 || 1708423298, 17.602241896389 , 78.126582489960, 0.01 , 0.01 ,22.20 , 10.07 , 0.68 , 0.61 , 2.00
2024-02-20 15:31:38,502 :- 00300: 041 , 21.50 , -0.50 || 1708423298, 17.602241896389 , 78.126582489960, 0.01 , 0.01 ,22.20 , 9.65 , 0.67 , 0.63 , 2.03
2024-02-20 15:31:38,532 :- 00301: 044 , 21.50 , -0.50 || 1708423298, 17.602247415961 , 78.126582708584, 0.01 , 0.01 ,22.00 , 9.61 , 0.68 , 0.63 , 2.05
2024-02-20 15:31:38,562 :- 00302: 047 , 21.50 , -0.50 || 1708423298, 17.602247415961 , 78.126582708584, 0.01 , 0.01 ,22.00 , 8.99 , 0.66 , 0.61 , 2.09
2024-02-20 15:31:38,592 :- 00303: 050 , 21.40 , -0.50 || 1708423298, 17.602247415961 , 78.126582708584, 0.01 , 0.01 ,22.00 , 9.05 , 0.64 , 0.58 , 2.11
2024-02-20 15:31:38,622 :- 00304: 053 , 21.40 , -0.50 || 1708423298, 17.602252881365 , 78.126582903839, 0.01 , 0.01 ,21.73 , 9.55 , 0.66 , 0.51 , 2.13
2024-02-20 15:31:38,652 :- 00305: 056 , 21.40 , -0.50 || 1708423298, 17.602252881365 , 78.126582903839, 0.01 , 0.01 ,21.73 , 9.05 , 0.65 , 0.45 , 2.15
2024-02-20 15:31:38,682 :- 00306: 059 , 21.40 , -0.50 || 1708423298, 17.602252881365 , 78.126582903839, 0.01 , 0.01 ,21.73 , 9.62 , 0.65 , 0.36 , 2.17
2024-02-20 15:31:38,713 :- 00307: 062 , 21.30 , -0.50 || 1708423298, 17.602252881365 , 78.126582903839, 0.01 , 0.01 ,21.58 , 10.21 , 0.66 , 0.32 , 2.18
2024-02-20 15:31:38,743 :- 00308: 065 , 21.30 , -0.50 || 1708423298, 17.602258285876 , 78.126583115315, 0.01 , 0.01 ,21.58 , 9.94 , 0.63 , 0.18 , 2.20
2024-02-20 15:31:38,773 :- 00309: 068 , 21.30 , -0.50 || 1708423298, 17.602258285876 , 78.126583115315, 0.01 , 0.01 ,21.58 , 9.87 , 0.64 , 0.17 , 2.21
2024-02-20 15:31:38,803 :- 00310: 071 , 21.30 , -0.50 || 1708423298, 17.602258285876 , 78.126583115315, 0.01 , 0.01 ,21.58 , 10.48 , 0.68 , 0.11 , 2.23
2024-02-20 15:31:38,833 :- 00311: 074 , 21.30 , -0.50 || 1708423298, 17.602263693083 , 78.126583349969, 0.01 , 0.01 ,21.58 , 9.98 , 0.69 , 0.08 , 2.24
2024-02-20 15:31:38,863 :- 00312: 077 , 21.20 , -0.50 || 1708423298, 17.602263693083 , 78.126583349969, 0.01 , 0.01 ,21.58 , 10.40 , 0.72 , 0.05 , 2.25
2024-02-20 15:31:38,893 :- 00313: 080 , 21.20 , -0.50 || 1708423298, 17.602263693083 , 78.126583349969, 0.01 , 0.01 ,21.58 , 10.40 , 0.75 , 0.07 , 2.26
2024-02-20 15:31:38,923 :- 00314: 083 , 21.20 , -0.50 || 1708423298, 17.602269138620 , 78.126583598991, 0.01 , 0.01 ,21.73 , 10.46 , 0.79 , 0.08 , 2.25
2024-02-20 15:31:38,953 :- 00315: 086 , 21.20 , -0.50 || 1708423298, 17.602269138620 , 78.126583598991, 0.01 , 0.01 ,21.73 , 10.27 , 0.82 , 0.12 , 2.24
2024-02-20 15:31:38,983 :- 00316: 089 , 21.20 , -0.50 || 1708423298, 17.602269138620 , 78.126583598991, 0.01 , 0.01 ,21.73 , 10.45 , 0.87 , 0.20 , 2.22
2024-02-20 15:31:39,013 :- 00317: 092 , 21.20 , -0.50 || 1708423298, 17.602269138620 , 78.126583598991, 0.01 , 0.01 ,21.73 , 9.49 , 0.89 , 0.25 , 2.20
2024-02-20 15:31:39,043 :- 00318: 095 , 21.20 , -0.50 || 1708423299, 17.602274601167 , 78.126583868324, 0.01 , 0.01 ,21.80 , 9.90 , 0.96 , 0.32 , 2.17
2024-02-20 15:31:39,073 :- 00319: 098 , 21.20 , -0.50 || 1708423299, 17.602274601167 , 78.126583868324, 0.01 , 0.01 ,21.80 , 9.64 , 0.98 , 0.36 , 2.16
2024-02-20 15:31:39,102 :- 00320: 101 , 21.20 , -0.50 || 1708423299, 17.602274601167 , 78.126583868324, 0.01 , 0.01 ,21.80 , 9.39 , 1.01 , 0.43 , 2.13
2024-02-20 15:31:39,133 :- 00321: 104 , 21.10 , -0.50 || 1708423299, 17.602280060025 , 78.126584130172, 0.01 , 0.01 ,21.80 , 9.61 , 1.03 , 0.46 , 2.12
2024-02-20 15:31:39,162 :- 00322: 107 , 21.10 , -0.50 || 1708423299, 17.602280060025 , 78.126584130172, 0.01 , 0.01 ,21.80 , 9.56 , 1.03 , 0.49 , 2.10
2024-02-20 15:31:39,193 :- 00323: 110 , 21.10 , -0.50 || 1708423299, 17.602280060025 , 78.126584130172, 0.01 , 0.01 ,21.80 , 8.98 , 1.02 , 0.50 , 2.09
2024-02-20 15:31:39,223 :- 00324: 113 , 21.10 , -0.50 || 1708423299, 17.602285494774 , 78.126584351326, 0.01 , 0.01 ,21.66 , 10.19 , 1.04 , 0.52 , 2.07
2024-02-20 15:31:39,253 :- 00325: 116 , 21.10 , -0.50 || 1708423299, 17.602285494774 , 78.126584351326, 0.01 , 0.01 ,21.66 , 9.47 , 1.04 , 0.51 , 2.06
2024-02-20 15:31:39,283 :- 00326: 119 , 21.10 , -0.50 || 1708423299, 17.602285494774 , 78.126584351326, 0.01 , 0.01 ,21.66 , 9.09 , 1.00 , 0.51 , 2.03
2024-02-20 15:31:39,312 :- 00327: 122 , 21.10 , -0.50 || 1708423299, 17.602285494774 , 78.126584351326, 0.01 , 0.01 ,21.49 , 9.45 , 1.00 , 0.51 , 2.02
2024-02-20 15:31:39,342 :- 00328: 125 , 21.10 , -0.50 || 1708423299, 17.602290888154 , 78.126584531000, 0.01 , 0.01 ,21.49 , 9.65 , 0.95 , 0.44 , 1.99
2024-02-20 15:31:39,372 :- 00329: 128 , 21.10 , -0.50 || 1708423299, 17.602290888154 , 78.126584531000, 0.01 , 0.01 ,21.49 , 9.51 , 0.93 , 0.44 , 1.98
2024-02-20 15:31:39,402 :- 00330: 131 , 21.10 , -0.50 || 1708423299, 17.602290888154 , 78.126584531000, 0.01 , 0.01 ,21.49 , 9.86 , 0.95 , 0.38 , 1.95
2024-02-20 15:31:39,432 :- 00331: 134 , 21.10 , -0.50 || 1708423299, 17.602296287589 , 78.126584711281, 0.01 , 0.01 ,21.52 , 10.07 , 0.96 , 0.36 , 1.94
2024-02-20 15:31:39,463 :- 00332: 137 , 21.10 , -0.50 || 1708423299, 17.602296287589 , 78.126584711281, 0.01 , 0.01 ,21.52 , 10.09 , 0.97 , 0.34 , 1.91
2024-02-20 15:31:39,493 :- 00333: 140 , 21.10 , -0.50 || 1708423299, 17.602296287589 , 78.126584711281, 0.01 , 0.01 ,21.52 , 9.66 , 0.98 , 0.33 , 1.90
2024-02-20 15:31:39,523 :- 00334: 143 , 21.10 , -0.50 || 1708423299, 17.602301680852 , 78.126584906718, 0.01 , 0.01 ,21.51 , 10.39 , 0.98 , 0.31 , 1.87
2024-02-20 15:31:39,553 :- 00335: 146 , 21.10 , -0.50 || 1708423299, 17.602301680852 , 78.126584906718, 0.01 , 0.01 ,21.51 , 9.93 , 0.99 , 0.31 , 1.86
2024-02-20 15:31:39,583 :- 00336: 149 , 21.10 , -0.50 || 1708423299, 17.602301680852 , 78.126584906718, 0.01 , 0.01 ,21.51 , 9.92 , 0.98 , 0.30 , 1.83
2024-02-20 15:31:39,612 :- 00337: 152 , 21.10 , -0.50 || 1708423299, 17.602301680852 , 78.126584906718, 0.01 , 0.01 ,21.62 , 10.03 , 1.01 , 0.31 , 1.81
2024-02-20 15:31:39,643 :- 00338: 155 , 21.10 , -0.50 || 1708423299, 17.602307104427 , 78.126585110755, 0.01 , 0.01 ,21.62 , 9.92 , 1.05 , 0.30 , 1.78
2024-02-20 15:31:39,673 :- 00339: 158 , 21.10 , -0.50 || 1708423299, 17.602307104427 , 78.126585110755, 0.01 , 0.01 ,21.62 , 9.68 , 1.09 , 0.30 , 1.77
2024-02-20 15:31:39,702 :- 00340: 161 , 21.10 , -0.50 || 1708423299, 17.602307104427 , 78.126585110755, 0.01 , 0.01 ,21.62 , 10.28 , 1.14 , 0.30 , 1.74
2024-02-20 15:31:39,732 :- 00341: 164 , 21.10 , -0.50 || 1708423299, 17.602312521125 , 78.126585328525, 0.01 , 0.01 ,21.59 , 10.09 , 1.15 , 0.30 , 1.73
2024-02-20 15:31:39,762 :- 00342: 167 , 21.20 , -0.50 || 1708423299, 17.602312521125 , 78.126585328525, 0.01 , 0.01 ,21.59 , 9.44 , 1.14 , 0.32 , 1.71
2024-02-20 15:31:39,793 :- 00343: 170 , 21.10 , -0.50 || 1708423299, 17.602312521125 , 78.126585328525, 0.01 , 0.01 ,21.59 , 9.89 , 1.17 , 0.33 , 1.70
2024-02-20 15:31:39,823 :- 00344: 173 , 21.20 , -0.50 || 1708423299, 17.602317964300 , 78.126585510096, 0.01 , 0.01 ,21.74 , 9.91 , 1.17 , 0.35 , 1.68
2024-02-20 15:31:39,853 :- 00345: 176 , 21.20 , -0.50 || 1708423299, 17.602317964300 , 78.126585510096, 0.01 , 0.01 ,21.74 , 9.17 , 1.16 , 0.36 , 1.68
2024-02-20 15:31:39,883 :- 00346: 179 , 21.20 , -0.50 || 1708423299, 17.602317964300 , 78.126585510096, 0.01 , 0.01 ,21.74 , 9.84 , 1.16 , 0.38 , 1.65
2024-02-20 15:31:39,913 :- 00347: 182 , 21.20 , -0.50 || 1708423299, 17.602317964300 , 78.126585510096, 0.01 , 0.01 ,21.67 , 9.82 , 1.17 , 0.39 , 1.64
2024-02-20 15:31:39,943 :- 00348: 185 , 21.20 , -0.50 || 1708423299, 17.602323404914 , 78.126585670838, 0.01 , 0.01 ,21.67 , 9.35 , 1.12 , 0.38 , 1.63