2024-02-20 15:37:24,453 :- 00001: Feedback Code Starting
2024-02-20 15:37:24,482 :- 00002: 080 , 20.00 , -0.10 || 1708423644, 17.601718936365 , 78.126608668987, 0.01 , 0.01 ,26.39 , 9.80 , 1.28 , 0.30 , 359.60
2024-02-20 15:37:24,512 :- 00003: 083 , 20.00 , -0.10 || 1708423644, 17.601718936365 , 78.126608668987, 0.01 , 0.01 ,26.46 , 9.57 , 1.27 , 0.33 , 359.59
2024-02-20 15:37:24,542 :- 00004: 086 , 20.00 , -0.10 || 1708423644, 17.601725561145 , 78.126608626416, 0.01 , 0.01 ,26.46 , 9.73 , 1.24 , 0.35 , 359.59
2024-02-20 15:37:24,572 :- 00005: 089 , 20.00 , -0.10 || 1708423644, 17.601725561145 , 78.126608626416, 0.01 , 0.01 ,26.46 , 9.95 , 1.22 , 0.36 , 359.61
2024-02-20 15:37:24,602 :- 00006: 092 , 20.00 , -0.10 || 1708423644, 17.601725561145 , 78.126608626416, 0.01 , 0.01 ,26.46 , 9.20 , 1.17 , 0.39 , 359.65
2024-02-20 15:37:24,632 :- 00007: 095 , 20.00 , -0.10 || 1708423644, 17.601732166512 , 78.126608586338, 0.01 , 0.01 ,26.26 , 9.74 , 1.16 , 0.39 , 359.69
2024-02-20 15:37:24,662 :- 00008: 098 , 20.00 , -0.10 || 1708423644, 17.601732166512 , 78.126608586338, 0.01 , 0.01 ,26.26 , 9.23 , 1.13 , 0.39 , 359.76
2024-02-20 15:37:24,692 :- 00009: 101 , 20.00 , -0.10 || 1708423644, 17.601732166512 , 78.126608586338, 0.01 , 0.01 ,26.26 , 9.97 , 1.12 , 0.38 , 359.80
2024-02-20 15:37:24,722 :- 00010: 104 , 20.00 , -0.10 || 1708423644, 17.601738749747 , 78.126608494646, 0.01 , 0.01 ,26.20 , 9.65 , 1.13 , 0.36 , 359.85
2024-02-20 15:37:24,752 :- 00011: 107 , 20.00 , -0.10 || 1708423644, 17.601738749747 , 78.126608494646, 0.01 , 0.01 ,26.20 , 10.22 , 1.13 , 0.35 , 359.86
2024-02-20 15:37:24,782 :- 00012: 110 , 20.00 , -0.20 || 1708423644, 17.601738749747 , 78.126608494646, 0.01 , 0.01 ,26.20 , 9.44 , 1.10 , 0.32 , 359.86
2024-02-20 15:37:24,812 :- 00013: 113 , 20.00 , -0.20 || 1708423644, 17.601738749747 , 78.126608494646, 0.01 , 0.01 ,26.20 , 10.12 , 1.10 , 0.32 , 359.84
2024-02-20 15:37:24,842 :- 00014: 116 , 20.00 , -0.20 || 1708423644, 17.601745324432 , 78.126608466123, 0.01 , 0.01 ,26.20 , 9.64 , 1.06 , 0.31 , 359.81
2024-02-20 15:37:24,872 :- 00015: 119 , 20.00 , -0.00 || 1708423644, 17.601745324432 , 78.126608466123, 0.01 , 0.01 ,26.20 , 10.05 , 1.05 , 0.30 , 359.80
2024-02-20 15:37:24,902 :- 00016: 122 , 20.00 , -0.00 || 1708423644, 17.601745324432 , 78.126608466123, 0.01 , 0.01 ,26.20 , 9.66 , 1.07 , 0.30 , 359.78
2024-02-20 15:37:24,932 :- 00017: 125 , 20.00 , -0.00 || 1708423644, 17.601751898046 , 78.126608445813, 0.01 , 0.01 ,26.19 , 10.11 , 1.09 , 0.28 , 359.77
2024-02-20 15:37:24,962 :- 00018: 128 , 20.00 , -0.00 || 1708423644, 17.601751898046 , 78.126608445813, 0.01 , 0.01 ,26.19 , 9.73 , 1.10 , 0.26 , 359.77
2024-02-20 15:37:24,992 :- 00019: 131 , 20.00 , -0.00 || 1708423644, 17.601751898046 , 78.126608445813, 0.01 , 0.01 ,26.19 , 10.07 , 1.12 , 0.26 , 359.77
2024-02-20 15:37:25,022 :- 00020: 134 , 20.00 , -0.00 || 1708423645, 17.601751898046 , 78.126608445813, 0.01 , 0.01 ,26.23 , 9.69 , 1.14 , 0.26 , 359.76
2024-02-20 15:37:25,052 :- 00021: 137 , 20.00 , -0.00 || 1708423645, 17.601758463961 , 78.126608431192, 0.01 , 0.01 ,26.23 , 10.24 , 1.16 , 0.25 , 359.76
2024-02-20 15:37:25,082 :- 00022: 140 , 20.00 , -0.00 || 1708423645, 17.601758463961 , 78.126608431192, 0.01 , 0.01 ,26.23 , 9.84 , 1.18 , 0.25 , 359.77
2024-02-20 15:37:25,112 :- 00023: 143 , 20.00 , -0.00 || 1708423645, 17.601758463961 , 78.126608431192, 0.01 , 0.01 ,26.07 , 10.10 , 1.18 , 0.26 , 359.77
2024-02-20 15:37:25,142 :- 00024: 146 , 20.00 , -0.00 || 1708423645, 17.601765003802 , 78.126608401948, 0.01 , 0.01 ,26.07 , 9.70 , 1.19 , 0.29 , 359.78
2024-02-20 15:37:25,172 :- 00025: 149 , 20.00 , -0.00 || 1708423645, 17.601765003802 , 78.126608401948, 0.01 , 0.01 ,26.07 , 9.60 , 1.21 , 0.28 , 359.79
2024-02-20 15:37:25,202 :- 00026: 152 , 20.00 , -0.00 || 1708423645, 17.601765003802 , 78.126608401948, 0.01 , 0.01 ,26.07 , 10.01 , 1.25 , 0.30 , 359.79
2024-02-20 15:37:25,232 :- 00027: 155 , 20.00 , -0.00 || 1708423645, 17.601771550408 , 78.126608361701, 0.01 , 0.01 ,26.03 , 9.78 , 1.26 , 0.32 , 359.79
2024-02-20 15:37:25,262 :- 00028: 158 , 20.00 , -0.00 || 1708423645, 17.601771550408 , 78.126608361701, 0.01 , 0.01 ,26.03 , 9.51 , 1.28 , 0.32 , 359.78
2024-02-20 15:37:25,292 :- 00029: 161 , 20.00 , -0.10 || 1708423645, 17.601771550408 , 78.126608361701, 0.01 , 0.01 ,26.03 , 10.30 , 1.31 , 0.33 , 359.78
2024-02-20 15:37:25,322 :- 00030: 164 , 20.00 , -0.10 || 1708423645, 17.601778077058 , 78.126608360280, 0.01 , 0.01 ,25.95 , 9.88 , 1.35 , 0.35 , 359.77
2024-02-20 15:37:25,352 :- 00031: 167 , 20.00 , -0.10 || 1708423645, 17.601778077058 , 78.126608360280, 0.01 , 0.01 ,25.95 , 9.17 , 1.36 , 0.35 , 359.77
2024-02-20 15:37:25,382 :- 00032: 170 , 20.00 , 00.10 || 1708423645, 17.601778077058 , 78.126608360280, 0.01 , 0.01 ,25.95 , 9.59 , 1.39 , 0.34 , 359.77
2024-02-20 15:37:25,412 :- 00033: 173 , 20.00 , 00.10 || 1708423645, 17.601778077058 , 78.126608360280, 0.01 , 0.01 ,25.94 , 9.87 , 1.41 , 0.35 , 359.77
2024-02-20 15:37:25,442 :- 00034: 176 , 20.00 , 00.10 || 1708423645, 17.601784588665 , 78.126608359035, 0.01 , 0.01 ,25.94 , 9.79 , 1.46 , 0.32 , 359.77
2024-02-20 15:37:25,472 :- 00035: 179 , 20.00 , 00.10 || 1708423645, 17.601784588665 , 78.126608359035, 0.01 , 0.01 ,25.94 , 9.28 , 1.52 , 0.30 , 359.77
2024-02-20 15:37:25,502 :- 00036: 182 , 20.00 , 00.10 || 1708423645, 17.601784588665 , 78.126608359035, 0.01 , 0.01 ,25.94 , 10.22 , 1.56 , 0.28 , 359.76
2024-02-20 15:37:25,532 :- 00037: 185 , 20.00 , 00.10 || 1708423645, 17.601791080141 , 78.126608345764, 0.01 , 0.01 ,25.83 , 9.56 , 1.55 , 0.28 , 359.76
2024-02-20 15:37:25,562 :- 00038: 188 , 20.00 , 00.10 || 1708423645, 17.601791080141 , 78.126608345764, 0.01 , 0.01 ,25.83 , 9.59 , 1.56 , 0.25 , 359.74
2024-02-20 15:37:25,592 :- 00039: 191 , 20.00 , 00.20 || 1708423645, 17.601791080141 , 78.126608345764, 0.01 , 0.01 ,25.83 , 10.46 , 1.59 , 0.23 , 359.74
2024-02-20 15:37:25,622 :- 00040: 194 , 20.00 , 00.20 || 1708423645, 17.601797544405 , 78.126608343713, 0.01 , 0.01 ,25.75 , 10.00 , 1.63 , 0.24 , 359.72
2024-02-20 15:37:25,652 :- 00041: 197 , 20.00 , 00.20 || 1708423645, 17.601797544405 , 78.126608343713, 0.01 , 0.01 ,25.75 , 9.59 , 1.66 , 0.23 , 359.71
2024-02-20 15:37:25,682 :- 00042: 200 , 20.00 , 00.20 || 1708423645, 17.601797544405 , 78.126608343713, 0.01 , 0.01 ,25.75 , 10.32 , 1.73 , 0.24 , 359.70
2024-02-20 15:37:25,712 :- 00043: 203 , 20.00 , 00.20 || 1708423645, 17.601797544405 , 78.126608343713, 0.01 , 0.01 ,25.81 , 9.68 , 1.71 , 0.25 , 359.69
2024-02-20 15:37:25,742 :- 00044: 206 , 20.00 , 00.20 || 1708423645, 17.601804019912 , 78.126608432868, 0.01 , 0.01 ,25.81 , 9.57 , 1.66 , 0.21 , 359.67
2024-02-20 15:37:25,772 :- 00045: 209 , 20.00 , 00.20 || 1708423645, 17.601804019912 , 78.126608432868, 0.01 , 0.01 ,25.81 , 10.17 , 1.67 , 0.21 , 359.66
2024-02-20 15:37:25,802 :- 00046: 212 , 20.00 , 00.70 || 1708423645, 17.601804019912 , 78.126608432868, 0.01 , 0.01 ,25.81 , 10.33 , 1.58 , 0.21 , 359.62
2024-02-20 15:37:25,832 :- 00047: 215 , 20.00 , 00.70 || 1708423645, 17.601810448661 , 78.126608361439, 0.01 , 0.01 ,25.59 , 9.12 , 1.55 , 0.21 , 359.61
2024-02-20 15:37:25,861 :- 00048: 215 , 20.00 , 00.70 || 1708423645, 17.601810448661 , 78.126608361439, 0.01 , 0.01 ,25.59 , 9.12 , 1.55 , 0.21 , 359.611708423645, 17.601810448661 , 78.126608361439, 0.01 , 0.01 ,25.59 , 10.49 , 1.55 , 0.21 , 359.58
2024-02-20 15:37:25,882 :- 00049: 220 , 20.00 , 00.70 || 1708423645, 17.601810448661 , 78.126608361439, 0.01 , 0.01 ,25.59 , 10.62 , 1.54 , 0.24 , 359.57
2024-02-20 15:37:25,912 :- 00050: 223 , 20.00 , 00.70 || 1708423645, 17.601810448661 , 78.126608361439, 0.01 , 0.01 ,25.65 , 9.17 , 1.51 , 0.25 , 359.55
2024-02-20 15:37:25,942 :- 00051: 226 , 20.00 , 00.70 || 1708423645, 17.601816889471 , 78.126608300954, 0.01 , 0.01 ,25.65 , 8.81 , 1.53 , 0.26 , 359.52
2024-02-20 15:37:25,972 :- 00052: 229 , 20.00 , 00.70 || 1708423645, 17.601816889471 , 78.126608300954, 0.01 , 0.01 ,25.65 , 10.04 , 1.57 , 0.29 , 359.49
2024-02-20 15:37:26,002 :- 00053: 232 , 20.00 , 00.80 || 1708423645, 17.601816889471 , 78.126608300954, 0.01 , 0.01 ,25.65 , 10.86 , 1.60 , 0.30 , 359.42
2024-02-20 15:37:26,032 :- 00054: 235 , 20.00 , 00.80 || 1708423646, 17.601823323098 , 78.126608234255, 0.01 , 0.01 ,25.59 , 9.26 , 1.58 , 0.34 , 359.38
2024-02-20 15:37:26,062 :- 00055: 238 , 20.00 , 00.80 || 1708423646, 17.601823323098 , 78.126608234255, 0.01 , 0.01 ,25.59 , 10.57 , 1.67 , 0.44 , 359.28
2024-02-20 15:37:26,092 :- 00056: 241 , 20.00 , 00.80 || 1708423646, 17.601823323098 , 78.126608234255, 0.01 , 0.01 ,25.59 , 10.45 , 1.67 , 0.45 , 359.23
2024-02-20 15:37:26,122 :- 00057: 244 , 20.00 , 00.80 || 1708423646, 17.601829771359 , 78.126608194116, 0.01 , 0.01 ,25.74 , 9.41 , 1.73 , 0.56 , 359.14
2024-02-20 15:37:26,152 :- 00058: 247 , 20.00 , 00.80 || 1708423646, 17.601829771359 , 78.126608194116, 0.01 , 0.01 ,25.74 , 8.73 , 1.72 , 0.62 , 359.09
2024-02-20 15:37:26,182 :- 00059: 250 , 20.00 , 00.80 || 1708423646, 17.601829771359 , 78.126608194116, 0.01 , 0.01 ,25.74 , 10.08 , 1.89 , 0.66 , 359.00
2024-02-20 15:37:26,212 :- 00060: 253 , 20.00 , 00.20 || 1708423646, 17.601829771359 , 78.126608194116, 0.01 , 0.01 ,25.46 , 9.50 , 1.93 , 0.66 , 358.96
2024-02-20 15:37:26,242 :- 00061: 000 , 20.00 , 00.20 || 1708423646, 17.601836180060 , 78.126608132748, 0.01 , 0.01 ,25.46 , 9.22 , 2.00 , 0.68 , 358.87
2024-02-20 15:37:26,272 :- 00062: 003 , 20.00 , 00.20 || 1708423646, 17.601836180060 , 78.126608132748, 0.01 , 0.01 ,25.46 , 9.42 , 2.04 , 0.64 , 358.82
2024-02-20 15:37:26,302 :- 00063: 006 , 20.00 , 00.20 || 1708423646, 17.601836180060 , 78.126608132748, 0.01 , 0.01 ,25.46 , 9.63 , 2.07 , 0.61 , 358.73
2024-02-20 15:37:26,332 :- 00064: 009 , 20.00 , 00.20 || 1708423646, 17.601842528562 , 78.126608054644, 0.01 , 0.01 ,25.19 , 9.68 , 2.05 , 0.57 , 358.69
2024-02-20 15:37:26,362 :- 00065: 012 , 20.00 , 00.20 || 1708423646, 17.601842528562 , 78.126608054644, 0.01 , 0.01 ,25.19 , 8.63 , 2.01 , 0.57 , 358.59
2024-02-20 15:37:26,392 :- 00066: 015 , 20.00 , 00.20 || 1708423646, 17.601842528562 , 78.126608054644, 0.01 , 0.01 ,25.19 , 9.84 , 1.96 , 0.53 , 358.56
2024-02-20 15:37:26,422 :- 00067: 018 , 20.00 , 00.20 || 1708423646, 17.601848846346 , 78.126607876407, 0.01 , 0.01 ,25.12 , 9.98 , 1.89 , 0.48 , 358.51
2024-02-20 15:37:26,452 :- 00068: 021 , 20.00 , 00.20 || 1708423646, 17.601848846346 , 78.126607876407, 0.01 , 0.01 ,25.12 , 9.62 , 1.83 , 0.50 , 358.49
2024-02-20 15:37:26,481 :- 00069: 024 , 20.00 , 00.20 || 1708423646, 17.601848846346 , 78.126607876407, 0.01 , 0.01 ,25.12 , 9.20 , 1.77 , 0.45 , 358.48
2024-02-20 15:37:26,512 :- 00070: 027 , 20.00 , 00.10 || 1708423646, 17.601848846346 , 78.126607876407, 0.01 , 0.01 ,25.12 , 11.12 , 1.80 , 0.45 , 358.48
2024-02-20 15:37:26,542 :- 00071: 030 , 20.00 , 00.10 || 1708423646, 17.601855145361 , 78.126607627826, 0.01 , 0.01 ,25.12 , 10.78 , 1.80 , 0.46 , 358.46
2024-02-20 15:37:26,572 :- 00072: 033 , 20.00 , 00.10 || 1708423646, 17.601855145361 , 78.126607627826, 0.01 , 0.01 ,25.12 , 10.13 , 1.80 , 0.48 , 358.46
2024-02-20 15:37:26,602 :- 00073: 036 , 20.00 , 00.00 || 1708423646, 17.601855145361 , 78.126607627826, 0.01 , 0.01 ,25.12 , 10.99 , 1.92 , 0.55 , 358.44
2024-02-20 15:37:26,632 :- 00074: 039 , 20.00 , 00.00 || 1708423646, 17.601861471638 , 78.126607476564, 0.01 , 0.01 ,25.28 , 9.76 , 1.93 , 0.59 , 358.42
2024-02-20 15:37:26,662 :- 00075: 042 , 20.00 , 00.00 || 1708423646, 17.601861471638 , 78.126607476564, 0.01 , 0.01 ,25.28 , 9.71 , 1.99 , 0.66 , 358.40
2024-02-20 15:37:26,692 :- 00076: 045 , 24.60 , 00.10 || 1708423646, 17.601861471638 , 78.126607476564, 0.01 , 0.01 ,25.28 , 9.40 , 2.03 , 0.71 , 358.38
2024-02-20 15:37:26,722 :- 00077: 048 , 24.60 , 00.10 || 1708423646, 17.601867813303 , 78.126607380828, 0.01 , 0.01 ,25.24 , 9.52 , 2.05 , 0.75 , 358.37
2024-02-20 15:37:26,752 :- 00078: 051 , 24.60 , 00.00 || 1708423646, 17.601867813303 , 78.126607380828, 0.01 , 0.01 ,25.24 , 8.53 , 2.07 , 0.76 , 358.37
2024-02-20 15:37:26,782 :- 00079: 054 , 24.60 , 00.00 || 1708423646, 17.601867813303 , 78.126607380828, 0.01 , 0.01 ,25.24 , 9.79 , 2.07 , 0.81 , 358.35
2024-02-20 15:37:26,812 :- 00080: 057 , 24.50 , 00.00 || 1708423646, 17.601867813303 , 78.126607380828, 0.00 , 0.01 ,25.03 , 9.43 , 2.03 , 0.85 , 358.35
2024-02-20 15:37:26,842 :- 00081: 060 , 24.50 , 00.00 || 1708423646, 17.601874097276 , 78.126607188868, 0.00 , 0.01 ,25.03 , 9.33 , 1.99 , 0.80 , 358.34
2024-02-20 15:37:26,872 :- 00082: 063 , 24.40 , 00.00 || 1708423646, 17.601874097276 , 78.126607188868, 0.00 , 0.01 ,25.03 , 9.56 , 1.97 , 0.81 , 358.34
2024-02-20 15:37:26,902 :- 00083: 066 , 24.40 , 00.00 || 1708423646, 17.601874097276 , 78.126607188868, 0.00 , 0.01 ,25.03 , 10.00 , 1.95 , 0.80 , 358.33
2024-02-20 15:37:26,932 :- 00084: 069 , 24.40 , 00.00 || 1708423646, 17.601880340854 , 78.126606971497, 0.00 , 0.01 ,24.88 , 9.45 , 1.92 , 0.77 , 358.34
2024-02-20 15:37:26,962 :- 00085: 072 , 24.40 , 00.00 || 1708423646, 17.601880340854 , 78.126606971497, 0.00 , 0.01 ,24.88 , 9.49 , 1.93 , 0.75 , 358.34
2024-02-20 15:37:26,992 :- 00086: 075 , 24.40 , 00.00 || 1708423646, 17.601880340854 , 78.126606971497, 0.00 , 0.01 ,24.88 , 10.21 , 1.94 , 0.73 , 358.34
2024-02-20 15:37:27,022 :- 00087: 078 , 24.30 , 00.00 || 1708423646, 17.601880340854 , 78.126606971497, 0.01 , 0.01 ,24.85 , 10.19 , 1.95 , 0.71 , 358.34
2024-02-20 15:37:27,052 :- 00088: 081 , 24.30 , 00.00 || 1708423647, 17.601886576774 , 78.126606768956, 0.01 , 0.01 ,24.85 , 9.72 , 1.92 , 0.68 , 358.33
2024-02-20 15:37:27,082 :- 00089: 084 , 24.30 , 00.00 || 1708423647, 17.601886576774 , 78.126606768956, 0.01 , 0.01 ,24.85 , 10.31 , 1.95 , 0.67 , 358.32
2024-02-20 15:37:27,112 :- 00090: 087 , 24.30 , 00.00 || 1708423647, 17.601886576774 , 78.126606768956, 0.01 , 0.01 ,24.69 , 9.97 , 1.95 , 0.67 , 358.32
2024-02-20 15:37:27,141 :- 00091: 087 , 24.30 , 00.00 || 1708423647, 17.601886576774 , 78.126606768956, 0.01 , 0.01 ,24.69 , 9.97 , 1.95 , 0.67 , 358.321708423647, 17.601892781743 , 78.126606589225, 0.01 , 0.01 ,24.69 , 10.06 , 1.95 , 0.67 , 358.31
2024-02-20 15:37:27,162 :- 00092: 092 , 24.20 , 00.00 || 1708423647, 17.601892781743 , 78.126606589225, 0.01 , 0.01 ,24.69 , 10.18 , 1.97 , 0.66 , 358.31
2024-02-20 15:37:27,192 :- 00093: 095 , 24.10 , 00.00 || 1708423647, 17.601892781743 , 78.126606589225, 0.01 , 0.01 ,24.69 , 10.10 , 1.97 , 0.69 , 358.31
2024-02-20 15:37:27,222 :- 00094: 098 , 24.10 , 00.00 || 1708423647, 17.601898954350 , 78.126606416965, 0.01 , 0.01 ,24.55 , 9.51 , 1.93 , 0.67 , 358.32
2024-02-20 15:37:27,252 :- 00095: 101 , 24.00 , 00.00 || 1708423647, 17.601898954350 , 78.126606416965, 0.01 , 0.01 ,24.55 , 10.03 , 1.94 , 0.70 , 358.32
2024-02-20 15:37:27,282 :- 00096: 104 , 23.90 , 00.00 || 1708423647, 17.601898954350 , 78.126606416965, 0.01 , 0.01 ,24.55 , 9.71 , 1.93 , 0.72 , 358.32
2024-02-20 15:37:27,312 :- 00097: 107 , 23.90 , 00.00 || 1708423647, 17.601898954350 , 78.126606416965, 0.01 , 0.01 ,24.29 , 9.70 , 1.90 , 0.71 , 358.32
2024-02-20 15:37:27,342 :- 00098: 110 , 23.80 , 00.00 || 1708423647, 17.601905047824 , 78.126606229901, 0.01 , 0.01 ,24.29 , 9.98 , 1.90 , 0.75 , 358.32
2024-02-20 15:37:27,372 :- 00099: 113 , 23.70 , 00.00 || 1708423647, 17.601905047824 , 78.126606229901, 0.01 , 0.01 ,24.29 , 9.99 , 1.87 , 0.72 , 358.31
2024-02-20 15:37:27,402 :- 00100: 116 , 23.60 , 00.00 || 1708423647, 17.601905047824 , 78.126606229901, 0.01 , 0.01 ,24.29 , 9.31 , 1.85 , 0.76 , 358.31
2024-02-20 15:37:27,432 :- 00101: 119 , 23.50 , 00.00 || 1708423647, 17.601911068830 , 78.126606008732, 0.01 , 0.01 ,23.92 , 9.58 , 1.82 , 0.71 , 358.31
2024-02-20 15:37:27,462 :- 00102: 122 , 23.50 , 00.00 || 1708423647, 17.601911068830 , 78.126606008732, 0.01 , 0.01 ,23.92 , 9.75 , 1.80 , 0.70 , 358.31
2024-02-20 15:37:27,492 :- 00103: 125 , 23.40 , 00.00 || 1708423647, 17.601911068830 , 78.126606008732, 0.01 , 0.01 ,23.92 , 9.72 , 1.78 , 0.66 , 358.31
2024-02-20 15:37:27,522 :- 00104: 128 , 23.30 , 00.00 || 1708423647, 17.601917026852 , 78.126605832130, 0.01 , 0.01 ,23.66 , 9.93 , 1.81 , 0.63 , 358.31
2024-02-20 15:37:27,552 :- 00105: 131 , 23.30 , 00.00 || 1708423647, 17.601917026852 , 78.126605832130, 0.01 , 0.01 ,23.66 , 10.25 , 1.82 , 0.63 , 358.32
2024-02-20 15:37:27,582 :- 00106: 134 , 23.20 , 00.00 || 1708423647, 17.601917026852 , 78.126605832130, 0.01 , 0.01 ,23.66 , 9.60 , 1.81 , 0.62 , 358.32
2024-02-20 15:37:27,612 :- 00107: 137 , 23.20 , 00.00 || 1708423647, 17.601917026852 , 78.126605832130, 0.01 , 0.01 ,23.58 , 9.52 , 1.80 , 0.62 , 358.32
2024-02-20 15:37:27,642 :- 00108: 140 , 23.10 , 00.00 || 1708423647, 17.601922935633 , 78.126605655080, 0.01 , 0.01 ,23.58 , 9.97 , 1.76 , 0.62 , 358.32
2024-02-20 15:37:27,672 :- 00109: 143 , 23.00 , 00.00 || 1708423647, 17.601922935633 , 78.126605655080, 0.01 , 0.01 ,23.58 , 9.68 , 1.75 , 0.60 , 358.32
2024-02-20 15:37:27,702 :- 00110: 146 , 23.00 , 00.00 || 1708423647, 17.601922935633 , 78.126605655080, 0.01 , 0.01 ,23.58 , 9.91 , 1.71 , 0.62 , 358.32
2024-02-20 15:37:27,732 :- 00111: 149 , 22.90 , 00.00 || 1708423647, 17.601928821761 , 78.126605455105, 0.01 , 0.01 ,23.35 , 9.92 , 1.71 , 0.60 , 358.32
2024-02-20 15:37:27,761 :- 00112: 152 , 22.90 , 00.00 || 1708423647, 17.601928821761 , 78.126605455105, 0.01 , 0.01 ,23.35 , 9.72 , 1.69 , 0.58 , 358.33
2024-02-20 15:37:27,792 :- 00113: 155 , 22.80 , 00.00 || 1708423647, 17.601928821761 , 78.126605455105, 0.01 , 0.01 ,23.35 , 10.66 , 1.70 , 0.59 , 358.33
2024-02-20 15:37:27,822 :- 00114: 158 , 22.80 , 00.00 || 1708423647, 17.601934639334 , 78.126605258819, 0.01 , 0.01 ,23.23 , 9.76 , 1.66 , 0.58 , 358.33
2024-02-20 15:37:27,852 :- 00115: 161 , 22.70 , 00.00 || 1708423647, 17.601934639334 , 78.126605258819, 0.01 , 0.01 ,23.23 , 9.75 , 1.68 , 0.59 , 358.33
2024-02-20 15:37:27,882 :- 00116: 164 , 22.70 , 00.00 || 1708423647, 17.601934639334 , 78.126605258819, 0.01 , 0.01 ,23.23 , 9.61 , 1.69 , 0.59 , 358.33
2024-02-20 15:37:27,912 :- 00117: 167 , 22.60 , 00.00 || 1708423647, 17.601934639334 , 78.126605258819, 0.01 , 0.01 ,22.98 , 9.76 , 1.68 , 0.60 , 358.33
2024-02-20 15:37:27,942 :- 00118: 170 , 22.60 , 00.00 || 1708423647, 17.601940417375 , 78.126605085099, 0.01 , 0.01 ,22.98 , 9.49 , 1.66 , 0.59 , 358.31
2024-02-20 15:37:27,972 :- 00119: 173 , 22.50 , 00.00 || 1708423647, 17.601940417375 , 78.126605085099, 0.01 , 0.01 ,22.98 , 9.86 , 1.67 , 0.58 , 358.31
2024-02-20 15:37:28,002 :- 00120: 176 , 22.40 , 00.00 || 1708423647, 17.601940417375 , 78.126605085099, 0.01 , 0.01 ,22.98 , 9.29 , 1.64 , 0.55 , 358.31
2024-02-20 15:37:28,032 :- 00121: 179 , 22.30 , 00.00 || 1708423648, 17.601946126318 , 78.126604912193, 0.01 , 0.01 ,22.70 , 10.29 , 1.67 , 0.55 , 358.32
2024-02-20 15:37:28,062 :- 00122: 182 , 22.30 , 00.00 || 1708423648, 17.601946126318 , 78.126604912193, 0.01 , 0.01 ,22.70 , 9.55 , 1.65 , 0.53 , 358.32
2024-02-20 15:37:28,092 :- 00123: 185 , 22.20 , 00.00 || 1708423648, 17.601946126318 , 78.126604912193, 0.01 , 0.01 ,22.70 , 10.06 , 1.65 , 0.53 , 358.33
2024-02-20 15:37:28,122 :- 00124: 188 , 22.10 , 00.00 || 1708423648, 17.601951795935 , 78.126604746864, 0.01 , 0.01 ,22.55 , 10.13 , 1.64 , 0.53 , 358.33
2024-02-20 15:37:28,152 :- 00125: 191 , 22.10 , 00.00 || 1708423648, 17.601951795935 , 78.126604746864, 0.01 , 0.01 ,22.55 , 9.93 , 1.61 , 0.53 , 358.33
2024-02-20 15:37:28,182 :- 00126: 194 , 22.00 , 00.00 || 1708423648, 17.601951795935 , 78.126604746864, 0.01 , 0.01 ,22.55 , 9.87 , 1.54 , 0.54 , 358.33
2024-02-20 15:37:28,212 :- 00127: 197 , 22.00 , 00.00 || 1708423648, 17.601951795935 , 78.126604746864, 0.01 , 0.01 ,22.31 , 10.07 , 1.54 , 0.55 , 358.33
2024-02-20 15:37:28,242 :- 00128: 200 , 21.90 , 00.00 || 1708423648, 17.601957408888 , 78.126604538998, 0.01 , 0.01 ,22.31 , 9.93 , 1.48 , 0.56 , 358.32
2024-02-20 15:37:28,272 :- 00129: 203 , 21.80 , 00.00 || 1708423648, 17.601957408888 , 78.126604538998, 0.01 , 0.01 ,22.31 , 9.74 , 1.48 , 0.57 , 358.31
2024-02-20 15:37:28,302 :- 00130: 206 , 21.80 , 00.10 || 1708423648, 17.601957408888 , 78.126604538998, 0.01 , 0.01 ,22.31 , 9.86 , 1.46 , 0.60 , 358.31
2024-02-20 15:37:28,332 :- 00131: 209 , 21.70 , 00.20 || 1708423648, 17.601962976797 , 78.126604344588, 0.01 , 0.01 ,22.12 , 9.72 , 1.44 , 0.59 , 358.30
2024-02-20 15:37:28,362 :- 00132: 212 , 21.60 , 00.30 || 1708423648, 17.601962976797 , 78.126604344588, 0.01 , 0.01 ,22.12 , 9.75 , 1.45 , 0.59 , 358.30
2024-02-20 15:37:28,392 :- 00133: 215 , 21.60 , 00.50 || 1708423648, 17.601962976797 , 78.126604344588, 0.01 , 0.01 ,22.12 , 9.67 , 1.45 , 0.58 , 358.29
2024-02-20 15:37:28,421 :- 00134: 215 , 21.60 , 00.50 || 1708423648, 17.601962976797 , 78.126604344588, 0.01 , 0.01 ,22.12 , 9.67 , 1.45 , 0.58 , 358.291708423648, 17.601968470872 , 78.126604172864, 0.01 , 0.01 ,21.87 , 9.32 , 1.44 , 0.54 , 358.27
2024-02-20 15:37:28,442 :- 00135: 220 , 21.50 , 00.70 || 1708423648, 17.601968470872 , 78.126604172864, 0.01 , 0.01 ,21.87 , 9.75 , 1.46 , 0.53 , 358.25
2024-02-20 15:37:28,472 :- 00136: 223 , 21.40 , 00.80 || 1708423648, 17.601968470872 , 78.126604172864, 0.01 , 0.01 ,21.87 , 9.92 , 1.47 , 0.51 , 358.22
2024-02-20 15:37:28,502 :- 00137: 226 , 21.30 , 00.90 || 1708423648, 17.601968470872 , 78.126604172864, 0.01 , 0.01 ,21.87 , 9.71 , 1.48 , 0.49 , 358.16
2024-02-20 15:37:28,532 :- 00138: 229 , 21.20 , 01.00 || 1708423648, 17.601973876002 , 78.126604001995, 0.01 , 0.01 ,21.44 , 9.79 , 1.50 , 0.47 , 358.12
2024-02-20 15:37:28,562 :- 00139: 232 , 21.20 , 01.10 || 1708423648, 17.601973876002 , 78.126604001995, 0.01 , 0.01 ,21.44 , 9.74 , 1.50 , 0.45 , 358.03
2024-02-20 15:37:28,592 :- 00140: 235 , 21.10 , 01.20 || 1708423648, 17.601973876002 , 78.126604001995, 0.01 , 0.01 ,21.44 , 9.81 , 1.53 , 0.43 , 357.99
2024-02-20 15:37:28,622 :- 00141: 238 , 21.00 , 01.30 || 1708423648, 17.601979265013 , 78.126603844264, 0.01 , 0.01 ,21.42 , 9.68 , 1.59 , 0.41 , 357.89
2024-02-20 15:37:28,652 :- 00142: 241 , 20.90 , 01.40 || 1708423648, 17.601979265013 , 78.126603844264, 0.01 , 0.01 ,21.42 , 9.84 , 1.61 , 0.40 , 357.84
2024-02-20 15:37:28,682 :- 00143: 244 , 20.90 , 01.50 || 1708423648, 17.601979265013 , 78.126603844264, 0.01 , 0.01 ,21.42 , 9.75 , 1.64 , 0.40 , 357.72
2024-02-20 15:37:28,712 :- 00144: 247 , 20.80 , 01.70 || 1708423648, 17.601979265013 , 78.126603844264, 0.01 , 0.01 ,21.05 , 10.31 , 1.63 , 0.39 , 357.66
2024-02-20 15:37:28,742 :- 00145: 250 , 20.60 , 01.80 || 1708423648, 17.601984550555 , 78.126603643999, 0.01 , 0.01 ,21.05 , 10.15 , 1.63 , 0.39 , 357.52
2024-02-20 15:37:28,772 :- 00146: 253 , 20.60 , 01.90 || 1708423648, 17.601984550555 , 78.126603643999, 0.01 , 0.01 ,21.05 , 10.20 , 1.64 , 0.39 , 357.44
2024-02-20 15:37:28,802 :- 00147: 000 , 20.50 , 02.10 || 1708423648, 17.601984550555 , 78.126603643999, 0.01 , 0.01 ,21.05 , 9.71 , 1.66 , 0.41 , 357.28
2024-02-20 15:37:28,832 :- 00148: 003 , 20.40 , 02.20 || 1708423648, 17.601989799426 , 78.126603420720, 0.01 , 0.01 ,20.95 , 10.42 , 1.68 , 0.42 , 357.20
2024-02-20 15:37:28,862 :- 00149: 006 , 20.30 , 02.30 || 1708423648, 17.601989799426 , 78.126603420720, 0.01 , 0.01 ,20.95 , 9.96 , 1.69 , 0.48 , 357.01
2024-02-20 15:37:28,892 :- 00150: 009 , 20.20 , 02.50 || 1708423648, 17.601989799426 , 78.126603420720, 0.01 , 0.01 ,20.95 , 9.54 , 1.71 , 0.51 , 356.92
2024-02-20 15:37:28,922 :- 00151: 012 , 20.10 , 02.60 || 1708423648, 17.601994953926 , 78.126603138965, 0.01 , 0.01 ,20.47 , 9.64 , 1.75 , 0.56 , 356.72
2024-02-20 15:37:28,952 :- 00152: 015 , 20.00 , 02.70 || 1708423648, 17.601994953926 , 78.126603138965, 0.01 , 0.01 ,20.47 , 9.88 , 1.73 , 0.56 , 356.61
2024-02-20 15:37:28,982 :- 00153: 018 , 19.90 , 02.80 || 1708423648, 17.601994953926 , 78.126603138965, 0.01 , 0.01 ,20.47 , 9.58 , 1.73 , 0.63 , 356.38
2024-02-20 15:37:29,012 :- 00154: 021 , 19.80 , 02.80 || 1708423648, 17.601994953926 , 78.126603138965, 0.01 , 0.01 ,20.47 , 9.60 , 1.74 , 0.64 , 356.27
2024-02-20 15:37:29,041 :- 00155: 024 , 19.70 , 03.00 || 1708423649, 17.602000015557 , 78.126602801689, 0.01 , 0.01 ,20.12 , 9.52 , 1.75 , 0.66 , 356.03
2024-02-20 15:37:29,072 :- 00156: 027 , 19.60 , 03.00 || 1708423649, 17.602000015557 , 78.126602801689, 0.01 , 0.01 ,20.12 , 9.66 , 1.77 , 0.69 , 355.91
2024-02-20 15:37:29,102 :- 00157: 030 , 19.50 , 03.10 || 1708423649, 17.602000015557 , 78.126602801689, 0.01 , 0.01 ,20.12 , 9.29 , 1.74 , 0.72 , 355.65
2024-02-20 15:37:29,132 :- 00158: 033 , 19.30 , 03.20 || 1708423649, 17.602004964347 , 78.126602431996, 0.01 , 0.01 ,19.64 , 9.53 , 1.74 , 0.71 , 355.53
2024-02-20 15:37:29,162 :- 00159: 036 , 19.20 , 03.20 || 1708423649, 17.602004964347 , 78.126602431996, 0.01 , 0.01 ,19.64 , 9.85 , 1.72 , 0.71 , 355.28
2024-02-20 15:37:29,192 :- 00160: 039 , 19.10 , 03.30 || 1708423649, 17.602004964347 , 78.126602431996, 0.01 , 0.01 ,19.64 , 9.82 , 1.71 , 0.72 , 355.15
2024-02-20 15:37:29,222 :- 00161: 042 , 19.00 , 03.30 || 1708423649, 17.602009806492 , 78.126601988262, 0.01 , 0.01 ,19.37 , 9.70 , 1.68 , 0.70 , 354.88
2024-02-20 15:37:29,252 :- 00162: 045 , 18.90 , 03.30 || 1708423649, 17.602009806492 , 78.126601988262, 0.01 , 0.01 ,19.37 , 9.78 , 1.66 , 0.71 , 354.75
2024-02-20 15:37:29,282 :- 00163: 048 , 18.80 , 03.20 || 1708423649, 17.602009806492 , 78.126601988262, 0.01 , 0.01 ,19.37 , 9.59 , 1.63 , 0.71 , 354.48
2024-02-20 15:37:29,312 :- 00164: 051 , 18.70 , 03.00 || 1708423649, 17.602009806492 , 78.126601988262, 0.01 , 0.01 ,19.02 , 9.36 , 1.62 , 0.71 , 354.34
2024-02-20 15:37:29,342 :- 00165: 054 , 18.60 , 02.80 || 1708423649, 17.602014550236 , 78.126601483446, 0.01 , 0.01 ,19.02 , 10.14 , 1.62 , 0.70 , 354.08
2024-02-20 15:37:29,372 :- 00166: 057 , 18.40 , 02.70 || 1708423649, 17.602014550236 , 78.126601483446, 0.01 , 0.01 ,19.02 , 10.03 , 1.60 , 0.69 , 353.95
2024-02-20 15:37:29,402 :- 00167: 060 , 18.30 , 02.50 || 1708423649, 17.602014550236 , 78.126601483446, 0.01 , 0.01 ,19.02 , 9.41 , 1.53 , 0.71 , 353.72
2024-02-20 15:37:29,432 :- 00168: 063 , 18.20 , 02.40 || 1708423649, 17.602019199756 , 78.126600959895, 0.01 , 0.01 ,18.54 , 9.56 , 1.52 , 0.70 , 353.60
2024-02-20 15:37:29,462 :- 00169: 066 , 18.10 , 02.20 || 1708423649, 17.602019199756 , 78.126600959895, 0.01 , 0.01 ,18.54 , 9.65 , 1.47 , 0.68 , 353.41
2024-02-20 15:37:29,492 :- 00170: 069 , 18.00 , 02.00 || 1708423649, 17.602019199756 , 78.126600959895, 0.01 , 0.01 ,18.54 , 9.68 , 1.41 , 0.68 , 353.31
2024-02-20 15:37:29,523 :- 00171: 072 , 17.90 , 01.80 || 1708423649, 17.602023752825 , 78.126600373977, 0.01 , 0.01 ,18.20 , 9.63 , 1.35 , 0.66 , 353.13
2024-02-20 15:37:29,552 :- 00172: 075 , 17.80 , 01.60 || 1708423649, 17.602023752825 , 78.126600373977, 0.01 , 0.01 ,18.20 , 10.04 , 1.33 , 0.64 , 353.05
2024-02-20 15:37:29,582 :- 00173: 078 , 17.70 , 01.30 || 1708423649, 17.602023752825 , 78.126600373977, 0.01 , 0.01 ,18.20 , 9.78 , 1.25 , 0.61 , 352.90
2024-02-20 15:37:29,612 :- 00174: 081 , 17.60 , 01.10 || 1708423649, 17.602023752825 , 78.126600373977, 0.01 , 0.01 ,17.66 , 10.09 , 1.21 , 0.62 , 352.83
2024-02-20 15:37:29,642 :- 00175: 084 , 17.50 , 00.90 || 1708423649, 17.602028164616 , 78.126599718621, 0.01 , 0.01 ,17.66 , 9.66 , 1.10 , 0.56 , 352.72
2024-02-20 15:37:29,672 :- 00176: 087 , 17.40 , 00.60 || 1708423649, 17.602028164616 , 78.126599718621, 0.01 , 0.01 ,17.66 , 9.53 , 1.05 , 0.52 , 352.67
2024-02-20 15:37:29,701 :- 00177: 087 , 17.40 , 00.60 || 1708423649, 17.602028164616 , 78.126599718621, 0.01 , 0.01 ,17.66 , 9.53 , 1.05 , 0.52 , 352.671708423649, 17.602028164616 , 78.126599718621, 0.01 , 0.01 ,17.66 , 9.69 , 0.98 , 0.49 , 352.59
2024-02-20 15:37:29,722 :- 00178: 092 , 17.40 , 00.30 || 1708423649, 17.602032528501 , 78.126599055701, 0.01 , 0.01 ,17.51 , 9.78 , 0.96 , 0.45 , 352.56
2024-02-20 15:37:29,752 :- 00179: 095 , 17.30 , 00.20 || 1708423649, 17.602032528501 , 78.126599055701, 0.01 , 0.01 ,17.51 , 9.70 , 0.94 , 0.40 , 352.54
2024-02-20 15:37:29,782 :- 00180: 098 , 17.30 , 00.10 || 1708423649, 17.602032528501 , 78.126599055701, 0.01 , 0.01 ,17.51 , 9.80 , 0.90 , 0.36 , 352.50
2024-02-20 15:37:29,812 :- 00181: 101 , 17.20 , 00.10 || 1708423649, 17.602032528501 , 78.126599055701, 0.01 , 0.01 ,17.50 , 10.19 , 0.88 , 0.34 , 352.49
2024-02-20 15:37:29,842 :- 00182: 104 , 17.20 , 00.10 || 1708423649, 17.602036875284 , 78.126598432289, 0.01 , 0.01 ,17.50 , 9.94 , 0.85 , 0.29 , 352.48
2024-02-20 15:37:29,872 :- 00183: 107 , 17.20 , 00.10 || 1708423649, 17.602036875284 , 78.126598432289, 0.01 , 0.01 ,17.50 , 9.81 , 0.84 , 0.27 , 352.48
2024-02-20 15:37:29,902 :- 00184: 110 , 17.10 , 00.10 || 1708423649, 17.602036875284 , 78.126598432289, 0.01 , 0.01 ,17.50 , 10.26 , 0.86 , 0.27 , 352.48
2024-02-20 15:37:29,932 :- 00185: 113 , 17.10 , 00.10 || 1708423649, 17.602041216404 , 78.126597835548, 0.01 , 0.01 ,17.41 , 10.08 , 0.88 , 0.27 , 352.47
2024-02-20 15:37:29,962 :- 00186: 116 , 17.10 , 00.10 || 1708423649, 17.602041216404 , 78.126597835548, 0.01 , 0.01 ,17.41 , 9.59 , 0.90 , 0.28 , 352.47
2024-02-20 15:37:29,992 :- 00187: 119 , 17.00 , 00.20 || 1708423649, 17.602041216404 , 78.126597835548, 0.01 , 0.01 ,17.41 , 10.20 , 0.92 , 0.29 , 352.47
2024-02-20 15:37:30,022 :- 00188: 122 , 17.00 , 00.30 || 1708423650, 17.602041216404 , 78.126597835548, 0.01 , 0.01 ,17.41 , 9.87 , 0.94 , 0.30 , 352.46
2024-02-20 15:37:30,052 :- 00189: 125 , 17.00 , 00.50 || 1708423650, 17.602045536569 , 78.126597232438, 0.01 , 0.01 ,17.49 , 9.71 , 0.97 , 0.30 , 352.45
2024-02-20 15:37:30,082 :- 00190: 128 , 17.00 , 00.60 || 1708423650, 17.602045536569 , 78.126597232438, 0.01 , 0.01 ,17.49 , 9.54 , 1.03 , 0.31 , 352.43
2024-02-20 15:37:30,112 :- 00191: 131 , 16.90 , 00.70 || 1708423650, 17.602045536569 , 78.126597232438, 0.01 , 0.01 ,17.25 , 10.24 , 1.07 , 0.31 , 352.41
2024-02-20 15:37:30,142 :- 00192: 134 , 16.90 , 00.70 || 1708423650, 17.602049843717 , 78.126596706089, 0.01 , 0.01 ,17.25 , 10.00 , 1.15 , 0.30 , 352.37
2024-02-20 15:37:30,172 :- 00193: 137 , 16.90 , 00.70 || 1708423650, 17.602049843717 , 78.126596706089, 0.01 , 0.01 ,17.25 , 9.92 , 1.16 , 0.32 , 352.34
2024-02-20 15:37:30,202 :- 00194: 140 , 16.80 , 00.60 || 1708423650, 17.602049843717 , 78.126596706089, 0.01 , 0.01 ,17.25 , 9.75 , 1.17 , 0.33 , 352.27
2024-02-20 15:37:30,232 :- 00195: 143 , 16.80 , 00.50 || 1708423650, 17.602054128627 , 78.126596120676, 0.01 , 0.01 ,17.18 , 9.38 , 1.16 , 0.33 , 352.23
2024-02-20 15:37:30,262 :- 00196: 146 , 16.80 , 00.40 || 1708423650, 17.602054128627 , 78.126596120676, 0.01 , 0.01 ,17.18 , 9.63 , 1.18 , 0.32 , 352.15
2024-02-20 15:37:30,292 :- 00197: 149 , 16.80 , 00.30 || 1708423650, 17.602054128627 , 78.126596120676, 0.01 , 0.01 ,17.18 , 9.75 , 1.18 , 0.28 , 352.12
2024-02-20 15:37:30,321 :- 00198: 152 , 16.70 , 00.30 || 1708423650, 17.602058434228 , 78.126595534419, 0.01 , 0.01 ,17.07 , 9.75 , 1.10 , 0.35 , 352.07
2024-02-20 15:37:30,352 :- 00199: 155 , 16.70 , 00.20 || 1708423650, 17.602058434228 , 78.126595534419, 0.01 , 0.01 ,17.07 , 10.17 , 1.09 , 0.30 , 352.05
2024-02-20 15:37:30,382 :- 00200: 158 , 16.70 , 00.10 || 1708423650, 17.602058434228 , 78.126595534419, 0.01 , 0.01 ,17.07 , 9.34 , 0.99 , 0.35 , 352.04
2024-02-20 15:37:30,412 :- 00201: 161 , 16.70 , 00.00 || 1708423650, 17.602058434228 , 78.126595534419, 0.01 , 0.01 ,17.24 , 10.07 , 0.97 , 0.36 , 352.04
2024-02-20 15:37:30,442 :- 00202: 164 , 16.70 , -0.10 || 1708423650, 17.602062674257 , 78.126594761758, 0.01 , 0.01 ,17.24 , 9.34 , 0.94 , 0.35 , 352.04
2024-02-20 15:37:30,472 :- 00203: 167 , 16.70 , -0.10 || 1708423650, 17.602062674257 , 78.126594761758, 0.01 , 0.01 ,17.24 , 10.04 , 0.93 , 0.39 , 352.04
2024-02-20 15:37:30,502 :- 00204: 170 , 16.60 , -0.20 || 1708423650, 17.602062674257 , 78.126594761758, 0.01 , 0.01 ,17.24 , 10.14 , 0.90 , 0.40 , 352.05
2024-02-20 15:37:30,532 :- 00205: 173 , 16.60 , -0.20 || 1708423650, 17.602066893730 , 78.126594087207, 0.01 , 0.01 ,17.01 , 9.94 , 0.88 , 0.41 , 352.04
2024-02-20 15:37:30,562 :- 00206: 176 , 16.60 , -0.20 || 1708423650, 17.602066893730 , 78.126594087207, 0.01 , 0.01 ,17.01 , 9.86 , 0.83 , 0.46 , 352.03
2024-02-20 15:37:30,592 :- 00207: 179 , 16.50 , -0.20 || 1708423650, 17.602066893730 , 78.126594087207, 0.01 , 0.01 ,17.01 , 10.29 , 0.82 , 0.48 , 352.03
2024-02-20 15:37:30,622 :- 00208: 182 , 16.50 , -0.20 || 1708423650, 17.602071116534 , 78.126593521525, 0.01 , 0.01 ,16.98 , 9.66 , 0.80 , 0.51 , 352.03
2024-02-20 15:37:30,652 :- 00209: 185 , 16.50 , -0.20 || 1708423650, 17.602071116534 , 78.126593521525, 0.01 , 0.01 ,16.98 , 9.81 , 0.81 , 0.53 , 352.03
2024-02-20 15:37:30,682 :- 00210: 188 , 16.50 , -0.20 || 1708423650, 17.602071116534 , 78.126593521525, 0.01 , 0.01 ,16.98 , 9.24 , 0.84 , 0.54 , 352.04
2024-02-20 15:37:30,712 :- 00211: 191 , 16.50 , -0.20 || 1708423650, 17.602071116534 , 78.126593521525, 0.01 , 0.01 ,16.82 , 9.89 , 0.86 , 0.55 , 352.05
2024-02-20 15:37:30,742 :- 00212: 194 , 16.50 , -0.20 || 1708423650, 17.602075304569 , 78.126592940115, 0.01 , 0.01 ,16.82 , 9.58 , 0.88 , 0.53 , 352.07
2024-02-20 15:37:30,772 :- 00213: 197 , 16.40 , -0.30 || 1708423650, 17.602075304569 , 78.126592940115, 0.01 , 0.01 ,16.82 , 10.87 , 0.91 , 0.54 , 352.07
2024-02-20 15:37:30,802 :- 00214: 200 , 16.50 , -0.30 || 1708423650, 17.602075304569 , 78.126592940115, 0.01 , 0.01 ,16.82 , 8.86 , 0.86 , 0.46 , 352.10
2024-02-20 15:37:30,832 :- 00215: 203 , 16.40 , -0.40 || 1708423650, 17.602079453939 , 78.126592327079, 0.01 , 0.01 ,16.67 , 8.90 , 0.87 , 0.45 , 352.12
2024-02-20 15:37:30,862 :- 00216: 206 , 16.40 , -0.40 || 1708423650, 17.602079453939 , 78.126592327079, 0.01 , 0.01 ,16.67 , 9.59 , 0.83 , 0.48 , 352.13
2024-02-20 15:37:30,892 :- 00217: 209 , 16.40 , -0.50 || 1708423650, 17.602079453939 , 78.126592327079, 0.01 , 0.01 ,16.67 , 10.05 , 0.83 , 0.40 , 352.14
2024-02-20 15:37:30,922 :- 00218: 212 , 16.30 , -0.70 || 1708423650, 17.602083585074 , 78.126591711081, 0.01 , 0.01 ,16.59 , 9.04 , 0.70 , 0.38 , 352.17
2024-02-20 15:37:30,952 :- 00219: 215 , 16.30 , -0.80 || 1708423650, 17.602083585074 , 78.126591711081, 0.01 , 0.01 ,16.59 , 10.39 , 0.72 , 0.35 , 352.18
2024-02-20 15:37:30,981 :- 00220: 215 , 16.30 , -0.80 || 1708423650, 17.602083585074 , 78.126591711081, 0.01 , 0.01 ,16.59 , 10.39 , 0.72 , 0.35 , 352.181708423650, 17.602083585074 , 78.126591711081, 0.01 , 0.01 ,16.59 , 9.62 , 0.67 , 0.27 , 352.21
2024-02-20 15:37:31,002 :- 00221: 220 , 16.20 , -1.00 || 1708423650, 17.602083585074 , 78.126591711081, 0.01 , 0.01 ,16.59 , 9.30 , 0.63 , 0.25 , 352.22
2024-02-20 15:37:31,032 :- 00222: 223 , 16.20 , -1.10 || 1708423651, 17.602087672381 , 78.126591047857, 0.01 , 0.01 ,16.41 , 9.71 , 0.63 , 0.26 , 352.25
2024-02-20 15:37:31,062 :- 00223: 226 , 16.20 , -1.20 || 1708423651, 17.602087672381 , 78.126591047857, 0.01 , 0.01 ,16.41 , 10.32 , 0.59 , 0.20 , 352.30
2024-02-20 15:37:31,092 :- 00224: 229 , 16.20 , -1.30 || 1708423651, 17.602087672381 , 78.126591047857, 0.01 , 0.01 ,16.41 , 8.97 , 0.53 , 0.14 , 352.33
2024-02-20 15:37:31,122 :- 00225: 232 , 16.20 , -1.50 || 1708423651, 17.602091778070 , 78.126590446930, 0.01 , 0.01 ,16.57 , 10.48 , 0.52 , 0.12 , 352.40
2024-02-20 15:37:31,152 :- 00226: 235 , 16.20 , -1.60 || 1708423651, 17.602091778070 , 78.126590446930, 0.01 , 0.01 ,16.57 , 10.02 , 0.52 , 0.10 , 352.45
2024-02-20 15:37:31,182 :- 00227: 238 , 16.30 , -1.70 || 1708423651, 17.602091778070 , 78.126590446930, 0.01 , 0.01 ,16.57 , 9.69 , 0.52 , 0.01 , 352.55
2024-02-20 15:37:31,212 :- 00228: 241 , 16.30 , -1.90 || 1708423651, 17.602091778070 , 78.126590446930, 0.01 , 0.01 ,16.66 , 10.56 , 0.58 , -0.00 , 352.60
2024-02-20 15:37:31,242 :- 00229: 244 , 16.30 , -2.00 || 1708423651, 17.602095919912 , 78.126589888977, 0.01 , 0.01 ,16.66 , 10.12 , 0.63 , -0.02 , 352.73
2024-02-20 15:37:31,272 :- 00230: 247 , 16.40 , -2.10 || 1708423651, 17.602095919912 , 78.126589888977, 0.01 , 0.01 ,16.66 , 10.37 , 0.64 , -0.04 , 352.79
2024-02-20 15:37:31,302 :- 00231: 250 , 16.50 , -2.20 || 1708423651, 17.602095919912 , 78.126589888977, 0.01 , 0.01 ,16.66 , 10.03 , 0.68 , -0.05 , 352.93
2024-02-20 15:37:31,332 :- 00232: 253 , 16.50 , -2.30 || 1708423651, 17.602100111556 , 78.126589381786, 0.01 , 0.01 ,16.88 , 10.62 , 0.69 , -0.02 , 353.00
2024-02-20 15:37:31,362 :- 00233: 000 , 16.50 , -2.50 || 1708423651, 17.602100111556 , 78.126589381786, 0.01 , 0.01 ,16.88 , 9.95 , 0.68 , -0.00 , 353.15
2024-02-20 15:37:31,392 :- 00234: 003 , 16.60 , -2.60 || 1708423651, 17.602100111556 , 78.126589381786, 0.01 , 0.01 ,16.88 , 9.91 , 0.67 , 0.03 , 353.24
2024-02-20 15:37:31,422 :- 00235: 006 , 16.60 , -2.70 || 1708423651, 17.602104382262 , 78.126588858816, 0.01 , 0.01 ,17.12 , 9.64 , 0.66 , 0.07 , 353.41
2024-02-20 15:37:31,452 :- 00236: 009 , 16.70 , -2.90 || 1708423651, 17.602104382262 , 78.126588858816, 0.01 , 0.01 ,17.12 , 9.64 , 0.65 , 0.10 , 353.50
2024-02-20 15:37:31,482 :- 00237: 012 , 16.80 , -3.00 || 1708423651, 17.602104382262 , 78.126588858816, 0.01 , 0.01 ,17.12 , 9.36 , 0.60 , 0.12 , 353.69
2024-02-20 15:37:31,512 :- 00238: 015 , 16.80 , -3.10 || 1708423651, 17.602104382262 , 78.126588858816, 0.01 , 0.01 ,17.32 , 9.20 , 0.59 , 0.12 , 353.80
2024-02-20 15:37:31,542 :- 00239: 018 , 16.90 , -3.20 || 1708423651, 17.602108699851 , 78.126588335575, 0.01 , 0.01 ,17.32 , 9.50 , 0.56 , 0.14 , 354.01
2024-02-20 15:37:31,572 :- 00240: 021 , 16.90 , -3.30 || 1708423651, 17.602108699851 , 78.126588335575, 0.01 , 0.01 ,17.32 , 9.48 , 0.55 , 0.11 , 354.12
2024-02-20 15:37:31,601 :- 00241: 024 , 16.90 , -3.50 || 1708423651, 17.602108699851 , 78.126588335575, 0.01 , 0.01 ,17.32 , 10.17 , 0.52 , 0.10 , 354.36
2024-02-20 15:37:31,632 :- 00242: 027 , 17.00 , -3.60 || 1708423651, 17.602113010662 , 78.126587842083, 0.01 , 0.01 ,17.28 , 9.12 , 0.50 , 0.07 , 354.48
2024-02-20 15:37:31,662 :- 00243: 030 , 17.00 , -3.70 || 1708423651, 17.602113010662 , 78.126587842083, 0.01 , 0.01 ,17.28 , 9.31 , 0.47 , 0.02 , 354.74
2024-02-20 15:37:31,692 :- 00244: 033 , 17.00 , -3.80 || 1708423651, 17.602113010662 , 78.126587842083, 0.01 , 0.01 ,17.28 , 10.62 , 0.49 , 0.02 , 354.88
2024-02-20 15:37:31,722 :- 00245: 036 , 17.10 , -4.00 || 1708423651, 17.602117369215 , 78.126587402569, 0.01 , 0.01 ,17.47 , 9.96 , 0.45 , -0.05 , 355.14
2024-02-20 15:37:31,752 :- 00246: 039 , 17.10 , -4.10 || 1708423651, 17.602117369215 , 78.126587402569, 0.01 , 0.01 ,17.47 , 10.06 , 0.45 , -0.06 , 355.27
2024-02-20 15:37:31,782 :- 00247: 042 , 17.20 , -4.10 || 1708423651, 17.602117369215 , 78.126587402569, 0.01 , 0.01 ,17.47 , 10.12 , 0.49 , -0.05 , 355.54
2024-02-20 15:37:31,812 :- 00248: 045 , 17.30 , -4.20 || 1708423651, 17.602117369215 , 78.126587402569, 0.01 , 0.01 ,17.76 , 9.83 , 0.48 , -0.07 , 355.69
2024-02-20 15:37:31,842 :- 00249: 048 , 17.30 , -4.30 || 1708423651, 17.602121793315 , 78.126587061375, 0.01 , 0.01 ,17.76 , 9.73 , 0.51 , -0.07 , 355.99
2024-02-20 15:37:31,872 :- 00250: 051 , 17.40 , -4.30 || 1708423651, 17.602121793315 , 78.126587061375, 0.01 , 0.01 ,17.76 , 10.38 , 0.54 , -0.05 , 356.15
2024-02-20 15:37:31,902 :- 00251: 054 , 17.40 , -4.30 || 1708423651, 17.602121793315 , 78.126587061375, 0.01 , 0.01 ,17.76 , 9.70 , 0.56 , -0.06 , 356.47
2024-02-20 15:37:31,932 :- 00252: 057 , 17.50 , -4.30 || 1708423651, 17.602126295673 , 78.126586805274, 0.01 , 0.01 ,18.07 , 9.98 , 0.60 , -0.05 , 356.64
2024-02-20 15:37:31,962 :- 00253: 060 , 17.60 , -4.30 || 1708423651, 17.602126295673 , 78.126586805274, 0.01 , 0.01 ,18.07 , 10.05 , 0.66 , -0.04 , 356.98
2024-02-20 15:37:31,992 :- 00254: 063 , 17.60 , -4.30 || 1708423651, 17.602126295673 , 78.126586805274, 0.01 , 0.01 ,18.07 , 9.54 , 0.69 , -0.03 , 357.15
2024-02-20 15:37:32,022 :- 00255: 066 , 17.70 , -4.30 || 1708423652, 17.602130847688 , 78.126586608648, 0.01 , 0.01 ,18.21 , 9.61 , 0.74 , -0.03 , 357.48
2024-02-20 15:37:32,052 :- 00256: 069 , 17.70 , -4.30 || 1708423652, 17.602130847688 , 78.126586608648, 0.01 , 0.01 ,18.21 , 10.41 , 0.76 , -0.02 , 357.65
2024-02-20 15:37:32,082 :- 00257: 072 , 17.80 , -4.30 || 1708423652, 17.602130847688 , 78.126586608648, 0.01 , 0.01 ,18.21 , 9.56 , 0.78 , -0.01 , 357.98
2024-02-20 15:37:32,112 :- 00258: 075 , 17.80 , -4.30 || 1708423652, 17.602130847688 , 78.126586608648, 0.01 , 0.01 ,18.40 , 10.21 , 0.78 , -0.01 , 358.14
2024-02-20 15:37:32,142 :- 00259: 078 , 17.90 , -4.30 || 1708423652, 17.602135453027 , 78.126586452304, 0.01 , 0.01 ,18.40 , 9.78 , 0.77 , 0.01 , 358.46
2024-02-20 15:37:32,172 :- 00260: 081 , 18.00 , -4.30 || 1708423652, 17.602135453027 , 78.126586452304, 0.01 , 0.01 ,18.40 , 9.63 , 0.74 , 0.01 , 358.62
2024-02-20 15:37:32,202 :- 00261: 084 , 18.00 , -4.30 || 1708423652, 17.602135453027 , 78.126586452304, 0.01 , 0.01 ,18.40 , 9.64 , 0.72 , 0.02 , 358.95
2024-02-20 15:37:32,232 :- 00262: 087 , 18.10 , -4.30 || 1708423652, 17.602140104118 , 78.126586336733, 0.01 , 0.01 ,18.63 , 10.05 , 0.71 , 0.02 , 359.11
2024-02-20 15:37:32,261 :- 00263: 087 , 18.10 , -4.30 || 1708423652, 17.602140104118 , 78.126586336733, 0.01 , 0.01 ,18.63 , 10.05 , 0.71 , 0.02 , 359.111708423652, 17.602140104118 , 78.126586336733, 0.01 , 0.01 ,18.63 , 9.37 , 0.67 , 0.02 , 359.45
2024-02-20 15:37:32,292 :- 00264: 093 , 18.20 , -4.20 || 1708423652, 17.602140104118 , 78.126586336733, 0.01 , 0.01 ,18.63 , 9.53 , 0.67 , 0.02 , 359.62
2024-02-20 15:37:32,322 :- 00265: 096 , 18.30 , -4.20 || 1708423652, 17.602144818822 , 78.126586287267, 0.01 , 0.01 ,18.90 , 9.77 , 0.65 , 0.01 , 359.95
2024-02-20 15:37:32,352 :- 00266: 099 , 18.40 , -4.10 || 1708423652, 17.602144818822 , 78.126586287267, 0.01 , 0.01 ,18.90 , 9.28 , 0.63 , -0.01 , 0.12
2024-02-20 15:37:32,382 :- 00267: 102 , 18.50 , -4.00 || 1708423652, 17.602144818822 , 78.126586287267, 0.01 , 0.01 ,18.90 , 9.81 , 0.63 , -0.03 , 0.45
2024-02-20 15:37:32,412 :- 00268: 105 , 18.50 , -3.90 || 1708423652, 17.602144818822 , 78.126586287267, 0.01 , 0.01 ,19.16 , 10.09 , 0.62 , -0.04 , 0.61
2024-02-20 15:37:32,442 :- 00269: 108 , 18.60 , -3.70 || 1708423652, 17.602149593124 , 78.126586312887, 0.01 , 0.01 ,19.16 , 9.59 , 0.59 , -0.09 , 0.93
2024-02-20 15:37:32,472 :- 00270: 111 , 18.70 , -3.60 || 1708423652, 17.602149593124 , 78.126586312887, 0.01 , 0.01 ,19.16 , 9.92 , 0.61 , -0.09 , 1.09
2024-02-20 15:37:32,502 :- 00271: 114 , 18.80 , -3.40 || 1708423652, 17.602149593124 , 78.126586312887, 0.01 , 0.01 ,19.16 , 10.21 , 0.64 , -0.11 , 1.38
2024-02-20 15:37:32,532 :- 00272: 117 , 18.90 , -3.30 || 1708423652, 17.602154458140 , 78.126586408666, 0.01 , 0.01 ,19.51 , 9.70 , 0.63 , -0.13 , 1.53
2024-02-20 15:37:32,562 :- 00273: 120 , 19.00 , -3.20 || 1708423652, 17.602154458140 , 78.126586408666, 0.01 , 0.01 ,19.51 , 10.34 , 0.66 , -0.12 , 1.81
2024-02-20 15:37:32,592 :- 00274: 123 , 19.10 , -3.10 || 1708423652, 17.602154458140 , 78.126586408666, 0.01 , 0.01 ,19.51 , 10.18 , 0.68 , -0.12 , 1.94
2024-02-20 15:37:32,622 :- 00275: 126 , 19.20 , -3.00 || 1708423652, 17.602159425285 , 78.126586639437, 0.01 , 0.01 ,19.96 , 10.01 , 0.66 , -0.11 , 2.21
2024-02-20 15:37:32,652 :- 00276: 129 , 19.40 , -2.90 || 1708423652, 17.602159425285 , 78.126586639437, 0.01 , 0.01 ,19.96 , 9.74 , 0.70 , -0.08 , 2.34
2024-02-20 15:37:32,682 :- 00277: 132 , 19.50 , -2.70 || 1708423652, 17.602159425285 , 78.126586639437, 0.01 , 0.01 ,19.96 , 10.27 , 0.74 , -0.06 , 2.59
2024-02-20 15:37:32,712 :- 00278: 135 , 19.60 , -2.60 || 1708423652, 17.602159425285 , 78.126586639437, 0.01 , 0.01 ,20.36 , 9.29 , 0.76 , -0.05 , 2.71
2024-02-20 15:37:32,742 :- 00279: 138 , 19.70 , -2.40 || 1708423652, 17.602164498011 , 78.126586889545, 0.01 , 0.01 ,20.36 , 9.80 , 0.85 , -0.04 , 2.96
2024-02-20 15:37:32,772 :- 00280: 141 , 19.80 , -2.30 || 1708423652, 17.602164498011 , 78.126586889545, 0.01 , 0.01 ,20.36 , 9.71 , 0.88 , -0.02 , 3.07
2024-02-20 15:37:32,802 :- 00281: 144 , 19.90 , -2.10 || 1708423652, 17.602164498011 , 78.126586889545, 0.01 , 0.01 ,20.36 , 9.75 , 0.88 , -0.02 , 3.28
2024-02-20 15:37:32,832 :- 00282: 147 , 20.00 , -2.00 || 1708423652, 17.602169657508 , 78.126587229800, 0.01 , 0.01 ,20.69 , 9.27 , 0.89 , -0.02 , 3.38
2024-02-20 15:37:32,862 :- 00283: 150 , 20.20 , -1.80 || 1708423652, 17.602169657508 , 78.126587229800, 0.01 , 0.01 ,20.69 , 10.13 , 0.91 , -0.01 , 3.56
2024-02-20 15:37:32,892 :- 00284: 153 , 20.30 , -1.70 || 1708423652, 17.602169657508 , 78.126587229800, 0.01 , 0.01 ,20.69 , 9.58 , 0.94 , -0.01 , 3.65
2024-02-20 15:37:32,922 :- 00285: 156 , 20.40 , -1.50 || 1708423652, 17.602174898912 , 78.126587609674, 0.01 , 0.01 ,20.97 , 9.82 , 0.97 , -0.01 , 3.80
2024-02-20 15:37:32,952 :- 00286: 159 , 20.50 , -1.30 || 1708423652, 17.602174898912 , 78.126587609674, 0.01 , 0.01 ,20.97 , 9.93 , 0.97 , 0.01 , 3.87
2024-02-20 15:37:32,982 :- 00287: 162 , 20.60 , -1.20 || 1708423652, 17.602174898912 , 78.126587609674, 0.01 , 0.01 ,20.97 , 9.52 , 0.92 , 0.01 , 3.99
2024-02-20 15:37:33,012 :- 00288: 165 , 20.70 , -1.00 || 1708423652, 17.602174898912 , 78.126587609674, 0.01 , 0.01 ,20.97 , 9.37 , 0.92 , 0.02 , 4.05
2024-02-20 15:37:33,042 :- 00289: 168 , 20.80 , -0.90 || 1708423653, 17.602180240411 , 78.126587989829, 0.01 , 0.01 ,21.47 , 10.20 , 0.91 , 0.03 , 4.15
2024-02-20 15:37:33,072 :- 00290: 171 , 20.90 , -0.80 || 1708423653, 17.602180240411 , 78.126587989829, 0.01 , 0.01 ,21.47 , 9.91 , 0.91 , 0.03 , 4.19
2024-02-20 15:37:33,102 :- 00291: 174 , 21.00 , -0.60 || 1708423653, 17.602180240411 , 78.126587989829, 0.01 , 0.01 ,21.47 , 9.88 , 0.90 , 0.04 , 4.26
2024-02-20 15:37:33,132 :- 00292: 177 , 21.00 , -0.50 || 1708423653, 17.602185659939 , 78.126588390395, 0.01 , 0.01 ,21.70 , 10.99 , 0.93 , 0.06 , 4.29
2024-02-20 15:37:33,162 :- 00293: 180 , 21.10 , -0.40 || 1708423653, 17.602185659939 , 78.126588390395, 0.01 , 0.01 ,21.70 , 9.69 , 0.93 , 0.06 , 4.33
2024-02-20 15:37:33,192 :- 00294: 183 , 21.30 , -0.30 || 1708423653, 17.602185659939 , 78.126588390395, 0.01 , 0.01 ,21.70 , 9.65 , 0.95 , 0.11 , 4.34
2024-02-20 15:37:33,222 :- 00295: 186 , 21.30 , -0.20 || 1708423653, 17.602191142290 , 78.126588854615, 0.01 , 0.01 ,21.99 , 10.03 , 1.02 , 0.13 , 4.37
2024-02-20 15:37:33,252 :- 00296: 189 , 21.40 , -0.10 || 1708423653, 17.602191142290 , 78.126588854615, 0.01 , 0.01 ,21.99 , 10.06 , 1.04 , 0.15 , 4.38
2024-02-20 15:37:33,282 :- 00297: 192 , 21.50 , -0.00 || 1708423653, 17.602191142290 , 78.126588854615, 0.01 , 0.01 ,21.99 , 9.78 , 1.13 , 0.17 , 4.39
2024-02-20 15:37:33,312 :- 00298: 195 , 21.50 , 00.10 || 1708423653, 17.602191142290 , 78.126588854615, 0.01 , 0.01 ,22.20 , 9.71 , 1.17 , 0.18 , 4.39
2024-02-20 15:37:33,342 :- 00299: 198 , 21.60 , 00.20 || 1708423653, 17.602196679198 , 78.126589360912, 0.01 , 0.01 ,22.20 , 9.11 , 1.21 , 0.18 , 4.38
2024-02-20 15:37:33,372 :- 00300: 201 , 21.70 , 00.30 || 1708423653, 17.602196679198 , 78.126589360912, 0.01 , 0.01 ,22.20 , 9.79 , 1.24 , 0.13 , 4.39
2024-02-20 15:37:33,402 :- 00301: 204 , 21.70 , 00.30 || 1708423653, 17.602196679198 , 78.126589360912, 0.01 , 0.01 ,22.20 , 9.44 , 1.22 , 0.21 , 4.37
2024-02-20 15:37:33,432 :- 00302: 207 , 21.70 , 00.40 || 1708423653, 17.602202240678 , 78.126589850706, 0.01 , 0.01 ,22.31 , 10.51 , 1.19 , 0.15 , 4.36
2024-02-20 15:37:33,462 :- 00303: 210 , 21.80 , 00.40 || 1708423653, 17.602202240678 , 78.126589850706, 0.01 , 0.01 ,22.31 , 9.10 , 1.14 , 0.14 , 4.34
2024-02-20 15:37:33,492 :- 00304: 213 , 21.80 , 00.50 || 1708423653, 17.602202240678 , 78.126589850706, 0.01 , 0.01 ,22.31 , 10.32 , 1.13 , 0.14 , 4.33
2024-02-20 15:37:33,521 :- 00305: 216 , 21.80 , 00.50 || 1708423653, 17.602207831049 , 78.126590230520, 0.01 , 0.01 ,22.36 , 9.49 , 1.07 , 0.11 , 4.28
2024-02-20 15:37:33,552 :- 00306: 219 , 21.90 , 00.50 || 1708423653, 17.602207831049 , 78.126590230520, 0.01 , 0.01 ,22.36 , 9.88 , 1.05 , 0.09 , 4.25
2024-02-20 15:37:33,582 :- 00307: 222 , 21.90 , 00.50 || 1708423653, 17.602207831049 , 78.126590230520, 0.01 , 0.01 ,22.36 , 9.93 , 1.03 , 0.12 , 4.19
2024-02-20 15:37:33,612 :- 00308: 225 , 21.90 , 00.50 || 1708423653, 17.602207831049 , 78.126590230520, 0.01 , 0.01 ,22.44 , 9.97 , 1.02 , 0.08 , 4.15
2024-02-20 15:37:33,642 :- 00309: 228 , 22.00 , 00.60 || 1708423653, 17.602213446746 , 78.126590634824, 0.01 , 0.01 ,22.44 , 9.75 , 0.99 , 0.10 , 4.08
2024-02-20 15:37:33,672 :- 00310: 231 , 21.90 , 00.60 || 1708423653, 17.602213446746 , 78.126590634824, 0.01 , 0.01 ,22.44 , 10.80 , 0.98 , 0.10 , 4.05
2024-02-20 15:37:33,702 :- 00311: 234 , 22.00 , 00.60 || 1708423653, 17.602213446746 , 78.126590634824, 0.01 , 0.01 ,22.44 , 9.13 , 0.93 , 0.07 , 3.98
2024-02-20 15:37:33,732 :- 00312: 237 , 21.90 , 00.60 || 1708423653, 17.602219101562 , 78.126591033184, 0.01 , 0.01 ,22.59 , 11.61 , 0.98 , 0.11 , 3.95
2024-02-20 15:37:33,762 :- 00313: 240 , 22.10 , 00.60 || 1708423653, 17.602219101562 , 78.126591033184, 0.01 , 0.01 ,22.59 , 7.60 , 0.85 , 0.02 , 3.89
2024-02-20 15:37:33,792 :- 00314: 243 , 22.20 , 00.60 || 1708423653, 17.602219101562 , 78.126591033184, 0.01 , 0.01 ,22.59 , 10.21 , 0.92 , 0.04 , 3.85
2024-02-20 15:37:33,822 :- 00315: 246 , 22.10 , 00.60 || 1708423653, 17.602224766270 , 78.126591435150, 0.01 , 0.01 ,22.66 , 9.98 , 0.89 , 0.08 , 3.78
2024-02-20 15:37:33,852 :- 00316: 249 , 22.20 , 00.60 || 1708423653, 17.602224766270 , 78.126591435150, 0.01 , 0.01 ,22.66 , 10.73 , 0.89 , 0.04 , 3.75
2024-02-20 15:37:33,882 :- 00317: 252 , 22.20 , 00.70 || 1708423653, 17.602224766270 , 78.126591435150, 0.01 , 0.01 ,22.66 , 8.78 , 0.84 , 0.04 , 3.69
2024-02-20 15:37:33,912 :- 00318: 255 , 22.20 , 00.70 || 1708423653, 17.602224766270 , 78.126591435150, 0.01 , 0.01 ,22.82 , 10.20 , 0.86 , 0.05 , 3.65
2024-02-20 15:37:33,942 :- 00319: 002 , 22.20 , 00.70 || 1708423653, 17.602230457410 , 78.126591789134, 0.01 , 0.01 ,22.82 , 9.94 , 0.87 , 0.05 , 3.59
2024-02-20 15:37:33,972 :- 00320: 005 , 22.30 , 00.70 || 1708423653, 17.602230457410 , 78.126591789134, 0.01 , 0.01 ,22.82 , 9.43 , 0.84 , 0.07 , 3.55
2024-02-20 15:37:34,002 :- 00321: 008 , 22.30 , 00.70 || 1708423653, 17.602230457410 , 78.126591789134, 0.01 , 0.01 ,22.82 , 10.12 , 0.87 , 0.10 , 3.48
2024-02-20 15:37:34,032 :- 00322: 011 , 22.30 , 00.70 || 1708423654, 17.602236202501 , 78.126592155190, 0.01 , 0.01 ,22.93 , 9.58 , 0.87 , 0.12 , 3.44
2024-02-20 15:37:34,062 :- 00323: 014 , 22.30 , 00.70 || 1708423654, 17.602236202501 , 78.126592155190, 0.01 , 0.01 ,22.93 , 10.26 , 0.83 , 0.13 , 3.36
2024-02-20 15:37:34,092 :- 00324: 017 , 22.40 , 00.70 || 1708423654, 17.602236202501 , 78.126592155190, 0.01 , 0.01 ,22.93 , 9.89 , 0.82 , 0.15 , 3.32
2024-02-20 15:37:34,122 :- 00325: 020 , 22.40 , 00.70 || 1708423654, 17.602241974890 , 78.126592504476, 0.01 , 0.01 ,23.06 , 10.59 , 0.82 , 0.20 , 3.25
2024-02-20 15:37:34,152 :- 00326: 023 , 22.50 , 00.70 || 1708423654, 17.602241974890 , 78.126592504476, 0.01 , 0.01 ,23.06 , 9.24 , 0.80 , 0.21 , 3.21
2024-02-20 15:37:34,181 :- 00327: 023 , 22.50 , 00.70 || 1708423654, 17.602241974890 , 78.126592504476, 0.01 , 0.01 ,23.06 , 9.24 , 0.80 , 0.21 , 3.211708423654, 17.602241974890 , 78.126592504476, 0.01 , 0.01 ,23.06 , 9.88 , 0.83 , 0.26 , 3.13
2024-02-20 15:37:34,202 :- 00328: 028 , 22.60 , 00.70 || 1708423654, 17.602241974890 , 78.126592504476, 0.01 , 0.01 ,23.06 , 9.71 , 0.82 , 0.29 , 3.09
2024-02-20 15:37:34,232 :- 00329: 031 , 22.60 , 00.70 || 1708423654, 17.602247806588 , 78.126592834917, 0.01 , 0.01 ,23.26 , 9.42 , 0.82 , 0.30 , 3.06
2024-02-20 15:37:34,262 :- 00330: 034 , 22.60 , 00.70 || 1708423654, 17.602247806588 , 78.126592834917, 0.01 , 0.01 ,23.26 , 9.73 , 0.89 , 0.30 , 2.99
2024-02-20 15:37:34,292 :- 00331: 037 , 22.70 , 00.70 || 1708423654, 17.602247806588 , 78.126592834917, 0.01 , 0.01 ,23.26 , 9.55 , 0.90 , 0.32 , 2.94
2024-02-20 15:37:34,322 :- 00332: 040 , 22.70 , 00.70 || 1708423654, 17.602253646560 , 78.126593158591, 0.01 , 0.01 ,23.33 , 9.16 , 0.91 , 0.28 , 2.86
2024-02-20 15:37:34,352 :- 00333: 043 , 22.80 , 00.70 || 1708423654, 17.602253646560 , 78.126593158591, 0.01 , 0.01 ,23.33 , 9.62 , 0.95 , 0.27 , 2.82
2024-02-20 15:37:34,382 :- 00334: 046 , 22.80 , 00.70 || 1708423654, 17.602253646560 , 78.126593158591, 0.01 , 0.01 ,23.33 , 9.94 , 0.99 , 0.22 , 2.74
2024-02-20 15:37:34,412 :- 00335: 049 , 22.90 , 00.70 || 1708423654, 17.602253646560 , 78.126593158591, 0.01 , 0.01 ,23.36 , 9.62 , 1.01 , 0.21 , 2.70
2024-02-20 15:37:34,442 :- 00336: 052 , 22.90 , 00.70 || 1708423654, 17.602259494120 , 78.126593492006, 0.01 , 0.01 ,23.36 , 9.75 , 1.08 , 0.17 , 2.62
2024-02-20 15:37:34,472 :- 00337: 055 , 22.90 , 00.70 || 1708423654, 17.602259494120 , 78.126593492006, 0.01 , 0.01 ,23.36 , 10.28 , 1.11 , 0.16 , 2.58
2024-02-20 15:37:34,502 :- 00338: 058 , 23.00 , 00.70 || 1708423654, 17.602259494120 , 78.126593492006, 0.01 , 0.01 ,23.36 , 9.29 , 1.16 , 0.08 , 2.50
2024-02-20 15:37:34,532 :- 00339: 061 , 23.00 , 00.70 || 1708423654, 17.602265371723 , 78.126593815779, 0.01 , 0.01 ,23.50 , 10.08 , 1.20 , 0.07 , 2.46
2024-02-20 15:37:34,562 :- 00340: 064 , 23.00 , 00.70 || 1708423654, 17.602265371723 , 78.126593815779, 0.01 , 0.01 ,23.50 , 10.00 , 1.21 , 0.05 , 2.38
2024-02-20 15:37:34,592 :- 00341: 067 , 23.10 , 00.70 || 1708423654, 17.602265371723 , 78.126593815779, 0.01 , 0.01 ,23.50 , 9.90 , 1.22 , 0.02 , 2.34
2024-02-20 15:37:34,622 :- 00342: 070 , 23.00 , 00.70 || 1708423654, 17.602271289467 , 78.126594089577, 0.01 , 0.01 ,23.63 , 10.70 , 1.24 , 0.05 , 2.25
2024-02-20 15:37:34,652 :- 00343: 073 , 23.10 , 00.70 || 1708423654, 17.602271289467 , 78.126594089577, 0.01 , 0.01 ,23.63 , 10.08 , 1.23 , 0.06 , 2.21
2024-02-20 15:37:34,682 :- 00344: 076 , 23.10 , 00.70 || 1708423654, 17.602271289467 , 78.126594089577, 0.01 , 0.01 ,23.63 , 10.01 , 1.23 , 0.10 , 2.12
2024-02-20 15:37:34,712 :- 00345: 079 , 23.20 , 00.70 || 1708423654, 17.602271289467 , 78.126594089577, 0.01 , 0.01 ,23.88 , 9.91 , 1.24 , 0.13 , 2.08
2024-02-20 15:37:34,742 :- 00346: 082 , 23.20 , 00.70 || 1708423654, 17.602277273958 , 78.126594338772, 0.01 , 0.01 ,23.88 , 10.24 , 1.27 , 0.20 , 1.99
2024-02-20 15:37:34,772 :- 00347: 085 , 23.20 , 00.70 || 1708423654, 17.602277273958 , 78.126594338772, 0.01 , 0.01 ,23.88 , 9.52 , 1.29 , 0.22 , 1.95
2024-02-20 15:37:34,801 :- 00348: 088 , 23.30 , 00.70 || 1708423654, 17.602277273958 , 78.126594338772, 0.01 , 0.01 ,23.88 , 10.28 , 1.34 , 0.28 , 1.86
2024-02-20 15:37:34,832 :- 00349: 091 , 23.30 , 00.70 || 1708423654, 17.602283298303 , 78.126594566748, 0.01 , 0.01 ,24.03 , 9.28 , 1.32 , 0.32 , 1.82
2024-02-20 15:37:34,862 :- 00350: 094 , 23.30 , 00.70 || 1708423654, 17.602283298303 , 78.126594566748, 0.01 , 0.01 ,24.03 , 10.34 , 1.35 , 0.39 , 1.73
2024-02-20 15:37:34,892 :- 00351: 097 , 23.40 , 00.70 || 1708423654, 17.602283298303 , 78.126594566748, 0.01 , 0.01 ,24.03 , 8.78 , 1.31 , 0.40 , 1.68
2024-02-20 15:37:34,922 :- 00352: 100 , 23.50 , 00.70 || 1708423654, 17.602289364255 , 78.126594771692, 0.01 , 0.01 ,24.25 , 9.76 , 1.35 , 0.47 , 1.60
2024-02-20 15:37:34,952 :- 00353: 103 , 23.50 , 00.70 || 1708423654, 17.602289364255 , 78.126594771692, 0.01 , 0.01 ,24.25 , 9.11 , 1.38 , 0.45 , 1.56
2024-02-20 15:37:34,982 :- 00354: 106 , 23.50 , 00.70 || 1708423654, 17.602289364255 , 78.126594771692, 0.01 , 0.01 ,24.25 , 9.57 , 1.42 , 0.44 , 1.47
2024-02-20 15:37:35,012 :- 00355: 109 , 23.60 , 00.70 || 1708423654, 17.602289364255 , 78.126594771692, 0.01 , 0.01 ,24.25 , 8.96 , 1.44 , 0.44 , 1.44
2024-02-20 15:37:35,042 :- 00356: 112 , 23.60 , 00.70 || 1708423655, 17.602295410569 , 78.126594979300, 0.01 , 0.01 ,24.09 , 9.64 , 1.52 , 0.38 , 1.36
2024-02-20 15:37:35,072 :- 00357: 115 , 23.60 , 00.70 || 1708423655, 17.602295410569 , 78.126594979300, 0.01 , 0.01 ,24.09 , 10.11 , 1.54 , 0.38 , 1.32
2024-02-20 15:37:35,102 :- 00358: 118 , 23.70 , 00.70 || 1708423655, 17.602295410569 , 78.126594979300, 0.01 , 0.01 ,24.09 , 8.73 , 1.52 , 0.31 , 1.24
2024-02-20 15:37:35,132 :- 00359: 121 , 23.70 , 00.70 || 1708423655, 17.602301477074 , 78.126595149508, 0.01 , 0.01 ,24.21 , 10.47 , 1.55 , 0.29 , 1.20
2024-02-20 15:37:35,162 :- 00360: 124 , 23.80 , 00.70 || 1708423655, 17.602301477074 , 78.126595149508, 0.01 , 0.01 ,24.21 , 9.48 , 1.52 , 0.23 , 1.13
2024-02-20 15:37:35,192 :- 00361: 127 , 23.80 , 00.60 || 1708423655, 17.602301477074 , 78.126595149508, 0.01 , 0.01 ,24.21 , 10.09 , 1.51 , 0.20 , 1.09
2024-02-20 15:37:35,222 :- 00362: 130 , 23.90 , 00.60 || 1708423655, 17.602307596699 , 78.126595272614, 0.01 , 0.01 ,24.44 , 9.79 , 1.48 , 0.17 , 1.02
2024-02-20 15:37:35,252 :- 00363: 133 , 23.90 , 00.60 || 1708423655, 17.602307596699 , 78.126595272614, 0.01 , 0.01 ,24.44 , 10.46 , 1.47 , 0.16 , 0.99
2024-02-20 15:37:35,282 :- 00364: 136 , 23.90 , 00.50 || 1708423655, 17.602307596699 , 78.126595272614, 0.01 , 0.01 ,24.44 , 9.87 , 1.44 , 0.13 , 0.93
2024-02-20 15:37:35,312 :- 00365: 139 , 23.90 , 00.50 || 1708423655, 17.602307596699 , 78.126595272614, 0.01 , 0.01 ,24.58 , 11.26 , 1.48 , 0.15 , 0.90
2024-02-20 15:37:35,342 :- 00366: 142 , 24.00 , 00.50 || 1708423655, 17.602313743747 , 78.126595348388, 0.01 , 0.01 ,24.58 , 9.38 , 1.43 , 0.13 , 0.84
2024-02-20 15:37:35,372 :- 00367: 145 , 24.10 , 00.50 || 1708423655, 17.602313743747 , 78.126595348388, 0.01 , 0.01 ,24.58 , 9.81 , 1.45 , 0.16 , 0.80
2024-02-20 15:37:35,402 :- 00368: 148 , 24.10 , 00.50 || 1708423655, 17.602313743747 , 78.126595348388, 0.01 , 0.01 ,24.58 , 10.15 , 1.45 , 0.19 , 0.73
2024-02-20 15:37:35,432 :- 00369: 151 , 24.10 , 00.40 || 1708423655, 17.602319968158 , 78.126595448863, 0.01 , 0.01 ,24.87 , 10.03 , 1.42 , 0.20 , 0.70
2024-02-20 15:37:35,461 :- 00370: 151 , 24.10 , 00.40 || 1708423655, 17.602319968158 , 78.126595448863, 0.01 , 0.01 ,24.87 , 10.03 , 1.42 , 0.20 , 0.701708423655, 17.602319968158 , 78.126595448863, 0.01 , 0.01 ,24.87 , 9.85 , 1.42 , 0.25 , 0.64
2024-02-20 15:37:35,482 :- 00371: 156 , 24.20 , 00.40 || 1708423655, 17.602319968158 , 78.126595448863, 0.01 , 0.01 ,24.87 , 9.92 , 1.44 , 0.25 , 0.62
2024-02-20 15:37:35,512 :- 00372: 159 , 24.30 , 00.30 || 1708423655, 17.602319968158 , 78.126595448863, 0.01 , 0.01 ,25.00 , 9.76 , 1.42 , 0.27 , 0.59
2024-02-20 15:37:35,542 :- 00373: 162 , 24.30 , 00.30 || 1708423655, 17.602326234606 , 78.126595531823, 0.01 , 0.01 ,25.00 , 9.29 , 1.43 , 0.29 , 0.55
2024-02-20 15:37:35,572 :- 00374: 165 , 24.40 , 00.30 || 1708423655, 17.602326234606 , 78.126595531823, 0.01 , 0.01 ,25.00 , 9.74 , 1.44 , 0.30 , 0.54
2024-02-20 15:37:35,602 :- 00375: 168 , 24.40 , 00.30 || 1708423655, 17.602326234606 , 78.126595531823, 0.01 , 0.01 ,25.00 , 9.50 , 1.44 , 0.30 , 0.51
2024-02-20 15:37:35,632 :- 00376: 171 , 24.50 , 00.20 || 1708423655, 17.602332521485 , 78.126595597251, 0.01 , 0.01 ,25.09 , 9.62 , 1.45 , 0.31 , 0.49
2024-02-20 15:37:35,662 :- 00377: 174 , 24.50 , 00.20 || 1708423655, 17.602332521485 , 78.126595597251, 0.01 , 0.01 ,25.09 , 9.60 , 1.41 , 0.31 , 0.46
2024-02-20 15:37:35,692 :- 00378: 177 , 24.60 , 00.20 || 1708423655, 17.602332521485 , 78.126595597251, 0.01 , 0.01 ,25.09 , 9.61 , 1.39 , 0.31 , 0.44
2024-02-20 15:37:35,722 :- 00379: 180 , 24.60 , 00.20 || 1708423655, 17.602338834019 , 78.126595646641, 0.01 , 0.01 ,25.20 , 9.72 , 1.37 , 0.30 , 0.41
2024-02-20 15:37:35,752 :- 00380: 183 , 24.60 , 00.10 || 1708423655, 17.602338834019 , 78.126595646641, 0.01 , 0.01 ,25.20 , 9.93 , 1.37 , 0.28 , 0.40
2024-02-20 15:37:35,782 :- 00381: 186 , 24.70 , 00.10 || 1708423655, 17.602338834019 , 78.126595646641, 0.01 , 0.01 ,25.20 , 9.57 , 1.37 , 0.23 , 0.38
2024-02-20 15:37:35,812 :- 00382: 189 , 24.70 , 00.10 || 1708423655, 17.602338834019 , 78.126595646641, 0.01 , 0.01 ,25.27 , 10.14 , 1.37 , 0.26 , 0.37
2024-02-20 15:37:35,842 :- 00383: 192 , 24.70 , 00.10 || 1708423655, 17.602345175367 , 78.126595673307, 0.01 , 0.01 ,25.27 , 10.19 , 1.33 , 0.24 , 0.35
2024-02-20 15:37:35,872 :- 00384: 195 , 24.70 , 00.00 || 1708423655, 17.602345175367 , 78.126595673307, 0.01 , 0.01 ,25.27 , 10.14 , 1.31 , 0.24 , 0.34
2024-02-20 15:37:35,902 :- 00385: 198 , 24.70 , 00.00 || 1708423655, 17.602345175367 , 78.126595673307, 0.01 , 0.01 ,25.27 , 9.96 , 1.29 , 0.31 , 0.33
2024-02-20 15:37:35,932 :- 00386: 201 , 24.70 , -0.00 || 1708423655, 17.602351540860 , 78.126595708925, 0.01 , 0.01 ,25.37 , 10.18 , 1.29 , 0.34 , 0.33
2024-02-20 15:37:35,962 :- 00387: 204 , 24.70 , -0.00 || 1708423655, 17.602351540860 , 78.126595708925, 0.01 , 0.01 ,25.37 , 9.72 , 1.27 , 0.36 , 0.32
2024-02-20 15:37:35,992 :- 00388: 207 , 24.70 , -0.00 || 1708423655, 17.602351540860 , 78.126595708925, 0.01 , 0.01 ,25.37 , 10.02 , 1.27 , 0.40 , 0.31
2024-02-20 15:37:36,022 :- 00389: 210 , 24.70 , -0.00 || 1708423655, 17.602351540860 , 78.126595708925, 0.01 , 0.01 ,25.33 , 9.68 , 1.27 , 0.45 , 0.31
2024-02-20 15:37:36,052 :- 00390: 213 , 24.70 , -0.00 || 1708423656, 17.602357911485 , 78.126595737817, 0.01 , 0.01 ,25.33 , 9.89 , 1.25 , 0.49 , 0.31
2024-02-20 15:37:36,081 :- 00391: 216 , 24.60 , -0.00 || 1708423656, 17.602357911485 , 78.126595737817, 0.01 , 0.01 ,25.33 , 10.02 , 1.28 , 0.51 , 0.31
2024-02-20 15:37:36,112 :- 00392: 219 , 24.60 , -0.00 || 1708423656, 17.602357911485 , 78.126595737817, 0.01 , 0.01 ,25.17 , 9.88 , 1.30 , 0.54 , 0.31
2024-02-20 15:37:36,142 :- 00393: 222 , 24.60 , -0.00 || 1708423656, 17.602364244980 , 78.126595782701, 0.01 , 0.01 ,25.17 , 8.97 , 1.27 , 0.55 , 0.30
2024-02-20 15:37:36,172 :- 00394: 225 , 24.60 , -0.00 || 1708423656, 17.602364244980 , 78.126595782701, 0.01 , 0.01 ,25.17 , 9.55 , 1.28 , 0.56 , 0.30
2024-02-20 15:37:36,202 :- 00395: 228 , 24.60 , -0.00 || 1708423656, 17.602364244980 , 78.126595782701, 0.01 , 0.01 ,25.17 , 9.66 , 1.32 , 0.53 , 0.30
2024-02-20 15:37:36,232 :- 00396: 231 , 24.60 , -0.00 || 1708423656, 17.602370522073 , 78.126595835975, 0.01 , 0.01 ,24.97 , 9.30 , 1.31 , 0.51 , 0.30
2024-02-20 15:37:36,262 :- 00397: 234 , 24.50 , -0.00 || 1708423656, 17.602370522073 , 78.126595835975, 0.01 , 0.01 ,24.97 , 9.79 , 1.35 , 0.48 , 0.30
2024-02-20 15:37:36,292 :- 00398: 237 , 24.50 , -0.00 || 1708423656, 17.602370522073 , 78.126595835975, 0.01 , 0.01 ,24.97 , 9.95 , 1.35 , 0.45 , 0.30
2024-02-20 15:37:36,322 :- 00399: 240 , 24.50 , -0.00 || 1708423656, 17.602376774196 , 78.126595893172, 0.01 , 0.01 ,24.86 , 9.73 , 1.36 , 0.43 , 0.30
2024-02-20 15:37:36,352 :- 00400: 243 , 24.40 , -0.00 || 1708423656, 17.602376774196 , 78.126595893172, 0.01 , 0.01 ,24.86 , 9.67 , 1.38 , 0.43 , 0.30
2024-02-20 15:37:36,382 :- 00401: 246 , 24.40 , -0.00 || 1708423656, 17.602376774196 , 78.126595893172, 0.01 , 0.01 ,24.86 , 10.32 , 1.41 , 0.41 , 0.30
2024-02-20 15:37:36,412 :- 00402: 249 , 24.30 , -0.00 || 1708423656, 17.602376774196 , 78.126595893172, 0.01 , 0.01 ,24.75 , 9.77 , 1.42 , 0.40 , 0.30
2024-02-20 15:37:36,442 :- 00403: 252 , 24.30 , -0.00 || 1708423656, 17.602383003978 , 78.126595947529, 0.01 , 0.01 ,24.75 , 10.26 , 1.42 , 0.42 , 0.29
2024-02-20 15:37:36,472 :- 00404: 255 , 24.20 , -0.00 || 1708423656, 17.602383003978 , 78.126595947529, 0.01 , 0.01 ,24.75 , 10.25 , 1.42 , 0.43 , 0.29
2024-02-20 15:37:36,502 :- 00405: 002 , 24.20 , -0.00 || 1708423656, 17.602383003978 , 78.126595947529, 0.01 , 0.01 ,24.75 , 10.14 , 1.41 , 0.46 , 0.29
2024-02-20 15:37:36,532 :- 00406: 005 , 24.10 , -0.00 || 1708423656, 17.602389214470 , 78.126595978393, 0.01 , 0.01 ,24.71 , 10.04 , 1.42 , 0.48 , 0.28
2024-02-20 15:37:36,562 :- 00407: 008 , 24.10 , -0.10 || 1708423656, 17.602389214470 , 78.126595978393, 0.01 , 0.01 ,24.71 , 10.14 , 1.45 , 0.54 , 0.28
2024-02-20 15:37:36,592 :- 00408: 011 , 24.10 , -0.10 || 1708423656, 17.602389214470 , 78.126595978393, 0.01 , 0.01 ,24.71 , 9.57 , 1.47 , 0.56 , 0.28
2024-02-20 15:37:36,622 :- 00409: 014 , 24.10 , -0.10 || 1708423656, 17.602395391000 , 78.126596034162, 0.01 , 0.01 ,24.56 , 9.62 , 1.52 , 0.60 , 0.28
2024-02-20 15:37:36,652 :- 00410: 017 , 24.00 , -0.10 || 1708423656, 17.602395391000 , 78.126596034162, 0.01 , 0.01 ,24.56 , 9.51 , 1.57 , 0.62 , 0.28
2024-02-20 15:37:36,682 :- 00411: 020 , 24.00 , -0.10 || 1708423656, 17.602395391000 , 78.126596034162, 0.01 , 0.01 ,24.56 , 9.25 , 1.62 , 0.63 , 0.28
2024-02-20 15:37:36,712 :- 00412: 023 , 23.90 , -0.20 || 1708423656, 17.602395391000 , 78.126596034162, 0.01 , 0.01 ,24.25 , 9.90 , 1.66 , 0.64 , 0.28
2024-02-20 15:37:36,741 :- 00413: 023 , 23.90 , -0.20 || 1708423656, 17.602395391000 , 78.126596034162, 0.01 , 0.01 ,24.25 , 9.90 , 1.66 , 0.64 , 0.281708423656, 17.602401505786 , 78.126596122841, 0.01 , 0.01 ,24.25 , 9.61 , 1.71 , 0.63 , 0.28
2024-02-20 15:37:36,762 :- 00414: 028 , 23.80 , -0.20 || 1708423656, 17.602401505786 , 78.126596122841, 0.01 , 0.01 ,24.25 , 9.77 , 1.74 , 0.62 , 0.28
2024-02-20 15:37:36,792 :- 00415: 031 , 23.70 , -0.20 || 1708423656, 17.602401505786 , 78.126596122841, 0.01 , 0.01 ,24.25 , 9.27 , 1.76 , 0.60 , 0.29
2024-02-20 15:37:36,822 :- 00416: 034 , 23.60 , -0.20 || 1708423656, 17.602407546365 , 78.126596218233, 0.01 , 0.01 ,23.97 , 9.79 , 1.79 , 0.60 , 0.30
2024-02-20 15:37:36,852 :- 00417: 037 , 23.60 , -0.20 || 1708423656, 17.602407546365 , 78.126596218233, 0.01 , 0.01 ,23.97 , 9.49 , 1.79 , 0.56 , 0.31
2024-02-20 15:37:36,882 :- 00418: 040 , 23.50 , -0.20 || 1708423656, 17.602407546365 , 78.126596218233, 0.01 , 0.01 ,23.97 , 9.80 , 1.82 , 0.56 , 0.32
2024-02-20 15:37:36,912 :- 00419: 043 , 23.40 , -0.30 || 1708423656, 17.602407546365 , 78.126596218233, 0.01 , 0.01 ,23.71 , 9.74 , 1.82 , 0.55 , 0.33
2024-02-20 15:37:36,942 :- 00420: 046 , 23.30 , -0.30 || 1708423656, 17.602413534888 , 78.126596292053, 0.01 , 0.01 ,23.71 , 9.89 , 1.84 , 0.56 , 0.36
2024-02-20 15:37:36,972 :- 00421: 049 , 23.30 , -0.40 || 1708423656, 17.602413534888 , 78.126596292053, 0.01 , 0.01 ,23.71 , 9.72 , 1.82 , 0.56 , 0.37
2024-02-20 15:37:37,002 :- 00422: 052 , 23.20 , -0.40 || 1708423656, 17.602413534888 , 78.126596292053, 0.01 , 0.01 ,23.71 , 9.87 , 1.79 , 0.58 , 0.38
2024-02-20 15:37:37,032 :- 00423: 055 , 23.10 , -0.50 || 1708423657, 17.602419493346 , 78.126596320175, 0.01 , 0.01 ,23.67 , 9.88 , 1.78 , 0.59 , 0.39
2024-02-20 15:37:37,062 :- 00424: 058 , 23.10 , -0.60 || 1708423657, 17.602419493346 , 78.126596320175, 0.01 , 0.01 ,23.67 , 10.17 , 1.79 , 0.58 , 0.42
2024-02-20 15:37:37,092 :- 00425: 061 , 23.00 , -0.60 || 1708423657, 17.602419493346 , 78.126596320175, 0.01 , 0.01 ,23.67 , 10.17 , 1.78 , 0.59 , 0.43
2024-02-20 15:37:37,122 :- 00426: 064 , 23.00 , -0.70 || 1708423657, 17.602425405548 , 78.126596375756, 0.01 , 0.01 ,23.58 , 10.24 , 1.79 , 0.64 , 0.47
2024-02-20 15:37:37,152 :- 00427: 067 , 23.00 , -0.80 || 1708423657, 17.602425405548 , 78.126596375756, 0.01 , 0.01 ,23.58 , 9.62 , 1.80 , 0.63 , 0.49
2024-02-20 15:37:37,182 :- 00428: 070 , 22.90 , -0.80 || 1708423657, 17.602425405548 , 78.126596375756, 0.01 , 0.01 ,23.58 , 9.90 , 1.82 , 0.68 , 0.55
2024-02-20 15:37:37,212 :- 00429: 073 , 22.90 , -0.80 || 1708423657, 17.602425405548 , 78.126596375756, 0.01 , 0.01 ,23.47 , 9.74 , 1.81 , 0.67 , 0.58
2024-02-20 15:37:37,242 :- 00430: 076 , 22.90 , -0.90 || 1708423657, 17.602431290529 , 78.126596457899, 0.01 , 0.01 ,23.47 , 9.74 , 1.81 , 0.72 , 0.65
2024-02-20 15:37:37,272 :- 00431: 079 , 22.90 , -0.90 || 1708423657, 17.602431290529 , 78.126596457899, 0.01 , 0.01 ,23.47 , 9.00 , 1.78 , 0.71 , 0.69
2024-02-20 15:37:37,302 :- 00432: 082 , 22.90 , -0.90 || 1708423657, 17.602431290529 , 78.126596457899, 0.01 , 0.01 ,23.47 , 9.12 , 1.76 , 0.73 , 0.77
2024-02-20 15:37:37,332 :- 00433: 085 , 22.80 , -0.90 || 1708423657, 17.602437136381 , 78.126596537896, 0.01 , 0.01 ,23.27 , 9.95 , 1.73 , 0.72 , 0.81
2024-02-20 15:37:37,361 :- 00434: 088 , 22.70 , -0.90 || 1708423657, 17.602437136381 , 78.126596537896, 0.01 , 0.01 ,23.27 , 9.41 , 1.65 , 0.70 , 0.89
2024-02-20 15:37:37,392 :- 00435: 091 , 22.70 , -1.00 || 1708423657, 17.602437136381 , 78.126596537896, 0.01 , 0.01 ,23.27 , 9.65 , 1.63 , 0.69 , 0.94
2024-02-20 15:37:37,422 :- 00436: 094 , 22.60 , -1.00 || 1708423657, 17.602442941222 , 78.126596608227, 0.01 , 0.01 ,23.07 , 10.08 , 1.63 , 0.68 , 1.02
2024-02-20 15:37:37,452 :- 00437: 097 , 22.60 , -1.00 || 1708423657, 17.602442941222 , 78.126596608227, 0.01 , 0.01 ,23.07 , 9.54 , 1.61 , 0.66 , 1.07
2024-02-20 15:37:37,482 :- 00438: 100 , 22.60 , -1.00 || 1708423657, 17.602442941222 , 78.126596608227, 0.01 , 0.01 ,23.07 , 9.72 , 1.60 , 0.64 , 1.16
2024-02-20 15:37:37,512 :- 00439: 103 , 22.50 , -1.00 || 1708423657, 17.602442941222 , 78.126596608227, 0.01 , 0.01 ,22.95 , 10.37 , 1.60 , 0.64 , 1.20
2024-02-20 15:37:37,542 :- 00440: 106 , 22.50 , -1.00 || 1708423657, 17.602448708388 , 78.126596713690, 0.01 , 0.01 ,22.95 , 9.98 , 1.57 , 0.64 , 1.28
2024-02-20 15:37:37,572 :- 00441: 109 , 22.50 , -1.00 || 1708423657, 17.602448708388 , 78.126596713690, 0.01 , 0.01 ,22.95 , 10.15 , 1.55 , 0.66 , 1.32
2024-02-20 15:37:37,602 :- 00442: 112 , 22.50 , -1.00 || 1708423657, 17.602448708388 , 78.126596713690, 0.01 , 0.01 ,22.95 , 9.67 , 1.53 , 0.68 , 1.40
2024-02-20 15:37:37,632 :- 00443: 115 , 22.40 , -1.00 || 1708423657, 17.602454470629 , 78.126596854672, 0.01 , 0.01 ,22.98 , 10.08 , 1.53 , 0.68 , 1.44
2024-02-20 15:37:37,662 :- 00444: 118 , 22.40 , -1.10 || 1708423657, 17.602454470629 , 78.126596854672, 0.01 , 0.01 ,22.98 , 9.87 , 1.53 , 0.71 , 1.53
2024-02-20 15:37:37,692 :- 00445: 121 , 22.30 , -1.10 || 1708423657, 17.602454470629 , 78.126596854672, 0.01 , 0.01 ,22.98 , 9.88 , 1.52 , 0.72 , 1.57
2024-02-20 15:37:37,722 :- 00446: 124 , 22.30 , -1.20 || 1708423657, 17.602460196470 , 78.126597031441, 0.01 , 0.01 ,22.76 , 9.73 , 1.51 , 0.71 , 1.67
2024-02-20 15:37:37,752 :- 00447: 127 , 22.30 , -1.20 || 1708423657, 17.602460196470 , 78.126597031441, 0.01 , 0.01 ,22.76 , 9.90 , 1.51 , 0.72 , 1.72
2024-02-20 15:37:37,782 :- 00448: 130 , 22.20 , -1.30 || 1708423657, 17.602460196470 , 78.126597031441, 0.01 , 0.01 ,22.76 , 9.62 , 1.47 , 0.72 , 1.82
2024-02-20 15:37:37,812 :- 00449: 133 , 22.20 , -1.30 || 1708423657, 17.602460196470 , 78.126597031441, 0.01 , 0.01 ,22.63 , 9.84 , 1.46 , 0.72 , 1.87
2024-02-20 15:37:37,842 :- 00450: 136 , 22.20 , -1.40 || 1708423657, 17.602465884497 , 78.126597204605, 0.01 , 0.01 ,22.63 , 9.52 , 1.40 , 0.71 , 1.99
2024-02-20 15:37:37,872 :- 00451: 139 , 22.20 , -1.40 || 1708423657, 17.602465884497 , 78.126597204605, 0.01 , 0.01 ,22.63 , 9.70 , 1.37 , 0.72 , 2.05
2024-02-20 15:37:37,902 :- 00452: 142 , 22.10 , -1.50 || 1708423657, 17.602465884497 , 78.126597204605, 0.01 , 0.01 ,22.63 , 9.80 , 1.31 , 0.72 , 2.16
2024-02-20 15:37:37,932 :- 00453: 145 , 22.10 , -1.50 || 1708423657, 17.602471558259 , 78.126597383448, 0.01 , 0.01 ,22.57 , 9.43 , 1.27 , 0.73 , 2.23
2024-02-20 15:37:37,962 :- 00454: 148 , 22.10 , -1.60 || 1708423657, 17.602471558259 , 78.126597383448, 0.01 , 0.01 ,22.57 , 9.81 , 1.24 , 0.72 , 2.36
2024-02-20 15:37:37,992 :- 00455: 151 , 22.00 , -1.60 || 1708423657, 17.602471558259 , 78.126597383448, 0.01 , 0.01 ,22.57 , 9.88 , 1.25 , 0.71 , 2.43
2024-02-20 15:37:38,021 :- 00456: 151 , 22.00 , -1.60 || 1708423657, 17.602471558259 , 78.126597383448, 0.01 , 0.01 ,22.57 , 9.88 , 1.25 , 0.71 , 2.431708423657, 17.602471558259 , 78.126597383448, 0.01 , 0.01 ,22.57 , 9.88 , 1.23 , 0.72 , 2.50
2024-02-20 15:37:38,042 :- 00457: 156 , 22.00 , -1.70 || 1708423658, 17.602477190542 , 78.126597600112, 0.01 , 0.01 ,22.42 , 9.77 , 1.22 , 0.71 , 2.65
2024-02-20 15:37:38,072 :- 00458: 159 , 21.90 , -1.70 || 1708423658, 17.602477190542 , 78.126597600112, 0.01 , 0.01 ,22.42 , 10.04 , 1.23 , 0.70 , 2.73
2024-02-20 15:37:38,102 :- 00459: 162 , 21.90 , -1.70 || 1708423658, 17.602477190542 , 78.126597600112, 0.01 , 0.01 ,22.42 , 10.24 , 1.19 , 0.70 , 2.87
2024-02-20 15:37:38,132 :- 00460: 165 , 21.90 , -1.80 || 1708423658, 17.602482787799 , 78.126597892950, 0.01 , 0.01 ,22.35 , 9.86 , 1.16 , 0.69 , 2.94
2024-02-20 15:37:38,162 :- 00461: 168 , 21.80 , -1.90 || 1708423658, 17.602482787799 , 78.126597892950, 0.01 , 0.01 ,22.35 , 9.69 , 1.11 , 0.70 , 3.10
2024-02-20 15:37:38,191 :- 00462: 171 , 21.80 , -1.90 || 1708423658, 17.602482787799 , 78.126597892950, 0.01 , 0.01 ,22.35 , 10.08 , 1.11 , 0.71 , 3.18
2024-02-20 15:37:38,222 :- 00463: 174 , 21.80 , -2.00 || 1708423658, 17.602488347809 , 78.126598178649, 0.01 , 0.01 ,22.15 , 9.73 , 1.08 , 0.71 , 3.34
2024-02-20 15:37:38,252 :- 00464: 177 , 21.70 , -2.10 || 1708423658, 17.602488347809 , 78.126598178649, 0.01 , 0.01 ,22.15 , 9.55 , 1.05 , 0.70 , 3.42
2024-02-20 15:37:38,282 :- 00465: 180 , 21.70 , -2.10 || 1708423658, 17.602488347809 , 78.126598178649, 0.01 , 0.01 ,22.15 , 9.93 , 1.04 , 0.71 , 3.60
2024-02-20 15:37:38,312 :- 00466: 183 , 21.60 , -2.20 || 1708423658, 17.602488347809 , 78.126598178649, 0.01 , 0.01 ,21.96 , 9.56 , 1.02 , 0.70 , 3.69
2024-02-20 15:37:38,342 :- 00467: 186 , 21.60 , -2.30 || 1708423658, 17.602493861414 , 78.126598525360, 0.01 , 0.01 ,21.96 , 9.74 , 1.00 , 0.66 , 3.88
2024-02-20 15:37:38,372 :- 00468: 189 , 21.60 , -2.30 || 1708423658, 17.602493861414 , 78.126598525360, 0.01 , 0.01 ,21.96 , 9.90 , 0.99 , 0.67 , 3.98
2024-02-20 15:37:38,402 :- 00469: 192 , 21.50 , -2.40 || 1708423658, 17.602493861414 , 78.126598525360, 0.01 , 0.01 ,21.96 , 10.11 , 0.97 , 0.66 , 4.18
2024-02-20 15:37:38,432 :- 00470: 195 , 21.40 , -2.40 || 1708423658, 17.602499355536 , 78.126598920276, 0.01 , 0.01 ,21.93 , 9.94 , 0.97 , 0.66 , 4.28
2024-02-20 15:37:38,462 :- 00471: 198 , 21.40 , -2.50 || 1708423658, 17.602499355536 , 78.126598920276, 0.01 , 0.01 ,21.93 , 9.98 , 0.98 , 0.70 , 4.49
2024-02-20 15:37:38,492 :- 00472: 201 , 21.30 , -2.50 || 1708423658, 17.602499355536 , 78.126598920276, 0.01 , 0.01 ,21.93 , 9.87 , 0.98 , 0.72 , 4.60
2024-02-20 15:37:38,522 :- 00473: 204 , 21.30 , -2.60 || 1708423658, 17.602504806850 , 78.126599370937, 0.01 , 0.01 ,21.78 , 9.72 , 0.97 , 0.74 , 4.81
2024-02-20 15:37:38,552 :- 00474: 207 , 21.20 , -2.60 || 1708423658, 17.602504806850 , 78.126599370937, 0.01 , 0.01 ,21.78 , 9.87 , 0.97 , 0.73 , 4.92
2024-02-20 15:37:38,582 :- 00475: 210 , 21.20 , -2.70 || 1708423658, 17.602504806850 , 78.126599370937, 0.01 , 0.01 ,21.78 , 9.59 , 0.97 , 0.75 , 5.14
2024-02-20 15:37:38,612 :- 00476: 213 , 21.20 , -2.80 || 1708423658, 17.602504806850 , 78.126599370937, 0.01 , 0.01 ,21.56 , 9.67 , 0.98 , 0.75 , 5.26
2024-02-20 15:37:38,641 :- 00477: 216 , 21.10 , -2.90 || 1708423658, 17.602510201267 , 78.126599886658, 0.01 , 0.01 ,21.56 , 10.35 , 1.01 , 0.74 , 5.50
2024-02-20 15:37:38,662 :- 00478: 218 , 21.10 , -3.00 || 1708423658, 17.602510201267 , 78.126599886658, 0.01 , 0.01 ,21.56 , 9.67 , 0.99 , 0.76 , 5.62
2024-02-20 15:37:38,692 :- 00479: 221 , 21.00 , -3.10 || 1708423658, 17.602510201267 , 78.126599886658, 0.01 , 0.01 ,21.56 , 9.95 , 0.98 , 0.76 , 5.75
2024-02-20 15:37:38,722 :- 00480: 224 , 21.00 , -3.20 || 1708423658, 17.602515550855 , 78.126600455803, 0.01 , 0.01 ,21.39 , 9.69 , 0.97 , 0.78 , 6.01
2024-02-20 15:37:38,752 :- 00481: 227 , 20.90 , -3.40 || 1708423658, 17.602515550855 , 78.126600455803, 0.01 , 0.01 ,21.39 , 10.00 , 0.95 , 0.78 , 6.14
2024-02-20 15:37:38,782 :- 00482: 230 , 20.90 , -3.50 || 1708423658, 17.602515550855 , 78.126600455803, 0.01 , 0.01 ,21.39 , 8.98 , 0.88 , 0.77 , 6.42
2024-02-20 15:37:38,812 :- 00483: 233 , 20.90 , -3.60 || 1708423658, 17.602515550855 , 78.126600455803, 0.01 , 0.01 ,21.10 , 9.83 , 0.88 , 0.77 , 6.56
2024-02-20 15:37:38,842 :- 00484: 236 , 20.80 , -3.80 || 1708423658, 17.602520841894 , 78.126601036727, 0.01 , 0.01 ,21.10 , 9.56 , 0.84 , 0.73 , 6.85
2024-02-20 15:37:38,872 :- 00485: 239 , 20.70 , -3.90 || 1708423658, 17.602520841894 , 78.126601036727, 0.01 , 0.01 ,21.10 , 9.55 , 0.83 , 0.72 , 7.00
