2024-02-24 12:33:20,617 :- 00001: Feedback Code Starting
2024-02-24 12:33:20,647 :- 00002: 186 , 30.00 , -0.20 || 1708758200, 17.601738874366 , 78.126609039860, 0.01 , 0.01 ,32.20 , 9.84 , 1.28 , 0.05 , 358.55
2024-02-24 12:33:20,677 :- 00003: 189 , 30.00 , -0.20 || 1708758200, 17.601738874366 , 78.126609039860, 0.01 , 0.01 ,32.20 , 9.64 , 1.23 , 0.05 , 358.55
2024-02-24 12:33:20,707 :- 00004: 192 , 30.00 , -0.20 || 1708758200, 17.601738874366 , 78.126609039860, 0.01 , 0.01 ,32.20 , 9.42 , 1.18 , 0.02 , 358.56
2024-02-24 12:33:20,737 :- 00005: 195 , 30.00 , -0.20 || 1708758200, 17.601746996131 , 78.126608908336, 0.01 , 0.01 ,32.46 , 9.62 , 1.15 , -0.03 , 358.56
2024-02-24 12:33:20,767 :- 00006: 198 , 30.00 , -0.20 || 1708758200, 17.601746996131 , 78.126608908336, 0.01 , 0.01 ,32.46 , 10.00 , 1.14 , -0.05 , 358.57
2024-02-24 12:33:20,797 :- 00007: 201 , 30.00 , -0.20 || 1708758200, 17.601746996131 , 78.126608908336, 0.01 , 0.01 ,32.46 , 9.73 , 1.14 , -0.07 , 358.57
2024-02-24 12:33:20,826 :- 00008: 201 , 30.00 , -0.20 || 1708758200, 17.601746996131 , 78.126608908336, 0.01 , 0.01 ,32.46 , 9.73 , 1.14 , -0.07 , 358.571708758200, 17.601746996131 , 78.126608908336, 0.01 , 0.01 ,32.46 , 10.37 , 1.13 , -0.11 , 358.57
2024-02-24 12:33:20,857 :- 00009: 207 , 30.00 , -0.20 || 1708758200, 17.601755169302 , 78.126608758068, 0.01 , 0.01 ,32.67 , 9.80 , 1.12 , -0.13 , 358.58
2024-02-24 12:33:20,887 :- 00010: 210 , 30.00 , -0.20 || 1708758200, 17.601755169302 , 78.126608758068, 0.01 , 0.01 ,32.67 , 10.29 , 1.14 , -0.17 , 358.59
2024-02-24 12:33:20,917 :- 00011: 213 , 30.00 , -0.20 || 1708758200, 17.601755169302 , 78.126608758068, 0.01 , 0.01 ,32.67 , 10.20 , 1.14 , -0.17 , 358.59
2024-02-24 12:33:20,947 :- 00012: 216 , 30.00 , -0.20 || 1708758200, 17.601763442172 , 78.126608649536, 0.01 , 0.01 ,33.13 , 10.23 , 1.16 , -0.17 , 358.60
2024-02-24 12:33:20,977 :- 00013: 219 , 30.00 , -0.20 || 1708758200, 17.601763442172 , 78.126608649536, 0.01 , 0.01 ,33.13 , 9.95 , 1.16 , -0.17 , 358.61
2024-02-24 12:33:21,007 :- 00014: 222 , 30.00 , -0.20 || 1708758200, 17.601763442172 , 78.126608649536, 0.01 , 0.01 ,33.13 , 9.98 , 1.19 , -0.12 , 358.62
2024-02-24 12:33:21,037 :- 00015: 225 , 30.00 , -0.20 || 1708758201, 17.601763442172 , 78.126608649536, 0.01 , 0.01 ,33.48 , 10.06 , 1.21 , -0.11 , 358.63
2024-02-24 12:33:21,067 :- 00016: 228 , 30.00 , -0.20 || 1708758201, 17.601771814442 , 78.126608555916, 0.01 , 0.01 ,33.48 , 9.91 , 1.24 , -0.08 , 358.64
2024-02-24 12:33:21,097 :- 00017: 231 , 30.00 , -0.20 || 1708758201, 17.601771814442 , 78.126608555916, 0.01 , 0.01 ,33.48 , 10.14 , 1.28 , -0.04 , 358.66
2024-02-24 12:33:21,127 :- 00018: 234 , 30.00 , -0.20 || 1708758201, 17.601771814442 , 78.126608555916, 0.01 , 0.01 ,33.73 , 9.70 , 1.36 , -0.02 , 358.67
2024-02-24 12:33:21,157 :- 00019: 237 , 30.00 , -0.20 || 1708758201, 17.601780259533 , 78.126608503905, 0.01 , 0.01 ,33.73 , 8.97 , 1.37 , 0.00 , 358.68
2024-02-24 12:33:21,187 :- 00020: 240 , 30.00 , -0.20 || 1708758201, 17.601780259533 , 78.126608503905, 0.01 , 0.01 ,33.73 , 9.58 , 1.42 , 0.03 , 358.69
2024-02-24 12:33:21,217 :- 00021: 243 , 30.00 , -0.10 || 1708758201, 17.601780259533 , 78.126608503905, 0.01 , 0.01 ,33.73 , 9.62 , 1.45 , 0.02 , 358.69
2024-02-24 12:33:21,247 :- 00022: 246 , 30.00 , -0.10 || 1708758201, 17.601788758042 , 78.126608437968, 0.01 , 0.01 ,33.95 , 9.55 , 1.52 , 0.02 , 358.70
2024-02-24 12:33:21,277 :- 00023: 249 , 30.00 , -0.10 || 1708758201, 17.601788758042 , 78.126608437968, 0.01 , 0.01 ,33.95 , 9.36 , 1.54 , -0.01 , 358.71
2024-02-24 12:33:21,307 :- 00024: 252 , 30.00 , -0.10 || 1708758201, 17.601788758042 , 78.126608437968, 0.01 , 0.01 ,33.95 , 9.54 , 1.59 , -0.05 , 358.73
2024-02-24 12:33:21,337 :- 00025: 255 , 30.00 , -0.10 || 1708758201, 17.601788758042 , 78.126608437968, 0.01 , 0.01 ,33.95 , 10.36 , 1.64 , -0.09 , 358.73
2024-02-24 12:33:21,367 :- 00026: 002 , 30.00 , -0.10 || 1708758201, 17.601797294375 , 78.126608421441, 0.01 , 0.01 ,34.07 , 9.25 , 1.69 , -0.09 , 358.75
2024-02-24 12:33:21,397 :- 00027: 005 , 30.00 , -0.10 || 1708758201, 17.601797294375 , 78.126608421441, 0.01 , 0.01 ,34.07 , 10.87 , 1.72 , -0.13 , 358.75
2024-02-24 12:33:21,427 :- 00028: 008 , 30.00 , 00.00 || 1708758201, 17.601797294375 , 78.126608421441, 0.01 , 0.01 ,34.07 , 9.14 , 1.69 , -0.16 , 358.77
2024-02-24 12:33:21,456 :- 00029: 011 , 30.00 , 00.00 || 1708758201, 17.601805901942 , 78.126608363402, 0.01 , 0.01 ,34.39 , 10.86 , 1.69 , -0.14 , 358.78
2024-02-24 12:33:21,487 :- 00030: 014 , 30.00 , 00.00 || 1708758201, 17.601805901942 , 78.126608363402, 0.01 , 0.01 ,34.39 , 9.82 , 1.62 , -0.21 , 358.79
2024-02-24 12:33:21,517 :- 00031: 017 , 30.00 , 00.00 || 1708758201, 17.601805901942 , 78.126608363402, 0.01 , 0.01 ,34.39 , 10.01 , 1.63 , -0.20 , 358.80
2024-02-24 12:33:21,547 :- 00032: 020 , 30.00 , 00.00 || 1708758201, 17.601814577689 , 78.126608281738, 0.01 , 0.01 ,34.62 , 11.01 , 1.63 , -0.18 , 358.80
2024-02-24 12:33:21,577 :- 00033: 023 , 30.00 , 00.00 || 1708758201, 17.601814577689 , 78.126608281738, 0.01 , 0.01 ,34.62 , 8.49 , 1.62 , -0.19 , 358.80
2024-02-24 12:33:21,607 :- 00034: 026 , 30.00 , 00.10 || 1708758201, 17.601814577689 , 78.126608281738, 0.01 , 0.01 ,34.62 , 10.41 , 1.63 , -0.11 , 358.77
2024-02-24 12:33:21,637 :- 00035: 029 , 30.00 , 00.10 || 1708758201, 17.601814577689 , 78.126608281738, 0.01 , 0.01 ,35.17 , 10.21 , 1.66 , -0.11 , 358.76
2024-02-24 12:33:21,667 :- 00036: 032 , 30.00 , 00.10 || 1708758201, 17.601823374304 , 78.126608201564, 0.01 , 0.01 ,35.17 , 10.16 , 1.64 , -0.04 , 358.72
2024-02-24 12:33:21,697 :- 00037: 035 , 30.00 , 00.10 || 1708758201, 17.601823374304 , 78.126608201564, 0.01 , 0.01 ,35.17 , 10.86 , 1.63 , 0.09 , 358.69
2024-02-24 12:33:21,727 :- 00038: 038 , 30.00 , 00.20 || 1708758201, 17.601823374304 , 78.126608201564, 0.01 , 0.01 ,35.17 , 7.78 , 1.71 , 0.09 , 358.68
2024-02-24 12:33:21,757 :- 00039: 041 , 30.00 , 00.20 || 1708758201, 17.601832254158 , 78.126608137896, 0.01 , 0.01 ,35.40 , 9.86 , 1.69 , 0.17 , 358.67
2024-02-24 12:33:21,787 :- 00040: 044 , 30.00 , 00.20 || 1708758201, 17.601832254158 , 78.126608137896, 0.01 , 0.01 ,35.40 , 9.20 , 1.84 , 0.26 , 358.65
2024-02-24 12:33:21,817 :- 00041: 047 , 30.00 , 00.10 || 1708758201, 17.601832254158 , 78.126608137896, 0.01 , 0.01 ,35.40 , 9.17 , 1.87 , 0.22 , 358.63
2024-02-24 12:33:21,847 :- 00042: 050 , 30.00 , 00.10 || 1708758201, 17.601841198599 , 78.126608090893, 0.01 , 0.01 ,35.66 , 9.46 , 1.95 , 0.29 , 358.61
2024-02-24 12:33:21,877 :- 00043: 053 , 30.00 , 00.10 || 1708758201, 17.601841198599 , 78.126608090893, 0.01 , 0.01 ,35.66 , 8.68 , 1.95 , 0.28 , 358.59
2024-02-24 12:33:21,907 :- 00044: 056 , 30.00 , 00.10 || 1708758201, 17.601841198599 , 78.126608090893, 0.01 , 0.01 ,35.66 , 8.68 , 1.92 , 0.21 , 358.56
2024-02-24 12:33:21,937 :- 00045: 059 , 30.00 , 00.20 || 1708758201, 17.601841198599 , 78.126608090893, 0.01 , 0.01 ,35.82 , 10.36 , 1.93 , 0.23 , 358.54
2024-02-24 12:33:21,967 :- 00046: 062 , 30.00 , 00.20 || 1708758201, 17.601850169666 , 78.126608005564, 0.01 , 0.01 ,35.82 , 8.18 , 1.91 , 0.21 , 358.50
2024-02-24 12:33:21,997 :- 00047: 065 , 30.00 , 00.20 || 1708758201, 17.601850169666 , 78.126608005564, 0.01 , 0.01 ,35.82 , 11.34 , 2.04 , 0.17 , 358.47
2024-02-24 12:33:22,027 :- 00048: 068 , 30.00 , 00.10 || 1708758202, 17.601850169666 , 78.126608005564, 0.01 , 0.01 ,35.99 , 10.46 , 2.05 , 0.19 , 358.45
2024-02-24 12:33:22,057 :- 00049: 071 , 30.00 , 00.10 || 1708758202, 17.601859180983 , 78.126607895427, 0.01 , 0.01 ,35.99 , 10.71 , 2.07 , 0.17 , 358.43
2024-02-24 12:33:22,087 :- 00050: 074 , 30.00 , 00.10 || 1708758202, 17.601859180983 , 78.126607895427, 0.01 , 0.01 ,35.99 , 10.18 , 2.13 , 0.19 , 358.41
2024-02-24 12:33:22,117 :- 00051: 077 , 30.00 , 00.20 || 1708758202, 17.601859180983 , 78.126607895427, 0.01 , 0.01 ,35.99 , 9.65 , 2.20 , 0.21 , 358.40
2024-02-24 12:33:22,147 :- 00052: 080 , 30.00 , 00.20 || 1708758202, 17.601868322838 , 78.126607833409, 0.01 , 0.01 ,36.56 , 9.96 , 2.24 , 0.27 , 358.39
2024-02-24 12:33:22,177 :- 00053: 083 , 30.00 , 00.20 || 1708758202, 17.601868322838 , 78.126607833409, 0.01 , 0.01 ,36.56 , 8.97 , 2.21 , 0.30 , 358.39
2024-02-24 12:33:22,207 :- 00054: 086 , 30.00 , 00.20 || 1708758202, 17.601868322838 , 78.126607833409, 0.01 , 0.01 ,36.56 , 10.76 , 2.21 , 0.36 , 358.38
2024-02-24 12:33:22,237 :- 00055: 089 , 30.00 , 01.00 || 1708758202, 17.601868322838 , 78.126607833409, 0.01 , 0.01 ,36.87 , 9.24 , 2.19 , 0.38 , 358.38
2024-02-24 12:33:22,267 :- 00056: 092 , 30.00 , 01.00 || 1708758202, 17.601877555946 , 78.126607635633, 0.01 , 0.01 ,36.87 , 10.21 , 2.12 , 0.43 , 358.37
2024-02-24 12:33:22,297 :- 00057: 095 , 30.00 , 01.00 || 1708758202, 17.601877555946 , 78.126607635633, 0.01 , 0.01 ,36.87 , 8.24 , 2.09 , 0.45 , 358.35
2024-02-24 12:33:22,327 :- 00058: 098 , 30.00 , 00.30 || 1708758202, 17.601877555946 , 78.126607635633, 0.01 , 0.01 ,36.87 , 10.02 , 2.10 , 0.46 , 358.35
2024-02-24 12:33:22,357 :- 00059: 101 , 30.00 , 00.20 || 1708758202, 17.601886825229 , 78.126607456009, 0.01 , 0.01 ,37.00 , 9.19 , 2.09 , 0.45 , 358.33
2024-02-24 12:33:22,387 :- 00060: 104 , 30.00 , 00.20 || 1708758202, 17.601886825229 , 78.126607456009, 0.01 , 0.01 ,37.00 , 9.42 , 2.08 , 0.40 , 358.31
2024-02-24 12:33:22,417 :- 00061: 107 , 36.30 , 00.80 || 1708758202, 17.601886825229 , 78.126607456009, 0.01 , 0.01 ,37.00 , 9.34 , 2.11 , 0.38 , 358.29
2024-02-24 12:33:22,447 :- 00062: 110 , 36.40 , 00.80 || 1708758202, 17.601896134862 , 78.126607306154, 0.01 , 0.01 ,37.09 , 10.03 , 2.20 , 0.29 , 358.24
2024-02-24 12:33:22,477 :- 00063: 113 , 36.40 , 00.70 || 1708758202, 17.601896134862 , 78.126607306154, 0.01 , 0.01 ,37.09 , 9.81 , 2.23 , 0.24 , 358.20
2024-02-24 12:33:22,507 :- 00064: 116 , 36.50 , 00.50 || 1708758202, 17.601896134862 , 78.126607306154, 0.01 , 0.01 ,37.09 , 9.71 , 2.24 , 0.16 , 358.09
2024-02-24 12:33:22,537 :- 00065: 119 , 36.60 , 00.30 || 1708758202, 17.601896134862 , 78.126607306154, 0.01 , 0.01 ,37.36 , 10.55 , 2.27 , 0.11 , 358.04
2024-02-24 12:33:22,567 :- 00066: 122 , 36.60 , 00.20 || 1708758202, 17.601905484785 , 78.126607166083, 0.01 , 0.01 ,37.36 , 10.80 , 2.22 , 0.06 , 357.93
2024-02-24 12:33:22,597 :- 00067: 125 , 36.70 , 00.00 || 1708758202, 17.601905484785 , 78.126607166083, 0.01 , 0.01 ,37.36 , 10.25 , 2.16 , 0.06 , 357.85
2024-02-24 12:33:22,627 :- 00068: 128 , 36.80 , 00.00 || 1708758202, 17.601905484785 , 78.126607166083, 0.01 , 0.01 ,37.79 , 10.26 , 2.12 , 0.03 , 357.83
2024-02-24 12:33:22,657 :- 00069: 131 , 36.90 , 00.00 || 1708758202, 17.601914935636 , 78.126606939583, 0.01 , 0.01 ,37.79 , 10.82 , 2.09 , 0.04 , 357.81
2024-02-24 12:33:22,687 :- 00070: 134 , 36.90 , 00.00 || 1708758202, 17.601914935636 , 78.126606939583, 0.01 , 0.01 ,37.79 , 11.31 , 2.03 , 0.13 , 357.79
2024-02-24 12:33:22,717 :- 00071: 137 , 37.00 , 00.00 || 1708758202, 17.601914935636 , 78.126606939583, 0.01 , 0.01 ,37.79 , 9.81 , 1.99 , 0.18 , 357.79
2024-02-24 12:33:22,746 :- 00072: 137 , 37.00 , 00.00 || 1708758202, 17.601914935636 , 78.126606939583, 0.01 , 0.01 ,37.79 , 9.81 , 1.99 , 0.18 , 357.791708758202, 17.601924447515 , 78.126606637889, 0.01 , 0.01 ,38.05 , 10.33 , 1.89 , 0.31 , 357.80
2024-02-24 12:33:22,767 :- 00073: 142 , 37.00 , 00.00 || 1708758202, 17.601924447515 , 78.126606637889, 0.01 , 0.01 ,38.05 , 10.23 , 1.89 , 0.37 , 357.81
2024-02-24 12:33:22,797 :- 00074: 145 , 37.00 , 00.00 || 1708758202, 17.601924447515 , 78.126606637889, 0.01 , 0.01 ,38.05 , 9.41 , 1.83 , 0.42 , 357.82
2024-02-24 12:33:22,827 :- 00075: 148 , 37.00 , -0.00 || 1708758202, 17.601924447515 , 78.126606637889, 0.01 , 0.01 ,38.05 , 9.55 , 1.75 , 0.51 , 357.82
2024-02-24 12:33:22,857 :- 00076: 151 , 37.00 , 00.00 || 1708758202, 17.601933981077 , 78.126606322308, 0.01 , 0.01 ,37.92 , 9.16 , 1.73 , 0.56 , 357.82
2024-02-24 12:33:22,887 :- 00077: 154 , 37.00 , 00.00 || 1708758202, 17.601933981077 , 78.126606322308, 0.01 , 0.01 ,37.92 , 8.96 , 1.67 , 0.64 , 357.81
2024-02-24 12:33:22,917 :- 00078: 157 , 37.00 , 00.00 || 1708758202, 17.601933981077 , 78.126606322308, 0.01 , 0.01 ,37.92 , 8.72 , 1.64 , 0.65 , 357.81
2024-02-24 12:33:22,947 :- 00079: 160 , 36.90 , 00.00 || 1708758202, 17.601943467411 , 78.126606028717, 0.01 , 0.01 ,37.75 , 9.03 , 1.62 , 0.66 , 357.80
2024-02-24 12:33:22,977 :- 00080: 163 , 36.80 , 00.00 || 1708758202, 17.601943467411 , 78.126606028717, 0.01 , 0.01 ,37.75 , 9.79 , 1.63 , 0.63 , 357.80
2024-02-24 12:33:23,007 :- 00081: 166 , 36.70 , 00.00 || 1708758202, 17.601943467411 , 78.126606028717, 0.01 , 0.01 ,37.75 , 9.72 , 1.60 , 0.61 , 357.79
2024-02-24 12:33:23,037 :- 00082: 169 , 36.60 , 00.00 || 1708758203, 17.601943467411 , 78.126606028717, 0.01 , 0.01 ,37.25 , 10.33 , 1.59 , 0.59 , 357.78
2024-02-24 12:33:23,067 :- 00083: 172 , 36.40 , -0.00 || 1708758203, 17.601952836570 , 78.126605772988, 0.01 , 0.01 ,37.25 , 10.01 , 1.55 , 0.60 , 357.78
2024-02-24 12:33:23,097 :- 00084: 175 , 36.30 , 00.00 || 1708758203, 17.601952836570 , 78.126605772988, 0.01 , 0.01 ,37.25 , 10.03 , 1.53 , 0.62 , 357.77
2024-02-24 12:33:23,127 :- 00085: 178 , 36.10 , 00.00 || 1708758203, 17.601952836570 , 78.126605772988, 0.01 , 0.01 ,36.84 , 10.27 , 1.50 , 0.63 , 357.76
2024-02-24 12:33:23,157 :- 00086: 181 , 35.90 , 00.00 || 1708758203, 17.601962101840 , 78.126605509254, 0.01 , 0.01 ,36.84 , 10.13 , 1.50 , 0.66 , 357.75
2024-02-24 12:33:23,187 :- 00087: 184 , 35.80 , 00.00 || 1708758203, 17.601962101840 , 78.126605509254, 0.01 , 0.01 ,36.84 , 10.50 , 1.49 , 0.68 , 357.74
2024-02-24 12:33:23,217 :- 00088: 187 , 35.60 , 00.00 || 1708758203, 17.601962101840 , 78.126605509254, 0.01 , 0.01 ,36.84 , 9.66 , 1.47 , 0.71 , 357.73
2024-02-24 12:33:23,247 :- 00089: 190 , 35.40 , 00.00 || 1708758203, 17.601971216087 , 78.126605249126, 0.01 , 0.01 ,36.13 , 10.13 , 1.41 , 0.72 , 357.72
2024-02-24 12:33:23,277 :- 00090: 193 , 35.10 , 00.00 || 1708758203, 17.601971216087 , 78.126605249126, 0.01 , 0.01 ,36.13 , 10.02 , 1.41 , 0.75 , 357.72
2024-02-24 12:33:23,307 :- 00091: 196 , 34.90 , 00.00 || 1708758203, 17.601971216087 , 78.126605249126, 0.01 , 0.01 ,36.13 , 9.70 , 1.36 , 0.79 , 357.71
2024-02-24 12:33:23,337 :- 00092: 199 , 34.60 , 00.00 || 1708758203, 17.601971216087 , 78.126605249126, 0.01 , 0.01 ,36.13 , 9.82 , 1.38 , 0.79 , 357.71
2024-02-24 12:33:23,367 :- 00093: 202 , 34.40 , 00.00 || 1708758203, 17.601980064983 , 78.126604964973, 0.01 , 0.01 ,35.02 , 9.40 , 1.41 , 0.78 , 357.71
2024-02-24 12:33:23,397 :- 00094: 205 , 34.10 , 00.00 || 1708758203, 17.601980064983 , 78.126604964973, 0.01 , 0.01 ,35.02 , 9.92 , 1.38 , 0.77 , 357.71
2024-02-24 12:33:23,427 :- 00095: 208 , 33.80 , 00.00 || 1708758203, 17.601980064983 , 78.126604964973, 0.01 , 0.01 ,35.02 , 10.04 , 1.35 , 0.78 , 357.70
2024-02-24 12:33:23,457 :- 00096: 211 , 33.50 , 00.00 || 1708758203, 17.601988669379 , 78.126604717702, 0.01 , 0.01 ,34.03 , 9.58 , 1.33 , 0.81 , 357.71
2024-02-24 12:33:23,487 :- 00097: 214 , 33.20 , 00.00 || 1708758203, 17.601988669379 , 78.126604717702, 0.01 , 0.01 ,34.03 , 10.01 , 1.35 , 0.81 , 357.72
2024-02-24 12:33:23,516 :- 00098: 217 , 32.90 , -0.00 || 1708758203, 17.601988669379 , 78.126604717702, 0.01 , 0.01 ,34.03 , 9.12 , 1.36 , 0.86 , 357.72
2024-02-24 12:33:23,547 :- 00099: 220 , 32.60 , -0.00 || 1708758203, 17.601997046267 , 78.126604475615, 0.01 , 0.01 ,33.17 , 9.79 , 1.37 , 0.84 , 357.72
2024-02-24 12:33:23,576 :- 00100: 223 , 32.30 , -0.00 || 1708758203, 17.601997046267 , 78.126604475615, 0.01 , 0.01 ,33.17 , 9.64 , 1.39 , 0.86 , 357.72
2024-02-24 12:33:23,607 :- 00101: 226 , 32.10 , -0.00 || 1708758203, 17.601997046267 , 78.126604475615, 0.01 , 0.01 ,33.17 , 9.68 , 1.37 , 0.94 , 357.70
2024-02-24 12:33:23,636 :- 00102: 229 , 31.80 , -0.00 || 1708758203, 17.601997046267 , 78.126604475615, 0.01 , 0.01 ,32.24 , 9.22 , 1.34 , 0.92 , 357.70
2024-02-24 12:33:23,667 :- 00103: 232 , 31.60 , -0.00 || 1708758203, 17.602005211172 , 78.126604250034, 0.01 , 0.01 ,32.24 , 9.64 , 1.30 , 0.96 , 357.69
2024-02-24 12:33:23,697 :- 00104: 235 , 31.30 , -0.00 || 1708758203, 17.602005211172 , 78.126604250034, 0.01 , 0.01 ,32.24 , 9.50 , 1.31 , 0.98 , 357.69
2024-02-24 12:33:23,727 :- 00105: 238 , 31.10 , -0.00 || 1708758203, 17.602005211172 , 78.126604250034, 0.01 , 0.01 ,32.24 , 9.62 , 1.26 , 0.95 , 357.68
2024-02-24 12:33:23,756 :- 00106: 241 , 30.80 , -0.00 || 1708758203, 17.602013119512 , 78.126603985177, 0.01 , 0.01 ,31.22 , 9.19 , 1.24 , 0.98 , 357.68
2024-02-24 12:33:23,786 :- 00107: 244 , 30.60 , -0.00 || 1708758203, 17.602013119512 , 78.126603985177, 0.01 , 0.01 ,31.22 , 10.20 , 1.23 , 0.96 , 357.67
2024-02-24 12:33:23,816 :- 00108: 247 , 30.30 , -0.00 || 1708758203, 17.602013119512 , 78.126603985177, 0.01 , 0.01 ,31.22 , 9.95 , 1.20 , 0.97 , 357.66
2024-02-24 12:33:23,847 :- 00109: 250 , 30.10 , -0.00 || 1708758203, 17.602020864871 , 78.126603776394, 0.01 , 0.01 ,30.58 , 9.40 , 1.11 , 1.00 , 357.65
2024-02-24 12:33:23,877 :- 00110: 253 , 29.80 , -0.00 || 1708758203, 17.602020864871 , 78.126603776394, 0.01 , 0.01 ,30.58 , 9.93 , 1.11 , 0.98 , 357.65
2024-02-24 12:33:23,907 :- 00111: 000 , 29.50 , -0.00 || 1708758203, 17.602020864871 , 78.126603776394, 0.01 , 0.01 ,30.58 , 9.65 , 1.07 , 0.99 , 357.65
2024-02-24 12:33:23,937 :- 00112: 003 , 29.20 , -0.00 || 1708758203, 17.602020864871 , 78.126603776394, 0.01 , 0.01 ,29.54 , 10.23 , 1.06 , 1.00 , 357.65
2024-02-24 12:33:23,967 :- 00113: 006 , 29.00 , -0.00 || 1708758203, 17.602028327506 , 78.126603502020, 0.01 , 0.01 ,29.54 , 9.43 , 1.01 , 0.97 , 357.65
2024-02-24 12:33:23,997 :- 00114: 009 , 28.70 , -0.00 || 1708758203, 17.602028327506 , 78.126603502020, 0.01 , 0.01 ,29.54 , 9.80 , 0.97 , 0.96 , 357.65
2024-02-24 12:33:24,026 :- 00115: 009 , 28.70 , -0.00 || 1708758203, 17.602028327506 , 78.126603502020, 0.01 , 0.01 ,29.54 , 9.80 , 0.97 , 0.96 , 357.651708758204, 17.602028327506 , 78.126603502020, 0.01 , 0.01 ,29.54 , 9.98 , 0.93 , 0.96 , 357.65
2024-02-24 12:33:24,047 :- 00116: 014 , 28.30 , -0.00 || 1708758204, 17.602035552754 , 78.126603272208, 0.01 , 0.01 ,28.59 , 9.54 , 0.88 , 0.96 , 357.64
2024-02-24 12:33:24,077 :- 00117: 017 , 28.00 , -0.00 || 1708758204, 17.602035552754 , 78.126603272208, 0.01 , 0.01 ,28.59 , 9.99 , 0.86 , 0.94 , 357.64
2024-02-24 12:33:24,107 :- 00118: 020 , 27.70 , -0.00 || 1708758204, 17.602035552754 , 78.126603272208, 0.01 , 0.01 ,28.59 , 9.53 , 0.82 , 0.93 , 357.64
2024-02-24 12:33:24,137 :- 00119: 023 , 27.40 , -0.00 || 1708758204, 17.602035552754 , 78.126603272208, 0.01 , 0.01 ,27.40 , 9.55 , 0.80 , 0.95 , 357.64
2024-02-24 12:33:24,167 :- 00120: 026 , 27.10 , -0.00 || 1708758204, 17.602042522215 , 78.126603028096, 0.01 , 0.01 ,27.40 , 9.58 , 0.74 , 0.89 , 357.63
2024-02-24 12:33:24,197 :- 00121: 029 , 26.80 , -0.00 || 1708758204, 17.602042522215 , 78.126603028096, 0.01 , 0.01 ,27.40 , 10.08 , 0.74 , 0.87 , 357.63
2024-02-24 12:33:24,227 :- 00122: 032 , 26.50 , -0.00 || 1708758204, 17.602042522215 , 78.126603028096, 0.01 , 0.01 ,27.40 , 9.52 , 0.67 , 0.85 , 357.63
2024-02-24 12:33:24,257 :- 00123: 035 , 26.20 , -0.00 || 1708758204, 17.602049236615 , 78.126602763548, 0.01 , 0.01 ,26.78 , 10.17 , 0.66 , 0.85 , 357.62
2024-02-24 12:33:24,287 :- 00124: 038 , 25.90 , -0.00 || 1708758204, 17.602049236615 , 78.126602763548, 0.01 , 0.01 ,26.78 , 10.10 , 0.64 , 0.82 , 357.61
2024-02-24 12:33:24,316 :- 00125: 041 , 25.60 , -0.00 || 1708758204, 17.602049236615 , 78.126602763548, 0.01 , 0.01 ,26.78 , 10.14 , 0.61 , 0.85 , 357.61
2024-02-24 12:33:24,347 :- 00126: 044 , 25.30 , -0.00 || 1708758204, 17.602055712266 , 78.126602584399, 0.01 , 0.01 ,25.62 , 9.79 , 0.58 , 0.89 , 357.60
2024-02-24 12:33:24,376 :- 00127: 047 , 25.00 , -0.00 || 1708758204, 17.602055712266 , 78.126602584399, 0.01 , 0.01 ,25.62 , 9.67 , 0.58 , 0.91 , 357.60
2024-02-24 12:33:24,406 :- 00128: 050 , 24.70 , -0.00 || 1708758204, 17.602055712266 , 78.126602584399, 0.01 , 0.01 ,25.62 , 9.83 , 0.61 , 0.95 , 357.60
2024-02-24 12:33:24,437 :- 00129: 053 , 24.40 , -0.00 || 1708758204, 17.602055712266 , 78.126602584399, 0.01 , 0.01 ,24.60 , 9.59 , 0.61 , 0.98 , 357.59
2024-02-24 12:33:24,466 :- 00130: 056 , 24.10 , -0.00 || 1708758204, 17.602061965878 , 78.126602349727, 0.01 , 0.01 ,24.60 , 9.75 , 0.63 , 1.00 , 357.58
2024-02-24 12:33:24,497 :- 00131: 059 , 23.80 , -0.00 || 1708758204, 17.602061965878 , 78.126602349727, 0.01 , 0.01 ,24.60 , 9.80 , 0.64 , 1.01 , 357.58
2024-02-24 12:33:24,526 :- 00132: 062 , 23.50 , -0.00 || 1708758204, 17.602061965878 , 78.126602349727, 0.01 , 0.01 ,24.60 , 9.81 , 0.63 , 1.06 , 357.57
2024-02-24 12:33:24,556 :- 00133: 065 , 23.30 , -0.00 || 1708758204, 17.602067970036 , 78.126602230196, 0.01 , 0.01 ,23.71 , 9.81 , 0.62 , 1.07 , 357.57
2024-02-24 12:33:24,587 :- 00134: 068 , 23.00 , -0.00 || 1708758204, 17.602067970036 , 78.126602230196, 0.01 , 0.01 ,23.71 , 9.53 , 0.62 , 1.10 , 357.56
2024-02-24 12:33:24,616 :- 00135: 071 , 22.80 , -0.00 || 1708758204, 17.602067970036 , 78.126602230196, 0.01 , 0.01 ,23.71 , 9.49 , 0.63 , 1.10 , 357.56
2024-02-24 12:33:24,647 :- 00136: 074 , 22.50 , -0.00 || 1708758204, 17.602073723687 , 78.126602036035, 0.01 , 0.01 ,22.59 , 9.29 , 0.62 , 1.13 , 357.56
2024-02-24 12:33:24,677 :- 00137: 077 , 22.30 , -0.00 || 1708758204, 17.602073723687 , 78.126602036035, 0.01 , 0.01 ,22.59 , 9.41 , 0.63 , 1.11 , 357.56
2024-02-24 12:33:24,706 :- 00138: 080 , 22.00 , -0.00 || 1708758204, 17.602073723687 , 78.126602036035, 0.01 , 0.01 ,22.59 , 9.50 , 0.68 , 1.08 , 357.56
2024-02-24 12:33:24,737 :- 00139: 083 , 21.80 , -0.00 || 1708758204, 17.602073723687 , 78.126602036035, 0.01 , 0.01 ,21.82 , 9.62 , 0.71 , 1.08 , 357.56
2024-02-24 12:33:24,766 :- 00140: 086 , 21.60 , -0.00 || 1708758204, 17.602079250095 , 78.126601853959, 0.01 , 0.01 ,21.82 , 9.42 , 0.78 , 0.99 , 357.56
2024-02-24 12:33:24,796 :- 00141: 089 , 21.30 , -0.00 || 1708758204, 17.602079250095 , 78.126601853959, 0.01 , 0.01 ,21.82 , 9.62 , 0.84 , 0.96 , 357.55
2024-02-24 12:33:24,826 :- 00142: 092 , 21.10 , -0.00 || 1708758204, 17.602079250095 , 78.126601853959, 0.01 , 0.01 ,21.82 , 10.03 , 0.98 , 0.88 , 357.55
2024-02-24 12:33:24,857 :- 00143: 095 , 20.90 , -0.00 || 1708758204, 17.602084573585 , 78.126601772472, 0.01 , 0.01 ,20.97 , 9.70 , 1.01 , 0.82 , 357.54
2024-02-24 12:33:24,887 :- 00144: 098 , 20.70 , -0.00 || 1708758204, 17.602084573585 , 78.126601772472, 0.01 , 0.01 ,20.97 , 9.96 , 1.02 , 0.76 , 357.53
2024-02-24 12:33:24,916 :- 00145: 101 , 20.50 , -0.00 || 1708758204, 17.602084573585 , 78.126601772472, 0.01 , 0.01 ,20.97 , 9.85 , 1.00 , 0.73 , 357.53
2024-02-24 12:33:24,946 :- 00146: 104 , 20.20 , -0.00 || 1708758204, 17.602089682140 , 78.126601678555, 0.01 , 0.01 ,20.27 , 9.92 , 0.95 , 0.72 , 357.52
2024-02-24 12:33:24,977 :- 00147: 107 , 20.00 , -0.00 || 1708758204, 17.602089682140 , 78.126601678555, 0.01 , 0.01 ,20.27 , 9.85 , 0.93 , 0.70 , 357.53
2024-02-24 12:33:25,007 :- 00148: 110 , 19.80 , -0.00 || 1708758204, 17.602089682140 , 78.126601678555, 0.01 , 0.01 ,20.27 , 10.23 , 0.92 , 0.68 , 357.53
2024-02-24 12:33:25,036 :- 00149: 113 , 19.60 , -0.00 || 1708758205, 17.602089682140 , 78.126601678555, 0.01 , 0.01 ,19.72 , 9.55 , 0.93 , 0.73 , 357.53
2024-02-24 12:33:25,066 :- 00150: 116 , 19.40 , -0.00 || 1708758205, 17.602094680437 , 78.126601421975, 0.01 , 0.01 ,19.72 , 10.06 , 0.92 , 0.73 , 357.53
2024-02-24 12:33:25,097 :- 00151: 119 , 19.10 , -0.00 || 1708758205, 17.602094680437 , 78.126601421975, 0.01 , 0.01 ,19.72 , 10.11 , 0.92 , 0.77 , 357.52
2024-02-24 12:33:25,126 :- 00152: 122 , 18.90 , -0.00 || 1708758205, 17.602094680437 , 78.126601421975, 0.01 , 0.01 ,19.12 , 9.99 , 0.91 , 0.87 , 357.51
2024-02-24 12:33:25,156 :- 00153: 125 , 18.70 , -0.00 || 1708758205, 17.602099519188 , 78.126601257063, 0.01 , 0.01 ,19.12 , 9.56 , 0.90 , 0.90 , 357.50
2024-02-24 12:33:25,186 :- 00154: 128 , 18.50 , -0.00 || 1708758205, 17.602099519188 , 78.126601257063, 0.01 , 0.01 ,19.12 , 10.21 , 0.92 , 0.95 , 357.49
2024-02-24 12:33:25,216 :- 00155: 131 , 18.30 , -0.00 || 1708758205, 17.602099519188 , 78.126601257063, 0.01 , 0.01 ,19.12 , 10.17 , 0.94 , 0.99 , 357.48
2024-02-24 12:33:25,246 :- 00156: 134 , 18.10 , -0.00 || 1708758205, 17.602104187656 , 78.126601130048, 0.01 , 0.01 ,18.41 , 9.68 , 0.98 , 1.04 , 357.46
2024-02-24 12:33:25,276 :- 00157: 137 , 17.90 , -0.00 || 1708758205, 17.602104187656 , 78.126601130048, 0.01 , 0.01 ,18.41 , 9.73 , 1.00 , 1.05 , 357.45
2024-02-24 12:33:25,306 :- 00158: 137 , 17.90 , -0.00 || 1708758205, 17.602104187656 , 78.126601130048, 0.01 , 0.01 ,18.41 , 9.73 , 1.00 , 1.05 , 357.451708758205, 17.602104187656 , 78.126601130048, 0.01 , 0.01 ,18.41 , 9.82 , 1.06 , 1.06 , 357.43
2024-02-24 12:33:25,326 :- 00159: 142 , 17.60 , -0.00 || 1708758205, 17.602104187656 , 78.126601130048, 0.01 , 0.01 ,18.41 , 9.46 , 1.07 , 1.09 , 357.43
2024-02-24 12:33:25,356 :- 00160: 145 , 17.40 , -0.00 || 1708758205, 17.602108613884 , 78.126601054420, 0.01 , 0.01 ,17.45 , 9.20 , 1.09 , 1.18 , 357.38
2024-02-24 12:33:25,387 :- 00161: 148 , 17.20 , -0.00 || 1708758205, 17.602108613884 , 78.126601054420, 0.01 , 0.01 ,17.45 , 7.33 , 0.91 , 0.42 , 357.41
2024-02-24 12:33:25,416 :- 00162: 151 , 17.00 , -0.00 || 1708758205, 17.602108613884 , 78.126601054420, 0.01 , 0.01 ,17.45 , 9.64 , 1.08 , 0.16 , 357.42
2024-02-24 12:33:25,446 :- 00163: 154 , 16.80 , -0.00 || 1708758205, 17.602112685677 , 78.126600899986, 0.01 , 0.01 ,15.74 , 11.80 , 0.99 , 0.41 , 357.42
2024-02-24 12:33:25,477 :- 00164: 157 , 16.80 , -0.00 || 1708758205, 17.602112685677 , 78.126600899986, 0.01 , 0.01 ,15.74 , 10.23 , 1.05 , -0.05 , 357.46
2024-02-24 12:33:25,506 :- 00165: 160 , 16.60 , -0.00 || 1708758205, 17.602112685677 , 78.126600899986, 0.01 , 0.01 ,15.74 , 7.80 , 0.93 , -0.14 , 357.47
2024-02-24 12:33:25,536 :- 00166: 163 , 16.50 , -0.00 || 1708758205, 17.602112685677 , 78.126600899986, 0.01 , 0.01 ,16.51 , 9.20 , 0.94 , 0.08 , 357.48
2024-02-24 12:33:25,566 :- 00167: 166 , 16.30 , -0.00 || 1708758205, 17.602116735192 , 78.126600728788, 0.01 , 0.01 ,16.51 , 11.60 , 1.06 , -0.17 , 357.47
2024-02-24 12:33:25,596 :- 00168: 169 , 16.20 , -0.00 || 1708758205, 17.602116735192 , 78.126600728788, 0.01 , 0.01 ,16.51 , 7.42 , 0.99 , -0.19 , 357.47
2024-02-24 12:33:25,626 :- 00169: 172 , 16.10 , -0.00 || 1708758205, 17.602116735192 , 78.126600728788, 0.01 , 0.01 ,16.69 , 10.26 , 0.92 , 0.06 , 357.45
2024-02-24 12:33:25,656 :- 00170: 175 , 16.00 , -0.00 || 1708758205, 17.602120901804 , 78.126600597907, 0.01 , 0.01 ,16.69 , 10.11 , 0.98 , 0.11 , 357.45
2024-02-24 12:33:25,686 :- 00171: 178 , 15.90 , -0.00 || 1708758205, 17.602120901804 , 78.126600597907, 0.01 , 0.01 ,16.69 , 9.03 , 0.98 , 0.09 , 357.45
2024-02-24 12:33:25,716 :- 00172: 181 , 15.80 , -0.00 || 1708758205, 17.602120901804 , 78.126600597907, 0.01 , 0.01 ,16.69 , 10.06 , 0.95 , 0.17 , 357.45
2024-02-24 12:33:25,746 :- 00173: 184 , 15.70 , -0.00 || 1708758205, 17.602125051329 , 78.126600481067, 0.01 , 0.01 ,16.46 , 10.11 , 0.99 , 0.30 , 357.45
2024-02-24 12:33:25,776 :- 00174: 187 , 15.70 , -0.00 || 1708758205, 17.602125051329 , 78.126600481067, 0.01 , 0.01 ,16.46 , 11.26 , 1.00 , 0.39 , 357.45
2024-02-24 12:33:25,806 :- 00175: 190 , 15.70 , -0.00 || 1708758205, 17.602125051329 , 78.126600481067, 0.01 , 0.01 ,16.46 , 9.76 , 0.95 , 0.33 , 357.44
2024-02-24 12:33:25,836 :- 00176: 193 , 15.60 , -0.00 || 1708758205, 17.602125051329 , 78.126600481067, 0.01 , 0.01 ,16.14 , 10.92 , 0.96 , 0.40 , 357.43
2024-02-24 12:33:25,866 :- 00177: 196 , 15.30 , -0.00 || 1708758205, 17.602129119672 , 78.126600334421, 0.01 , 0.01 ,16.14 , 11.78 , 0.97 , 0.58 , 357.42
2024-02-24 12:33:25,896 :- 00178: 199 , 15.30 , -0.00 || 1708758205, 17.602129119672 , 78.126600334421, 0.01 , 0.01 ,16.14 , 23.91 , 1.21 , 0.71 , 357.40
2024-02-24 12:33:25,926 :- 00179: 202 , 15.40 , 00.00 || 1708758205, 17.602129119672 , 78.126600334421, 0.01 , 0.01 ,15.98 , 13.89 , 1.26 , 0.71 , 357.40
2024-02-24 12:33:25,956 :- 00180: 205 , 16.40 , 00.00 || 1708758205, 17.602133129262 , 78.126600197046, 0.01 , 0.01 ,15.98 , 0.74 , 0.85 , 1.19 , 357.40
2024-02-24 12:33:25,986 :- 00181: 208 , 16.60 , 00.00 || 1708758205, 17.602133129262 , 78.126600197046, 0.01 , 0.01 ,15.98 , -0.60 , 0.01 , 1.67 , 357.31
2024-02-24 12:33:26,016 :- 00182: 211 , 15.90 , 00.00 || 1708758205, 17.602133129262 , 78.126600197046, 0.01 , 0.01 ,15.98 , 1.66 , 0.22 , 1.54 , 357.31
2024-02-24 12:33:26,046 :- 00183: 214 , 16.00 , 00.00 || 1708758206, 17.602137143980 , 78.126600078798, 0.01 , 0.01 ,15.38 , 14.81 , 1.27 , 1.24 , 357.24
2024-02-24 12:33:26,076 :- 00184: 217 , 15.60 , 00.00 || 1708758206, 17.602137143980 , 78.126600078798, 0.01 , 0.01 ,15.38 , 9.46 , 0.99 , 0.50 , 357.29
2024-02-24 12:33:26,106 :- 00185: 220 , 15.50 , 00.00 || 1708758206, 17.602137143980 , 78.126600078798, 0.01 , 0.01 ,15.38 , 3.60 , 0.84 , 1.27 , 357.26
2024-02-24 12:33:26,136 :- 00186: 223 , 15.30 , 00.00 || 1708758206, 17.602137143980 , 78.126600078798, 0.01 , 0.01 ,14.85 , 12.51 , 1.05 , 0.96 , 357.24
2024-02-24 12:33:26,166 :- 00187: 226 , 15.20 , 00.00 || 1708758206, 17.602140908544 , 78.126599986372, 0.01 , 0.01 ,14.85 , 7.34 , 0.95 , 0.38 , 357.26
2024-02-24 12:33:26,196 :- 00188: 229 , 15.10 , 00.00 || 1708758206, 17.602140908544 , 78.126599986372, 0.01 , 0.01 ,14.85 , 9.03 , 0.90 , 0.55 , 357.26
2024-02-24 12:33:26,226 :- 00189: 232 , 14.90 , 00.10 || 1708758206, 17.602140908544 , 78.126599986372, 0.01 , 0.01 ,14.85 , 10.96 , 1.05 , 0.21 , 357.26
2024-02-24 12:33:26,256 :- 00190: 235 , 14.80 , 00.10 || 1708758206, 17.602144658054 , 78.126599882570, 0.01 , 0.01 ,14.96 , 9.04 , 1.09 , 0.11 , 357.26
2024-02-24 12:33:26,286 :- 00191: 238 , 14.80 , 00.10 || 1708758206, 17.602144658054 , 78.126599882570, 0.01 , 0.01 ,14.96 , 12.09 , 1.16 , 0.01 , 357.25
2024-02-24 12:33:26,316 :- 00192: 241 , 14.70 , 00.10 || 1708758206, 17.602144658054 , 78.126599882570, 0.01 , 0.01 ,14.96 , 11.42 , 1.15 , 0.02 , 357.26
2024-02-24 12:33:26,346 :- 00193: 244 , 14.60 , 00.10 || 1708758206, 17.602144658054 , 78.126599882570, 0.01 , 0.01 ,15.11 , 13.01 , 1.25 , -0.05 , 357.25
2024-02-24 12:33:26,376 :- 00194: 247 , 14.60 , 00.10 || 1708758206, 17.602148436339 , 78.126599784972, 0.01 , 0.01 ,15.11 , 12.60 , 1.24 , -0.02 , 357.24
2024-02-24 12:33:26,406 :- 00195: 250 , 14.70 , 00.10 || 1708758206, 17.602148436339 , 78.126599784972, 0.01 , 0.01 ,15.11 , 11.27 , 1.16 , 0.16 , 357.23
2024-02-24 12:33:26,436 :- 00196: 253 , 14.70 , 00.10 || 1708758206, 17.602148436339 , 78.126599784972, 0.01 , 0.01 ,15.27 , 11.45 , 1.15 , 0.25 , 357.24
2024-02-24 12:33:26,466 :- 00197: 000 , 14.70 , 00.00 || 1708758206, 17.602152264678 , 78.126599646144, 0.01 , 0.01 ,15.27 , 10.57 , 1.14 , 0.36 , 357.23
2024-02-24 12:33:26,496 :- 00198: 003 , 14.70 , 00.00 || 1708758206, 17.602152264678 , 78.126599646144, 0.01 , 0.01 ,15.27 , 9.88 , 1.13 , 0.43 , 357.22
2024-02-24 12:33:26,526 :- 00199: 006 , 14.70 , 00.00 || 1708758206, 17.602152264678 , 78.126599646144, 0.01 , 0.01 ,15.27 , 9.21 , 1.13 , 0.62 , 357.23
2024-02-24 12:33:26,556 :- 00200: 009 , 14.70 , 00.00 || 1708758206, 17.602156099923 , 78.126599520771, 0.01 , 0.01 ,15.21 , 9.54 , 1.16 , 0.66 , 357.23
2024-02-24 12:33:26,586 :- 00201: 009 , 14.70 , 00.00 || 1708758206, 17.602156099923 , 78.126599520771, 0.01 , 0.01 ,15.21 , 9.54 , 1.16 , 0.66 , 357.231708758206, 17.602156099923 , 78.126599520771, 0.01 , 0.01 ,15.21 , 8.56 , 1.16 , 0.66 , 357.21
2024-02-24 12:33:26,606 :- 00202: 014 , 14.80 , 00.00 || 1708758206, 17.602156099923 , 78.126599520771, 0.01 , 0.01 ,15.21 , 8.33 , 1.15 , 0.67 , 357.21
2024-02-24 12:33:26,636 :- 00203: 017 , 14.70 , 00.00 || 1708758206, 17.602156099923 , 78.126599520771, 0.01 , 0.01 ,14.84 , 8.86 , 1.16 , 0.70 , 357.20
2024-02-24 12:33:26,666 :- 00204: 020 , 14.70 , 00.00 || 1708758206, 17.602159846952 , 78.126599387189, 0.01 , 0.01 ,14.84 , 8.69 , 1.18 , 0.68 , 357.19
2024-02-24 12:33:26,697 :- 00205: 023 , 14.60 , 00.00 || 1708758206, 17.602159846952 , 78.126599387189, 0.01 , 0.01 ,14.84 , 8.85 , 1.18 , 0.57 , 357.18
2024-02-24 12:33:26,726 :- 00206: 026 , 14.60 , 00.00 || 1708758206, 17.602159846952 , 78.126599387189, 0.01 , 0.01 ,14.51 , 8.64 , 1.18 , 0.56 , 357.18
2024-02-24 12:33:26,756 :- 00207: 029 , 14.50 , 00.00 || 1708758206, 17.602163514936 , 78.126599273423, 0.01 , 0.01 ,14.51 , 9.09 , 1.19 , 0.53 , 357.18
2024-02-24 12:33:26,786 :- 00208: 032 , 14.50 , 00.00 || 1708758206, 17.602163514936 , 78.126599273423, 0.01 , 0.01 ,14.51 , 9.29 , 1.17 , 0.42 , 357.17
2024-02-24 12:33:26,816 :- 00209: 035 , 14.40 , 00.00 || 1708758206, 17.602163514936 , 78.126599273423, 0.01 , 0.01 ,14.51 , 9.57 , 1.16 , 0.36 , 357.17
2024-02-24 12:33:26,846 :- 00210: 038 , 14.30 , 00.00 || 1708758206, 17.602167149641 , 78.126599137257, 0.01 , 0.01 ,14.49 , 9.98 , 1.16 , 0.33 , 357.16
2024-02-24 12:33:26,876 :- 00211: 041 , 14.30 , 00.00 || 1708758206, 17.602167149641 , 78.126599137257, 0.01 , 0.01 ,14.49 , 10.18 , 1.17 , 0.31 , 357.16
2024-02-24 12:33:26,906 :- 00212: 044 , 14.20 , 00.00 || 1708758206, 17.602167149641 , 78.126599137257, 0.01 , 0.01 ,14.49 , 10.05 , 1.18 , 0.26 , 357.15
2024-02-24 12:33:26,937 :- 00213: 047 , 14.20 , 00.00 || 1708758206, 17.602170794986 , 78.126598982842, 0.01 , 0.01 ,14.53 , 10.75 , 1.21 , 0.28 , 357.14
2024-02-24 12:33:26,966 :- 00214: 050 , 14.10 , 00.00 || 1708758206, 17.602170794986 , 78.126598982842, 0.01 , 0.01 ,14.53 , 10.68 , 1.21 , 0.31 , 357.14
2024-02-24 12:33:26,996 :- 00215: 053 , 14.10 , 00.00 || 1708758206, 17.602170794986 , 78.126598982842, 0.01 , 0.01 ,14.53 , 10.78 , 1.21 , 0.32 , 357.14
2024-02-24 12:33:27,026 :- 00216: 056 , 14.10 , 00.00 || 1708758207, 17.602170794986 , 78.126598982842, 0.01 , 0.01 ,14.55 , 10.27 , 1.20 , 0.38 , 357.13
2024-02-24 12:33:27,056 :- 00217: 059 , 14.10 , 00.00 || 1708758207, 17.602174459080 , 78.126598878473, 0.01 , 0.01 ,14.55 , 10.51 , 1.22 , 0.43 , 357.13
2024-02-24 12:33:27,086 :- 00218: 062 , 14.10 , 00.00 || 1708758207, 17.602174459080 , 78.126598878473, 0.01 , 0.01 ,14.55 , 10.24 , 1.21 , 0.49 , 357.12
2024-02-24 12:33:27,116 :- 00219: 065 , 14.10 , 00.00 || 1708758207, 17.602174459080 , 78.126598878473, 0.01 , 0.01 ,14.55 , 9.85 , 1.20 , 0.52 , 357.11
2024-02-24 12:33:27,146 :- 00220: 068 , 14.10 , 00.00 || 1708758207, 17.602178106754 , 78.126598730158, 0.01 , 0.01 ,14.49 , 9.63 , 1.17 , 0.57 , 357.10
2024-02-24 12:33:27,176 :- 00221: 071 , 14.10 , 00.00 || 1708758207, 17.602178106754 , 78.126598730158, 0.01 , 0.01 ,14.49 , 9.52 , 1.16 , 0.58 , 357.09
2024-02-24 12:33:27,206 :- 00222: 074 , 14.10 , 00.00 || 1708758207, 17.602178106754 , 78.126598730158, 0.01 , 0.01 ,14.49 , 9.54 , 1.13 , 0.57 , 357.07
2024-02-24 12:33:27,237 :- 00223: 077 , 14.10 , 00.00 || 1708758207, 17.602181690716 , 78.126598593295, 0.01 , 0.01 ,14.26 , 9.20 , 1.12 , 0.56 , 357.06
2024-02-24 12:33:27,266 :- 00224: 080 , 14.10 , 00.00 || 1708758207, 17.602181690716 , 78.126598593295, 0.01 , 0.01 ,14.26 , 9.66 , 1.12 , 0.54 , 357.06
2024-02-24 12:33:27,296 :- 00225: 083 , 14.00 , 00.00 || 1708758207, 17.602181690716 , 78.126598593295, 0.01 , 0.01 ,14.26 , 9.46 , 1.12 , 0.53 , 357.05
2024-02-24 12:33:27,326 :- 00226: 086 , 14.00 , 00.00 || 1708758207, 17.602181690716 , 78.126598593295, 0.01 , 0.01 ,14.26 , 9.63 , 1.10 , 0.51 , 357.05
2024-02-24 12:33:27,356 :- 00227: 089 , 13.90 , 00.00 || 1708758207, 17.602185236955 , 78.126598436249, 0.01 , 0.01 ,14.15 , 9.39 , 1.07 , 0.50 , 357.05
2024-02-24 12:33:27,386 :- 00228: 092 , 13.90 , 00.00 || 1708758207, 17.602185236955 , 78.126598436249, 0.01 , 0.01 ,14.15 , 9.60 , 1.03 , 0.48 , 357.06
2024-02-24 12:33:27,416 :- 00229: 095 , 13.90 , 00.00 || 1708758207, 17.602185236955 , 78.126598436249, 0.01 , 0.01 ,14.15 , 9.57 , 1.01 , 0.48 , 357.06
2024-02-24 12:33:27,446 :- 00230: 098 , 13.80 , 00.00 || 1708758207, 17.602188776830 , 78.126598281293, 0.01 , 0.01 ,14.11 , 9.45 , 0.98 , 0.45 , 357.06
2024-02-24 12:33:27,476 :- 00231: 101 , 13.80 , 00.00 || 1708758207, 17.602188776830 , 78.126598281293, 0.01 , 0.01 ,14.11 , 9.71 , 0.99 , 0.45 , 357.06
2024-02-24 12:33:27,506 :- 00232: 104 , 13.80 , 00.00 || 1708758207, 17.602188776830 , 78.126598281293, 0.01 , 0.01 ,14.11 , 9.88 , 0.99 , 0.43 , 357.06
2024-02-24 12:33:27,537 :- 00233: 107 , 13.70 , 00.00 || 1708758207, 17.602192288202 , 78.126598134283, 0.01 , 0.01 ,13.98 , 9.63 , 0.95 , 0.41 , 357.04
2024-02-24 12:33:27,566 :- 00234: 110 , 13.70 , 00.00 || 1708758207, 17.602192288202 , 78.126598134283, 0.01 , 0.01 ,13.98 , 9.84 , 0.94 , 0.39 , 357.03
2024-02-24 12:33:27,596 :- 00235: 113 , 13.70 , 00.00 || 1708758207, 17.602192288202 , 78.126598134283, 0.01 , 0.01 ,13.98 , 9.86 , 0.92 , 0.36 , 357.02
2024-02-24 12:33:27,627 :- 00236: 116 , 13.70 , 00.00 || 1708758207, 17.602192288202 , 78.126598134283, 0.01 , 0.01 ,13.98 , 10.17 , 0.92 , 0.33 , 357.01
2024-02-24 12:33:27,656 :- 00237: 119 , 13.60 , 00.00 || 1708758207, 17.602195769739 , 78.126597991465, 0.01 , 0.01 ,13.81 , 10.13 , 0.91 , 0.31 , 357.00
2024-02-24 12:33:27,686 :- 00238: 122 , 13.60 , 00.00 || 1708758207, 17.602195769739 , 78.126597991465, 0.01 , 0.01 ,13.81 , 10.56 , 0.90 , 0.28 , 356.99
2024-02-24 12:33:27,716 :- 00239: 125 , 13.60 , 00.00 || 1708758207, 17.602195769739 , 78.126597991465, 0.01 , 0.01 ,13.81 , 10.54 , 0.89 , 0.28 , 356.99
2024-02-24 12:33:27,746 :- 00240: 128 , 13.60 , 00.00 || 1708758207, 17.602199231449 , 78.126597847246, 0.01 , 0.01 ,13.80 , 10.22 , 0.86 , 0.29 , 356.99
2024-02-24 12:33:27,776 :- 00241: 131 , 13.50 , 00.00 || 1708758207, 17.602199231449 , 78.126597847246, 0.01 , 0.01 ,13.80 , 10.12 , 0.86 , 0.30 , 356.99
2024-02-24 12:33:27,806 :- 00242: 134 , 13.50 , 00.00 || 1708758207, 17.602199231449 , 78.126597847246, 0.01 , 0.01 ,13.80 , 9.90 , 0.83 , 0.34 , 356.99
2024-02-24 12:33:27,836 :- 00243: 137 , 13.50 , 00.00 || 1708758207, 17.602199231449 , 78.126597847246, 0.01 , 0.01 ,13.82 , 9.42 , 0.81 , 0.36 , 356.99
2024-02-24 12:33:27,866 :- 00244: 137 , 13.50 , 00.00 || 1708758207, 17.602199231449 , 78.126597847246, 0.01 , 0.01 ,13.82 , 9.42 , 0.81 , 0.36 , 356.991708758207, 17.602202703285 , 78.126597693195, 0.01 , 0.01 ,13.82 , 9.74 , 0.77 , 0.37 , 356.99
2024-02-24 12:33:27,886 :- 00245: 142 , 13.50 , 00.00 || 1708758207, 17.602202703285 , 78.126597693195, 0.01 , 0.01 ,13.82 , 9.67 , 0.76 , 0.38 , 356.99
2024-02-24 12:33:27,916 :- 00246: 145 , 13.50 , 00.00 || 1708758207, 17.602202703285 , 78.126597693195, 0.01 , 0.01 ,13.82 , 9.19 , 0.74 , 0.39 , 356.99
2024-02-24 12:33:27,946 :- 00247: 148 , 13.40 , 00.00 || 1708758207, 17.602206121384 , 78.126597531673, 0.01 , 0.01 ,13.60 , 9.18 , 0.69 , 0.37 , 356.97
2024-02-24 12:33:27,976 :- 00248: 151 , 13.40 , 00.00 || 1708758207, 17.602206121384 , 78.126597531673, 0.01 , 0.01 ,13.60 , 9.42 , 0.69 , 0.36 , 356.97
2024-02-24 12:33:28,006 :- 00249: 154 , 13.40 , 00.00 || 1708758207, 17.602206121384 , 78.126597531673, 0.01 , 0.01 ,13.60 , 9.08 , 0.66 , 0.28 , 356.96
2024-02-24 12:33:28,036 :- 00250: 157 , 13.40 , 00.00 || 1708758208, 17.602206121384 , 78.126597531673, 0.01 , 0.01 ,13.57 , 9.19 , 0.65 , 0.26 , 356.96
2024-02-24 12:33:28,066 :- 00251: 160 , 13.40 , 00.00 || 1708758208, 17.602209519431 , 78.126597379679, 0.01 , 0.01 ,13.57 , 9.41 , 0.64 , 0.15 , 356.94
2024-02-24 12:33:28,096 :- 00252: 163 , 13.40 , 00.00 || 1708758208, 17.602209519431 , 78.126597379679, 0.01 , 0.01 ,13.57 , 9.78 , 0.65 , 0.11 , 356.94
2024-02-24 12:33:28,126 :- 00253: 166 , 13.40 , 00.00 || 1708758208, 17.602209519431 , 78.126597379679, 0.01 , 0.01 ,13.57 , 9.97 , 0.64 , -0.00 , 356.93
2024-02-24 12:33:28,157 :- 00254: 169 , 13.40 , 00.00 || 1708758208, 17.602212920037 , 78.126597223883, 0.01 , 0.01 ,13.59 , 10.26 , 0.65 , -0.07 , 356.93
2024-02-24 12:33:28,186 :- 00255: 172 , 13.40 , 00.00 || 1708758208, 17.602212920037 , 78.126597223883, 0.01 , 0.01 ,13.59 , 10.79 , 0.66 , -0.11 , 356.93
2024-02-24 12:33:28,216 :- 00256: 175 , 13.50 , 00.00 || 1708758208, 17.602212920037 , 78.126597223883, 0.01 , 0.01 ,13.59 , 10.55 , 0.65 , -0.15 , 356.93
2024-02-24 12:33:28,246 :- 00257: 178 , 13.50 , 00.00 || 1708758208, 17.602216379870 , 78.126597098036, 0.01 , 0.01 ,13.81 , 10.58 , 0.66 , -0.16 , 356.92
2024-02-24 12:33:28,276 :- 00258: 181 , 13.60 , 00.00 || 1708758208, 17.602216379870 , 78.126597098036, 0.01 , 0.01 ,13.81 , 10.90 , 0.68 , -0.15 , 356.92
2024-02-24 12:33:28,306 :- 00259: 184 , 13.60 , 00.00 || 1708758208, 17.602216379870 , 78.126597098036, 0.01 , 0.01 ,13.81 , 10.24 , 0.70 , -0.12 , 356.93
2024-02-24 12:33:28,336 :- 00260: 187 , 13.70 , 00.00 || 1708758208, 17.602216379870 , 78.126597098036, 0.01 , 0.01 ,13.81 , 9.98 , 0.71 , -0.12 , 356.93
2024-02-24 12:33:28,366 :- 00261: 190 , 13.80 , 00.00 || 1708758208, 17.602219971897 , 78.126597113201, 0.00 , 0.01 ,14.14 , 10.09 , 0.75 , -0.02 , 356.92
2024-02-24 12:33:28,396 :- 00262: 193 , 13.80 , 00.00 || 1708758208, 17.602219971897 , 78.126597113201, 0.00 , 0.01 ,14.14 , 9.98 , 0.77 , 0.00 , 356.92
2024-02-24 12:33:28,426 :- 00263: 196 , 13.80 , 00.00 || 1708758208, 17.602219971897 , 78.126597113201, 0.00 , 0.01 ,14.14 , 9.40 , 0.80 , 0.05 , 356.91
2024-02-24 12:33:28,456 :- 00264: 199 , 13.90 , 00.00 || 1708758208, 17.602223558036 , 78.126596996987, 0.01 , 0.01 ,14.33 , 9.27 , 0.82 , 0.08 , 356.91
2024-02-24 12:33:28,486 :- 00265: 202 , 13.90 , 00.00 || 1708758208, 17.602223558036 , 78.126596996987, 0.01 , 0.01 ,14.33 , 9.72 , 0.87 , 0.13 , 356.90
2024-02-24 12:33:28,516 :- 00266: 205 , 13.90 , 00.00 || 1708758208, 17.602223558036 , 78.126596996987, 0.01 , 0.01 ,14.33 , 9.17 , 0.89 , 0.14 , 356.90
2024-02-24 12:33:28,546 :- 00267: 208 , 13.90 , 00.00 || 1708758208, 17.602227132030 , 78.126596871342, 0.01 , 0.01 ,14.24 , 8.96 , 0.89 , 0.14 , 356.90
2024-02-24 12:33:28,576 :- 00268: 211 , 13.90 , 00.00 || 1708758208, 17.602227132030 , 78.126596871342, 0.01 , 0.01 ,14.24 , 9.37 , 0.89 , 0.16 , 356.89
2024-02-24 12:33:28,616 :- 00269: 215 , 14.00 , 00.00 || 1708758208, 17.602227132030 , 78.126596871342, 0.01 , 0.01 ,14.24 , 9.49 , 0.87 , 0.15 , 356.90
2024-02-24 12:33:28,646 :- 00270: 218 , 14.00 , -0.00 || 1708758208, 17.602230729297 , 78.126596713002, 0.01 , 0.01 ,14.40 , 9.50 , 0.83 , 0.14 , 356.90
2024-02-24 12:33:28,676 :- 00271: 221 , 14.00 , -0.00 || 1708758208, 17.602230729297 , 78.126596713002, 0.01 , 0.01 ,14.40 , 9.91 , 0.81 , 0.13 , 356.90
2024-02-24 12:33:28,706 :- 00272: 224 , 14.00 , -0.10 || 1708758208, 17.602230729297 , 78.126596713002, 0.01 , 0.01 ,14.40 , 9.86 , 0.76 , 0.14 , 356.89
2024-02-24 12:33:28,736 :- 00273: 227 , 14.00 , -0.10 || 1708758208, 17.602230729297 , 78.126596713002, 0.01 , 0.01 ,14.45 , 9.90 , 0.74 , 0.13 , 356.89
2024-02-24 12:33:28,766 :- 00274: 230 , 14.10 , -0.10 || 1708758208, 17.602234354861 , 78.126596517524, 0.01 , 0.01 ,14.45 , 10.19 , 0.71 , 0.15 , 356.89
2024-02-24 12:33:28,797 :- 00275: 233 , 14.10 , -0.10 || 1708758208, 17.602234354861 , 78.126596517524, 0.01 , 0.01 ,14.45 , 10.19 , 0.66 , 0.14 , 356.89
2024-02-24 12:33:28,826 :- 00276: 236 , 14.10 , -0.10 || 1708758208, 17.602234354861 , 78.126596517524, 0.01 , 0.01 ,14.45 , 10.30 , 0.65 , 0.16 , 356.89
2024-02-24 12:33:28,856 :- 00277: 239 , 14.20 , -0.10 || 1708758208, 17.602238013220 , 78.126596328864, 0.01 , 0.01 ,14.62 , 10.43 , 0.65 , 0.18 , 356.89
2024-02-24 12:33:28,886 :- 00278: 242 , 14.20 , -0.10 || 1708758208, 17.602238013220 , 78.126596328864, 0.01 , 0.01 ,14.62 , 10.32 , 0.63 , 0.20 , 356.89
2024-02-24 12:33:28,916 :- 00279: 245 , 14.30 , -0.10 || 1708758208, 17.602238013220 , 78.126596328864, 0.01 , 0.01 ,14.62 , 10.07 , 0.63 , 0.22 , 356.89
2024-02-24 12:33:28,946 :- 00280: 248 , 14.30 , -0.10 || 1708758208, 17.602241714429 , 78.126596171283, 0.01 , 0.01 ,14.80 , 10.07 , 0.65 , 0.26 , 356.89
2024-02-24 12:33:28,976 :- 00281: 251 , 14.40 , -0.10 || 1708758208, 17.602241714429 , 78.126596171283, 0.01 , 0.01 ,14.80 , 9.87 , 0.67 , 0.29 , 356.89
2024-02-24 12:33:29,006 :- 00282: 254 , 14.40 , -0.10 || 1708758208, 17.602241714429 , 78.126596171283, 0.01 , 0.01 ,14.80 , 9.63 , 0.70 , 0.33 , 356.88
2024-02-24 12:33:29,036 :- 00283: 001 , 14.50 , -0.10 || 1708758209, 17.602241714429 , 78.126596171283, 0.01 , 0.01 ,14.95 , 9.63 , 0.73 , 0.34 , 356.88
2024-02-24 12:33:29,066 :- 00284: 004 , 14.50 , -0.10 || 1708758209, 17.602245454676 , 78.126596037479, 0.01 , 0.01 ,14.95 , 9.43 , 0.78 , 0.40 , 356.87
2024-02-24 12:33:29,096 :- 00285: 007 , 14.50 , -0.10 || 1708758209, 17.602245454676 , 78.126596037479, 0.01 , 0.01 ,14.95 , 9.34 , 0.85 , 0.41 , 356.86
2024-02-24 12:33:29,126 :- 00286: 010 , 14.60 , -0.10 || 1708758209, 17.602245454676 , 78.126596037479, 0.01 , 0.01 ,14.99 , 9.23 , 0.88 , 0.43 , 356.86
2024-02-24 12:33:29,156 :- 00287: 013 , 14.60 , -0.10 || 1708758209, 17.602249217835 , 78.126595949305, 0.01 , 0.01 ,14.99 , 9.20 , 0.92 , 0.42 , 356.86
2024-02-24 12:33:29,186 :- 00288: 016 , 14.70 , -0.10 || 1708758209, 17.602249217835 , 78.126595949305, 0.01 , 0.01 ,14.99 , 9.30 , 0.98 , 0.40 , 356.87
2024-02-24 12:33:29,216 :- 00289: 019 , 14.70 , -0.10 || 1708758209, 17.602249217835 , 78.126595949305, 0.01 , 0.01 ,14.99 , 9.48 , 1.01 , 0.39 , 356.88
2024-02-24 12:33:29,246 :- 00290: 022 , 14.70 , -0.10 || 1708758209, 17.602252990752 , 78.126595846818, 0.01 , 0.01 ,15.03 , 9.41 , 1.03 , 0.32 , 356.90
2024-02-24 12:33:29,276 :- 00291: 025 , 14.80 , -0.10 || 1708758209, 17.602252990752 , 78.126595846818, 0.01 , 0.01 ,15.03 , 9.49 , 1.05 , 0.31 , 356.91
2024-02-24 12:33:29,306 :- 00292: 028 , 14.80 , -0.10 || 1708758209, 17.602252990752 , 78.126595846818, 0.01 , 0.01 ,15.03 , 9.82 , 1.05 , 0.24 , 356.93
2024-02-24 12:33:29,336 :- 00293: 031 , 14.80 , -0.10 || 1708758209, 17.602252990752 , 78.126595846818, 0.01 , 0.01 ,15.03 , 9.90 , 1.05 , 0.22 , 356.93
2024-02-24 12:33:29,366 :- 00294: 034 , 14.80 , -0.10 || 1708758209, 17.602256774722 , 78.126595679523, 0.01 , 0.01 ,15.11 , 10.28 , 1.05 , 0.14 , 356.94
2024-02-24 12:33:29,396 :- 00295: 037 , 14.90 , -0.10 || 1708758209, 17.602256774722 , 78.126595679523, 0.01 , 0.01 ,15.11 , 10.38 , 1.06 , 0.12 , 356.94
2024-02-24 12:33:29,426 :- 00296: 040 , 14.90 , -0.10 || 1708758209, 17.602256774722 , 78.126595679523, 0.01 , 0.01 ,15.11 , 10.18 , 1.04 , 0.09 , 356.93
2024-02-24 12:33:29,456 :- 00297: 043 , 15.00 , -0.10 || 1708758209, 17.602260597602 , 78.126595506296, 0.01 , 0.01 ,15.32 , 10.29 , 1.03 , 0.07 , 356.93
2024-02-24 12:33:29,486 :- 00298: 046 , 15.00 , -0.10 || 1708758209, 17.602260597602 , 78.126595506296, 0.01 , 0.01 ,15.32 , 10.31 , 1.00 , 0.08 , 356.92
2024-02-24 12:33:29,516 :- 00299: 049 , 15.10 , -0.10 || 1708758209, 17.602260597602 , 78.126595506296, 0.01 , 0.01 ,15.32 , 10.06 , 0.99 , 0.08 , 356.92
2024-02-24 12:33:29,546 :- 00300: 052 , 15.10 , -0.10 || 1708758209, 17.602264481286 , 78.126595348344, 0.01 , 0.01 ,15.59 , 9.84 , 0.99 , 0.09 , 356.93
2024-02-24 12:33:29,577 :- 00301: 055 , 15.20 , -0.10 || 1708758209, 17.602264481286 , 78.126595348344, 0.01 , 0.01 ,15.59 , 9.99 , 1.01 , 0.11 , 356.94
2024-02-24 12:33:29,606 :- 00302: 058 , 15.20 , -0.10 || 1708758209, 17.602264481286 , 78.126595348344, 0.01 , 0.01 ,15.59 , 9.67 , 1.00 , 0.12 , 356.94
2024-02-24 12:33:29,636 :- 00303: 061 , 15.30 , -0.10 || 1708758209, 17.602264481286 , 78.126595348344, 0.01 , 0.01 ,15.74 , 9.56 , 0.99 , 0.14 , 356.95
2024-02-24 12:33:29,666 :- 00304: 064 , 15.30 , -0.10 || 1708758209, 17.602268418640 , 78.126595184859, 0.01 , 0.01 ,15.74 , 9.71 , 1.01 , 0.15 , 356.96
2024-02-24 12:33:29,696 :- 00305: 067 , 15.30 , -0.10 || 1708758209, 17.602268418640 , 78.126595184859, 0.01 , 0.01 ,15.74 , 9.78 , 1.03 , 0.18 , 356.96
2024-02-24 12:33:29,726 :- 00306: 070 , 15.40 , -0.10 || 1708758209, 17.602268418640 , 78.126595184859, 0.01 , 0.01 ,15.83 , 9.79 , 1.05 , 0.18 , 356.96
2024-02-24 12:33:29,756 :- 00307: 073 , 15.40 , -0.10 || 1708758209, 17.602272384211 , 78.126595037639, 0.01 , 0.01 ,15.83 , 9.49 , 1.05 , 0.19 , 356.95
2024-02-24 12:33:29,786 :- 00308: 073 , 15.40 , -0.10 || 1708758209, 17.602272384211 , 78.126595037639, 0.01 , 0.01 ,15.83 , 9.49 , 1.05 , 0.19 , 356.951708758209, 17.602272384211 , 78.126595037639, 0.01 , 0.01 ,15.83 , 9.75 , 1.07 , 0.21 , 356.95
2024-02-24 12:33:29,806 :- 00309: 078 , 15.50 , -0.10 || 1708758209, 17.602272384211 , 78.126595037639, 0.01 , 0.01 ,15.83 , 9.77 , 1.09 , 0.21 , 356.94
2024-02-24 12:33:29,836 :- 00310: 081 , 15.50 , -0.10 || 1708758209, 17.602272384211 , 78.126595037639, 0.01 , 0.01 ,15.99 , 9.88 , 1.11 , 0.21 , 356.94
2024-02-24 12:33:29,866 :- 00311: 084 , 15.50 , -0.10 || 1708758209, 17.602276387821 , 78.126594905655, 0.01 , 0.01 ,15.99 , 9.67 , 1.13 , 0.22 , 356.94
2024-02-24 12:33:29,896 :- 00312: 087 , 15.60 , -0.10 || 1708758209, 17.602276387821 , 78.126594905655, 0.01 , 0.01 ,15.99 , 10.19 , 1.15 , 0.23 , 356.93
2024-02-24 12:33:29,926 :- 00313: 090 , 15.60 , -0.10 || 1708758209, 17.602276387821 , 78.126594905655, 0.01 , 0.01 ,15.99 , 9.86 , 1.17 , 0.23 , 356.94
2024-02-24 12:33:29,956 :- 00314: 093 , 15.70 , -0.10 || 1708758209, 17.602280414660 , 78.126594766980, 0.01 , 0.01 ,16.12 , 10.07 , 1.18 , 0.24 , 356.94
2024-02-24 12:33:29,986 :- 00315: 096 , 15.70 , -0.10 || 1708758209, 17.602280414660 , 78.126594766980, 0.01 , 0.01 ,16.12 , 9.80 , 1.18 , 0.28 , 356.94
2024-02-24 12:33:30,016 :- 00316: 099 , 15.80 , -0.10 || 1708758209, 17.602280414660 , 78.126594766980, 0.01 , 0.01 ,16.12 , 9.70 , 1.18 , 0.28 , 356.94
2024-02-24 12:33:30,046 :- 00317: 102 , 15.80 , -0.10 || 1708758210, 17.602284503205 , 78.126594599405, 0.01 , 0.01 ,16.38 , 10.09 , 1.18 , 0.32 , 356.95
2024-02-24 12:33:30,076 :- 00318: 105 , 15.90 , -0.10 || 1708758210, 17.602284503205 , 78.126594599405, 0.01 , 0.01 ,16.38 , 9.90 , 1.19 , 0.32 , 356.96
2024-02-24 12:33:30,106 :- 00319: 108 , 15.90 , -0.10 || 1708758210, 17.602284503205 , 78.126594599405, 0.01 , 0.01 ,16.38 , 9.77 , 1.21 , 0.37 , 356.96
2024-02-24 12:33:30,136 :- 00320: 111 , 16.00 , -0.10 || 1708758210, 17.602284503205 , 78.126594599405, 0.01 , 0.01 ,16.44 , 9.37 , 1.23 , 0.39 , 356.96
2024-02-24 12:33:30,166 :- 00321: 114 , 16.00 , -0.10 || 1708758210, 17.602288620044 , 78.126594444658, 0.01 , 0.01 ,16.44 , 9.52 , 1.24 , 0.38 , 356.97
2024-02-24 12:33:30,196 :- 00322: 117 , 16.10 , -0.10 || 1708758210, 17.602288620044 , 78.126594444658, 0.01 , 0.01 ,16.44 , 9.81 , 1.25 , 0.37 , 356.96
2024-02-24 12:33:30,226 :- 00323: 120 , 16.20 , -0.00 || 1708758210, 17.602288620044 , 78.126594444658, 0.01 , 0.01 ,16.58 , 9.34 , 1.30 , 0.38 , 356.96
2024-02-24 12:33:30,256 :- 00324: 123 , 16.20 , -0.00 || 1708758210, 17.602292782643 , 78.126594307601, 0.01 , 0.01 ,16.58 , 9.56 , 1.32 , 0.34 , 356.96
2024-02-24 12:33:30,286 :- 00325: 126 , 16.30 , -0.00 || 1708758210, 17.602292782643 , 78.126594307601, 0.01 , 0.01 ,16.58 , 9.62 , 1.38 , 0.29 , 356.95
2024-02-24 12:33:30,316 :- 00326: 129 , 16.30 , -0.00 || 1708758210, 17.602292782643 , 78.126594307601, 0.01 , 0.01 ,16.58 , 9.89 , 1.40 , 0.29 , 356.95
2024-02-24 12:33:30,346 :- 00327: 132 , 16.40 , -0.00 || 1708758210, 17.602292782643 , 78.126594307601, 0.01 , 0.01 ,16.74 , 9.84 , 1.41 , 0.23 , 356.95
2024-02-24 12:33:30,376 :- 00328: 135 , 16.40 , -0.00 || 1708758210, 17.602296969116 , 78.126594168798, 0.01 , 0.01 ,16.74 , 9.92 , 1.42 , 0.21 , 356.95
2024-02-24 12:33:30,406 :- 00329: 138 , 16.50 , -0.00 || 1708758210, 17.602296969116 , 78.126594168798, 0.01 , 0.01 ,16.74 , 9.62 , 1.42 , 0.19 , 356.95
2024-02-24 12:33:30,436 :- 00330: 141 , 16.50 , -0.00 || 1708758210, 17.602296969116 , 78.126594168798, 0.01 , 0.01 ,16.94 , 9.96 , 1.42 , 0.17 , 356.95
2024-02-24 12:33:30,466 :- 00331: 144 , 16.60 , -0.00 || 1708758210, 17.602301204635 , 78.126594014248, 0.01 , 0.01 ,16.94 , 10.04 , 1.43 , 0.15 , 356.95
2024-02-24 12:33:30,496 :- 00332: 147 , 16.70 , -0.00 || 1708758210, 17.602301204635 , 78.126594014248, 0.01 , 0.01 ,16.94 , 9.99 , 1.44 , 0.12 , 356.96
2024-02-24 12:33:30,526 :- 00333: 150 , 16.70 , -0.00 || 1708758210, 17.602301204635 , 78.126594014248, 0.01 , 0.01 ,16.94 , 9.73 , 1.42 , 0.13 , 356.96
2024-02-24 12:33:30,556 :- 00334: 153 , 16.80 , -0.00 || 1708758210, 17.602305499254 , 78.126593836187, 0.01 , 0.01 ,17.19 , 10.02 , 1.41 , 0.12 , 356.95
2024-02-24 12:33:30,586 :- 00335: 156 , 16.80 , -0.00 || 1708758210, 17.602305499254 , 78.126593836187, 0.01 , 0.01 ,17.19 , 9.94 , 1.41 , 0.11 , 356.95
2024-02-24 12:33:30,616 :- 00336: 159 , 16.90 , -0.00 || 1708758210, 17.602305499254 , 78.126593836187, 0.01 , 0.01 ,17.19 , 9.55 , 1.38 , 0.09 , 356.94
2024-02-24 12:33:30,646 :- 00337: 162 , 17.00 , -0.00 || 1708758210, 17.602309859237 , 78.126593655308, 0.01 , 0.01 ,17.45 , 9.18 , 1.39 , 0.09 , 356.93
2024-02-24 12:33:30,676 :- 00338: 165 , 17.00 , -0.00 || 1708758210, 17.602309859237 , 78.126593655308, 0.01 , 0.01 ,17.45 , 11.39 , 1.39 , 0.09 , 356.92
2024-02-24 12:33:30,706 :- 00339: 168 , 17.10 , -0.00 || 1708758210, 17.602309859237 , 78.126593655308, 0.01 , 0.01 ,17.45 , 9.87 , 1.40 , 0.07 , 356.91
2024-02-24 12:33:30,736 :- 00340: 171 , 17.10 , -0.00 || 1708758210, 17.602309859237 , 78.126593655308, 0.01 , 0.01 ,17.67 , 9.74 , 1.38 , 0.08 , 356.91
2024-02-24 12:33:30,766 :- 00341: 174 , 17.20 , -0.00 || 1708758210, 17.602314272206 , 78.126593476198, 0.01 , 0.01 ,17.67 , 9.88 , 1.41 , 0.11 , 356.90
2024-02-24 12:33:30,796 :- 00342: 177 , 17.30 , -0.00 || 1708758210, 17.602314272206 , 78.126593476198, 0.01 , 0.01 ,17.67 , 9.91 , 1.43 , 0.12 , 356.90
2024-02-24 12:33:30,826 :- 00343: 180 , 17.40 , -0.00 || 1708758210, 17.602314272206 , 78.126593476198, 0.01 , 0.01 ,17.67 , 9.68 , 1.42 , 0.15 , 356.90
2024-02-24 12:33:30,856 :- 00344: 183 , 17.40 , -0.00 || 1708758210, 17.602318754073 , 78.126593316504, 0.01 , 0.01 ,17.91 , 9.64 , 1.42 , 0.16 , 356.90
2024-02-24 12:33:30,886 :- 00345: 186 , 17.50 , -0.00 || 1708758210, 17.602318754073 , 78.126593316504, 0.01 , 0.01 ,17.91 , 10.26 , 1.47 , 0.18 , 356.89
2024-02-24 12:33:30,916 :- 00346: 189 , 17.50 , -0.00 || 1708758210, 17.602318754073 , 78.126593316504, 0.01 , 0.01 ,17.91 , 9.76 , 1.48 , 0.19 , 356.89
2024-02-24 12:33:30,946 :- 00347: 192 , 17.60 , -0.00 || 1708758210, 17.602323307803 , 78.126593141617, 0.01 , 0.01 ,18.18 , 9.45 , 1.49 , 0.20 , 356.88
2024-02-24 12:33:30,976 :- 00348: 195 , 17.70 , -0.00 || 1708758210, 17.602323307803 , 78.126593141617, 0.01 , 0.01 ,18.18 , 9.82 , 1.52 , 0.21 , 356.88
2024-02-24 12:33:31,006 :- 00349: 198 , 17.70 , -0.00 || 1708758210, 17.602323307803 , 78.126593141617, 0.01 , 0.01 ,18.18 , 9.78 , 1.52 , 0.21 , 356.87
2024-02-24 12:33:31,036 :- 00350: 201 , 17.80 , -0.00 || 1708758211, 17.602323307803 , 78.126593141617, 0.01 , 0.01 ,18.31 , 9.64 , 1.51 , 0.21 , 356.87
2024-02-24 12:33:31,066 :- 00351: 201 , 17.80 , -0.00 || 1708758211, 17.602323307803 , 78.126593141617, 0.01 , 0.01 ,18.31 , 9.64 , 1.51 , 0.21 , 356.871708758211, 17.602327884978 , 78.126592955328, 0.01 , 0.01 ,18.31 , 9.97 , 1.51 , 0.24 , 356.86
2024-02-24 12:33:31,096 :- 00352: 207 , 17.90 , -0.00 || 1708758211, 17.602327884978 , 78.126592955328, 0.01 , 0.01 ,18.31 , 9.60 , 1.51 , 0.25 , 356.86
2024-02-24 12:33:31,126 :- 00353: 210 , 18.00 , -0.00 || 1708758211, 17.602327884978 , 78.126592955328, 0.01 , 0.01 ,18.59 , 9.89 , 1.47 , 0.27 , 356.85
2024-02-24 12:33:31,156 :- 00354: 213 , 18.00 , -0.00 || 1708758211, 17.602332517243 , 78.126592770275, 0.01 , 0.01 ,18.59 , 9.83 , 1.48 , 0.27 , 356.85
2024-02-24 12:33:31,186 :- 00355: 216 , 18.10 , -0.00 || 1708758211, 17.602332517243 , 78.126592770275, 0.01 , 0.01 ,18.59 , 9.69 , 1.48 , 0.29 , 356.85
2024-02-24 12:33:31,216 :- 00356: 219 , 18.10 , -0.00 || 1708758211, 17.602332517243 , 78.126592770275, 0.01 , 0.01 ,18.59 , 9.82 , 1.48 , 0.29 , 356.85
2024-02-24 12:33:31,246 :- 00357: 222 , 18.20 , -0.00 || 1708758211, 17.602337207490 , 78.126592567563, 0.01 , 0.01 ,18.73 , 9.78 , 1.47 , 0.30 , 356.85
2024-02-24 12:33:31,276 :- 00358: 225 , 18.30 , -0.00 || 1708758211, 17.602337207490 , 78.126592567563, 0.01 , 0.01 ,18.73 , 9.65 , 1.45 , 0.30 , 356.85
2024-02-24 12:33:31,306 :- 00359: 228 , 18.30 , -0.00 || 1708758211, 17.602337207490 , 78.126592567563, 0.01 , 0.01 ,18.73 , 9.63 , 1.45 , 0.30 , 356.84
2024-02-24 12:33:31,336 :- 00360: 231 , 18.30 , -0.00 || 1708758211, 17.602337207490 , 78.126592567563, 0.01 , 0.01 ,18.73 , 10.13 , 1.45 , 0.29 , 356.84
2024-02-24 12:33:31,366 :- 00361: 234 , 18.40 , 00.00 || 1708758211, 17.602341904401 , 78.126592364467, 0.01 , 0.01 ,18.72 , 9.70 , 1.43 , 0.25 , 356.83
2024-02-24 12:33:31,396 :- 00362: 237 , 18.40 , 00.00 || 1708758211, 17.602341904401 , 78.126592364467, 0.01 , 0.01 ,18.72 , 9.95 , 1.43 , 0.26 , 356.82
2024-02-24 12:33:31,426 :- 00363: 240 , 18.40 , 00.00 || 1708758211, 17.602341904401 , 78.126592364467, 0.01 , 0.01 ,18.89 , 9.83 , 1.40 , 0.25 , 356.81
2024-02-24 12:33:31,456 :- 00364: 243 , 18.50 , 00.10 || 1708758211, 17.602346629009 , 78.126592158144, 0.01 , 0.01 ,18.89 , 9.86 , 1.39 , 0.23 , 356.80
2024-02-24 12:33:31,486 :- 00365: 246 , 18.50 , 00.10 || 1708758211, 17.602346629009 , 78.126592158144, 0.01 , 0.01 ,18.89 , 9.82 , 1.38 , 0.25 , 356.80
2024-02-24 12:33:31,516 :- 00366: 249 , 18.50 , 00.20 || 1708758211, 17.602346629009 , 78.126592158144, 0.01 , 0.01 ,18.89 , 9.41 , 1.37 , 0.26 , 356.79
2024-02-24 12:33:31,546 :- 00367: 252 , 18.60 , 00.30 || 1708758211, 17.602351384676 , 78.126591952464, 0.01 , 0.01 ,19.03 , 9.71 , 1.38 , 0.27 , 356.79
2024-02-24 12:33:31,576 :- 00368: 255 , 18.60 , 00.30 || 1708758211, 17.602351384676 , 78.126591952464, 0.01 , 0.01 ,19.03 , 10.25 , 1.38 , 0.28 , 356.78
2024-02-24 12:33:31,606 :- 00369: 002 , 18.60 , 00.40 || 1708758211, 17.602351384676 , 78.126591952464, 0.01 , 0.01 ,19.03 , 9.45 , 1.40 , 0.29 , 356.77
2024-02-24 12:33:31,636 :- 00370: 005 , 18.60 , 00.40 || 1708758211, 17.602351384676 , 78.126591952464, 0.01 , 0.01 ,19.10 , 10.12 , 1.40 , 0.29 , 356.75
2024-02-24 12:33:31,666 :- 00371: 008 , 18.60 , 00.50 || 1708758211, 17.602356172042 , 78.126591738901, 0.01 , 0.01 ,19.10 , 9.86 , 1.44 , 0.30 , 356.72
2024-02-24 12:33:31,696 :- 00372: 011 , 18.60 , 00.50 || 1708758211, 17.602356172042 , 78.126591738901, 0.01 , 0.01 ,19.10 , 9.91 , 1.45 , 0.29 , 356.69
2024-02-24 12:33:31,726 :- 00373: 014 , 18.70 , 00.50 || 1708758211, 17.602356172042 , 78.126591738901, 0.01 , 0.01 ,19.10 , 9.97 , 1.46 , 0.31 , 356.64
2024-02-24 12:33:31,756 :- 00374: 017 , 18.70 , 00.50 || 1708758211, 17.602360977346 , 78.126591551521, 0.01 , 0.01 ,19.21 , 10.23 , 1.47 , 0.31 , 356.62
2024-02-24 12:33:31,786 :- 00375: 020 , 18.70 , 00.50 || 1708758211, 17.602360977346 , 78.126591551521, 0.01 , 0.01 ,19.21 , 10.62 , 1.46 , 0.33 , 356.56
2024-02-24 12:33:31,816 :- 00376: 023 , 18.70 , 00.50 || 1708758211, 17.602360977346 , 78.126591551521, 0.01 , 0.01 ,19.21 , 9.54 , 1.43 , 0.34 , 356.54
2024-02-24 12:33:31,846 :- 00377: 026 , 18.80 , 00.50 || 1708758211, 17.602365803163 , 78.126591327568, 0.01 , 0.01 ,19.26 , 9.68 , 1.40 , 0.38 , 356.50
2024-02-24 12:33:31,876 :- 00378: 029 , 18.80 , 00.50 || 1708758211, 17.602365803163 , 78.126591327568, 0.01 , 0.01 ,19.26 , 9.62 , 1.42 , 0.38 , 356.49
2024-02-24 12:33:31,906 :- 00379: 032 , 18.80 , 00.50 || 1708758211, 17.602365803163 , 78.126591327568, 0.01 , 0.01 ,19.26 , 9.30 , 1.42 , 0.36 , 356.46
2024-02-24 12:33:31,936 :- 00380: 035 , 18.90 , 00.50 || 1708758211, 17.602365803163 , 78.126591327568, 0.01 , 0.01 ,19.19 , 9.66 , 1.42 , 0.36 , 356.45
2024-02-24 12:33:31,966 :- 00381: 038 , 18.90 , 00.50 || 1708758211, 17.602370625914 , 78.126591081157, 0.01 , 0.01 ,19.19 , 9.17 , 1.41 , 0.34 , 356.41
2024-02-24 12:33:31,996 :- 00382: 041 , 18.90 , 00.50 || 1708758211, 17.602370625914 , 78.126591081157, 0.01 , 0.01 ,19.19 , 9.58 , 1.43 , 0.32 , 356.39
2024-02-24 12:33:32,026 :- 00383: 044 , 18.90 , 00.50 || 1708758212, 17.602370625914 , 78.126591081157, 0.01 , 0.01 ,19.19 , 9.25 , 1.44 , 0.25 , 356.35
2024-02-24 12:33:32,056 :- 00384: 047 , 18.90 , 00.50 || 1708758212, 17.602375456945 , 78.126590832521, 0.01 , 0.01 ,19.24 , 10.27 , 1.48 , 0.26 , 356.33
2024-02-24 12:33:32,086 :- 00385: 050 , 18.90 , 00.50 || 1708758212, 17.602375456945 , 78.126590832521, 0.01 , 0.01 ,19.24 , 9.56 , 1.48 , 0.19 , 356.28
2024-02-24 12:33:32,116 :- 00386: 053 , 18.90 , 00.50 || 1708758212, 17.602375456945 , 78.126590832521, 0.01 , 0.01 ,19.24 , 10.09 , 1.50 , 0.18 , 356.25
2024-02-24 12:33:32,146 :- 00387: 056 , 18.90 , 00.50 || 1708758212, 17.602380286489 , 78.126590611851, 0.01 , 0.01 ,19.28 , 9.67 , 1.53 , 0.16 , 356.21
2024-02-24 12:33:32,176 :- 00388: 059 , 18.90 , 00.50 || 1708758212, 17.602380286489 , 78.126590611851, 0.01 , 0.01 ,19.28 , 10.58 , 1.55 , 0.16 , 356.19
2024-02-24 12:33:32,206 :- 00389: 062 , 18.90 , 00.40 || 1708758212, 17.602380286489 , 78.126590611851, 0.01 , 0.01 ,19.28 , 10.11 , 1.55 , 0.14 , 356.15
2024-02-24 12:33:32,236 :- 00390: 065 , 19.00 , 00.40 || 1708758212, 17.602380286489 , 78.126590611851, 0.01 , 0.01 ,19.41 , 9.89 , 1.54 , 0.14 , 356.14
2024-02-24 12:33:32,266 :- 00391: 068 , 19.00 , 00.40 || 1708758212, 17.602385153079 , 78.126590361481, 0.01 , 0.01 ,19.41 , 10.74 , 1.57 , 0.18 , 356.11
2024-02-24 12:33:32,296 :- 00392: 071 , 19.00 , 00.40 || 1708758212, 17.602385153079 , 78.126590361481, 0.01 , 0.01 ,19.41 , 10.05 , 1.56 , 0.19 , 356.09
2024-02-24 12:33:32,326 :- 00393: 074 , 19.00 , 00.30 || 1708758212, 17.602385153079 , 78.126590361481, 0.01 , 0.01 ,19.41 , 10.40 , 1.57 , 0.22 , 356.05
2024-02-24 12:33:32,356 :- 00394: 077 , 19.00 , 00.30 || 1708758212, 17.602390050771 , 78.126590087456, 0.01 , 0.01 ,19.53 , 9.47 , 1.56 , 0.26 , 356.03
2024-02-24 12:33:32,386 :- 00395: 080 , 19.00 , 00.30 || 1708758212, 17.602390050771 , 78.126590087456, 0.01 , 0.01 ,19.53 , 10.30 , 1.58 , 0.32 , 355.98
2024-02-24 12:33:32,416 :- 00396: 083 , 19.10 , 00.30 || 1708758212, 17.602390050771 , 78.126590087456, 0.01 , 0.01 ,19.53 , 8.70 , 1.52 , 0.32 , 355.96
2024-02-24 12:33:32,446 :- 00397: 086 , 19.00 , 00.30 || 1708758212, 17.602394953720 , 78.126589805834, 0.01 , 0.01 ,19.58 , 10.51 , 1.54 , 0.38 , 355.92
2024-02-24 12:33:32,476 :- 00398: 089 , 19.00 , 00.30 || 1708758212, 17.602394953720 , 78.126589805834, 0.01 , 0.01 ,19.58 , 9.06 , 1.52 , 0.43 , 355.90
2024-02-24 12:33:32,506 :- 00399: 092 , 19.00 , 00.20 || 1708758212, 17.602394953720 , 78.126589805834, 0.01 , 0.01 ,19.58 , 9.30 , 1.57 , 0.35 , 355.86
2024-02-24 12:33:32,536 :- 00400: 095 , 19.00 , 00.20 || 1708758212, 17.602394953720 , 78.126589805834, 0.01 , 0.01 ,19.27 , 10.50 , 1.61 , 0.37 , 355.86
2024-02-24 12:33:32,566 :- 00401: 098 , 19.00 , 00.10 || 1708758212, 17.602399812898 , 78.126589524167, 0.01 , 0.01 ,19.27 , 8.01 , 1.57 , 0.45 , 355.83
2024-02-24 12:33:32,596 :- 00402: 101 , 18.90 , -0.00 || 1708758212, 17.602399812898 , 78.126589524167, 0.01 , 0.01 ,19.27 , 11.26 , 1.65 , 0.41 , 355.82
2024-02-24 12:33:32,626 :- 00403: 104 , 18.90 , -0.20 || 1708758212, 17.602399812898 , 78.126589524167, 0.01 , 0.01 ,19.27 , 8.29 , 1.56 , 0.45 , 355.81
2024-02-24 12:33:32,656 :- 00404: 107 , 18.90 , -0.40 || 1708758212, 17.602404647412 , 78.126589249418, 0.01 , 0.01 ,19.29 , 10.41 , 1.59 , 0.42 , 355.81
2024-02-24 12:33:32,686 :- 00405: 110 , 18.80 , -0.60 || 1708758212, 17.602404647412 , 78.126589249418, 0.01 , 0.01 ,19.29 , 9.55 , 1.59 , 0.41 , 355.80
2024-02-24 12:33:32,716 :- 00406: 113 , 18.80 , -0.80 || 1708758212, 17.602404647412 , 78.126589249418, 0.01 , 0.01 ,19.29 , 9.77 , 1.56 , 0.38 , 355.81
2024-02-24 12:33:32,746 :- 00407: 116 , 18.80 , -1.00 || 1708758212, 17.602409439611 , 78.126588950534, 0.01 , 0.01 ,19.09 , 10.13 , 1.54 , 0.40 , 355.84
2024-02-24 12:33:32,776 :- 00408: 119 , 18.70 , -1.20 || 1708758212, 17.602409439611 , 78.126588950534, 0.01 , 0.01 ,19.09 , 9.72 , 1.52 , 0.42 , 355.86
2024-02-24 12:33:32,806 :- 00409: 122 , 18.70 , -1.40 || 1708758212, 17.602409439611 , 78.126588950534, 0.01 , 0.01 ,19.09 , 10.16 , 1.49 , 0.45 , 355.93
2024-02-24 12:33:32,836 :- 00410: 125 , 18.60 , -1.60 || 1708758212, 17.602409439611 , 78.126588950534, 0.01 , 0.01 ,19.06 , 9.88 , 1.46 , 0.46 , 355.98
2024-02-24 12:33:32,866 :- 00411: 128 , 18.60 , -1.70 || 1708758212, 17.602414216170 , 78.126588648323, 0.01 , 0.01 ,19.06 , 9.36 , 1.41 , 0.48 , 356.10
2024-02-24 12:33:32,896 :- 00412: 131 , 18.50 , -1.90 || 1708758212, 17.602414216170 , 78.126588648323, 0.01 , 0.01 ,19.06 , 10.06 , 1.40 , 0.49 , 356.16
2024-02-24 12:33:32,926 :- 00413: 134 , 18.40 , -2.00 || 1708758212, 17.602414216170 , 78.126588648323, 0.01 , 0.01 ,18.85 , 10.01 , 1.35 , 0.50 , 356.31
2024-02-24 12:33:32,956 :- 00414: 137 , 18.40 , -2.10 || 1708758212, 17.602418950054 , 78.126588349911, 0.01 , 0.01 ,18.85 , 12.30 , 1.42 , 0.56 , 356.45
2024-02-24 12:33:32,986 :- 00415: 137 , 18.40 , -2.10 || 1708758212, 17.602418950054 , 78.126588349911, 0.01 , 0.01 ,18.85 , 12.30 , 1.42 , 0.56 , 356.451708758212, 17.602418950054 , 78.126588349911, 0.01 , 0.01 ,18.85 , 7.19 , 1.15 , 0.50 , 356.54
2024-02-24 12:33:33,006 :- 00416: 142 , 18.50 , -2.20 || 1708758212, 17.602418950054 , 78.126588349911, 0.01 , 0.01 ,18.85 , 8.64 , 1.25 , 0.58 , 356.63
2024-02-24 12:33:33,036 :- 00417: 145 , 18.30 , -2.30 || 1708758213, 17.602418950054 , 78.126588349911, 0.01 , 0.01 ,18.71 , 11.10 , 1.34 , 0.54 , 356.71
2024-02-24 12:33:33,066 :- 00418: 148 , 18.40 , -2.30 || 1708758213, 17.602423651817 , 78.126588126488, 0.01 , 0.01 ,18.71 , 8.98 , 1.34 , 0.58 , 356.89
2024-02-24 12:33:33,096 :- 00419: 151 , 18.20 , -2.30 || 1708758213, 17.602423651817 , 78.126588126488, 0.01 , 0.01 ,18.71 , 10.36 , 1.31 , 0.52 , 356.99
2024-02-24 12:33:33,126 :- 00420: 154 , 18.20 , -2.30 || 1708758213, 17.602423651817 , 78.126588126488, 0.01 , 0.01 ,18.44 , 9.39 , 1.31 , 0.59 , 357.17
2024-02-24 12:33:33,156 :- 00421: 157 , 18.20 , -2.40 || 1708758213, 17.602428290016 , 78.126587964212, 0.01 , 0.01 ,18.44 , 9.88 , 1.33 , 0.60 , 357.27
2024-02-24 12:33:33,186 :- 00422: 160 , 18.10 , -2.40 || 1708758213, 17.602428290016 , 78.126587964212, 0.01 , 0.01 ,18.44 , 9.61 , 1.29 , 0.57 , 357.44
2024-02-24 12:33:33,216 :- 00423: 163 , 18.10 , -2.40 || 1708758213, 17.602428290016 , 78.126587964212, 0.01 , 0.01 ,18.44 , 9.33 , 1.30 , 0.60 , 357.54
2024-02-24 12:33:33,246 :- 00424: 166 , 18.00 , -2.40 || 1708758213, 17.602432916136 , 78.126587833690, 0.01 , 0.01 ,18.38 , 10.04 , 1.33 , 0.61 , 357.73
2024-02-24 12:33:33,276 :- 00425: 169 , 18.00 , -2.40 || 1708758213, 17.602432916136 , 78.126587833690, 0.01 , 0.01 ,18.38 , 9.57 , 1.36 , 0.61 , 357.82
2024-02-24 12:33:33,306 :- 00426: 172 , 17.90 , -2.40 || 1708758213, 17.602432916136 , 78.126587833690, 0.01 , 0.01 ,18.38 , 9.52 , 1.42 , 0.60 , 358.00
2024-02-24 12:33:33,336 :- 00427: 175 , 17.90 , -2.40 || 1708758213, 17.602432916136 , 78.126587833690, 0.01 , 0.01 ,18.38 , 10.32 , 1.44 , 0.62 , 358.09
2024-02-24 12:33:33,366 :- 00428: 178 , 17.80 , -2.40 || 1708758213, 17.602437491585 , 78.126587771015, 0.01 , 0.01 ,18.22 , 9.56 , 1.52 , 0.63 , 358.26
2024-02-24 12:33:33,396 :- 00429: 181 , 17.80 , -2.40 || 1708758213, 17.602437491585 , 78.126587771015, 0.01 , 0.01 ,18.22 , 9.93 , 1.54 , 0.60 , 358.35
2024-02-24 12:33:33,426 :- 00430: 184 , 17.70 , -2.40 || 1708758213, 17.602437491585 , 78.126587771015, 0.01 , 0.01 ,18.06 , 9.62 , 1.58 , 0.64 , 358.53
2024-02-24 12:33:33,456 :- 00431: 187 , 17.70 , -2.50 || 1708758213, 17.602442039576 , 78.126587768170, 0.01 , 0.01 ,18.06 , 10.49 , 1.63 , 0.63 , 358.62
2024-02-24 12:33:33,486 :- 00432: 190 , 17.60 , -2.50 || 1708758213, 17.602442039576 , 78.126587768170, 0.01 , 0.01 ,18.06 , 9.88 , 1.64 , 0.64 , 358.80
2024-02-24 12:33:33,516 :- 00433: 193 , 17.60 , -2.50 || 1708758213, 17.602442039576 , 78.126587768170, 0.01 , 0.01 ,18.06 , 9.53 , 1.64 , 0.65 , 358.89
2024-02-24 12:33:33,546 :- 00434: 196 , 17.60 , -2.60 || 1708758213, 17.602446553049 , 78.126587777689, 0.01 , 0.01 ,18.00 , 9.96 , 1.65 , 0.71 , 359.07
2024-02-24 12:33:33,576 :- 00435: 199 , 17.40 , -2.60 || 1708758213, 17.602446553049 , 78.126587777689, 0.01 , 0.01 ,18.00 , 10.67 , 1.65 , 0.72 , 359.16
2024-02-24 12:33:33,616 :- 00436: 203 , 17.50 , -2.60 || 1708758213, 17.602446553049 , 78.126587777689, 0.01 , 0.01 ,18.00 , 8.07 , 1.65 , 0.73 , 359.35
2024-02-24 12:33:33,646 :- 00437: 206 , 17.50 , -2.60 || 1708758213, 17.602451032212 , 78.126587809209, 0.01 , 0.01 ,17.77 , 10.15 , 1.69 , 0.82 , 359.56
2024-02-24 12:33:33,676 :- 00438: 209 , 17.40 , -2.60 || 1708758213, 17.602451032212 , 78.126587809209, 0.01 , 0.01 ,17.77 , 9.43 , 1.64 , 0.79 , 359.66
2024-02-24 12:33:33,706 :- 00439: 212 , 17.40 , -2.50 || 1708758213, 17.602451032212 , 78.126587809209, 0.01 , 0.01 ,17.77 , 10.64 , 1.69 , 0.81 , 359.85
2024-02-24 12:33:33,736 :- 00440: 215 , 17.30 , -2.40 || 1708758213, 17.602451032212 , 78.126587809209, 0.01 , 0.01 ,17.60 , 7.52 , 1.67 , 0.77 , 359.96
2024-02-24 12:33:33,766 :- 00441: 218 , 17.30 , -2.20 || 1708758213, 17.602455478811 , 78.126587867898, 0.01 , 0.01 ,17.60 , 12.07 , 1.79 , 0.81 , 0.15
2024-02-24 12:33:33,796 :- 00442: 221 , 17.20 , -2.10 || 1708758213, 17.602455478811 , 78.126587867898, 0.01 , 0.01 ,17.60 , 7.72 , 1.71 , 0.83 , 0.24
2024-02-24 12:33:33,826 :- 00443: 224 , 17.10 , -1.90 || 1708758213, 17.602455478811 , 78.126587867898, 0.01 , 0.01 ,17.60 , 11.52 , 1.73 , 0.68 , 0.41
2024-02-24 12:33:33,856 :- 00444: 227 , 17.10 , -1.70 || 1708758213, 17.602459836303 , 78.126587995670, 0.01 , 0.01 ,17.36 , 8.51 , 1.72 , 0.81 , 0.50
2024-02-24 12:33:33,886 :- 00445: 230 , 17.10 , -1.50 || 1708758213, 17.602459836303 , 78.126587995670, 0.01 , 0.01 ,17.36 , 10.47 , 1.75 , 0.77 , 0.64
2024-02-24 12:33:33,916 :- 00446: 233 , 17.00 , -1.40 || 1708758213, 17.602459836303 , 78.126587995670, 0.01 , 0.01 ,17.36 , 10.09 , 1.81 , 0.79 , 0.70
2024-02-24 12:33:33,946 :- 00447: 236 , 17.00 , -1.30 || 1708758213, 17.602464186322 , 78.126588145196, 0.01 , 0.01 ,17.28 , 9.25 , 1.80 , 0.83 , 0.81
2024-02-24 12:33:33,976 :- 00448: 239 , 16.90 , -1.30 || 1708758213, 17.602464186322 , 78.126588145196, 0.01 , 0.01 ,17.28 , 10.30 , 1.81 , 0.82 , 0.86
2024-02-24 12:33:34,006 :- 00449: 242 , 16.90 , -1.20 || 1708758213, 17.602464186322 , 78.126588145196, 0.01 , 0.01 ,17.28 , 9.25 , 1.86 , 0.85 , 0.95
2024-02-24 12:33:34,036 :- 00450: 245 , 16.90 , -1.20 || 1708758214, 17.602464186322 , 78.126588145196, 0.01 , 0.01 ,17.23 , 9.85 , 1.86 , 0.87 , 0.99
2024-02-24 12:33:34,066 :- 00451: 248 , 16.80 , -1.20 || 1708758214, 17.602468505204 , 78.126588322981, 0.01 , 0.01 ,17.23 , 9.63 , 1.89 , 0.87 , 1.08
2024-02-24 12:33:34,096 :- 00452: 251 , 16.70 , -1.20 || 1708758214, 17.602468505204 , 78.126588322981, 0.01 , 0.01 ,17.23 , 10.02 , 1.92 , 0.90 , 1.12
2024-02-24 12:33:34,126 :- 00453: 254 , 16.70 , -1.20 || 1708758214, 17.602468505204 , 78.126588322981, 0.01 , 0.01 ,17.05 , 9.41 , 1.90 , 0.90 , 1.19
2024-02-24 12:33:34,156 :- 00454: 001 , 16.60 , -1.20 || 1708758214, 17.602472791481 , 78.126588509842, 0.01 , 0.01 ,17.05 , 9.21 , 1.89 , 0.90 , 1.22
2024-02-24 12:33:34,186 :- 00455: 004 , 16.60 , -1.20 || 1708758214, 17.602472791481 , 78.126588509842, 0.01 , 0.01 ,17.05 , 10.17 , 1.89 , 0.90 , 1.30
2024-02-24 12:33:34,216 :- 00456: 007 , 16.40 , -1.20 || 1708758214, 17.602472791481 , 78.126588509842, 0.01 , 0.01 ,17.05 , 10.95 , 1.88 , 0.90 , 1.33
2024-02-24 12:33:34,246 :- 00457: 010 , 16.60 , -1.20 || 1708758214, 17.602476990687 , 78.126588671942, 0.01 , 0.01 ,16.72 , 9.80 , 1.84 , 0.86 , 1.37
2024-02-24 12:33:34,276 :- 00458: 013 , 16.50 , -1.20 || 1708758214, 17.602476990687 , 78.126588671942, 0.01 , 0.01 ,16.72 , 7.93 , 1.66 , 0.84 , 1.42
2024-02-24 12:33:34,306 :- 00459: 016 , 16.50 , -1.20 || 1708758214, 17.602476990687 , 78.126588671942, 0.01 , 0.01 ,16.72 , 11.03 , 1.78 , 0.84 , 1.49
2024-02-24 12:33:34,336 :- 00460: 019 , 16.40 , -1.20 || 1708758214, 17.602476990687 , 78.126588671942, 0.01 , 0.01 ,16.72 , 9.28 , 1.78 , 0.89 , 1.53
2024-02-24 12:33:34,366 :- 00461: 022 , 16.30 , -1.10 || 1708758214, 17.602481203538 , 78.126588902684, 0.01 , 0.01 ,16.56 , 11.15 , 1.75 , 0.78 , 1.63
2024-02-24 12:33:34,396 :- 00462: 025 , 16.30 , -1.10 || 1708758214, 17.602481203538 , 78.126588902684, 0.01 , 0.01 ,16.56 , 9.49 , 1.75 , 0.82 , 1.68
2024-02-24 12:33:34,426 :- 00463: 028 , 16.30 , -1.10 || 1708758214, 17.602481203538 , 78.126588902684, 0.01 , 0.01 ,16.56 , 9.06 , 1.71 , 0.83 , 1.76
2024-02-24 12:33:34,456 :- 00464: 031 , 16.20 , -1.10 || 1708758214, 17.602485323647 , 78.126589074149, 0.01 , 0.01 ,16.36 , 10.45 , 1.70 , 0.79 , 1.80
2024-02-24 12:33:34,486 :- 00465: 034 , 16.10 , -1.00 || 1708758214, 17.602485323647 , 78.126589074149, 0.01 , 0.01 ,16.36 , 9.41 , 1.65 , 0.83 , 1.88
2024-02-24 12:33:34,516 :- 00466: 037 , 16.10 , -1.00 || 1708758214, 17.602485323647 , 78.126589074149, 0.01 , 0.01 ,16.36 , 10.39 , 1.64 , 0.81 , 1.91
2024-02-24 12:33:34,546 :- 00467: 040 , 16.00 , -1.00 || 1708758214, 17.602489413048 , 78.126589253021, 0.01 , 0.01 ,16.26 , 9.10 , 1.60 , 0.82 , 1.97
2024-02-24 12:33:34,576 :- 00468: 043 , 15.90 , -1.00 || 1708758214, 17.602489413048 , 78.126589253021, 0.01 , 0.01 ,16.26 , 9.87 , 1.62 , 0.80 , 1.99
2024-02-24 12:33:34,606 :- 00469: 046 , 15.90 , -0.90 || 1708758214, 17.602489413048 , 78.126589253021, 0.01 , 0.01 ,16.26 , 9.52 , 1.62 , 0.80 , 2.05
2024-02-24 12:33:34,636 :- 00470: 049 , 15.80 , -0.90 || 1708758214, 17.602489413048 , 78.126589253021, 0.01 , 0.01 ,16.06 , 9.68 , 1.61 , 0.80 , 2.07
2024-02-24 12:33:34,666 :- 00471: 052 , 15.70 , -0.90 || 1708758214, 17.602493447910 , 78.126589480270, 0.01 , 0.01 ,16.06 , 9.98 , 1.59 , 0.76 , 2.13
2024-02-24 12:33:34,696 :- 00472: 055 , 15.70 , -0.90 || 1708758214, 17.602493447910 , 78.126589480270, 0.01 , 0.01 ,16.06 , 9.58 , 1.58 , 0.77 , 2.16
2024-02-24 12:33:34,726 :- 00473: 058 , 15.60 , -0.80 || 1708758214, 17.602493447910 , 78.126589480270, 0.01 , 0.01 ,16.06 , 10.24 , 1.57 , 0.73 , 2.22
2024-02-24 12:33:34,756 :- 00474: 061 , 15.60 , -0.80 || 1708758214, 17.602497424833 , 78.126589704762, 0.01 , 0.01 ,15.83 , 10.03 , 1.57 , 0.74 , 2.25
2024-02-24 12:33:34,786 :- 00475: 064 , 15.50 , -0.70 || 1708758214, 17.602497424833 , 78.126589704762, 0.01 , 0.01 ,15.83 , 10.44 , 1.56 , 0.73 , 2.31
2024-02-24 12:33:34,816 :- 00476: 067 , 15.40 , -0.60 || 1708758214, 17.602497424833 , 78.126589704762, 0.01 , 0.01 ,15.83 , 10.09 , 1.56 , 0.73 , 2.33
2024-02-24 12:33:34,846 :- 00477: 070 , 15.40 , -0.50 || 1708758214, 17.602501361671 , 78.126589935727, 0.01 , 0.01 ,15.70 , 9.80 , 1.58 , 0.77 , 2.38
2024-02-24 12:33:34,876 :- 00478: 073 , 15.40 , -0.40 || 1708758214, 17.602501361671 , 78.126589935727, 0.01 , 0.01 ,15.70 , 10.23 , 1.60 , 0.75 , 2.40
2024-02-24 12:33:34,905 :- 00479: 073 , 15.40 , -0.40 || 1708758214, 17.602501361671 , 78.126589935727, 0.01 , 0.01 ,15.70 , 10.23 , 1.60 , 0.75 , 2.401708758214, 17.602501361671 , 78.126589935727, 0.01 , 0.01 ,15.70 , 9.47 , 1.61 , 0.79 , 2.43
2024-02-24 12:33:34,926 :- 00480: 078 , 15.30 , -0.30 || 1708758214, 17.602501361671 , 78.126589935727, 0.01 , 0.01 ,15.56 , 9.50 , 1.61 , 0.78 , 2.44
2024-02-24 12:33:34,956 :- 00481: 081 , 15.30 , -0.30 || 1708758214, 17.602505271318 , 78.126590183756, 0.01 , 0.01 ,15.56 , 9.45 , 1.60 , 0.80 , 2.45
2024-02-24 12:33:34,986 :- 00482: 084 , 15.20 , -0.30 || 1708758214, 17.602505271318 , 78.126590183756, 0.01 , 0.01 ,15.56 , 10.05 , 1.62 , 0.76 , 2.46
2024-02-24 12:33:35,016 :- 00483: 087 , 15.10 , -0.30 || 1708758214, 17.602505271318 , 78.126590183756, 0.01 , 0.01 ,15.56 , 9.34 , 1.62 , 0.75 , 2.47
2024-02-24 12:33:35,046 :- 00484: 090 , 15.10 , -0.30 || 1708758215, 17.602509107916 , 78.126590434180, 0.01 , 0.01 ,15.20 , 9.65 , 1.61 , 0.74 , 2.49
2024-02-24 12:33:35,076 :- 00485: 093 , 15.00 , -0.30 || 1708758215, 17.602509107916 , 78.126590434180, 0.01 , 0.01 ,15.20 , 9.38 , 1.59 , 0.70 , 2.50
2024-02-24 12:33:35,106 :- 00486: 096 , 14.90 , -0.30 || 1708758215, 17.602509107916 , 78.126590434180, 0.01 , 0.01 ,15.20 , 10.27 , 1.61 , 0.68 , 2.50
2024-02-24 12:33:35,136 :- 00487: 099 , 14.90 , -0.30 || 1708758215, 17.602509107916 , 78.126590434180, 0.01 , 0.01 ,15.02 , 9.61 , 1.60 , 0.65 , 2.51
2024-02-24 12:33:35,166 :- 00488: 102 , 14.80 , -0.30 || 1708758215, 17.602512882627 , 78.126590649097, 0.01 , 0.01 ,15.02 , 9.98 , 1.57 , 0.65 , 2.53
2024-02-24 12:33:35,196 :- 00489: 105 , 14.70 , -0.30 || 1708758215, 17.602512882627 , 78.126590649097, 0.01 , 0.01 ,15.02 , 9.78 , 1.55 , 0.64 , 2.53
2024-02-24 12:33:35,226 :- 00490: 108 , 14.70 , -0.30 || 1708758215, 17.602512882627 , 78.126590649097, 0.01 , 0.01 ,14.92 , 10.01 , 1.50 , 0.62 , 2.55
2024-02-24 12:33:35,256 :- 00491: 111 , 14.60 , -0.30 || 1708758215, 17.602516628930 , 78.126590872258, 0.01 , 0.01 ,14.92 , 10.07 , 1.48 , 0.61 , 2.56
2024-02-24 12:33:35,286 :- 00492: 114 , 14.60 , -0.30 || 1708758215, 17.602516628930 , 78.126590872258, 0.01 , 0.01 ,14.92 , 9.96 , 1.47 , 0.63 , 2.58
2024-02-24 12:33:35,316 :- 00493: 117 , 14.50 , -0.30 || 1708758215, 17.602516628930 , 78.126590872258, 0.01 , 0.01 ,14.92 , 9.74 , 1.46 , 0.63 , 2.59
2024-02-24 12:33:35,346 :- 00494: 120 , 14.50 , -0.30 || 1708758215, 17.602516628930 , 78.126590872258, 0.01 , 0.01 ,14.92 , 9.54 , 1.46 , 0.65 , 2.60
2024-02-24 12:33:35,376 :- 00495: 123 , 14.40 , -0.30 || 1708758215, 17.602520328942 , 78.126591078889, 0.01 , 0.01 ,14.73 , 10.17 , 1.46 , 0.66 , 2.60
2024-02-24 12:33:35,406 :- 00496: 126 , 14.30 , -0.30 || 1708758215, 17.602520328942 , 78.126591078889, 0.01 , 0.01 ,14.73 , 9.75 , 1.46 , 0.66 , 2.61
