2024-02-24 12:31:16,349 :- 00001: Feedback Code Starting
2024-02-24 12:31:16,371 :- 00002: 046 , 20.00 , -0.70 || 1708758076, 17.601687498713 , 78.126609401306, 0.01 , 0.01 ,26.06 , 9.56 , 1.25 , 0.34 , 358.43
2024-02-24 12:31:16,401 :- 00003: 049 , 20.00 , -0.70 || 1708758076, 17.601687498713 , 78.126609401306, 0.01 , 0.01 ,26.06 , 9.67 , 1.25 , 0.30 , 358.44
2024-02-24 12:31:16,431 :- 00004: 052 , 20.00 , -0.70 || 1708758076, 17.601687498713 , 78.126609401306, 0.01 , 0.01 ,25.95 , 10.26 , 1.28 , 0.28 , 358.45
2024-02-24 12:31:16,461 :- 00005: 055 , 20.00 , -0.70 || 1708758076, 17.601694016088 , 78.126609297369, 0.01 , 0.01 ,25.95 , 9.36 , 1.29 , 0.26 , 358.47
2024-02-24 12:31:16,491 :- 00006: 058 , 20.00 , -0.70 || 1708758076, 17.601694016088 , 78.126609297369, 0.01 , 0.01 ,25.95 , 9.86 , 1.27 , 0.23 , 358.47
2024-02-24 12:31:16,521 :- 00007: 061 , 20.00 , -0.70 || 1708758076, 17.601694016088 , 78.126609297369, 0.01 , 0.01 ,25.95 , 10.03 , 1.28 , 0.21 , 358.50
2024-02-24 12:31:16,551 :- 00008: 064 , 20.00 , -0.70 || 1708758076, 17.601700543938 , 78.126609205574, 0.01 , 0.01 ,26.07 , 10.28 , 1.27 , 0.19 , 358.52
2024-02-24 12:31:16,581 :- 00009: 067 , 20.00 , -0.70 || 1708758076, 17.601700543938 , 78.126609205574, 0.01 , 0.01 ,26.07 , 9.71 , 1.22 , 0.16 , 358.58
2024-02-24 12:31:16,611 :- 00010: 070 , 20.00 , -0.70 || 1708758076, 17.601700543938 , 78.126609205574, 0.01 , 0.01 ,26.07 , 9.97 , 1.22 , 0.16 , 358.62
2024-02-24 12:31:16,641 :- 00011: 073 , 20.00 , -0.70 || 1708758076, 17.601707081164 , 78.126609088579, 0.01 , 0.01 ,26.12 , 10.28 , 1.22 , 0.13 , 358.71
2024-02-24 12:31:16,670 :- 00012: 073 , 20.00 , -0.70 || 1708758076, 17.601707081164 , 78.126609088579, 0.01 , 0.01 ,26.12 , 10.28 , 1.22 , 0.13 , 358.711708758076, 17.601707081164 , 78.126609088579, 0.01 , 0.01 ,26.12 , 10.23 , 1.22 , 0.14 , 358.76
2024-02-24 12:31:16,701 :- 00013: 079 , 20.00 , -0.70 || 1708758076, 17.601707081164 , 78.126609088579, 0.01 , 0.01 ,26.12 , 9.80 , 1.21 , 0.15 , 358.86
2024-02-24 12:31:16,731 :- 00014: 082 , 20.00 , -0.70 || 1708758076, 17.601707081164 , 78.126609088579, 0.01 , 0.01 ,26.16 , 10.28 , 1.21 , 0.16 , 358.90
2024-02-24 12:31:16,761 :- 00015: 085 , 20.00 , -0.70 || 1708758076, 17.601713636542 , 78.126608992180, 0.01 , 0.01 ,26.16 , 9.74 , 1.20 , 0.19 , 358.98
2024-02-24 12:31:16,791 :- 00016: 088 , 20.00 , -0.70 || 1708758076, 17.601713636542 , 78.126608992180, 0.01 , 0.01 ,26.16 , 9.96 , 1.18 , 0.22 , 359.01
2024-02-24 12:31:16,821 :- 00017: 091 , 20.00 , -0.70 || 1708758076, 17.601713636542 , 78.126608992180, 0.01 , 0.01 ,26.16 , 9.74 , 1.18 , 0.24 , 359.08
2024-02-24 12:31:16,851 :- 00018: 094 , 20.00 , -0.70 || 1708758076, 17.601720223991 , 78.126608933870, 0.01 , 0.01 ,26.29 , 9.79 , 1.19 , 0.25 , 359.11
2024-02-24 12:31:16,881 :- 00019: 097 , 20.00 , -0.20 || 1708758076, 17.601720223991 , 78.126608933870, 0.01 , 0.01 ,26.29 , 9.83 , 1.19 , 0.28 , 359.17
2024-02-24 12:31:16,911 :- 00020: 100 , 20.00 , -0.20 || 1708758076, 17.601720223991 , 78.126608933870, 0.01 , 0.01 ,26.29 , 9.61 , 1.21 , 0.29 , 359.20
2024-02-24 12:31:16,941 :- 00021: 103 , 20.00 , -0.20 || 1708758076, 17.601726779100 , 78.126608927606, 0.01 , 0.01 ,26.14 , 9.62 , 1.21 , 0.32 , 359.25
2024-02-24 12:31:16,971 :- 00022: 106 , 20.00 , -0.10 || 1708758076, 17.601726779100 , 78.126608927606, 0.01 , 0.01 ,26.14 , 10.03 , 1.22 , 0.33 , 359.27
2024-02-24 12:31:17,001 :- 00023: 109 , 20.00 , -0.10 || 1708758076, 17.601726779100 , 78.126608927606, 0.01 , 0.01 ,26.14 , 9.39 , 1.24 , 0.37 , 359.32
2024-02-24 12:31:17,031 :- 00024: 112 , 20.00 , -0.10 || 1708758077, 17.601726779100 , 78.126608927606, 0.01 , 0.01 ,26.16 , 9.70 , 1.25 , 0.37 , 359.34
2024-02-24 12:31:17,061 :- 00025: 115 , 20.00 , -0.10 || 1708758077, 17.601733352514 , 78.126608910053, 0.01 , 0.01 ,26.16 , 9.27 , 1.27 , 0.39 , 359.37
2024-02-24 12:31:17,091 :- 00026: 118 , 20.00 , -0.10 || 1708758077, 17.601733352514 , 78.126608910053, 0.01 , 0.01 ,26.16 , 9.92 , 1.30 , 0.38 , 359.37
2024-02-24 12:31:17,121 :- 00027: 121 , 20.00 , -0.10 || 1708758077, 17.601733352514 , 78.126608910053, 0.01 , 0.01 ,26.16 , 9.57 , 1.32 , 0.38 , 359.37
2024-02-24 12:31:17,151 :- 00028: 124 , 20.00 , -0.10 || 1708758077, 17.601739912881 , 78.126608926999, 0.01 , 0.01 ,26.06 , 9.96 , 1.34 , 0.36 , 359.36
2024-02-24 12:31:17,181 :- 00029: 127 , 20.00 , -0.00 || 1708758077, 17.601739912881 , 78.126608926999, 0.01 , 0.01 ,26.06 , 9.54 , 1.32 , 0.36 , 359.33
2024-02-24 12:31:17,211 :- 00030: 130 , 20.00 , -0.00 || 1708758077, 17.601739912881 , 78.126608926999, 0.01 , 0.01 ,26.06 , 9.78 , 1.30 , 0.33 , 359.31
2024-02-24 12:31:17,241 :- 00031: 133 , 20.00 , -0.00 || 1708758077, 17.601746469076 , 78.126608921496, 0.01 , 0.01 ,26.06 , 9.59 , 1.26 , 0.32 , 359.29
2024-02-24 12:31:17,271 :- 00032: 136 , 20.00 , -0.00 || 1708758077, 17.601746469076 , 78.126608921496, 0.01 , 0.01 ,26.06 , 9.98 , 1.24 , 0.31 , 359.28
2024-02-24 12:31:17,301 :- 00033: 139 , 20.00 , -0.00 || 1708758077, 17.601746469076 , 78.126608921496, 0.01 , 0.01 ,26.06 , 9.91 , 1.22 , 0.28 , 359.27
2024-02-24 12:31:17,331 :- 00034: 142 , 20.00 , -0.00 || 1708758077, 17.601746469076 , 78.126608921496, 0.01 , 0.01 ,26.06 , 9.95 , 1.21 , 0.27 , 359.27
2024-02-24 12:31:17,361 :- 00035: 145 , 20.00 , -0.00 || 1708758077, 17.601752992437 , 78.126608857834, 0.01 , 0.01 ,26.02 , 10.12 , 1.22 , 0.25 , 359.27
2024-02-24 12:31:17,391 :- 00036: 148 , 20.00 , -0.00 || 1708758077, 17.601752992437 , 78.126608857834, 0.01 , 0.01 ,26.02 , 9.75 , 1.22 , 0.22 , 359.27
2024-02-24 12:31:17,421 :- 00037: 151 , 20.00 , -0.00 || 1708758077, 17.601752992437 , 78.126608857834, 0.01 , 0.01 ,26.02 , 9.96 , 1.25 , 0.20 , 359.27
2024-02-24 12:31:17,451 :- 00038: 154 , 20.00 , -0.00 || 1708758077, 17.601759545156 , 78.126608840080, 0.01 , 0.01 ,26.11 , 10.13 , 1.25 , 0.20 , 359.27
2024-02-24 12:31:17,481 :- 00039: 157 , 20.00 , 00.00 || 1708758077, 17.601759545156 , 78.126608840080, 0.01 , 0.01 ,26.11 , 9.92 , 1.26 , 0.20 , 359.26
2024-02-24 12:31:17,511 :- 00040: 160 , 20.00 , 00.00 || 1708758077, 17.601759545156 , 78.126608840080, 0.01 , 0.01 ,26.11 , 10.08 , 1.24 , 0.22 , 359.26
2024-02-24 12:31:17,541 :- 00041: 163 , 20.00 , 00.00 || 1708758077, 17.601766094062 , 78.126608829459, 0.01 , 0.01 ,26.09 , 9.78 , 1.24 , 0.24 , 359.25
2024-02-24 12:31:17,571 :- 00042: 166 , 20.00 , 00.00 || 1708758077, 17.601766094062 , 78.126608829459, 0.01 , 0.01 ,26.09 , 9.83 , 1.25 , 0.25 , 359.25
2024-02-24 12:31:17,601 :- 00043: 169 , 20.00 , 00.00 || 1708758077, 17.601766094062 , 78.126608829459, 0.01 , 0.01 ,26.09 , 9.88 , 1.27 , 0.27 , 359.24
2024-02-24 12:31:17,631 :- 00044: 172 , 20.00 , 00.00 || 1708758077, 17.601766094062 , 78.126608829459, 0.01 , 0.01 ,26.24 , 9.83 , 1.29 , 0.29 , 359.24
2024-02-24 12:31:17,661 :- 00045: 175 , 20.00 , 00.00 || 1708758077, 17.601772680177 , 78.126608798791, 0.01 , 0.01 ,26.24 , 9.75 , 1.34 , 0.32 , 359.23
2024-02-24 12:31:17,691 :- 00046: 178 , 20.00 , 00.10 || 1708758077, 17.601772680177 , 78.126608798791, 0.01 , 0.01 ,26.24 , 9.81 , 1.37 , 0.32 , 359.22
2024-02-24 12:31:17,721 :- 00047: 181 , 20.00 , 00.10 || 1708758077, 17.601772680177 , 78.126608798791, 0.01 , 0.01 ,26.24 , 10.01 , 1.45 , 0.36 , 359.21
2024-02-24 12:31:17,751 :- 00048: 184 , 20.00 , 00.10 || 1708758077, 17.601779239270 , 78.126608817051, 0.01 , 0.01 ,26.16 , 9.21 , 1.46 , 0.37 , 359.21
2024-02-24 12:31:17,781 :- 00049: 187 , 20.00 , 00.10 || 1708758077, 17.601779239270 , 78.126608817051, 0.01 , 0.01 ,26.16 , 9.31 , 1.45 , 0.36 , 359.20
2024-02-24 12:31:17,811 :- 00050: 190 , 20.00 , 00.10 || 1708758077, 17.601779239270 , 78.126608817051, 0.01 , 0.01 ,26.16 , 9.91 , 1.49 , 0.38 , 359.19
2024-02-24 12:31:17,841 :- 00051: 193 , 20.00 , 00.10 || 1708758077, 17.601785774537 , 78.126608887740, 0.01 , 0.01 ,26.06 , 9.90 , 1.53 , 0.34 , 359.18
2024-02-24 12:31:17,871 :- 00052: 196 , 20.00 , 00.20 || 1708758077, 17.601785774537 , 78.126608887740, 0.01 , 0.01 ,26.06 , 9.27 , 1.58 , 0.31 , 359.18
2024-02-24 12:31:17,901 :- 00053: 199 , 20.00 , 00.20 || 1708758077, 17.601785774537 , 78.126608887740, 0.01 , 0.01 ,26.06 , 9.82 , 1.63 , 0.30 , 359.17
2024-02-24 12:31:17,931 :- 00054: 202 , 20.00 , 00.20 || 1708758077, 17.601785774537 , 78.126608887740, 0.01 , 0.01 ,25.90 , 9.79 , 1.65 , 0.29 , 359.16
2024-02-24 12:31:17,961 :- 00055: 205 , 20.00 , 00.20 || 1708758077, 17.601792294472 , 78.126608895694, 0.01 , 0.01 ,25.90 , 9.50 , 1.66 , 0.24 , 359.15
2024-02-24 12:31:17,991 :- 00056: 208 , 20.00 , 00.80 || 1708758077, 17.601792294472 , 78.126608895694, 0.01 , 0.01 ,25.90 , 10.38 , 1.69 , 0.23 , 359.15
2024-02-24 12:31:18,021 :- 00057: 211 , 20.00 , 00.80 || 1708758078, 17.601792294472 , 78.126608895694, 0.01 , 0.01 ,25.90 , 10.38 , 1.73 , 0.24 , 359.14
2024-02-24 12:31:18,051 :- 00058: 214 , 20.00 , 00.80 || 1708758078, 17.601798812210 , 78.126608878145, 0.01 , 0.01 ,25.97 , 9.79 , 1.76 , 0.22 , 359.13
2024-02-24 12:31:18,081 :- 00059: 217 , 20.00 , 01.10 || 1708758078, 17.601798812210 , 78.126608878145, 0.01 , 0.01 ,25.97 , 10.27 , 1.78 , 0.22 , 359.12
2024-02-24 12:31:18,111 :- 00060: 220 , 20.00 , 01.10 || 1708758078, 17.601798812210 , 78.126608878145, 0.01 , 0.01 ,25.97 , 9.85 , 1.78 , 0.25 , 359.11
2024-02-24 12:31:18,141 :- 00061: 223 , 20.00 , 01.10 || 1708758078, 17.601805321126 , 78.126608875297, 0.01 , 0.01 ,25.96 , 9.83 , 1.76 , 0.22 , 359.08
2024-02-24 12:31:18,171 :- 00062: 226 , 20.00 , 00.80 || 1708758078, 17.601805321126 , 78.126608875297, 0.01 , 0.01 ,25.96 , 9.91 , 1.78 , 0.20 , 359.05
2024-02-24 12:31:18,201 :- 00063: 229 , 20.00 , 00.70 || 1708758078, 17.601805321126 , 78.126608875297, 0.01 , 0.01 ,25.96 , 10.41 , 1.80 , 0.24 , 358.96
2024-02-24 12:31:18,231 :- 00064: 232 , 20.00 , 00.70 || 1708758078, 17.601805321126 , 78.126608875297, 0.01 , 0.01 ,25.85 , 9.59 , 1.82 , 0.23 , 358.90
2024-02-24 12:31:18,261 :- 00065: 235 , 20.00 , 00.70 || 1708758078, 17.601811804974 , 78.126608840022, 0.01 , 0.01 ,25.85 , 9.88 , 1.86 , 0.22 , 358.76
2024-02-24 12:31:18,291 :- 00066: 238 , 20.00 , 00.80 || 1708758078, 17.601811804974 , 78.126608840022, 0.01 , 0.01 ,25.85 , 10.15 , 1.90 , 0.25 , 358.68
2024-02-24 12:31:18,321 :- 00067: 241 , 20.00 , 00.80 || 1708758078, 17.601811804974 , 78.126608840022, 0.01 , 0.01 ,25.85 , 9.39 , 1.87 , 0.29 , 358.52
2024-02-24 12:31:18,351 :- 00068: 244 , 20.00 , 00.80 || 1708758078, 17.601818286707 , 78.126608818862, 0.01 , 0.01 ,25.84 , 8.64 , 1.86 , 0.29 , 358.44
2024-02-24 12:31:18,381 :- 00069: 247 , 20.00 , 00.80 || 1708758078, 17.601818286707 , 78.126608818862, 0.01 , 0.01 ,25.84 , 10.34 , 1.88 , 0.33 , 358.30
2024-02-24 12:31:18,411 :- 00070: 250 , 20.00 , 00.80 || 1708758078, 17.601818286707 , 78.126608818862, 0.01 , 0.01 ,25.84 , 9.93 , 1.87 , 0.34 , 358.25
2024-02-24 12:31:18,441 :- 00071: 253 , 20.00 , 00.80 || 1708758078, 17.601824778487 , 78.126608683230, 0.01 , 0.01 ,25.86 , 9.86 , 1.77 , 0.42 , 358.18
2024-02-24 12:31:18,471 :- 00072: 000 , 20.00 , 00.80 || 1708758078, 17.601824778487 , 78.126608683230, 0.01 , 0.01 ,25.86 , 10.11 , 1.76 , 0.46 , 358.16
2024-02-24 12:31:18,501 :- 00073: 003 , 20.00 , 00.10 || 1708758078, 17.601824778487 , 78.126608683230, 0.01 , 0.01 ,25.86 , 10.80 , 1.77 , 0.50 , 358.13
2024-02-24 12:31:18,531 :- 00074: 006 , 20.00 , 00.10 || 1708758078, 17.601824778487 , 78.126608683230, 0.01 , 0.01 ,25.86 , 8.55 , 1.79 , 0.56 , 358.11
2024-02-24 12:31:18,561 :- 00075: 009 , 20.00 , 00.10 || 1708758078, 17.601831259922 , 78.126608515843, 0.01 , 0.01 ,25.86 , 9.59 , 1.83 , 0.64 , 358.05
2024-02-24 12:31:18,590 :- 00076: 009 , 20.00 , 00.10 || 1708758078, 17.601831259922 , 78.126608515843, 0.01 , 0.01 ,25.86 , 9.59 , 1.83 , 0.64 , 358.051708758078, 17.601831259922 , 78.126608515843, 0.01 , 0.01 ,25.86 , 9.87 , 1.91 , 0.64 , 358.01
2024-02-24 12:31:18,611 :- 00077: 014 , 20.00 , 00.10 || 1708758078, 17.601831259922 , 78.126608515843, 0.01 , 0.01 ,25.86 , 9.67 , 1.96 , 0.64 , 357.97
2024-02-24 12:31:18,641 :- 00078: 017 , 20.00 , 00.10 || 1708758078, 17.601837708439 , 78.126608375636, 0.01 , 0.01 ,25.68 , 9.46 , 1.98 , 0.67 , 357.87
2024-02-24 12:31:18,671 :- 00079: 020 , 20.00 , 00.10 || 1708758078, 17.601837708439 , 78.126608375636, 0.01 , 0.01 ,25.68 , 8.79 , 1.99 , 0.63 , 357.82
2024-02-24 12:31:18,701 :- 00080: 023 , 20.00 , 00.10 || 1708758078, 17.601837708439 , 78.126608375636, 0.01 , 0.01 ,25.68 , 9.79 , 2.02 , 0.58 , 357.75
2024-02-24 12:31:18,731 :- 00081: 026 , 20.00 , 00.10 || 1708758078, 17.601837708439 , 78.126608375636, 0.01 , 0.01 ,25.40 , 9.68 , 1.96 , 0.54 , 357.73
2024-02-24 12:31:18,761 :- 00082: 029 , 20.00 , 00.10 || 1708758078, 17.601844099249 , 78.126608252685, 0.01 , 0.01 ,25.40 , 8.31 , 1.83 , 0.50 , 357.72
2024-02-24 12:31:18,791 :- 00083: 032 , 20.00 , 00.20 || 1708758078, 17.601844099249 , 78.126608252685, 0.01 , 0.01 ,25.40 , 10.33 , 1.78 , 0.47 , 357.73
2024-02-24 12:31:18,821 :- 00084: 035 , 20.00 , 00.20 || 1708758078, 17.601844099249 , 78.126608252685, 0.01 , 0.01 ,25.40 , 10.31 , 1.74 , 0.44 , 357.78
2024-02-24 12:31:18,851 :- 00085: 038 , 20.00 , 00.20 || 1708758078, 17.601850470995 , 78.126607991499, 0.01 , 0.01 ,25.36 , 9.62 , 1.70 , 0.44 , 357.80
2024-02-24 12:31:18,881 :- 00086: 041 , 20.00 , -0.00 || 1708758078, 17.601850470995 , 78.126607991499, 0.01 , 0.01 ,25.36 , 9.37 , 1.75 , 0.42 , 357.82
2024-02-24 12:31:18,911 :- 00087: 044 , 20.00 , -0.00 || 1708758078, 17.601850470995 , 78.126607991499, 0.01 , 0.01 ,25.36 , 11.43 , 1.83 , 0.44 , 357.82
2024-02-24 12:31:18,941 :- 00088: 047 , 20.00 , -0.00 || 1708758078, 17.601856812342 , 78.126607901492, 0.00 , 0.01 ,25.49 , 10.56 , 1.92 , 0.45 , 357.79
2024-02-24 12:31:18,971 :- 00089: 050 , 20.00 , -0.00 || 1708758078, 17.601856812342 , 78.126607901492, 0.00 , 0.01 ,25.49 , 10.36 , 1.93 , 0.50 , 357.76
2024-02-24 12:31:19,001 :- 00090: 053 , 20.00 , -0.00 || 1708758078, 17.601856812342 , 78.126607901492, 0.00 , 0.01 ,25.49 , 10.18 , 2.08 , 0.58 , 357.70
2024-02-24 12:31:19,031 :- 00091: 056 , 20.00 , -0.00 || 1708758079, 17.601856812342 , 78.126607901492, 0.00 , 0.01 ,25.58 , 9.96 , 2.10 , 0.62 , 357.68
2024-02-24 12:31:19,061 :- 00092: 059 , 20.00 , -0.00 || 1708758079, 17.601863227486 , 78.126607832962, 0.00 , 0.01 ,25.58 , 9.76 , 2.15 , 0.69 , 357.65
2024-02-24 12:31:19,091 :- 00093: 062 , 20.00 , 00.10 || 1708758079, 17.601863227486 , 78.126607832962, 0.00 , 0.01 ,25.58 , 8.96 , 2.17 , 0.73 , 357.64
2024-02-24 12:31:19,121 :- 00094: 065 , 20.00 , 00.10 || 1708758079, 17.601863227486 , 78.126607832962, 0.00 , 0.01 ,25.58 , 9.31 , 2.19 , 0.80 , 357.65
2024-02-24 12:31:19,151 :- 00095: 068 , 20.00 , 00.10 || 1708758079, 17.601869633814 , 78.126607711953, 0.00 , 0.01 ,25.47 , 8.86 , 2.18 , 0.80 , 357.66
2024-02-24 12:31:19,181 :- 00096: 071 , 20.00 , 00.10 || 1708758079, 17.601869633814 , 78.126607711953, 0.00 , 0.01 ,25.47 , 9.19 , 2.17 , 0.84 , 357.69
2024-02-24 12:31:19,211 :- 00097: 074 , 20.00 , 00.20 || 1708758079, 17.601869633814 , 78.126607711953, 0.00 , 0.01 ,25.47 , 9.70 , 2.14 , 0.86 , 357.70
2024-02-24 12:31:19,241 :- 00098: 077 , 20.00 , 00.20 || 1708758079, 17.601875996551 , 78.126607468754, 0.00 , 0.01 ,25.32 , 9.19 , 2.10 , 0.80 , 357.72
2024-02-24 12:31:19,271 :- 00099: 080 , 20.00 , 00.20 || 1708758079, 17.601875996551 , 78.126607468754, 0.00 , 0.01 ,25.32 , 9.61 , 2.07 , 0.80 , 357.72
2024-02-24 12:31:19,301 :- 00100: 083 , 20.00 , -0.00 || 1708758079, 17.601875996551 , 78.126607468754, 0.00 , 0.01 ,25.32 , 9.93 , 2.03 , 0.79 , 357.72
2024-02-24 12:31:19,331 :- 00101: 086 , 20.00 , -0.00 || 1708758079, 17.601875996551 , 78.126607468754, 0.00 , 0.01 ,25.32 , 9.58 , 2.01 , 0.76 , 357.73
2024-02-24 12:31:19,361 :- 00102: 089 , 20.00 , -0.00 || 1708758079, 17.601882319267 , 78.126607231944, 0.00 , 0.01 ,25.22 , 9.69 , 1.99 , 0.75 , 357.73
2024-02-24 12:31:19,391 :- 00103: 092 , 20.00 , -0.00 || 1708758079, 17.601882319267 , 78.126607231944, 0.00 , 0.01 ,25.22 , 10.24 , 1.99 , 0.71 , 357.72
2024-02-24 12:31:19,421 :- 00104: 095 , 20.00 , -0.00 || 1708758079, 17.601882319267 , 78.126607231944, 0.00 , 0.01 ,25.22 , 9.93 , 2.00 , 0.67 , 357.70
2024-02-24 12:31:19,451 :- 00105: 098 , 20.00 , -0.00 || 1708758079, 17.601888637185 , 78.126607046756, 0.01 , 0.01 ,25.18 , 9.70 , 1.99 , 0.64 , 357.69
2024-02-24 12:31:19,481 :- 00106: 101 , 20.00 , -0.00 || 1708758079, 17.601888637185 , 78.126607046756, 0.01 , 0.01 ,25.18 , 9.86 , 2.05 , 0.61 , 357.66
2024-02-24 12:31:19,511 :- 00107: 104 , 20.00 , 00.00 || 1708758079, 17.601888637185 , 78.126607046756, 0.01 , 0.01 ,25.18 , 9.95 , 2.07 , 0.58 , 357.66
2024-02-24 12:31:19,541 :- 00108: 107 , 20.00 , 00.00 || 1708758079, 17.601894942400 , 78.126606891864, 0.01 , 0.01 ,25.15 , 10.04 , 2.07 , 0.54 , 357.65
2024-02-24 12:31:19,571 :- 00109: 110 , 20.00 , 00.00 || 1708758079, 17.601894942400 , 78.126606891864, 0.01 , 0.01 ,25.15 , 9.75 , 2.07 , 0.53 , 357.64
2024-02-24 12:31:19,601 :- 00110: 113 , 20.00 , -0.10 || 1708758079, 17.601894942400 , 78.126606891864, 0.01 , 0.01 ,25.15 , 10.05 , 2.03 , 0.47 , 357.65
2024-02-24 12:31:19,631 :- 00111: 116 , 20.00 , -0.10 || 1708758079, 17.601894942400 , 78.126606891864, 0.01 , 0.01 ,25.04 , 9.91 , 2.00 , 0.47 , 357.65
2024-02-24 12:31:19,661 :- 00112: 119 , 20.00 , -0.10 || 1708758079, 17.601901222171 , 78.126606698701, 0.01 , 0.01 ,25.04 , 9.91 , 1.99 , 0.46 , 357.66
2024-02-24 12:31:19,691 :- 00113: 122 , 20.00 , -0.10 || 1708758079, 17.601901222171 , 78.126606698701, 0.01 , 0.01 ,25.04 , 10.26 , 1.97 , 0.44 , 357.66
2024-02-24 12:31:19,721 :- 00114: 125 , 20.00 , -0.10 || 1708758079, 17.601901222171 , 78.126606698701, 0.01 , 0.01 ,25.04 , 10.09 , 1.96 , 0.46 , 357.66
2024-02-24 12:31:19,751 :- 00115: 128 , 20.00 , -0.10 || 1708758079, 17.601907515100 , 78.126606470276, 0.01 , 0.01 ,25.06 , 10.23 , 1.94 , 0.45 , 357.66
2024-02-24 12:31:19,781 :- 00116: 131 , 20.00 , -0.10 || 1708758079, 17.601907515100 , 78.126606470276, 0.01 , 0.01 ,25.06 , 9.55 , 1.93 , 0.48 , 357.66
2024-02-24 12:31:19,811 :- 00117: 134 , 20.00 , -0.10 || 1708758079, 17.601907515100 , 78.126606470276, 0.01 , 0.01 ,25.06 , 9.75 , 1.90 , 0.45 , 357.67
2024-02-24 12:31:19,841 :- 00118: 137 , 20.00 , -0.10 || 1708758079, 17.601913787934 , 78.126606265223, 0.01 , 0.01 ,25.01 , 9.72 , 1.85 , 0.46 , 357.68
2024-02-24 12:31:19,870 :- 00119: 137 , 20.00 , -0.10 || 1708758079, 17.601913787934 , 78.126606265223, 0.01 , 0.01 ,25.01 , 9.72 , 1.85 , 0.46 , 357.681708758079, 17.601913787934 , 78.126606265223, 0.01 , 0.01 ,25.01 , 9.96 , 1.84 , 0.46 , 357.68
2024-02-24 12:31:19,901 :- 00120: 143 , 20.00 , -0.10 || 1708758079, 17.601913787934 , 78.126606265223, 0.01 , 0.01 ,25.01 , 9.87 , 1.82 , 0.46 , 357.70
2024-02-24 12:31:19,931 :- 00121: 146 , 20.00 , -0.10 || 1708758079, 17.601913787934 , 78.126606265223, 0.01 , 0.01 ,24.91 , 10.26 , 1.84 , 0.48 , 357.71
2024-02-24 12:31:19,961 :- 00122: 149 , 20.00 , -0.10 || 1708758079, 17.601920046815 , 78.126606055218, 0.01 , 0.01 ,24.91 , 9.36 , 1.81 , 0.51 , 357.73
2024-02-24 12:31:19,991 :- 00123: 152 , 20.00 , -0.10 || 1708758079, 17.601920046815 , 78.126606055218, 0.01 , 0.01 ,24.91 , 9.33 , 1.79 , 0.52 , 357.74
2024-02-24 12:31:20,021 :- 00124: 155 , 20.00 , -0.20 || 1708758080, 17.601920046815 , 78.126606055218, 0.01 , 0.01 ,24.91 , 9.82 , 1.79 , 0.55 , 357.75
2024-02-24 12:31:20,051 :- 00125: 158 , 20.00 , -0.20 || 1708758080, 17.601926318894 , 78.126605870975, 0.01 , 0.01 ,25.00 , 9.53 , 1.79 , 0.54 , 357.76
2024-02-24 12:31:20,081 :- 00126: 161 , 20.00 , -0.20 || 1708758080, 17.601926318894 , 78.126605870975, 0.01 , 0.01 ,25.00 , 9.91 , 1.76 , 0.54 , 357.78
2024-02-24 12:31:20,111 :- 00127: 164 , 20.00 , -0.20 || 1708758080, 17.601926318894 , 78.126605870975, 0.01 , 0.01 ,25.00 , 9.06 , 1.74 , 0.51 , 357.78
2024-02-24 12:31:20,141 :- 00128: 167 , 20.00 , -0.20 || 1708758080, 17.601932534200 , 78.126605670687, 0.01 , 0.01 ,24.77 , 11.15 , 1.73 , 0.50 , 357.80
2024-02-24 12:31:20,171 :- 00129: 170 , 20.00 , -0.20 || 1708758080, 17.601932534200 , 78.126605670687, 0.01 , 0.01 ,24.77 , 9.52 , 1.70 , 0.49 , 357.81
2024-02-24 12:31:20,201 :- 00130: 173 , 20.00 , -0.30 || 1708758080, 17.601932534200 , 78.126605670687, 0.01 , 0.01 ,24.77 , 10.27 , 1.71 , 0.47 , 357.82
2024-02-24 12:31:20,231 :- 00131: 176 , 20.00 , -0.30 || 1708758080, 17.601932534200 , 78.126605670687, 0.01 , 0.01 ,24.64 , 9.20 , 1.70 , 0.47 , 357.83
2024-02-24 12:31:20,261 :- 00132: 179 , 20.00 , -0.30 || 1708758080, 17.601938728988 , 78.126605485924, 0.01 , 0.01 ,24.64 , 9.88 , 1.72 , 0.43 , 357.84
2024-02-24 12:31:20,291 :- 00133: 182 , 20.00 , -0.30 || 1708758080, 17.601938728988 , 78.126605485924, 0.01 , 0.01 ,24.64 , 9.84 , 1.73 , 0.42 , 357.84
2024-02-24 12:31:20,321 :- 00134: 185 , 20.00 , -0.70 || 1708758080, 17.601938728988 , 78.126605485924, 0.01 , 0.01 ,24.64 , 9.61 , 1.72 , 0.39 , 357.85
2024-02-24 12:31:20,351 :- 00135: 188 , 20.00 , -0.70 || 1708758080, 17.601944915229 , 78.126605330109, 0.01 , 0.01 ,24.62 , 9.88 , 1.72 , 0.35 , 357.86
2024-02-24 12:31:20,381 :- 00136: 191 , 20.00 , -0.70 || 1708758080, 17.601944915229 , 78.126605330109, 0.01 , 0.01 ,24.62 , 10.20 , 1.71 , 0.37 , 357.87
2024-02-24 12:31:20,411 :- 00137: 194 , 20.00 , -0.70 || 1708758080, 17.601944915229 , 78.126605330109, 0.01 , 0.01 ,24.62 , 9.76 , 1.70 , 0.34 , 357.88
2024-02-24 12:31:20,441 :- 00138: 197 , 20.00 , -0.70 || 1708758080, 17.601951088181 , 78.126605162860, 0.01 , 0.01 ,24.63 , 10.29 , 1.66 , 0.35 , 357.90
2024-02-24 12:31:20,471 :- 00139: 200 , 20.00 , -0.70 || 1708758080, 17.601951088181 , 78.126605162860, 0.01 , 0.01 ,24.63 , 9.86 , 1.65 , 0.34 , 357.92
2024-02-24 12:31:20,500 :- 00140: 203 , 20.00 , -0.80 || 1708758080, 17.601951088181 , 78.126605162860, 0.01 , 0.01 ,24.63 , 10.00 , 1.57 , 0.36 , 357.95
2024-02-24 12:31:20,521 :- 00141: 205 , 20.00 , -0.80 || 1708758080, 17.601951088181 , 78.126605162860, 0.01 , 0.01 ,24.63 , 9.93 , 1.52 , 0.38 , 357.98
2024-02-24 12:31:20,551 :- 00142: 208 , 20.00 , -0.80 || 1708758080, 17.601957259970 , 78.126604960674, 0.01 , 0.01 ,24.69 , 9.79 , 1.50 , 0.38 , 358.00
2024-02-24 12:31:20,581 :- 00143: 211 , 20.00 , -0.80 || 1708758080, 17.601957259970 , 78.126604960674, 0.01 , 0.01 ,24.69 , 9.96 , 1.42 , 0.41 , 358.08
2024-02-24 12:31:20,611 :- 00144: 214 , 20.00 , -0.80 || 1708758080, 17.601957259970 , 78.126604960674, 0.01 , 0.01 ,24.69 , 9.66 , 1.39 , 0.41 , 358.12
2024-02-24 12:31:20,641 :- 00145: 217 , 20.00 , -0.80 || 1708758080, 17.601963424609 , 78.126604763448, 0.01 , 0.01 ,24.55 , 9.84 , 1.33 , 0.41 , 358.21
2024-02-24 12:31:20,671 :- 00146: 220 , 20.00 , -0.80 || 1708758080, 17.601963424609 , 78.126604763448, 0.01 , 0.01 ,24.55 , 9.85 , 1.31 , 0.41 , 358.25
2024-02-24 12:31:20,701 :- 00147: 223 , 20.00 , -0.50 || 1708758080, 17.601963424609 , 78.126604763448, 0.01 , 0.01 ,24.55 , 9.45 , 1.26 , 0.42 , 358.34
2024-02-24 12:31:20,731 :- 00148: 226 , 20.00 , -0.30 || 1708758080, 17.601963424609 , 78.126604763448, 0.01 , 0.01 ,24.35 , 9.59 , 1.25 , 0.38 , 358.38
2024-02-24 12:31:20,761 :- 00149: 229 , 20.00 , -0.30 || 1708758080, 17.601969548362 , 78.126604609533, 0.01 , 0.01 ,24.35 , 9.73 , 1.24 , 0.36 , 358.46
2024-02-24 12:31:20,791 :- 00150: 232 , 20.00 , -0.30 || 1708758080, 17.601969548362 , 78.126604609533, 0.01 , 0.01 ,24.35 , 9.89 , 1.24 , 0.35 , 358.49
2024-02-24 12:31:20,821 :- 00151: 235 , 20.00 , -0.20 || 1708758080, 17.601969548362 , 78.126604609533, 0.01 , 0.01 ,24.35 , 9.80 , 1.23 , 0.31 , 358.55
2024-02-24 12:31:20,851 :- 00152: 238 , 20.00 , -0.20 || 1708758080, 17.601975678648 , 78.126604514657, 0.01 , 0.01 ,24.44 , 9.61 , 1.21 , 0.28 , 358.59
2024-02-24 12:31:20,881 :- 00153: 241 , 20.00 , -0.20 || 1708758080, 17.601975678648 , 78.126604514657, 0.01 , 0.01 ,24.44 , 10.16 , 1.26 , 0.28 , 358.64
2024-02-24 12:31:20,911 :- 00154: 244 , 20.00 , -0.20 || 1708758080, 17.601975678648 , 78.126604514657, 0.01 , 0.01 ,24.44 , 9.34 , 1.29 , 0.24 , 358.67
2024-02-24 12:31:20,941 :- 00155: 247 , 23.90 , 00.00 || 1708758080, 17.601981754106 , 78.126604434433, 0.01 , 0.01 ,24.22 , 10.10 , 1.36 , 0.21 , 358.70
2024-02-24 12:31:20,971 :- 00156: 250 , 23.80 , -0.00 || 1708758080, 17.601981754106 , 78.126604434433, 0.01 , 0.01 ,24.22 , 10.00 , 1.39 , 0.21 , 358.70
2024-02-24 12:31:21,001 :- 00157: 253 , 23.80 , -0.00 || 1708758080, 17.601981754106 , 78.126604434433, 0.01 , 0.01 ,24.22 , 10.77 , 1.42 , 0.20 , 358.69
2024-02-24 12:31:21,031 :- 00158: 000 , 23.80 , -0.00 || 1708758081, 17.601981754106 , 78.126604434433, 0.01 , 0.01 ,24.19 , 9.79 , 1.41 , 0.21 , 358.68
2024-02-24 12:31:21,061 :- 00159: 003 , 23.80 , -0.00 || 1708758081, 17.601987840048 , 78.126604387234, 0.01 , 0.01 ,24.19 , 9.96 , 1.44 , 0.24 , 358.67
2024-02-24 12:31:21,091 :- 00160: 006 , 23.70 , -0.00 || 1708758081, 17.601987840048 , 78.126604387234, 0.01 , 0.01 ,24.19 , 10.46 , 1.47 , 0.24 , 358.66
2024-02-24 12:31:21,121 :- 00161: 009 , 23.70 , -0.00 || 1708758081, 17.601987840048 , 78.126604387234, 0.01 , 0.01 ,24.19 , 9.71 , 1.47 , 0.32 , 358.66
2024-02-24 12:31:21,150 :- 00162: 009 , 23.70 , -0.00 || 1708758081, 17.601987840048 , 78.126604387234, 0.01 , 0.01 ,24.19 , 9.71 , 1.47 , 0.32 , 358.661708758081, 17.601993962166 , 78.126604355030, 0.01 , 0.01 ,24.40 , 9.59 , 1.45 , 0.34 , 358.67
2024-02-24 12:31:21,191 :- 00163: 016 , 23.70 , -0.00 || 1708758081, 17.601993962166 , 78.126604355030, 0.01 , 0.01 ,24.40 , 10.12 , 1.44 , 0.40 , 358.68
2024-02-24 12:31:21,221 :- 00164: 019 , 23.60 , -0.00 || 1708758081, 17.601993962166 , 78.126604355030, 0.01 , 0.01 ,24.40 , 10.04 , 1.42 , 0.47 , 358.69
2024-02-24 12:31:21,251 :- 00165: 022 , 23.60 , -0.00 || 1708758081, 17.602000034457 , 78.126604249398, 0.01 , 0.01 ,24.18 , 9.35 , 1.39 , 0.51 , 358.69
2024-02-24 12:31:21,281 :- 00166: 025 , 23.50 , -0.00 || 1708758081, 17.602000034457 , 78.126604249398, 0.01 , 0.01 ,24.18 , 10.18 , 1.41 , 0.57 , 358.69
2024-02-24 12:31:21,311 :- 00167: 028 , 23.50 , -0.00 || 1708758081, 17.602000034457 , 78.126604249398, 0.01 , 0.01 ,24.18 , 8.87 , 1.38 , 0.62 , 358.69
2024-02-24 12:31:21,341 :- 00168: 031 , 23.40 , -0.00 || 1708758081, 17.602000034457 , 78.126604249398, 0.01 , 0.01 ,24.18 , 9.78 , 1.36 , 0.64 , 358.69
2024-02-24 12:31:21,371 :- 00169: 034 , 23.40 , -0.00 || 1708758081, 17.602006041257 , 78.126604152248, 0.01 , 0.01 ,23.85 , 9.31 , 1.34 , 0.65 , 358.69
2024-02-24 12:31:21,401 :- 00170: 037 , 23.30 , -0.00 || 1708758081, 17.602006041257 , 78.126604152248, 0.01 , 0.01 ,23.85 , 9.79 , 1.28 , 0.68 , 358.69
2024-02-24 12:31:21,431 :- 00171: 040 , 23.20 , -0.00 || 1708758081, 17.602006041257 , 78.126604152248, 0.01 , 0.01 ,23.63 , 9.76 , 1.24 , 0.68 , 358.69
2024-02-24 12:31:21,461 :- 00172: 043 , 23.20 , -0.00 || 1708758081, 17.602012000844 , 78.126604039912, 0.01 , 0.01 ,23.63 , 9.21 , 1.20 , 0.67 , 358.69
2024-02-24 12:31:21,491 :- 00173: 046 , 23.20 , -0.00 || 1708758081, 17.602012000844 , 78.126604039912, 0.01 , 0.01 ,23.63 , 9.72 , 1.18 , 0.69 , 358.69
2024-02-24 12:31:21,521 :- 00174: 049 , 23.10 , -0.00 || 1708758081, 17.602012000844 , 78.126604039912, 0.01 , 0.01 ,23.63 , 9.66 , 1.15 , 0.65 , 358.68
2024-02-24 12:31:21,551 :- 00175: 052 , 23.00 , -0.00 || 1708758081, 17.602017905733 , 78.126603956146, 0.01 , 0.01 ,23.44 , 10.08 , 1.15 , 0.67 , 358.68
2024-02-24 12:31:21,581 :- 00176: 055 , 23.00 , -0.00 || 1708758081, 17.602017905733 , 78.126603956146, 0.01 , 0.01 ,23.44 , 8.97 , 1.10 , 0.65 , 358.68
2024-02-24 12:31:21,611 :- 00177: 058 , 22.90 , -0.00 || 1708758081, 17.602017905733 , 78.126603956146, 0.01 , 0.01 ,23.44 , 10.03 , 1.11 , 0.64 , 358.68
2024-02-24 12:31:21,641 :- 00178: 061 , 22.90 , -0.00 || 1708758081, 17.602023744975 , 78.126603862850, 0.01 , 0.01 ,23.16 , 9.62 , 1.10 , 0.61 , 358.68
2024-02-24 12:31:21,671 :- 00179: 064 , 22.80 , -0.00 || 1708758081, 17.602023744975 , 78.126603862850, 0.01 , 0.01 ,23.16 , 9.68 , 1.09 , 0.59 , 358.68
2024-02-24 12:31:21,701 :- 00180: 067 , 22.80 , -0.00 || 1708758081, 17.602023744975 , 78.126603862850, 0.01 , 0.01 ,23.16 , 9.83 , 1.06 , 0.57 , 358.68
2024-02-24 12:31:21,731 :- 00181: 070 , 22.70 , -0.00 || 1708758081, 17.602023744975 , 78.126603862850, 0.01 , 0.01 ,22.90 , 10.13 , 1.05 , 0.55 , 358.69
2024-02-24 12:31:21,761 :- 00182: 073 , 22.70 , -0.00 || 1708758081, 17.602029521988 , 78.126603760139, 0.01 , 0.01 ,22.90 , 9.94 , 1.00 , 0.53 , 358.69
2024-02-24 12:31:21,790 :- 00183: 073 , 22.70 , -0.00 || 1708758081, 17.602029521988 , 78.126603760139, 0.01 , 0.01 ,22.90 , 9.94 , 1.00 , 0.53 , 358.691708758081, 17.602029521988 , 78.126603760139, 0.01 , 0.01 ,22.90 , 9.89 , 0.96 , 0.52 , 358.69
2024-02-24 12:31:21,811 :- 00184: 078 , 22.60 , -0.00 || 1708758081, 17.602029521988 , 78.126603760139, 0.01 , 0.01 ,22.90 , 10.21 , 0.95 , 0.50 , 358.69
2024-02-24 12:31:21,841 :- 00185: 081 , 22.50 , -0.00 || 1708758081, 17.602035275753 , 78.126603656673, 0.01 , 0.01 ,22.83 , 9.72 , 0.89 , 0.50 , 358.70
2024-02-24 12:31:21,871 :- 00186: 084 , 22.50 , -0.00 || 1708758081, 17.602035275753 , 78.126603656673, 0.01 , 0.01 ,22.83 , 9.97 , 0.88 , 0.49 , 358.70
2024-02-24 12:31:21,901 :- 00187: 087 , 22.40 , -0.00 || 1708758081, 17.602035275753 , 78.126603656673, 0.01 , 0.01 ,22.83 , 9.86 , 0.87 , 0.50 , 358.70
2024-02-24 12:31:21,931 :- 00188: 090 , 22.40 , -0.00 || 1708758081, 17.602035275753 , 78.126603656673, 0.01 , 0.01 ,22.82 , 9.85 , 0.86 , 0.50 , 358.70
2024-02-24 12:31:21,961 :- 00189: 093 , 22.30 , -0.00 || 1708758081, 17.602041021447 , 78.126603592454, 0.01 , 0.01 ,22.82 , 9.55 , 0.80 , 0.50 , 358.70
2024-02-24 12:31:21,991 :- 00190: 096 , 22.20 , -0.00 || 1708758081, 17.602041021447 , 78.126603592454, 0.01 , 0.01 ,22.82 , 9.85 , 0.78 , 0.51 , 358.69
2024-02-24 12:31:22,021 :- 00191: 099 , 22.10 , -0.00 || 1708758082, 17.602041021447 , 78.126603592454, 0.01 , 0.01 ,22.82 , 10.46 , 0.73 , 0.51 , 358.69
2024-02-24 12:31:22,051 :- 00192: 102 , 22.00 , -0.00 || 1708758082, 17.602046639120 , 78.126603465396, 0.01 , 0.01 ,22.50 , 9.47 , 0.69 , 0.53 , 358.69
2024-02-24 12:31:22,081 :- 00193: 105 , 21.90 , -0.00 || 1708758082, 17.602046639120 , 78.126603465396, 0.01 , 0.01 ,22.50 , 10.08 , 0.66 , 0.58 , 358.69
2024-02-24 12:31:22,111 :- 00194: 108 , 21.70 , -0.00 || 1708758082, 17.602046639120 , 78.126603465396, 0.01 , 0.01 ,22.50 , 9.94 , 0.66 , 0.60 , 358.69
2024-02-24 12:31:22,141 :- 00195: 111 , 21.60 , -0.00 || 1708758082, 17.602052209100 , 78.126603389548, 0.01 , 0.01 ,22.13 , 10.08 , 0.63 , 0.67 , 358.69
2024-02-24 12:31:22,171 :- 00196: 114 , 21.40 , -0.00 || 1708758082, 17.602052209100 , 78.126603389548, 0.01 , 0.01 ,22.13 , 9.97 , 0.61 , 0.72 , 358.68
2024-02-24 12:31:22,201 :- 00197: 117 , 21.20 , -0.00 || 1708758082, 17.602052209100 , 78.126603389548, 0.01 , 0.01 ,22.13 , 9.69 , 0.58 , 0.82 , 358.68
2024-02-24 12:31:22,231 :- 00198: 120 , 21.00 , -0.00 || 1708758082, 17.602052209100 , 78.126603389548, 0.01 , 0.01 ,21.41 , 9.55 , 0.57 , 0.86 , 358.68
2024-02-24 12:31:22,261 :- 00199: 123 , 20.80 , -0.00 || 1708758082, 17.602057618503 , 78.126603315928, 0.01 , 0.01 ,21.41 , 9.48 , 0.58 , 0.94 , 358.67
2024-02-24 12:31:22,291 :- 00200: 126 , 20.60 , -0.00 || 1708758082, 17.602057618503 , 78.126603315928, 0.01 , 0.01 ,21.41 , 9.54 , 0.59 , 0.98 , 358.67
2024-02-24 12:31:22,321 :- 00201: 129 , 20.40 , 00.00 || 1708758082, 17.602057618503 , 78.126603315928, 0.01 , 0.01 ,21.41 , 9.50 , 0.58 , 1.01 , 358.66
2024-02-24 12:31:22,351 :- 00202: 132 , 20.10 , 00.00 || 1708758082, 17.602062784439 , 78.126603161803, 0.01 , 0.01 ,20.36 , 9.66 , 0.59 , 1.03 , 358.66
2024-02-24 12:31:22,381 :- 00203: 135 , 19.90 , 00.00 || 1708758082, 17.602062784439 , 78.126603161803, 0.01 , 0.01 ,20.36 , 9.68 , 0.59 , 1.04 , 358.65
2024-02-24 12:31:22,411 :- 00204: 138 , 19.60 , 00.00 || 1708758082, 17.602062784439 , 78.126603161803, 0.01 , 0.01 ,20.36 , 9.73 , 0.59 , 1.04 , 358.65
2024-02-24 12:31:22,441 :- 00205: 141 , 19.40 , 00.10 || 1708758082, 17.602067741476 , 78.126603160081, 0.01 , 0.01 ,19.52 , 9.86 , 0.60 , 1.03 , 358.64
2024-02-24 12:31:22,471 :- 00206: 144 , 19.20 , 00.10 || 1708758082, 17.602067741476 , 78.126603160081, 0.01 , 0.01 ,19.52 , 9.85 , 0.61 , 1.04 , 358.64
2024-02-24 12:31:22,501 :- 00207: 147 , 19.00 , 00.10 || 1708758082, 17.602067741476 , 78.126603160081, 0.01 , 0.01 ,19.52 , 9.75 , 0.61 , 1.03 , 358.62
2024-02-24 12:31:22,531 :- 00208: 150 , 18.70 , 00.10 || 1708758082, 17.602067741476 , 78.126603160081, 0.01 , 0.01 ,18.61 , 9.48 , 0.62 , 1.03 , 358.62
2024-02-24 12:31:22,561 :- 00209: 153 , 18.50 , 00.20 || 1708758082, 17.602072477499 , 78.126603073538, 0.01 , 0.01 ,18.61 , 9.62 , 0.62 , 1.03 , 358.60
2024-02-24 12:31:22,591 :- 00210: 156 , 18.20 , 00.20 || 1708758082, 17.602072477499 , 78.126603073538, 0.01 , 0.01 ,18.61 , 9.64 , 0.62 , 1.03 , 358.59
2024-02-24 12:31:22,621 :- 00211: 159 , 18.00 , 00.30 || 1708758082, 17.602072477499 , 78.126603073538, 0.01 , 0.01 ,18.61 , 9.68 , 0.65 , 1.02 , 358.57
2024-02-24 12:31:22,651 :- 00212: 162 , 17.80 , 00.30 || 1708758082, 17.602072477499 , 78.126603073538, 0.01 , 0.01 ,17.91 , 9.85 , 0.68 , 1.03 , 358.57
2024-02-24 12:31:22,681 :- 00213: 165 , 17.50 , 00.40 || 1708758082, 17.602077071658 , 78.126602973278, 0.01 , 0.01 ,17.91 , 9.62 , 0.72 , 1.02 , 358.55
2024-02-24 12:31:22,711 :- 00214: 168 , 17.20 , 00.40 || 1708758082, 17.602077071658 , 78.126602973278, 0.01 , 0.01 ,17.91 , 9.78 , 0.75 , 1.03 , 358.53
2024-02-24 12:31:22,741 :- 00215: 171 , 17.00 , 00.40 || 1708758082, 17.602081388436 , 78.126602940913, 0.01 , 0.01 ,17.01 , 9.77 , 0.84 , 1.01 , 358.50
2024-02-24 12:31:22,771 :- 00216: 174 , 16.70 , 00.40 || 1708758082, 17.602081388436 , 78.126602940913, 0.01 , 0.01 ,17.01 , 9.75 , 0.88 , 1.01 , 358.48
2024-02-24 12:31:22,801 :- 00217: 177 , 16.50 , 00.50 || 1708758082, 17.602081388436 , 78.126602940913, 0.01 , 0.01 ,17.01 , 10.07 , 0.97 , 0.99 , 358.45
2024-02-24 12:31:22,831 :- 00218: 180 , 16.20 , 00.50 || 1708758082, 17.602081388436 , 78.126602940913, 0.01 , 0.01 ,16.06 , 9.68 , 0.99 , 0.98 , 358.43
2024-02-24 12:31:22,861 :- 00219: 183 , 16.00 , 00.50 || 1708758082, 17.602085478480 , 78.126603002219, 0.01 , 0.01 ,16.06 , 9.83 , 1.00 , 0.97 , 358.39
2024-02-24 12:31:22,891 :- 00220: 186 , 15.70 , 00.50 || 1708758082, 17.602085478480 , 78.126603002219, 0.01 , 0.01 ,16.06 , 9.51 , 0.99 , 0.95 , 358.37
2024-02-24 12:31:22,921 :- 00221: 189 , 15.50 , 00.50 || 1708758082, 17.602085478480 , 78.126603002219, 0.01 , 0.01 ,16.06 , 9.78 , 0.94 , 0.92 , 358.33
2024-02-24 12:31:22,951 :- 00222: 192 , 15.30 , 00.50 || 1708758082, 17.602089329551 , 78.126602869048, 0.01 , 0.01 ,15.16 , 9.64 , 0.92 , 0.91 , 358.31
2024-02-24 12:31:22,981 :- 00223: 195 , 15.00 , 00.50 || 1708758082, 17.602089329551 , 78.126602869048, 0.01 , 0.01 ,15.16 , 9.83 , 0.89 , 0.86 , 358.28
2024-02-24 12:31:23,011 :- 00224: 198 , 14.80 , 00.50 || 1708758082, 17.602089329551 , 78.126602869048, 0.01 , 0.01 ,15.16 , 9.79 , 0.89 , 0.82 , 358.27
2024-02-24 12:31:23,041 :- 00225: 201 , 14.60 , 00.50 || 1708758083, 17.602093001338 , 78.126602721841, 0.01 , 0.01 ,14.41 , 9.81 , 0.87 , 0.80 , 358.24
2024-02-24 12:31:23,070 :- 00226: 201 , 14.60 , 00.50 || 1708758083, 17.602093001338 , 78.126602721841, 0.01 , 0.01 ,14.41 , 9.81 , 0.87 , 0.80 , 358.241708758083, 17.602093001338 , 78.126602721841, 0.01 , 0.01 ,14.41 , 9.57 , 0.85 , 0.80 , 358.23
2024-02-24 12:31:23,091 :- 00227: 206 , 14.20 , 00.50 || 1708758083, 17.602093001338 , 78.126602721841, 0.01 , 0.01 ,14.41 , 9.68 , 0.84 , 0.77 , 358.21
2024-02-24 12:31:23,121 :- 00228: 209 , 14.00 , 00.50 || 1708758083, 17.602093001338 , 78.126602721841, 0.01 , 0.01 ,14.41 , 9.79 , 0.83 , 0.79 , 358.18
2024-02-24 12:31:23,151 :- 00229: 212 , 13.90 , 00.50 || 1708758083, 17.602096503484 , 78.126602650112, 0.01 , 0.01 ,13.82 , 9.70 , 0.83 , 0.80 , 358.17
2024-02-24 12:31:23,181 :- 00230: 215 , 13.70 , 00.50 || 1708758083, 17.602096503484 , 78.126602650112, 0.01 , 0.01 ,13.82 , 9.71 , 0.84 , 0.78 , 358.13
2024-02-24 12:31:23,211 :- 00231: 218 , 13.50 , 00.50 || 1708758083, 17.602096503484 , 78.126602650112, 0.01 , 0.01 ,13.82 , 9.58 , 0.84 , 0.78 , 358.12
2024-02-24 12:31:23,241 :- 00232: 221 , 13.40 , 00.50 || 1708758083, 17.602099898272 , 78.126602571790, 0.01 , 0.01 ,13.35 , 9.81 , 0.85 , 0.78 , 358.08
2024-02-24 12:31:23,271 :- 00233: 224 , 13.20 , 00.50 || 1708758083, 17.602099898272 , 78.126602571790, 0.01 , 0.01 ,13.35 , 9.88 , 0.87 , 0.76 , 358.06
2024-02-24 12:31:23,301 :- 00234: 227 , 13.10 , 00.50 || 1708758083, 17.602099898272 , 78.126602571790, 0.01 , 0.01 ,13.35 , 10.12 , 0.90 , 0.73 , 358.02
2024-02-24 12:31:23,331 :- 00235: 230 , 13.00 , 00.50 || 1708758083, 17.602099898272 , 78.126602571790, 0.01 , 0.01 ,13.35 , 10.03 , 0.92 , 0.71 , 358.00
2024-02-24 12:31:23,361 :- 00236: 233 , 12.80 , 00.50 || 1708758083, 17.602103190846 , 78.126602514554, 0.01 , 0.01 ,12.96 , 9.80 , 0.98 , 0.69 , 357.96
2024-02-24 12:31:23,391 :- 00237: 236 , 12.70 , 00.50 || 1708758083, 17.602103190846 , 78.126602514554, 0.01 , 0.01 ,12.96 , 10.22 , 1.01 , 0.68 , 357.93
2024-02-24 12:31:23,421 :- 00238: 239 , 12.60 , 00.50 || 1708758083, 17.602103190846 , 78.126602514554, 0.01 , 0.01 ,12.96 , 10.06 , 1.03 , 0.66 , 357.89
2024-02-24 12:31:23,451 :- 00239: 242 , 12.50 , 00.50 || 1708758083, 17.602106387705 , 78.126602482709, 0.01 , 0.01 ,12.66 , 9.86 , 1.04 , 0.66 , 357.88
2024-02-24 12:31:23,481 :- 00240: 245 , 12.50 , 00.50 || 1708758083, 17.602106387705 , 78.126602482709, 0.01 , 0.01 ,12.66 , 9.78 , 1.07 , 0.69 , 357.86
2024-02-24 12:31:23,511 :- 00241: 248 , 12.40 , 00.50 || 1708758083, 17.602106387705 , 78.126602482709, 0.01 , 0.01 ,12.66 , 10.88 , 1.09 , 0.85 , 357.84
2024-02-24 12:31:23,541 :- 00242: 251 , 12.20 , 00.40 || 1708758083, 17.602109487551 , 78.126602400050, 0.01 , 0.01 ,12.25 , 7.27 , 0.98 , 0.27 , 357.86
2024-02-24 12:31:23,571 :- 00243: 254 , 12.10 , 00.40 || 1708758083, 17.602109487551 , 78.126602400050, 0.01 , 0.01 ,12.25 , 8.98 , 1.03 , 0.00 , 357.87
2024-02-24 12:31:23,601 :- 00244: 001 , 12.10 , 00.30 || 1708758083, 17.602109487551 , 78.126602400050, 0.01 , 0.01 ,12.25 , 8.82 , 1.00 , -0.06 , 357.85
2024-02-24 12:31:23,631 :- 00245: 004 , 12.00 , 00.30 || 1708758083, 17.602109487551 , 78.126602400050, 0.01 , 0.01 ,10.90 , 12.73 , 0.97 , -0.19 , 357.84
2024-02-24 12:31:23,661 :- 00246: 007 , 11.80 , 00.30 || 1708758083, 17.602112255667 , 78.126602255806, 0.01 , 0.01 ,10.90 , 10.11 , 0.91 , -0.36 , 357.83
2024-02-24 12:31:23,691 :- 00247: 010 , 11.80 , 00.30 || 1708758083, 17.602112255667 , 78.126602255806, 0.01 , 0.01 ,10.90 , 10.66 , 0.85 , -0.35 , 357.82
2024-02-24 12:31:23,721 :- 00248: 013 , 11.80 , 00.20 || 1708758083, 17.602112255667 , 78.126602255806, 0.01 , 0.01 ,10.90 , 8.88 , 0.83 , -0.08 , 357.79
2024-02-24 12:31:23,751 :- 00249: 016 , 11.70 , 00.20 || 1708758083, 17.602115212612 , 78.126602136866, 0.01 , 0.01 ,12.09 , 9.28 , 0.84 , -0.15 , 357.77
2024-02-24 12:31:23,781 :- 00250: 019 , 11.60 , 00.20 || 1708758083, 17.602115212612 , 78.126602136866, 0.01 , 0.01 ,12.09 , 9.37 , 0.87 , -0.01 , 357.75
2024-02-24 12:31:23,811 :- 00251: 022 , 11.50 , 00.20 || 1708758083, 17.602115212612 , 78.126602136866, 0.01 , 0.01 ,12.09 , 8.88 , 0.87 , 0.16 , 357.74
2024-02-24 12:31:23,841 :- 00252: 025 , 11.40 , 00.20 || 1708758083, 17.602118236522 , 78.126602044436, 0.01 , 0.01 ,12.06 , 10.02 , 0.90 , 0.33 , 357.72
2024-02-24 12:31:23,871 :- 00253: 028 , 11.20 , 00.20 || 1708758083, 17.602118236522 , 78.126602044436, 0.01 , 0.01 ,12.06 , 9.24 , 0.90 , 0.29 , 357.72
2024-02-24 12:31:23,901 :- 00254: 031 , 11.20 , 00.20 || 1708758083, 17.602118236522 , 78.126602044436, 0.01 , 0.01 ,12.06 , 9.82 , 0.94 , 0.44 , 357.70
2024-02-24 12:31:23,931 :- 00255: 034 , 11.10 , 00.20 || 1708758083, 17.602118236522 , 78.126602044436, 0.01 , 0.01 ,11.72 , 9.35 , 0.95 , 0.56 , 357.70
2024-02-24 12:31:23,961 :- 00256: 037 , 11.10 , 00.20 || 1708758083, 17.602121194665 , 78.126601988954, 0.01 , 0.01 ,11.72 , 10.23 , 1.01 , 0.56 , 357.69
2024-02-24 12:31:23,991 :- 00257: 040 , 11.00 , 00.10 || 1708758083, 17.602121194665 , 78.126601988954, 0.01 , 0.01 ,11.72 , 10.09 , 1.01 , 0.53 , 357.69
2024-02-24 12:31:24,021 :- 00258: 043 , 11.00 , 00.10 || 1708758084, 17.602121194665 , 78.126601988954, 0.01 , 0.01 ,11.72 , 9.79 , 1.00 , 0.55 , 357.68
2024-02-24 12:31:24,051 :- 00259: 046 , 11.10 , 00.10 || 1708758084, 17.602124061597 , 78.126601925960, 0.01 , 0.01 ,11.26 , 10.38 , 0.99 , 0.57 , 357.67
2024-02-24 12:31:24,081 :- 00260: 049 , 11.10 , 00.10 || 1708758084, 17.602124061597 , 78.126601925960, 0.01 , 0.01 ,11.26 , 10.48 , 0.97 , 0.43 , 357.66
2024-02-24 12:31:24,111 :- 00261: 052 , 11.10 , 00.10 || 1708758084, 17.602124061597 , 78.126601925960, 0.01 , 0.01 ,11.26 , 10.01 , 0.95 , 0.35 , 357.66
2024-02-24 12:31:24,141 :- 00262: 055 , 11.10 , 00.00 || 1708758084, 17.602126839566 , 78.126601819540, 0.01 , 0.01 ,11.03 , 10.45 , 0.95 , 0.31 , 357.65
2024-02-24 12:31:24,171 :- 00263: 058 , 11.10 , 00.00 || 1708758084, 17.602126839566 , 78.126601819540, 0.01 , 0.01 ,11.03 , 10.66 , 0.94 , 0.26 , 357.64
2024-02-24 12:31:24,201 :- 00264: 061 , 11.10 , 00.00 || 1708758084, 17.602126839566 , 78.126601819540, 0.01 , 0.01 ,11.03 , 10.11 , 0.91 , 0.16 , 357.64
2024-02-24 12:31:24,231 :- 00265: 064 , 11.10 , 00.00 || 1708758084, 17.602126839566 , 78.126601819540, 0.01 , 0.01 ,10.96 , 9.86 , 0.89 , 0.14 , 357.63
2024-02-24 12:31:24,261 :- 00266: 067 , 11.00 , 00.00 || 1708758084, 17.602129591303 , 78.126601711769, 0.01 , 0.01 ,10.96 , 11.67 , 0.92 , 0.31 , 357.62
2024-02-24 12:31:24,291 :- 00267: 070 , 10.40 , 00.00 || 1708758084, 17.602129591303 , 78.126601711769, 0.01 , 0.01 ,10.96 , 19.15 , 1.11 , 0.51 , 357.61
2024-02-24 12:31:24,321 :- 00268: 073 , 10.50 , 00.00 || 1708758084, 17.602129591303 , 78.126601711769, 0.01 , 0.01 ,10.96 , 15.04 , 1.04 , 0.45 , 357.61
2024-02-24 12:31:24,350 :- 00269: 073 , 10.50 , 00.00 || 1708758084, 17.602129591303 , 78.126601711769, 0.01 , 0.01 ,10.96 , 15.04 , 1.04 , 0.45 , 357.611708758084, 17.602132391594 , 78.126601626977, 0.01 , 0.01 ,11.16 , 9.69 , 0.93 , 0.86 , 357.61
2024-02-24 12:31:24,381 :- 00270: 079 , 11.00 , 00.00 || 1708758084, 17.602132391594 , 78.126601626977, 0.01 , 0.01 ,11.16 , 1.82 , 0.41 , 1.42 , 357.61
2024-02-24 12:31:24,411 :- 00271: 082 , 11.70 , 00.00 || 1708758084, 17.602132391594 , 78.126601626977, 0.01 , 0.01 ,11.16 , 0.52 , 0.30 , 1.44 , 357.61
2024-02-24 12:31:24,441 :- 00272: 085 , 11.60 , 00.00 || 1708758084, 17.602135282186 , 78.126601544261, 0.01 , 0.01 ,11.33 , 2.75 , 0.45 , 0.91 , 357.65
2024-02-24 12:31:24,471 :- 00273: 088 , 11.10 , 00.00 || 1708758084, 17.602135282186 , 78.126601544261, 0.01 , 0.01 ,11.33 , 12.16 , 1.12 , 1.20 , 357.62
2024-02-24 12:31:24,501 :- 00274: 091 , 11.00 , 00.00 || 1708758084, 17.602135282186 , 78.126601544261, 0.01 , 0.01 ,11.33 , 6.02 , 0.90 , 1.31 , 357.61
2024-02-24 12:31:24,531 :- 00275: 094 , 10.60 , 00.00 || 1708758084, 17.602135282186 , 78.126601544261, 0.01 , 0.01 ,10.07 , 8.48 , 0.91 , 0.84 , 357.62
2024-02-24 12:31:24,561 :- 00276: 097 , 10.50 , 00.00 || 1708758084, 17.602137855666 , 78.126601494560, 0.01 , 0.01 ,10.07 , 7.97 , 0.88 , 0.63 , 357.61
2024-02-24 12:31:24,591 :- 00277: 100 , 10.30 , 00.00 || 1708758084, 17.602137855666 , 78.126601494560, 0.01 , 0.01 ,10.07 , 9.40 , 0.96 , 0.61 , 357.60
2024-02-24 12:31:24,621 :- 00278: 103 , 10.20 , 00.00 || 1708758084, 17.602137855666 , 78.126601494560, 0.01 , 0.01 ,10.07 , 10.72 , 1.02 , 0.26 , 357.60
2024-02-24 12:31:24,651 :- 00279: 106 , 10.20 , 00.00 || 1708758084, 17.602140372497 , 78.126601439603, 0.01 , 0.01 ,10.13 , 10.43 , 1.01 , 0.13 , 357.60
2024-02-24 12:31:24,681 :- 00280: 109 , 10.10 , 00.00 || 1708758084, 17.602140372497 , 78.126601439603, 0.01 , 0.01 ,10.13 , 11.53 , 1.05 , -0.14 , 357.60
2024-02-24 12:31:24,711 :- 00281: 112 , 10.10 , 00.00 || 1708758084, 17.602140372497 , 78.126601439603, 0.01 , 0.01 ,10.13 , 12.81 , 1.08 , -0.18 , 357.60
2024-02-24 12:31:24,741 :- 00282: 115 , 10.10 , -0.00 || 1708758084, 17.602142949188 , 78.126601344966, 0.01 , 0.01 ,10.33 , 14.60 , 1.15 , -0.23 , 357.60
2024-02-24 12:31:24,771 :- 00283: 118 , 10.10 , -0.00 || 1708758084, 17.602142949188 , 78.126601344966, 0.01 , 0.01 ,10.33 , 13.63 , 1.13 , -0.22 , 357.60
2024-02-24 12:31:24,801 :- 00284: 121 , 10.20 , -0.00 || 1708758084, 17.602142949188 , 78.126601344966, 0.01 , 0.01 ,10.33 , 12.47 , 1.10 , -0.02 , 357.60
2024-02-24 12:31:24,831 :- 00285: 124 , 10.20 , -0.00 || 1708758084, 17.602142949188 , 78.126601344966, 0.01 , 0.01 ,10.33 , 11.51 , 1.08 , 0.09 , 357.60
2024-02-24 12:31:24,861 :- 00286: 127 , 10.30 , -0.00 || 1708758084, 17.602145646472 , 78.126601269886, 0.01 , 0.01 ,10.90 , 10.35 , 1.04 , 0.27 , 357.60
2024-02-24 12:31:24,891 :- 00287: 130 , 10.30 , -0.00 || 1708758084, 17.602145646472 , 78.126601269886, 0.01 , 0.01 ,10.90 , 9.31 , 1.03 , 0.37 , 357.60
2024-02-24 12:31:24,921 :- 00288: 133 , 10.30 , -0.00 || 1708758084, 17.602145646472 , 78.126601269886, 0.01 , 0.01 ,10.90 , 8.82 , 1.06 , 0.59 , 357.60
2024-02-24 12:31:24,951 :- 00289: 136 , 10.40 , -0.00 || 1708758084, 17.602148380487 , 78.126601159214, 0.01 , 0.01 ,10.83 , 8.72 , 1.08 , 0.66 , 357.60
2024-02-24 12:31:24,980 :- 00290: 139 , 10.30 , -0.00 || 1708758084, 17.602148380487 , 78.126601159214, 0.01 , 0.01 ,10.83 , 8.37 , 1.08 , 0.75 , 357.60
2024-02-24 12:31:25,011 :- 00291: 142 , 10.30 , -0.00 || 1708758084, 17.602148380487 , 78.126601159214, 0.01 , 0.01 ,10.83 , 8.01 , 1.07 , 0.76 , 357.60
2024-02-24 12:31:25,041 :- 00292: 145 , 10.30 , -0.00 || 1708758085, 17.602150997180 , 78.126601091598, 0.01 , 0.01 ,10.34 , 7.78 , 1.04 , 0.76 , 357.60
2024-02-24 12:31:25,071 :- 00293: 148 , 10.30 , -0.00 || 1708758085, 17.602150997180 , 78.126601091598, 0.01 , 0.01 ,10.34 , 8.15 , 1.02 , 0.73 , 357.60
2024-02-24 12:31:25,101 :- 00294: 151 , 10.20 , -0.00 || 1708758085, 17.602150997180 , 78.126601091598, 0.01 , 0.01 ,10.34 , 8.40 , 1.02 , 0.62 , 357.60
2024-02-24 12:31:25,131 :- 00295: 154 , 10.10 , -0.00 || 1708758085, 17.602150997180 , 78.126601091598, 0.01 , 0.01 ,10.02 , 8.82 , 1.03 , 0.57 , 357.60
2024-02-24 12:31:25,161 :- 00296: 157 , 10.10 , -0.00 || 1708758085, 17.602153525004 , 78.126600993829, 0.01 , 0.01 ,10.02 , 9.28 , 1.06 , 0.44 , 357.60
2024-02-24 12:31:25,191 :- 00297: 160 , 10.00 , -0.00 || 1708758085, 17.602153525004 , 78.126600993829, 0.01 , 0.01 ,10.02 , 9.59 , 1.08 , 0.37 , 357.60
2024-02-24 12:31:25,221 :- 00298: 163 , 09.90 , -0.00 || 1708758085, 17.602153525004 , 78.126600993829, 0.01 , 0.01 ,10.02 , 9.94 , 1.12 , 0.25 , 357.60
2024-02-24 12:31:25,251 :- 00299: 166 , 09.90 , -0.00 || 1708758085, 17.602156014830 , 78.126600921341, 0.01 , 0.01 ,9.89 , 10.86 , 1.13 , 0.22 , 357.60
2024-02-24 12:31:25,281 :- 00300: 169 , 09.80 , -0.00 || 1708758085, 17.602156014830 , 78.126600921341, 0.01 , 0.01 ,9.89 , 10.68 , 1.12 , 0.14 , 357.61
2024-02-24 12:31:25,311 :- 00301: 172 , 09.80 , -0.00 || 1708758085, 17.602156014830 , 78.126600921341, 0.01 , 0.01 ,9.89 , 10.83 , 1.13 , 0.14 , 357.61
2024-02-24 12:31:25,341 :- 00302: 175 , 09.80 , -0.00 || 1708758085, 17.602156014830 , 78.126600921341, 0.01 , 0.01 ,9.89 , 10.90 , 1.14 , 0.14 , 357.61
2024-02-24 12:31:25,371 :- 00303: 178 , 09.80 , -0.00 || 1708758085, 17.602158542362 , 78.126600848649, 0.01 , 0.01 ,10.10 , 11.09 , 1.18 , 0.16 , 357.61
2024-02-24 12:31:25,401 :- 00304: 181 , 09.80 , -0.00 || 1708758085, 17.602158542362 , 78.126600848649, 0.01 , 0.01 ,10.10 , 10.56 , 1.19 , 0.22 , 357.61
2024-02-24 12:31:25,431 :- 00305: 184 , 09.80 , -0.00 || 1708758085, 17.602158542362 , 78.126600848649, 0.01 , 0.01 ,10.26 , 10.57 , 1.20 , 0.26 , 357.61
2024-02-24 12:31:25,461 :- 00306: 187 , 09.80 , -0.00 || 1708758085, 17.602161097258 , 78.126600765026, 0.01 , 0.01 ,10.26 , 10.24 , 1.20 , 0.35 , 357.61
2024-02-24 12:31:25,491 :- 00307: 190 , 09.80 , -0.00 || 1708758085, 17.602161097258 , 78.126600765026, 0.01 , 0.01 ,10.26 , 9.86 , 1.19 , 0.39 , 357.61
2024-02-24 12:31:25,521 :- 00308: 193 , 09.80 , -0.00 || 1708758085, 17.602161097258 , 78.126600765026, 0.01 , 0.01 ,10.26 , 9.57 , 1.16 , 0.46 , 357.61
2024-02-24 12:31:25,551 :- 00309: 196 , 09.80 , -0.00 || 1708758085, 17.602163649506 , 78.126600678188, 0.01 , 0.01 ,10.13 , 9.35 , 1.14 , 0.49 , 357.61
2024-02-24 12:31:25,581 :- 00310: 199 , 09.80 , -0.00 || 1708758085, 17.602163649506 , 78.126600678188, 0.01 , 0.01 ,10.13 , 9.13 , 1.08 , 0.51 , 357.61
2024-02-24 12:31:25,611 :- 00311: 202 , 09.80 , -0.00 || 1708758085, 17.602163649506 , 78.126600678188, 0.01 , 0.01 ,10.13 , 9.05 , 1.06 , 0.50 , 357.60
2024-02-24 12:31:25,641 :- 00312: 205 , 09.80 , -0.00 || 1708758085, 17.602166142798 , 78.126600567415, 0.01 , 0.01 ,9.93 , 9.20 , 1.05 , 0.50 , 357.59
2024-02-24 12:31:25,671 :- 00313: 208 , 09.80 , -0.00 || 1708758085, 17.602166142798 , 78.126600567415, 0.01 , 0.01 ,9.93 , 9.11 , 1.05 , 0.48 , 357.59
2024-02-24 12:31:25,701 :- 00314: 211 , 09.70 , -0.00 || 1708758085, 17.602166142798 , 78.126600567415, 0.01 , 0.01 ,9.93 , 9.44 , 1.06 , 0.45 , 357.58
2024-02-24 12:31:25,731 :- 00315: 214 , 09.70 , -0.00 || 1708758085, 17.602166142798 , 78.126600567415, 0.01 , 0.01 ,9.70 , 9.50 , 1.06 , 0.43 , 357.58
2024-02-24 12:31:25,761 :- 00316: 217 , 09.70 , -0.00 || 1708758085, 17.602168585736 , 78.126600479405, 0.01 , 0.01 ,9.70 , 9.42 , 1.06 , 0.38 , 357.58
2024-02-24 12:31:25,791 :- 00317: 220 , 09.60 , -0.00 || 1708758085, 17.602168585736 , 78.126600479405, 0.01 , 0.01 ,9.70 , 9.58 , 1.06 , 0.36 , 357.58
2024-02-24 12:31:25,821 :- 00318: 223 , 09.60 , -0.00 || 1708758085, 17.602168585736 , 78.126600479405, 0.01 , 0.01 ,9.70 , 9.97 , 1.09 , 0.34 , 357.58
2024-02-24 12:31:25,851 :- 00319: 226 , 09.50 , -0.00 || 1708758085, 17.602171034448 , 78.126600396196, 0.01 , 0.01 ,9.73 , 10.07 , 1.11 , 0.33 , 357.58
2024-02-24 12:31:25,881 :- 00320: 229 , 09.50 , -0.00 || 1708758085, 17.602171034448 , 78.126600396196, 0.01 , 0.01 ,9.73 , 10.23 , 1.14 , 0.32 , 357.58
2024-02-24 12:31:25,911 :- 00321: 232 , 09.50 , -0.00 || 1708758085, 17.602171034448 , 78.126600396196, 0.01 , 0.01 ,9.73 , 10.27 , 1.16 , 0.32 , 357.58
2024-02-24 12:31:25,941 :- 00322: 235 , 09.50 , -0.00 || 1708758085, 17.602173485899 , 78.126600363135, 0.01 , 0.01 ,9.77 , 10.16 , 1.19 , 0.33 , 357.58
2024-02-24 12:31:25,971 :- 00323: 238 , 09.50 , -0.00 || 1708758085, 17.602173485899 , 78.126600363135, 0.01 , 0.01 ,9.77 , 10.11 , 1.20 , 0.35 , 357.58
2024-02-24 12:31:26,001 :- 00324: 241 , 09.50 , -0.00 || 1708758085, 17.602173485899 , 78.126600363135, 0.01 , 0.01 ,9.77 , 10.20 , 1.22 , 0.37 , 357.58
2024-02-24 12:31:26,031 :- 00325: 244 , 09.50 , -0.00 || 1708758086, 17.602173485899 , 78.126600363135, 0.01 , 0.01 ,9.74 , 10.02 , 1.23 , 0.38 , 357.57
2024-02-24 12:31:26,061 :- 00326: 247 , 09.50 , -0.00 || 1708758086, 17.602175927410 , 78.126600279825, 0.01 , 0.01 ,9.74 , 9.91 , 1.23 , 0.40 , 357.57
2024-02-24 12:31:26,091 :- 00327: 250 , 09.50 , -0.00 || 1708758086, 17.602175927410 , 78.126600279825, 0.01 , 0.01 ,9.74 , 9.77 , 1.22 , 0.41 , 357.57
2024-02-24 12:31:26,121 :- 00328: 253 , 09.50 , -0.00 || 1708758086, 17.602175927410 , 78.126600279825, 0.01 , 0.01 ,9.74 , 9.60 , 1.20 , 0.41 , 357.56
2024-02-24 12:31:26,151 :- 00329: 000 , 09.50 , -0.00 || 1708758086, 17.602178345154 , 78.126600209001, 0.01 , 0.01 ,9.57 , 9.76 , 1.19 , 0.43 , 357.56
2024-02-24 12:31:26,181 :- 00330: 003 , 09.40 , -0.00 || 1708758086, 17.602178345154 , 78.126600209001, 0.01 , 0.01 ,9.57 , 9.65 , 1.17 , 0.40 , 357.56
2024-02-24 12:31:26,211 :- 00331: 006 , 09.40 , -0.00 || 1708758086, 17.602178345154 , 78.126600209001, 0.01 , 0.01 ,9.57 , 9.71 , 1.16 , 0.40 , 357.56
2024-02-24 12:31:26,241 :- 00332: 009 , 09.40 , -0.00 || 1708758086, 17.602180734915 , 78.126600115985, 0.01 , 0.01 ,9.44 , 9.45 , 1.14 , 0.40 , 357.56
2024-02-24 12:31:26,270 :- 00333: 009 , 09.40 , -0.00 || 1708758086, 17.602180734915 , 78.126600115985, 0.01 , 0.01 ,9.44 , 9.45 , 1.14 , 0.40 , 357.561708758086, 17.602180734915 , 78.126600115985, 0.01 , 0.01 ,9.44 , 9.52 , 1.13 , 0.39 , 357.56
2024-02-24 12:31:26,291 :- 00334: 014 , 09.30 , -0.00 || 1708758086, 17.602180734915 , 78.126600115985, 0.01 , 0.01 ,9.44 , 9.54 , 1.12 , 0.39 , 357.56
2024-02-24 12:31:26,321 :- 00335: 017 , 09.30 , -0.00 || 1708758086, 17.602180734915 , 78.126600115985, 0.01 , 0.01 ,9.44 , 9.51 , 1.09 , 0.38 , 357.55
2024-02-24 12:31:26,351 :- 00336: 020 , 09.30 , -0.00 || 1708758086, 17.602183103191 , 78.126600001933, 0.01 , 0.01 ,9.46 , 9.85 , 1.08 , 0.37 , 357.55
2024-02-24 12:31:26,381 :- 00337: 023 , 09.20 , -0.00 || 1708758086, 17.602183103191 , 78.126600001933, 0.01 , 0.01 ,9.46 , 9.87 , 1.05 , 0.35 , 357.55
2024-02-24 12:31:26,411 :- 00338: 026 , 09.20 , -0.00 || 1708758086, 17.602183103191 , 78.126600001933, 0.01 , 0.01 ,9.46 , 9.78 , 1.03 , 0.34 , 357.55
2024-02-24 12:31:26,441 :- 00339: 029 , 09.20 , -0.00 || 1708758086, 17.602185457533 , 78.126599907148, 0.01 , 0.01 ,9.37 , 9.39 , 0.99 , 0.29 , 357.56
2024-02-24 12:31:26,471 :- 00340: 032 , 09.20 , -0.00 || 1708758086, 17.602185457533 , 78.126599907148, 0.01 , 0.01 ,9.37 , 9.73 , 0.98 , 0.29 , 357.56
2024-02-24 12:31:26,501 :- 00341: 035 , 09.20 , -0.00 || 1708758086, 17.602185457533 , 78.126599907148, 0.01 , 0.01 ,9.37 , 9.74 , 0.96 , 0.22 , 357.57
2024-02-24 12:31:26,531 :- 00342: 038 , 09.20 , -0.00 || 1708758086, 17.602185457533 , 78.126599907148, 0.01 , 0.01 ,9.42 , 9.66 , 0.95 , 0.18 , 357.58
2024-02-24 12:31:26,561 :- 00343: 041 , 09.30 , -0.00 || 1708758086, 17.602187824432 , 78.126599807041, 0.01 , 0.01 ,9.42 , 9.62 , 0.92 , 0.16 , 357.58
2024-02-24 12:31:26,591 :- 00344: 044 , 09.40 , -0.00 || 1708758086, 17.602187824432 , 78.126599807041, 0.01 , 0.01 ,9.42 , 9.90 , 0.91 , 0.13 , 357.59
2024-02-24 12:31:26,621 :- 00345: 047 , 09.40 , -0.00 || 1708758086, 17.602187824432 , 78.126599807041, 0.01 , 0.01 ,9.42 , 10.09 , 0.89 , 0.07 , 357.58
2024-02-24 12:31:26,651 :- 00346: 050 , 09.50 , -0.00 || 1708758086, 17.602190239534 , 78.126599696628, 0.01 , 0.01 ,9.70 , 10.19 , 0.88 , 0.06 , 357.57
2024-02-24 12:31:26,681 :- 00347: 053 , 09.50 , -0.00 || 1708758086, 17.602190239534 , 78.126599696628, 0.01 , 0.01 ,9.70 , 10.11 , 0.88 , 0.04 , 357.56
2024-02-24 12:31:26,711 :- 00348: 056 , 09.60 , -0.00 || 1708758086, 17.602190239534 , 78.126599696628, 0.01 , 0.01 ,9.70 , 10.03 , 0.88 , 0.03 , 357.56
2024-02-24 12:31:26,741 :- 00349: 059 , 09.60 , -0.00 || 1708758086, 17.602192726386 , 78.126599625385, 0.01 , 0.01 ,9.97 , 9.74 , 0.87 , 0.00 , 357.56
2024-02-24 12:31:26,771 :- 00350: 062 , 09.70 , -0.00 || 1708758086, 17.602192726386 , 78.126599625385, 0.01 , 0.01 ,9.97 , 9.69 , 0.87 , -0.02 , 357.56
2024-02-24 12:31:26,801 :- 00351: 065 , 09.80 , -0.00 || 1708758086, 17.602192726386 , 78.126599625385, 0.01 , 0.01 ,9.97 , 9.88 , 0.88 , -0.01 , 357.56
2024-02-24 12:31:26,831 :- 00352: 068 , 09.80 , -0.00 || 1708758086, 17.602192726386 , 78.126599625385, 0.01 , 0.01 ,9.97 , 9.78 , 0.88 , -0.04 , 357.57
2024-02-24 12:31:26,861 :- 00353: 071 , 09.90 , -0.00 || 1708758086, 17.602195256522 , 78.126599540044, 0.01 , 0.01 ,10.14 , 9.84 , 0.88 , -0.09 , 357.58
2024-02-24 12:31:26,891 :- 00354: 074 , 10.00 , -0.00 || 1708758086, 17.602195256522 , 78.126599540044, 0.01 , 0.01 ,10.14 , 10.04 , 0.87 , -0.10 , 357.58
2024-02-24 12:31:26,921 :- 00355: 077 , 10.00 , -0.00 || 1708758086, 17.602195256522 , 78.126599540044, 0.01 , 0.01 ,10.14 , 10.09 , 0.86 , -0.12 , 357.58
2024-02-24 12:31:26,951 :- 00356: 080 , 10.10 , -0.00 || 1708758086, 17.602197842194 , 78.126599448253, 0.01 , 0.01 ,10.36 , 9.92 , 0.85 , -0.14 , 357.58
2024-02-24 12:31:26,981 :- 00357: 083 , 10.20 , -0.00 || 1708758086, 17.602197842194 , 78.126599448253, 0.01 , 0.01 ,10.36 , 10.06 , 0.85 , -0.14 , 357.57
2024-02-24 12:31:27,011 :- 00358: 086 , 10.20 , -0.00 || 1708758086, 17.602197842194 , 78.126599448253, 0.01 , 0.01 ,10.36 , 9.85 , 0.84 , -0.14 , 357.57
2024-02-24 12:31:27,041 :- 00359: 089 , 10.30 , -0.00 || 1708758087, 17.602200512164 , 78.126599347985, 0.01 , 0.01 ,10.74 , 9.81 , 0.82 , -0.15 , 357.57
2024-02-24 12:31:27,071 :- 00360: 092 , 10.40 , -0.00 || 1708758087, 17.602200512164 , 78.126599347985, 0.01 , 0.01 ,10.74 , 9.90 , 0.81 , -0.13 , 357.57
2024-02-24 12:31:27,101 :- 00361: 095 , 10.50 , -0.00 || 1708758087, 17.602200512164 , 78.126599347985, 0.01 , 0.01 ,10.74 , 9.64 , 0.77 , -0.13 , 357.57
2024-02-24 12:31:27,131 :- 00362: 098 , 10.60 , -0.00 || 1708758087, 17.602200512164 , 78.126599347985, 0.01 , 0.01 ,11.01 , 9.54 , 0.75 , -0.14 , 357.57
2024-02-24 12:31:27,161 :- 00363: 101 , 10.70 , -0.00 || 1708758087, 17.602203258260 , 78.126599233653, 0.01 , 0.01 ,11.01 , 9.53 , 0.73 , -0.16 , 357.57
2024-02-24 12:31:27,191 :- 00364: 104 , 10.80 , -0.00 || 1708758087, 17.602203258260 , 78.126599233653, 0.01 , 0.01 ,11.01 , 9.83 , 0.72 , -0.16 , 357.57
2024-02-24 12:31:27,221 :- 00365: 107 , 10.80 , -0.00 || 1708758087, 17.602203258260 , 78.126599233653, 0.01 , 0.01 ,11.01 , 9.67 , 0.68 , -0.18 , 357.57
2024-02-24 12:31:27,251 :- 00366: 110 , 10.90 , -0.00 || 1708758087, 17.602206071081 , 78.126599124909, 0.01 , 0.01 ,11.26 , 9.79 , 0.67 , -0.19 , 357.57
2024-02-24 12:31:27,281 :- 00367: 113 , 11.00 , -0.00 || 1708758087, 17.602206071081 , 78.126599124909, 0.01 , 0.01 ,11.26 , 9.77 , 0.63 , -0.18 , 357.57
2024-02-24 12:31:27,311 :- 00368: 116 , 11.10 , -0.00 || 1708758087, 17.602206071081 , 78.126599124909, 0.01 , 0.01 ,11.26 , 9.78 , 0.62 , -0.20 , 357.57
2024-02-24 12:31:27,341 :- 00369: 119 , 11.20 , -0.00 || 1708758087, 17.602206071081 , 78.126599124909, 0.01 , 0.01 ,11.26 , 9.80 , 0.61 , -0.19 , 357.57
2024-02-24 12:31:27,371 :- 00370: 122 , 11.30 , -0.00 || 1708758087, 17.602208952824 , 78.126599001134, 0.01 , 0.01 ,11.60 , 9.69 , 0.61 , -0.20 , 357.56
2024-02-24 12:31:27,401 :- 00371: 125 , 11.30 , -0.00 || 1708758087, 17.602208952824 , 78.126599001134, 0.01 , 0.01 ,11.60 , 9.71 , 0.59 , -0.21 , 357.56
2024-02-24 12:31:27,431 :- 00372: 128 , 11.40 , -0.00 || 1708758087, 17.602208952824 , 78.126599001134, 0.01 , 0.01 ,11.82 , 9.96 , 0.60 , -0.22 , 357.56
2024-02-24 12:31:27,461 :- 00373: 131 , 11.50 , -0.00 || 1708758087, 17.602211912154 , 78.126598894909, 0.01 , 0.01 ,11.82 , 10.16 , 0.60 , -0.23 , 357.55
2024-02-24 12:31:27,491 :- 00374: 134 , 11.60 , -0.00 || 1708758087, 17.602211912154 , 78.126598894909, 0.01 , 0.01 ,11.82 , 9.94 , 0.60 , -0.23 , 357.55
2024-02-24 12:31:27,521 :- 00375: 137 , 11.60 , -0.00 || 1708758087, 17.602211912154 , 78.126598894909, 0.01 , 0.01 ,11.82 , 10.16 , 0.62 , -0.23 , 357.55
2024-02-24 12:31:27,550 :- 00376: 137 , 11.60 , -0.00 || 1708758087, 17.602211912154 , 78.126598894909, 0.01 , 0.01 ,11.82 , 10.16 , 0.62 , -0.23 , 357.551708758087, 17.602214934261 , 78.126598790900, 0.01 , 0.01 ,12.11 , 10.34 , 0.64 , -0.24 , 357.55
2024-02-24 12:31:27,581 :- 00377: 143 , 11.80 , -0.00 || 1708758087, 17.602214934261 , 78.126598790900, 0.01 , 0.01 ,12.11 , 9.84 , 0.64 , -0.22 , 357.55
2024-02-24 12:31:27,611 :- 00378: 146 , 11.80 , -0.00 || 1708758087, 17.602214934261 , 78.126598790900, 0.01 , 0.01 ,12.11 , 10.28 , 0.66 , -0.21 , 357.55
2024-02-24 12:31:27,641 :- 00379: 149 , 11.90 , -0.00 || 1708758087, 17.602218010041 , 78.126598711269, 0.01 , 0.01 ,12.35 , 10.21 , 0.68 , -0.19 , 357.55
2024-02-24 12:31:27,671 :- 00380: 152 , 12.00 , -0.00 || 1708758087, 17.602218010041 , 78.126598711269, 0.01 , 0.01 ,12.35 , 10.06 , 0.68 , -0.17 , 357.55
2024-02-24 12:31:27,701 :- 00381: 155 , 12.10 , -0.00 || 1708758087, 17.602218010041 , 78.126598711269, 0.01 , 0.01 ,12.35 , 9.53 , 0.69 , -0.14 , 357.55
2024-02-24 12:31:27,731 :- 00382: 158 , 12.10 , -0.00 || 1708758087, 17.602218010041 , 78.126598711269, 0.01 , 0.01 ,12.66 , 9.66 , 0.72 , -0.11 , 357.54
2024-02-24 12:31:27,761 :- 00383: 161 , 12.20 , -0.00 || 1708758087, 17.602221163313 , 78.126598601633, 0.01 , 0.01 ,12.66 , 9.76 , 0.75 , -0.11 , 357.54
2024-02-24 12:31:27,791 :- 00384: 164 , 12.20 , -0.00 || 1708758087, 17.602221163313 , 78.126598601633, 0.01 , 0.01 ,12.66 , 9.26 , 0.76 , -0.10 , 357.54
2024-02-24 12:31:27,821 :- 00385: 167 , 12.30 , -0.00 || 1708758087, 17.602221163313 , 78.126598601633, 0.01 , 0.01 ,12.66 , 9.62 , 0.79 , -0.07 , 357.54
2024-02-24 12:31:27,851 :- 00386: 170 , 12.30 , -0.00 || 1708758087, 17.602224335428 , 78.126598532004, 0.01 , 0.01 ,12.66 , 9.65 , 0.80 , -0.07 , 357.55
2024-02-24 12:31:27,881 :- 00387: 173 , 12.40 , -0.00 || 1708758087, 17.602224335428 , 78.126598532004, 0.01 , 0.01 ,12.66 , 9.86 , 0.81 , -0.05 , 357.55
2024-02-24 12:31:27,911 :- 00388: 176 , 12.40 , -0.00 || 1708758087, 17.602224335428 , 78.126598532004, 0.01 , 0.01 ,12.66 , 9.36 , 0.81 , -0.04 , 357.56
2024-02-24 12:31:27,941 :- 00389: 179 , 12.50 , -0.00 || 1708758087, 17.602227558287 , 78.126598415555, 0.01 , 0.01 ,12.90 , 9.62 , 0.79 , -0.02 , 357.56
2024-02-24 12:31:27,971 :- 00390: 182 , 12.50 , -0.00 || 1708758087, 17.602227558287 , 78.126598415555, 0.01 , 0.01 ,12.90 , 9.70 , 0.78 , -0.01 , 357.56
2024-02-24 12:31:28,001 :- 00391: 185 , 12.50 , -0.00 || 1708758087, 17.602227558287 , 78.126598415555, 0.01 , 0.01 ,12.90 , 9.88 , 0.76 , 0.00 , 357.56
2024-02-24 12:31:28,031 :- 00392: 188 , 12.60 , -0.00 || 1708758088, 17.602227558287 , 78.126598415555, 0.01 , 0.01 ,12.97 , 9.89 , 0.74 , 0.02 , 357.56
2024-02-24 12:31:28,061 :- 00393: 191 , 12.60 , -0.00 || 1708758088, 17.602230812027 , 78.126598286273, 0.01 , 0.01 ,12.97 , 9.98 , 0.72 , 0.03 , 357.56
2024-02-24 12:31:28,091 :- 00394: 194 , 12.60 , -0.00 || 1708758088, 17.602230812027 , 78.126598286273, 0.01 , 0.01 ,12.97 , 9.95 , 0.70 , 0.05 , 357.55
2024-02-24 12:31:28,121 :- 00395: 197 , 12.70 , -0.00 || 1708758088, 17.602230812027 , 78.126598286273, 0.01 , 0.01 ,12.97 , 9.84 , 0.67 , 0.06 , 357.54
2024-02-24 12:31:28,151 :- 00396: 200 , 12.70 , -0.00 || 1708758088, 17.602234107370 , 78.126598163281, 0.01 , 0.01 ,13.20 , 9.95 , 0.66 , 0.09 , 357.54
2024-02-24 12:31:28,180 :- 00397: 203 , 12.80 , -0.00 || 1708758088, 17.602234107370 , 78.126598163281, 0.01 , 0.01 ,13.20 , 10.01 , 0.65 , 0.11 , 357.54
2024-02-24 12:31:28,211 :- 00398: 206 , 12.80 , -0.00 || 1708758088, 17.602234107370 , 78.126598163281, 0.01 , 0.01 ,13.20 , 9.91 , 0.64 , 0.11 , 357.53
2024-02-24 12:31:28,241 :- 00399: 209 , 12.80 , -0.00 || 1708758088, 17.602237433092 , 78.126598007373, 0.01 , 0.01 ,13.31 , 9.93 , 0.63 , 0.15 , 357.53
2024-02-24 12:31:28,271 :- 00400: 212 , 12.90 , -0.00 || 1708758088, 17.602237433092 , 78.126598007373, 0.01 , 0.01 ,13.31 , 10.01 , 0.64 , 0.15 , 357.53
2024-02-24 12:31:28,301 :- 00401: 215 , 12.90 , -0.00 || 1708758088, 17.602237433092 , 78.126598007373, 0.01 , 0.01 ,13.31 , 9.97 , 0.64 , 0.18 , 357.53
2024-02-24 12:31:28,331 :- 00402: 218 , 13.00 , -0.00 || 1708758088, 17.602237433092 , 78.126598007373, 0.01 , 0.01 ,13.31 , 9.86 , 0.65 , 0.19 , 357.52
2024-02-24 12:31:28,361 :- 00403: 221 , 13.00 , -0.00 || 1708758088, 17.602237433092 , 78.126598007373, 0.01 , 0.01 ,13.40 , 9.79 , 0.65 , 0.20 , 357.52
2024-02-24 12:31:28,391 :- 00404: 224 , 13.10 , -0.10 || 1708758088, 17.602240788945 , 78.126597901726, 0.01 , 0.01 ,13.40 , 9.83 , 0.66 , 0.23 , 357.52
2024-02-24 12:31:28,421 :- 00405: 227 , 13.10 , -0.10 || 1708758088, 17.602240788945 , 78.126597901726, 0.01 , 0.01 ,13.40 , 9.74 , 0.69 , 0.25 , 357.51
2024-02-24 12:31:28,451 :- 00406: 230 , 13.10 , -0.10 || 1708758088, 17.602244165078 , 78.126597798474, 0.01 , 0.01 ,13.54 , 9.67 , 0.71 , 0.27 , 357.51
2024-02-24 12:31:28,481 :- 00407: 233 , 13.20 , -0.10 || 1708758088, 17.602244165078 , 78.126597798474, 0.01 , 0.01 ,13.54 , 9.50 , 0.77 , 0.29 , 357.50
2024-02-24 12:31:28,511 :- 00408: 236 , 13.20 , -0.10 || 1708758088, 17.602244165078 , 78.126597798474, 0.01 , 0.01 ,13.54 , 9.68 , 0.80 , 0.31 , 357.49
2024-02-24 12:31:28,541 :- 00409: 239 , 13.20 , -0.10 || 1708758088, 17.602247591293 , 78.126597720665, 0.01 , 0.01 ,13.70 , 9.48 , 0.86 , 0.32 , 357.48
2024-02-24 12:31:28,571 :- 00410: 242 , 13.30 , -0.10 || 1708758088, 17.602247591293 , 78.126597720665, 0.01 , 0.01 ,13.70 , 9.45 , 0.88 , 0.32 , 357.48
2024-02-24 12:31:28,601 :- 00411: 245 , 13.30 , -0.10 || 1708758088, 17.602247591293 , 78.126597720665, 0.01 , 0.01 ,13.70 , 9.38 , 0.95 , 0.31 , 357.48
2024-02-24 12:31:28,631 :- 00412: 248 , 13.40 , -0.10 || 1708758088, 17.602247591293 , 78.126597720665, 0.01 , 0.01 ,13.73 , 9.48 , 0.98 , 0.28 , 357.48
2024-02-24 12:31:28,661 :- 00413: 251 , 13.40 , -0.10 || 1708758088, 17.602251033494 , 78.126597647925, 0.01 , 0.01 ,13.73 , 9.66 , 1.02 , 0.26 , 357.49
2024-02-24 12:31:28,691 :- 00414: 254 , 13.50 , -0.10 || 1708758088, 17.602251033494 , 78.126597647925, 0.01 , 0.01 ,13.73 , 9.72 , 1.03 , 0.23 , 357.49
2024-02-24 12:31:28,721 :- 00415: 001 , 13.50 , -0.10 || 1708758088, 17.602251033494 , 78.126597647925, 0.01 , 0.01 ,13.73 , 9.66 , 1.03 , 0.19 , 357.50
2024-02-24 12:31:28,751 :- 00416: 004 , 13.60 , -0.10 || 1708758088, 17.602254501291 , 78.126597549980, 0.01 , 0.01 ,13.87 , 9.79 , 1.03 , 0.16 , 357.50
2024-02-24 12:31:28,781 :- 00417: 007 , 13.60 , -0.10 || 1708758088, 17.602254501291 , 78.126597549980, 0.01 , 0.01 ,13.87 , 10.00 , 1.01 , 0.12 , 357.50
2024-02-24 12:31:28,811 :- 00418: 010 , 13.60 , -0.10 || 1708758088, 17.602254501291 , 78.126597549980, 0.01 , 0.01 ,13.87 , 10.00 , 1.00 , 0.11 , 357.51
2024-02-24 12:31:28,841 :- 00419: 013 , 13.70 , -0.10 || 1708758088, 17.602258008484 , 78.126597382868, 0.01 , 0.01 ,14.08 , 10.25 , 0.99 , 0.06 , 357.51
2024-02-24 12:31:28,871 :- 00420: 016 , 13.70 , -0.10 || 1708758088, 17.602258008484 , 78.126597382868, 0.01 , 0.01 ,14.08 , 10.22 , 0.98 , 0.06 , 357.51
2024-02-24 12:31:28,901 :- 00421: 019 , 13.80 , -0.10 || 1708758088, 17.602258008484 , 78.126597382868, 0.01 , 0.01 ,14.08 , 9.96 , 0.95 , 0.04 , 357.51
2024-02-24 12:31:28,931 :- 00422: 022 , 13.80 , -0.10 || 1708758088, 17.602258008484 , 78.126597382868, 0.01 , 0.01 ,14.21 , 10.08 , 0.94 , 0.04 , 357.51
2024-02-24 12:31:28,961 :- 00423: 025 , 13.90 , -0.10 || 1708758088, 17.602261567101 , 78.126597250313, 0.01 , 0.01 ,14.21 , 9.95 , 0.91 , 0.05 , 357.51
2024-02-24 12:31:28,991 :- 00424: 028 , 14.00 , -0.10 || 1708758088, 17.602261567101 , 78.126597250313, 0.01 , 0.01 ,14.21 , 9.98 , 0.91 , 0.05 , 357.51
2024-02-24 12:31:29,021 :- 00425: 031 , 14.00 , -0.10 || 1708758089, 17.602261567101 , 78.126597250313, 0.01 , 0.01 ,14.21 , 9.70 , 0.94 , 0.05 , 357.51
2024-02-24 12:31:29,051 :- 00426: 034 , 14.10 , -0.10 || 1708758089, 17.602265193498 , 78.126597107168, 0.01 , 0.01 ,14.50 , 9.82 , 0.95 , 0.06 , 357.52
2024-02-24 12:31:29,081 :- 00427: 037 , 14.10 , -0.10 || 1708758089, 17.602265193498 , 78.126597107168, 0.01 , 0.01 ,14.50 , 9.52 , 0.96 , 0.06 , 357.51
2024-02-24 12:31:29,111 :- 00428: 040 , 14.20 , -0.10 || 1708758089, 17.602265193498 , 78.126597107168, 0.01 , 0.01 ,14.50 , 9.57 , 0.97 , 0.06 , 357.51
2024-02-24 12:31:29,141 :- 00429: 043 , 14.30 , -0.10 || 1708758089, 17.602268863876 , 78.126597000564, 0.01 , 0.01 ,14.68 , 9.57 , 0.99 , 0.07 , 357.51
2024-02-24 12:31:29,171 :- 00430: 046 , 14.30 , -0.10 || 1708758089, 17.602268863876 , 78.126597000564, 0.01 , 0.01 ,14.68 , 9.76 , 1.01 , 0.06 , 357.50
2024-02-24 12:31:29,201 :- 00431: 049 , 14.40 , -0.10 || 1708758089, 17.602268863876 , 78.126597000564, 0.01 , 0.01 ,14.68 , 9.81 , 1.04 , 0.06 , 357.50
2024-02-24 12:31:29,231 :- 00432: 052 , 14.40 , -0.10 || 1708758089, 17.602268863876 , 78.126597000564, 0.01 , 0.01 ,14.88 , 9.96 , 1.06 , 0.06 , 357.50
2024-02-24 12:31:29,261 :- 00433: 055 , 14.50 , -0.10 || 1708758089, 17.602272585886 , 78.126596891766, 0.01 , 0.01 ,14.88 , 9.73 , 1.07 , 0.07 , 357.49
2024-02-24 12:31:29,291 :- 00434: 058 , 14.50 , -0.10 || 1708758089, 17.602272585886 , 78.126596891766, 0.01 , 0.01 ,14.88 , 9.84 , 1.08 , 0.08 , 357.49
2024-02-24 12:31:29,321 :- 00435: 061 , 14.60 , -0.10 || 1708758089, 17.602272585886 , 78.126596891766, 0.01 , 0.01 ,14.88 , 10.06 , 1.10 , 0.09 , 357.49
2024-02-24 12:31:29,351 :- 00436: 064 , 14.60 , -0.00 || 1708758089, 17.602272585886 , 78.126596891766, 0.01 , 0.01 ,15.10 , 9.94 , 1.11 , 0.09 , 357.49
2024-02-24 12:31:29,381 :- 00437: 067 , 14.70 , 00.00 || 1708758089, 17.602276361125 , 78.126596783934, 0.01 , 0.01 ,15.10 , 9.99 , 1.12 , 0.12 , 357.50
2024-02-24 12:31:29,411 :- 00438: 070 , 14.70 , 00.10 || 1708758089, 17.602276361125 , 78.126596783934, 0.01 , 0.01 ,15.10 , 10.18 , 1.13 , 0.13 , 357.50
2024-02-24 12:31:29,441 :- 00439: 073 , 14.80 , 00.10 || 1708758089, 17.602280195187 , 78.126596638580, 0.01 , 0.01 ,15.36 , 10.29 , 1.15 , 0.15 , 357.50
2024-02-24 12:31:29,470 :- 00440: 073 , 14.80 , 00.10 || 1708758089, 17.602280195187 , 78.126596638580, 0.01 , 0.01 ,15.36 , 10.29 , 1.15 , 0.15 , 357.501708758089, 17.602280195187 , 78.126596638580, 0.01 , 0.01 ,15.36 , 9.93 , 1.15 , 0.18 , 357.49
2024-02-24 12:31:29,491 :- 00441: 078 , 14.90 , 00.30 || 1708758089, 17.602280195187 , 78.126596638580, 0.01 , 0.01 ,15.36 , 9.82 , 1.16 , 0.20 , 357.48
2024-02-24 12:31:29,521 :- 00442: 081 , 15.00 , 00.40 || 1708758089, 17.602280195187 , 78.126596638580, 0.01 , 0.01 ,15.36 , 9.96 , 1.18 , 0.25 , 357.46
2024-02-24 12:31:29,551 :- 00443: 084 , 15.00 , 00.50 || 1708758089, 17.602284075698 , 78.126596524901, 0.01 , 0.01 ,15.56 , 9.81 , 1.19 , 0.27 , 357.45
2024-02-24 12:31:29,581 :- 00444: 087 , 15.00 , 00.50 || 1708758089, 17.602284075698 , 78.126596524901, 0.01 , 0.01 ,15.56 , 10.08 , 1.24 , 0.33 , 357.41
2024-02-24 12:31:29,611 :- 00445: 090 , 15.10 , 00.60 || 1708758089, 17.602284075698 , 78.126596524901, 0.01 , 0.01 ,15.56 , 9.39 , 1.24 , 0.35 , 357.39
2024-02-24 12:31:29,641 :- 00446: 093 , 15.10 , 00.70 || 1708758089, 17.602287979564 , 78.126596410204, 0.01 , 0.01 ,15.58 , 9.43 , 1.30 , 0.40 , 357.33
2024-02-24 12:31:29,671 :- 00447: 096 , 15.20 , 00.70 || 1708758089, 17.602287979564 , 78.126596410204, 0.01 , 0.01 ,15.58 , 9.29 , 1.33 , 0.43 , 357.31
2024-02-24 12:31:29,701 :- 00448: 099 , 15.20 , 00.80 || 1708758089, 17.602287979564 , 78.126596410204, 0.01 , 0.01 ,15.58 , 9.55 , 1.36 , 0.41 , 357.26
2024-02-24 12:31:29,731 :- 00449: 102 , 15.20 , 00.80 || 1708758089, 17.602287979564 , 78.126596410204, 0.01 , 0.01 ,15.61 , 9.50 , 1.39 , 0.42 , 357.23
2024-02-24 12:31:29,761 :- 00450: 105 , 15.30 , 00.80 || 1708758089, 17.602291904252 , 78.126596289160, 0.01 , 0.01 ,15.61 , 9.37 , 1.44 , 0.41 , 357.18
2024-02-24 12:31:29,791 :- 00451: 108 , 15.30 , 00.80 || 1708758089, 17.602291904252 , 78.126596289160, 0.01 , 0.01 ,15.61 , 9.65 , 1.46 , 0.39 , 357.15
2024-02-24 12:31:29,821 :- 00452: 111 , 15.30 , 00.80 || 1708758089, 17.602291904252 , 78.126596289160, 0.01 , 0.01 ,15.61 , 9.53 , 1.50 , 0.39 , 357.10
2024-02-24 12:31:29,851 :- 00453: 114 , 15.30 , 00.80 || 1708758089, 17.602295828263 , 78.126596154273, 0.01 , 0.01 ,15.68 , 9.90 , 1.51 , 0.38 , 357.07
2024-02-24 12:31:29,881 :- 00454: 117 , 15.30 , 00.70 || 1708758089, 17.602295828263 , 78.126596154273, 0.01 , 0.01 ,15.68 , 10.01 , 1.51 , 0.35 , 357.01
2024-02-24 12:31:29,911 :- 00455: 120 , 15.30 , 00.70 || 1708758089, 17.602295828263 , 78.126596154273, 0.01 , 0.01 ,15.68 , 9.99 , 1.50 , 0.35 , 356.98
2024-02-24 12:31:29,941 :- 00456: 123 , 15.40 , 00.60 || 1708758089, 17.602299771547 , 78.126595976512, 0.01 , 0.01 ,15.70 , 9.63 , 1.48 , 0.33 , 356.93
2024-02-24 12:31:29,971 :- 00457: 126 , 15.40 , 00.60 || 1708758089, 17.602299771547 , 78.126595976512, 0.01 , 0.01 ,15.70 , 9.89 , 1.48 , 0.32 , 356.90
2024-02-24 12:31:30,001 :- 00458: 129 , 15.40 , 00.60 || 1708758089, 17.602299771547 , 78.126595976512, 0.01 , 0.01 ,15.70 , 10.45 , 1.48 , 0.30 , 356.85
2024-02-24 12:31:30,031 :- 00459: 132 , 15.40 , 00.60 || 1708758090, 17.602299771547 , 78.126595976512, 0.01 , 0.01 ,15.77 , 9.68 , 1.46 , 0.28 , 356.83
2024-02-24 12:31:30,061 :- 00460: 135 , 15.50 , 00.60 || 1708758090, 17.602303719180 , 78.126595772017, 0.01 , 0.01 ,15.77 , 9.81 , 1.45 , 0.28 , 356.79
2024-02-24 12:31:30,091 :- 00461: 138 , 15.50 , 00.60 || 1708758090, 17.602303719180 , 78.126595772017, 0.01 , 0.01 ,15.77 , 9.95 , 1.44 , 0.26 , 356.77
2024-02-24 12:31:30,121 :- 00462: 141 , 15.50 , 00.50 || 1708758090, 17.602303719180 , 78.126595772017, 0.01 , 0.01 ,15.77 , 9.70 , 1.40 , 0.26 , 356.74
2024-02-24 12:31:30,151 :- 00463: 144 , 15.60 , 00.50 || 1708758090, 17.602307691928 , 78.126595560716, 0.01 , 0.01 ,15.85 , 9.44 , 1.37 , 0.25 , 356.72
2024-02-24 12:31:30,181 :- 00464: 147 , 15.60 , 00.50 || 1708758090, 17.602307691928 , 78.126595560716, 0.01 , 0.01 ,15.85 , 9.92 , 1.37 , 0.24 , 356.69
2024-02-24 12:31:30,211 :- 00465: 150 , 15.60 , 00.50 || 1708758090, 17.602307691928 , 78.126595560716, 0.01 , 0.01 ,15.85 , 9.53 , 1.35 , 0.23 , 356.67
2024-02-24 12:31:30,241 :- 00466: 153 , 15.60 , 00.50 || 1708758090, 17.602311697739 , 78.126595336934, 0.01 , 0.01 ,15.97 , 10.64 , 1.36 , 0.19 , 356.64
2024-02-24 12:31:30,271 :- 00467: 156 , 15.60 , 00.40 || 1708758090, 17.602311697739 , 78.126595336934, 0.01 , 0.01 ,15.97 , 9.44 , 1.35 , 0.20 , 356.63
2024-02-24 12:31:30,301 :- 00468: 159 , 15.70 , 00.40 || 1708758090, 17.602311697739 , 78.126595336934, 0.01 , 0.01 ,15.97 , 10.02 , 1.36 , 0.20 , 356.58
2024-02-24 12:31:30,331 :- 00469: 162 , 15.70 , 00.40 || 1708758090, 17.602311697739 , 78.126595336934, 0.01 , 0.01 ,15.97 , 9.55 , 1.37 , 0.19 , 356.57
2024-02-24 12:31:30,361 :- 00470: 165 , 15.80 , 00.40 || 1708758090, 17.602315744067 , 78.126595138435, 0.01 , 0.01 ,16.23 , 9.96 , 1.41 , 0.19 , 356.52
2024-02-24 12:31:30,391 :- 00471: 168 , 15.80 , 00.40 || 1708758090, 17.602315744067 , 78.126595138435, 0.01 , 0.01 ,16.23 , 9.57 , 1.43 , 0.20 , 356.50
2024-02-24 12:31:30,421 :- 00472: 171 , 15.80 , 00.40 || 1708758090, 17.602315744067 , 78.126595138435, 0.01 , 0.01 ,16.23 , 10.03 , 1.47 , 0.17 , 356.47
2024-02-24 12:31:30,451 :- 00473: 174 , 15.90 , 00.40 || 1708758090, 17.602319823958 , 78.126594949789, 0.01 , 0.01 ,16.27 , 9.76 , 1.48 , 0.17 , 356.45
2024-02-24 12:31:30,481 :- 00474: 177 , 15.90 , 00.40 || 1708758090, 17.602319823958 , 78.126594949789, 0.01 , 0.01 ,16.27 , 10.24 , 1.52 , 0.16 , 356.43
2024-02-24 12:31:30,511 :- 00475: 180 , 15.90 , 00.40 || 1708758090, 17.602319823958 , 78.126594949789, 0.01 , 0.01 ,16.27 , 9.87 , 1.53 , 0.17 , 356.42
2024-02-24 12:31:30,541 :- 00476: 183 , 16.00 , 00.40 || 1708758090, 17.602323940422 , 78.126594759335, 0.01 , 0.01 ,16.51 , 9.77 , 1.54 , 0.17 , 356.39
2024-02-24 12:31:30,571 :- 00477: 186 , 16.10 , 00.40 || 1708758090, 17.602323940422 , 78.126594759335, 0.01 , 0.01 ,16.51 , 9.99 , 1.55 , 0.17 , 356.38
2024-02-24 12:31:30,601 :- 00478: 189 , 16.10 , 00.40 || 1708758090, 17.602323940422 , 78.126594759335, 0.01 , 0.01 ,16.51 , 9.82 , 1.55 , 0.20 , 356.36
2024-02-24 12:31:30,631 :- 00479: 192 , 16.10 , 00.40 || 1708758090, 17.602323940422 , 78.126594759335, 0.01 , 0.01 ,16.64 , 9.72 , 1.54 , 0.20 , 356.34
2024-02-24 12:31:30,661 :- 00480: 195 , 16.20 , 00.30 || 1708758090, 17.602328089863 , 78.126594521162, 0.01 , 0.01 ,16.64 , 9.57 , 1.53 , 0.22 , 356.32
2024-02-24 12:31:30,691 :- 00481: 198 , 16.20 , 00.30 || 1708758090, 17.602328089863 , 78.126594521162, 0.01 , 0.01 ,16.64 , 9.93 , 1.52 , 0.24 , 356.31
2024-02-24 12:31:30,721 :- 00482: 201 , 16.30 , 00.30 || 1708758090, 17.602328089863 , 78.126594521162, 0.01 , 0.01 ,16.64 , 9.52 , 1.46 , 0.27 , 356.28
2024-02-24 12:31:30,750 :- 00483: 201 , 16.30 , 00.30 || 1708758090, 17.602328089863 , 78.126594521162, 0.01 , 0.01 ,16.64 , 9.52 , 1.46 , 0.27 , 356.281708758090, 17.602332303948 , 78.126594272589, 0.01 , 0.01 ,16.85 , 9.73 , 1.47 , 0.25 , 356.27
2024-02-24 12:31:30,781 :- 00484: 207 , 16.40 , 00.30 || 1708758090, 17.602332303948 , 78.126594272589, 0.01 , 0.01 ,16.85 , 9.60 , 1.47 , 0.26 , 356.24
2024-02-24 12:31:30,811 :- 00485: 210 , 16.40 , 00.30 || 1708758090, 17.602332303948 , 78.126594272589, 0.01 , 0.01 ,16.85 , 9.85 , 1.45 , 0.26 , 356.23
2024-02-24 12:31:30,841 :- 00486: 213 , 16.50 , 00.30 || 1708758090, 17.602336542571 , 78.126594008867, 0.01 , 0.01 ,17.00 , 9.56 , 1.44 , 0.23 , 356.21
2024-02-24 12:31:30,871 :- 00487: 216 , 16.50 , 00.30 || 1708758090, 17.602336542571 , 78.126594008867, 0.01 , 0.01 ,17.00 , 9.75 , 1.42 , 0.22 , 356.20
2024-02-24 12:31:30,901 :- 00488: 219 , 16.60 , 00.30 || 1708758090, 17.602336542571 , 78.126594008867, 0.01 , 0.01 ,17.00 , 9.75 , 1.40 , 0.21 , 356.18
2024-02-24 12:31:30,931 :- 00489: 222 , 16.60 , 00.30 || 1708758090, 17.602336542571 , 78.126594008867, 0.01 , 0.01 ,17.00 , 9.68 , 1.40 , 0.17 , 356.17
2024-02-24 12:31:30,961 :- 00490: 225 , 16.70 , 00.30 || 1708758090, 17.602340793660 , 78.126593734085, 0.01 , 0.01 ,17.00 , 10.22 , 1.41 , 0.13 , 356.15
2024-02-24 12:31:30,991 :- 00491: 228 , 16.70 , 00.30 || 1708758090, 17.602340793660 , 78.126593734085, 0.01 , 0.01 ,17.00 , 9.81 , 1.40 , 0.10 , 356.14
2024-02-24 12:31:31,021 :- 00492: 231 , 16.80 , 00.30 || 1708758091, 17.602340793660 , 78.126593734085, 0.01 , 0.01 ,17.00 , 9.95 , 1.39 , 0.08 , 356.11
2024-02-24 12:31:31,051 :- 00493: 234 , 16.80 , 00.30 || 1708758091, 17.602345104405 , 78.126593462577, 0.01 , 0.01 ,17.22 , 9.98 , 1.38 , 0.07 , 356.10
2024-02-24 12:31:31,081 :- 00494: 237 , 16.90 , 00.30 || 1708758091, 17.602345104405 , 78.126593462577, 0.01 , 0.01 ,17.22 , 10.00 , 1.37 , 0.07 , 356.07
2024-02-24 12:31:31,111 :- 00495: 240 , 16.90 , 00.30 || 1708758091, 17.602345104405 , 78.126593462577, 0.01 , 0.01 ,17.22 , 9.73 , 1.37 , 0.08 , 356.06
2024-02-24 12:31:31,141 :- 00496: 243 , 17.00 , 00.30 || 1708758091, 17.602349465737 , 78.126593209252, 0.01 , 0.01 ,17.50 , 9.68 , 1.39 , 0.08 , 356.04
2024-02-24 12:31:31,171 :- 00497: 246 , 17.00 , 00.30 || 1708758091, 17.602349465737 , 78.126593209252, 0.01 , 0.01 ,17.50 , 9.81 , 1.39 , 0.10 , 356.03
2024-02-24 12:31:31,201 :- 00498: 249 , 17.10 , 00.30 || 1708758091, 17.602349465737 , 78.126593209252, 0.01 , 0.01 ,17.50 , 9.36 , 1.40 , 0.10 , 356.01
2024-02-24 12:31:31,231 :- 00499: 252 , 17.10 , 00.20 || 1708758091, 17.602349465737 , 78.126593209252, 0.01 , 0.01 ,17.72 , 9.92 , 1.41 , 0.12 , 356.00
2024-02-24 12:31:31,261 :- 00500: 255 , 17.20 , 00.20 || 1708758091, 17.602353889044 , 78.126592939885, 0.01 , 0.01 ,17.72 , 10.00 , 1.43 , 0.11 , 355.98
2024-02-24 12:31:31,291 :- 00501: 002 , 17.20 , 00.20 || 1708758091, 17.602353889044 , 78.126592939885, 0.01 , 0.01 ,17.72 , 9.51 , 1.42 , 0.10 , 355.97
2024-02-24 12:31:31,321 :- 00502: 005 , 17.20 , 00.20 || 1708758091, 17.602353889044 , 78.126592939885, 0.01 , 0.01 ,17.72 , 9.92 , 1.43 , 0.14 , 355.95
2024-02-24 12:31:31,351 :- 00503: 008 , 17.30 , 00.20 || 1708758091, 17.602358333661 , 78.126592664490, 0.01 , 0.01 ,17.72 , 10.03 , 1.43 , 0.12 , 355.94
2024-02-24 12:31:31,380 :- 00504: 011 , 17.30 , 00.20 || 1708758091, 17.602358333661 , 78.126592664490, 0.01 , 0.01 ,17.72 , 10.09 , 1.41 , 0.13 , 355.93
2024-02-24 12:31:31,410 :- 00505: 014 , 17.40 , 00.20 || 1708758091, 17.602358333661 , 78.126592664490, 0.01 , 0.01 ,17.72 , 10.06 , 1.41 , 0.13 , 355.92
2024-02-24 12:31:31,441 :- 00506: 017 , 17.40 , 00.20 || 1708758091, 17.602362815095 , 78.126592362855, 0.01 , 0.01 ,17.96 , 10.90 , 1.44 , 0.16 , 355.91
2024-02-24 12:31:31,471 :- 00507: 020 , 17.40 , 00.20 || 1708758091, 17.602362815095 , 78.126592362855, 0.01 , 0.01 ,17.96 , 10.00 , 1.40 , 0.15 , 355.90
2024-02-24 12:31:31,501 :- 00508: 023 , 17.50 , 00.20 || 1708758091, 17.602362815095 , 78.126592362855, 0.01 , 0.01 ,17.96 , 9.50 , 1.37 , 0.19 , 355.88
2024-02-24 12:31:31,531 :- 00509: 026 , 17.60 , 00.10 || 1708758091, 17.602362815095 , 78.126592362855, 0.01 , 0.01 ,18.13 , 9.43 , 1.37 , 0.23 , 355.87
2024-02-24 12:31:31,561 :- 00510: 029 , 17.70 , 00.10 || 1708758091, 17.602367343796 , 78.126592067756, 0.01 , 0.01 ,18.13 , 9.85 , 1.38 , 0.21 , 355.85
2024-02-24 12:31:31,591 :- 00511: 032 , 17.70 , 00.10 || 1708758091, 17.602367343796 , 78.126592067756, 0.01 , 0.01 ,18.13 , 9.41 , 1.38 , 0.21 , 355.85
2024-02-24 12:31:31,621 :- 00512: 035 , 17.80 , 00.10 || 1708758091, 17.602367343796 , 78.126592067756, 0.01 , 0.01 ,18.13 , 9.12 , 1.35 , 0.21 , 355.83
2024-02-24 12:31:31,651 :- 00513: 038 , 17.80 , 00.10 || 1708758091, 17.602371890876 , 78.126591772862, 0.01 , 0.01 ,18.18 , 9.52 , 1.34 , 0.20 , 355.83
2024-02-24 12:31:31,681 :- 00514: 041 , 17.80 , 00.10 || 1708758091, 17.602371890876 , 78.126591772862, 0.01 , 0.01 ,18.18 , 9.48 , 1.35 , 0.15 , 355.82
2024-02-24 12:31:31,711 :- 00515: 044 , 17.80 , 00.10 || 1708758091, 17.602371890876 , 78.126591772862, 0.01 , 0.01 ,18.18 , 9.54 , 1.37 , 0.13 , 355.82
2024-02-24 12:31:31,741 :- 00516: 047 , 17.80 , 00.10 || 1708758091, 17.602376395792 , 78.126591521683, 0.01 , 0.01 ,18.26 , 9.92 , 1.41 , 0.13 , 355.81
2024-02-24 12:31:31,771 :- 00517: 050 , 17.90 , 00.10 || 1708758091, 17.602376395792 , 78.126591521683, 0.01 , 0.01 ,18.26 , 9.96 , 1.42 , 0.09 , 355.81
2024-02-24 12:31:31,801 :- 00518: 053 , 17.90 , 00.10 || 1708758091, 17.602376395792 , 78.126591521683, 0.01 , 0.01 ,18.26 , 10.03 , 1.47 , 0.07 , 355.80
2024-02-24 12:31:31,831 :- 00519: 056 , 17.90 , 00.10 || 1708758091, 17.602376395792 , 78.126591521683, 0.01 , 0.01 ,18.38 , 9.86 , 1.48 , 0.07 , 355.79
2024-02-24 12:31:31,861 :- 00520: 059 , 17.90 , 00.10 || 1708758091, 17.602380993493 , 78.126591257170, 0.01 , 0.01 ,18.38 , 10.26 , 1.54 , 0.05 , 355.78
2024-02-24 12:31:31,891 :- 00521: 062 , 18.00 , 00.10 || 1708758091, 17.602380993493 , 78.126591257170, 0.01 , 0.01 ,18.38 , 10.14 , 1.54 , 0.06 , 355.77
2024-02-24 12:31:31,921 :- 00522: 065 , 18.00 , 00.00 || 1708758091, 17.602380993493 , 78.126591257170, 0.01 , 0.01 ,18.38 , 10.19 , 1.56 , 0.06 , 355.76
2024-02-24 12:31:31,951 :- 00523: 068 , 18.00 , 00.00 || 1708758091, 17.602385622459 , 78.126590974403, 0.01 , 0.01 ,18.50 , 10.15 , 1.57 , 0.08 , 355.76
2024-02-24 12:31:31,980 :- 00524: 071 , 18.10 , 00.00 || 1708758091, 17.602385622459 , 78.126590974403, 0.01 , 0.01 ,18.50 , 10.03 , 1.59 , 0.09 , 355.77
2024-02-24 12:31:32,011 :- 00525: 074 , 18.10 , -0.00 || 1708758091, 17.602385622459 , 78.126590974403, 0.01 , 0.01 ,18.50 , 10.34 , 1.60 , 0.11 , 355.77
2024-02-24 12:31:32,041 :- 00526: 077 , 18.10 , -0.00 || 1708758092, 17.602390298518 , 78.126590669615, 0.01 , 0.01 ,18.67 , 9.67 , 1.58 , 0.13 , 355.77
2024-02-24 12:31:32,071 :- 00527: 080 , 18.20 , -0.10 || 1708758092, 17.602390298518 , 78.126590669615, 0.01 , 0.01 ,18.67 , 9.79 , 1.56 , 0.16 , 355.76
2024-02-24 12:31:32,101 :- 00528: 083 , 18.20 , -0.10 || 1708758092, 17.602390298518 , 78.126590669615, 0.01 , 0.01 ,18.67 , 9.25 , 1.53 , 0.19 , 355.76
2024-02-24 12:31:32,131 :- 00529: 086 , 18.30 , -0.10 || 1708758092, 17.602390298518 , 78.126590669615, 0.01 , 0.01 ,18.75 , 9.77 , 1.51 , 0.19 , 355.76
2024-02-24 12:31:32,161 :- 00530: 089 , 18.20 , -0.20 || 1708758092, 17.602394982430 , 78.126590342387, 0.01 , 0.01 ,18.75 , 9.74 , 1.49 , 0.22 , 355.75
2024-02-24 12:31:32,191 :- 00531: 092 , 18.30 , -0.20 || 1708758092, 17.602394982430 , 78.126590342387, 0.01 , 0.01 ,18.75 , 9.43 , 1.50 , 0.24 , 355.75
2024-02-24 12:31:32,221 :- 00532: 095 , 18.30 , -0.20 || 1708758092, 17.602394982430 , 78.126590342387, 0.01 , 0.01 ,18.75 , 8.61 , 1.59 , 0.11 , 355.77
2024-02-24 12:31:32,251 :- 00533: 098 , 18.30 , -0.20 || 1708758092, 17.602399670771 , 78.126590030136, 0.01 , 0.01 ,18.64 , 10.09 , 1.62 , 0.17 , 355.77
2024-02-24 12:31:32,280 :- 00534: 101 , 18.40 , -0.30 || 1708758092, 17.602399670771 , 78.126590030136, 0.01 , 0.01 ,18.64 , 9.54 , 1.61 , 0.13 , 355.77
2024-02-24 12:31:32,311 :- 00535: 104 , 18.30 , -0.30 || 1708758092, 17.602399670771 , 78.126590030136, 0.01 , 0.01 ,18.64 , 10.35 , 1.60 , 0.02 , 355.78
2024-02-24 12:31:32,340 :- 00536: 107 , 18.40 , -0.40 || 1708758092, 17.602399670771 , 78.126590030136, 0.01 , 0.01 ,18.64 , 8.78 , 1.56 , 0.09 , 355.79
2024-02-24 12:31:32,371 :- 00537: 110 , 18.40 , -0.50 || 1708758092, 17.602404361577 , 78.126589748916, 0.01 , 0.01 ,18.78 , 10.76 , 1.62 , 0.07 , 355.80
2024-02-24 12:31:32,401 :- 00538: 113 , 18.40 , -0.50 || 1708758092, 17.602404361577 , 78.126589748916, 0.01 , 0.01 ,18.78 , 9.16 , 1.57 , 0.02 , 355.82
2024-02-24 12:31:32,431 :- 00539: 116 , 18.50 , -0.50 || 1708758092, 17.602404361577 , 78.126589748916, 0.01 , 0.01 ,18.94 , 10.80 , 1.63 , 0.06 , 355.83
2024-02-24 12:31:32,461 :- 00540: 119 , 18.50 , -0.50 || 1708758092, 17.602409094776 , 78.126589433285, 0.01 , 0.01 ,18.94 , 9.30 , 1.59 , 0.07 , 355.86
2024-02-24 12:31:32,491 :- 00541: 122 , 18.50 , -0.50 || 1708758092, 17.602409094776 , 78.126589433285, 0.01 , 0.01 ,18.94 , 10.54 , 1.61 , 0.05 , 355.88
2024-02-24 12:31:32,521 :- 00542: 125 , 18.50 , -0.50 || 1708758092, 17.602409094776 , 78.126589433285, 0.01 , 0.01 ,18.94 , 9.73 , 1.61 , 0.11 , 355.92
2024-02-24 12:31:32,551 :- 00543: 128 , 18.60 , -0.50 || 1708758092, 17.602413868639 , 78.126589136531, 0.01 , 0.01 ,19.10 , 9.81 , 1.64 , 0.12 , 355.94
2024-02-24 12:31:32,580 :- 00544: 131 , 18.60 , -0.50 || 1708758092, 17.602413868639 , 78.126589136531, 0.01 , 0.01 ,19.10 , 9.49 , 1.66 , 0.15 , 355.98
2024-02-24 12:31:32,610 :- 00545: 134 , 18.60 , -0.60 || 1708758092, 17.602413868639 , 78.126589136531, 0.01 , 0.01 ,19.10 , 10.14 , 1.69 , 0.15 , 356.01
2024-02-24 12:31:32,641 :- 00546: 137 , 18.60 , -0.60 || 1708758092, 17.602418669688 , 78.126588855168, 0.01 , 0.01 ,19.24 , 10.18 , 1.72 , 0.21 , 356.05
2024-02-24 12:31:32,670 :- 00547: 137 , 18.60 , -0.60 || 1708758092, 17.602418669688 , 78.126588855168, 0.01 , 0.01 ,19.24 , 10.18 , 1.72 , 0.21 , 356.051708758092, 17.602418669688 , 78.126588855168, 0.01 , 0.01 ,19.24 , 12.05 , 1.78 , 0.28 , 356.05
2024-02-24 12:31:32,691 :- 00548: 142 , 18.80 , -0.60 || 1708758092, 17.602418669688 , 78.126588855168, 0.01 , 0.01 ,19.24 , 7.80 , 1.63 , 0.15 , 356.07
2024-02-24 12:31:32,721 :- 00549: 145 , 18.80 , -0.60 || 1708758092, 17.602418669688 , 78.126588855168, 0.01 , 0.01 ,19.24 , 8.64 , 1.73 , 0.25 , 356.11
2024-02-24 12:31:32,751 :- 00550: 148 , 18.70 , -0.60 || 1708758092, 17.602423494365 , 78.126588577365, 0.01 , 0.01 ,19.28 , 10.46 , 1.68 , 0.27 , 356.13
2024-02-24 12:31:32,780 :- 00551: 151 , 18.80 , -0.70 || 1708758092, 17.602423494365 , 78.126588577365, 0.01 , 0.01 ,19.28 , 9.87 , 1.68 , 0.26 , 356.19
2024-02-24 12:31:32,811 :- 00552: 154 , 18.80 , -0.80 || 1708758092, 17.602423494365 , 78.126588577365, 0.01 , 0.01 ,19.28 , 9.81 , 1.70 , 0.25 , 356.23
2024-02-24 12:31:32,841 :- 00553: 157 , 18.80 , -0.80 || 1708758092, 17.602428313258 , 78.126588295406, 0.01 , 0.01 ,19.24 , 9.24 , 1.60 , 0.32 , 356.29
2024-02-24 12:31:32,871 :- 00554: 160 , 18.80 , -0.90 || 1708758092, 17.602428313258 , 78.126588295406, 0.01 , 0.01 ,19.24 , 10.06 , 1.67 , 0.29 , 356.32
2024-02-24 12:31:32,901 :- 00555: 163 , 18.90 , -0.90 || 1708758092, 17.602428313258 , 78.126588295406, 0.01 , 0.01 ,19.24 , 8.89 , 1.58 , 0.31 , 356.38
2024-02-24 12:31:32,931 :- 00556: 166 , 18.90 , -1.00 || 1708758092, 17.602428313258 , 78.126588295406, 0.01 , 0.01 ,19.37 , 10.16 , 1.59 , 0.31 , 356.41
2024-02-24 12:31:32,961 :- 00557: 169 , 18.90 , -1.00 || 1708758092, 17.602433163113 , 78.126588006652, 0.01 , 0.01 ,19.37 , 9.07 , 1.58 , 0.28 , 356.47
2024-02-24 12:31:32,991 :- 00558: 172 , 18.90 , -1.10 || 1708758092, 17.602433163113 , 78.126588006652, 0.01 , 0.01 ,19.37 , 10.35 , 1.58 , 0.27 , 356.50
2024-02-24 12:31:33,021 :- 00559: 175 , 18.90 , -1.10 || 1708758093, 17.602433163113 , 78.126588006652, 0.01 , 0.01 ,19.37 , 9.78 , 1.59 , 0.28 , 356.57
2024-02-24 12:31:33,051 :- 00560: 178 , 19.00 , -1.10 || 1708758093, 17.602438022380 , 78.126587732964, 0.01 , 0.01 ,19.35 , 10.51 , 1.61 , 0.27 , 356.61
2024-02-24 12:31:33,080 :- 00561: 181 , 19.00 , -1.20 || 1708758093, 17.602438022380 , 78.126587732964, 0.01 , 0.01 ,19.35 , 9.46 , 1.58 , 0.27 , 356.69
2024-02-24 12:31:33,110 :- 00562: 184 , 19.00 , -1.20 || 1708758093, 17.602438022380 , 78.126587732964, 0.01 , 0.01 ,19.35 , 9.87 , 1.58 , 0.27 , 356.74
2024-02-24 12:31:33,141 :- 00563: 187 , 19.00 , -1.20 || 1708758093, 17.602442915383 , 78.126587515426, 0.01 , 0.01 ,19.54 , 10.70 , 1.62 , 0.31 , 356.84
2024-02-24 12:31:33,171 :- 00564: 190 , 19.00 , -1.30 || 1708758093, 17.602442915383 , 78.126587515426, 0.01 , 0.01 ,19.54 , 9.72 , 1.61 , 0.31 , 356.89
2024-02-24 12:31:33,200 :- 00565: 193 , 19.10 , -1.40 || 1708758093, 17.602442915383 , 78.126587515426, 0.01 , 0.01 ,19.54 , 10.14 , 1.62 , 0.37 , 356.98
2024-02-24 12:31:33,231 :- 00566: 196 , 19.10 , -1.50 || 1708758093, 17.602442915383 , 78.126587515426, 0.01 , 0.01 ,19.59 , 9.63 , 1.62 , 0.41 , 357.03
2024-02-24 12:31:33,260 :- 00567: 199 , 19.00 , -1.50 || 1708758093, 17.602447822002 , 78.126587300713, 0.01 , 0.01 ,19.59 , 10.86 , 1.66 , 0.47 , 357.13
2024-02-24 12:31:33,291 :- 00568: 202 , 19.10 , -1.60 || 1708758093, 17.602447822002 , 78.126587300713, 0.01 , 0.01 ,19.59 , 8.51 , 1.62 , 0.48 , 357.19
2024-02-24 12:31:33,320 :- 00569: 205 , 19.10 , -1.70 || 1708758093, 17.602447822002 , 78.126587300713, 0.01 , 0.01 ,19.59 , 10.02 , 1.66 , 0.56 , 357.31
2024-02-24 12:31:33,350 :- 00570: 208 , 19.10 , -1.70 || 1708758093, 17.602452735322 , 78.126587118452, 0.01 , 0.01 ,19.59 , 9.09 , 1.63 , 0.57 , 357.37
2024-02-24 12:31:33,380 :- 00571: 211 , 19.10 , -1.70 || 1708758093, 17.602452735322 , 78.126587118452, 0.01 , 0.01 ,19.59 , 10.01 , 1.59 , 0.60 , 357.50
2024-02-24 12:31:33,410 :- 00572: 214 , 19.00 , -1.70 || 1708758093, 17.602452735322 , 78.126587118452, 0.01 , 0.01 ,19.59 , 9.13 , 1.57 , 0.62 , 357.57
2024-02-24 12:31:33,440 :- 00573: 217 , 19.10 , -1.70 || 1708758093, 17.602457635802 , 78.126586936890, 0.01 , 0.01 ,19.49 , 9.60 , 1.55 , 0.64 , 357.72
2024-02-24 12:31:33,470 :- 00574: 220 , 19.00 , -1.70 || 1708758093, 17.602457635802 , 78.126586936890, 0.01 , 0.01 ,19.49 , 10.02 , 1.55 , 0.65 , 357.79
2024-02-24 12:31:33,500 :- 00575: 223 , 19.00 , -1.70 || 1708758093, 17.602457635802 , 78.126586936890, 0.01 , 0.01 ,19.49 , 9.54 , 1.52 , 0.67 , 357.94
2024-02-24 12:31:33,530 :- 00576: 226 , 19.00 , -1.70 || 1708758093, 17.602457635802 , 78.126586936890, 0.01 , 0.01 ,19.39 , 10.16 , 1.53 , 0.65 , 358.01
2024-02-24 12:31:33,560 :- 00577: 229 , 18.90 , -1.80 || 1708758093, 17.602462503979 , 78.126586775417, 0.01 , 0.01 ,19.39 , 9.16 , 1.50 , 0.69 , 358.15
2024-02-24 12:31:33,590 :- 00578: 232 , 18.90 , -1.80 || 1708758093, 17.602462503979 , 78.126586775417, 0.01 , 0.01 ,19.39 , 10.14 , 1.49 , 0.70 , 358.22
2024-02-24 12:31:33,620 :- 00579: 235 , 18.90 , -1.90 || 1708758093, 17.602462503979 , 78.126586775417, 0.01 , 0.01 ,19.39 , 9.55 , 1.50 , 0.67 , 358.35
2024-02-24 12:31:33,650 :- 00580: 238 , 18.90 , -2.10 || 1708758093, 17.602467352494 , 78.126586677933, 0.01 , 0.01 ,19.27 , 9.22 , 1.50 , 0.68 , 358.41
2024-02-24 12:31:33,680 :- 00581: 241 , 18.90 , -2.20 || 1708758093, 17.602467352494 , 78.126586677933, 0.01 , 0.01 ,19.27 , 10.12 , 1.52 , 0.70 , 358.56
2024-02-24 12:31:33,710 :- 00582: 244 , 18.90 , -2.30 || 1708758093, 17.602467352494 , 78.126586677933, 0.01 , 0.01 ,19.27 , 9.97 , 1.52 , 0.68 , 358.63
2024-02-24 12:31:33,740 :- 00583: 247 , 18.90 , -2.50 || 1708758093, 17.602472175988 , 78.126586634299, 0.01 , 0.01 ,19.15 , 9.82 , 1.48 , 0.66 , 358.80
2024-02-24 12:31:33,770 :- 00584: 250 , 18.80 , -2.60 || 1708758093, 17.602472175988 , 78.126586634299, 0.01 , 0.01 ,19.15 , 9.25 , 1.45 , 0.66 , 358.89
2024-02-24 12:31:33,800 :- 00585: 253 , 18.80 , -2.80 || 1708758093, 17.602472175988 , 78.126586634299, 0.01 , 0.01 ,19.15 , 10.31 , 1.45 , 0.68 , 359.08
2024-02-24 12:31:33,830 :- 00586: 000 , 18.80 , -2.90 || 1708758093, 17.602472175988 , 78.126586634299, 0.01 , 0.01 ,19.15 , 10.22 , 1.43 , 0.67 , 359.19
2024-02-24 12:31:33,860 :- 00587: 003 , 18.80 , -3.00 || 1708758093, 17.602476990510 , 78.126586584848, 0.01 , 0.01 ,19.19 , 9.53 , 1.34 , 0.63 , 359.41
2024-02-24 12:31:33,890 :- 00588: 006 , 18.80 , -3.00 || 1708758093, 17.602476990510 , 78.126586584848, 0.01 , 0.01 ,19.19 , 10.22 , 1.35 , 0.64 , 359.53
2024-02-24 12:31:33,920 :- 00589: 009 , 18.70 , -3.00 || 1708758093, 17.602476990510 , 78.126586584848, 0.01 , 0.01 ,19.19 , 10.08 , 1.32 , 0.63 , 359.77
2024-02-24 12:31:33,950 :- 00590: 009 , 18.70 , -3.00 || 1708758093, 17.602476990510 , 78.126586584848, 0.01 , 0.01 ,19.19 , 10.08 , 1.32 , 0.63 , 359.771708758093, 17.602481777388 , 78.126586557922, 0.01 , 0.01 ,19.05 , 10.06 , 1.31 , 0.62 , 359.89
2024-02-24 12:31:33,970 :- 00591: 014 , 18.70 , -3.00 || 1708758093, 17.602481777388 , 78.126586557922, 0.01 , 0.01 ,19.05 , 9.83 , 1.30 , 0.62 , 0.02
2024-02-24 12:31:34,000 :- 00592: 017 , 18.70 , -3.00 || 1708758093, 17.602481777388 , 78.126586557922, 0.01 , 0.01 ,19.05 , 9.09 , 1.28 , 0.62 , 0.27
2024-02-24 12:31:34,030 :- 00593: 020 , 18.70 , -3.00 || 1708758094, 17.602481777388 , 78.126586557922, 0.01 , 0.01 ,19.02 , 10.14 , 1.29 , 0.63 , 0.40
2024-02-24 12:31:34,060 :- 00594: 023 , 18.70 , -3.00 || 1708758094, 17.602486554987 , 78.126586630624, 0.01 , 0.01 ,19.02 , 9.61 , 1.27 , 0.58 , 0.65
2024-02-24 12:31:34,090 :- 00595: 026 , 18.70 , -3.00 || 1708758094, 17.602486554987 , 78.126586630624, 0.01 , 0.01 ,19.02 , 9.90 , 1.28 , 0.57 , 0.78
2024-02-24 12:31:34,120 :- 00596: 029 , 18.60 , -3.00 || 1708758094, 17.602486554987 , 78.126586630624, 0.01 , 0.01 ,19.02 , 9.63 , 1.29 , 0.61 , 1.03
2024-02-24 12:31:34,150 :- 00597: 032 , 18.60 , -3.00 || 1708758094, 17.602491319642 , 78.126586757072, 0.01 , 0.01 ,19.00 , 9.73 , 1.31 , 0.57 , 1.16
2024-02-24 12:31:34,180 :- 00598: 035 , 18.60 , -3.10 || 1708758094, 17.602491319642 , 78.126586757072, 0.01 , 0.01 ,19.00 , 9.75 , 1.34 , 0.56 , 1.40
2024-02-24 12:31:34,210 :- 00599: 038 , 18.60 , -3.20 || 1708758094, 17.602491319642 , 78.126586757072, 0.01 , 0.01 ,19.00 , 9.77 , 1.34 , 0.56 , 1.51
2024-02-24 12:31:34,240 :- 00600: 041 , 18.50 , -3.20 || 1708758094, 17.602496049381 , 78.126586986885, 0.01 , 0.01 ,18.84 , 9.93 , 1.37 , 0.54 , 1.76
2024-02-24 12:31:34,270 :- 00601: 044 , 18.50 , -3.30 || 1708758094, 17.602496049381 , 78.126586986885, 0.01 , 0.01 ,18.84 , 9.85 , 1.36 , 0.54 , 1.88
2024-02-24 12:31:34,301 :- 00602: 047 , 18.50 , -3.40 || 1708758094, 17.602496049381 , 78.126586986885, 0.01 , 0.01 ,18.84 , 10.18 , 1.38 , 0.52 , 2.13
2024-02-24 12:31:34,330 :- 00603: 050 , 18.50 , -3.50 || 1708758094, 17.602496049381 , 78.126586986885, 0.01 , 0.01 ,18.84 , 10.15 , 1.38 , 0.54 , 2.26
2024-02-24 12:31:34,360 :- 00604: 053 , 18.40 , -3.60 || 1708758094, 17.602496049381 , 78.126586986885, 0.01 , 0.01 ,18.84 , 10.29 , 1.37 , 0.57 , 2.39
2024-02-24 12:31:34,390 :- 00605: 056 , 18.40 , -3.70 || 1708758094, 17.602500772050 , 78.126587225078, 0.01 , 0.01 ,18.84 , 9.62 , 1.34 , 0.59 , 2.66
2024-02-24 12:31:34,420 :- 00606: 059 , 18.40 , -3.80 || 1708758094, 17.602500772050 , 78.126587225078, 0.01 , 0.01 ,18.84 , 10.06 , 1.33 , 0.64 , 2.95
2024-02-24 12:31:34,450 :- 00607: 062 , 18.40 , -3.90 || 1708758094, 17.602505508921 , 78.126587508203, 0.01 , 0.01 ,18.85 , 10.93 , 1.39 , 0.71 , 3.09
2024-02-24 12:31:34,480 :- 00608: 065 , 18.40 , -4.00 || 1708758094, 17.602505508921 , 78.126587508203, 0.01 , 0.01 ,18.85 , 7.34 , 1.24 , 0.68 , 3.41
2024-02-24 12:31:34,510 :- 00609: 068 , 18.50 , -4.00 || 1708758094, 17.602505508921 , 78.126587508203, 0.01 , 0.01 ,18.85 , 11.54 , 1.36 , 0.72 , 3.56
2024-02-24 12:31:34,540 :- 00610: 071 , 18.40 , -4.10 || 1708758094, 17.602510204208 , 78.126587840820, 0.01 , 0.01 ,18.70 , 8.31 , 1.24 , 0.71 , 3.88
2024-02-24 12:31:34,571 :- 00611: 074 , 18.40 , -4.10 || 1708758094, 17.602510204208 , 78.126587840820, 0.01 , 0.01 ,18.70 , 11.30 , 1.20 , 0.65 , 4.04
2024-02-24 12:31:34,600 :- 00612: 077 , 18.30 , -4.20 || 1708758094, 17.602510204208 , 78.126587840820, 0.01 , 0.01 ,18.70 , 9.13 , 1.17 , 0.71 , 4.37
2024-02-24 12:31:34,630 :- 00613: 080 , 18.30 , -4.20 || 1708758094, 17.602510204208 , 78.126587840820, 0.01 , 0.01 ,18.53 , 9.80 , 1.13 , 0.69 , 4.53
2024-02-24 12:31:34,660 :- 00614: 083 , 18.30 , -4.20 || 1708758094, 17.602514857371 , 78.126588225459, 0.01 , 0.01 ,18.53 , 10.09 , 1.12 , 0.63 , 4.84
2024-02-24 12:31:34,690 :- 00615: 086 , 18.20 , -4.20 || 1708758094, 17.602514857371 , 78.126588225459, 0.01 , 0.01 ,18.53 , 9.60 , 1.12 , 0.66 , 5.01
2024-02-24 12:31:34,720 :- 00616: 089 , 18.30 , -4.20 || 1708758094, 17.602514857371 , 78.126588225459, 0.01 , 0.01 ,18.53 , 9.75 , 1.10 , 0.61 , 5.33
2024-02-24 12:31:34,750 :- 00617: 092 , 18.30 , -4.30 || 1708758094, 17.602519484611 , 78.126588713920, 0.01 , 0.01 ,18.45 , 9.79 , 1.14 , 0.60 , 5.49
2024-02-24 12:31:34,780 :- 00618: 095 , 18.20 , -4.30 || 1708758094, 17.602519484611 , 78.126588713920, 0.01 , 0.01 ,18.45 , 9.84 , 1.10 , 0.58 , 5.81
2024-02-24 12:31:34,810 :- 00619: 098 , 18.20 , -4.30 || 1708758094, 17.602519484611 , 78.126588713920, 0.01 , 0.01 ,18.45 , 9.69 , 1.09 , 0.58 , 5.98
2024-02-24 12:31:34,840 :- 00620: 101 , 18.20 , -4.40 || 1708758094, 17.602524097346 , 78.126589267809, 0.01 , 0.01 ,18.49 , 9.82 , 1.07 , 0.57 , 6.32
2024-02-24 12:31:34,870 :- 00621: 104 , 18.10 , -4.40 || 1708758094, 17.602524097346 , 78.126589267809, 0.01 , 0.01 ,18.49 , 10.15 , 1.07 , 0.55 , 6.49
