2024-01-23 17:44:23,238 :- 00001: Feedback Code Starting
2024-01-23 17:44:23,260 :- 00002: 213 , 30.00 , -0.20 || 1706012063, 17.601674170000 , 78.126609416412, 0.01 , 0.01 ,26.81 , 9.62 , 1.01 , 0.07 , 359.04
2024-01-23 17:44:23,290 :- 00003: 216 , 30.00 , -0.20 || 1706012063, 17.601674170000 , 78.126609416412, 0.01 , 0.01 ,26.81 , 9.13 , 0.97 , 0.04 , 359.05
2024-01-23 17:44:23,320 :- 00004: 219 , 30.00 , -0.20 || 1706012063, 17.601674170000 , 78.126609416412, 0.01 , 0.01 ,27.00 , 9.64 , 1.00 , 0.03 , 359.05
2024-01-23 17:44:23,351 :- 00005: 222 , 30.00 , -0.20 || 1706012063, 17.601680944721 , 78.126609336732, 0.01 , 0.01 ,27.00 , 10.12 , 1.03 , 0.03 , 359.07
2024-01-23 17:44:23,380 :- 00006: 225 , 30.00 , -0.20 || 1706012063, 17.601680944721 , 78.126609336732, 0.01 , 0.01 ,27.00 , 9.28 , 1.01 , -0.01 , 359.08
2024-01-23 17:44:23,410 :- 00007: 228 , 30.00 , -0.20 || 1706012063, 17.601680944721 , 78.126609336732, 0.01 , 0.01 ,27.00 , 9.57 , 1.02 , -0.01 , 359.09
2024-01-23 17:44:23,440 :- 00008: 231 , 30.00 , -0.20 || 1706012063, 17.601687764470 , 78.126609271306, 0.01 , 0.01 ,27.18 , 10.01 , 1.06 , -0.05 , 359.10
2024-01-23 17:44:23,470 :- 00009: 234 , 30.00 , -0.10 || 1706012063, 17.601687764470 , 78.126609271306, 0.01 , 0.01 ,27.18 , 9.60 , 1.02 , -0.11 , 359.11
2024-01-23 17:44:23,500 :- 00010: 237 , 30.00 , -0.10 || 1706012063, 17.601687764470 , 78.126609271306, 0.01 , 0.01 ,27.18 , 10.03 , 1.05 , -0.12 , 359.12
2024-01-23 17:44:23,530 :- 00011: 240 , 30.00 , -0.10 || 1706012063, 17.601694642548 , 78.126609207410, 0.01 , 0.01 ,27.41 , 10.27 , 1.07 , -0.18 , 359.13
2024-01-23 17:44:23,560 :- 00012: 243 , 30.00 , -0.10 || 1706012063, 17.601694642548 , 78.126609207410, 0.01 , 0.01 ,27.41 , 9.30 , 1.04 , -0.18 , 359.14
2024-01-23 17:44:23,591 :- 00013: 246 , 30.00 , -0.10 || 1706012063, 17.601694642548 , 78.126609207410, 0.01 , 0.01 ,27.41 , 10.40 , 1.10 , -0.21 , 359.15
2024-01-23 17:44:23,620 :- 00014: 249 , 30.00 , -0.10 || 1706012063, 17.601694642548 , 78.126609207410, 0.01 , 0.01 ,27.66 , 10.11 , 1.10 , -0.24 , 359.16
2024-01-23 17:44:23,650 :- 00015: 252 , 30.00 , -0.10 || 1706012063, 17.601701585177 , 78.126609143215, 0.01 , 0.01 ,27.66 , 10.01 , 1.09 , -0.25 , 359.17
2024-01-23 17:44:23,680 :- 00016: 255 , 30.00 , -0.10 || 1706012063, 17.601701585177 , 78.126609143215, 0.01 , 0.01 ,27.66 , 9.74 , 1.14 , -0.25 , 359.17
2024-01-23 17:44:23,710 :- 00017: 002 , 30.00 , -0.10 || 1706012063, 17.601701585177 , 78.126609143215, 0.01 , 0.01 ,27.66 , 10.48 , 1.16 , -0.25 , 359.17
2024-01-23 17:44:23,740 :- 00018: 005 , 30.00 , -0.10 || 1706012063, 17.601708608922 , 78.126609088027, 0.01 , 0.01 ,27.99 , 9.94 , 1.17 , -0.28 , 359.18
2024-01-23 17:44:23,771 :- 00019: 008 , 30.00 , -0.10 || 1706012063, 17.601708608922 , 78.126609088027, 0.01 , 0.01 ,27.99 , 9.83 , 1.16 , -0.22 , 359.19
2024-01-23 17:44:23,800 :- 00020: 011 , 30.00 , -0.20 || 1706012063, 17.601708608922 , 78.126609088027, 0.01 , 0.01 ,27.99 , 10.26 , 1.17 , -0.21 , 359.19
2024-01-23 17:44:23,830 :- 00021: 014 , 30.00 , -0.20 || 1706012063, 17.601715684649 , 78.126609043134, 0.01 , 0.01 ,28.19 , 9.84 , 1.14 , -0.22 , 359.21
2024-01-23 17:44:23,860 :- 00022: 017 , 30.00 , -0.20 || 1706012063, 17.601715684649 , 78.126609043134, 0.01 , 0.01 ,28.19 , 9.62 , 1.13 , -0.17 , 359.21
2024-01-23 17:44:23,891 :- 00023: 020 , 30.00 , -0.10 || 1706012063, 17.601715684649 , 78.126609043134, 0.01 , 0.01 ,28.19 , 9.88 , 1.16 , -0.15 , 359.21
2024-01-23 17:44:23,920 :- 00024: 023 , 30.00 , -0.10 || 1706012063, 17.601715684649 , 78.126609043134, 0.01 , 0.01 ,28.50 , 9.67 , 1.15 , -0.15 , 359.22
2024-01-23 17:44:23,950 :- 00025: 026 , 30.00 , -0.10 || 1706012063, 17.601722837960 , 78.126608973871, 0.01 , 0.01 ,28.50 , 9.70 , 1.15 , -0.11 , 359.22
2024-01-23 17:44:23,980 :- 00026: 029 , 30.00 , -0.10 || 1706012063, 17.601722837960 , 78.126608973871, 0.01 , 0.01 ,28.50 , 9.53 , 1.12 , -0.11 , 359.22
2024-01-23 17:44:24,010 :- 00027: 032 , 30.00 , -0.10 || 1706012063, 17.601722837960 , 78.126608973871, 0.01 , 0.01 ,28.50 , 9.93 , 1.12 , -0.09 , 359.23
2024-01-23 17:44:24,040 :- 00028: 035 , 30.00 , -0.10 || 1706012064, 17.601730027569 , 78.126608928455, 0.01 , 0.01 ,28.65 , 9.52 , 1.12 , -0.07 , 359.24
2024-01-23 17:44:24,070 :- 00029: 038 , 30.00 , -0.10 || 1706012064, 17.601730027569 , 78.126608928455, 0.01 , 0.01 ,28.65 , 9.57 , 1.09 , -0.07 , 359.25
2024-01-23 17:44:24,100 :- 00030: 041 , 30.00 , -0.10 || 1706012064, 17.601730027569 , 78.126608928455, 0.01 , 0.01 ,28.65 , 9.17 , 1.09 , -0.06 , 359.26
2024-01-23 17:44:24,130 :- 00031: 044 , 30.00 , -0.10 || 1706012064, 17.601737228351 , 78.126608852564, 0.01 , 0.01 ,28.78 , 9.68 , 1.08 , -0.07 , 359.27
2024-01-23 17:44:24,160 :- 00032: 047 , 30.00 , -0.10 || 1706012064, 17.601737228351 , 78.126608852564, 0.01 , 0.01 ,28.78 , 9.72 , 1.07 , -0.09 , 359.27
2024-01-23 17:44:24,190 :- 00033: 050 , 30.00 , -0.10 || 1706012064, 17.601737228351 , 78.126608852564, 0.01 , 0.01 ,28.78 , 9.96 , 1.02 , -0.10 , 359.28
2024-01-23 17:44:24,220 :- 00034: 053 , 30.00 , -0.10 || 1706012064, 17.601737228351 , 78.126608852564, 0.01 , 0.01 ,29.01 , 9.76 , 0.99 , -0.11 , 359.28
2024-01-23 17:44:24,250 :- 00035: 056 , 30.00 , -0.10 || 1706012064, 17.601744508668 , 78.126608786521, 0.01 , 0.01 ,29.01 , 9.84 , 0.94 , -0.15 , 359.29
2024-01-23 17:44:24,280 :- 00036: 059 , 30.00 , -0.10 || 1706012064, 17.601744508668 , 78.126608786521, 0.01 , 0.01 ,29.01 , 9.76 , 0.91 , -0.16 , 359.30
2024-01-23 17:44:24,310 :- 00037: 062 , 30.00 , -0.10 || 1706012064, 17.601744508668 , 78.126608786521, 0.01 , 0.01 ,29.01 , 9.81 , 0.90 , -0.16 , 359.30
2024-01-23 17:44:24,340 :- 00038: 065 , 30.00 , -0.10 || 1706012064, 17.601751843109 , 78.126608709298, 0.01 , 0.01 ,29.23 , 9.89 , 0.92 , -0.18 , 359.31
2024-01-23 17:44:24,370 :- 00039: 068 , 30.00 , -0.10 || 1706012064, 17.601751843109 , 78.126608709298, 0.01 , 0.01 ,29.23 , 10.16 , 0.94 , -0.20 , 359.31
2024-01-23 17:44:24,400 :- 00040: 071 , 30.00 , -0.10 || 1706012064, 17.601751843109 , 78.126608709298, 0.01 , 0.01 ,29.23 , 9.74 , 0.95 , -0.24 , 359.31
2024-01-23 17:44:24,430 :- 00041: 074 , 30.00 , -0.10 || 1706012064, 17.601759237602 , 78.126608670187, 0.01 , 0.01 ,29.46 , 10.12 , 1.00 , -0.22 , 359.31
2024-01-23 17:44:24,460 :- 00042: 077 , 30.00 , -0.10 || 1706012064, 17.601759237602 , 78.126608670187, 0.01 , 0.01 ,29.46 , 10.15 , 1.01 , -0.22 , 359.31
2024-01-23 17:44:24,491 :- 00043: 080 , 30.00 , -0.10 || 1706012064, 17.601759237602 , 78.126608670187, 0.01 , 0.01 ,29.46 , 10.12 , 1.04 , -0.24 , 359.31
2024-01-23 17:44:24,519 :- 00044: 080 , 30.00 , -0.10 || 1706012064, 17.601759237602 , 78.126608670187, 0.01 , 0.01 ,29.46 , 10.12 , 1.04 , -0.24 , 359.311706012064, 17.601759237602 , 78.126608670187, 0.01 , 0.01 ,29.79 , 9.99 , 1.05 , -0.22 , 359.31
2024-01-23 17:44:24,550 :- 00045: 086 , 30.00 , -0.10 || 1706012064, 17.601766714178 , 78.126608640363, 0.01 , 0.01 ,29.79 , 9.62 , 1.10 , -0.19 , 359.30
2024-01-23 17:44:24,580 :- 00046: 089 , 30.00 , -0.10 || 1706012064, 17.601766714178 , 78.126608640363, 0.01 , 0.01 ,29.79 , 9.86 , 1.13 , -0.19 , 359.29
2024-01-23 17:44:24,610 :- 00047: 092 , 30.00 , -0.00 || 1706012064, 17.601766714178 , 78.126608640363, 0.01 , 0.01 ,29.79 , 9.87 , 1.19 , -0.16 , 359.27
2024-01-23 17:44:24,640 :- 00048: 095 , 30.00 , -0.00 || 1706012064, 17.601774237823 , 78.126608632636, 0.01 , 0.01 ,29.98 , 9.62 , 1.20 , -0.15 , 359.27
2024-01-23 17:44:24,670 :- 00049: 098 , 30.00 , -0.00 || 1706012064, 17.601774237823 , 78.126608632636, 0.01 , 0.01 ,29.98 , 10.27 , 1.28 , -0.13 , 359.26
2024-01-23 17:44:24,700 :- 00050: 101 , 30.00 , -0.00 || 1706012064, 17.601774237823 , 78.126608632636, 0.01 , 0.01 ,29.98 , 9.53 , 1.31 , -0.11 , 359.25
2024-01-23 17:44:24,730 :- 00051: 104 , 30.00 , -0.00 || 1706012064, 17.601781832535 , 78.126608635906, 0.01 , 0.01 ,30.26 , 9.22 , 1.28 , -0.13 , 359.24
2024-01-23 17:44:24,760 :- 00052: 107 , 30.00 , -0.00 || 1706012064, 17.601781832535 , 78.126608635906, 0.01 , 0.01 ,30.26 , 9.65 , 1.33 , -0.10 , 359.23
2024-01-23 17:44:24,790 :- 00053: 110 , 30.00 , -0.00 || 1706012064, 17.601781832535 , 78.126608635906, 0.01 , 0.01 ,30.26 , 9.97 , 1.39 , -0.13 , 359.21
2024-01-23 17:44:24,820 :- 00054: 113 , 30.00 , 00.10 || 1706012064, 17.601781832535 , 78.126608635906, 0.01 , 0.01 ,30.38 , 9.09 , 1.42 , -0.15 , 359.21
2024-01-23 17:44:24,850 :- 00055: 116 , 30.00 , 00.10 || 1706012064, 17.601789455712 , 78.126608597343, 0.01 , 0.01 ,30.38 , 9.88 , 1.47 , -0.15 , 359.18
2024-01-23 17:44:24,880 :- 00056: 119 , 30.00 , 00.10 || 1706012064, 17.601789455712 , 78.126608597343, 0.01 , 0.01 ,30.38 , 9.50 , 1.48 , -0.18 , 359.18
2024-01-23 17:44:24,910 :- 00057: 122 , 30.00 , 00.10 || 1706012064, 17.601789455712 , 78.126608597343, 0.01 , 0.01 ,30.38 , 9.91 , 1.49 , -0.25 , 359.17
2024-01-23 17:44:24,941 :- 00058: 125 , 30.00 , 00.10 || 1706012064, 17.601797124402 , 78.126608557372, 0.01 , 0.01 ,30.56 , 10.20 , 1.55 , -0.21 , 359.16
2024-01-23 17:44:24,970 :- 00059: 128 , 30.00 , 00.10 || 1706012064, 17.601797124402 , 78.126608557372, 0.01 , 0.01 ,30.56 , 9.64 , 1.56 , -0.27 , 359.15
2024-01-23 17:44:25,000 :- 00060: 131 , 30.00 , 00.10 || 1706012064, 17.601797124402 , 78.126608557372, 0.01 , 0.01 ,30.56 , 10.40 , 1.55 , -0.28 , 359.14
2024-01-23 17:44:25,030 :- 00061: 134 , 30.00 , 00.20 || 1706012065, 17.601797124402 , 78.126608557372, 0.01 , 0.01 ,30.82 , 9.61 , 1.58 , -0.25 , 359.13
2024-01-23 17:44:25,060 :- 00062: 137 , 30.00 , 00.20 || 1706012065, 17.601804858211 , 78.126608511465, 0.01 , 0.01 ,30.82 , 10.40 , 1.53 , -0.29 , 359.11
2024-01-23 17:44:25,090 :- 00063: 140 , 30.00 , 00.20 || 1706012065, 17.601804858211 , 78.126608511465, 0.01 , 0.01 ,30.82 , 9.98 , 1.46 , -0.31 , 359.10
2024-01-23 17:44:25,120 :- 00064: 143 , 30.00 , 00.20 || 1706012065, 17.601804858211 , 78.126608511465, 0.01 , 0.01 ,31.04 , 9.83 , 1.45 , -0.28 , 359.09
2024-01-23 17:44:25,150 :- 00065: 146 , 30.00 , 00.20 || 1706012065, 17.601812648858 , 78.126608417451, 0.01 , 0.01 ,31.04 , 10.28 , 1.40 , -0.28 , 359.07
2024-01-23 17:44:25,180 :- 00066: 149 , 30.00 , 00.20 || 1706012065, 17.601812648858 , 78.126608417451, 0.01 , 0.01 ,31.04 , 9.96 , 1.42 , -0.28 , 359.06
2024-01-23 17:44:25,210 :- 00067: 152 , 30.00 , 00.20 || 1706012065, 17.601812648858 , 78.126608417451, 0.01 , 0.01 ,31.04 , 8.76 , 1.35 , -0.21 , 359.04
2024-01-23 17:44:25,240 :- 00068: 155 , 30.00 , 00.20 || 1706012065, 17.601820506488 , 78.126608296436, 0.01 , 0.01 ,31.31 , 10.29 , 1.38 , -0.19 , 359.02
2024-01-23 17:44:25,271 :- 00069: 158 , 30.00 , 00.20 || 1706012065, 17.601820506488 , 78.126608296436, 0.01 , 0.01 ,31.31 , 10.37 , 1.40 , -0.16 , 358.98
2024-01-23 17:44:25,300 :- 00070: 161 , 30.00 , 00.20 || 1706012065, 17.601820506488 , 78.126608296436, 0.01 , 0.01 ,31.31 , 9.53 , 1.35 , -0.11 , 358.97
2024-01-23 17:44:25,331 :- 00071: 164 , 30.00 , 00.20 || 1706012065, 17.601828448411 , 78.126608202092, 0.01 , 0.01 ,31.65 , 10.66 , 1.40 , 0.01 , 358.93
2024-01-23 17:44:25,360 :- 00072: 167 , 30.00 , 00.20 || 1706012065, 17.601828448411 , 78.126608202092, 0.01 , 0.01 ,31.65 , 9.28 , 1.47 , 0.04 , 358.92
2024-01-23 17:44:25,390 :- 00073: 170 , 30.00 , 00.20 || 1706012065, 17.601828448411 , 78.126608202092, 0.01 , 0.01 ,31.65 , 8.97 , 1.48 , 0.12 , 358.91
2024-01-23 17:44:25,420 :- 00074: 173 , 30.00 , 00.20 || 1706012065, 17.601828448411 , 78.126608202092, 0.01 , 0.01 ,31.98 , 9.36 , 1.59 , 0.13 , 358.90
2024-01-23 17:44:25,450 :- 00075: 176 , 30.00 , 00.20 || 1706012065, 17.601836473823 , 78.126608135332, 0.01 , 0.01 ,31.98 , 10.11 , 1.70 , 0.14 , 358.87
2024-01-23 17:44:25,480 :- 00076: 179 , 30.00 , 00.20 || 1706012065, 17.601836473823 , 78.126608135332, 0.01 , 0.01 ,31.98 , 8.55 , 1.70 , 0.14 , 358.86
2024-01-23 17:44:25,510 :- 00077: 182 , 30.00 , 00.20 || 1706012065, 17.601836473823 , 78.126608135332, 0.01 , 0.01 ,31.98 , 9.49 , 1.80 , 0.13 , 358.82
2024-01-23 17:44:25,540 :- 00078: 185 , 30.00 , 00.90 || 1706012065, 17.601844486364 , 78.126608107793, 0.01 , 0.01 ,31.93 , 8.90 , 1.79 , 0.12 , 358.81
2024-01-23 17:44:25,570 :- 00079: 188 , 30.00 , 00.90 || 1706012065, 17.601844486364 , 78.126608107793, 0.01 , 0.01 ,31.93 , 9.29 , 1.70 , 0.08 , 358.77
2024-01-23 17:44:25,600 :- 00080: 191 , 30.00 , 00.90 || 1706012065, 17.601844486364 , 78.126608107793, 0.01 , 0.01 ,31.93 , 9.99 , 1.76 , 0.10 , 358.75
2024-01-23 17:44:25,630 :- 00081: 194 , 30.00 , 00.60 || 1706012065, 17.601852550081 , 78.126607971348, 0.01 , 0.01 ,32.14 , 9.32 , 1.74 , 0.01 , 358.72
2024-01-23 17:44:25,660 :- 00082: 197 , 30.00 , 00.20 || 1706012065, 17.601852550081 , 78.126607971348, 0.01 , 0.01 ,32.14 , 10.24 , 1.77 , -0.00 , 358.70
2024-01-23 17:44:25,690 :- 00083: 200 , 30.00 , 00.20 || 1706012065, 17.601852550081 , 78.126607971348, 0.01 , 0.01 ,32.14 , 11.30 , 1.90 , 0.05 , 358.64
2024-01-23 17:44:25,720 :- 00084: 203 , 30.00 , 00.20 || 1706012065, 17.601852550081 , 78.126607971348, 0.01 , 0.01 ,32.45 , 10.36 , 1.89 , -0.01 , 358.62
2024-01-23 17:44:25,750 :- 00085: 206 , 30.00 , 00.70 || 1706012065, 17.601860692959 , 78.126607866400, 0.01 , 0.01 ,32.45 , 10.07 , 2.02 , 0.10 , 358.54
2024-01-23 17:44:25,780 :- 00086: 209 , 30.00 , 00.70 || 1706012065, 17.601860692959 , 78.126607866400, 0.01 , 0.01 ,32.45 , 10.33 , 2.11 , 0.13 , 358.49
2024-01-23 17:44:25,810 :- 00087: 212 , 30.00 , 00.70 || 1706012065, 17.601860692959 , 78.126607866400, 0.01 , 0.01 ,32.45 , 9.68 , 2.14 , 0.15 , 358.40
2024-01-23 17:44:25,840 :- 00088: 215 , 30.00 , 01.00 || 1706012065, 17.601868935970 , 78.126607815276, 0.01 , 0.01 ,32.85 , 8.61 , 2.17 , 0.18 , 358.35
2024-01-23 17:44:25,870 :- 00089: 218 , 30.00 , 01.10 || 1706012065, 17.601868935970 , 78.126607815276, 0.01 , 0.01 ,32.85 , 9.93 , 2.17 , 0.27 , 358.26
2024-01-23 17:44:25,900 :- 00090: 221 , 30.00 , 01.10 || 1706012065, 17.601868935970 , 78.126607815276, 0.01 , 0.01 ,32.85 , 9.77 , 2.11 , 0.28 , 358.23
2024-01-23 17:44:25,930 :- 00091: 224 , 30.00 , 01.10 || 1706012065, 17.601877220618 , 78.126607616811, 0.01 , 0.01 ,33.02 , 9.68 , 2.01 , 0.31 , 358.18
2024-01-23 17:44:25,960 :- 00092: 227 , 30.00 , 00.20 || 1706012065, 17.601877220618 , 78.126607616811, 0.01 , 0.01 ,33.02 , 9.51 , 1.97 , 0.36 , 358.17
2024-01-23 17:44:25,990 :- 00093: 230 , 30.00 , 00.20 || 1706012065, 17.601877220618 , 78.126607616811, 0.01 , 0.01 ,33.02 , 9.46 , 1.95 , 0.33 , 358.14
2024-01-23 17:44:26,020 :- 00094: 233 , 30.00 , 00.20 || 1706012066, 17.601877220618 , 78.126607616811, 0.01 , 0.01 ,33.02 , 8.86 , 1.93 , 0.32 , 358.12
2024-01-23 17:44:26,050 :- 00095: 236 , 30.00 , 00.20 || 1706012066, 17.601885543993 , 78.126607315031, 0.01 , 0.01 ,33.19 , 9.95 , 2.04 , 0.31 , 358.03
2024-01-23 17:44:26,080 :- 00096: 239 , 30.00 , 00.20 || 1706012066, 17.601885543993 , 78.126607315031, 0.01 , 0.01 ,33.19 , 9.17 , 2.05 , 0.27 , 357.97
2024-01-23 17:44:26,110 :- 00097: 242 , 30.00 , 00.20 || 1706012066, 17.601885543993 , 78.126607315031, 0.01 , 0.01 ,33.19 , 9.55 , 2.13 , 0.21 , 357.81
2024-01-23 17:44:26,140 :- 00098: 245 , 30.00 , 00.20 || 1706012066, 17.601893931149 , 78.126607151604, 0.01 , 0.01 ,33.32 , 9.55 , 2.17 , 0.18 , 357.73
2024-01-23 17:44:26,170 :- 00099: 248 , 30.00 , -0.00 || 1706012066, 17.601893931149 , 78.126607151604, 0.01 , 0.01 ,33.32 , 10.41 , 2.17 , 0.08 , 357.57
2024-01-23 17:44:26,200 :- 00100: 251 , 30.00 , -0.00 || 1706012066, 17.601893931149 , 78.126607151604, 0.01 , 0.01 ,33.32 , 9.52 , 2.11 , 0.02 , 357.50
2024-01-23 17:44:26,230 :- 00101: 254 , 30.00 , -0.00 || 1706012066, 17.601902331799 , 78.126606891657, 0.01 , 0.01 ,33.49 , 10.33 , 2.01 , -0.02 , 357.41
2024-01-23 17:44:26,260 :- 00102: 001 , 30.00 , -0.10 || 1706012066, 17.601902331799 , 78.126606891657, 0.01 , 0.01 ,33.49 , 10.27 , 1.92 , -0.07 , 357.39
2024-01-23 17:44:26,290 :- 00103: 004 , 30.00 , -0.10 || 1706012066, 17.601902331799 , 78.126606891657, 0.01 , 0.01 ,33.49 , 10.78 , 1.77 , -0.11 , 357.40
2024-01-23 17:44:26,320 :- 00104: 007 , 30.00 , -0.10 || 1706012066, 17.601902331799 , 78.126606891657, 0.01 , 0.01 ,33.80 , 10.46 , 1.71 , -0.11 , 357.42
2024-01-23 17:44:26,350 :- 00105: 010 , 30.00 , -0.10 || 1706012066, 17.601910802685 , 78.126606437069, 0.01 , 0.01 ,33.80 , 9.74 , 1.62 , -0.16 , 357.49
2024-01-23 17:44:26,380 :- 00106: 013 , 30.00 , -0.10 || 1706012066, 17.601910802685 , 78.126606437069, 0.01 , 0.01 ,33.80 , 10.55 , 1.60 , -0.17 , 357.51
2024-01-23 17:44:26,410 :- 00107: 016 , 30.00 , -0.10 || 1706012066, 17.601910802685 , 78.126606437069, 0.01 , 0.01 ,33.80 , 10.18 , 1.59 , -0.14 , 357.54
2024-01-23 17:44:26,439 :- 00108: 016 , 30.00 , -0.10 || 1706012066, 17.601910802685 , 78.126606437069, 0.01 , 0.01 ,33.80 , 10.18 , 1.59 , -0.14 , 357.541706012066, 17.601919346187 , 78.126606020781, 0.01 , 0.01 ,34.08 , 10.33 , 1.56 , -0.11 , 357.55
2024-01-23 17:44:26,470 :- 00109: 022 , 30.00 , -0.70 || 1706012066, 17.601919346187 , 78.126606020781, 0.01 , 0.01 ,34.08 , 9.34 , 1.50 , -0.07 , 357.54
2024-01-23 17:44:26,500 :- 00110: 025 , 30.00 , -0.70 || 1706012066, 17.601919346187 , 78.126606020781, 0.01 , 0.01 ,34.08 , 10.03 , 1.47 , -0.04 , 357.54
2024-01-23 17:44:26,530 :- 00111: 028 , 30.00 , -0.70 || 1706012066, 17.601927981180 , 78.126605682847, 0.01 , 0.01 ,34.43 , 9.31 , 1.43 , 0.00 , 357.53
2024-01-23 17:44:26,560 :- 00112: 031 , 30.00 , -0.90 || 1706012066, 17.601927981180 , 78.126605682847, 0.01 , 0.01 ,34.43 , 9.45 , 1.42 , -0.01 , 357.53
2024-01-23 17:44:26,590 :- 00113: 034 , 30.00 , -0.90 || 1706012066, 17.601927981180 , 78.126605682847, 0.01 , 0.01 ,34.43 , 10.10 , 1.41 , 0.03 , 357.53
2024-01-23 17:44:26,620 :- 00114: 037 , 30.00 , -0.90 || 1706012066, 17.601927981180 , 78.126605682847, 0.01 , 0.01 ,34.66 , 9.40 , 1.40 , 0.02 , 357.55
2024-01-23 17:44:26,660 :- 00115: 041 , 30.00 , -1.20 || 1706012066, 17.601936673778 , 78.126605352390, 0.01 , 0.01 ,34.66 , 9.24 , 1.36 , -0.00 , 357.60
2024-01-23 17:44:26,690 :- 00116: 044 , 30.00 , -1.20 || 1706012066, 17.601936673778 , 78.126605352390, 0.01 , 0.01 ,34.66 , 9.16 , 1.33 , -0.02 , 357.68
2024-01-23 17:44:26,720 :- 00117: 047 , 30.00 , -1.20 || 1706012066, 17.601936673778 , 78.126605352390, 0.01 , 0.01 ,34.70 , 9.81 , 1.29 , -0.05 , 357.73
2024-01-23 17:44:26,750 :- 00118: 050 , 30.00 , -1.20 || 1706012066, 17.601945376328 , 78.126605007848, 0.01 , 0.01 ,34.70 , 9.52 , 1.23 , -0.11 , 357.87
2024-01-23 17:44:26,780 :- 00119: 053 , 30.00 , -1.10 || 1706012066, 17.601945376328 , 78.126605007848, 0.01 , 0.01 ,34.70 , 10.47 , 1.23 , -0.12 , 357.95
2024-01-23 17:44:26,810 :- 00120: 056 , 30.00 , -1.10 || 1706012066, 17.601945376328 , 78.126605007848, 0.01 , 0.01 ,34.70 , 10.25 , 1.18 , -0.14 , 358.03
2024-01-23 17:44:26,840 :- 00121: 059 , 30.00 , -1.10 || 1706012066, 17.601954129722 , 78.126604674899, 0.01 , 0.01 ,34.90 , 10.15 , 1.10 , -0.18 , 358.18
2024-01-23 17:44:26,870 :- 00122: 062 , 30.00 , -1.20 || 1706012066, 17.601954129722 , 78.126604674899, 0.01 , 0.01 ,34.90 , 10.07 , 1.04 , -0.15 , 358.32
2024-01-23 17:44:26,900 :- 00123: 065 , 30.00 , -1.20 || 1706012066, 17.601954129722 , 78.126604674899, 0.01 , 0.01 ,34.90 , 10.34 , 1.00 , -0.15 , 358.39
2024-01-23 17:44:26,930 :- 00124: 068 , 30.00 , -1.20 || 1706012066, 17.601962978899 , 78.126604402368, 0.01 , 0.01 ,35.28 , 9.85 , 0.94 , -0.16 , 358.53
2024-01-23 17:44:26,960 :- 00125: 071 , 34.50 , -1.10 || 1706012066, 17.601962978899 , 78.126604402368, 0.01 , 0.01 ,35.28 , 10.63 , 0.92 , -0.13 , 358.60
2024-01-23 17:44:26,990 :- 00126: 074 , 34.60 , -1.10 || 1706012066, 17.601962978899 , 78.126604402368, 0.01 , 0.01 ,35.28 , 9.37 , 0.86 , -0.14 , 358.74
2024-01-23 17:44:27,020 :- 00127: 077 , 34.70 , -1.10 || 1706012067, 17.601962978899 , 78.126604402368, 0.01 , 0.01 ,35.28 , 9.88 , 0.82 , -0.15 , 358.80
2024-01-23 17:44:27,050 :- 00128: 080 , 34.70 , -1.10 || 1706012067, 17.601971874750 , 78.126604193264, 0.01 , 0.01 ,35.46 , 10.15 , 0.83 , -0.13 , 358.87
2024-01-23 17:44:27,079 :- 00129: 080 , 34.70 , -1.10 || 1706012067, 17.601971874750 , 78.126604193264, 0.01 , 0.01 ,35.46 , 10.15 , 0.83 , -0.13 , 358.871706012067, 17.601971874750 , 78.126604193264, 0.01 , 0.01 ,35.46 , 9.53 , 0.80 , -0.14 , 359.01
2024-01-23 17:44:27,110 :- 00130: 086 , 34.90 , -0.90 || 1706012067, 17.601971874750 , 78.126604193264, 0.01 , 0.01 ,35.46 , 9.61 , 0.77 , -0.15 , 359.09
2024-01-23 17:44:27,140 :- 00131: 089 , 34.90 , -0.80 || 1706012067, 17.601980825579 , 78.126604072839, 0.01 , 0.01 ,35.67 , 9.90 , 0.88 , -0.14 , 359.23
2024-01-23 17:44:27,170 :- 00132: 092 , 35.00 , -0.80 || 1706012067, 17.601980825579 , 78.126604072839, 0.01 , 0.01 ,35.67 , 9.72 , 0.87 , -0.16 , 359.36
2024-01-23 17:44:27,200 :- 00133: 095 , 35.00 , -0.70 || 1706012067, 17.601980825579 , 78.126604072839, 0.01 , 0.01 ,35.67 , 10.34 , 0.88 , -0.15 , 359.41
2024-01-23 17:44:27,230 :- 00134: 098 , 35.00 , -0.70 || 1706012067, 17.601989803686 , 78.126604028481, 0.01 , 0.01 ,35.77 , 10.42 , 0.91 , -0.10 , 359.50
2024-01-23 17:44:27,260 :- 00135: 101 , 35.00 , -0.70 || 1706012067, 17.601989803686 , 78.126604028481, 0.01 , 0.01 ,35.77 , 10.63 , 0.93 , -0.08 , 359.55
2024-01-23 17:44:27,290 :- 00136: 104 , 35.00 , -0.70 || 1706012067, 17.601989803686 , 78.126604028481, 0.01 , 0.01 ,35.77 , 9.21 , 0.95 , 0.09 , 359.64
2024-01-23 17:44:27,320 :- 00137: 107 , 34.90 , -0.70 || 1706012067, 17.601989803686 , 78.126604028481, 0.01 , 0.01 ,35.85 , 10.71 , 0.97 , 0.14 , 359.68
2024-01-23 17:44:27,350 :- 00138: 110 , 34.80 , -0.70 || 1706012067, 17.601998800283 , 78.126604042571, 0.01 , 0.01 ,35.85 , 9.65 , 1.02 , 0.29 , 359.75
2024-01-23 17:44:27,380 :- 00139: 113 , 34.60 , -0.60 || 1706012067, 17.601998800283 , 78.126604042571, 0.01 , 0.01 ,35.85 , 9.63 , 0.99 , 0.37 , 359.79
2024-01-23 17:44:27,410 :- 00140: 116 , 34.50 , -0.60 || 1706012067, 17.601998800283 , 78.126604042571, 0.01 , 0.01 ,35.85 , 9.10 , 0.97 , 0.44 , 359.82
2024-01-23 17:44:27,440 :- 00141: 119 , 34.30 , -0.60 || 1706012067, 17.602007720380 , 78.126604074984, 0.01 , 0.01 ,35.54 , 10.33 , 1.00 , 0.60 , 359.89
2024-01-23 17:44:27,470 :- 00142: 122 , 34.10 , -0.60 || 1706012067, 17.602007720380 , 78.126604074984, 0.01 , 0.01 ,35.54 , 9.06 , 0.93 , 0.75 , 359.96
2024-01-23 17:44:27,500 :- 00143: 125 , 33.90 , -0.60 || 1706012067, 17.602007720380 , 78.126604074984, 0.01 , 0.01 ,35.54 , 9.07 , 0.92 , 0.81 , 359.99
2024-01-23 17:44:27,530 :- 00144: 128 , 33.70 , -0.60 || 1706012067, 17.602016401130 , 78.126604077743, 0.01 , 0.01 ,34.59 , 9.10 , 0.92 , 0.92 , 0.06
2024-01-23 17:44:27,560 :- 00145: 131 , 33.40 , -0.60 || 1706012067, 17.602016401130 , 78.126604077743, 0.01 , 0.01 ,34.59 , 9.70 , 0.92 , 0.93 , 0.09
2024-01-23 17:44:27,590 :- 00146: 134 , 33.20 , -0.60 || 1706012067, 17.602016401130 , 78.126604077743, 0.01 , 0.01 ,34.59 , 8.07 , 0.80 , 1.02 , 0.14
2024-01-23 17:44:27,620 :- 00147: 137 , 32.90 , -0.60 || 1706012067, 17.602016401130 , 78.126604077743, 0.01 , 0.01 ,33.92 , 9.71 , 0.82 , 1.03 , 0.17
2024-01-23 17:44:27,650 :- 00148: 140 , 32.60 , -0.60 || 1706012067, 17.602024914224 , 78.126604164991, 0.01 , 0.01 ,33.92 , 9.53 , 0.76 , 0.97 , 0.25
2024-01-23 17:44:27,680 :- 00149: 143 , 32.30 , -0.60 || 1706012067, 17.602024914224 , 78.126604164991, 0.01 , 0.01 ,33.92 , 9.80 , 0.73 , 0.95 , 0.28
2024-01-23 17:44:27,710 :- 00150: 146 , 32.10 , -0.60 || 1706012067, 17.602024914224 , 78.126604164991, 0.01 , 0.01 ,33.92 , 9.44 , 0.69 , 0.95 , 0.31
2024-01-23 17:44:27,740 :- 00151: 149 , 31.80 , -0.60 || 1706012067, 17.602033005181 , 78.126604225211, 0.01 , 0.01 ,32.38 , 10.26 , 0.65 , 0.87 , 0.39
2024-01-23 17:44:27,770 :- 00152: 152 , 31.50 , -0.60 || 1706012067, 17.602033005181 , 78.126604225211, 0.01 , 0.01 ,32.38 , 9.92 , 0.54 , 0.83 , 0.45
2024-01-23 17:44:27,800 :- 00153: 155 , 31.20 , -0.60 || 1706012067, 17.602033005181 , 78.126604225211, 0.01 , 0.01 ,32.38 , 10.12 , 0.51 , 0.81 , 0.48
2024-01-23 17:44:27,830 :- 00154: 158 , 30.90 , -0.60 || 1706012067, 17.602040889584 , 78.126604302355, 0.01 , 0.01 ,31.42 , 10.55 , 0.46 , 0.76 , 0.54
2024-01-23 17:44:27,860 :- 00155: 161 , 30.60 , -0.60 || 1706012067, 17.602040889584 , 78.126604302355, 0.01 , 0.01 ,31.42 , 9.76 , 0.41 , 0.77 , 0.58
2024-01-23 17:44:27,890 :- 00156: 164 , 30.20 , -0.60 || 1706012067, 17.602040889584 , 78.126604302355, 0.01 , 0.01 ,31.42 , 10.61 , 0.38 , 0.77 , 0.64
2024-01-23 17:44:27,920 :- 00157: 167 , 29.80 , -0.60 || 1706012067, 17.602040889584 , 78.126604302355, 0.01 , 0.01 ,30.37 , 10.60 , 0.37 , 0.79 , 0.66
2024-01-23 17:44:27,950 :- 00158: 170 , 29.50 , -0.60 || 1706012067, 17.602048509603 , 78.126604407703, 0.01 , 0.01 ,30.37 , 9.72 , 0.28 , 0.82 , 0.72
2024-01-23 17:44:27,980 :- 00159: 173 , 29.10 , -0.60 || 1706012067, 17.602048509603 , 78.126604407703, 0.01 , 0.01 ,30.37 , 9.79 , 0.28 , 0.85 , 0.75
2024-01-23 17:44:28,010 :- 00160: 176 , 28.70 , -0.60 || 1706012067, 17.602048509603 , 78.126604407703, 0.01 , 0.01 ,30.37 , 10.09 , 0.28 , 0.89 , 0.77
2024-01-23 17:44:28,040 :- 00161: 179 , 28.30 , -0.60 || 1706012068, 17.602055793464 , 78.126604513436, 0.01 , 0.01 ,29.03 , 9.38 , 0.21 , 0.97 , 0.82
2024-01-23 17:44:28,070 :- 00162: 182 , 27.90 , -0.60 || 1706012068, 17.602055793464 , 78.126604513436, 0.01 , 0.01 ,29.03 , 9.25 , 0.20 , 1.00 , 0.85
2024-01-23 17:44:28,100 :- 00163: 185 , 27.50 , -0.60 || 1706012068, 17.602055793464 , 78.126604513436, 0.01 , 0.01 ,29.03 , 9.60 , 0.25 , 1.08 , 0.91
2024-01-23 17:44:28,130 :- 00164: 188 , 27.00 , -0.60 || 1706012068, 17.602062752550 , 78.126604708826, 0.01 , 0.01 ,27.74 , 9.29 , 0.28 , 1.15 , 0.96
2024-01-23 17:44:28,160 :- 00165: 191 , 26.60 , -0.60 || 1706012068, 17.602062752550 , 78.126604708826, 0.01 , 0.01 ,27.74 , 9.46 , 0.31 , 1.16 , 0.99
2024-01-23 17:44:28,190 :- 00166: 194 , 26.10 , -0.50 || 1706012068, 17.602062752550 , 78.126604708826, 0.01 , 0.01 ,27.74 , 9.46 , 0.35 , 1.21 , 1.05
2024-01-23 17:44:28,220 :- 00167: 197 , 25.70 , -0.50 || 1706012068, 17.602062752550 , 78.126604708826, 0.01 , 0.01 ,26.08 , 9.71 , 0.36 , 1.23 , 1.07
2024-01-23 17:44:28,250 :- 00168: 200 , 25.20 , -0.50 || 1706012068, 17.602069296201 , 78.126604854783, 0.01 , 0.01 ,26.08 , 9.25 , 0.35 , 1.29 , 1.12
2024-01-23 17:44:28,280 :- 00169: 203 , 24.80 , -0.50 || 1706012068, 17.602069296201 , 78.126604854783, 0.01 , 0.01 ,26.08 , 9.42 , 0.33 , 1.28 , 1.15
2024-01-23 17:44:28,310 :- 00170: 206 , 24.30 , -0.50 || 1706012068, 17.602069296201 , 78.126604854783, 0.01 , 0.01 ,26.08 , 9.45 , 0.32 , 1.29 , 1.19
2024-01-23 17:44:28,340 :- 00171: 209 , 23.90 , -0.50 || 1706012068, 17.602075412197 , 78.126605017053, 0.01 , 0.01 ,24.38 , 9.68 , 0.34 , 1.30 , 1.21
2024-01-23 17:44:28,370 :- 00172: 212 , 23.40 , -0.50 || 1706012068, 17.602075412197 , 78.126605017053, 0.01 , 0.01 ,24.38 , 9.48 , 0.35 , 1.28 , 1.26
2024-01-23 17:44:28,400 :- 00173: 215 , 23.00 , -0.50 || 1706012068, 17.602075412197 , 78.126605017053, 0.01 , 0.01 ,24.38 , 9.81 , 0.39 , 1.27 , 1.28
2024-01-23 17:44:28,430 :- 00174: 218 , 22.50 , -0.50 || 1706012068, 17.602081136126 , 78.126605117363, 0.01 , 0.01 ,22.81 , 9.87 , 0.43 , 1.25 , 1.31
2024-01-23 17:44:28,460 :- 00175: 221 , 22.00 , -0.50 || 1706012068, 17.602081136126 , 78.126605117363, 0.01 , 0.01 ,22.81 , 9.63 , 0.46 , 1.23 , 1.33
2024-01-23 17:44:28,490 :- 00176: 224 , 21.50 , -0.50 || 1706012068, 17.602081136126 , 78.126605117363, 0.01 , 0.01 ,22.81 , 9.92 , 0.53 , 1.23 , 1.36
2024-01-23 17:44:28,520 :- 00177: 227 , 21.10 , -0.50 || 1706012068, 17.602081136126 , 78.126605117363, 0.01 , 0.01 ,21.03 , 9.60 , 0.53 , 1.23 , 1.37
2024-01-23 17:44:28,550 :- 00178: 230 , 20.60 , -0.40 || 1706012068, 17.602086409109 , 78.126605347830, 0.01 , 0.01 ,21.03 , 9.63 , 0.54 , 1.23 , 1.39
2024-01-23 17:44:28,580 :- 00179: 233 , 20.20 , -0.30 || 1706012068, 17.602086409109 , 78.126605347830, 0.01 , 0.01 ,21.03 , 9.22 , 0.55 , 1.23 , 1.41
2024-01-23 17:44:28,610 :- 00180: 236 , 19.70 , -0.10 || 1706012068, 17.602086409109 , 78.126605347830, 0.01 , 0.01 ,21.03 , 9.27 , 0.58 , 1.18 , 1.44
2024-01-23 17:44:28,640 :- 00181: 239 , 19.30 , -0.00 || 1706012068, 17.602091294366 , 78.126605552681, 0.01 , 0.01 ,19.48 , 10.00 , 0.62 , 1.15 , 1.45
2024-01-23 17:44:28,670 :- 00182: 242 , 18.90 , -0.00 || 1706012068, 17.602091294366 , 78.126605552681, 0.01 , 0.01 ,19.48 , 9.88 , 0.70 , 1.08 , 1.48
2024-01-23 17:44:28,700 :- 00183: 245 , 18.50 , -0.00 || 1706012068, 17.602091294366 , 78.126605552681, 0.01 , 0.01 ,19.48 , 9.53 , 0.70 , 1.05 , 1.48
2024-01-23 17:44:28,730 :- 00184: 248 , 18.20 , -0.00 || 1706012068, 17.602095814833 , 78.126605754208, 0.01 , 0.01 ,18.03 , 9.35 , 0.74 , 0.94 , 1.49
2024-01-23 17:44:28,760 :- 00185: 251 , 17.90 , -0.10 || 1706012068, 17.602095814833 , 78.126605754208, 0.01 , 0.01 ,18.03 , 9.84 , 0.76 , 0.94 , 1.48
2024-01-23 17:44:28,790 :- 00186: 254 , 17.70 , -0.10 || 1706012068, 17.602095814833 , 78.126605754208, 0.01 , 0.01 ,18.03 , 9.56 , 0.76 , 0.83 , 1.47
2024-01-23 17:44:28,820 :- 00187: 001 , 17.40 , -0.10 || 1706012068, 17.602095814833 , 78.126605754208, 0.01 , 0.01 ,17.32 , 9.56 , 0.73 , 0.79 , 1.46
2024-01-23 17:44:28,850 :- 00188: 004 , 17.20 , -0.10 || 1706012068, 17.602100157757 , 78.126605940275, 0.01 , 0.01 ,17.32 , 10.01 , 0.72 , 0.69 , 1.45
2024-01-23 17:44:28,880 :- 00189: 007 , 17.10 , -0.10 || 1706012068, 17.602100157757 , 78.126605940275, 0.01 , 0.01 ,17.32 , 9.95 , 0.70 , 0.65 , 1.44
2024-01-23 17:44:28,910 :- 00190: 010 , 17.00 , -0.10 || 1706012068, 17.602100157757 , 78.126605940275, 0.01 , 0.01 ,17.32 , 9.65 , 0.65 , 0.54 , 1.44
2024-01-23 17:44:28,940 :- 00191: 013 , 16.90 , -0.10 || 1706012068, 17.602104412904 , 78.126606036245, 0.01 , 0.01 ,16.96 , 9.81 , 0.65 , 0.49 , 1.44
2024-01-23 17:44:28,970 :- 00192: 016 , 16.80 , -0.10 || 1706012068, 17.602104412904 , 78.126606036245, 0.01 , 0.01 ,16.96 , 10.22 , 0.63 , 0.45 , 1.45
2024-01-23 17:44:28,999 :- 00193: 016 , 16.80 , -0.10 || 1706012068, 17.602104412904 , 78.126606036245, 0.01 , 0.01 ,16.96 , 10.22 , 0.63 , 0.45 , 1.451706012068, 17.602104412904 , 78.126606036245, 0.01 , 0.01 ,16.96 , 10.25 , 0.61 , 0.40 , 1.45
2024-01-23 17:44:29,030 :- 00194: 022 , 16.70 , -0.10 || 1706012069, 17.602104412904 , 78.126606036245, 0.01 , 0.01 ,16.96 , 10.07 , 0.60 , 0.39 , 1.45
2024-01-23 17:44:29,060 :- 00195: 025 , 16.60 , -0.00 || 1706012069, 17.602108651293 , 78.126606138040, 0.01 , 0.01 ,16.89 , 7.92 , 0.67 , 0.29 , 1.45
2024-01-23 17:44:29,090 :- 00196: 028 , 16.60 , 00.00 || 1706012069, 17.602108651293 , 78.126606138040, 0.01 , 0.01 ,16.89 , 10.91 , 0.72 , -0.41 , 1.48
2024-01-23 17:44:29,120 :- 00197: 031 , 16.50 , 00.00 || 1706012069, 17.602108651293 , 78.126606138040, 0.01 , 0.01 ,16.19 , 10.30 , 0.69 , -0.04 , 1.46
2024-01-23 17:44:29,150 :- 00198: 034 , 16.50 , 00.00 || 1706012069, 17.602112711276 , 78.126606278983, 0.01 , 0.01 ,16.19 , 11.31 , 0.60 , -0.40 , 1.45
2024-01-23 17:44:29,180 :- 00199: 037 , 16.50 , 00.00 || 1706012069, 17.602112711276 , 78.126606278983, 0.01 , 0.01 ,16.19 , 10.59 , 0.68 , -0.38 , 1.48
2024-01-23 17:44:29,210 :- 00200: 040 , 16.50 , 00.00 || 1706012069, 17.602112711276 , 78.126606278983, 0.01 , 0.01 ,16.19 , 8.35 , 0.64 , -0.00 , 1.49
2024-01-23 17:44:29,240 :- 00201: 043 , 16.50 , 00.00 || 1706012069, 17.602116876733 , 78.126606262707, 0.01 , 0.01 ,16.58 , 11.11 , 0.78 , -0.09 , 1.47
2024-01-23 17:44:29,270 :- 00202: 046 , 16.30 , 00.10 || 1706012069, 17.602116876733 , 78.126606262707, 0.01 , 0.01 ,16.58 , 9.93 , 0.83 , -0.05 , 1.47
2024-01-23 17:44:29,300 :- 00203: 049 , 16.30 , 00.10 || 1706012069, 17.602116876733 , 78.126606262707, 0.01 , 0.01 ,16.58 , 7.65 , 0.75 , -0.17 , 1.46
2024-01-23 17:44:29,330 :- 00204: 052 , 16.20 , 00.10 || 1706012069, 17.602121104689 , 78.126606435201, 0.01 , 0.01 ,16.86 , 9.54 , 0.84 , 0.21 , 1.42
2024-01-23 17:44:29,360 :- 00205: 055 , 16.10 , 00.10 || 1706012069, 17.602121104689 , 78.126606435201, 0.01 , 0.01 ,16.86 , 10.34 , 0.90 , 0.29 , 1.41
2024-01-23 17:44:29,390 :- 00206: 058 , 16.00 , 00.10 || 1706012069, 17.602121104689 , 78.126606435201, 0.01 , 0.01 ,16.86 , 9.26 , 0.82 , 0.18 , 1.40
2024-01-23 17:44:29,420 :- 00207: 061 , 16.00 , 00.20 || 1706012069, 17.602121104689 , 78.126606435201, 0.01 , 0.01 ,16.64 , 8.60 , 0.83 , 0.24 , 1.40
2024-01-23 17:44:29,450 :- 00208: 064 , 16.00 , 00.20 || 1706012069, 17.602125276330 , 78.126606606213, 0.01 , 0.01 ,16.64 , 11.27 , 0.94 , 0.41 , 1.39
2024-01-23 17:44:29,480 :- 00209: 067 , 15.90 , 00.30 || 1706012069, 17.602125276330 , 78.126606606213, 0.01 , 0.01 ,16.64 , 10.11 , 0.91 , 0.34 , 1.39
2024-01-23 17:44:29,510 :- 00210: 070 , 15.90 , 00.40 || 1706012069, 17.602125276330 , 78.126606606213, 0.01 , 0.01 ,16.64 , 9.25 , 0.86 , 0.22 , 1.38
2024-01-23 17:44:29,540 :- 00211: 073 , 15.90 , 00.50 || 1706012069, 17.602129393741 , 78.126606694562, 0.01 , 0.01 ,16.41 , 10.98 , 0.88 , 0.30 , 1.37
2024-01-23 17:44:29,570 :- 00212: 076 , 15.50 , 00.70 || 1706012069, 17.602129393741 , 78.126606694562, 0.01 , 0.01 ,16.41 , 16.39 , 1.21 , 0.52 , 1.31
2024-01-23 17:44:29,600 :- 00213: 079 , 15.40 , 00.90 || 1706012069, 17.602129393741 , 78.126606694562, 0.01 , 0.01 ,16.41 , 19.38 , 1.35 , 0.25 , 1.29
2024-01-23 17:44:29,630 :- 00214: 082 , 15.80 , 01.00 || 1706012069, 17.602133467279 , 78.126606837957, 0.01 , 0.01 ,16.24 , 7.85 , 0.78 , 0.62 , 1.25
2024-01-23 17:44:29,660 :- 00215: 085 , 16.80 , 01.10 || 1706012069, 17.602133467279 , 78.126606837957, 0.01 , 0.01 ,16.24 , -0.56 , 0.09 , 0.93 , 1.24
2024-01-23 17:44:29,690 :- 00216: 088 , 16.60 , 01.30 || 1706012069, 17.602133467279 , 78.126606837957, 0.01 , 0.01 ,16.24 , 3.39 , 0.38 , 0.62 , 1.19
2024-01-23 17:44:29,720 :- 00217: 091 , 16.20 , 01.30 || 1706012069, 17.602133467279 , 78.126606837957, 0.01 , 0.01 ,16.37 , 10.06 , 1.02 , 0.90 , 1.12
2024-01-23 17:44:29,750 :- 00218: 094 , 16.20 , 01.40 || 1706012069, 17.602137575433 , 78.126606934227, 0.01 , 0.01 ,16.37 , 8.43 , 0.78 , 0.75 , 1.02
2024-01-23 17:44:29,780 :- 00219: 097 , 15.90 , 01.50 || 1706012069, 17.602137575433 , 78.126606934227, 0.01 , 0.01 ,16.37 , 8.47 , 0.91 , 0.74 , 0.96
2024-01-23 17:44:29,810 :- 00220: 100 , 15.80 , 01.50 || 1706012069, 17.602137575433 , 78.126606934227, 0.01 , 0.01 ,16.37 , 10.80 , 0.86 , 0.46 , 0.83
2024-01-23 17:44:29,840 :- 00221: 103 , 15.60 , 01.60 || 1706012069, 17.602141455510 , 78.126607061606, 0.01 , 0.01 ,15.47 , 7.37 , 0.93 , 0.25 , 0.77
2024-01-23 17:44:29,870 :- 00222: 106 , 15.50 , 01.60 || 1706012069, 17.602141455510 , 78.126607061606, 0.01 , 0.01 ,15.47 , 10.30 , 1.02 , 0.26 , 0.65
2024-01-23 17:44:29,900 :- 00223: 109 , 15.50 , 01.60 || 1706012069, 17.602141455510 , 78.126607061606, 0.01 , 0.01 ,15.47 , 10.96 , 1.07 , 0.28 , 0.59
2024-01-23 17:44:29,930 :- 00224: 112 , 15.40 , 01.60 || 1706012069, 17.602145339898 , 78.126607158483, 0.01 , 0.01 ,15.48 , 9.88 , 1.07 , -0.08 , 0.48
2024-01-23 17:44:29,960 :- 00225: 115 , 15.30 , 01.60 || 1706012069, 17.602145339898 , 78.126607158483, 0.01 , 0.01 ,15.48 , 10.64 , 1.07 , -0.17 , 0.42
2024-01-23 17:44:29,990 :- 00226: 118 , 15.20 , 01.60 || 1706012069, 17.602145339898 , 78.126607158483, 0.01 , 0.01 ,15.48 , 11.68 , 1.15 , -0.05 , 0.32
2024-01-23 17:44:30,020 :- 00227: 121 , 15.20 , 01.60 || 1706012070, 17.602145339898 , 78.126607158483, 0.01 , 0.01 ,15.48 , 12.15 , 1.13 , -0.08 , 0.27
2024-01-23 17:44:30,050 :- 00228: 124 , 15.20 , 01.60 || 1706012070, 17.602145339898 , 78.126607158483, 0.01 , 0.01 ,15.63 , 11.43 , 1.12 , -0.12 , 0.21
2024-01-23 17:44:30,080 :- 00229: 127 , 15.20 , 01.50 || 1706012070, 17.602149261400 , 78.126607201574, 0.01 , 0.01 ,15.63 , 10.89 , 1.09 , 0.01 , 0.10
2024-01-23 17:44:30,110 :- 00230: 130 , 15.30 , 01.50 || 1706012070, 17.602149261400 , 78.126607201574, 0.01 , 0.01 ,15.63 , 11.09 , 1.06 , 0.09 , 0.05
2024-01-23 17:44:30,140 :- 00231: 133 , 15.30 , 01.50 || 1706012070, 17.602153249362 , 78.126607204182, 0.01 , 0.01 ,15.89 , 10.36 , 1.07 , 0.23 , 359.94
2024-01-23 17:44:30,170 :- 00232: 136 , 15.30 , 01.50 || 1706012070, 17.602153249362 , 78.126607204182, 0.01 , 0.01 ,15.89 , 9.53 , 1.04 , 0.31 , 359.83
2024-01-23 17:44:30,200 :- 00233: 139 , 15.30 , 01.40 || 1706012070, 17.602153249362 , 78.126607204182, 0.01 , 0.01 ,15.89 , 9.48 , 1.05 , 0.40 , 359.77
2024-01-23 17:44:30,230 :- 00234: 142 , 15.30 , 01.40 || 1706012070, 17.602157173415 , 78.126607351518, 0.01 , 0.01 ,15.77 , 9.77 , 1.09 , 0.57 , 359.67
2024-01-23 17:44:30,260 :- 00235: 145 , 15.30 , 01.40 || 1706012070, 17.602157173415 , 78.126607351518, 0.01 , 0.01 ,15.77 , 8.55 , 1.03 , 0.57 , 359.63
2024-01-23 17:44:30,290 :- 00236: 148 , 15.30 , 01.30 || 1706012070, 17.602157173415 , 78.126607351518, 0.01 , 0.01 ,15.77 , 8.28 , 1.04 , 0.60 , 359.53
2024-01-23 17:44:30,320 :- 00237: 151 , 15.20 , 01.30 || 1706012070, 17.602157173415 , 78.126607351518, 0.01 , 0.01 ,15.68 , 8.99 , 1.07 , 0.65 , 359.49
2024-01-23 17:44:30,350 :- 00238: 154 , 15.20 , 01.30 || 1706012070, 17.602161109392 , 78.126607357160, 0.01 , 0.01 ,15.68 , 9.10 , 1.05 , 0.59 , 359.41
2024-01-23 17:44:30,380 :- 00239: 157 , 15.10 , 01.20 || 1706012070, 17.602161109392 , 78.126607357160, 0.01 , 0.01 ,15.68 , 8.72 , 1.05 , 0.57 , 359.36
2024-01-23 17:44:30,410 :- 00240: 160 , 15.10 , 01.20 || 1706012070, 17.602161109392 , 78.126607357160, 0.01 , 0.01 ,15.68 , 9.09 , 1.08 , 0.56 , 359.32
2024-01-23 17:44:30,440 :- 00241: 163 , 15.10 , 01.10 || 1706012070, 17.602164921255 , 78.126607316859, 0.01 , 0.01 ,15.19 , 9.34 , 1.08 , 0.48 , 359.23
2024-01-23 17:44:30,470 :- 00242: 166 , 15.00 , 01.10 || 1706012070, 17.602164921255 , 78.126607316859, 0.01 , 0.01 ,15.19 , 9.70 , 1.05 , 0.40 , 359.14
2024-01-23 17:44:30,500 :- 00243: 169 , 15.00 , 01.10 || 1706012070, 17.602164921255 , 78.126607316859, 0.01 , 0.01 ,15.19 , 9.88 , 1.03 , 0.33 , 359.10
2024-01-23 17:44:30,530 :- 00244: 172 , 15.00 , 01.00 || 1706012070, 17.602168716797 , 78.126607247077, 0.01 , 0.01 ,15.13 , 10.01 , 0.99 , 0.29 , 359.01
2024-01-23 17:44:30,560 :- 00245: 175 , 14.90 , 01.00 || 1706012070, 17.602168716797 , 78.126607247077, 0.01 , 0.01 ,15.13 , 9.97 , 0.98 , 0.26 , 358.97
2024-01-23 17:44:30,590 :- 00246: 178 , 14.90 , 01.00 || 1706012070, 17.602168716797 , 78.126607247077, 0.01 , 0.01 ,15.13 , 10.60 , 0.98 , 0.20 , 358.89
2024-01-23 17:44:30,620 :- 00247: 181 , 14.90 , 01.00 || 1706012070, 17.602168716797 , 78.126607247077, 0.01 , 0.01 ,15.19 , 10.26 , 0.97 , 0.18 , 358.85
2024-01-23 17:44:30,650 :- 00248: 184 , 14.80 , 00.90 || 1706012070, 17.602172527282 , 78.126607172455, 0.01 , 0.01 ,15.19 , 10.58 , 0.97 , 0.19 , 358.79
2024-01-23 17:44:30,680 :- 00249: 187 , 14.80 , 00.90 || 1706012070, 17.602172527282 , 78.126607172455, 0.01 , 0.01 ,15.19 , 10.34 , 0.96 , 0.19 , 358.77
2024-01-23 17:44:30,711 :- 00250: 190 , 14.80 , 00.90 || 1706012070, 17.602172527282 , 78.126607172455, 0.01 , 0.01 ,15.19 , 10.17 , 0.95 , 0.18 , 358.74
2024-01-23 17:44:30,740 :- 00251: 193 , 14.80 , 00.90 || 1706012070, 17.602176322233 , 78.126607101499, 0.01 , 0.01 ,15.12 , 9.79 , 0.94 , 0.19 , 358.68
2024-01-23 17:44:30,770 :- 00252: 196 , 14.80 , 00.90 || 1706012070, 17.602176322233 , 78.126607101499, 0.01 , 0.01 ,15.12 , 9.84 , 0.94 , 0.19 , 358.62
2024-01-23 17:44:30,800 :- 00253: 199 , 14.80 , 00.80 || 1706012070, 17.602176322233 , 78.126607101499, 0.01 , 0.01 ,15.12 , 9.81 , 0.93 , 0.19 , 358.58
2024-01-23 17:44:30,830 :- 00254: 202 , 14.80 , 00.80 || 1706012070, 17.602180093726 , 78.126607012377, 0.01 , 0.01 ,15.03 , 9.67 , 0.95 , 0.15 , 358.51
2024-01-23 17:44:30,859 :- 00255: 205 , 14.80 , 00.80 || 1706012070, 17.602180093726 , 78.126607012377, 0.01 , 0.01 ,15.03 , 9.77 , 0.96 , 0.14 , 358.47
2024-01-23 17:44:30,890 :- 00256: 208 , 14.80 , 00.80 || 1706012070, 17.602180093726 , 78.126607012377, 0.01 , 0.01 ,15.03 , 9.41 , 0.96 , 0.13 , 358.40
2024-01-23 17:44:30,919 :- 00257: 208 , 14.80 , 00.80 || 1706012070, 17.602180093726 , 78.126607012377, 0.01 , 0.01 ,15.03 , 9.41 , 0.96 , 0.13 , 358.401706012070, 17.602180093726 , 78.126607012377, 0.01 , 0.01 ,14.89 , 9.51 , 0.96 , 0.09 , 358.37
2024-01-23 17:44:30,950 :- 00258: 214 , 14.70 , 00.70 || 1706012070, 17.602183830202 , 78.126606940324, 0.01 , 0.01 ,14.89 , 9.36 , 0.98 , 0.07 , 358.31
2024-01-23 17:44:30,980 :- 00259: 217 , 14.70 , 00.60 || 1706012070, 17.602183830202 , 78.126606940324, 0.01 , 0.01 ,14.89 , 10.01 , 0.97 , 0.06 , 358.28
2024-01-23 17:44:31,010 :- 00260: 220 , 14.60 , 00.60 || 1706012070, 17.602183830202 , 78.126606940324, 0.01 , 0.01 ,14.89 , 9.90 , 0.98 , 0.03 , 358.26
2024-01-23 17:44:31,040 :- 00261: 223 , 14.60 , 00.60 || 1706012071, 17.602183830202 , 78.126606940324, 0.01 , 0.01 ,14.80 , 9.87 , 0.96 , 0.01 , 358.22
2024-01-23 17:44:31,070 :- 00262: 226 , 14.60 , 00.60 || 1706012071, 17.602187542536 , 78.126606849646, 0.01 , 0.01 ,14.80 , 9.91 , 0.93 , 0.02 , 358.19
2024-01-23 17:44:31,100 :- 00263: 229 , 14.50 , 00.50 || 1706012071, 17.602187542536 , 78.126606849646, 0.01 , 0.01 ,14.80 , 9.82 , 0.91 , 0.02 , 358.17
2024-01-23 17:44:31,130 :- 00264: 232 , 14.50 , 00.50 || 1706012071, 17.602191260492 , 78.126606711826, 0.01 , 0.01 ,14.82 , 9.89 , 0.86 , 0.04 , 358.15
2024-01-23 17:44:31,160 :- 00265: 235 , 14.50 , 00.50 || 1706012071, 17.602191260492 , 78.126606711826, 0.01 , 0.01 ,14.82 , 9.72 , 0.81 , 0.02 , 358.14
2024-01-23 17:44:31,190 :- 00266: 238 , 14.40 , 00.40 || 1706012071, 17.602191260492 , 78.126606711826, 0.01 , 0.01 ,14.82 , 9.84 , 0.74 , 0.06 , 358.10
2024-01-23 17:44:31,220 :- 00267: 241 , 14.40 , 00.40 || 1706012071, 17.602191260492 , 78.126606711826, 0.01 , 0.01 ,14.73 , 9.78 , 0.71 , 0.03 , 358.09
2024-01-23 17:44:31,250 :- 00268: 244 , 14.40 , 00.40 || 1706012071, 17.602194900238 , 78.126606590588, 0.01 , 0.01 ,14.73 , 10.30 , 0.66 , 0.02 , 358.04
2024-01-23 17:44:31,279 :- 00269: 247 , 14.30 , 00.40 || 1706012071, 17.602194900238 , 78.126606590588, 0.01 , 0.01 ,14.73 , 9.78 , 0.64 , 0.03 , 358.02
2024-01-23 17:44:31,309 :- 00270: 250 , 14.30 , 00.40 || 1706012071, 17.602194900238 , 78.126606590588, 0.01 , 0.01 ,14.73 , 10.09 , 0.62 , 0.03 , 358.00
2024-01-23 17:44:31,340 :- 00271: 253 , 14.30 , 00.40 || 1706012071, 17.602198556459 , 78.126606438251, 0.01 , 0.01 ,14.58 , 10.45 , 0.62 , 0.02 , 357.97
2024-01-23 17:44:31,370 :- 00272: 000 , 14.30 , 00.40 || 1706012071, 17.602198556459 , 78.126606438251, 0.01 , 0.01 ,14.58 , 9.69 , 0.55 , 0.03 , 357.94
2024-01-23 17:44:31,400 :- 00273: 003 , 14.30 , 00.40 || 1706012071, 17.602198556459 , 78.126606438251, 0.01 , 0.01 ,14.58 , 10.00 , 0.56 , 0.02 , 357.92
2024-01-23 17:44:31,430 :- 00274: 006 , 14.20 , 00.40 || 1706012071, 17.602202200595 , 78.126606327095, 0.01 , 0.01 ,14.53 , 10.17 , 0.61 , 0.05 , 357.90
2024-01-23 17:44:31,460 :- 00275: 009 , 14.20 , 00.40 || 1706012071, 17.602202200595 , 78.126606327095, 0.01 , 0.01 ,14.53 , 9.54 , 0.60 , 0.05 , 357.89
2024-01-23 17:44:31,490 :- 00276: 012 , 14.20 , 00.40 || 1706012071, 17.602202200595 , 78.126606327095, 0.01 , 0.01 ,14.53 , 9.40 , 0.60 , 0.05 , 357.88
2024-01-23 17:44:31,520 :- 00277: 015 , 14.20 , 00.40 || 1706012071, 17.602202200595 , 78.126606327095, 0.01 , 0.01 ,14.52 , 10.14 , 0.67 , 0.11 , 357.85
2024-01-23 17:44:31,550 :- 00278: 018 , 14.20 , 00.40 || 1706012071, 17.602205842673 , 78.126606212562, 0.01 , 0.01 ,14.52 , 9.13 , 0.62 , 0.08 , 357.83
2024-01-23 17:44:31,580 :- 00279: 021 , 14.20 , 00.40 || 1706012071, 17.602205842673 , 78.126606212562, 0.01 , 0.01 ,14.52 , 9.33 , 0.63 , 0.09 , 357.82
2024-01-23 17:44:31,610 :- 00280: 024 , 14.10 , 00.40 || 1706012071, 17.602205842673 , 78.126606212562, 0.01 , 0.01 ,14.52 , 9.35 , 0.65 , 0.08 , 357.80
2024-01-23 17:44:31,640 :- 00281: 027 , 14.20 , 00.30 || 1706012071, 17.602209459932 , 78.126606089015, 0.01 , 0.01 ,14.42 , 8.68 , 0.64 , 0.00 , 357.78
2024-01-23 17:44:31,670 :- 00282: 030 , 14.10 , 00.30 || 1706012071, 17.602209459932 , 78.126606089015, 0.01 , 0.01 ,14.42 , 9.13 , 0.68 , -0.06 , 357.76
2024-01-23 17:44:31,700 :- 00283: 033 , 14.20 , 00.30 || 1706012071, 17.602209459932 , 78.126606089015, 0.01 , 0.01 ,14.42 , 9.69 , 0.70 , -0.11 , 357.74
2024-01-23 17:44:31,730 :- 00284: 036 , 14.20 , 00.30 || 1706012071, 17.602213057541 , 78.126605958460, 0.01 , 0.01 ,14.34 , 9.56 , 0.65 , -0.24 , 357.72
2024-01-23 17:44:31,760 :- 00285: 039 , 14.20 , 00.30 || 1706012071, 17.602213057541 , 78.126605958460, 0.01 , 0.01 ,14.34 , 9.87 , 0.65 , -0.27 , 357.71
2024-01-23 17:44:31,790 :- 00286: 042 , 14.30 , 00.30 || 1706012071, 17.602213057541 , 78.126605958460, 0.01 , 0.01 ,14.34 , 10.78 , 0.66 , -0.36 , 357.69
2024-01-23 17:44:31,820 :- 00287: 045 , 14.30 , 00.30 || 1706012071, 17.602213057541 , 78.126605958460, 0.01 , 0.01 ,14.61 , 10.24 , 0.62 , -0.41 , 357.68
2024-01-23 17:44:31,850 :- 00288: 048 , 14.40 , 00.30 || 1706012071, 17.602216722093 , 78.126605801544, 0.01 , 0.01 ,14.61 , 10.33 , 0.60 , -0.44 , 357.67
2024-01-23 17:44:31,880 :- 00289: 051 , 14.50 , 00.20 || 1706012071, 17.602216722093 , 78.126605801544, 0.01 , 0.01 ,14.61 , 11.12 , 0.61 , -0.43 , 357.66
2024-01-23 17:44:31,910 :- 00290: 054 , 14.50 , 00.20 || 1706012071, 17.602216722093 , 78.126605801544, 0.01 , 0.01 ,14.61 , 11.00 , 0.59 , -0.43 , 357.65
2024-01-23 17:44:31,940 :- 00291: 057 , 14.60 , 00.20 || 1706012071, 17.602220476322 , 78.126605640847, 0.01 , 0.01 ,14.97 , 10.02 , 0.54 , -0.43 , 357.63
2024-01-23 17:44:31,970 :- 00292: 060 , 14.70 , 00.20 || 1706012071, 17.602220476322 , 78.126605640847, 0.01 , 0.01 ,14.97 , 10.19 , 0.56 , -0.35 , 357.61
2024-01-23 17:44:32,000 :- 00293: 063 , 14.80 , 00.20 || 1706012071, 17.602220476322 , 78.126605640847, 0.01 , 0.01 ,14.97 , 9.97 , 0.55 , -0.33 , 357.61
2024-01-23 17:44:32,030 :- 00294: 066 , 14.80 , 00.20 || 1706012072, 17.602220476322 , 78.126605640847, 0.01 , 0.01 ,14.97 , 9.60 , 0.53 , -0.31 , 357.60
2024-01-23 17:44:32,060 :- 00295: 069 , 14.90 , 00.20 || 1706012072, 17.602224306844 , 78.126605483383, 0.01 , 0.01 ,15.28 , 9.74 , 0.53 , -0.25 , 357.58
2024-01-23 17:44:32,090 :- 00296: 072 , 15.00 , 00.20 || 1706012072, 17.602224306844 , 78.126605483383, 0.01 , 0.01 ,15.28 , 9.20 , 0.53 , -0.21 , 357.57
2024-01-23 17:44:32,120 :- 00297: 075 , 15.00 , 00.20 || 1706012072, 17.602224306844 , 78.126605483383, 0.01 , 0.01 ,15.49 , 9.27 , 0.54 , -0.21 , 357.56
2024-01-23 17:44:32,150 :- 00298: 078 , 15.10 , 00.20 || 1706012072, 17.602228192492 , 78.126605328555, 0.01 , 0.01 ,15.49 , 9.53 , 0.59 , -0.18 , 357.54
2024-01-23 17:44:32,180 :- 00299: 081 , 15.10 , 00.20 || 1706012072, 17.602228192492 , 78.126605328555, 0.01 , 0.01 ,15.49 , 9.34 , 0.59 , -0.19 , 357.53
2024-01-23 17:44:32,210 :- 00300: 084 , 15.20 , 00.20 || 1706012072, 17.602228192492 , 78.126605328555, 0.01 , 0.01 ,15.49 , 9.04 , 0.59 , -0.19 , 357.52
2024-01-23 17:44:32,240 :- 00301: 087 , 15.30 , 00.20 || 1706012072, 17.602232115628 , 78.126605188031, 0.01 , 0.01 ,15.64 , 9.83 , 0.65 , -0.20 , 357.50
2024-01-23 17:44:32,270 :- 00302: 090 , 15.30 , 00.20 || 1706012072, 17.602232115628 , 78.126605188031, 0.01 , 0.01 ,15.64 , 9.65 , 0.65 , -0.21 , 357.48
2024-01-23 17:44:32,299 :- 00303: 093 , 15.40 , 00.20 || 1706012072, 17.602232115628 , 78.126605188031, 0.01 , 0.01 ,15.64 , 9.89 , 0.65 , -0.20 , 357.47
2024-01-23 17:44:32,330 :- 00304: 096 , 15.40 , 00.10 || 1706012072, 17.602236201323 , 78.126605022529, 0.01 , 0.01 ,15.93 , 9.95 , 0.66 , -0.24 , 357.46
2024-01-23 17:44:32,360 :- 00305: 099 , 15.50 , 00.10 || 1706012072, 17.602236201323 , 78.126605022529, 0.01 , 0.01 ,15.93 , 10.14 , 0.67 , -0.23 , 357.45
2024-01-23 17:44:32,390 :- 00306: 102 , 15.60 , 00.00 || 1706012072, 17.602236201323 , 78.126605022529, 0.01 , 0.01 ,15.93 , 10.11 , 0.67 , -0.21 , 357.45
2024-01-23 17:44:32,420 :- 00307: 105 , 15.70 , -0.00 || 1706012072, 17.602236201323 , 78.126605022529, 0.01 , 0.01 ,16.23 , 10.39 , 0.67 , -0.22 , 357.44
2024-01-23 17:44:32,450 :- 00308: 108 , 15.80 , -0.10 || 1706012072, 17.602240272150 , 78.126604846311, 0.01 , 0.01 ,16.23 , 10.60 , 0.65 , -0.18 , 357.44
2024-01-23 17:44:32,480 :- 00309: 111 , 15.80 , -0.10 || 1706012072, 17.602240272150 , 78.126604846311, 0.01 , 0.01 ,16.23 , 10.15 , 0.63 , -0.17 , 357.44
2024-01-23 17:44:32,510 :- 00310: 114 , 15.90 , -0.10 || 1706012072, 17.602240272150 , 78.126604846311, 0.01 , 0.01 ,16.23 , 9.93 , 0.62 , -0.14 , 357.44
2024-01-23 17:44:32,540 :- 00311: 117 , 16.10 , -0.10 || 1706012072, 17.602244414679 , 78.126604634334, 0.01 , 0.01 ,16.53 , 9.75 , 0.60 , -0.07 , 357.44
2024-01-23 17:44:32,570 :- 00312: 120 , 16.10 , -0.10 || 1706012072, 17.602244414679 , 78.126604634334, 0.01 , 0.01 ,16.53 , 9.82 , 0.58 , -0.04 , 357.44
2024-01-23 17:44:32,600 :- 00313: 123 , 16.20 , -0.10 || 1706012072, 17.602244414679 , 78.126604634334, 0.01 , 0.01 ,16.53 , 9.34 , 0.57 , -0.01 , 357.45
2024-01-23 17:44:32,630 :- 00314: 126 , 16.30 , -0.10 || 1706012072, 17.602248638475 , 78.126604461408, 0.01 , 0.01 ,16.84 , 9.68 , 0.57 , 0.03 , 357.45
2024-01-23 17:44:32,660 :- 00315: 129 , 16.40 , -0.10 || 1706012072, 17.602248638475 , 78.126604461408, 0.01 , 0.01 ,16.84 , 9.24 , 0.57 , 0.03 , 357.45
2024-01-23 17:44:32,690 :- 00316: 132 , 16.40 , -0.10 || 1706012072, 17.602248638475 , 78.126604461408, 0.01 , 0.01 ,16.84 , 9.37 , 0.57 , 0.04 , 357.45
2024-01-23 17:44:32,720 :- 00317: 135 , 16.50 , -0.10 || 1706012072, 17.602248638475 , 78.126604461408, 0.01 , 0.01 ,16.95 , 9.18 , 0.57 , 0.05 , 357.45
2024-01-23 17:44:32,750 :- 00318: 138 , 16.60 , -0.10 || 1706012072, 17.602252888040 , 78.126604282119, 0.01 , 0.01 ,16.95 , 9.54 , 0.57 , 0.03 , 357.46
2024-01-23 17:44:32,779 :- 00319: 141 , 16.60 , -0.10 || 1706012072, 17.602252888040 , 78.126604282119, 0.01 , 0.01 ,16.95 , 9.28 , 0.57 , -0.00 , 357.46
2024-01-23 17:44:32,810 :- 00320: 144 , 16.70 , -0.20 || 1706012072, 17.602252888040 , 78.126604282119, 0.01 , 0.01 ,16.95 , 9.58 , 0.56 , -0.01 , 357.46
2024-01-23 17:44:32,839 :- 00321: 144 , 16.70 , -0.20 || 1706012072, 17.602252888040 , 78.126604282119, 0.01 , 0.01 ,16.95 , 9.58 , 0.56 , -0.01 , 357.461706012072, 17.602257189908 , 78.126604096124, 0.01 , 0.01 ,17.16 , 9.88 , 0.57 , -0.05 , 357.47
2024-01-23 17:44:32,870 :- 00322: 150 , 16.80 , -0.20 || 1706012072, 17.602257189908 , 78.126604096124, 0.01 , 0.01 ,17.16 , 9.96 , 0.55 , -0.11 , 357.48
2024-01-23 17:44:32,900 :- 00323: 153 , 16.90 , -0.20 || 1706012072, 17.602257189908 , 78.126604096124, 0.01 , 0.01 ,17.16 , 10.15 , 0.56 , -0.11 , 357.49
2024-01-23 17:44:32,930 :- 00324: 156 , 16.90 , -0.30 || 1706012072, 17.602261525931 , 78.126603924091, 0.01 , 0.01 ,17.29 , 10.16 , 0.58 , -0.15 , 357.50
2024-01-23 17:44:32,960 :- 00325: 159 , 17.00 , -0.30 || 1706012072, 17.602261525931 , 78.126603924091, 0.01 , 0.01 ,17.29 , 10.40 , 0.57 , -0.15 , 357.50
2024-01-23 17:44:32,990 :- 00326: 162 , 17.10 , -0.30 || 1706012072, 17.602261525931 , 78.126603924091, 0.01 , 0.01 ,17.29 , 9.89 , 0.59 , -0.14 , 357.52
2024-01-23 17:44:33,020 :- 00327: 165 , 17.20 , -0.30 || 1706012073, 17.602261525931 , 78.126603924091, 0.01 , 0.01 ,17.29 , 10.29 , 0.60 , -0.14 , 357.52
2024-01-23 17:44:33,050 :- 00328: 168 , 17.30 , -0.30 || 1706012073, 17.602261525931 , 78.126603924091, 0.01 , 0.01 ,17.73 , 9.85 , 0.60 , -0.13 , 357.53
2024-01-23 17:44:33,080 :- 00329: 171 , 17.40 , -0.30 || 1706012073, 17.602265972385 , 78.126603750612, 0.01 , 0.01 ,17.73 , 9.89 , 0.58 , -0.12 , 357.54
2024-01-23 17:44:33,110 :- 00330: 174 , 17.40 , -0.30 || 1706012073, 17.602265972385 , 78.126603750612, 0.01 , 0.01 ,17.73 , 9.66 , 0.58 , -0.09 , 357.56
2024-01-23 17:44:33,140 :- 00331: 177 , 17.50 , -0.30 || 1706012073, 17.602270480353 , 78.126603567544, 0.01 , 0.01 ,17.98 , 9.91 , 0.58 , -0.07 , 357.57
2024-01-23 17:44:33,170 :- 00332: 180 , 17.60 , -0.30 || 1706012073, 17.602270480353 , 78.126603567544, 0.01 , 0.01 ,17.98 , 9.80 , 0.60 , -0.08 , 357.58
2024-01-23 17:44:33,200 :- 00333: 183 , 17.60 , -0.30 || 1706012073, 17.602270480353 , 78.126603567544, 0.01 , 0.01 ,17.98 , 9.61 , 0.63 , -0.04 , 357.61
2024-01-23 17:44:33,230 :- 00334: 186 , 17.70 , -0.30 || 1706012073, 17.602275042554 , 78.126603398433, 0.01 , 0.01 ,18.19 , 9.60 , 0.66 , -0.02 , 357.63
2024-01-23 17:44:33,260 :- 00335: 189 , 17.80 , -0.30 || 1706012073, 17.602275042554 , 78.126603398433, 0.01 , 0.01 ,18.19 , 9.93 , 0.67 , -0.01 , 357.64
2024-01-23 17:44:33,290 :- 00336: 192 , 17.80 , -0.30 || 1706012073, 17.602275042554 , 78.126603398433, 0.01 , 0.01 ,18.19 , 9.65 , 0.68 , -0.01 , 357.66
2024-01-23 17:44:33,320 :- 00337: 195 , 17.90 , -0.30 || 1706012073, 17.602275042554 , 78.126603398433, 0.01 , 0.01 ,18.46 , 9.95 , 0.68 , 0.01 , 357.67
2024-01-23 17:44:33,350 :- 00338: 198 , 18.00 , -0.30 || 1706012073, 17.602279672040 , 78.126603229872, 0.01 , 0.01 ,18.46 , 9.55 , 0.66 , 0.02 , 357.68
2024-01-23 17:44:33,380 :- 00339: 201 , 18.10 , -0.30 || 1706012073, 17.602279672040 , 78.126603229872, 0.01 , 0.01 ,18.46 , 9.88 , 0.66 , 0.01 , 357.69
2024-01-23 17:44:33,410 :- 00340: 204 , 18.10 , -0.30 || 1706012073, 17.602279672040 , 78.126603229872, 0.01 , 0.01 ,18.46 , 9.81 , 0.68 , 0.04 , 357.70
2024-01-23 17:44:33,440 :- 00341: 207 , 18.20 , -0.30 || 1706012073, 17.602284368093 , 78.126603048497, 0.01 , 0.01 ,18.72 , 9.96 , 0.69 , 0.04 , 357.70
2024-01-23 17:44:33,470 :- 00342: 210 , 18.30 , -0.30 || 1706012073, 17.602284368093 , 78.126603048497, 0.01 , 0.01 ,18.72 , 9.63 , 0.71 , 0.02 , 357.72
2024-01-23 17:44:33,500 :- 00343: 213 , 18.40 , -0.30 || 1706012073, 17.602284368093 , 78.126603048497, 0.01 , 0.01 ,18.72 , 9.82 , 0.73 , 0.04 , 357.73
2024-01-23 17:44:33,530 :- 00344: 216 , 18.40 , -0.30 || 1706012073, 17.602289118989 , 78.126602900164, 0.01 , 0.01 ,18.94 , 9.82 , 0.74 , 0.05 , 357.75
2024-01-23 17:44:33,560 :- 00345: 219 , 18.50 , -0.30 || 1706012073, 17.602289118989 , 78.126602900164, 0.01 , 0.01 ,18.94 , 9.91 , 0.75 , 0.03 , 357.76
2024-01-23 17:44:33,590 :- 00346: 222 , 18.60 , -0.40 || 1706012073, 17.602289118989 , 78.126602900164, 0.01 , 0.01 ,18.94 , 9.89 , 0.81 , 0.03 , 357.80
2024-01-23 17:44:33,619 :- 00347: 225 , 18.70 , -0.40 || 1706012073, 17.602289118989 , 78.126602900164, 0.01 , 0.01 ,19.15 , 9.55 , 0.83 , 0.06 , 357.81
2024-01-23 17:44:33,650 :- 00348: 228 , 18.70 , -0.40 || 1706012073, 17.602293921774 , 78.126602752105, 0.01 , 0.01 ,19.15 , 9.65 , 0.90 , 0.03 , 357.84
2024-01-23 17:44:33,679 :- 00349: 231 , 18.80 , -0.40 || 1706012073, 17.602293921774 , 78.126602752105, 0.01 , 0.01 ,19.15 , 9.85 , 0.94 , 0.05 , 357.85
2024-01-23 17:44:33,710 :- 00350: 234 , 18.90 , -0.40 || 1706012073, 17.602293921774 , 78.126602752105, 0.01 , 0.01 ,19.15 , 9.98 , 0.97 , 0.08 , 357.86
2024-01-23 17:44:33,740 :- 00351: 237 , 18.90 , -0.50 || 1706012073, 17.602298800037 , 78.126602634843, 0.01 , 0.01 ,19.44 , 9.62 , 0.99 , 0.06 , 357.87
2024-01-23 17:44:33,770 :- 00352: 240 , 19.00 , -0.50 || 1706012073, 17.602298800037 , 78.126602634843, 0.01 , 0.01 ,19.44 , 9.67 , 0.99 , 0.09 , 357.88
2024-01-23 17:44:33,800 :- 00353: 243 , 19.10 , -0.50 || 1706012073, 17.602298800037 , 78.126602634843, 0.01 , 0.01 ,19.44 , 9.88 , 0.98 , 0.07 , 357.90
2024-01-23 17:44:33,830 :- 00354: 246 , 19.10 , -0.50 || 1706012073, 17.602303738251 , 78.126602477464, 0.01 , 0.01 ,19.69 , 9.77 , 0.95 , 0.05 , 357.93
2024-01-23 17:44:33,860 :- 00355: 249 , 19.20 , -0.60 || 1706012073, 17.602303738251 , 78.126602477464, 0.01 , 0.01 ,19.69 , 9.91 , 0.93 , 0.04 , 357.95
2024-01-23 17:44:33,890 :- 00356: 252 , 19.30 , -0.60 || 1706012073, 17.602303738251 , 78.126602477464, 0.01 , 0.01 ,19.69 , 10.01 , 0.92 , 0.00 , 357.99
2024-01-23 17:44:33,920 :- 00357: 255 , 19.40 , -0.60 || 1706012073, 17.602303738251 , 78.126602477464, 0.01 , 0.01 ,19.84 , 10.00 , 0.91 , -0.01 , 358.02
2024-01-23 17:44:33,950 :- 00358: 002 , 19.50 , -0.60 || 1706012073, 17.602308714748 , 78.126602291835, 0.01 , 0.01 ,19.84 , 9.54 , 0.86 , -0.03 , 358.06
2024-01-23 17:44:33,980 :- 00359: 005 , 19.50 , -0.60 || 1706012073, 17.602308714748 , 78.126602291835, 0.01 , 0.01 ,19.84 , 10.21 , 0.87 , -0.03 , 358.08
2024-01-23 17:44:34,010 :- 00360: 008 , 19.60 , -0.60 || 1706012073, 17.602308714748 , 78.126602291835, 0.01 , 0.01 ,19.84 , 10.95 , 0.88 , -0.03 , 358.10
2024-01-23 17:44:34,040 :- 00361: 011 , 19.70 , -0.60 || 1706012074, 17.602308714748 , 78.126602291835, 0.01 , 0.01 ,20.09 , 8.59 , 0.82 , -0.08 , 358.13
2024-01-23 17:44:34,070 :- 00362: 014 , 19.80 , -0.60 || 1706012074, 17.602313754531 , 78.126602111744, 0.01 , 0.01 ,20.09 , 9.72 , 0.85 , -0.03 , 358.16
2024-01-23 17:44:34,100 :- 00363: 017 , 19.90 , -0.60 || 1706012074, 17.602313754531 , 78.126602111744, 0.01 , 0.01 ,20.09 , 9.33 , 0.87 , -0.07 , 358.16
2024-01-23 17:44:34,130 :- 00364: 020 , 19.90 , -0.60 || 1706012074, 17.602313754531 , 78.126602111744, 0.01 , 0.01 ,20.32 , 9.97 , 0.85 , -0.12 , 358.17
2024-01-23 17:44:34,160 :- 00365: 023 , 20.00 , -0.60 || 1706012074, 17.602318853741 , 78.126601990448, 0.01 , 0.01 ,20.32 , 9.59 , 0.87 , -0.10 , 358.20
2024-01-23 17:44:34,190 :- 00366: 026 , 20.00 , -0.60 || 1706012074, 17.602318853741 , 78.126601990448, 0.01 , 0.01 ,20.32 , 10.23 , 0.94 , -0.15 , 358.24
2024-01-23 17:44:34,220 :- 00367: 029 , 20.10 , -0.60 || 1706012074, 17.602318853741 , 78.126601990448, 0.01 , 0.00 ,20.60 , 10.10 , 0.93 , -0.15 , 358.27
2024-01-23 17:44:34,250 :- 00368: 032 , 20.10 , -0.60 || 1706012074, 17.602324033958 , 78.126601897755, 0.01 , 0.00 ,20.60 , 9.87 , 0.97 , -0.14 , 358.33
2024-01-23 17:44:34,280 :- 00369: 035 , 20.20 , -0.60 || 1706012074, 17.602324033958 , 78.126601897755, 0.01 , 0.00 ,20.60 , 10.46 , 0.98 , -0.13 , 358.35
2024-01-23 17:44:34,310 :- 00370: 038 , 20.20 , -0.60 || 1706012074, 17.602324033958 , 78.126601897755, 0.01 , 0.00 ,20.60 , 9.77 , 0.96 , -0.14 , 358.41
2024-01-23 17:44:34,340 :- 00371: 041 , 20.30 , -0.60 || 1706012074, 17.602329258224 , 78.126601756914, 0.01 , 0.00 ,20.82 , 10.34 , 0.95 , -0.10 , 358.43
2024-01-23 17:44:34,370 :- 00372: 044 , 20.40 , -0.60 || 1706012074, 17.602329258224 , 78.126601756914, 0.01 , 0.00 ,20.82 , 9.67 , 0.93 , -0.08 , 358.46
2024-01-23 17:44:34,400 :- 00373: 047 , 20.50 , -0.60 || 1706012074, 17.602329258224 , 78.126601756914, 0.01 , 0.00 ,20.82 , 10.03 , 0.92 , -0.04 , 358.48
2024-01-23 17:44:34,430 :- 00374: 050 , 20.60 , -0.60 || 1706012074, 17.602334578940 , 78.126601626230, 0.01 , 0.01 ,21.21 , 9.77 , 0.89 , -0.01 , 358.51
2024-01-23 17:44:34,460 :- 00375: 053 , 20.70 , -0.60 || 1706012074, 17.602334578940 , 78.126601626230, 0.01 , 0.01 ,21.21 , 9.72 , 0.88 , -0.02 , 358.53
2024-01-23 17:44:34,490 :- 00376: 056 , 20.70 , -0.60 || 1706012074, 17.602334578940 , 78.126601626230, 0.01 , 0.01 ,21.21 , 9.74 , 0.86 , 0.04 , 358.57
2024-01-23 17:44:34,519 :- 00377: 059 , 20.80 , -0.60 || 1706012074, 17.602334578940 , 78.126601626230, 0.01 , 0.01 ,21.43 , 9.90 , 0.87 , 0.03 , 358.59
2024-01-23 17:44:34,550 :- 00378: 062 , 20.90 , -0.60 || 1706012074, 17.602339955584 , 78.126601491430, 0.01 , 0.01 ,21.43 , 9.20 , 0.85 , 0.01 , 358.65
2024-01-23 17:44:34,580 :- 00379: 065 , 21.00 , -0.60 || 1706012074, 17.602339955584 , 78.126601491430, 0.01 , 0.01 ,21.43 , 9.73 , 0.86 , 0.01 , 358.67
2024-01-23 17:44:34,610 :- 00380: 068 , 21.00 , -0.50 || 1706012074, 17.602339955584 , 78.126601491430, 0.01 , 0.01 ,21.43 , 9.46 , 0.88 , -0.01 , 358.72
2024-01-23 17:44:34,640 :- 00381: 071 , 21.10 , -0.50 || 1706012074, 17.602345353693 , 78.126601381914, 0.01 , 0.01 ,21.51 , 9.68 , 0.89 , -0.02 , 358.74
2024-01-23 17:44:34,670 :- 00382: 074 , 21.10 , -0.50 || 1706012074, 17.602345353693 , 78.126601381914, 0.01 , 0.01 ,21.51 , 9.76 , 0.88 , -0.05 , 358.78
2024-01-23 17:44:34,699 :- 00383: 077 , 21.20 , -0.50 || 1706012074, 17.602345353693 , 78.126601381914, 0.01 , 0.01 ,21.51 , 9.92 , 0.88 , -0.06 , 358.79
2024-01-23 17:44:34,730 :- 00384: 080 , 21.30 , -0.50 || 1706012074, 17.602350806355 , 78.126601297931, 0.01 , 0.01 ,21.73 , 9.52 , 0.88 , -0.03 , 358.82
2024-01-23 17:44:34,759 :- 00385: 080 , 21.30 , -0.50 || 1706012074, 17.602350806355 , 78.126601297931, 0.01 , 0.01 ,21.73 , 9.52 , 0.88 , -0.03 , 358.821706012074, 17.602350806355 , 78.126601297931, 0.01 , 0.01 ,21.73 , 9.61 , 0.87 , -0.05 , 358.83
2024-01-23 17:44:34,790 :- 00386: 086 , 21.40 , -0.50 || 1706012074, 17.602350806355 , 78.126601297931, 0.01 , 0.01 ,21.73 , 9.90 , 0.89 , -0.05 , 358.87
2024-01-23 17:44:34,820 :- 00387: 089 , 21.40 , -0.50 || 1706012074, 17.602350806355 , 78.126601297931, 0.01 , 0.01 ,22.03 , 9.77 , 0.91 , -0.04 , 358.89
2024-01-23 17:44:34,850 :- 00388: 092 , 21.50 , -0.50 || 1706012074, 17.602356335204 , 78.126601224996, 0.01 , 0.01 ,22.03 , 10.39 , 0.96 , -0.07 , 358.93
2024-01-23 17:44:34,880 :- 00389: 095 , 21.50 , -0.40 || 1706012074, 17.602356335204 , 78.126601224996, 0.01 , 0.01 ,22.03 , 9.92 , 0.95 , -0.07 , 358.95
2024-01-23 17:44:34,910 :- 00390: 098 , 21.60 , -0.40 || 1706012074, 17.602356335204 , 78.126601224996, 0.01 , 0.01 ,22.03 , 10.34 , 0.98 , -0.05 , 358.98
2024-01-23 17:44:34,940 :- 00391: 101 , 21.60 , -0.30 || 1706012074, 17.602361920734 , 78.126601157849, 0.01 , 0.01 ,22.26 , 10.22 , 1.00 , -0.04 , 359.00
2024-01-23 17:44:34,970 :- 00392: 104 , 21.70 , -0.30 || 1706012074, 17.602361920734 , 78.126601157849, 0.01 , 0.01 ,22.26 , 10.41 , 1.03 , -0.04 , 359.02
2024-01-23 17:44:35,000 :- 00393: 107 , 21.80 , -0.20 || 1706012074, 17.602361920734 , 78.126601157849, 0.01 , 0.01 ,22.26 , 9.48 , 1.03 , -0.03 , 359.03
2024-01-23 17:44:35,030 :- 00394: 110 , 21.90 , -0.20 || 1706012075, 17.602361920734 , 78.126601157849, 0.01 , 0.01 ,22.26 , 9.61 , 1.03 , 0.01 , 359.03
2024-01-23 17:44:35,060 :- 00395: 113 , 22.00 , -0.20 || 1706012075, 17.602367551930 , 78.126601098557, 0.01 , 0.01 ,22.44 , 9.87 , 1.08 , 0.03 , 359.04
2024-01-23 17:44:35,090 :- 00396: 116 , 22.10 , -0.10 || 1706012075, 17.602367551930 , 78.126601098557, 0.01 , 0.01 ,22.44 , 9.26 , 1.06 , 0.02 , 359.06
2024-01-23 17:44:35,119 :- 00397: 119 , 22.10 , -0.10 || 1706012075, 17.602367551930 , 78.126601098557, 0.01 , 0.01 ,22.66 , 9.28 , 1.08 , 0.03 , 359.06
2024-01-23 17:44:35,150 :- 00398: 122 , 22.20 , -0.00 || 1706012075, 17.602373237817 , 78.126601060575, 0.01 , 0.01 ,22.66 , 9.80 , 1.12 , 0.03 , 359.07
2024-01-23 17:44:35,179 :- 00399: 125 , 22.20 , 00.00 || 1706012075, 17.602373237817 , 78.126601060575, 0.01 , 0.01 ,22.66 , 9.75 , 1.14 , -0.00 , 359.07
2024-01-23 17:44:35,210 :- 00400: 128 , 22.20 , 00.10 || 1706012075, 17.602373237817 , 78.126601060575, 0.01 , 0.01 ,22.66 , 9.36 , 1.13 , -0.01 , 359.07
2024-01-23 17:44:35,240 :- 00401: 131 , 22.30 , 00.10 || 1706012075, 17.602378957587 , 78.126600992303, 0.01 , 0.01 ,22.79 , 9.96 , 1.16 , 0.01 , 359.07
2024-01-23 17:44:35,270 :- 00402: 134 , 22.40 , 00.20 || 1706012075, 17.602378957587 , 78.126600992303, 0.01 , 0.01 ,22.79 , 9.68 , 1.15 , -0.04 , 359.05
2024-01-23 17:44:35,300 :- 00403: 137 , 22.40 , 00.20 || 1706012075, 17.602378957587 , 78.126600992303, 0.01 , 0.01 ,22.79 , 10.04 , 1.15 , -0.04 , 359.03
2024-01-23 17:44:35,330 :- 00404: 140 , 22.40 , 00.20 || 1706012075, 17.602384726944 , 78.126600922782, 0.00 , 0.00 ,23.00 , 10.13 , 1.17 , -0.04 , 359.00
2024-01-23 17:44:35,360 :- 00405: 143 , 22.50 , 00.20 || 1706012075, 17.602384726944 , 78.126600922782, 0.00 , 0.00 ,23.00 , 10.19 , 1.18 , -0.04 , 358.99
2024-01-23 17:44:35,390 :- 00406: 146 , 22.50 , 00.20 || 1706012075, 17.602384726944 , 78.126600922782, 0.00 , 0.00 ,23.00 , 9.90 , 1.19 , -0.02 , 358.96
2024-01-23 17:44:35,420 :- 00407: 149 , 22.60 , 00.20 || 1706012075, 17.602384726944 , 78.126600922782, 0.00 , 0.00 ,23.22 , 10.08 , 1.22 , -0.02 , 358.95
2024-01-23 17:44:35,450 :- 00408: 152 , 22.70 , 00.20 || 1706012075, 17.602390552715 , 78.126600852593, 0.00 , 0.00 ,23.22 , 10.08 , 1.24 , 0.02 , 358.93
2024-01-23 17:44:35,480 :- 00409: 155 , 22.70 , 00.20 || 1706012075, 17.602390552715 , 78.126600852593, 0.00 , 0.00 ,23.22 , 10.07 , 1.27 , 0.02 , 358.92
2024-01-23 17:44:35,510 :- 00410: 158 , 22.80 , 00.20 || 1706012075, 17.602390552715 , 78.126600852593, 0.00 , 0.00 ,23.22 , 9.69 , 1.27 , 0.03 , 358.91
2024-01-23 17:44:35,540 :- 00411: 161 , 22.90 , 00.20 || 1706012075, 17.602396437745 , 78.126600788021, 0.00 , 0.00 ,23.45 , 9.69 , 1.33 , 0.07 , 358.89
2024-01-23 17:44:35,570 :- 00412: 164 , 22.90 , 00.20 || 1706012075, 17.602396437745 , 78.126600788021, 0.00 , 0.00 ,23.45 , 9.50 , 1.36 , 0.09 , 358.87
2024-01-23 17:44:35,599 :- 00413: 167 , 23.00 , 00.20 || 1706012075, 17.602396437745 , 78.126600788021, 0.00 , 0.00 ,23.45 , 9.68 , 1.39 , 0.09 , 358.86
2024-01-23 17:44:35,630 :- 00414: 170 , 23.00 , 00.10 || 1706012075, 17.602402351221 , 78.126600717173, 0.00 , 0.01 ,23.56 , 9.71 , 1.42 , 0.09 , 358.84
2024-01-23 17:44:35,660 :- 00415: 173 , 23.10 , 00.10 || 1706012075, 17.602402351221 , 78.126600717173, 0.00 , 0.01 ,23.56 , 9.57 , 1.44 , 0.09 , 358.83
2024-01-23 17:44:35,690 :- 00416: 176 , 23.10 , 00.10 || 1706012075, 17.602402351221 , 78.126600717173, 0.00 , 0.01 ,23.56 , 9.70 , 1.48 , 0.10 , 358.82
2024-01-23 17:44:35,720 :- 00417: 179 , 23.20 , 00.10 || 1706012075, 17.602402351221 , 78.126600717173, 0.00 , 0.01 ,23.77 , 9.44 , 1.49 , 0.08 , 358.82
2024-01-23 17:44:35,750 :- 00418: 182 , 23.20 , 00.10 || 1706012075, 17.602408316047 , 78.126600642082, 0.00 , 0.01 ,23.77 , 9.65 , 1.50 , 0.07 , 358.81
2024-01-23 17:44:35,780 :- 00419: 185 , 23.20 , 00.10 || 1706012075, 17.602408316047 , 78.126600642082, 0.00 , 0.01 ,23.77 , 10.01 , 1.51 , 0.07 , 358.80
2024-01-23 17:44:35,810 :- 00420: 188 , 23.30 , 00.10 || 1706012075, 17.602408316047 , 78.126600642082, 0.00 , 0.01 ,23.77 , 9.96 , 1.51 , 0.05 , 358.79
2024-01-23 17:44:35,840 :- 00421: 191 , 23.30 , 00.10 || 1706012075, 17.602414291996 , 78.126600546808, 0.01 , 0.01 ,23.81 , 9.93 , 1.51 , 0.07 , 358.77
2024-01-23 17:44:35,870 :- 00422: 194 , 23.40 , 00.10 || 1706012075, 17.602414291996 , 78.126600546808, 0.01 , 0.01 ,23.81 , 9.90 , 1.52 , 0.07 , 358.75
2024-01-23 17:44:35,900 :- 00423: 197 , 23.40 , 00.10 || 1706012075, 17.602414291996 , 78.126600546808, 0.01 , 0.01 ,23.81 , 9.97 , 1.52 , 0.08 , 358.74
2024-01-23 17:44:35,930 :- 00424: 200 , 23.50 , 00.10 || 1706012075, 17.602420336428 , 78.126600445784, 0.01 , 0.01 ,24.09 , 9.89 , 1.54 , 0.12 , 358.73
2024-01-23 17:44:35,960 :- 00425: 203 , 23.50 , 00.10 || 1706012075, 17.602420336428 , 78.126600445784, 0.01 , 0.01 ,24.09 , 10.10 , 1.56 , 0.12 , 358.73
2024-01-23 17:44:35,990 :- 00426: 206 , 23.50 , 00.10 || 1706012075, 17.602420336428 , 78.126600445784, 0.01 , 0.01 ,24.09 , 10.12 , 1.59 , 0.17 , 358.72
2024-01-23 17:44:36,019 :- 00427: 209 , 23.60 , 00.10 || 1706012076, 17.602420336428 , 78.126600445784, 0.01 , 0.01 ,24.09 , 10.20 , 1.61 , 0.20 , 358.71
2024-01-23 17:44:36,050 :- 00428: 212 , 23.60 , 00.10 || 1706012076, 17.602426411861 , 78.126600357211, 0.01 , 0.01 ,24.21 , 10.30 , 1.65 , 0.24 , 358.69
2024-01-23 17:44:36,080 :- 00429: 215 , 23.60 , 00.10 || 1706012076, 17.602426411861 , 78.126600357211, 0.01 , 0.01 ,24.21 , 9.82 , 1.67 , 0.28 , 358.69
2024-01-23 17:44:36,109 :- 00430: 218 , 23.60 , 00.10 || 1706012076, 17.602426411861 , 78.126600357211, 0.01 , 0.01 ,24.21 , 9.68 , 1.69 , 0.30 , 358.68
2024-01-23 17:44:36,140 :- 00431: 221 , 23.60 , 00.10 || 1706012076, 17.602432491950 , 78.126600279730, 0.01 , 0.01 ,24.23 , 9.62 , 1.71 , 0.38 , 358.66
2024-01-23 17:44:36,170 :- 00432: 224 , 23.60 , 00.10 || 1706012076, 17.602432491950 , 78.126600279730, 0.01 , 0.01 ,24.23 , 9.10 , 1.70 , 0.41 , 358.65
2024-01-23 17:44:36,200 :- 00433: 227 , 23.60 , 00.10 || 1706012076, 17.602432491950 , 78.126600279730, 0.01 , 0.01 ,24.23 , 9.13 , 1.70 , 0.44 , 358.65
2024-01-23 17:44:36,230 :- 00434: 230 , 23.60 , 00.00 || 1706012076, 17.602438552053 , 78.126600171152, 0.01 , 0.01 ,24.15 , 9.83 , 1.72 , 0.45 , 358.64
2024-01-23 17:44:36,260 :- 00435: 233 , 23.50 , 00.00 || 1706012076, 17.602438552053 , 78.126600171152, 0.01 , 0.01 ,24.15 , 9.54 , 1.71 , 0.46 , 358.64
2024-01-23 17:44:36,290 :- 00436: 236 , 23.50 , 00.00 || 1706012076, 17.602438552053 , 78.126600171152, 0.01 , 0.01 ,24.15 , 9.56 , 1.69 , 0.46 , 358.64
2024-01-23 17:44:36,320 :- 00437: 239 , 23.50 , 00.00 || 1706012076, 17.602438552053 , 78.126600171152, 0.01 , 0.01 ,23.94 , 9.88 , 1.68 , 0.46 , 358.63
2024-01-23 17:44:36,350 :- 00438: 242 , 23.40 , 00.00 || 1706012076, 17.602444559800 , 78.126600032772, 0.01 , 0.01 ,23.94 , 9.60 , 1.63 , 0.45 , 358.62
2024-01-23 17:44:36,380 :- 00439: 245 , 23.40 , 00.00 || 1706012076, 17.602444559800 , 78.126600032772, 0.01 , 0.01 ,23.94 , 9.58 , 1.60 , 0.44 , 358.62
2024-01-23 17:44:36,410 :- 00440: 248 , 23.30 , 00.00 || 1706012076, 17.602444559800 , 78.126600032772, 0.01 , 0.01 ,23.94 , 9.82 , 1.59 , 0.44 , 358.61
2024-01-23 17:44:36,440 :- 00441: 251 , 23.30 , 00.00 || 1706012076, 17.602450522780 , 78.126599891343, 0.01 , 0.01 ,23.77 , 10.20 , 1.55 , 0.45 , 358.60
2024-01-23 17:44:36,470 :- 00442: 254 , 23.30 , 00.00 || 1706012076, 17.602450522780 , 78.126599891343, 0.01 , 0.01 ,23.77 , 9.91 , 1.53 , 0.45 , 358.60
2024-01-23 17:44:36,499 :- 00443: 001 , 23.20 , 00.00 || 1706012076, 17.602450522780 , 78.126599891343, 0.01 , 0.01 ,23.77 , 10.06 , 1.49 , 0.46 , 358.59
2024-01-23 17:44:36,530 :- 00444: 004 , 23.20 , 00.00 || 1706012076, 17.602450522780 , 78.126599891343, 0.01 , 0.01 ,23.71 , 10.14 , 1.49 , 0.48 , 358.59
2024-01-23 17:44:36,559 :- 00445: 007 , 23.10 , 00.00 || 1706012076, 17.602456470599 , 78.126599740164, 0.01 , 0.01 ,23.71 , 9.80 , 1.47 , 0.50 , 358.59
2024-01-23 17:44:36,590 :- 00446: 010 , 23.10 , -0.00 || 1706012076, 17.602456470599 , 78.126599740164, 0.01 , 0.01 ,23.71 , 9.98 , 1.47 , 0.51 , 358.58
2024-01-23 17:44:36,619 :- 00447: 013 , 23.10 , -0.00 || 1706012076, 17.602456470599 , 78.126599740164, 0.01 , 0.01 ,23.54 , 9.62 , 1.45 , 0.53 , 358.58
2024-01-23 17:44:36,650 :- 00448: 016 , 23.00 , -0.00 || 1706012076, 17.602462377300 , 78.126599600402, 0.01 , 0.01 ,23.54 , 9.96 , 1.43 , 0.54 , 358.58
2024-01-23 17:44:36,679 :- 00449: 016 , 23.00 , -0.00 || 1706012076, 17.602462377300 , 78.126599600402, 0.01 , 0.01 ,23.54 , 9.96 , 1.43 , 0.54 , 358.581706012076, 17.602462377300 , 78.126599600402, 0.01 , 0.01 ,23.54 , 9.47 , 1.41 , 0.54 , 358.57
2024-01-23 17:44:36,699 :- 00450: 021 , 22.90 , -0.10 || 1706012076, 17.602462377300 , 78.126599600402, 0.01 , 0.01 ,23.54 , 9.77 , 1.39 , 0.54 , 358.57
2024-01-23 17:44:36,730 :- 00451: 024 , 22.90 , -0.10 || 1706012076, 17.602462377300 , 78.126599600402, 0.01 , 0.01 ,23.31 , 9.42 , 1.38 , 0.54 , 358.57
2024-01-23 17:44:36,759 :- 00452: 027 , 22.80 , -0.10 || 1706012076, 17.602468226644 , 78.126599460017, 0.01 , 0.01 ,23.31 , 10.04 , 1.36 , 0.56 , 358.57
2024-01-23 17:44:36,790 :- 00453: 030 , 22.80 , -0.10 || 1706012076, 17.602468226644 , 78.126599460017, 0.01 , 0.01 ,23.31 , 9.58 , 1.35 , 0.55 , 358.57
2024-01-23 17:44:36,819 :- 00454: 033 , 22.70 , -0.10 || 1706012076, 17.602468226644 , 78.126599460017, 0.01 , 0.01 ,23.21 , 9.54 , 1.32 , 0.57 , 358.58
2024-01-23 17:44:36,850 :- 00455: 036 , 22.60 , -0.10 || 1706012076, 17.602474049891 , 78.126599312822, 0.01 , 0.01 ,23.21 , 9.85 , 1.32 , 0.57 , 358.59
2024-01-23 17:44:36,880 :- 00456: 039 , 22.60 , -0.10 || 1706012076, 17.602474049891 , 78.126599312822, 0.01 , 0.01 ,23.21 , 9.73 , 1.32 , 0.58 , 358.59
2024-01-23 17:44:36,909 :- 00457: 042 , 22.50 , -0.10 || 1706012076, 17.602474049891 , 78.126599312822, 0.01 , 0.01 ,23.21 , 9.87 , 1.32 , 0.56 , 358.59
2024-01-23 17:44:36,940 :- 00458: 045 , 22.40 , -0.10 || 1706012076, 17.602479789111 , 78.126599192445, 0.01 , 0.01 ,22.87 , 9.78 , 1.32 , 0.55 , 358.59
2024-01-23 17:44:36,970 :- 00459: 048 , 22.40 , -0.10 || 1706012076, 17.602479789111 , 78.126599192445, 0.01 , 0.01 ,22.87 , 10.04 , 1.29 , 0.53 , 358.59
2024-01-23 17:44:37,000 :- 00460: 051 , 22.30 , -0.10 || 1706012076, 17.602479789111 , 78.126599192445, 0.01 , 0.01 ,22.87 , 9.90 , 1.28 , 0.54 , 358.59
2024-01-23 17:44:37,030 :- 00461: 054 , 22.30 , -0.10 || 1706012077, 17.602479789111 , 78.126599192445, 0.01 , 0.01 ,22.87 , 9.88 , 1.25 , 0.54 , 358.59
2024-01-23 17:44:37,060 :- 00462: 057 , 22.20 , -0.10 || 1706012077, 17.602485477000 , 78.126599076398, 0.01 , 0.01 ,22.67 , 9.87 , 1.25 , 0.54 , 358.60
2024-01-23 17:44:37,090 :- 00463: 060 , 22.10 , -0.10 || 1706012077, 17.602485477000 , 78.126599076398, 0.01 , 0.01 ,22.67 , 9.75 , 1.23 , 0.53 , 358.61
2024-01-23 17:44:37,120 :- 00464: 063 , 22.10 , -0.10 || 1706012077, 17.602485477000 , 78.126599076398, 0.01 , 0.01 ,22.49 , 9.75 , 1.22 , 0.53 , 358.61
2024-01-23 17:44:37,150 :- 00465: 066 , 22.00 , -0.10 || 1706012077, 17.602491119337 , 78.126598950140, 0.01 , 0.01 ,22.49 , 9.76 , 1.20 , 0.54 , 358.62
2024-01-23 17:44:37,180 :- 00466: 069 , 22.00 , -0.10 || 1706012077, 17.602491119337 , 78.126598950140, 0.01 , 0.01 ,22.49 , 9.48 , 1.19 , 0.52 , 358.63
2024-01-23 17:44:37,210 :- 00467: 072 , 21.90 , -0.10 || 1706012077, 17.602491119337 , 78.126598950140, 0.01 , 0.01 ,22.49 , 9.89 , 1.16 , 0.50 , 358.63
2024-01-23 17:44:37,240 :- 00468: 075 , 21.80 , -0.10 || 1706012077, 17.602496688266 , 78.126598809715, 0.01 , 0.01 ,22.20 , 9.77 , 1.15 , 0.52 , 358.63
2024-01-23 17:44:37,270 :- 00469: 078 , 21.70 , -0.10 || 1706012077, 17.602496688266 , 78.126598809715, 0.01 , 0.01 ,22.20 , 9.86 , 1.13 , 0.49 , 358.63
2024-01-23 17:44:37,300 :- 00470: 081 , 21.60 , -0.10 || 1706012077, 17.602496688266 , 78.126598809715, 0.01 , 0.01 ,22.20 , 10.22 , 1.12 , 0.50 , 358.63
2024-01-23 17:44:37,330 :- 00471: 084 , 21.60 , -0.10 || 1706012077, 17.602502199858 , 78.126598683934, 0.01 , 0.01 ,21.97 , 10.13 , 1.11 , 0.54 , 358.63
2024-01-23 17:44:37,360 :- 00472: 087 , 21.50 , -0.10 || 1706012077, 17.602502199858 , 78.126598683934, 0.01 , 0.01 ,21.97 , 9.80 , 1.10 , 0.55 , 358.64
2024-01-23 17:44:37,390 :- 00473: 090 , 21.40 , -0.10 || 1706012077, 17.602502199858 , 78.126598683934, 0.01 , 0.01 ,21.97 , 9.80 , 1.12 , 0.56 , 358.65
2024-01-23 17:44:37,420 :- 00474: 093 , 21.30 , -0.10 || 1706012077, 17.602502199858 , 78.126598683934, 0.01 , 0.01 ,21.73 , 9.74 , 1.14 , 0.58 , 358.65
2024-01-23 17:44:37,450 :- 00475: 096 , 21.30 , -0.10 || 1706012077, 17.602507652045 , 78.126598595477, 0.01 , 0.01 ,21.73 , 9.52 , 1.14 , 0.57 , 358.66
2024-01-23 17:44:37,480 :- 00476: 099 , 21.20 , -0.10 || 1706012077, 17.602507652045 , 78.126598595477, 0.01 , 0.01 ,21.73 , 9.87 , 1.16 , 0.55 , 358.67
2024-01-23 17:44:37,510 :- 00477: 102 , 21.10 , -0.10 || 1706012077, 17.602507652045 , 78.126598595477, 0.01 , 0.01 ,21.73 , 10.15 , 1.17 , 0.55 , 358.67
2024-01-23 17:44:37,540 :- 00478: 105 , 21.00 , -0.10 || 1706012077, 17.602513022389 , 78.126598488741, 0.01 , 0.01 ,21.40 , 9.32 , 1.12 , 0.56 , 358.67
2024-01-23 17:44:37,570 :- 00479: 108 , 20.90 , -0.10 || 1706012077, 17.602513022389 , 78.126598488741, 0.01 , 0.01 ,21.40 , 9.98 , 1.09 , 0.54 , 358.67
2024-01-23 17:44:37,599 :- 00480: 111 , 20.80 , -0.10 || 1706012077, 17.602513022389 , 78.126598488741, 0.01 , 0.01 ,21.40 , 9.81 , 1.08 , 0.52 , 358.68
2024-01-23 17:44:37,630 :- 00481: 114 , 20.80 , -0.10 || 1706012077, 17.602518315779 , 78.126598365612, 0.01 , 0.01 ,21.10 , 9.06 , 0.99 , 0.51 , 358.69
2024-01-23 17:44:37,660 :- 00482: 117 , 20.70 , -0.10 || 1706012077, 17.602518315779 , 78.126598365612, 0.01 , 0.01 ,21.10 , 9.79 , 1.02 , 0.48 , 358.69
2024-01-23 17:44:37,690 :- 00483: 120 , 20.60 , -0.10 || 1706012077, 17.602518315779 , 78.126598365612, 0.01 , 0.01 ,21.10 , 9.74 , 1.07 , 0.43 , 358.71
2024-01-23 17:44:37,720 :- 00484: 123 , 20.60 , -0.10 || 1706012077, 17.602518315779 , 78.126598365612, 0.01 , 0.01 ,20.83 , 9.49 , 1.03 , 0.41 , 358.72
2024-01-23 17:44:37,750 :- 00485: 126 , 20.50 , -0.10 || 1706012077, 17.602523542457 , 78.126598255469, 0.01 , 0.01 ,20.83 , 9.45 , 1.04 , 0.38 , 358.72
2024-01-23 17:44:37,780 :- 00486: 129 , 20.40 , -0.10 || 1706012077, 17.602523542457 , 78.126598255469, 0.01 , 0.01 ,20.83 , 10.38 , 1.06 , 0.33 , 358.72
2024-01-23 17:44:37,810 :- 00487: 132 , 20.30 , -0.10 || 1706012077, 17.602523542457 , 78.126598255469, 0.01 , 0.01 ,20.83 , 10.44 , 1.05 , 0.33 , 358.72
2024-01-23 17:44:37,840 :- 00488: 135 , 20.20 , -0.10 || 1706012077, 17.602528706726 , 78.126598163844, 0.01 , 0.01 ,20.58 , 10.15 , 1.06 , 0.30 , 358.72
2024-01-23 17:44:37,870 :- 00489: 138 , 20.20 , -0.10 || 1706012077, 17.602528706726 , 78.126598163844, 0.01 , 0.01 ,20.58 , 10.32 , 1.08 , 0.29 , 358.72
2024-01-23 17:44:37,899 :- 00490: 141 , 20.10 , -0.10 || 1706012077, 17.602528706726 , 78.126598163844, 0.01 , 0.01 ,20.58 , 10.06 , 1.07 , 0.30 , 358.72
2024-01-23 17:44:37,930 :- 00491: 144 , 20.10 , -0.10 || 1706012077, 17.602533847604 , 78.126598084276, 0.01 , 0.01 ,20.49 , 9.37 , 1.03 , 0.31 , 358.72
2024-01-23 17:44:37,959 :- 00492: 144 , 20.10 , -0.10 || 1706012077, 17.602533847604 , 78.126598084276, 0.01 , 0.01 ,20.49 , 9.37 , 1.03 , 0.31 , 358.721706012077, 17.602533847604 , 78.126598084276, 0.01 , 0.01 ,20.49 , 10.05 , 1.05 , 0.28 , 358.73
2024-01-23 17:44:37,990 :- 00493: 150 , 20.00 , -0.10 || 1706012077, 17.602533847604 , 78.126598084276, 0.01 , 0.01 ,20.49 , 10.20 , 1.04 , 0.28 , 358.75
2024-01-23 17:44:38,020 :- 00494: 153 , 19.90 , -0.10 || 1706012078, 17.602533847604 , 78.126598084276, 0.01 , 0.01 ,20.49 , 9.69 , 1.00 , 0.28 , 358.75
2024-01-23 17:44:38,050 :- 00495: 156 , 19.90 , -0.10 || 1706012078, 17.602538927944 , 78.126597974968, 0.01 , 0.01 ,20.25 , 9.74 , 0.99 , 0.27 , 358.76
