2024-01-22 16:48:58,284 :- 00001: Feedback Code Starting
2024-01-22 16:48:58,311 :- 00002: 086 , 20.00 , -0.10 || 1705922338, 17.601623813677 , 78.126609756978, 0.01 , 0.01 ,24.82 , 9.69 , 0.77 , -0.25 , 359.42
2024-01-22 16:48:58,340 :- 00003: 089 , 20.00 , -0.10 || 1705922338, 17.601630055269 , 78.126609664144, 0.01 , 0.01 ,24.87 , 9.60 , 0.75 , -0.25 , 359.41
2024-01-22 16:48:58,370 :- 00004: 092 , 20.00 , -0.10 || 1705922338, 17.601630055269 , 78.126609664144, 0.01 , 0.01 ,24.87 , 9.76 , 0.73 , -0.28 , 359.40
2024-01-22 16:48:58,400 :- 00005: 095 , 20.00 , -0.10 || 1705922338, 17.601630055269 , 78.126609664144, 0.01 , 0.01 ,24.87 , 9.85 , 0.73 , -0.29 , 359.40
2024-01-22 16:48:58,430 :- 00006: 098 , 20.00 , -0.10 || 1705922338, 17.601636274083 , 78.126609573856, 0.01 , 0.01 ,24.78 , 9.97 , 0.72 , -0.32 , 359.39
2024-01-22 16:48:58,460 :- 00007: 101 , 20.00 , -0.10 || 1705922338, 17.601636274083 , 78.126609573856, 0.01 , 0.01 ,24.78 , 9.82 , 0.72 , -0.32 , 359.39
2024-01-22 16:48:58,490 :- 00008: 104 , 20.00 , -0.10 || 1705922338, 17.601636274083 , 78.126609573856, 0.01 , 0.01 ,24.78 , 9.72 , 0.71 , -0.35 , 359.38
2024-01-22 16:48:58,520 :- 00009: 107 , 20.00 , -0.10 || 1705922338, 17.601636274083 , 78.126609573856, 0.01 , 0.01 ,24.81 , 9.62 , 0.70 , -0.35 , 359.38
2024-01-22 16:48:58,550 :- 00010: 110 , 20.00 , -0.10 || 1705922338, 17.601642498926 , 78.126609502058, 0.01 , 0.01 ,24.81 , 9.94 , 0.69 , -0.35 , 359.37
2024-01-22 16:48:58,580 :- 00011: 113 , 20.00 , -0.10 || 1705922338, 17.601642498926 , 78.126609502058, 0.01 , 0.01 ,24.81 , 10.05 , 0.69 , -0.36 , 359.36
2024-01-22 16:48:58,610 :- 00012: 116 , 20.00 , -0.10 || 1705922338, 17.601642498926 , 78.126609502058, 0.01 , 0.01 ,24.81 , 9.97 , 0.68 , -0.37 , 359.35
2024-01-22 16:48:58,640 :- 00013: 119 , 20.00 , -0.10 || 1705922338, 17.601648732600 , 78.126609434537, 0.01 , 0.01 ,24.84 , 9.94 , 0.69 , -0.37 , 359.35
2024-01-22 16:48:58,670 :- 00014: 122 , 20.00 , -0.10 || 1705922338, 17.601648732600 , 78.126609434537, 0.01 , 0.01 ,24.84 , 9.98 , 0.70 , -0.35 , 359.34
2024-01-22 16:48:58,700 :- 00015: 125 , 20.00 , -0.10 || 1705922338, 17.601648732600 , 78.126609434537, 0.01 , 0.01 ,24.84 , 10.04 , 0.69 , -0.35 , 359.34
2024-01-22 16:48:58,730 :- 00016: 128 , 20.00 , -0.10 || 1705922338, 17.601654963819 , 78.126609345286, 0.01 , 0.01 ,24.83 , 9.98 , 0.67 , -0.34 , 359.33
2024-01-22 16:48:58,760 :- 00017: 131 , 20.00 , -0.20 || 1705922338, 17.601654963819 , 78.126609345286, 0.01 , 0.01 ,24.83 , 9.87 , 0.66 , -0.32 , 359.33
2024-01-22 16:48:58,790 :- 00018: 134 , 20.00 , -0.20 || 1705922338, 17.601654963819 , 78.126609345286, 0.01 , 0.01 ,24.83 , 9.61 , 0.65 , -0.28 , 359.32
2024-01-22 16:48:58,820 :- 00019: 137 , 20.00 , -0.20 || 1705922338, 17.601654963819 , 78.126609345286, 0.01 , 0.01 ,24.86 , 10.00 , 0.64 , -0.28 , 359.31
2024-01-22 16:48:58,850 :- 00020: 140 , 20.00 , -0.20 || 1705922338, 17.601661202272 , 78.126609244820, 0.01 , 0.01 ,24.86 , 9.79 , 0.62 , -0.22 , 359.30
2024-01-22 16:48:58,880 :- 00021: 143 , 20.00 , -0.20 || 1705922338, 17.601661202272 , 78.126609244820, 0.01 , 0.01 ,24.86 , 9.56 , 0.62 , -0.21 , 359.29
2024-01-22 16:48:58,910 :- 00022: 146 , 20.00 , -0.20 || 1705922338, 17.601661202272 , 78.126609244820, 0.01 , 0.01 ,24.86 , 9.65 , 0.61 , -0.20 , 359.28
2024-01-22 16:48:58,941 :- 00023: 149 , 20.00 , -0.20 || 1705922338, 17.601667433047 , 78.126609152593, 0.01 , 0.01 ,24.83 , 9.61 , 0.61 , -0.17 , 359.28
2024-01-22 16:48:58,970 :- 00024: 152 , 20.00 , -0.20 || 1705922338, 17.601667433047 , 78.126609152593, 0.01 , 0.01 ,24.83 , 9.88 , 0.62 , -0.14 , 359.27
2024-01-22 16:48:59,000 :- 00025: 155 , 20.00 , -0.20 || 1705922338, 17.601667433047 , 78.126609152593, 0.01 , 0.01 ,24.83 , 9.80 , 0.62 , -0.12 , 359.27
2024-01-22 16:48:59,030 :- 00026: 158 , 20.00 , -0.20 || 1705922339, 17.601667433047 , 78.126609152593, 0.01 , 0.01 ,24.80 , 9.54 , 0.62 , -0.12 , 359.27
2024-01-22 16:48:59,060 :- 00027: 161 , 20.00 , -0.20 || 1705922339, 17.601673657205 , 78.126609067776, 0.01 , 0.01 ,24.80 , 9.80 , 0.62 , -0.08 , 359.27
2024-01-22 16:48:59,090 :- 00028: 164 , 20.00 , -0.20 || 1705922339, 17.601673657205 , 78.126609067776, 0.01 , 0.01 ,24.80 , 9.43 , 0.62 , -0.07 , 359.26
2024-01-22 16:48:59,120 :- 00029: 167 , 20.00 , -0.20 || 1705922339, 17.601673657205 , 78.126609067776, 0.01 , 0.01 ,24.74 , 9.57 , 0.62 , -0.08 , 359.26
2024-01-22 16:48:59,150 :- 00030: 170 , 20.00 , -0.20 || 1705922339, 17.601679865371 , 78.126608982867, 0.01 , 0.01 ,24.74 , 9.93 , 0.63 , -0.06 , 359.27
2024-01-22 16:48:59,180 :- 00031: 173 , 20.00 , -0.60 || 1705922339, 17.601679865371 , 78.126608982867, 0.01 , 0.01 ,24.74 , 9.77 , 0.64 , -0.06 , 359.27
2024-01-22 16:48:59,212 :- 00032: 176 , 20.00 , -0.80 || 1705922339, 17.601679865371 , 78.126608982867, 0.01 , 0.01 ,24.67 , 9.63 , 0.66 , -0.07 , 359.29
2024-01-22 16:48:59,240 :- 00033: 179 , 20.00 , -0.80 || 1705922339, 17.601686056085 , 78.126608889597, 0.01 , 0.01 ,24.67 , 9.73 , 0.65 , -0.07 , 359.30
2024-01-22 16:48:59,270 :- 00034: 182 , 20.00 , -0.80 || 1705922339, 17.601686056085 , 78.126608889597, 0.01 , 0.01 ,24.67 , 9.77 , 0.65 , -0.11 , 359.31
2024-01-22 16:48:59,300 :- 00035: 185 , 20.00 , -0.20 || 1705922339, 17.601686056085 , 78.126608889597, 0.01 , 0.01 ,24.67 , 9.58 , 0.65 , -0.12 , 359.32
2024-01-22 16:48:59,330 :- 00036: 188 , 20.00 , -0.20 || 1705922339, 17.601692239005 , 78.126608801730, 0.01 , 0.01 ,24.64 , 9.94 , 0.64 , -0.15 , 359.34
2024-01-22 16:48:59,360 :- 00037: 191 , 20.00 , -0.20 || 1705922339, 17.601692239005 , 78.126608801730, 0.01 , 0.01 ,24.64 , 10.07 , 0.64 , -0.17 , 359.36
2024-01-22 16:48:59,390 :- 00038: 194 , 20.00 , -0.20 || 1705922339, 17.601692239005 , 78.126608801730, 0.01 , 0.01 ,24.64 , 9.35 , 0.62 , -0.20 , 359.40
2024-01-22 16:48:59,420 :- 00039: 197 , 20.00 , -0.20 || 1705922339, 17.601692239005 , 78.126608801730, 0.01 , 0.01 ,24.53 , 10.01 , 0.59 , -0.22 , 359.42
2024-01-22 16:48:59,450 :- 00040: 200 , 20.00 , -0.20 || 1705922339, 17.601698394695 , 78.126608722642, 0.01 , 0.01 ,24.53 , 10.21 , 0.57 , -0.23 , 359.50
2024-01-22 16:48:59,480 :- 00041: 203 , 20.00 , -0.20 || 1705922339, 17.601698394695 , 78.126608722642, 0.01 , 0.01 ,24.53 , 9.65 , 0.57 , -0.26 , 359.54
2024-01-22 16:48:59,510 :- 00042: 206 , 20.00 , -0.20 || 1705922339, 17.601698394695 , 78.126608722642, 0.01 , 0.01 ,24.53 , 10.21 , 0.61 , -0.28 , 359.62
2024-01-22 16:48:59,540 :- 00043: 209 , 20.00 , -0.20 || 1705922339, 17.601704549977 , 78.126608643079, 0.01 , 0.01 ,24.53 , 9.77 , 0.64 , -0.27 , 359.65
2024-01-22 16:48:59,570 :- 00044: 212 , 20.00 , -0.20 || 1705922339, 17.601704549977 , 78.126608643079, 0.01 , 0.01 ,24.53 , 9.96 , 0.72 , -0.31 , 359.69
2024-01-22 16:48:59,600 :- 00045: 215 , 20.00 , -0.20 || 1705922339, 17.601704549977 , 78.126608643079, 0.01 , 0.01 ,24.53 , 10.24 , 0.76 , -0.30 , 359.69
2024-01-22 16:48:59,630 :- 00046: 218 , 20.00 , -0.20 || 1705922339, 17.601710705977 , 78.126608651058, 0.01 , 0.01 ,24.53 , 9.83 , 0.81 , -0.30 , 359.67
2024-01-22 16:48:59,660 :- 00047: 221 , 20.00 , -0.20 || 1705922339, 17.601710705977 , 78.126608651058, 0.01 , 0.01 ,24.53 , 10.07 , 0.82 , -0.32 , 359.65
2024-01-22 16:48:59,690 :- 00048: 224 , 20.00 , -0.60 || 1705922339, 17.601710705977 , 78.126608651058, 0.01 , 0.01 ,24.53 , 9.99 , 0.83 , -0.28 , 359.61
2024-01-22 16:48:59,720 :- 00049: 227 , 20.00 , -0.70 || 1705922339, 17.601710705977 , 78.126608651058, 0.01 , 0.01 ,24.53 , 9.80 , 0.83 , -0.27 , 359.60
2024-01-22 16:48:59,750 :- 00050: 230 , 20.00 , -0.70 || 1705922339, 17.601716861393 , 78.126608635173, 0.01 , 0.01 ,24.53 , 9.86 , 0.82 , -0.25 , 359.59
2024-01-22 16:48:59,780 :- 00051: 233 , 20.00 , -0.70 || 1705922339, 17.601716861393 , 78.126608635173, 0.01 , 0.01 ,24.53 , 9.86 , 0.82 , -0.23 , 359.60
2024-01-22 16:48:59,810 :- 00052: 236 , 20.00 , -0.10 || 1705922339, 17.601716861393 , 78.126608635173, 0.01 , 0.01 ,24.53 , 9.67 , 0.81 , -0.21 , 359.62
2024-01-22 16:48:59,840 :- 00053: 239 , 20.00 , -0.10 || 1705922339, 17.601723002338 , 78.126608566028, 0.01 , 0.01 ,24.53 , 9.87 , 0.81 , -0.18 , 359.64
2024-01-22 16:48:59,870 :- 00054: 242 , 20.00 , -0.10 || 1705922339, 17.601723002338 , 78.126608566028, 0.01 , 0.01 ,24.53 , 9.53 , 0.77 , -0.16 , 359.67
2024-01-22 16:48:59,900 :- 00055: 245 , 20.00 , -0.10 || 1705922339, 17.601723002338 , 78.126608566028, 0.01 , 0.01 ,24.53 , 9.66 , 0.73 , -0.15 , 359.69
2024-01-22 16:48:59,930 :- 00056: 248 , 20.00 , -0.10 || 1705922339, 17.601729137340 , 78.126608486821, 0.01 , 0.01 ,24.45 , 10.07 , 0.65 , -0.12 , 359.75
2024-01-22 16:48:59,960 :- 00057: 251 , 20.00 , -0.10 || 1705922339, 17.601729137340 , 78.126608486821, 0.01 , 0.01 ,24.45 , 9.31 , 0.62 , -0.12 , 359.78
2024-01-22 16:48:59,990 :- 00058: 254 , 20.00 , -0.10 || 1705922339, 17.601729137340 , 78.126608486821, 0.01 , 0.01 ,24.45 , 9.82 , 0.56 , -0.11 , 359.85
2024-01-22 16:49:00,020 :- 00059: 001 , 20.00 , -0.10 || 1705922340, 17.601729137340 , 78.126608486821, 0.01 , 0.01 ,24.45 , 9.35 , 0.55 , -0.10 , 359.89
2024-01-22 16:49:00,050 :- 00060: 004 , 20.00 , -0.10 || 1705922340, 17.601735258629 , 78.126608417739, 0.01 , 0.01 ,24.39 , 9.48 , 0.56 , -0.11 , 359.94
2024-01-22 16:49:00,080 :- 00061: 007 , 20.00 , -0.10 || 1705922340, 17.601735258629 , 78.126608417739, 0.01 , 0.01 ,24.39 , 10.00 , 0.58 , -0.10 , 359.96
2024-01-22 16:49:00,110 :- 00062: 010 , 20.00 , -0.20 || 1705922340, 17.601735258629 , 78.126608417739, 0.01 , 0.01 ,24.39 , 9.76 , 0.61 , -0.12 , 359.96
2024-01-22 16:49:00,140 :- 00063: 013 , 20.00 , -0.20 || 1705922340, 17.601741349570 , 78.126608412758, 0.01 , 0.01 ,24.27 , 9.71 , 0.62 , -0.14 , 359.94
2024-01-22 16:49:00,170 :- 00064: 016 , 20.00 , -0.20 || 1705922340, 17.601741349570 , 78.126608412758, 0.01 , 0.01 ,24.27 , 9.91 , 0.62 , -0.15 , 359.89
2024-01-22 16:49:00,200 :- 00065: 019 , 20.00 , -0.20 || 1705922340, 17.601741349570 , 78.126608412758, 0.01 , 0.01 ,24.27 , 9.94 , 0.61 , -0.16 , 359.86
2024-01-22 16:49:00,230 :- 00066: 022 , 20.00 , -0.20 || 1705922340, 17.601747435879 , 78.126608422270, 0.01 , 0.01 ,24.25 , 9.71 , 0.58 , -0.19 , 359.82
2024-01-22 16:49:00,260 :- 00067: 025 , 20.00 , -0.20 || 1705922340, 17.601747435879 , 78.126608422270, 0.01 , 0.01 ,24.25 , 10.11 , 0.58 , -0.19 , 359.81
2024-01-22 16:49:00,290 :- 00068: 028 , 20.00 , -0.20 || 1705922340, 17.601747435879 , 78.126608422270, 0.01 , 0.01 ,24.25 , 9.77 , 0.61 , -0.21 , 359.81
2024-01-22 16:49:00,320 :- 00069: 031 , 20.00 , -0.00 || 1705922340, 17.601747435879 , 78.126608422270, 0.01 , 0.01 ,24.19 , 10.06 , 0.62 , -0.21 , 359.81
2024-01-22 16:49:00,350 :- 00070: 034 , 20.00 , -0.00 || 1705922340, 17.601753507593 , 78.126608395275, 0.01 , 0.01 ,24.19 , 9.95 , 0.63 , -0.22 , 359.83
2024-01-22 16:49:00,380 :- 00071: 037 , 20.00 , -0.00 || 1705922340, 17.601753507593 , 78.126608395275, 0.01 , 0.01 ,24.19 , 9.69 , 0.64 , -0.23 , 359.84
2024-01-22 16:49:00,410 :- 00072: 040 , 20.00 , -0.00 || 1705922340, 17.601753507593 , 78.126608395275, 0.01 , 0.01 ,24.19 , 9.87 , 0.65 , -0.24 , 359.86
2024-01-22 16:49:00,440 :- 00073: 043 , 20.00 , -0.00 || 1705922340, 17.601759561276 , 78.126608364673, 0.01 , 0.01 ,24.12 , 9.89 , 0.65 , -0.24 , 359.87
2024-01-22 16:49:00,470 :- 00074: 046 , 20.00 , -0.00 || 1705922340, 17.601759561276 , 78.126608364673, 0.01 , 0.01 ,24.12 , 10.06 , 0.64 , -0.25 , 359.87
2024-01-22 16:49:00,500 :- 00075: 049 , 20.00 , -0.00 || 1705922340, 17.601759561276 , 78.126608364673, 0.01 , 0.01 ,24.12 , 9.78 , 0.64 , -0.24 , 359.87
2024-01-22 16:49:00,530 :- 00076: 052 , 20.00 , -0.00 || 1705922340, 17.601765623413 , 78.126608344994, 0.01 , 0.01 ,24.16 , 9.89 , 0.63 , -0.24 , 359.87
2024-01-22 16:49:00,560 :- 00077: 055 , 20.00 , -0.00 || 1705922340, 17.601765623413 , 78.126608344994, 0.01 , 0.01 ,24.16 , 9.69 , 0.64 , -0.22 , 359.88
2024-01-22 16:49:00,590 :- 00078: 058 , 20.00 , -0.00 || 1705922340, 17.601765623413 , 78.126608344994, 0.01 , 0.01 ,24.16 , 9.90 , 0.67 , -0.21 , 359.88
2024-01-22 16:49:00,620 :- 00079: 061 , 20.00 , -0.10 || 1705922340, 17.601765623413 , 78.126608344994, 0.01 , 0.01 ,24.06 , 9.88 , 0.69 , -0.20 , 359.88
2024-01-22 16:49:00,650 :- 00080: 064 , 20.00 , -0.10 || 1705922340, 17.601771661589 , 78.126608330778, 0.01 , 0.01 ,24.06 , 9.60 , 0.73 , -0.16 , 359.88
2024-01-22 16:49:00,680 :- 00081: 067 , 20.00 , -0.10 || 1705922340, 17.601771661589 , 78.126608330778, 0.01 , 0.01 ,24.06 , 9.86 , 0.75 , -0.18 , 359.88
2024-01-22 16:49:00,710 :- 00082: 070 , 20.00 , -0.10 || 1705922340, 17.601771661589 , 78.126608330778, 0.01 , 0.01 ,24.06 , 9.95 , 0.80 , -0.15 , 359.87
2024-01-22 16:49:00,740 :- 00083: 073 , 20.00 , 00.10 || 1705922340, 17.601777696479 , 78.126608355773, 0.01 , 0.01 ,24.05 , 10.04 , 0.84 , -0.14 , 359.86
2024-01-22 16:49:00,770 :- 00084: 076 , 20.00 , 00.10 || 1705922340, 17.601777696479 , 78.126608355773, 0.01 , 0.01 ,24.05 , 9.31 , 0.88 , -0.16 , 359.84
2024-01-22 16:49:00,800 :- 00085: 079 , 20.00 , 00.10 || 1705922340, 17.601777696479 , 78.126608355773, 0.01 , 0.01 ,24.05 , 9.60 , 0.90 , -0.16 , 359.83
2024-01-22 16:49:00,830 :- 00086: 082 , 20.00 , 00.20 || 1705922340, 17.601783718166 , 78.126608372564, 0.01 , 0.01 ,23.99 , 9.81 , 0.93 , -0.14 , 359.81
2024-01-22 16:49:00,860 :- 00087: 085 , 20.00 , 00.20 || 1705922340, 17.601783718166 , 78.126608372564, 0.01 , 0.01 ,23.99 , 9.62 , 0.96 , -0.16 , 359.80
2024-01-22 16:49:00,890 :- 00088: 088 , 20.00 , 00.20 || 1705922340, 17.601783718166 , 78.126608372564, 0.01 , 0.01 ,23.99 , 9.87 , 1.05 , -0.19 , 359.80
2024-01-22 16:49:00,920 :- 00089: 091 , 20.00 , 00.20 || 1705922340, 17.601783718166 , 78.126608372564, 0.01 , 0.01 ,23.84 , 9.50 , 1.08 , -0.18 , 359.79
2024-01-22 16:49:00,950 :- 00090: 094 , 20.00 , 00.20 || 1705922340, 17.601789701201 , 78.126608374496, 0.01 , 0.01 ,23.84 , 9.84 , 1.13 , -0.22 , 359.76
2024-01-22 16:49:00,980 :- 00091: 097 , 20.00 , 00.20 || 1705922340, 17.601789701201 , 78.126608374496, 0.01 , 0.01 ,23.84 , 9.68 , 1.14 , -0.23 , 359.74
2024-01-22 16:49:01,010 :- 00092: 100 , 20.00 , 00.20 || 1705922341, 17.601789701201 , 78.126608374496, 0.01 , 0.01 ,23.84 , 9.62 , 1.16 , -0.28 , 359.71
2024-01-22 16:49:01,040 :- 00093: 103 , 20.00 , 00.20 || 1705922341, 17.601795678919 , 78.126608389533, 0.01 , 0.01 ,23.82 , 10.34 , 1.17 , -0.27 , 359.69
2024-01-22 16:49:01,070 :- 00094: 106 , 20.00 , 00.20 || 1705922341, 17.601795678919 , 78.126608389533, 0.01 , 0.01 ,23.82 , 9.86 , 1.21 , -0.27 , 359.65
2024-01-22 16:49:01,100 :- 00095: 109 , 20.00 , 00.20 || 1705922341, 17.601795678919 , 78.126608389533, 0.01 , 0.01 ,23.82 , 9.94 , 1.24 , -0.28 , 359.63
2024-01-22 16:49:01,130 :- 00096: 112 , 20.00 , 00.20 || 1705922341, 17.601801645744 , 78.126608365644, 0.01 , 0.01 ,23.78 , 10.34 , 1.24 , -0.26 , 359.60
2024-01-22 16:49:01,160 :- 00097: 115 , 20.00 , 00.70 || 1705922341, 17.601801645744 , 78.126608365644, 0.01 , 0.01 ,23.78 , 9.50 , 1.23 , -0.25 , 359.59
2024-01-22 16:49:01,190 :- 00098: 118 , 20.00 , 00.70 || 1705922341, 17.601801645744 , 78.126608365644, 0.01 , 0.01 ,23.78 , 9.89 , 1.18 , -0.30 , 359.57
2024-01-22 16:49:01,220 :- 00099: 121 , 20.00 , 00.70 || 1705922341, 17.601801645744 , 78.126608365644, 0.01 , 0.01 ,23.72 , 10.00 , 1.15 , -0.28 , 359.56
2024-01-22 16:49:01,250 :- 00100: 124 , 20.00 , 00.20 || 1705922341, 17.601807597875 , 78.126608294153, 0.01 , 0.01 ,23.72 , 9.78 , 1.08 , -0.31 , 359.52
2024-01-22 16:49:01,280 :- 00101: 127 , 20.00 , 00.20 || 1705922341, 17.601807597875 , 78.126608294153, 0.01 , 0.01 ,23.72 , 9.71 , 1.06 , -0.30 , 359.50
2024-01-22 16:49:01,310 :- 00102: 130 , 20.00 , 00.20 || 1705922341, 17.601807597875 , 78.126608294153, 0.01 , 0.01 ,23.72 , 9.86 , 1.01 , -0.30 , 359.47
2024-01-22 16:49:01,340 :- 00103: 133 , 20.00 , 00.20 || 1705922341, 17.601813544222 , 78.126608186129, 0.01 , 0.01 ,23.70 , 10.11 , 1.00 , -0.30 , 359.44
2024-01-22 16:49:01,370 :- 00104: 136 , 20.00 , 00.20 || 1705922341, 17.601813544222 , 78.126608186129, 0.01 , 0.01 ,23.70 , 9.68 , 1.02 , -0.25 , 359.39
2024-01-22 16:49:01,400 :- 00105: 139 , 20.00 , 00.20 || 1705922341, 17.601813544222 , 78.126608186129, 0.01 , 0.01 ,23.70 , 9.15 , 1.03 , -0.26 , 359.36
2024-01-22 16:49:01,430 :- 00106: 142 , 20.00 , 00.20 || 1705922341, 17.601819534753 , 78.126607900949, 0.01 , 0.01 ,23.68 , 9.34 , 1.05 , -0.23 , 359.29
2024-01-22 16:49:01,460 :- 00107: 145 , 20.00 , 00.10 || 1705922341, 17.601819534753 , 78.126607900949, 0.01 , 0.01 ,23.68 , 10.44 , 1.05 , -0.21 , 359.26
2024-01-22 16:49:01,490 :- 00108: 148 , 20.00 , 00.10 || 1705922341, 17.601819534753 , 78.126607900949, 0.01 , 0.01 ,23.68 , 9.89 , 1.04 , -0.18 , 359.19
2024-01-22 16:49:01,520 :- 00109: 151 , 20.00 , 00.10 || 1705922341, 17.601819534753 , 78.126607900949, 0.01 , 0.01 ,23.70 , 9.91 , 1.01 , -0.14 , 359.17
2024-01-22 16:49:01,550 :- 00110: 154 , 20.00 , 00.00 || 1705922341, 17.601825482960 , 78.126607826586, 0.01 , 0.01 ,23.70 , 10.61 , 0.99 , -0.06 , 359.14
2024-01-22 16:49:01,580 :- 00111: 157 , 20.00 , 00.00 || 1705922341, 17.601825482960 , 78.126607826586, 0.01 , 0.01 ,23.70 , 10.02 , 0.98 , -0.04 , 359.13
2024-01-22 16:49:01,610 :- 00112: 160 , 20.00 , 00.00 || 1705922341, 17.601825482960 , 78.126607826586, 0.01 , 0.01 ,23.70 , 9.41 , 1.04 , 0.05 , 359.14
2024-01-22 16:49:01,640 :- 00113: 163 , 20.00 , 00.00 || 1705922341, 17.601831429092 , 78.126607729364, 0.01 , 0.01 ,23.70 , 9.09 , 1.06 , 0.10 , 359.14
2024-01-22 16:49:01,670 :- 00114: 166 , 20.00 , 00.10 || 1705922341, 17.601831429092 , 78.126607729364, 0.01 , 0.01 ,23.70 , 9.70 , 1.16 , 0.13 , 359.15
2024-01-22 16:49:01,700 :- 00115: 169 , 20.00 , 00.10 || 1705922341, 17.601831429092 , 78.126607729364, 0.01 , 0.01 ,23.70 , 9.51 , 1.21 , 0.13 , 359.16
2024-01-22 16:49:01,730 :- 00116: 172 , 20.00 , 00.10 || 1705922341, 17.601837340267 , 78.126607664513, 0.01 , 0.01 ,23.56 , 9.54 , 1.27 , 0.15 , 359.14
2024-01-22 16:49:01,760 :- 00117: 175 , 20.00 , 00.10 || 1705922341, 17.601837340267 , 78.126607664513, 0.01 , 0.01 ,23.56 , 9.58 , 1.30 , 0.10 , 359.13
2024-01-22 16:49:01,790 :- 00118: 178 , 20.00 , 00.10 || 1705922341, 17.601837340267 , 78.126607664513, 0.01 , 0.01 ,23.56 , 9.24 , 1.34 , 0.08 , 359.12
2024-01-22 16:49:01,820 :- 00119: 181 , 20.00 , 00.10 || 1705922341, 17.601837340267 , 78.126607664513, 0.01 , 0.01 ,23.33 , 9.94 , 1.33 , 0.05 , 359.11
2024-01-22 16:49:01,850 :- 00120: 184 , 20.00 , 00.10 || 1705922341, 17.601843195943 , 78.126607623825, 0.01 , 0.01 ,23.33 , 9.47 , 1.32 , -0.00 , 359.09
2024-01-22 16:49:01,880 :- 00121: 187 , 20.00 , 00.10 || 1705922341, 17.601843195943 , 78.126607623825, 0.01 , 0.01 ,23.33 , 8.64 , 1.30 , -0.05 , 359.08
2024-01-22 16:49:01,910 :- 00122: 190 , 20.00 , 00.10 || 1705922341, 17.601843195943 , 78.126607623825, 0.01 , 0.01 ,23.33 , 10.26 , 1.25 , -0.08 , 359.08
2024-01-22 16:49:01,940 :- 00123: 193 , 20.00 , 00.10 || 1705922341, 17.601849052645 , 78.126607514384, 0.01 , 0.01 ,23.34 , 10.25 , 1.24 , -0.05 , 359.08
2024-01-22 16:49:01,970 :- 00124: 196 , 20.00 , 00.10 || 1705922341, 17.601849052645 , 78.126607514384, 0.01 , 0.01 ,23.34 , 9.50 , 1.26 , -0.11 , 359.07
2024-01-22 16:49:02,000 :- 00125: 199 , 20.00 , 00.10 || 1705922341, 17.601849052645 , 78.126607514384, 0.01 , 0.01 ,23.34 , 9.89 , 1.27 , -0.12 , 359.07
2024-01-22 16:49:02,031 :- 00126: 202 , 20.00 , 00.10 || 1705922342, 17.601854933224 , 78.126607381312, 0.01 , 0.01 ,23.44 , 10.90 , 1.30 , -0.04 , 359.06
2024-01-22 16:49:02,060 :- 00127: 205 , 20.00 , 00.10 || 1705922342, 17.601854933224 , 78.126607381312, 0.01 , 0.01 ,23.44 , 10.77 , 1.33 , -0.05 , 359.05
2024-01-22 16:49:02,090 :- 00128: 208 , 20.00 , 00.10 || 1705922342, 17.601854933224 , 78.126607381312, 0.01 , 0.01 ,23.44 , 10.25 , 1.36 , -0.00 , 359.03
2024-01-22 16:49:02,120 :- 00129: 211 , 20.00 , 00.10 || 1705922342, 17.601854933224 , 78.126607381312, 0.01 , 0.01 ,23.48 , 10.81 , 1.39 , 0.07 , 359.02
2024-01-22 16:49:02,150 :- 00130: 214 , 20.00 , 00.10 || 1705922342, 17.601860826116 , 78.126607327548, 0.01 , 0.01 ,23.48 , 9.47 , 1.47 , 0.13 , 358.99
2024-01-22 16:49:02,180 :- 00131: 217 , 20.00 , 00.10 || 1705922342, 17.601860826116 , 78.126607327548, 0.01 , 0.01 ,23.48 , 9.80 , 1.49 , 0.16 , 358.99
2024-01-22 16:49:02,209 :- 00132: 220 , 20.00 , 00.10 || 1705922342, 17.601860826116 , 78.126607327548, 0.01 , 0.01 ,23.48 , 9.58 , 1.55 , 0.27 , 358.98
2024-01-22 16:49:02,240 :- 00133: 223 , 20.00 , 00.10 || 1705922342, 17.601866726389 , 78.126607285018, 0.01 , 0.01 ,23.51 , 8.79 , 1.57 , 0.28 , 358.98
2024-01-22 16:49:02,270 :- 00134: 226 , 20.00 , 00.20 || 1705922342, 17.601866726389 , 78.126607285018, 0.01 , 0.01 ,23.51 , 9.18 , 1.60 , 0.32 , 358.99
2024-01-22 16:49:02,300 :- 00135: 229 , 20.00 , 00.20 || 1705922342, 17.601866726389 , 78.126607285018, 0.01 , 0.01 ,23.51 , 9.07 , 1.58 , 0.33 , 359.00
2024-01-22 16:49:02,330 :- 00136: 232 , 20.00 , 00.20 || 1705922342, 17.601872585998 , 78.126607184043, 0.01 , 0.01 ,23.35 , 9.01 , 1.56 , 0.34 , 359.00
2024-01-22 16:49:02,360 :- 00137: 235 , 20.00 , 00.20 || 1705922342, 17.601872585998 , 78.126607184043, 0.01 , 0.01 ,23.35 , 9.84 , 1.54 , 0.32 , 359.00
2024-01-22 16:49:02,390 :- 00138: 238 , 20.00 , 00.20 || 1705922342, 17.601872585998 , 78.126607184043, 0.01 , 0.01 ,23.35 , 9.51 , 1.50 , 0.30 , 358.99
2024-01-22 16:49:02,420 :- 00139: 241 , 20.00 , 00.20 || 1705922342, 17.601872585998 , 78.126607184043, 0.01 , 0.01 ,23.18 , 9.63 , 1.47 , 0.27 , 358.98
2024-01-22 16:49:02,450 :- 00140: 244 , 20.00 , 00.20 || 1705922342, 17.601878401494 , 78.126607046001, 0.01 , 0.01 ,23.18 , 9.97 , 1.43 , 0.24 , 358.96
2024-01-22 16:49:02,480 :- 00141: 247 , 20.00 , 00.20 || 1705922342, 17.601878401494 , 78.126607046001, 0.01 , 0.01 ,23.18 , 9.90 , 1.42 , 0.22 , 358.95
2024-01-22 16:49:02,510 :- 00142: 250 , 20.00 , 00.20 || 1705922342, 17.601878401494 , 78.126607046001, 0.01 , 0.01 ,23.18 , 9.55 , 1.42 , 0.18 , 358.92
2024-01-22 16:49:02,540 :- 00143: 253 , 20.00 , 00.20 || 1705922342, 17.601884209021 , 78.126606905037, 0.01 , 0.01 ,23.15 , 10.13 , 1.42 , 0.16 , 358.91
2024-01-22 16:49:02,570 :- 00144: 000 , 20.00 , 00.20 || 1705922342, 17.601884209021 , 78.126606905037, 0.01 , 0.01 ,23.15 , 10.51 , 1.43 , 0.13 , 358.87
2024-01-22 16:49:02,600 :- 00145: 003 , 20.00 , 00.10 || 1705922342, 17.601884209021 , 78.126606905037, 0.01 , 0.01 ,23.15 , 9.79 , 1.43 , 0.10 , 358.86
2024-01-22 16:49:02,630 :- 00146: 006 , 20.00 , 00.10 || 1705922342, 17.601890024875 , 78.126606791148, 0.01 , 0.01 ,23.18 , 10.09 , 1.45 , 0.08 , 358.82
2024-01-22 16:49:02,660 :- 00147: 009 , 20.00 , 00.10 || 1705922342, 17.601890024875 , 78.126606791148, 0.01 , 0.01 ,23.18 , 10.01 , 1.46 , 0.07 , 358.81
2024-01-22 16:49:02,690 :- 00148: 012 , 20.00 , 00.20 || 1705922342, 17.601890024875 , 78.126606791148, 0.01 , 0.01 ,23.18 , 9.69 , 1.48 , 0.04 , 358.78
2024-01-22 16:49:02,720 :- 00149: 015 , 20.00 , 00.20 || 1705922342, 17.601890024875 , 78.126606791148, 0.01 , 0.01 ,23.11 , 10.02 , 1.50 , 0.04 , 358.76
2024-01-22 16:49:02,750 :- 00150: 018 , 20.00 , 00.20 || 1705922342, 17.601895823694 , 78.126606692068, 0.01 , 0.01 ,23.11 , 9.71 , 1.51 , 0.02 , 358.74
2024-01-22 16:49:02,780 :- 00151: 021 , 20.00 , 00.20 || 1705922342, 17.601895823694 , 78.126606692068, 0.01 , 0.01 ,23.11 , 9.92 , 1.50 , -0.01 , 358.73
2024-01-22 16:49:02,810 :- 00152: 024 , 20.00 , 00.10 || 1705922342, 17.601895823694 , 78.126606692068, 0.01 , 0.01 ,23.11 , 9.82 , 1.49 , -0.00 , 358.71
2024-01-22 16:49:02,840 :- 00153: 027 , 20.00 , 00.10 || 1705922342, 17.601901617019 , 78.126606546247, 0.01 , 0.01 ,23.09 , 9.94 , 1.48 , -0.01 , 358.70
2024-01-22 16:49:02,870 :- 00154: 030 , 20.00 , 00.10 || 1705922342, 17.601901617019 , 78.126606546247, 0.01 , 0.01 ,23.09 , 9.83 , 1.45 , -0.02 , 358.68
2024-01-22 16:49:02,900 :- 00155: 033 , 20.00 , 00.10 || 1705922342, 17.601901617019 , 78.126606546247, 0.01 , 0.01 ,23.09 , 9.98 , 1.44 , -0.01 , 358.66
2024-01-22 16:49:02,930 :- 00156: 036 , 20.00 , 00.10 || 1705922342, 17.601907296621 , 78.126606577478, 0.01 , 0.01 ,23.06 , 9.91 , 1.39 , -0.02 , 358.63
2024-01-22 16:49:02,960 :- 00157: 039 , 20.00 , 00.10 || 1705922342, 17.601907296621 , 78.126606577478, 0.01 , 0.01 ,23.06 , 10.04 , 1.37 , -0.03 , 358.62
2024-01-22 16:49:02,990 :- 00158: 042 , 20.00 , 00.20 || 1705922342, 17.601907296621 , 78.126606577478, 0.01 , 0.01 ,23.06 , 9.49 , 1.35 , -0.03 , 358.59
2024-01-22 16:49:03,020 :- 00159: 045 , 20.00 , 00.20 || 1705922343, 17.601907296621 , 78.126606577478, 0.01 , 0.01 ,23.06 , 9.77 , 1.33 , -0.05 , 358.58
2024-01-22 16:49:03,050 :- 00160: 048 , 20.00 , 00.20 || 1705922343, 17.601913057606 , 78.126606400916, 0.01 , 0.01 ,22.97 , 9.86 , 1.30 , -0.04 , 358.55
2024-01-22 16:49:03,080 :- 00161: 051 , 20.00 , 00.20 || 1705922343, 17.601913057606 , 78.126606400916, 0.01 , 0.01 ,22.97 , 9.92 , 1.30 , -0.05 , 358.54
2024-01-22 16:49:03,110 :- 00162: 054 , 20.00 , 00.20 || 1705922343, 17.601913057606 , 78.126606400916, 0.01 , 0.01 ,22.97 , 9.97 , 1.30 , -0.07 , 358.52
2024-01-22 16:49:03,140 :- 00163: 057 , 20.00 , 00.20 || 1705922343, 17.601918820643 , 78.126606249624, 0.01 , 0.01 ,22.97 , 10.25 , 1.30 , -0.03 , 358.51
2024-01-22 16:49:03,170 :- 00164: 060 , 20.00 , 00.20 || 1705922343, 17.601918820643 , 78.126606249624, 0.01 , 0.01 ,22.97 , 9.59 , 1.29 , -0.04 , 358.49
2024-01-22 16:49:03,200 :- 00165: 063 , 20.00 , 00.00 || 1705922343, 17.601918820643 , 78.126606249624, 0.01 , 0.01 ,22.97 , 9.40 , 1.28 , -0.04 , 358.49
2024-01-22 16:49:03,230 :- 00166: 066 , 20.00 , 00.00 || 1705922343, 17.601924584509 , 78.126606068945, 0.01 , 0.01 ,22.98 , 9.87 , 1.24 , -0.00 , 358.47
2024-01-22 16:49:03,260 :- 00167: 069 , 20.00 , 00.00 || 1705922343, 17.601924584509 , 78.126606068945, 0.01 , 0.01 ,22.98 , 9.65 , 1.24 , -0.01 , 358.46
2024-01-22 16:49:03,290 :- 00168: 072 , 20.00 , 00.00 || 1705922343, 17.601924584509 , 78.126606068945, 0.01 , 0.01 ,22.98 , 9.86 , 1.21 , -0.02 , 358.44
2024-01-22 16:49:03,320 :- 00169: 075 , 20.00 , 00.00 || 1705922343, 17.601924584509 , 78.126606068945, 0.01 , 0.01 ,22.86 , 9.85 , 1.20 , -0.02 , 358.43
2024-01-22 16:49:03,350 :- 00170: 078 , 20.00 , 00.00 || 1705922343, 17.601930318000 , 78.126605897468, 0.01 , 0.01 ,22.86 , 9.67 , 1.19 , -0.04 , 358.41
2024-01-22 16:49:03,380 :- 00171: 081 , 20.00 , 00.00 || 1705922343, 17.601930318000 , 78.126605897468, 0.01 , 0.01 ,22.86 , 10.62 , 1.16 , -0.05 , 358.40
2024-01-22 16:49:03,410 :- 00172: 084 , 20.00 , -0.00 || 1705922343, 17.601930318000 , 78.126605897468, 0.01 , 0.01 ,22.86 , 9.64 , 1.14 , -0.05 , 358.39
2024-01-22 16:49:03,440 :- 00173: 087 , 20.00 , -0.00 || 1705922343, 17.601936037988 , 78.126605702624, 0.01 , 0.01 ,22.80 , 9.73 , 1.13 , -0.07 , 358.39
2024-01-22 16:49:03,470 :- 00174: 090 , 20.00 , -0.00 || 1705922343, 17.601936037988 , 78.126605702624, 0.01 , 0.01 ,22.80 , 9.51 , 1.13 , -0.05 , 358.38
2024-01-22 16:49:03,500 :- 00175: 093 , 20.00 , -0.00 || 1705922343, 17.601936037988 , 78.126605702624, 0.01 , 0.01 ,22.80 , 9.47 , 1.12 , -0.07 , 358.38
2024-01-22 16:49:03,530 :- 00176: 096 , 20.00 , -0.00 || 1705922343, 17.601941761137 , 78.126605525349, 0.01 , 0.01 ,22.81 , 9.62 , 1.11 , -0.10 , 358.37
2024-01-22 16:49:03,560 :- 00177: 099 , 20.00 , -0.00 || 1705922343, 17.601941761137 , 78.126605525349, 0.01 , 0.01 ,22.81 , 9.66 , 1.11 , -0.10 , 358.36
2024-01-22 16:49:03,590 :- 00178: 102 , 20.00 , -0.00 || 1705922343, 17.601941761137 , 78.126605525349, 0.01 , 0.01 ,22.81 , 9.82 , 1.11 , -0.17 , 358.36
2024-01-22 16:49:03,620 :- 00179: 105 , 20.00 , -0.10 || 1705922343, 17.601941761137 , 78.126605525349, 0.01 , 0.01 ,22.63 , 10.14 , 1.12 , -0.15 , 358.36
2024-01-22 16:49:03,650 :- 00180: 108 , 20.00 , -0.10 || 1705922343, 17.601947437871 , 78.126605355206, 0.01 , 0.01 ,22.63 , 9.85 , 1.11 , -0.18 , 358.35
2024-01-22 16:49:03,680 :- 00181: 111 , 20.00 , -0.10 || 1705922343, 17.601947437871 , 78.126605355206, 0.01 , 0.01 ,22.63 , 10.27 , 1.10 , -0.19 , 358.35
2024-01-22 16:49:03,710 :- 00182: 114 , 20.00 , -0.10 || 1705922343, 17.601947437871 , 78.126605355206, 0.01 , 0.01 ,22.63 , 10.29 , 1.06 , -0.17 , 358.35
2024-01-22 16:49:03,740 :- 00183: 117 , 20.00 , -0.10 || 1705922343, 17.601953102044 , 78.126605163435, 0.01 , 0.01 ,22.58 , 9.90 , 1.04 , -0.18 , 358.35
2024-01-22 16:49:03,770 :- 00184: 120 , 20.00 , -0.10 || 1705922343, 17.601953102044 , 78.126605163435, 0.01 , 0.01 ,22.58 , 9.99 , 0.98 , -0.15 , 358.35
2024-01-22 16:49:03,800 :- 00185: 123 , 20.00 , -0.10 || 1705922343, 17.601953102044 , 78.126605163435, 0.01 , 0.01 ,22.58 , 9.90 , 0.96 , -0.14 , 358.35
2024-01-22 16:49:03,830 :- 00186: 126 , 20.00 , -0.20 || 1705922343, 17.601958792715 , 78.126604962147, 0.01 , 0.01 ,22.69 , 9.74 , 0.92 , -0.13 , 358.35
2024-01-22 16:49:03,860 :- 00187: 129 , 20.00 , -0.20 || 1705922343, 17.601958792715 , 78.126604962147, 0.01 , 0.01 ,22.69 , 9.75 , 0.91 , -0.11 , 358.34
2024-01-22 16:49:03,890 :- 00188: 132 , 20.00 , -0.20 || 1705922343, 17.601958792715 , 78.126604962147, 0.01 , 0.01 ,22.69 , 9.69 , 0.89 , -0.11 , 358.34
2024-01-22 16:49:03,920 :- 00189: 135 , 20.00 , -0.50 || 1705922343, 17.601958792715 , 78.126604962147, 0.01 , 0.01 ,22.58 , 9.76 , 0.88 , -0.12 , 358.34
2024-01-22 16:49:03,950 :- 00190: 138 , 20.00 , -0.90 || 1705922343, 17.601964455163 , 78.126604766114, 0.01 , 0.01 ,22.58 , 9.80 , 0.86 , -0.11 , 358.34
2024-01-22 16:49:03,980 :- 00191: 141 , 20.00 , -0.90 || 1705922343, 17.601964455163 , 78.126604766114, 0.01 , 0.01 ,22.58 , 9.53 , 0.86 , -0.13 , 358.34
2024-01-22 16:49:04,010 :- 00192: 144 , 20.00 , -0.90 || 1705922344, 17.601964455163 , 78.126604766114, 0.01 , 0.01 ,22.58 , 9.46 , 0.82 , -0.16 , 358.35
2024-01-22 16:49:04,040 :- 00193: 147 , 20.00 , -0.20 || 1705922344, 17.601970090070 , 78.126604574568, 0.01 , 0.01 ,22.46 , 9.84 , 0.81 , -0.17 , 358.36
2024-01-22 16:49:04,070 :- 00194: 150 , 20.00 , -0.20 || 1705922344, 17.601970090070 , 78.126604574568, 0.01 , 0.01 ,22.46 , 9.72 , 0.80 , -0.19 , 358.37
2024-01-22 16:49:04,100 :- 00195: 153 , 20.00 , -0.20 || 1705922344, 17.601970090070 , 78.126604574568, 0.01 , 0.01 ,22.46 , 9.91 , 0.78 , -0.22 , 358.38
2024-01-22 16:49:04,129 :- 00196: 156 , 20.00 , -0.60 || 1705922344, 17.601975693387 , 78.126604385710, 0.01 , 0.01 ,22.34 , 9.60 , 0.70 , -0.25 , 358.41
2024-01-22 16:49:04,160 :- 00197: 159 , 20.00 , -0.90 || 1705922344, 17.601975693387 , 78.126604385710, 0.01 , 0.01 ,22.34 , 10.03 , 0.67 , -0.25 , 358.44
2024-01-22 16:49:04,190 :- 00198: 162 , 20.00 , -0.90 || 1705922344, 17.601975693387 , 78.126604385710, 0.01 , 0.01 ,22.34 , 9.81 , 0.64 , -0.28 , 358.52
2024-01-22 16:49:04,220 :- 00199: 165 , 20.00 , -0.90 || 1705922344, 17.601975693387 , 78.126604385710, 0.01 , 0.01 ,22.27 , 9.68 , 0.63 , -0.31 , 358.57
2024-01-22 16:49:04,250 :- 00200: 168 , 20.00 , -1.00 || 1705922344, 17.601981278146 , 78.126604183641, 0.01 , 0.01 ,22.27 , 10.10 , 0.59 , -0.31 , 358.68
2024-01-22 16:49:04,280 :- 00201: 171 , 20.00 , -1.00 || 1705922344, 17.601981278146 , 78.126604183641, 0.01 , 0.01 ,22.27 , 10.14 , 0.58 , -0.29 , 358.73
2024-01-22 16:49:04,310 :- 00202: 174 , 20.00 , -1.00 || 1705922344, 17.601981278146 , 78.126604183641, 0.01 , 0.01 ,22.27 , 10.48 , 0.56 , -0.31 , 358.82
2024-01-22 16:49:04,340 :- 00203: 177 , 20.00 , -0.70 || 1705922344, 17.601986881887 , 78.126604022120, 0.01 , 0.01 ,22.34 , 9.86 , 0.56 , -0.30 , 358.86
2024-01-22 16:49:04,370 :- 00204: 180 , 20.00 , -0.20 || 1705922344, 17.601986881887 , 78.126604022120, 0.01 , 0.01 ,22.34 , 9.86 , 0.58 , -0.25 , 358.92
2024-01-22 16:49:04,400 :- 00205: 183 , 20.00 , -0.20 || 1705922344, 17.601986881887 , 78.126604022120, 0.01 , 0.01 ,22.34 , 10.39 , 0.57 , -0.26 , 358.95
2024-01-22 16:49:04,430 :- 00206: 186 , 20.00 , -0.20 || 1705922344, 17.601992469876 , 78.126603906951, 0.01 , 0.01 ,22.27 , 9.75 , 0.58 , -0.21 , 359.01
2024-01-22 16:49:04,460 :- 00207: 189 , 20.00 , -0.20 || 1705922344, 17.601992469876 , 78.126603906951, 0.01 , 0.01 ,22.27 , 9.43 , 0.58 , -0.19 , 359.04
2024-01-22 16:49:04,490 :- 00208: 192 , 20.00 , -0.20 || 1705922344, 17.601992469876 , 78.126603906951, 0.01 , 0.01 ,22.27 , 9.55 , 0.58 , -0.16 , 359.11
2024-01-22 16:49:04,520 :- 00209: 195 , 20.00 , -0.20 || 1705922344, 17.601992469876 , 78.126603906951, 0.01 , 0.01 ,22.28 , 9.96 , 0.59 , -0.15 , 359.16
2024-01-22 16:49:04,550 :- 00210: 198 , 20.00 , -0.20 || 1705922344, 17.601998061304 , 78.126603823210, 0.01 , 0.01 ,22.28 , 9.51 , 0.64 , -0.11 , 359.23
2024-01-22 16:49:04,580 :- 00211: 201 , 20.00 , -0.20 || 1705922344, 17.601998061304 , 78.126603823210, 0.01 , 0.01 ,22.28 , 9.69 , 0.68 , -0.09 , 359.26
2024-01-22 16:49:04,610 :- 00212: 204 , 20.00 , -0.20 || 1705922344, 17.601998061304 , 78.126603823210, 0.01 , 0.01 ,22.28 , 9.99 , 0.78 , -0.07 , 359.29
2024-01-22 16:49:04,640 :- 00213: 207 , 20.00 , -0.10 || 1705922344, 17.602003642281 , 78.126603794269, 0.01 , 0.01 ,22.24 , 9.10 , 0.83 , -0.05 , 359.29
2024-01-22 16:49:04,670 :- 00214: 210 , 20.00 , -0.10 || 1705922344, 17.602003642281 , 78.126603794269, 0.01 , 0.01 ,22.24 , 9.68 , 0.89 , -0.06 , 359.26
2024-01-22 16:49:04,700 :- 00215: 213 , 20.00 , -0.10 || 1705922344, 17.602003642281 , 78.126603794269, 0.01 , 0.01 ,22.24 , 10.06 , 0.90 , -0.04 , 359.24
2024-01-22 16:49:04,730 :- 00216: 216 , 20.00 , -0.10 || 1705922344, 17.602009152024 , 78.126603746955, 0.01 , 0.01 ,21.95 , 9.63 , 0.87 , -0.06 , 359.18
2024-01-22 16:49:04,760 :- 00217: 219 , 20.00 , -0.00 || 1705922344, 17.602009152024 , 78.126603746955, 0.01 , 0.01 ,21.95 , 10.04 , 0.84 , -0.05 , 359.16
2024-01-22 16:49:04,790 :- 00218: 222 , 21.60 , -0.10 || 1705922344, 17.602009152024 , 78.126603746955, 0.01 , 0.01 ,21.95 , 9.86 , 0.78 , -0.05 , 359.13
2024-01-22 16:49:04,820 :- 00219: 225 , 21.60 , -0.10 || 1705922344, 17.602009152024 , 78.126603746955, 0.01 , 0.01 ,22.06 , 9.42 , 0.76 , -0.05 , 359.13
2024-01-22 16:49:04,850 :- 00220: 228 , 21.60 , -0.10 || 1705922344, 17.602014686614 , 78.126603645203, 0.01 , 0.01 ,22.06 , 9.82 , 0.70 , -0.04 , 359.14
2024-01-22 16:49:04,880 :- 00221: 231 , 21.60 , -0.10 || 1705922344, 17.602014686614 , 78.126603645203, 0.01 , 0.01 ,22.06 , 10.13 , 0.68 , -0.03 , 359.15
2024-01-22 16:49:04,910 :- 00222: 234 , 21.60 , -0.10 || 1705922344, 17.602014686614 , 78.126603645203, 0.01 , 0.01 ,22.06 , 9.75 , 0.64 , -0.04 , 359.17
2024-01-22 16:49:04,940 :- 00223: 237 , 21.60 , -0.10 || 1705922344, 17.602020220098 , 78.126603502207, 0.01 , 0.01 ,22.06 , 9.20 , 0.61 , -0.03 , 359.18
2024-01-22 16:49:04,970 :- 00224: 240 , 21.60 , -0.10 || 1705922344, 17.602020220098 , 78.126603502207, 0.01 , 0.01 ,22.06 , 10.18 , 0.55 , -0.00 , 359.19
2024-01-22 16:49:05,000 :- 00225: 243 , 21.50 , -0.10 || 1705922344, 17.602020220098 , 78.126603502207, 0.01 , 0.01 ,22.06 , 9.83 , 0.52 , -0.03 , 359.18
2024-01-22 16:49:05,030 :- 00226: 246 , 21.50 , -0.10 || 1705922345, 17.602020220098 , 78.126603502207, 0.01 , 0.01 ,22.01 , 9.70 , 0.49 , -0.01 , 359.17
2024-01-22 16:49:05,060 :- 00227: 249 , 21.50 , -0.10 || 1705922345, 17.602025741599 , 78.126603366357, 0.01 , 0.01 ,22.01 , 10.45 , 0.43 , -0.00 , 359.17
2024-01-22 16:49:05,090 :- 00228: 252 , 21.40 , -0.10 || 1705922345, 17.602025741599 , 78.126603366357, 0.01 , 0.01 ,22.01 , 9.68 , 0.39 , -0.01 , 359.15
2024-01-22 16:49:05,120 :- 00229: 255 , 21.40 , -0.10 || 1705922345, 17.602025741599 , 78.126603366357, 0.01 , 0.01 ,21.88 , 9.76 , 0.37 , -0.01 , 359.15
2024-01-22 16:49:05,150 :- 00230: 002 , 21.40 , -0.10 || 1705922345, 17.602031231833 , 78.126603256216, 0.01 , 0.01 ,21.88 , 9.96 , 0.33 , 0.02 , 359.15
2024-01-22 16:49:05,180 :- 00231: 005 , 21.30 , -0.10 || 1705922345, 17.602031231833 , 78.126603256216, 0.01 , 0.01 ,21.88 , 9.79 , 0.31 , 0.01 , 359.15
2024-01-22 16:49:05,210 :- 00232: 008 , 21.30 , -0.10 || 1705922345, 17.602031231833 , 78.126603256216, 0.01 , 0.01 ,21.88 , 9.75 , 0.28 , 0.02 , 359.15
2024-01-22 16:49:05,240 :- 00233: 011 , 21.30 , -0.10 || 1705922345, 17.602036701347 , 78.126603178258, 0.01 , 0.01 ,21.80 , 9.73 , 0.27 , 0.03 , 359.15
2024-01-22 16:49:05,270 :- 00234: 014 , 21.20 , -0.10 || 1705922345, 17.602036701347 , 78.126603178258, 0.01 , 0.01 ,21.80 , 9.74 , 0.26 , 0.02 , 359.15
2024-01-22 16:49:05,300 :- 00235: 017 , 21.10 , -0.10 || 1705922345, 17.602036701347 , 78.126603178258, 0.01 , 0.01 ,21.80 , 9.55 , 0.25 , 0.02 , 359.15
2024-01-22 16:49:05,330 :- 00236: 020 , 21.10 , -0.10 || 1705922345, 17.602042053890 , 78.126603030628, 0.01 , 0.01 ,21.34 , 9.41 , 0.22 , -0.02 , 359.14
2024-01-22 16:49:05,360 :- 00237: 023 , 21.00 , -0.10 || 1705922345, 17.602042053890 , 78.126603030628, 0.01 , 0.01 ,21.34 , 9.70 , 0.19 , -0.02 , 359.14
2024-01-22 16:49:05,390 :- 00238: 026 , 20.90 , -0.10 || 1705922345, 17.602042053890 , 78.126603030628, 0.01 , 0.01 ,21.34 , 10.40 , 0.15 , -0.03 , 359.13
2024-01-22 16:49:05,420 :- 00239: 029 , 20.90 , -0.10 || 1705922345, 17.602042053890 , 78.126603030628, 0.01 , 0.01 ,21.18 , 9.96 , 0.14 , -0.05 , 359.13
2024-01-22 16:49:05,450 :- 00240: 032 , 20.80 , -0.10 || 1705922345, 17.602047368731 , 78.126602932470, 0.01 , 0.01 ,21.18 , 10.14 , 0.11 , -0.05 , 359.12
2024-01-22 16:49:05,480 :- 00241: 035 , 20.70 , -0.10 || 1705922345, 17.602047368731 , 78.126602932470, 0.01 , 0.01 ,21.18 , 10.19 , 0.10 , -0.04 , 359.12
2024-01-22 16:49:05,510 :- 00242: 038 , 20.60 , -0.10 || 1705922345, 17.602047368731 , 78.126602932470, 0.01 , 0.01 ,21.18 , 9.91 , 0.08 , -0.01 , 359.12
2024-01-22 16:49:05,540 :- 00243: 041 , 20.60 , -0.10 || 1705922345, 17.602052659204 , 78.126602858389, 0.01 , 0.01 ,21.08 , 10.11 , 0.05 , 0.01 , 359.12
2024-01-22 16:49:05,570 :- 00244: 044 , 20.50 , -0.10 || 1705922345, 17.602052659204 , 78.126602858389, 0.01 , 0.01 ,21.08 , 9.74 , 0.02 , 0.07 , 359.12
2024-01-22 16:49:05,600 :- 00245: 047 , 20.40 , -0.10 || 1705922345, 17.602052659204 , 78.126602858389, 0.01 , 0.01 ,21.08 , 9.67 , 0.01 , 0.10 , 359.12
2024-01-22 16:49:05,630 :- 00246: 050 , 20.30 , -0.10 || 1705922345, 17.602057865950 , 78.126602738038, 0.01 , 0.01 ,20.75 , 9.72 , -0.00 , 0.17 , 359.11
2024-01-22 16:49:05,660 :- 00247: 053 , 20.20 , -0.10 || 1705922345, 17.602057865950 , 78.126602738038, 0.01 , 0.01 ,20.75 , 9.80 , -0.00 , 0.20 , 359.11
2024-01-22 16:49:05,690 :- 00248: 056 , 20.00 , -0.10 || 1705922345, 17.602057865950 , 78.126602738038, 0.01 , 0.01 ,20.75 , 9.79 , -0.01 , 0.27 , 359.11
2024-01-22 16:49:05,720 :- 00249: 059 , 19.90 , -0.10 || 1705922345, 17.602057865950 , 78.126602738038, 0.01 , 0.01 ,20.31 , 9.70 , -0.01 , 0.31 , 359.10
2024-01-22 16:49:05,750 :- 00250: 062 , 19.70 , -0.10 || 1705922345, 17.602062983002 , 78.126602755508, 0.01 , 0.01 ,20.31 , 9.97 , -0.00 , 0.38 , 359.10
2024-01-22 16:49:05,780 :- 00251: 065 , 19.50 , -0.10 || 1705922345, 17.602062983002 , 78.126602755508, 0.01 , 0.01 ,20.31 , 9.70 , 0.00 , 0.41 , 359.10
2024-01-22 16:49:05,810 :- 00252: 068 , 19.40 , -0.10 || 1705922345, 17.602062983002 , 78.126602755508, 0.01 , 0.01 ,20.31 , 9.68 , 0.00 , 0.48 , 359.10
2024-01-22 16:49:05,840 :- 00253: 071 , 19.20 , -0.10 || 1705922345, 17.602067933311 , 78.126602712946, 0.01 , 0.01 ,19.73 , 9.80 , 0.01 , 0.51 , 359.11
2024-01-22 16:49:05,870 :- 00254: 074 , 19.00 , -0.10 || 1705922345, 17.602067933311 , 78.126602712946, 0.01 , 0.01 ,19.73 , 9.65 , 0.01 , 0.57 , 359.11
2024-01-22 16:49:05,900 :- 00255: 077 , 18.90 , -0.10 || 1705922345, 17.602067933311 , 78.126602712946, 0.01 , 0.01 ,19.73 , 9.53 , 0.01 , 0.59 , 359.11
2024-01-22 16:49:05,930 :- 00256: 080 , 18.70 , -0.10 || 1705922345, 17.602072709172 , 78.126602562954, 0.01 , 0.01 ,19.04 , 9.57 , 0.01 , 0.63 , 359.10
2024-01-22 16:49:05,960 :- 00257: 083 , 18.50 , -0.10 || 1705922345, 17.602072709172 , 78.126602562954, 0.01 , 0.01 ,19.04 , 9.48 , 0.01 , 0.64 , 359.10
2024-01-22 16:49:05,990 :- 00258: 086 , 18.30 , -0.10 || 1705922345, 17.602072709172 , 78.126602562954, 0.01 , 0.01 ,19.04 , 9.46 , 0.02 , 0.65 , 359.10
2024-01-22 16:49:06,020 :- 00259: 089 , 18.10 , -0.10 || 1705922346, 17.602072709172 , 78.126602562954, 0.01 , 0.01 ,19.04 , 9.66 , 0.03 , 0.63 , 359.09
2024-01-22 16:49:06,050 :- 00260: 092 , 17.90 , -0.10 || 1705922346, 17.602077307057 , 78.126602505470, 0.01 , 0.01 ,18.32 , 9.57 , 0.08 , 0.61 , 359.09
2024-01-22 16:49:06,080 :- 00261: 095 , 17.70 , -0.10 || 1705922346, 17.602077307057 , 78.126602505470, 0.01 , 0.01 ,18.32 , 9.61 , 0.11 , 0.59 , 359.09
2024-01-22 16:49:06,110 :- 00262: 098 , 17.50 , -0.10 || 1705922346, 17.602077307057 , 78.126602505470, 0.01 , 0.01 ,18.32 , 9.77 , 0.18 , 0.55 , 359.10
2024-01-22 16:49:06,140 :- 00263: 101 , 17.30 , -0.10 || 1705922346, 17.602081700641 , 78.126602456865, 0.01 , 0.01 ,17.51 , 9.69 , 0.23 , 0.53 , 359.10
2024-01-22 16:49:06,170 :- 00264: 104 , 17.10 , -0.10 || 1705922346, 17.602081700641 , 78.126602456865, 0.01 , 0.01 ,17.51 , 10.11 , 0.33 , 0.50 , 359.10
2024-01-22 16:49:06,200 :- 00265: 107 , 16.80 , -0.10 || 1705922346, 17.602081700641 , 78.126602456865, 0.01 , 0.01 ,17.51 , 10.19 , 0.36 , 0.49 , 359.10
2024-01-22 16:49:06,230 :- 00266: 107 , 16.80 , -0.10 || 1705922346, 17.602081700641 , 78.126602456865, 0.01 , 0.01 ,17.51 , 10.19 , 0.36 , 0.49 , 359.101705922346, 17.602085903043 , 78.126602470498, 0.01 , 0.01 ,16.75 , 10.21 , 0.38 , 0.50 , 359.10
2024-01-22 16:49:06,260 :- 00267: 113 , 16.40 , -0.10 || 1705922346, 17.602085903043 , 78.126602470498, 0.01 , 0.01 ,16.75 , 9.94 , 0.37 , 0.50 , 359.10
2024-01-22 16:49:06,290 :- 00268: 116 , 16.20 , -0.10 || 1705922346, 17.602085903043 , 78.126602470498, 0.01 , 0.01 ,16.75 , 9.87 , 0.33 , 0.52 , 359.09
2024-01-22 16:49:06,340 :- 00269: 121 , 15.70 , -0.10 || 1705922346, 17.602089935620 , 78.126602390519, 0.01 , 0.01 ,16.07 , 9.50 , 0.30 , 0.56 , 359.08
2024-01-22 16:49:06,370 :- 00270: 124 , 15.40 , -0.10 || 1705922346, 17.602089935620 , 78.126602390519, 0.01 , 0.01 ,16.07 , 9.69 , 0.28 , 0.58 , 359.08
2024-01-22 16:49:06,400 :- 00271: 127 , 15.20 , -0.10 || 1705922346, 17.602089935620 , 78.126602390519, 0.01 , 0.01 ,16.07 , 9.62 , 0.28 , 0.56 , 359.08
2024-01-22 16:49:06,430 :- 00272: 130 , 14.90 , -0.10 || 1705922346, 17.602093718374 , 78.126602274237, 0.01 , 0.01 ,15.08 , 9.57 , 0.26 , 0.63 , 359.08
2024-01-22 16:49:06,460 :- 00273: 133 , 14.70 , -0.10 || 1705922346, 17.602093718374 , 78.126602274237, 0.01 , 0.01 ,15.08 , 9.43 , 0.24 , 0.63 , 359.08
2024-01-22 16:49:06,490 :- 00274: 136 , 14.40 , -0.10 || 1705922346, 17.602093718374 , 78.126602274237, 0.01 , 0.01 ,15.08 , 9.87 , 0.21 , 0.64 , 359.09
2024-01-22 16:49:06,520 :- 00275: 139 , 14.10 , -0.10 || 1705922346, 17.602093718374 , 78.126602274237, 0.01 , 0.01 ,14.18 , 9.76 , 0.20 , 0.69 , 359.09
2024-01-22 16:49:06,550 :- 00276: 142 , 13.80 , -0.10 || 1705922346, 17.602097276696 , 78.126602178909, 0.01 , 0.01 ,14.18 , 9.94 , 0.20 , 0.71 , 359.09
2024-01-22 16:49:06,580 :- 00277: 145 , 13.50 , -0.10 || 1705922346, 17.602097276696 , 78.126602178909, 0.01 , 0.01 ,14.18 , 9.87 , 0.21 , 0.70 , 359.09
2024-01-22 16:49:06,610 :- 00278: 148 , 13.30 , -0.10 || 1705922346, 17.602097276696 , 78.126602178909, 0.01 , 0.01 ,14.18 , 9.93 , 0.23 , 0.76 , 359.08
2024-01-22 16:49:06,640 :- 00279: 151 , 13.00 , -0.10 || 1705922346, 17.602100599221 , 78.126602124542, 0.01 , 0.01 ,13.24 , 9.99 , 0.25 , 0.76 , 359.07
2024-01-22 16:49:06,670 :- 00280: 154 , 12.70 , -0.10 || 1705922346, 17.602100599221 , 78.126602124542, 0.01 , 0.01 ,13.24 , 10.12 , 0.29 , 0.78 , 359.05
2024-01-22 16:49:06,700 :- 00281: 157 , 12.40 , -0.10 || 1705922346, 17.602100599221 , 78.126602124542, 0.01 , 0.01 ,13.24 , 10.00 , 0.32 , 0.79 , 359.04
2024-01-22 16:49:06,730 :- 00282: 160 , 12.10 , -0.10 || 1705922346, 17.602103679072 , 78.126602102560, 0.01 , 0.01 ,12.27 , 9.79 , 0.39 , 0.82 , 359.02
2024-01-22 16:49:06,760 :- 00283: 163 , 11.90 , -0.10 || 1705922346, 17.602103679072 , 78.126602102560, 0.01 , 0.01 ,12.27 , 9.91 , 0.42 , 0.83 , 359.01
2024-01-22 16:49:06,790 :- 00284: 166 , 11.60 , -0.10 || 1705922346, 17.602103679072 , 78.126602102560, 0.01 , 0.01 ,12.27 , 9.66 , 0.48 , 0.84 , 359.00
2024-01-22 16:49:06,820 :- 00285: 169 , 11.30 , -0.10 || 1705922346, 17.602103679072 , 78.126602102560, 0.01 , 0.01 ,11.30 , 9.60 , 0.51 , 0.86 , 359.00
2024-01-22 16:49:06,850 :- 00286: 172 , 11.00 , -0.10 || 1705922346, 17.602106515055 , 78.126602134280, 0.01 , 0.01 ,11.30 , 9.54 , 0.55 , 0.85 , 359.00
2024-01-22 16:49:06,880 :- 00287: 175 , 10.80 , -0.10 || 1705922346, 17.602106515055 , 78.126602134280, 0.01 , 0.01 ,11.30 , 9.45 , 0.56 , 0.85 , 359.01
2024-01-22 16:49:06,910 :- 00288: 178 , 10.50 , -0.10 || 1705922346, 17.602106515055 , 78.126602134280, 0.01 , 0.01 ,11.30 , 9.11 , 0.55 , 0.83 , 359.03
2024-01-22 16:49:06,940 :- 00289: 181 , 10.20 , -0.10 || 1705922346, 17.602109093169 , 78.126602082398, 0.01 , 0.01 ,10.27 , 9.83 , 0.54 , 0.95 , 359.06
2024-01-22 16:49:06,970 :- 00290: 184 , 09.90 , -0.10 || 1705922346, 17.602109093169 , 78.126602082398, 0.01 , 0.01 ,10.27 , 8.43 , 0.52 , 0.58 , 359.09
2024-01-22 16:49:07,000 :- 00291: 187 , 09.70 , -0.10 || 1705922346, 17.602109093169 , 78.126602082398, 0.01 , 0.01 ,10.27 , 8.33 , 0.50 , 0.22 , 359.10
2024-01-22 16:49:07,030 :- 00292: 190 , 09.50 , -0.10 || 1705922347, 17.602109093169 , 78.126602082398, 0.01 , 0.01 ,8.59 , 9.08 , 0.48 , -0.11 , 359.10
2024-01-22 16:49:07,060 :- 00293: 193 , 09.30 , -0.10 || 1705922347, 17.602111281980 , 78.126602086475, 0.01 , 0.01 ,8.59 , 9.28 , 0.43 , -0.55 , 359.10
2024-01-22 16:49:07,090 :- 00294: 196 , 09.10 , -0.10 || 1705922347, 17.602111281980 , 78.126602086475, 0.01 , 0.01 ,8.59 , 11.59 , 0.33 , -0.79 , 359.10
2024-01-22 16:49:07,120 :- 00295: 199 , 09.00 , -0.10 || 1705922347, 17.602111281980 , 78.126602086475, 0.01 , 0.01 ,7.88 , 11.09 , 0.32 , -0.70 , 359.09
2024-01-22 16:49:07,150 :- 00296: 202 , 08.90 , -0.10 || 1705922347, 17.602113256143 , 78.126601988418, 0.01 , 0.01 ,7.88 , 10.61 , 0.25 , -0.93 , 359.08
2024-01-22 16:49:07,180 :- 00297: 205 , 08.80 , -0.10 || 1705922347, 17.602113256143 , 78.126601988418, 0.01 , 0.01 ,7.88 , 9.56 , 0.23 , -0.94 , 359.08
2024-01-22 16:49:07,210 :- 00298: 208 , 08.70 , -0.10 || 1705922347, 17.602113256143 , 78.126601988418, 0.01 , 0.01 ,7.88 , 9.27 , 0.21 , -0.70 , 359.07
2024-01-22 16:49:07,240 :- 00299: 211 , 08.60 , -0.10 || 1705922347, 17.602115525235 , 78.126601918009, 0.01 , 0.01 ,9.05 , 10.11 , 0.22 , -0.65 , 359.06
2024-01-22 16:49:07,270 :- 00300: 214 , 08.50 , -0.10 || 1705922347, 17.602115525235 , 78.126601918009, 0.01 , 0.01 ,9.05 , 9.45 , 0.25 , -0.53 , 359.07
2024-01-22 16:49:07,300 :- 00301: 217 , 08.40 , -0.10 || 1705922347, 17.602115525235 , 78.126601918009, 0.01 , 0.01 ,9.05 , 10.10 , 0.28 , -0.33 , 359.07
2024-01-22 16:49:07,329 :- 00302: 220 , 08.30 , -0.10 || 1705922347, 17.602117828809 , 78.126601892269, 0.01 , 0.01 ,9.18 , 10.60 , 0.33 , -0.13 , 359.06
2024-01-22 16:49:07,350 :- 00303: 222 , 08.20 , -0.10 || 1705922347, 17.602117828809 , 78.126601892269, 0.01 , 0.01 ,9.18 , 10.02 , 0.35 , -0.11 , 359.07
2024-01-22 16:49:07,380 :- 00304: 225 , 08.20 , -0.10 || 1705922347, 17.602117828809 , 78.126601892269, 0.01 , 0.01 ,9.18 , 9.58 , 0.36 , -0.01 , 359.07
2024-01-22 16:49:07,410 :- 00305: 228 , 08.10 , -0.10 || 1705922347, 17.602117828809 , 78.126601892269, 0.01 , 0.01 ,9.18 , 10.20 , 0.39 , 0.23 , 359.07
2024-01-22 16:49:07,440 :- 00306: 231 , 08.10 , -0.10 || 1705922347, 17.602120031516 , 78.126601904953, 0.01 , 0.01 ,8.78 , 9.66 , 0.41 , 0.27 , 359.06
2024-01-22 16:49:07,470 :- 00307: 234 , 08.10 , -0.10 || 1705922347, 17.602120031516 , 78.126601904953, 0.01 , 0.01 ,8.78 , 9.56 , 0.45 , 0.25 , 359.06
2024-01-22 16:49:07,500 :- 00308: 237 , 08.10 , -0.10 || 1705922347, 17.602120031516 , 78.126601904953, 0.01 , 0.01 ,8.78 , 9.64 , 0.48 , 0.27 , 359.06
2024-01-22 16:49:07,530 :- 00309: 240 , 08.10 , -0.10 || 1705922347, 17.602122110955 , 78.126601873039, 0.01 , 0.01 ,8.29 , 10.15 , 0.51 , 0.28 , 359.06
2024-01-22 16:49:07,560 :- 00310: 243 , 08.10 , -0.10 || 1705922347, 17.602122110955 , 78.126601873039, 0.01 , 0.01 ,8.29 , 10.13 , 0.51 , 0.21 , 359.05
2024-01-22 16:49:07,590 :- 00311: 246 , 08.10 , -0.10 || 1705922347, 17.602122110955 , 78.126601873039, 0.01 , 0.01 ,8.29 , 9.95 , 0.49 , 0.10 , 359.05
2024-01-22 16:49:07,620 :- 00312: 249 , 08.10 , -0.10 || 1705922347, 17.602122110955 , 78.126601873039, 0.01 , 0.01 ,8.00 , 9.97 , 0.47 , 0.07 , 359.05
2024-01-22 16:49:07,650 :- 00313: 252 , 08.10 , -0.10 || 1705922347, 17.602124119480 , 78.126601862292, 0.01 , 0.01 ,8.00 , 9.72 , 0.42 , -0.03 , 359.06
2024-01-22 16:49:07,680 :- 00314: 255 , 08.10 , -0.10 || 1705922347, 17.602124119480 , 78.126601862292, 0.01 , 0.01 ,8.00 , 9.52 , 0.40 , -0.09 , 359.06
2024-01-22 16:49:07,710 :- 00315: 002 , 08.10 , -0.10 || 1705922347, 17.602124119480 , 78.126601862292, 0.01 , 0.01 ,8.00 , 9.46 , 0.38 , -0.19 , 359.06
2024-01-22 16:49:07,740 :- 00316: 005 , 08.10 , -0.10 || 1705922347, 17.602126097114 , 78.126601778504, 0.01 , 0.01 ,7.89 , 9.58 , 0.36 , -0.22 , 359.06
2024-01-22 16:49:07,770 :- 00317: 008 , 08.00 , -0.10 || 1705922347, 17.602126097114 , 78.126601778504, 0.01 , 0.01 ,7.89 , 9.84 , 0.32 , -0.28 , 359.06
2024-01-22 16:49:07,800 :- 00318: 011 , 08.00 , -0.10 || 1705922347, 17.602126097114 , 78.126601778504, 0.01 , 0.01 ,7.89 , 9.85 , 0.31 , -0.31 , 359.06
2024-01-22 16:49:07,830 :- 00319: 014 , 07.90 , -0.10 || 1705922347, 17.602128077372 , 78.126601704911, 0.01 , 0.01 ,7.90 , 9.79 , 0.26 , -0.34 , 359.05
2024-01-22 16:49:07,860 :- 00320: 017 , 07.90 , -0.10 || 1705922347, 17.602128077372 , 78.126601704911, 0.01 , 0.01 ,7.90 , 9.96 , 0.24 , -0.33 , 359.05
2024-01-22 16:49:07,890 :- 00321: 020 , 07.80 , -0.10 || 1705922347, 17.602128077372 , 78.126601704911, 0.01 , 0.01 ,7.90 , 9.91 , 0.21 , -0.31 , 359.05
2024-01-22 16:49:07,920 :- 00322: 023 , 07.80 , -0.10 || 1705922347, 17.602128077372 , 78.126601704911, 0.01 , 0.01 ,7.91 , 9.74 , 0.21 , -0.30 , 359.05
2024-01-22 16:49:07,950 :- 00323: 026 , 07.70 , -0.10 || 1705922347, 17.602130061654 , 78.126601658807, 0.01 , 0.01 ,7.91 , 9.80 , 0.22 , -0.24 , 359.05
2024-01-22 16:49:07,980 :- 00324: 029 , 07.40 , -0.10 || 1705922347, 17.602130061654 , 78.126601658807, 0.01 , 0.01 ,7.91 , 13.24 , 0.22 , -0.07 , 359.06
2024-01-22 16:49:08,010 :- 00325: 032 , 07.10 , -0.10 || 1705922348, 17.602130061654 , 78.126601658807, 0.01 , 0.01 ,7.91 , 16.19 , 0.25 , 0.40 , 359.05
2024-01-22 16:49:08,040 :- 00326: 035 , 07.10 , -0.10 || 1705922348, 17.602132053722 , 78.126601626965, 0.01 , 0.01 ,7.94 , 13.62 , 0.27 , 0.29 , 359.05
2024-01-22 16:49:08,070 :- 00327: 038 , 07.20 , -0.10 || 1705922348, 17.602132053722 , 78.126601626965, 0.01 , 0.01 ,7.94 , 10.84 , 0.29 , 0.63 , 359.04
2024-01-22 16:49:08,100 :- 00328: 041 , 07.30 , -0.10 || 1705922348, 17.602132053722 , 78.126601626965, 0.01 , 0.01 ,7.94 , 8.52 , 0.29 , 0.95 , 359.03
2024-01-22 16:49:08,130 :- 00329: 044 , 07.60 , -0.10 || 1705922348, 17.602134083756 , 78.126601608917, 0.01 , 0.01 ,8.09 , 5.29 , 0.36 , 0.89 , 359.01
2024-01-22 16:49:08,160 :- 00330: 047 , 08.00 , -0.10 || 1705922348, 17.602134083756 , 78.126601608917, 0.01 , 0.01 ,8.09 , 2.05 , 0.38 , 0.68 , 359.00
2024-01-22 16:49:08,190 :- 00331: 050 , 08.40 , -0.10 || 1705922348, 17.602134083756 , 78.126601608917, 0.01 , 0.01 ,8.09 , 0.81 , 0.44 , 0.72 , 358.99
2024-01-22 16:49:08,220 :- 00332: 053 , 08.00 , -0.10 || 1705922348, 17.602134083756 , 78.126601608917, 0.01 , 0.01 ,7.44 , 8.95 , 0.45 , 1.00 , 358.99
2024-01-22 16:49:08,250 :- 00333: 056 , 07.60 , -0.10 || 1705922348, 17.602135949847 , 78.126601616096, 0.01 , 0.01 ,7.44 , 10.42 , 0.49 , 0.95 , 358.99
2024-01-22 16:49:08,280 :- 00334: 059 , 07.40 , -0.10 || 1705922348, 17.602135949847 , 78.126601616096, 0.01 , 0.01 ,7.44 , 6.97 , 0.50 , 0.46 , 358.99
2024-01-22 16:49:08,310 :- 00335: 062 , 07.10 , -0.10 || 1705922348, 17.602135949847 , 78.126601616096, 0.01 , 0.01 ,7.44 , 8.74 , 0.49 , 0.02 , 359.00
2024-01-22 16:49:08,340 :- 00336: 065 , 07.00 , -0.10 || 1705922348, 17.602137562293 , 78.126601609339, 0.01 , 0.01 ,6.43 , 10.17 , 0.50 , 0.09 , 359.00
2024-01-22 16:49:08,370 :- 00337: 068 , 06.90 , -0.10 || 1705922348, 17.602137562293 , 78.126601609339, 0.01 , 0.01 ,6.43 , 10.93 , 0.50 , -0.40 , 358.99
2024-01-22 16:49:08,400 :- 00338: 071 , 06.80 , -0.10 || 1705922348, 17.602137562293 , 78.126601609339, 0.01 , 0.01 ,6.43 , 11.27 , 0.51 , -0.64 , 358.99
2024-01-22 16:49:08,430 :- 00339: 074 , 06.80 , -0.10 || 1705922348, 17.602139194086 , 78.126601588967, 0.01 , 0.01 ,6.50 , 12.16 , 0.48 , -0.62 , 359.00
2024-01-22 16:49:08,460 :- 00340: 077 , 06.70 , -0.10 || 1705922348, 17.602139194086 , 78.126601588967, 0.01 , 0.01 ,6.50 , 13.34 , 0.47 , -0.68 , 359.00
2024-01-22 16:49:08,490 :- 00341: 080 , 06.70 , -0.10 || 1705922348, 17.602139194086 , 78.126601588967, 0.01 , 0.01 ,6.50 , 12.87 , 0.44 , -0.86 , 358.98
2024-01-22 16:49:08,520 :- 00342: 083 , 06.80 , -0.10 || 1705922348, 17.602139194086 , 78.126601588967, 0.01 , 0.01 ,7.01 , 13.04 , 0.41 , -0.79 , 358.98
2024-01-22 16:49:08,550 :- 00343: 086 , 06.80 , -0.10 || 1705922348, 17.602140952251 , 78.126601527433, 0.01 , 0.01 ,7.01 , 12.70 , 0.37 , -0.59 , 358.98
2024-01-22 16:49:08,580 :- 00344: 089 , 06.80 , -0.10 || 1705922348, 17.602140952251 , 78.126601527433, 0.01 , 0.01 ,7.01 , 11.64 , 0.36 , -0.53 , 358.97
2024-01-22 16:49:08,610 :- 00345: 092 , 06.90 , -0.10 || 1705922348, 17.602140952251 , 78.126601527433, 0.01 , 0.01 ,7.01 , 10.51 , 0.36 , -0.30 , 358.96
2024-01-22 16:49:08,640 :- 00346: 095 , 06.90 , -0.10 || 1705922348, 17.602142822821 , 78.126601450275, 0.01 , 0.01 ,7.46 , 9.63 , 0.35 , -0.16 , 358.96
2024-01-22 16:49:08,670 :- 00347: 098 , 06.90 , -0.10 || 1705922348, 17.602142822821 , 78.126601450275, 0.01 , 0.01 ,7.46 , 8.91 , 0.36 , 0.05 , 358.96
2024-01-22 16:49:08,700 :- 00348: 101 , 07.00 , -0.10 || 1705922348, 17.602142822821 , 78.126601450275, 0.01 , 0.01 ,7.46 , 8.27 , 0.37 , 0.10 , 358.96
2024-01-22 16:49:08,730 :- 00349: 104 , 07.00 , -0.10 || 1705922348, 17.602144660337 , 78.126601418848, 0.01 , 0.01 ,7.32 , 7.86 , 0.38 , 0.18 , 358.96
2024-01-22 16:49:08,760 :- 00350: 107 , 06.90 , -0.10 || 1705922348, 17.602144660337 , 78.126601418848, 0.01 , 0.01 ,7.32 , 8.01 , 0.38 , 0.24 , 358.97
2024-01-22 16:49:08,790 :- 00351: 110 , 06.90 , -0.10 || 1705922348, 17.602144660337 , 78.126601418848, 0.01 , 0.01 ,7.32 , 8.16 , 0.40 , 0.26 , 358.97
2024-01-22 16:49:08,820 :- 00352: 113 , 06.80 , -0.10 || 1705922348, 17.602144660337 , 78.126601418848, 0.01 , 0.01 ,6.84 , 8.18 , 0.42 , 0.22 , 358.97
2024-01-22 16:49:08,850 :- 00353: 116 , 06.80 , -0.10 || 1705922348, 17.602146376523 , 78.126601399347, 0.01 , 0.01 ,6.84 , 8.44 , 0.45 , 0.16 , 358.98
2024-01-22 16:49:08,880 :- 00354: 119 , 06.70 , -0.10 || 1705922348, 17.602146376523 , 78.126601399347, 0.01 , 0.01 ,6.84 , 8.93 , 0.47 , 0.12 , 358.98
2024-01-22 16:49:08,910 :- 00355: 122 , 06.60 , -0.10 || 1705922348, 17.602146376523 , 78.126601399347, 0.01 , 0.01 ,6.84 , 9.18 , 0.52 , -0.03 , 358.98
2024-01-22 16:49:08,940 :- 00356: 125 , 06.50 , -0.10 || 1705922348, 17.602147991426 , 78.126601401350, 0.01 , 0.01 ,6.43 , 9.59 , 0.54 , -0.10 , 358.98
2024-01-22 16:49:08,970 :- 00357: 128 , 06.50 , -0.10 || 1705922348, 17.602147991426 , 78.126601401350, 0.01 , 0.01 ,6.43 , 10.22 , 0.56 , -0.19 , 358.98
2024-01-22 16:49:09,000 :- 00358: 131 , 06.40 , -0.10 || 1705922348, 17.602147991426 , 78.126601401350, 0.01 , 0.01 ,6.43 , 10.65 , 0.57 , -0.24 , 358.98
2024-01-22 16:49:09,030 :- 00359: 134 , 06.40 , -0.10 || 1705922349, 17.602147991426 , 78.126601401350, 0.01 , 0.01 ,6.43 , 10.83 , 0.57 , -0.29 , 358.98
2024-01-22 16:49:09,060 :- 00360: 137 , 06.40 , -0.10 || 1705922349, 17.602149611462 , 78.126601416329, 0.01 , 0.01 ,6.46 , 10.88 , 0.56 , -0.35 , 358.97
2024-01-22 16:49:09,090 :- 00361: 140 , 06.40 , -0.10 || 1705922349, 17.602149611462 , 78.126601416329, 0.01 , 0.01 ,6.46 , 10.81 , 0.54 , -0.37 , 358.98
2024-01-22 16:49:09,120 :- 00362: 143 , 06.40 , -0.10 || 1705922349, 17.602149611462 , 78.126601416329, 0.01 , 0.01 ,6.55 , 10.78 , 0.53 , -0.36 , 358.98
2024-01-22 16:49:09,150 :- 00363: 146 , 06.40 , -0.10 || 1705922349, 17.602151253562 , 78.126601358144, 0.01 , 0.01 ,6.55 , 10.62 , 0.51 , -0.33 , 358.98
2024-01-22 16:49:09,180 :- 00364: 149 , 06.40 , -0.10 || 1705922349, 17.602151253562 , 78.126601358144, 0.01 , 0.01 ,6.55 , 10.09 , 0.50 , -0.33 , 358.98
2024-01-22 16:49:09,210 :- 00365: 152 , 06.50 , -0.10 || 1705922349, 17.602151253562 , 78.126601358144, 0.01 , 0.01 ,6.55 , 9.50 , 0.49 , -0.36 , 358.98
2024-01-22 16:49:09,240 :- 00366: 155 , 06.50 , -0.10 || 1705922349, 17.602152923820 , 78.126601307783, 0.01 , 0.01 ,6.66 , 9.38 , 0.48 , -0.32 , 358.98
2024-01-22 16:49:09,270 :- 00367: 158 , 06.50 , -0.10 || 1705922349, 17.602152923820 , 78.126601307783, 0.01 , 0.01 ,6.66 , 9.41 , 0.47 , -0.36 , 358.98
2024-01-22 16:49:09,300 :- 00368: 161 , 06.60 , -0.10 || 1705922349, 17.602152923820 , 78.126601307783, 0.01 , 0.01 ,6.66 , 9.00 , 0.47 , -0.42 , 358.98
2024-01-22 16:49:09,330 :- 00369: 164 , 06.70 , -0.10 || 1705922349, 17.602154631732 , 78.126601251071, 0.01 , 0.01 ,6.81 , 9.19 , 0.47 , -0.44 , 358.98
2024-01-22 16:49:09,360 :- 00370: 167 , 06.70 , -0.10 || 1705922349, 17.602154631732 , 78.126601251071, 0.01 , 0.01 ,6.81 , 9.58 , 0.47 , -0.46 , 358.98
2024-01-22 16:49:09,390 :- 00371: 170 , 06.80 , -0.10 || 1705922349, 17.602154631732 , 78.126601251071, 0.01 , 0.01 ,6.81 , 9.78 , 0.49 , -0.56 , 358.99
2024-01-22 16:49:09,420 :- 00372: 173 , 06.90 , -0.10 || 1705922349, 17.602154631732 , 78.126601251071, 0.01 , 0.01 ,7.01 , 9.93 , 0.50 , -0.60 , 358.99
2024-01-22 16:49:09,450 :- 00373: 176 , 06.90 , -0.10 || 1705922349, 17.602156391081 , 78.126601232135, 0.01 , 0.01 ,7.01 , 10.04 , 0.52 , -0.63 , 358.99
2024-01-22 16:49:09,480 :- 00374: 179 , 07.00 , -0.10 || 1705922349, 17.602156391081 , 78.126601232135, 0.01 , 0.01 ,7.01 , 10.01 , 0.54 , -0.65 , 358.99
2024-01-22 16:49:09,510 :- 00375: 182 , 07.10 , -0.10 || 1705922349, 17.602156391081 , 78.126601232135, 0.01 , 0.01 ,7.01 , 9.78 , 0.56 , -0.71 , 358.98
2024-01-22 16:49:09,540 :- 00376: 185 , 07.20 , -0.10 || 1705922349, 17.602158242054 , 78.126601213191, 0.01 , 0.01 ,7.38 , 10.03 , 0.57 , -0.70 , 358.98
2024-01-22 16:49:09,570 :- 00377: 188 , 07.30 , -0.10 || 1705922349, 17.602158242054 , 78.126601213191, 0.01 , 0.01 ,7.38 , 10.20 , 0.59 , -0.68 , 358.97
2024-01-22 16:49:09,600 :- 00378: 191 , 07.40 , -0.10 || 1705922349, 17.602158242054 , 78.126601213191, 0.01 , 0.01 ,7.38 , 9.89 , 0.60 , -0.70 , 358.97
2024-01-22 16:49:09,630 :- 00379: 194 , 07.50 , -0.10 || 1705922349, 17.602160200674 , 78.126601190298, 0.01 , 0.01 ,7.80 , 9.77 , 0.61 , -0.69 , 358.97
2024-01-22 16:49:09,660 :- 00380: 197 , 07.60 , -0.10 || 1705922349, 17.602160200674 , 78.126601190298, 0.01 , 0.01 ,7.80 , 9.88 , 0.62 , -0.66 , 358.97
2024-01-22 16:49:09,690 :- 00381: 200 , 07.70 , -0.10 || 1705922349, 17.602160200674 , 78.126601190298, 0.01 , 0.01 ,7.80 , 9.84 , 0.63 , -0.67 , 358.98
2024-01-22 16:49:09,720 :- 00382: 203 , 07.80 , -0.10 || 1705922349, 17.602160200674 , 78.126601190298, 0.01 , 0.01 ,8.19 , 9.67 , 0.63 , -0.68 , 358.98
2024-01-22 16:49:09,750 :- 00383: 206 , 07.90 , -0.10 || 1705922349, 17.602162256935 , 78.126601156688, 0.01 , 0.01 ,8.19 , 9.83 , 0.60 , -0.65 , 358.99
2024-01-22 16:49:09,780 :- 00384: 209 , 08.00 , -0.10 || 1705922349, 17.602162256935 , 78.126601156688, 0.01 , 0.01 ,8.19 , 9.86 , 0.58 , -0.65 , 359.00
2024-01-22 16:49:09,810 :- 00385: 212 , 08.20 , -0.10 || 1705922349, 17.602162256935 , 78.126601156688, 0.01 , 0.01 ,8.19 , 9.58 , 0.54 , -0.70 , 359.00
2024-01-22 16:49:09,840 :- 00386: 215 , 08.30 , -0.10 || 1705922349, 17.602164396292 , 78.126601089109, 0.01 , 0.01 ,8.53 , 9.81 , 0.51 , -0.69 , 359.00
2024-01-22 16:49:09,870 :- 00387: 218 , 08.40 , -0.10 || 1705922349, 17.602164396292 , 78.126601089109, 0.01 , 0.01 ,8.53 , 9.74 , 0.46 , -0.73 , 358.99
2024-01-22 16:49:09,900 :- 00388: 221 , 08.60 , -0.20 || 1705922349, 17.602164396292 , 78.126601089109, 0.01 , 0.01 ,8.53 , 9.63 , 0.44 , -0.75 , 358.98
2024-01-22 16:49:09,930 :- 00389: 224 , 08.70 , -0.20 || 1705922349, 17.602166662037 , 78.126600986486, 0.01 , 0.01 ,9.04 , 9.79 , 0.42 , -0.76 , 358.98
2024-01-22 16:49:09,960 :- 00390: 227 , 08.80 , -0.20 || 1705922349, 17.602166662037 , 78.126600986486, 0.01 , 0.01 ,9.04 , 9.97 , 0.42 , -0.77 , 358.97
2024-01-22 16:49:09,990 :- 00391: 230 , 09.00 , -0.20 || 1705922349, 17.602166662037 , 78.126600986486, 0.01 , 0.01 ,9.04 , 9.91 , 0.42 , -0.78 , 358.97
2024-01-22 16:49:10,020 :- 00392: 233 , 09.10 , -0.20 || 1705922350, 17.602166662037 , 78.126600986486, 0.01 , 0.01 ,9.04 , 9.79 , 0.43 , -0.78 , 358.98
2024-01-22 16:49:10,050 :- 00393: 236 , 09.20 , -0.20 || 1705922350, 17.602169027018 , 78.126600941127, 0.01 , 0.01 ,9.43 , 9.77 , 0.44 , -0.77 , 358.98
2024-01-22 16:49:10,080 :- 00394: 239 , 09.40 , -0.20 || 1705922350, 17.602169027018 , 78.126600941127, 0.01 , 0.01 ,9.43 , 9.87 , 0.45 , -0.76 , 358.99
2024-01-22 16:49:10,110 :- 00395: 242 , 09.50 , -0.20 || 1705922350, 17.602169027018 , 78.126600941127, 0.01 , 0.01 ,9.43 , 9.93 , 0.49 , -0.74 , 358.99
2024-01-22 16:49:10,140 :- 00396: 245 , 09.60 , -0.20 || 1705922350, 17.602171536565 , 78.126600915298, 0.01 , 0.01 ,10.00 , 9.94 , 0.52 , -0.74 , 358.99
2024-01-22 16:49:10,170 :- 00397: 248 , 09.70 , -0.20 || 1705922350, 17.602171536565 , 78.126600915298, 0.01 , 0.01 ,10.00 , 9.85 , 0.56 , -0.73 , 358.99
2024-01-22 16:49:10,200 :- 00398: 251 , 09.90 , -0.20 || 1705922350, 17.602171536565 , 78.126600915298, 0.01 , 0.01 ,10.00 , 9.84 , 0.58 , -0.72 , 358.99
2024-01-22 16:49:10,230 :- 00399: 254 , 10.00 , -0.20 || 1705922350, 17.602174143325 , 78.126600907823, 0.01 , 0.01 ,10.39 , 9.76 , 0.61 , -0.71 , 358.99
2024-01-22 16:49:10,260 :- 00400: 001 , 10.10 , -0.20 || 1705922350, 17.602174143325 , 78.126600907823, 0.01 , 0.01 ,10.39 , 9.82 , 0.62 , -0.71 , 358.99
2024-01-22 16:49:10,290 :- 00401: 004 , 10.30 , -0.20 || 1705922350, 17.602174143325 , 78.126600907823, 0.01 , 0.01 ,10.39 , 9.76 , 0.64 , -0.70 , 358.99
2024-01-22 16:49:10,320 :- 00402: 007 , 10.40 , -0.20 || 1705922350, 17.602174143325 , 78.126600907823, 0.01 , 0.01 ,10.85 , 9.82 , 0.65 , -0.71 , 358.99
2024-01-22 16:49:10,350 :- 00403: 010 , 10.60 , -0.20 || 1705922350, 17.602176865256 , 78.126600878765, 0.01 , 0.01 ,10.85 , 9.64 , 0.66 , -0.73 , 358.98
2024-01-22 16:49:10,380 :- 00404: 013 , 10.70 , -0.20 || 1705922350, 17.602176865256 , 78.126600878765, 0.01 , 0.01 ,10.85 , 9.57 , 0.65 , -0.74 , 358.98
2024-01-22 16:49:10,410 :- 00405: 016 , 10.80 , -0.20 || 1705922350, 17.602176865256 , 78.126600878765, 0.01 , 0.01 ,10.85 , 9.77 , 0.62 , -0.75 , 358.98
2024-01-22 16:49:10,440 :- 00406: 019 , 11.00 , -0.20 || 1705922350, 17.602179681031 , 78.126600823799, 0.01 , 0.01 ,11.22 , 10.01 , 0.60 , -0.76 , 358.98
2024-01-22 16:49:10,470 :- 00407: 022 , 11.10 , -0.20 || 1705922350, 17.602179681031 , 78.126600823799, 0.01 , 0.01 ,11.22 , 9.95 , 0.57 , -0.80 , 358.99
2024-01-22 16:49:10,500 :- 00408: 025 , 11.20 , -0.20 || 1705922350, 17.602179681031 , 78.126600823799, 0.01 , 0.01 ,11.22 , 9.66 , 0.55 , -0.81 , 358.99
2024-01-22 16:49:10,529 :- 00409: 028 , 11.40 , -0.20 || 1705922350, 17.602182614157 , 78.126600733984, 0.01 , 0.01 ,11.69 , 9.69 , 0.51 , -0.82 , 358.99
2024-01-22 16:49:10,560 :- 00410: 031 , 11.50 , -0.20 || 1705922350, 17.602182614157 , 78.126600733984, 0.01 , 0.01 ,11.69 , 9.92 , 0.49 , -0.83 , 358.99
2024-01-22 16:49:10,590 :- 00411: 034 , 11.60 , -0.20 || 1705922350, 17.602182614157 , 78.126600733984, 0.01 , 0.01 ,11.69 , 9.91 , 0.43 , -0.84 , 358.99
2024-01-22 16:49:10,620 :- 00412: 037 , 11.80 , -0.20 || 1705922350, 17.602182614157 , 78.126600733984, 0.01 , 0.01 ,12.17 , 10.12 , 0.40 , -0.84 , 358.99
2024-01-22 16:49:10,650 :- 00413: 040 , 11.90 , -0.20 || 1705922350, 17.602185667965 , 78.126600643175, 0.01 , 0.01 ,12.17 , 9.91 , 0.34 , -0.84 , 359.00
2024-01-22 16:49:10,680 :- 00414: 043 , 12.00 , -0.20 || 1705922350, 17.602185667965 , 78.126600643175, 0.01 , 0.01 ,12.17 , 10.01 , 0.32 , -0.84 , 359.00
2024-01-22 16:49:10,710 :- 00415: 046 , 12.20 , -0.20 || 1705922350, 17.602185667965 , 78.126600643175, 0.01 , 0.01 ,12.17 , 9.63 , 0.28 , -0.82 , 359.01
2024-01-22 16:49:10,740 :- 00416: 049 , 12.40 , -0.20 || 1705922350, 17.602188862404 , 78.126600538874, 0.01 , 0.01 ,12.73 , 9.38 , 0.27 , -0.83 , 359.01
2024-01-22 16:49:10,770 :- 00417: 052 , 12.50 , -0.20 || 1705922350, 17.602188862404 , 78.126600538874, 0.01 , 0.01 ,12.73 , 9.47 , 0.25 , -0.82 , 359.00
2024-01-22 16:49:10,800 :- 00418: 055 , 12.70 , -0.20 || 1705922350, 17.602188862404 , 78.126600538874, 0.01 , 0.01 ,12.73 , 9.64 , 0.24 , -0.81 , 358.99
2024-01-22 16:49:10,830 :- 00419: 058 , 12.80 , -0.20 || 1705922350, 17.602192135990 , 78.126600474208, 0.01 , 0.01 ,13.20 , 9.60 , 0.24 , -0.83 , 358.99
2024-01-22 16:49:10,860 :- 00420: 061 , 12.90 , -0.20 || 1705922350, 17.602192135990 , 78.126600474208, 0.01 , 0.01 ,13.20 , 9.64 , 0.24 , -0.84 , 358.98
2024-01-22 16:49:10,890 :- 00421: 064 , 13.10 , -0.20 || 1705922350, 17.602192135990 , 78.126600474208, 0.01 , 0.01 ,13.20 , 9.85 , 0.24 , -0.84 , 358.98
2024-01-22 16:49:10,920 :- 00422: 067 , 13.20 , -0.20 || 1705922350, 17.602192135990 , 78.126600474208, 0.01 , 0.01 ,13.64 , 9.84 , 0.25 , -0.87 , 358.98
2024-01-22 16:49:10,950 :- 00423: 070 , 13.30 , -0.20 || 1705922350, 17.602195558408 , 78.126600415891, 0.01 , 0.01 ,13.64 , 10.06 , 0.25 , -0.91 , 358.99
2024-01-22 16:49:10,980 :- 00424: 073 , 13.50 , -0.20 || 1705922350, 17.602195558408 , 78.126600415891, 0.01 , 0.01 ,13.64 , 10.23 , 0.25 , -0.93 , 358.99
2024-01-22 16:49:11,010 :- 00425: 076 , 13.60 , -0.20 || 1705922351, 17.602195558408 , 78.126600415891, 0.01 , 0.01 ,13.64 , 10.25 , 0.26 , -0.93 , 359.00
2024-01-22 16:49:11,040 :- 00426: 079 , 13.80 , -0.20 || 1705922351, 17.602199088736 , 78.126600358563, 0.01 , 0.01 ,14.07 , 10.27 , 0.25 , -0.94 , 359.01
2024-01-22 16:49:11,070 :- 00427: 082 , 13.90 , -0.20 || 1705922351, 17.602199088736 , 78.126600358563, 0.01 , 0.01 ,14.07 , 10.21 , 0.23 , -0.95 , 359.01
2024-01-22 16:49:11,100 :- 00428: 085 , 14.00 , -0.20 || 1705922351, 17.602199088736 , 78.126600358563, 0.01 , 0.01 ,14.07 , 10.19 , 0.22 , -0.93 , 359.02
2024-01-22 16:49:11,130 :- 00429: 088 , 14.20 , -0.30 || 1705922351, 17.602202749975 , 78.126600266387, 0.01 , 0.01 ,14.59 , 9.76 , 0.18 , -0.89 , 359.03
2024-01-22 16:49:11,160 :- 00430: 091 , 14.30 , -0.30 || 1705922351, 17.602202749975 , 78.126600266387, 0.01 , 0.01 ,14.59 , 9.61 , 0.16 , -0.91 , 359.03
2024-01-22 16:49:11,190 :- 00431: 094 , 14.40 , -0.30 || 1705922351, 17.602202749975 , 78.126600266387, 0.01 , 0.01 ,14.59 , 9.83 , 0.12 , -0.87 , 359.03
2024-01-22 16:49:11,220 :- 00432: 097 , 14.60 , -0.30 || 1705922351, 17.602202749975 , 78.126600266387, 0.01 , 0.01 ,15.03 , 9.44 , 0.10 , -0.84 , 359.04
2024-01-22 16:49:11,250 :- 00433: 100 , 14.70 , -0.40 || 1705922351, 17.602206520305 , 78.126600178151, 0.01 , 0.01 ,15.03 , 9.39 , 0.04 , -0.89 , 359.05
2024-01-22 16:49:11,280 :- 00434: 103 , 14.80 , -0.40 || 1705922351, 17.602206520305 , 78.126600178151, 0.01 , 0.01 ,15.03 , 9.44 , 0.01 , -0.88 , 359.05
2024-01-22 16:49:11,310 :- 00435: 106 , 14.90 , -0.40 || 1705922351, 17.602206520305 , 78.126600178151, 0.01 , 0.01 ,15.03 , 9.10 , -0.02 , -0.87 , 359.06
2024-01-22 16:49:11,360 :- 00436: 111 , 15.10 , -0.40 || 1705922351, 17.602210382609 , 78.126600067091, 0.01 , 0.01 ,15.40 , 9.49 , -0.04 , -0.93 , 359.08
2024-01-22 16:49:11,390 :- 00437: 114 , 15.20 , -0.40 || 1705922351, 17.602210382609 , 78.126600067091, 0.01 , 0.01 ,15.40 , 9.57 , -0.04 , -0.94 , 359.10
2024-01-22 16:49:11,420 :- 00438: 117 , 15.40 , -0.40 || 1705922351, 17.602210382609 , 78.126600067091, 0.01 , 0.01 ,15.77 , 9.87 , -0.04 , -0.96 , 359.11
2024-01-22 16:49:11,450 :- 00439: 120 , 15.40 , -0.40 || 1705922351, 17.602214338751 , 78.126599982379, 0.01 , 0.01 ,15.77 , 10.26 , -0.04 , -1.01 , 359.13
2024-01-22 16:49:11,480 :- 00440: 123 , 15.50 , -0.40 || 1705922351, 17.602214338751 , 78.126599982379, 0.01 , 0.01 ,15.77 , 10.41 , -0.04 , -1.02 , 359.13
2024-01-22 16:49:11,510 :- 00441: 126 , 15.60 , -0.40 || 1705922351, 17.602214338751 , 78.126599982379, 0.01 , 0.01 ,15.77 , 10.58 , -0.03 , -1.03 , 359.15
2024-01-22 16:49:11,540 :- 00442: 129 , 15.80 , -0.40 || 1705922351, 17.602218391551 , 78.126599939364, 0.01 , 0.01 ,16.15 , 10.53 , -0.02 , -1.03 , 359.16
2024-01-22 16:49:11,570 :- 00443: 132 , 15.90 , -0.40 || 1705922351, 17.602218391551 , 78.126599939364, 0.01 , 0.01 ,16.15 , 10.08 , 0.02 , -1.03 , 359.18
2024-01-22 16:49:11,600 :- 00444: 135 , 16.10 , -0.40 || 1705922351, 17.602218391551 , 78.126599939364, 0.01 , 0.01 ,16.15 , 10.17 , 0.04 , -1.01 , 359.18
2024-01-22 16:49:11,630 :- 00445: 138 , 16.20 , -0.40 || 1705922351, 17.602222574206 , 78.126599884523, 0.01 , 0.01 ,16.67 , 10.06 , 0.10 , -0.97 , 359.20
2024-01-22 16:49:11,660 :- 00446: 141 , 16.30 , -0.40 || 1705922351, 17.602222574206 , 78.126599884523, 0.01 , 0.01 ,16.67 , 9.55 , 0.12 , -0.96 , 359.20
2024-01-22 16:49:11,690 :- 00447: 144 , 16.40 , -0.40 || 1705922351, 17.602222574206 , 78.126599884523, 0.01 , 0.01 ,16.67 , 10.11 , 0.16 , -0.89 , 359.22
2024-01-22 16:49:11,720 :- 00448: 147 , 16.50 , -0.40 || 1705922351, 17.602222574206 , 78.126599884523, 0.01 , 0.01 ,17.11 , 9.77 , 0.18 , -0.86 , 359.23
2024-01-22 16:49:11,750 :- 00449: 150 , 16.70 , -0.40 || 1705922351, 17.602226875645 , 78.126599730149, 0.01 , 0.01 ,17.11 , 8.97 , 0.21 , -0.86 , 359.24
2024-01-22 16:49:11,780 :- 00450: 153 , 16.80 , -0.40 || 1705922351, 17.602226875645 , 78.126599730149, 0.01 , 0.01 ,17.11 , 9.52 , 0.21 , -0.83 , 359.25
2024-01-22 16:49:11,810 :- 00451: 156 , 16.90 , -0.40 || 1705922351, 17.602226875645 , 78.126599730149, 0.01 , 0.01 ,17.11 , 9.55 , 0.21 , -0.75 , 359.28
2024-01-22 16:49:11,840 :- 00452: 159 , 17.00 , -0.40 || 1705922351, 17.602231270966 , 78.126599679632, 0.01 , 0.01 ,17.51 , 9.36 , 0.20 , -0.77 , 359.29
2024-01-22 16:49:11,870 :- 00453: 162 , 17.10 , -0.40 || 1705922351, 17.602231270966 , 78.126599679632, 0.01 , 0.01 ,17.51 , 9.55 , 0.18 , -0.75 , 359.31
2024-01-22 16:49:11,900 :- 00454: 165 , 17.20 , -0.40 || 1705922351, 17.602231270966 , 78.126599679632, 0.01 , 0.01 ,17.51 , 9.62 , 0.17 , -0.71 , 359.32
2024-01-22 16:49:11,930 :- 00455: 168 , 17.30 , -0.40 || 1705922351, 17.602235733512 , 78.126599604696, 0.01 , 0.01 ,17.78 , 9.78 , 0.14 , -0.70 , 359.33
2024-01-22 16:49:11,960 :- 00456: 171 , 17.40 , -0.40 || 1705922351, 17.602235733512 , 78.126599604696, 0.01 , 0.01 ,17.78 , 9.96 , 0.12 , -0.72 , 359.34
2024-01-22 16:49:11,990 :- 00457: 174 , 17.50 , -0.40 || 1705922351, 17.602235733512 , 78.126599604696, 0.01 , 0.01 ,17.78 , 10.10 , 0.08 , -0.66 , 359.35
2024-01-22 16:49:12,020 :- 00458: 177 , 17.60 , -0.40 || 1705922352, 17.602235733512 , 78.126599604696, 0.01 , 0.01 ,17.78 , 10.13 , 0.06 , -0.64 , 359.35
2024-01-22 16:49:12,050 :- 00459: 180 , 17.70 , -0.40 || 1705922352, 17.602240294429 , 78.126599519772, 0.01 , 0.01 ,18.18 , 10.08 , 0.03 , -0.66 , 359.36
2024-01-22 16:49:12,080 :- 00460: 183 , 17.80 , -0.40 || 1705922352, 17.602240294429 , 78.126599519772, 0.01 , 0.01 ,18.18 , 10.00 , 0.03 , -0.64 , 359.36
2024-01-22 16:49:12,110 :- 00461: 186 , 17.90 , -0.40 || 1705922352, 17.602240294429 , 78.126599519772, 0.01 , 0.01 ,18.18 , 9.93 , 0.04 , -0.60 , 359.37
2024-01-22 16:49:12,140 :- 00462: 189 , 18.00 , -0.40 || 1705922352, 17.602244947562 , 78.126599445300, 0.01 , 0.01 ,18.54 , 9.80 , 0.06 , -0.60 , 359.37
2024-01-22 16:49:12,170 :- 00463: 192 , 18.20 , -0.40 || 1705922352, 17.602244947562 , 78.126599445300, 0.01 , 0.01 ,18.54 , 9.62 , 0.10 , -0.56 , 359.38
2024-01-22 16:49:12,200 :- 00464: 195 , 18.30 , -0.40 || 1705922352, 17.602244947562 , 78.126599445300, 0.01 , 0.01 ,18.54 , 9.57 , 0.13 , -0.54 , 359.38
2024-01-22 16:49:12,230 :- 00465: 198 , 18.40 , -0.40 || 1705922352, 17.602249693799 , 78.126599434236, 0.01 , 0.01 ,18.91 , 9.37 , 0.20 , -0.54 , 359.40
2024-01-22 16:49:12,260 :- 00466: 201 , 18.50 , -0.40 || 1705922352, 17.602249693799 , 78.126599434236, 0.01 , 0.01 ,18.91 , 9.45 , 0.24 , -0.54 , 359.41
2024-01-22 16:49:12,290 :- 00467: 204 , 18.60 , -0.40 || 1705922352, 17.602249693799 , 78.126599434236, 0.01 , 0.01 ,18.91 , 9.44 , 0.28 , -0.53 , 359.43
2024-01-22 16:49:12,320 :- 00468: 207 , 18.80 , -0.40 || 1705922352, 17.602249693799 , 78.126599434236, 0.01 , 0.01 ,19.26 , 9.54 , 0.31 , -0.55 , 359.44
2024-01-22 16:49:12,350 :- 00469: 210 , 18.90 , -0.40 || 1705922352, 17.602254527817 , 78.126599433255, 0.01 , 0.01 ,19.26 , 9.31 , 0.33 , -0.58 , 359.46
2024-01-22 16:49:12,380 :- 00470: 213 , 19.00 , -0.40 || 1705922352, 17.602254527817 , 78.126599433255, 0.01 , 0.01 ,19.26 , 9.46 , 0.34 , -0.60 , 359.47
2024-01-22 16:49:12,410 :- 00471: 216 , 19.00 , -0.40 || 1705922352, 17.602254527817 , 78.126599433255, 0.01 , 0.01 ,19.26 , 10.40 , 0.34 , -0.63 , 359.48
2024-01-22 16:49:12,440 :- 00472: 219 , 19.10 , -0.40 || 1705922352, 17.602259427508 , 78.126599406884, 0.01 , 0.01 ,19.52 , 10.01 , 0.35 , -0.65 , 359.49
2024-01-22 16:49:12,470 :- 00473: 222 , 19.20 , -0.40 || 1705922352, 17.602259427508 , 78.126599406884, 0.01 , 0.01 ,19.52 , 9.90 , 0.33 , -0.70 , 359.51
2024-01-22 16:49:12,500 :- 00474: 225 , 19.30 , -0.40 || 1705922352, 17.602259427508 , 78.126599406884, 0.01 , 0.01 ,19.52 , 10.34 , 0.33 , -0.69 , 359.52
2024-01-22 16:49:12,530 :- 00475: 228 , 19.50 , -0.40 || 1705922352, 17.602264427205 , 78.126599349553, 0.01 , 0.01 ,19.92 , 10.18 , 0.32 , -0.70 , 359.55
2024-01-22 16:49:12,560 :- 00476: 231 , 19.60 , -0.40 || 1705922352, 17.602264427205 , 78.126599349553, 0.01 , 0.01 ,19.92 , 9.96 , 0.32 , -0.72 , 359.56
2024-01-22 16:49:12,590 :- 00477: 234 , 19.70 , -0.40 || 1705922352, 17.602264427205 , 78.126599349553, 0.01 , 0.01 ,19.92 , 9.80 , 0.30 , -0.67 , 359.59
2024-01-22 16:49:12,620 :- 00478: 237 , 19.80 , -0.40 || 1705922352, 17.602264427205 , 78.126599349553, 0.01 , 0.01 ,20.33 , 10.01 , 0.29 , -0.64 , 359.60
2024-01-22 16:49:12,650 :- 00479: 240 , 19.90 , -0.40 || 1705922352, 17.602269528606 , 78.126599286738, 0.01 , 0.01 ,20.33 , 10.00 , 0.26 , -0.63 , 359.62
2024-01-22 16:49:12,680 :- 00480: 243 , 20.00 , -0.40 || 1705922352, 17.602269528606 , 78.126599286738, 0.01 , 0.01 ,20.33 , 9.86 , 0.25 , -0.61 , 359.62
2024-01-22 16:49:12,710 :- 00481: 246 , 20.10 , -0.40 || 1705922352, 17.602269528606 , 78.126599286738, 0.01 , 0.01 ,20.33 , 9.74 , 0.26 , -0.54 , 359.63
2024-01-22 16:49:12,740 :- 00482: 249 , 20.20 , -0.40 || 1705922352, 17.602274739324 , 78.126599243630, 0.01 , 0.01 ,20.76 , 9.61 , 0.27 , -0.53 , 359.64
2024-01-22 16:49:12,770 :- 00483: 252 , 20.30 , -0.40 || 1705922352, 17.602274739324 , 78.126599243630, 0.01 , 0.01 ,20.76 , 9.65 , 0.30 , -0.50 , 359.65
2024-01-22 16:49:12,800 :- 00484: 255 , 20.30 , -0.40 || 1705922352, 17.602274739324 , 78.126599243630, 0.01 , 0.01 ,20.76 , 9.76 , 0.31 , -0.47 , 359.65
2024-01-22 16:49:12,830 :- 00485: 002 , 20.40 , -0.40 || 1705922352, 17.602280009330 , 78.126599217071, 0.01 , 0.01 ,21.00 , 9.99 , 0.34 , -0.43 , 359.67
2024-01-22 16:49:12,860 :- 00486: 005 , 20.50 , -0.40 || 1705922352, 17.602280009330 , 78.126599217071, 0.01 , 0.01 ,21.00 , 9.66 , 0.36 , -0.44 , 359.69
2024-01-22 16:49:12,890 :- 00487: 008 , 20.60 , -0.40 || 1705922352, 17.602280009330 , 78.126599217071, 0.01 , 0.01 ,21.00 , 9.65 , 0.38 , -0.40 , 359.71
2024-01-22 16:49:12,920 :- 00488: 011 , 20.70 , -0.40 || 1705922352, 17.602280009330 , 78.126599217071, 0.01 , 0.01 ,21.31 , 10.02 , 0.41 , -0.36 , 359.73
2024-01-22 16:49:12,950 :- 00489: 014 , 20.80 , -0.40 || 1705922352, 17.602285357909 , 78.126599206572, 0.01 , 0.01 ,21.31 , 9.86 , 0.45 , -0.39 , 359.75
2024-01-22 16:49:12,980 :- 00490: 017 , 20.90 , -0.40 || 1705922352, 17.602285357909 , 78.126599206572, 0.01 , 0.01 ,21.31 , 9.25 , 0.46 , -0.40 , 359.76
2024-01-22 16:49:13,010 :- 00491: 020 , 21.00 , -0.40 || 1705922353, 17.602285357909 , 78.126599206572, 0.01 , 0.01 ,21.31 , 9.61 , 0.49 , -0.33 , 359.77
2024-01-22 16:49:13,040 :- 00492: 023 , 21.00 , -0.40 || 1705922353, 17.602290749301 , 78.126599211426, 0.01 , 0.01 ,21.48 , 9.78 , 0.52 , -0.36 , 359.77
2024-01-22 16:49:13,070 :- 00493: 026 , 21.10 , -0.40 || 1705922353, 17.602290749301 , 78.126599211426, 0.01 , 0.01 ,21.48 , 9.39 , 0.57 , -0.42 , 359.79
2024-01-22 16:49:13,100 :- 00494: 029 , 21.20 , -0.40 || 1705922353, 17.602290749301 , 78.126599211426, 0.01 , 0.01 ,21.48 , 9.52 , 0.61 , -0.39 , 359.80
2024-01-22 16:49:13,130 :- 00495: 032 , 21.30 , -0.40 || 1705922353, 17.602296210895 , 78.126599227061, 0.01 , 0.01 ,21.76 , 9.98 , 0.66 , -0.39 , 359.82
2024-01-22 16:49:13,160 :- 00496: 035 , 21.30 , -0.40 || 1705922353, 17.602296210895 , 78.126599227061, 0.01 , 0.01 ,21.76 , 9.90 , 0.68 , -0.41 , 359.84
2024-01-22 16:49:13,190 :- 00497: 038 , 21.40 , -0.40 || 1705922353, 17.602296210895 , 78.126599227061, 0.01 , 0.01 ,21.76 , 9.64 , 0.71 , -0.40 , 359.86
2024-01-22 16:49:13,220 :- 00498: 041 , 21.50 , -0.40 || 1705922353, 17.602296210895 , 78.126599227061, 0.01 , 0.01 ,22.05 , 9.94 , 0.71 , -0.41 , 359.87
2024-01-22 16:49:13,250 :- 00499: 044 , 21.60 , -0.40 || 1705922353, 17.602301744415 , 78.126599239105, 0.01 , 0.01 ,22.05 , 9.88 , 0.69 , -0.42 , 359.90
2024-01-22 16:49:13,280 :- 00500: 047 , 21.70 , -0.40 || 1705922353, 17.602301744415 , 78.126599239105, 0.01 , 0.01 ,22.05 , 9.89 , 0.69 , -0.43 , 359.91
2024-01-22 16:49:13,310 :- 00501: 050 , 21.70 , -0.40 || 1705922353, 17.602301744415 , 78.126599239105, 0.01 , 0.01 ,22.05 , 10.19 , 0.66 , -0.45 , 359.92
2024-01-22 16:49:13,340 :- 00502: 053 , 21.80 , -0.40 || 1705922353, 17.602307336632 , 78.126599216288, 0.01 , 0.01 ,22.28 , 10.01 , 0.65 , -0.44 , 359.93
2024-01-22 16:49:13,370 :- 00503: 056 , 21.90 , -0.40 || 1705922353, 17.602307336632 , 78.126599216288, 0.01 , 0.01 ,22.28 , 9.76 , 0.63 , -0.47 , 359.94
2024-01-22 16:49:13,400 :- 00504: 059 , 22.00 , -0.30 || 1705922353, 17.602307336632 , 78.126599216288, 0.01 , 0.01 ,22.28 , 10.18 , 0.62 , -0.46 , 359.95
2024-01-22 16:49:13,430 :- 00505: 062 , 22.10 , -0.30 || 1705922353, 17.602312999155 , 78.126599188689, 0.01 , 0.01 ,22.56 , 10.36 , 0.61 , -0.43 , 359.96
2024-01-22 16:49:13,460 :- 00506: 065 , 22.20 , -0.30 || 1705922353, 17.602312999155 , 78.126599188689, 0.01 , 0.01 ,22.56 , 9.11 , 0.63 , -0.46 , 359.97
2024-01-22 16:49:13,490 :- 00507: 068 , 22.30 , -0.30 || 1705922353, 17.602312999155 , 78.126599188689, 0.01 , 0.01 ,22.56 , 9.23 , 0.62 , -0.47 , 359.98
2024-01-22 16:49:13,520 :- 00508: 071 , 22.40 , -0.30 || 1705922353, 17.602312999155 , 78.126599188689, 0.01 , 0.01 ,22.83 , 9.81 , 0.63 , -0.42 , 359.99
2024-01-22 16:49:13,550 :- 00509: 074 , 22.40 , -0.20 || 1705922353, 17.602318728716 , 78.126599198972, 0.01 , 0.01 ,22.83 , 9.82 , 0.64 , -0.48 , 360.00
2024-01-22 16:49:13,580 :- 00510: 077 , 22.50 , -0.20 || 1705922353, 17.602318728716 , 78.126599198972, 0.01 , 0.01 ,22.83 , 9.96 , 0.66 , -0.50 , 0.00
2024-01-22 16:49:13,610 :- 00511: 080 , 22.50 , -0.20 || 1705922353, 17.602318728716 , 78.126599198972, 0.01 , 0.01 ,22.83 , 9.96 , 0.68 , -0.44 , 0.00
2024-01-22 16:49:13,640 :- 00512: 083 , 22.60 , -0.20 || 1705922353, 17.602324525349 , 78.126599215646, 0.01 , 0.01 ,23.10 , 9.88 , 0.69 , -0.46 , 0.01
2024-01-22 16:49:13,670 :- 00513: 086 , 22.60 , -0.20 || 1705922353, 17.602324525349 , 78.126599215646, 0.01 , 0.01 ,23.10 , 9.96 , 0.71 , -0.48 , 0.01
2024-01-22 16:49:13,700 :- 00514: 089 , 22.70 , -0.20 || 1705922353, 17.602324525349 , 78.126599215646, 0.01 , 0.01 ,23.10 , 9.96 , 0.72 , -0.44 , 0.01
2024-01-22 16:49:13,729 :- 00515: 092 , 22.80 , -0.20 || 1705922353, 17.602330370774 , 78.126599239134, 0.01 , 0.01 ,23.29 , 10.10 , 0.72 , -0.43 , 0.01
2024-01-22 16:49:13,760 :- 00516: 095 , 22.90 , -0.20 || 1705922353, 17.602330370774 , 78.126599239134, 0.01 , 0.01 ,23.29 , 9.77 , 0.73 , -0.42 , 0.02
2024-01-22 16:49:13,790 :- 00517: 098 , 22.90 , -0.20 || 1705922353, 17.602330370774 , 78.126599239134, 0.01 , 0.01 ,23.29 , 9.83 , 0.72 , -0.38 , 0.02
2024-01-22 16:49:13,820 :- 00518: 101 , 23.00 , -0.20 || 1705922353, 17.602330370774 , 78.126599239134, 0.01 , 0.01 ,23.61 , 9.85 , 0.72 , -0.37 , 0.02
2024-01-22 16:49:13,850 :- 00519: 104 , 23.10 , -0.20 || 1705922353, 17.602336297186 , 78.126599245258, 0.01 , 0.01 ,23.61 , 9.61 , 0.69 , -0.37 , 0.02
2024-01-22 16:49:13,880 :- 00520: 107 , 23.10 , -0.20 || 1705922353, 17.602336297186 , 78.126599245258, 0.01 , 0.01 ,23.61 , 9.89 , 0.68 , -0.35 , 0.02
2024-01-22 16:49:13,910 :- 00521: 110 , 23.20 , -0.20 || 1705922353, 17.602336297186 , 78.126599245258, 0.01 , 0.01 ,23.61 , 9.65 , 0.66 , -0.36 , 0.02
2024-01-22 16:49:13,940 :- 00522: 113 , 23.30 , -0.10 || 1705922353, 17.602342264914 , 78.126599224322, 0.01 , 0.01 ,23.78 , 9.41 , 0.65 , -0.40 , 0.02
2024-01-22 16:49:13,970 :- 00523: 116 , 23.30 , -0.10 || 1705922353, 17.602342264914 , 78.126599224322, 0.01 , 0.01 ,23.78 , 9.55 , 0.64 , -0.39 , 0.02
2024-01-22 16:49:14,000 :- 00524: 119 , 23.40 , -0.10 || 1705922353, 17.602342264914 , 78.126599224322, 0.01 , 0.01 ,23.78 , 9.90 , 0.63 , -0.37 , 0.02
2024-01-22 16:49:14,031 :- 00525: 122 , 23.50 , -0.10 || 1705922354, 17.602342264914 , 78.126599224322, 0.01 , 0.01 ,23.92 , 9.95 , 0.61 , -0.41 , 0.02
2024-01-22 16:49:14,060 :- 00526: 125 , 23.50 , -0.10 || 1705922354, 17.602348292953 , 78.126599179795, 0.01 , 0.01 ,23.92 , 9.55 , 0.60 , -0.46 , 0.02
2024-01-22 16:49:14,090 :- 00527: 128 , 23.60 , -0.10 || 1705922354, 17.602348292953 , 78.126599179795, 0.01 , 0.01 ,23.92 , 9.62 , 0.61 , -0.40 , 0.02
2024-01-22 16:49:14,120 :- 00528: 131 , 23.60 , -0.00 || 1705922354, 17.602348292953 , 78.126599179795, 0.01 , 0.01 ,24.16 , 9.98 , 0.61 , -0.42 , 0.02
2024-01-22 16:49:14,150 :- 00529: 134 , 23.70 , -0.00 || 1705922354, 17.602354356008 , 78.126599164975, 0.01 , 0.01 ,24.16 , 9.85 , 0.63 , -0.47 , 0.01
2024-01-22 16:49:14,180 :- 00530: 137 , 23.70 , 00.00 || 1705922354, 17.602354356008 , 78.126599164975, 0.01 , 0.01 ,24.16 , 10.08 , 0.64 , -0.42 , 0.00
2024-01-22 16:49:14,210 :- 00531: 140 , 23.80 , 00.00 || 1705922354, 17.602354356008 , 78.126599164975, 0.01 , 0.01 ,24.16 , 10.18 , 0.65 , -0.42 , 359.99
2024-01-22 16:49:14,240 :- 00532: 143 , 23.80 , 00.00 || 1705922354, 17.602360482350 , 78.126599183019, 0.01 , 0.01 ,24.41 , 10.14 , 0.67 , -0.43 , 359.98
2024-01-22 16:49:14,270 :- 00533: 146 , 23.90 , 00.00 || 1705922354, 17.602360482350 , 78.126599183019, 0.01 , 0.01 ,24.41 , 10.28 , 0.71 , -0.36 , 359.96
2024-01-22 16:49:14,300 :- 00534: 149 , 23.90 , 00.00 || 1705922354, 17.602360482350 , 78.126599183019, 0.01 , 0.01 ,24.41 , 10.36 , 0.72 , -0.34 , 359.95
2024-01-22 16:49:14,330 :- 00535: 152 , 24.00 , 00.00 || 1705922354, 17.602366663231 , 78.126599198031, 0.01 , 0.01 ,24.63 , 9.12 , 0.76 , -0.36 , 359.93
2024-01-22 16:49:14,360 :- 00536: 155 , 24.10 , 00.00 || 1705922354, 17.602366663231 , 78.126599198031, 0.01 , 0.01 ,24.63 , 9.70 , 0.77 , -0.34 , 359.93
2024-01-22 16:49:14,390 :- 00537: 158 , 24.10 , 00.00 || 1705922354, 17.602366663231 , 78.126599198031, 0.01 , 0.01 ,24.63 , 9.75 , 0.79 , -0.28 , 359.92
2024-01-22 16:49:14,420 :- 00538: 161 , 24.20 , 00.00 || 1705922354, 17.602366663231 , 78.126599198031, 0.01 , 0.01 ,24.72 , 9.21 , 0.79 , -0.32 , 359.91
2024-01-22 16:49:14,450 :- 00539: 164 , 24.20 , 00.00 || 1705922354, 17.602372867832 , 78.126599203860, 0.01 , 0.01 ,24.72 , 9.45 , 0.80 , -0.34 , 359.89
2024-01-22 16:49:14,480 :- 00540: 167 , 24.30 , 00.00 || 1705922354, 17.602372867832 , 78.126599203860, 0.01 , 0.01 ,24.72 , 10.04 , 0.80 , -0.30 , 359.89
2024-01-22 16:49:14,510 :- 00541: 170 , 24.30 , 00.00 || 1705922354, 17.602372867832 , 78.126599203860, 0.01 , 0.01 ,24.72 , 9.40 , 0.81 , -0.37 , 359.87
2024-01-22 16:49:14,540 :- 00542: 173 , 24.30 , 00.00 || 1705922354, 17.602379097760 , 78.126599187552, 0.01 , 0.01 ,24.82 , 9.78 , 0.82 , -0.38 , 359.87
2024-01-22 16:49:14,570 :- 00543: 176 , 24.40 , 00.00 || 1705922354, 17.602379097760 , 78.126599187552, 0.01 , 0.01 ,24.82 , 10.15 , 0.81 , -0.29 , 359.85
2024-01-22 16:49:14,600 :- 00544: 179 , 24.40 , 00.00 || 1705922354, 17.602379097760 , 78.126599187552, 0.01 , 0.01 ,24.82 , 10.04 , 0.80 , -0.31 , 359.85
2024-01-22 16:49:14,630 :- 00545: 182 , 24.40 , 00.00 || 1705922354, 17.602385371556 , 78.126599159711, 0.01 , 0.01 ,25.00 , 10.19 , 0.81 , -0.33 , 359.84
2024-01-22 16:49:14,660 :- 00546: 185 , 24.40 , 00.00 || 1705922354, 17.602385371556 , 78.126599159711, 0.01 , 0.01 ,25.00 , 10.08 , 0.81 , -0.28 , 359.83
2024-01-22 16:49:14,690 :- 00547: 188 , 24.40 , 00.00 || 1705922354, 17.602385371556 , 78.126599159711, 0.01 , 0.01 ,25.00 , 9.83 , 0.82 , -0.29 , 359.81
2024-01-22 16:49:14,720 :- 00548: 191 , 24.50 , 00.00 || 1705922354, 17.602385371556 , 78.126599159711, 0.01 , 0.01 ,25.05 , 9.77 , 0.84 , -0.29 , 359.80
2024-01-22 16:49:14,750 :- 00549: 194 , 24.50 , 00.00 || 1705922354, 17.602391658792 , 78.126599154561, 0.01 , 0.01 ,25.05 , 10.04 , 0.85 , -0.20 , 359.79
2024-01-22 16:49:14,780 :- 00550: 197 , 24.50 , 00.00 || 1705922354, 17.602391658792 , 78.126599154561, 0.01 , 0.01 ,25.05 , 9.92 , 0.87 , -0.18 , 359.78
2024-01-22 16:49:14,810 :- 00551: 200 , 24.50 , 00.00 || 1705922354, 17.602391658792 , 78.126599154561, 0.01 , 0.01 ,25.05 , 9.82 , 0.93 , -0.16 , 359.76
2024-01-22 16:49:14,840 :- 00552: 203 , 24.60 , 00.00 || 1705922354, 17.602397977560 , 78.126599134689, 0.01 , 0.01 ,25.18 , 9.41 , 0.95 , -0.13 , 359.76
2024-01-22 16:49:14,870 :- 00553: 206 , 24.60 , 00.00 || 1705922354, 17.602397977560 , 78.126599134689, 0.01 , 0.01 ,25.18 , 9.89 , 1.02 , -0.11 , 359.75
2024-01-22 16:49:14,900 :- 00554: 209 , 24.50 , 00.00 || 1705922354, 17.602397977560 , 78.126599134689, 0.01 , 0.01 ,25.18 , 9.76 , 1.04 , -0.10 , 359.74
2024-01-22 16:49:14,930 :- 00555: 212 , 24.50 , 00.00 || 1705922354, 17.602404270627 , 78.126599153205, 0.01 , 0.01 ,25.08 , 9.68 , 1.10 , -0.07 , 359.73
2024-01-22 16:49:14,960 :- 00556: 215 , 24.50 , 00.00 || 1705922354, 17.602404270627 , 78.126599153205, 0.01 , 0.01 ,25.08 , 9.50 , 1.12 , -0.08 , 359.73
2024-01-22 16:49:14,990 :- 00557: 218 , 24.50 , 00.00 || 1705922354, 17.602404270627 , 78.126599153205, 0.01 , 0.01 ,25.08 , 9.51 , 1.15 , -0.06 , 359.72
2024-01-22 16:49:15,020 :- 00558: 221 , 24.50 , 00.00 || 1705922355, 17.602404270627 , 78.126599153205, 0.01 , 0.01 ,25.08 , 9.69 , 1.16 , -0.06 , 359.71
2024-01-22 16:49:15,050 :- 00559: 224 , 24.50 , 00.00 || 1705922355, 17.602410539616 , 78.126599146097, 0.01 , 0.01 ,24.98 , 10.01 , 1.18 , -0.06 , 359.70
2024-01-22 16:49:15,080 :- 00560: 227 , 24.40 , 00.00 || 1705922355, 17.602410539616 , 78.126599146097, 0.01 , 0.01 ,24.98 , 9.80 , 1.19 , -0.06 , 359.69
2024-01-22 16:49:15,110 :- 00561: 230 , 24.40 , 00.00 || 1705922355, 17.602410539616 , 78.126599146097, 0.01 , 0.01 ,24.98 , 9.69 , 1.21 , -0.03 , 359.68
2024-01-22 16:49:15,140 :- 00562: 233 , 24.40 , 00.00 || 1705922355, 17.602416795774 , 78.126599116574, 0.01 , 0.01 ,24.93 , 10.04 , 1.22 , -0.01 , 359.68
2024-01-22 16:49:15,170 :- 00563: 236 , 24.40 , 00.00 || 1705922355, 17.602416795774 , 78.126599116574, 0.01 , 0.01 ,24.93 , 9.65 , 1.25 , -0.00 , 359.66
2024-01-22 16:49:15,200 :- 00564: 239 , 24.30 , 00.00 || 1705922355, 17.602416795774 , 78.126599116574, 0.01 , 0.01 ,24.93 , 9.89 , 1.26 , 0.01 , 359.65
2024-01-22 16:49:15,230 :- 00565: 242 , 24.30 , 00.00 || 1705922355, 17.602423034764 , 78.126599093327, 0.01 , 0.01 ,24.86 , 10.04 , 1.28 , 0.04 , 359.64
2024-01-22 16:49:15,260 :- 00566: 245 , 24.20 , 00.00 || 1705922355, 17.602423034764 , 78.126599093327, 0.01 , 0.01 ,24.86 , 9.88 , 1.29 , 0.05 , 359.62
2024-01-22 16:49:15,290 :- 00567: 248 , 24.20 , 00.00 || 1705922355, 17.602423034764 , 78.126599093327, 0.01 , 0.01 ,24.86 , 9.86 , 1.32 , 0.06 , 359.60
2024-01-22 16:49:15,320 :- 00568: 251 , 24.20 , 00.00 || 1705922355, 17.602423034764 , 78.126599093327, 0.01 , 0.01 ,24.77 , 9.86 , 1.33 , 0.08 , 359.59
2024-01-22 16:49:15,350 :- 00569: 254 , 24.20 , 00.00 || 1705922355, 17.602429250793 , 78.126599067516, 0.01 , 0.01 ,24.77 , 9.89 , 1.35 , 0.11 , 359.58
2024-01-22 16:49:15,380 :- 00570: 001 , 24.10 , 00.00 || 1705922355, 17.602429250793 , 78.126599067516, 0.01 , 0.01 ,24.77 , 9.72 , 1.36 , 0.13 , 359.58
2024-01-22 16:49:15,410 :- 00571: 004 , 24.20 , 00.00 || 1705922355, 17.602429250793 , 78.126599067516, 0.01 , 0.01 ,24.77 , 9.41 , 1.37 , 0.13 , 359.57
2024-01-22 16:49:15,440 :- 00572: 007 , 24.20 , 00.00 || 1705922355, 17.602435427901 , 78.126599052654, 0.01 , 0.01 ,24.61 , 9.27 , 1.36 , 0.14 , 359.57
2024-01-22 16:49:15,470 :- 00573: 010 , 24.10 , 00.00 || 1705922355, 17.602435427901 , 78.126599052654, 0.01 , 0.01 ,24.61 , 9.87 , 1.34 , 0.18 , 359.56
2024-01-22 16:49:15,500 :- 00574: 013 , 24.00 , 00.00 || 1705922355, 17.602435427901 , 78.126599052654, 0.01 , 0.01 ,24.61 , 9.75 , 1.32 , 0.16 , 359.55
2024-01-22 16:49:15,530 :- 00575: 016 , 24.00 , 00.00 || 1705922355, 17.602441568736 , 78.126598973071, 0.01 , 0.01 ,24.47 , 9.61 , 1.29 , 0.15 , 359.54
2024-01-22 16:49:15,560 :- 00576: 019 , 23.90 , 00.00 || 1705922355, 17.602441568736 , 78.126598973071, 0.01 , 0.01 ,24.47 , 10.24 , 1.28 , 0.17 , 359.53
2024-01-22 16:49:15,590 :- 00577: 022 , 23.90 , 00.00 || 1705922355, 17.602441568736 , 78.126598973071, 0.01 , 0.01 ,24.47 , 9.58 , 1.25 , 0.16 , 359.52
2024-01-22 16:49:15,620 :- 00578: 025 , 23.80 , 00.00 || 1705922355, 17.602441568736 , 78.126598973071, 0.01 , 0.01 ,24.27 , 9.50 , 1.24 , 0.14 , 359.51
2024-01-22 16:49:15,649 :- 00579: 028 , 23.80 , 00.00 || 1705922355, 17.602447659191 , 78.126598902469, 0.01 , 0.01 ,24.27 , 10.11 , 1.21 , 0.18 , 359.51
2024-01-22 16:49:15,680 :- 00580: 031 , 23.70 , 00.00 || 1705922355, 17.602447659191 , 78.126598902469, 0.01 , 0.01 ,24.27 , 10.00 , 1.20 , 0.18 , 359.50
2024-01-22 16:49:15,710 :- 00581: 034 , 23.70 , 00.00 || 1705922355, 17.602447659191 , 78.126598902469, 0.01 , 0.01 ,24.27 , 9.71 , 1.17 , 0.18 , 359.49
2024-01-22 16:49:15,740 :- 00582: 037 , 23.60 , 00.00 || 1705922355, 17.602453714415 , 78.126598836031, 0.01 , 0.01 ,24.13 , 9.99 , 1.15 , 0.19 , 359.48
2024-01-22 16:49:15,770 :- 00583: 040 , 23.60 , 00.00 || 1705922355, 17.602453714415 , 78.126598836031, 0.01 , 0.01 ,24.13 , 9.84 , 1.13 , 0.20 , 359.47
2024-01-22 16:49:15,799 :- 00584: 043 , 23.50 , 00.00 || 1705922355, 17.602453714415 , 78.126598836031, 0.01 , 0.01 ,24.13 , 9.38 , 1.13 , 0.18 , 359.46
2024-01-22 16:49:15,830 :- 00585: 046 , 23.50 , 00.00 || 1705922355, 17.602459724491 , 78.126598747885, 0.01 , 0.01 ,23.95 , 9.97 , 1.10 , 0.20 , 359.45
2024-01-22 16:49:15,859 :- 00586: 049 , 23.40 , 00.00 || 1705922355, 17.602459724491 , 78.126598747885, 0.01 , 0.01 ,23.95 , 9.72 , 1.10 , 0.20 , 359.44
2024-01-22 16:49:15,890 :- 00587: 052 , 23.40 , 00.00 || 1705922355, 17.602459724491 , 78.126598747885, 0.01 , 0.01 ,23.95 , 9.85 , 1.09 , 0.17 , 359.44
2024-01-22 16:49:15,920 :- 00588: 055 , 23.30 , 00.00 || 1705922355, 17.602459724491 , 78.126598747885, 0.01 , 0.01 ,23.75 , 9.88 , 1.07 , 0.17 , 359.43
2024-01-22 16:49:15,950 :- 00589: 058 , 23.30 , 00.00 || 1705922355, 17.602465683509 , 78.126598681771, 0.01 , 0.01 ,23.75 , 9.71 , 1.05 , 0.16 , 359.43
2024-01-22 16:49:15,980 :- 00590: 061 , 23.30 , 00.00 || 1705922355, 17.602465683509 , 78.126598681771, 0.01 , 0.01 ,23.75 , 9.62 , 1.04 , 0.15 , 359.42
2024-01-22 16:49:16,010 :- 00591: 064 , 23.20 , 00.00 || 1705922356, 17.602465683509 , 78.126598681771, 0.01 , 0.01 ,23.75 , 10.00 , 1.01 , 0.16 , 359.41
2024-01-22 16:49:16,040 :- 00592: 067 , 23.20 , 00.00 || 1705922356, 17.602465683509 , 78.126598681771, 0.01 , 0.01 ,23.65 , 9.52 , 1.00 , 0.14 , 359.41
2024-01-22 16:49:16,070 :- 00593: 070 , 23.20 , 00.00 || 1705922356, 17.602471618436 , 78.126598596375, 0.01 , 0.01 ,23.65 , 9.69 , 0.98 , 0.14 , 359.39
2024-01-22 16:49:16,100 :- 00594: 073 , 23.10 , 00.00 || 1705922356, 17.602471618436 , 78.126598596375, 0.01 , 0.01 ,23.65 , 9.89 , 0.98 , 0.15 , 359.39
2024-01-22 16:49:16,130 :- 00595: 076 , 23.10 , 00.00 || 1705922356, 17.602477528298 , 78.126598525645, 0.01 , 0.01 ,23.55 , 9.71 , 0.98 , 0.11 , 359.37
2024-01-22 16:49:16,160 :- 00596: 079 , 23.00 , 00.00 || 1705922356, 17.602477528298 , 78.126598525645, 0.01 , 0.01 ,23.55 , 9.97 , 0.98 , 0.10 , 359.37
2024-01-22 16:49:16,190 :- 00597: 082 , 23.00 , 00.00 || 1705922356, 17.602477528298 , 78.126598525645, 0.01 , 0.01 ,23.55 , 9.92 , 0.98 , 0.11 , 359.36
2024-01-22 16:49:16,220 :- 00598: 085 , 23.00 , 00.00 || 1705922356, 17.602477528298 , 78.126598525645, 0.01 , 0.01 ,23.37 , 10.15 , 0.97 , 0.09 , 359.36
2024-01-22 16:49:16,250 :- 00599: 088 , 23.00 , 00.00 || 1705922356, 17.602483393960 , 78.126598451938, 0.01 , 0.01 ,23.37 , 9.82 , 0.93 , 0.09 , 359.34
2024-01-22 16:49:16,280 :- 00600: 091 , 22.90 , 00.00 || 1705922356, 17.602483393960 , 78.126598451938, 0.01 , 0.01 ,23.37 , 9.93 , 0.93 , 0.09 , 359.34
2024-01-22 16:49:16,310 :- 00601: 094 , 22.90 , 00.00 || 1705922356, 17.602483393960 , 78.126598451938, 0.01 , 0.01 ,23.37 , 9.89 , 0.91 , 0.09 , 359.33
2024-01-22 16:49:16,340 :- 00602: 097 , 22.90 , 00.00 || 1705922356, 17.602489235240 , 78.126598352717, 0.01 , 0.01 ,23.28 , 9.65 , 0.89 , 0.09 , 359.32
2024-01-22 16:49:16,380 :- 00603: 101 , 22.80 , 00.00 || 1705922356, 17.602489235240 , 78.126598352717, 0.01 , 0.01 ,23.28 , 9.69 , 0.87 , 0.09 , 359.31
2024-01-22 16:49:16,410 :- 00604: 104 , 22.80 , 00.00 || 1705922356, 17.602489235240 , 78.126598352717, 0.01 , 0.01 ,23.28 , 9.63 , 0.83 , 0.10 , 359.30
2024-01-22 16:49:16,440 :- 00605: 107 , 22.70 , 00.00 || 1705922356, 17.602495042823 , 78.126598260526, 0.01 , 0.01 ,23.14 , 10.05 , 0.82 , 0.08 , 359.30
2024-01-22 16:49:16,470 :- 00606: 110 , 22.60 , 00.00 || 1705922356, 17.602495042823 , 78.126598260526, 0.01 , 0.01 ,23.14 , 9.71 , 0.80 , 0.13 , 359.29
2024-01-22 16:49:16,500 :- 00607: 113 , 22.60 , 00.00 || 1705922356, 17.602495042823 , 78.126598260526, 0.01 , 0.01 ,23.14 , 9.92 , 0.79 , 0.13 , 359.29
2024-01-22 16:49:16,530 :- 00608: 116 , 22.50 , 00.00 || 1705922356, 17.602500779586 , 78.126598157817, 0.01 , 0.01 ,22.96 , 10.28 , 0.78 , 0.14 , 359.28
