2024-01-30 14:34:58,505 :- 00001: Feedback Code Starting
2024-01-30 14:34:58,531 :- 00002: 197 , 30.00 , -0.20 || 1706605498, 17.601706651849 , 78.126609247475, 0.01 , 0.01 ,28.56 , 10.35 , 0.93 , -0.52 , 358.66
2024-01-30 14:34:58,560 :- 00003: 200 , 30.00 , -0.20 || 1706605498, 17.601706651849 , 78.126609247475, 0.01 , 0.01 ,28.56 , 10.02 , 0.94 , -0.53 , 358.67
2024-01-30 14:34:58,590 :- 00004: 203 , 30.00 , -0.20 || 1706605498, 17.601706651849 , 78.126609247475, 0.01 , 0.01 ,28.56 , 9.89 , 0.93 , -0.53 , 358.68
2024-01-30 14:34:58,620 :- 00005: 206 , 30.00 , -0.20 || 1706605498, 17.601713894782 , 78.126609172480, 0.01 , 0.01 ,28.86 , 10.23 , 0.92 , -0.52 , 358.69
2024-01-30 14:34:58,650 :- 00006: 209 , 30.00 , -0.20 || 1706605498, 17.601713894782 , 78.126609172480, 0.01 , 0.01 ,28.86 , 9.55 , 0.92 , -0.51 , 358.70
2024-01-30 14:34:58,680 :- 00007: 212 , 30.00 , -0.20 || 1706605498, 17.601713894782 , 78.126609172480, 0.01 , 0.01 ,28.86 , 10.08 , 0.91 , -0.49 , 358.70
2024-01-30 14:34:58,710 :- 00008: 215 , 30.00 , -0.20 || 1706605498, 17.601713894782 , 78.126609172480, 0.01 , 0.01 ,29.10 , 9.74 , 0.91 , -0.48 , 358.71
2024-01-30 14:34:58,740 :- 00009: 218 , 30.00 , -0.20 || 1706605498, 17.601721196521 , 78.126609077393, 0.01 , 0.01 ,29.10 , 9.93 , 0.91 , -0.45 , 358.71
2024-01-30 14:34:58,770 :- 00010: 221 , 30.00 , -0.20 || 1706605498, 17.601721196521 , 78.126609077393, 0.01 , 0.01 ,29.10 , 9.49 , 0.91 , -0.45 , 358.72
2024-01-30 14:34:58,800 :- 00011: 224 , 30.00 , -0.20 || 1706605498, 17.601721196521 , 78.126609077393, 0.01 , 0.01 ,29.30 , 9.37 , 0.90 , -0.43 , 358.74
2024-01-30 14:34:58,830 :- 00012: 227 , 30.00 , -0.20 || 1706605498, 17.601728550417 , 78.126608996569, 0.01 , 0.01 ,29.30 , 10.36 , 0.90 , -0.41 , 358.74
2024-01-30 14:34:58,860 :- 00013: 230 , 30.00 , -0.20 || 1706605498, 17.601728550417 , 78.126608996569, 0.01 , 0.01 ,29.30 , 8.97 , 0.90 , -0.40 , 358.76
2024-01-30 14:34:58,890 :- 00014: 233 , 30.00 , -0.20 || 1706605498, 17.601728550417 , 78.126608996569, 0.01 , 0.01 ,29.30 , 9.49 , 0.89 , -0.43 , 358.77
2024-01-30 14:34:58,920 :- 00015: 236 , 30.00 , -0.20 || 1706605498, 17.601735988231 , 78.126608912620, 0.01 , 0.01 ,29.64 , 9.54 , 0.87 , -0.43 , 358.78
2024-01-30 14:34:58,950 :- 00016: 239 , 30.00 , -0.20 || 1706605498, 17.601735988231 , 78.126608912620, 0.01 , 0.01 ,29.64 , 9.83 , 0.84 , -0.42 , 358.79
2024-01-30 14:34:58,980 :- 00017: 239 , 30.00 , -0.20 || 1706605498, 17.601735988231 , 78.126608912620, 0.01 , 0.01 ,29.64 , 9.83 , 0.84 , -0.42 , 358.791706605498, 17.601735988231 , 78.126608912620, 0.01 , 0.01 ,29.64 , 9.98 , 0.80 , -0.47 , 358.80
2024-01-30 14:34:59,000 :- 00018: 244 , 30.00 , -0.20 || 1706605498, 17.601735988231 , 78.126608912620, 0.01 , 0.01 ,29.64 , 9.57 , 0.77 , -0.49 , 358.81
2024-01-30 14:34:59,030 :- 00019: 247 , 30.00 , -0.20 || 1706605499, 17.601743455859 , 78.126608837298, 0.01 , 0.01 ,29.76 , 9.92 , 0.75 , -0.49 , 358.82
2024-01-30 14:34:59,060 :- 00020: 250 , 30.00 , -0.20 || 1706605499, 17.601743455859 , 78.126608837298, 0.01 , 0.01 ,29.76 , 9.89 , 0.71 , -0.52 , 358.84
2024-01-30 14:34:59,090 :- 00021: 253 , 30.00 , -0.20 || 1706605499, 17.601743455859 , 78.126608837298, 0.01 , 0.01 ,29.76 , 9.93 , 0.70 , -0.52 , 358.84
2024-01-30 14:34:59,120 :- 00022: 000 , 30.00 , -0.20 || 1706605499, 17.601751005996 , 78.126608748323, 0.01 , 0.01 ,30.09 , 9.96 , 0.70 , -0.54 , 358.86
2024-01-30 14:34:59,150 :- 00023: 003 , 30.00 , -0.20 || 1706605499, 17.601751005996 , 78.126608748323, 0.01 , 0.01 ,30.09 , 9.98 , 0.70 , -0.55 , 358.86
2024-01-30 14:34:59,180 :- 00024: 006 , 30.00 , -0.20 || 1706605499, 17.601751005996 , 78.126608748323, 0.01 , 0.01 ,30.09 , 10.06 , 0.70 , -0.57 , 358.87
2024-01-30 14:34:59,210 :- 00025: 009 , 30.00 , -0.20 || 1706605499, 17.601751005996 , 78.126608748323, 0.01 , 0.01 ,30.40 , 9.75 , 0.72 , -0.58 , 358.87
2024-01-30 14:34:59,240 :- 00026: 012 , 30.00 , -0.20 || 1706605499, 17.601758635771 , 78.126608655630, 0.01 , 0.01 ,30.40 , 10.05 , 0.75 , -0.58 , 358.89
2024-01-30 14:34:59,270 :- 00027: 015 , 30.00 , -0.20 || 1706605499, 17.601758635771 , 78.126608655630, 0.01 , 0.01 ,30.40 , 10.18 , 0.75 , -0.56 , 358.90
2024-01-30 14:34:59,300 :- 00028: 018 , 30.00 , -0.20 || 1706605499, 17.601758635771 , 78.126608655630, 0.01 , 0.01 ,30.71 , 9.76 , 0.75 , -0.57 , 358.92
2024-01-30 14:34:59,330 :- 00029: 021 , 30.00 , -0.20 || 1706605499, 17.601766342119 , 78.126608627855, 0.01 , 0.01 ,30.71 , 9.87 , 0.77 , -0.57 , 358.93
2024-01-30 14:34:59,360 :- 00030: 024 , 30.00 , -0.20 || 1706605499, 17.601766342119 , 78.126608627855, 0.01 , 0.01 ,30.71 , 9.55 , 0.80 , -0.53 , 358.94
2024-01-30 14:34:59,390 :- 00031: 027 , 30.00 , -0.20 || 1706605499, 17.601766342119 , 78.126608627855, 0.01 , 0.01 ,30.71 , 9.98 , 0.82 , -0.53 , 358.95
2024-01-30 14:34:59,420 :- 00032: 030 , 30.00 , -0.10 || 1706605499, 17.601774124247 , 78.126608587822, 0.01 , 0.01 ,31.01 , 9.69 , 0.87 , -0.49 , 358.96
2024-01-30 14:34:59,450 :- 00033: 033 , 30.00 , -0.10 || 1706605499, 17.601774124247 , 78.126608587822, 0.01 , 0.01 ,31.01 , 9.98 , 0.89 , -0.51 , 358.97
2024-01-30 14:34:59,480 :- 00034: 036 , 30.00 , -0.10 || 1706605499, 17.601774124247 , 78.126608587822, 0.01 , 0.01 ,31.01 , 10.09 , 0.97 , -0.47 , 358.99
2024-01-30 14:34:59,510 :- 00035: 039 , 30.00 , -0.10 || 1706605499, 17.601774124247 , 78.126608587822, 0.01 , 0.01 ,31.28 , 8.68 , 1.00 , -0.49 , 358.99
2024-01-30 14:34:59,540 :- 00036: 042 , 30.00 , -0.10 || 1706605499, 17.601781973710 , 78.126608576302, 0.01 , 0.01 ,31.28 , 9.81 , 1.04 , -0.49 , 359.00
2024-01-30 14:34:59,570 :- 00037: 045 , 30.00 , -0.10 || 1706605499, 17.601781973710 , 78.126608576302, 0.01 , 0.01 ,31.28 , 10.13 , 1.04 , -0.49 , 359.00
2024-01-30 14:34:59,600 :- 00038: 048 , 30.00 , -0.10 || 1706605499, 17.601781973710 , 78.126608576302, 0.01 , 0.01 ,31.55 , 9.32 , 1.14 , -0.51 , 359.00
2024-01-30 14:34:59,630 :- 00039: 051 , 30.00 , 00.00 || 1706605499, 17.601789890894 , 78.126608559503, 0.01 , 0.01 ,31.55 , 9.72 , 1.15 , -0.54 , 359.00
2024-01-30 14:34:59,660 :- 00040: 054 , 30.00 , 00.00 || 1706605499, 17.601789890894 , 78.126608559503, 0.01 , 0.01 ,31.55 , 9.41 , 1.20 , -0.56 , 359.02
2024-01-30 14:34:59,690 :- 00041: 057 , 30.00 , 00.00 || 1706605499, 17.601789890894 , 78.126608559503, 0.01 , 0.01 ,31.55 , 10.21 , 1.21 , -0.61 , 359.02
2024-01-30 14:34:59,720 :- 00042: 060 , 30.00 , 00.10 || 1706605499, 17.601797850530 , 78.126608563380, 0.01 , 0.01 ,31.72 , 10.37 , 1.29 , -0.57 , 359.02
2024-01-30 14:34:59,750 :- 00043: 063 , 30.00 , 00.10 || 1706605499, 17.601797850530 , 78.126608563380, 0.01 , 0.01 ,31.72 , 9.32 , 1.32 , -0.59 , 359.02
2024-01-30 14:34:59,780 :- 00044: 066 , 30.00 , 00.10 || 1706605499, 17.601797850530 , 78.126608563380, 0.01 , 0.01 ,31.72 , 10.66 , 1.33 , -0.66 , 359.01
2024-01-30 14:34:59,810 :- 00045: 069 , 30.00 , 00.40 || 1706605499, 17.601797850530 , 78.126608563380, 0.01 , 0.01 ,32.07 , 9.65 , 1.33 , -0.63 , 359.00
2024-01-30 14:34:59,840 :- 00046: 072 , 30.00 , 01.10 || 1706605499, 17.601805898514 , 78.126608559549, 0.01 , 0.01 ,32.07 , 10.14 , 1.33 , -0.64 , 358.98
2024-01-30 14:34:59,870 :- 00047: 075 , 30.00 , 01.10 || 1706605499, 17.601805898514 , 78.126608559549, 0.01 , 0.01 ,32.07 , 10.25 , 1.30 , -0.68 , 358.97
2024-01-30 14:34:59,900 :- 00048: 078 , 30.00 , 01.10 || 1706605499, 17.601805898514 , 78.126608559549, 0.01 , 0.01 ,32.34 , 9.55 , 1.30 , -0.61 , 358.95
2024-01-30 14:34:59,930 :- 00049: 081 , 30.00 , 00.20 || 1706605499, 17.601814014133 , 78.126608485156, 0.01 , 0.01 ,32.34 , 10.65 , 1.28 , -0.59 , 358.93
2024-01-30 14:34:59,960 :- 00050: 084 , 30.00 , 00.20 || 1706605499, 17.601814014133 , 78.126608485156, 0.01 , 0.01 ,32.34 , 8.97 , 1.29 , -0.63 , 358.90
2024-01-30 14:34:59,990 :- 00051: 087 , 30.00 , 00.20 || 1706605499, 17.601814014133 , 78.126608485156, 0.01 , 0.01 ,32.34 , 8.77 , 1.29 , -0.59 , 358.88
2024-01-30 14:35:00,020 :- 00052: 090 , 30.00 , 00.20 || 1706605500, 17.601822214206 , 78.126608427964, 0.01 , 0.01 ,32.67 , 11.24 , 1.31 , -0.54 , 358.81
2024-01-30 14:35:00,050 :- 00053: 093 , 30.00 , 00.20 || 1706605500, 17.601822214206 , 78.126608427964, 0.01 , 0.01 ,32.67 , 9.64 , 1.34 , -0.51 , 358.77
2024-01-30 14:35:00,080 :- 00054: 096 , 30.00 , 00.20 || 1706605500, 17.601822214206 , 78.126608427964, 0.01 , 0.01 ,32.67 , 9.99 , 1.42 , -0.43 , 358.67
2024-01-30 14:35:00,110 :- 00055: 099 , 30.00 , 00.50 || 1706605500, 17.601822214206 , 78.126608427964, 0.01 , 0.01 ,33.08 , 10.56 , 1.41 , -0.40 , 358.62
2024-01-30 14:35:00,140 :- 00056: 102 , 30.00 , 01.50 || 1706605500, 17.601830516108 , 78.126608367154, 0.01 , 0.01 ,33.08 , 7.89 , 1.52 , -0.29 , 358.53
2024-01-30 14:35:00,170 :- 00057: 105 , 30.00 , 01.50 || 1706605500, 17.601830516108 , 78.126608367154, 0.01 , 0.01 ,33.08 , 9.66 , 1.50 , -0.31 , 358.49
2024-01-30 14:35:00,200 :- 00058: 108 , 30.00 , 01.50 || 1706605500, 17.601830516108 , 78.126608367154, 0.01 , 0.01 ,33.08 , 10.04 , 1.53 , -0.25 , 358.43
2024-01-30 14:35:00,230 :- 00059: 111 , 30.00 , 00.50 || 1706605500, 17.601838878580 , 78.126608287797, 0.01 , 0.01 ,33.32 , 8.77 , 1.55 , -0.25 , 358.41
2024-01-30 14:35:00,260 :- 00060: 111 , 30.00 , 00.50 || 1706605500, 17.601838878580 , 78.126608287797, 0.01 , 0.01 ,33.32 , 8.77 , 1.55 , -0.25 , 358.411706605500, 17.601838878580 , 78.126608287797, 0.01 , 0.01 ,33.32 , 9.44 , 1.52 , -0.24 , 358.41
2024-01-30 14:35:00,280 :- 00061: 116 , 30.00 , 00.20 || 1706605500, 17.601838878580 , 78.126608287797, 0.01 , 0.01 ,33.32 , 9.49 , 1.48 , -0.26 , 358.42
2024-01-30 14:35:00,310 :- 00062: 119 , 30.00 , 00.60 || 1706605500, 17.601838878580 , 78.126608287797, 0.01 , 0.01 ,33.44 , 8.28 , 1.46 , -0.31 , 358.42
2024-01-30 14:35:00,340 :- 00063: 122 , 30.00 , 00.90 || 1706605500, 17.601847268418 , 78.126608123511, 0.01 , 0.01 ,33.44 , 10.28 , 1.43 , -0.27 , 358.41
2024-01-30 14:35:00,370 :- 00064: 125 , 30.00 , 00.90 || 1706605500, 17.601847268418 , 78.126608123511, 0.01 , 0.01 ,33.44 , 9.55 , 1.48 , -0.28 , 358.39
2024-01-30 14:35:00,400 :- 00065: 128 , 30.00 , 00.90 || 1706605500, 17.601847268418 , 78.126608123511, 0.01 , 0.01 ,33.72 , 9.06 , 1.55 , -0.40 , 358.32
2024-01-30 14:35:00,430 :- 00066: 131 , 30.00 , 00.10 || 1706605500, 17.601855728872 , 78.126607952111, 0.01 , 0.01 ,33.72 , 12.17 , 1.63 , -0.35 , 358.26
2024-01-30 14:35:00,460 :- 00067: 134 , 30.00 , 00.10 || 1706605500, 17.601855728872 , 78.126607952111, 0.01 , 0.01 ,33.72 , 9.89 , 1.71 , -0.32 , 358.15
2024-01-30 14:35:00,490 :- 00068: 137 , 30.00 , 00.10 || 1706605500, 17.601855728872 , 78.126607952111, 0.01 , 0.01 ,33.72 , 10.46 , 1.78 , -0.35 , 358.09
2024-01-30 14:35:00,520 :- 00069: 140 , 30.00 , 00.20 || 1706605500, 17.601864289308 , 78.126607885971, 0.01 , 0.01 ,34.11 , 10.18 , 1.86 , -0.29 , 357.98
2024-01-30 14:35:00,550 :- 00070: 143 , 30.00 , 00.20 || 1706605500, 17.601864289308 , 78.126607885971, 0.01 , 0.01 ,34.11 , 9.82 , 1.92 , -0.19 , 357.93
2024-01-30 14:35:00,580 :- 00071: 146 , 30.00 , 00.20 || 1706605500, 17.601864289308 , 78.126607885971, 0.01 , 0.01 ,34.11 , 9.36 , 1.93 , -0.21 , 357.85
2024-01-30 14:35:00,610 :- 00072: 149 , 30.00 , 00.20 || 1706605500, 17.601864289308 , 78.126607885971, 0.01 , 0.01 ,34.53 , 9.35 , 1.91 , -0.15 , 357.82
2024-01-30 14:35:00,640 :- 00073: 152 , 30.00 , 00.10 || 1706605500, 17.601872953896 , 78.126607716214, 0.01 , 0.01 ,34.53 , 10.17 , 1.85 , -0.05 , 357.77
2024-01-30 14:35:00,670 :- 00074: 155 , 30.00 , 00.10 || 1706605500, 17.601872953896 , 78.126607716214, 0.01 , 0.01 ,34.53 , 9.24 , 1.79 , -0.08 , 357.77
2024-01-30 14:35:00,700 :- 00075: 158 , 30.00 , 00.10 || 1706605500, 17.601872953896 , 78.126607716214, 0.01 , 0.01 ,34.79 , 9.28 , 1.71 , -0.04 , 357.77
2024-01-30 14:35:00,730 :- 00076: 161 , 30.00 , 00.10 || 1706605500, 17.601881680961 , 78.126607416555, 0.01 , 0.01 ,34.79 , 9.01 , 1.71 , -0.02 , 357.77
2024-01-30 14:35:00,760 :- 00077: 164 , 34.00 , -0.10 || 1706605500, 17.601881680961 , 78.126607416555, 0.01 , 0.01 ,34.79 , 9.26 , 1.66 , -0.03 , 357.79
2024-01-30 14:35:00,790 :- 00078: 167 , 34.00 , -0.10 || 1706605500, 17.601881680961 , 78.126607416555, 0.01 , 0.01 ,34.79 , 9.87 , 1.62 , -0.05 , 357.80
2024-01-30 14:35:00,820 :- 00079: 170 , 34.10 , -0.10 || 1706605500, 17.601890395519 , 78.126607023054, 0.01 , 0.01 ,34.84 , 8.93 , 1.60 , -0.12 , 357.82
2024-01-30 14:35:00,850 :- 00080: 173 , 34.20 , -0.10 || 1706605500, 17.601890395519 , 78.126607023054, 0.01 , 0.01 ,34.84 , 9.65 , 1.59 , -0.17 , 357.83
2024-01-30 14:35:00,880 :- 00081: 176 , 34.30 , -0.20 || 1706605500, 17.601890395519 , 78.126607023054, 0.01 , 0.01 ,34.84 , 10.01 , 1.58 , -0.23 , 357.85
2024-01-30 14:35:00,910 :- 00082: 179 , 34.40 , -0.20 || 1706605500, 17.601890395519 , 78.126607023054, 0.01 , 0.01 ,35.05 , 9.86 , 1.56 , -0.29 , 357.86
2024-01-30 14:35:00,940 :- 00083: 182 , 34.50 , -0.20 || 1706605500, 17.601899189178 , 78.126606771338, 0.01 , 0.01 ,35.05 , 10.22 , 1.49 , -0.38 , 357.87
2024-01-30 14:35:00,970 :- 00084: 185 , 34.60 , -0.20 || 1706605500, 17.601899189178 , 78.126606771338, 0.01 , 0.01 ,35.05 , 10.35 , 1.46 , -0.41 , 357.87
2024-01-30 14:35:01,000 :- 00085: 188 , 34.60 , -0.30 || 1706605500, 17.601899189178 , 78.126606771338, 0.01 , 0.01 ,35.05 , 11.01 , 1.39 , -0.43 , 357.89
2024-01-30 14:35:01,030 :- 00086: 191 , 34.70 , -0.30 || 1706605501, 17.601899189178 , 78.126606771338, 0.01 , 0.01 ,35.30 , 11.14 , 1.36 , -0.42 , 357.89
2024-01-30 14:35:01,060 :- 00087: 194 , 34.80 , -0.30 || 1706605501, 17.601908044772 , 78.126606498579, 0.01 , 0.01 ,35.30 , 10.47 , 1.35 , -0.35 , 357.92
2024-01-30 14:35:01,090 :- 00088: 197 , 34.80 , -0.30 || 1706605501, 17.601908044772 , 78.126606498579, 0.01 , 0.01 ,35.30 , 10.89 , 1.33 , -0.31 , 357.92
2024-01-30 14:35:01,120 :- 00089: 200 , 34.80 , -0.40 || 1706605501, 17.601917015328 , 78.126606237703, 0.01 , 0.01 ,35.76 , 10.79 , 1.34 , -0.18 , 357.94
2024-01-30 14:35:01,150 :- 00090: 203 , 34.80 , -0.40 || 1706605501, 17.601917015328 , 78.126606237703, 0.01 , 0.01 ,35.76 , 10.35 , 1.35 , -0.07 , 357.95
2024-01-30 14:35:01,180 :- 00091: 206 , 34.80 , -0.40 || 1706605501, 17.601917015328 , 78.126606237703, 0.01 , 0.01 ,35.76 , 9.27 , 1.33 , 0.08 , 357.98
2024-01-30 14:35:01,210 :- 00092: 209 , 34.80 , -0.40 || 1706605501, 17.601917015328 , 78.126606237703, 0.01 , 0.01 ,35.81 , 8.99 , 1.30 , 0.15 , 358.00
2024-01-30 14:35:01,240 :- 00093: 212 , 34.70 , -0.40 || 1706605501, 17.601926000760 , 78.126606013024, 0.01 , 0.01 ,35.81 , 9.45 , 1.29 , 0.32 , 358.04
2024-01-30 14:35:01,270 :- 00094: 215 , 34.70 , -0.40 || 1706605501, 17.601926000760 , 78.126606013024, 0.01 , 0.01 ,35.81 , 8.82 , 1.25 , 0.38 , 358.07
2024-01-30 14:35:01,300 :- 00095: 218 , 34.50 , -0.40 || 1706605501, 17.601926000760 , 78.126606013024, 0.01 , 0.01 ,35.41 , 9.58 , 1.22 , 0.45 , 358.10
2024-01-30 14:35:01,330 :- 00096: 221 , 34.40 , -0.50 || 1706605501, 17.601934884149 , 78.126605782122, 0.01 , 0.01 ,35.41 , 9.12 , 1.18 , 0.45 , 358.12
2024-01-30 14:35:01,360 :- 00097: 224 , 34.40 , -0.60 || 1706605501, 17.601934884149 , 78.126605782122, 0.01 , 0.01 ,35.41 , 8.45 , 1.17 , 0.50 , 358.17
2024-01-30 14:35:01,390 :- 00098: 227 , 34.30 , -0.60 || 1706605501, 17.601934884149 , 78.126605782122, 0.01 , 0.01 ,35.41 , 9.13 , 1.18 , 0.51 , 358.19
2024-01-30 14:35:01,420 :- 00099: 230 , 34.10 , -0.60 || 1706605501, 17.601943644459 , 78.126605572660, 0.01 , 0.01 ,34.92 , 9.52 , 1.15 , 0.50 , 358.25
2024-01-30 14:35:01,450 :- 00100: 233 , 34.00 , -0.60 || 1706605501, 17.601943644459 , 78.126605572660, 0.01 , 0.01 ,34.92 , 9.60 , 1.13 , 0.45 , 358.29
2024-01-30 14:35:01,480 :- 00101: 236 , 33.90 , -0.60 || 1706605501, 17.601943644459 , 78.126605572660, 0.01 , 0.01 ,34.92 , 10.08 , 1.10 , 0.40 , 358.36
2024-01-30 14:35:01,510 :- 00102: 239 , 33.70 , -0.60 || 1706605501, 17.601943644459 , 78.126605572660, 0.01 , 0.01 ,34.21 , 10.46 , 1.07 , 0.38 , 358.39
2024-01-30 14:35:01,540 :- 00103: 239 , 33.70 , -0.60 || 1706605501, 17.601943644459 , 78.126605572660, 0.01 , 0.01 ,34.21 , 10.46 , 1.07 , 0.38 , 358.391706605501, 17.601952229276 , 78.126605407268, 0.01 , 0.01 ,34.21 , 10.34 , 0.99 , 0.31 , 358.47
2024-01-30 14:35:01,560 :- 00104: 244 , 33.40 , -0.60 || 1706605501, 17.601952229276 , 78.126605407268, 0.01 , 0.01 ,34.21 , 10.27 , 0.96 , 0.33 , 358.51
2024-01-30 14:35:01,590 :- 00105: 247 , 33.30 , -0.60 || 1706605501, 17.601952229276 , 78.126605407268, 0.01 , 0.01 ,34.21 , 10.28 , 0.93 , 0.33 , 358.54
2024-01-30 14:35:01,620 :- 00106: 250 , 33.10 , -0.60 || 1706605501, 17.601960700627 , 78.126605215980, 0.01 , 0.01 ,33.76 , 10.80 , 0.89 , 0.34 , 358.62
2024-01-30 14:35:01,650 :- 00107: 253 , 33.00 , -0.60 || 1706605501, 17.601960700627 , 78.126605215980, 0.01 , 0.01 ,33.76 , 10.09 , 0.88 , 0.36 , 358.66
2024-01-30 14:35:01,680 :- 00108: 000 , 32.80 , -0.60 || 1706605501, 17.601960700627 , 78.126605215980, 0.01 , 0.01 ,33.76 , 10.47 , 0.86 , 0.42 , 358.72
2024-01-30 14:35:01,710 :- 00109: 003 , 32.60 , -0.60 || 1706605501, 17.601960700627 , 78.126605215980, 0.01 , 0.01 ,33.28 , 9.81 , 0.84 , 0.45 , 358.75
2024-01-30 14:35:01,740 :- 00110: 006 , 32.40 , -0.60 || 1706605501, 17.601969051234 , 78.126605090658, 0.01 , 0.01 ,33.28 , 9.43 , 0.78 , 0.47 , 358.82
2024-01-30 14:35:01,770 :- 00111: 009 , 32.20 , -0.70 || 1706605501, 17.601969051234 , 78.126605090658, 0.01 , 0.01 ,33.28 , 10.06 , 0.77 , 0.49 , 358.85
2024-01-30 14:35:01,800 :- 00112: 012 , 32.00 , -0.70 || 1706605501, 17.601969051234 , 78.126605090658, 0.01 , 0.01 ,33.28 , 9.32 , 0.75 , 0.56 , 358.92
2024-01-30 14:35:01,830 :- 00113: 015 , 31.80 , -0.70 || 1706605501, 17.601977206002 , 78.126604987959, 0.01 , 0.01 ,32.50 , 9.65 , 0.75 , 0.53 , 358.96
2024-01-30 14:35:01,860 :- 00114: 018 , 31.60 , -0.70 || 1706605501, 17.601977206002 , 78.126604987959, 0.01 , 0.01 ,32.50 , 9.24 , 0.79 , 0.50 , 359.04
2024-01-30 14:35:01,890 :- 00115: 021 , 31.40 , -0.80 || 1706605501, 17.601977206002 , 78.126604987959, 0.01 , 0.01 ,32.50 , 9.11 , 0.80 , 0.50 , 359.08
2024-01-30 14:35:01,920 :- 00116: 024 , 31.10 , -0.80 || 1706605501, 17.601985150610 , 78.126604956897, 0.01 , 0.01 ,31.66 , 10.19 , 0.76 , 0.52 , 359.15
2024-01-30 14:35:01,950 :- 00117: 027 , 30.90 , -0.80 || 1706605501, 17.601985150610 , 78.126604956897, 0.01 , 0.01 ,31.66 , 9.54 , 0.72 , 0.49 , 359.19
2024-01-30 14:35:01,980 :- 00118: 030 , 30.60 , -0.90 || 1706605501, 17.601985150610 , 78.126604956897, 0.01 , 0.01 ,31.66 , 9.56 , 0.72 , 0.48 , 359.28
2024-01-30 14:35:02,010 :- 00119: 033 , 30.40 , -0.90 || 1706605501, 17.601985150610 , 78.126604956897, 0.01 , 0.01 ,31.66 , 10.45 , 0.71 , 0.50 , 359.33
2024-01-30 14:35:02,040 :- 00120: 036 , 30.20 , -1.00 || 1706605502, 17.601992902077 , 78.126604917101, 0.01 , 0.01 ,30.89 , 9.43 , 0.75 , 0.52 , 359.43
2024-01-30 14:35:02,070 :- 00121: 039 , 29.90 , -1.00 || 1706605502, 17.601992902077 , 78.126604917101, 0.01 , 0.01 ,30.89 , 9.78 , 0.74 , 0.49 , 359.48
2024-01-30 14:35:02,100 :- 00122: 042 , 29.70 , -1.10 || 1706605502, 17.601992902077 , 78.126604917101, 0.01 , 0.01 ,30.09 , 10.54 , 0.73 , 0.57 , 359.58
2024-01-30 14:35:02,130 :- 00123: 045 , 29.40 , -1.10 || 1706605502, 17.602000453330 , 78.126604904956, 0.01 , 0.01 ,30.09 , 9.69 , 0.72 , 0.65 , 359.63
2024-01-30 14:35:02,160 :- 00124: 048 , 29.20 , -1.20 || 1706605502, 17.602000453330 , 78.126604904956, 0.01 , 0.01 ,30.09 , 10.07 , 0.66 , 0.65 , 359.73
2024-01-30 14:35:02,190 :- 00125: 051 , 29.00 , -1.20 || 1706605502, 17.602000453330 , 78.126604904956, 0.01 , 0.01 ,30.09 , 9.75 , 0.64 , 0.74 , 359.78
2024-01-30 14:35:02,220 :- 00126: 054 , 28.70 , -1.20 || 1706605502, 17.602007841641 , 78.126604930987, 0.01 , 0.01 ,29.44 , 9.77 , 0.57 , 0.80 , 359.91
2024-01-30 14:35:02,250 :- 00127: 057 , 28.50 , -1.20 || 1706605502, 17.602007841641 , 78.126604930987, 0.01 , 0.01 ,29.44 , 10.06 , 0.57 , 0.84 , 359.97
2024-01-30 14:35:02,280 :- 00128: 060 , 28.20 , -1.20 || 1706605502, 17.602007841641 , 78.126604930987, 0.01 , 0.01 ,29.44 , 9.34 , 0.52 , 0.89 , 0.09
2024-01-30 14:35:02,310 :- 00129: 063 , 28.00 , -1.20 || 1706605502, 17.602007841641 , 78.126604930987, 0.01 , 0.01 ,28.52 , 9.46 , 0.50 , 0.87 , 0.15
2024-01-30 14:35:02,340 :- 00130: 066 , 27.80 , -1.20 || 1706605502, 17.602014998109 , 78.126604975369, 0.01 , 0.01 ,28.52 , 9.37 , 0.46 , 0.92 , 0.26
2024-01-30 14:35:02,370 :- 00131: 069 , 27.50 , -1.20 || 1706605502, 17.602014998109 , 78.126604975369, 0.01 , 0.01 ,28.52 , 9.74 , 0.45 , 0.92 , 0.32
2024-01-30 14:35:02,400 :- 00132: 072 , 27.20 , -1.20 || 1706605502, 17.602014998109 , 78.126604975369, 0.01 , 0.01 ,27.45 , 8.87 , 0.41 , 0.90 , 0.43
2024-01-30 14:35:02,430 :- 00133: 075 , 26.90 , -1.30 || 1706605502, 17.602021886153 , 78.126605100917, 0.01 , 0.01 ,27.45 , 9.45 , 0.41 , 0.92 , 0.49
2024-01-30 14:35:02,460 :- 00134: 078 , 26.70 , -1.30 || 1706605502, 17.602021886153 , 78.126605100917, 0.01 , 0.01 ,27.45 , 9.43 , 0.37 , 0.86 , 0.61
2024-01-30 14:35:02,490 :- 00135: 081 , 26.40 , -1.40 || 1706605502, 17.602021886153 , 78.126605100917, 0.01 , 0.01 ,27.45 , 9.80 , 0.37 , 0.86 , 0.67
2024-01-30 14:35:02,520 :- 00136: 084 , 26.10 , -1.50 || 1706605502, 17.602028497714 , 78.126605202213, 0.01 , 0.01 ,26.35 , 9.70 , 0.33 , 0.82 , 0.80
2024-01-30 14:35:02,550 :- 00137: 087 , 25.80 , -1.60 || 1706605502, 17.602028497714 , 78.126605202213, 0.01 , 0.01 ,26.35 , 9.60 , 0.31 , 0.77 , 0.86
2024-01-30 14:35:02,580 :- 00138: 090 , 25.60 , -1.80 || 1706605502, 17.602028497714 , 78.126605202213, 0.01 , 0.01 ,26.35 , 10.08 , 0.25 , 0.75 , 0.99
2024-01-30 14:35:02,610 :- 00139: 093 , 25.30 , -2.00 || 1706605502, 17.602028497714 , 78.126605202213, 0.01 , 0.01 ,25.53 , 9.80 , 0.21 , 0.73 , 1.06
2024-01-30 14:35:02,640 :- 00140: 096 , 25.00 , -2.20 || 1706605502, 17.602034903517 , 78.126605346266, 0.01 , 0.01 ,25.53 , 9.84 , 0.10 , 0.68 , 1.21
2024-01-30 14:35:02,670 :- 00141: 099 , 24.80 , -2.40 || 1706605502, 17.602034903517 , 78.126605346266, 0.01 , 0.01 ,25.53 , 10.22 , 0.07 , 0.68 , 1.30
2024-01-30 14:35:02,700 :- 00142: 102 , 24.50 , -2.60 || 1706605502, 17.602034903517 , 78.126605346266, 0.01 , 0.01 ,24.55 , 9.77 , -0.04 , 0.65 , 1.50
2024-01-30 14:35:02,730 :- 00143: 105 , 24.20 , -2.80 || 1706605502, 17.602041062464 , 78.126605484536, 0.01 , 0.01 ,24.55 , 9.84 , -0.07 , 0.65 , 1.60
2024-01-30 14:35:02,760 :- 00144: 108 , 24.00 , -3.00 || 1706605502, 17.602041062464 , 78.126605484536, 0.01 , 0.01 ,24.55 , 9.72 , -0.17 , 0.63 , 1.83
2024-01-30 14:35:02,790 :- 00145: 111 , 23.70 , -3.10 || 1706605502, 17.602041062464 , 78.126605484536, 0.01 , 0.01 ,24.55 , 10.50 , -0.22 , 0.61 , 1.96
2024-01-30 14:35:02,820 :- 00146: 111 , 23.70 , -3.10 || 1706605502, 17.602041062464 , 78.126605484536, 0.01 , 0.01 ,24.55 , 10.50 , -0.22 , 0.61 , 1.961706605502, 17.602047018177 , 78.126605688117, 0.01 , 0.01 ,23.74 , 10.10 , -0.32 , 0.61 , 2.22
2024-01-30 14:35:02,840 :- 00147: 116 , 23.20 , -3.40 || 1706605502, 17.602047018177 , 78.126605688117, 0.01 , 0.01 ,23.74 , 9.79 , -0.36 , 0.61 , 2.36
2024-01-30 14:35:02,870 :- 00148: 119 , 23.00 , -3.60 || 1706605502, 17.602047018177 , 78.126605688117, 0.01 , 0.01 ,23.74 , 10.20 , -0.40 , 0.59 , 2.51
2024-01-30 14:35:02,900 :- 00149: 122 , 22.70 , -3.70 || 1706605502, 17.602047018177 , 78.126605688117, 0.01 , 0.01 ,23.74 , 9.87 , -0.46 , 0.63 , 2.81
2024-01-30 14:35:02,930 :- 00150: 125 , 22.40 , -3.90 || 1706605502, 17.602052759719 , 78.126605995090, 0.01 , 0.01 ,22.91 , 9.85 , -0.49 , 0.65 , 2.97
2024-01-30 14:35:02,960 :- 00151: 128 , 22.10 , -4.00 || 1706605502, 17.602052759719 , 78.126605995090, 0.01 , 0.01 ,22.91 , 9.83 , -0.51 , 0.69 , 3.29
2024-01-30 14:35:02,990 :- 00152: 131 , 21.80 , -4.20 || 1706605502, 17.602052759719 , 78.126605995090, 0.01 , 0.01 ,22.91 , 9.40 , -0.51 , 0.72 , 3.47
2024-01-30 14:35:03,020 :- 00153: 134 , 21.60 , -4.40 || 1706605503, 17.602052759719 , 78.126605995090, 0.01 , 0.01 ,21.93 , 9.76 , -0.51 , 0.76 , 3.81
2024-01-30 14:35:03,050 :- 00154: 137 , 21.30 , -4.60 || 1706605503, 17.602058250487 , 78.126606388745, 0.01 , 0.01 ,21.93 , 9.48 , -0.50 , 0.80 , 3.99
2024-01-30 14:35:03,080 :- 00155: 140 , 21.00 , -4.80 || 1706605503, 17.602058250487 , 78.126606388745, 0.01 , 0.01 ,21.93 , 9.69 , -0.49 , 0.82 , 4.35
2024-01-30 14:35:03,110 :- 00156: 143 , 20.70 , -4.90 || 1706605503, 17.602058250487 , 78.126606388745, 0.01 , 0.01 ,20.97 , 9.54 , -0.47 , 0.83 , 4.54
2024-01-30 14:35:03,140 :- 00157: 146 , 20.40 , -5.00 || 1706605503, 17.602063493670 , 78.126606869630, 0.01 , 0.01 ,20.97 , 9.63 , -0.45 , 0.91 , 4.93
2024-01-30 14:35:03,170 :- 00158: 149 , 20.10 , -5.20 || 1706605503, 17.602063493670 , 78.126606869630, 0.01 , 0.01 ,20.97 , 10.06 , -0.45 , 0.91 , 5.13
2024-01-30 14:35:03,200 :- 00159: 152 , 19.90 , -5.30 || 1706605503, 17.602063493670 , 78.126606869630, 0.01 , 0.01 ,20.97 , 9.48 , -0.45 , 0.98 , 5.54
2024-01-30 14:35:03,230 :- 00160: 155 , 19.60 , -5.30 || 1706605503, 17.602068496334 , 78.126607437017, 0.01 , 0.01 ,20.05 , 9.71 , -0.43 , 1.02 , 5.75
2024-01-30 14:35:03,260 :- 00161: 158 , 19.30 , -5.40 || 1706605503, 17.602068496334 , 78.126607437017, 0.01 , 0.01 ,20.05 , 9.70 , -0.39 , 1.08 , 6.17
2024-01-30 14:35:03,290 :- 00162: 161 , 19.00 , -5.40 || 1706605503, 17.602068496334 , 78.126607437017, 0.01 , 0.01 ,20.05 , 9.44 , -0.38 , 1.08 , 6.39
2024-01-30 14:35:03,320 :- 00163: 164 , 18.80 , -5.50 || 1706605503, 17.602073277286 , 78.126608026309, 0.01 , 0.01 ,19.18 , 9.46 , -0.35 , 1.11 , 6.81
2024-01-30 14:35:03,350 :- 00164: 167 , 18.50 , -5.50 || 1706605503, 17.602073277286 , 78.126608026309, 0.01 , 0.01 ,19.18 , 9.68 , -0.34 , 1.11 , 7.01
2024-01-30 14:35:03,380 :- 00165: 170 , 18.20 , -5.50 || 1706605503, 17.602073277286 , 78.126608026309, 0.01 , 0.01 ,19.18 , 9.40 , -0.31 , 1.08 , 7.42
2024-01-30 14:35:03,410 :- 00166: 173 , 18.00 , -5.50 || 1706605503, 17.602073277286 , 78.126608026309, 0.01 , 0.01 ,18.01 , 9.66 , -0.28 , 1.08 , 7.62
2024-01-30 14:35:03,440 :- 00167: 176 , 17.70 , -5.60 || 1706605503, 17.602077738981 , 78.126608781538, 0.01 , 0.01 ,18.01 , 9.87 , -0.25 , 1.03 , 8.02
2024-01-30 14:35:03,470 :- 00168: 179 , 17.50 , -5.60 || 1706605503, 17.602077738981 , 78.126608781538, 0.01 , 0.01 ,18.01 , 9.50 , -0.22 , 1.01 , 8.21
2024-01-30 14:35:03,500 :- 00169: 182 , 17.20 , -5.60 || 1706605503, 17.602077738981 , 78.126608781538, 0.01 , 0.01 ,18.01 , 9.83 , -0.15 , 0.99 , 8.60
2024-01-30 14:35:03,530 :- 00170: 185 , 16.90 , -5.60 || 1706605503, 17.602081959660 , 78.126609483082, 0.01 , 0.01 ,17.03 , 10.05 , -0.10 , 1.00 , 8.79
2024-01-30 14:35:03,560 :- 00171: 188 , 16.70 , -5.60 || 1706605503, 17.602081959660 , 78.126609483082, 0.01 , 0.01 ,17.03 , 9.64 , 0.03 , 1.01 , 9.16
2024-01-30 14:35:03,590 :- 00172: 191 , 16.50 , -5.60 || 1706605503, 17.602081959660 , 78.126609483082, 0.01 , 0.01 ,17.03 , 9.60 , 0.10 , 1.01 , 9.35
2024-01-30 14:35:03,620 :- 00173: 194 , 16.20 , -5.60 || 1706605503, 17.602086017640 , 78.126610332073, 0.01 , 0.01 ,16.49 , 9.37 , 0.22 , 1.01 , 9.72
2024-01-30 14:35:03,650 :- 00174: 197 , 16.00 , -5.60 || 1706605503, 17.602086017640 , 78.126610332073, 0.01 , 0.01 ,16.49 , 9.60 , 0.28 , 1.01 , 9.90
2024-01-30 14:35:03,680 :- 00175: 200 , 15.80 , -5.60 || 1706605503, 17.602086017640 , 78.126610332073, 0.01 , 0.01 ,16.49 , 9.53 , 0.39 , 0.97 , 10.26
2024-01-30 14:35:03,710 :- 00176: 203 , 15.60 , -5.60 || 1706605503, 17.602086017640 , 78.126610332073, 0.01 , 0.01 ,15.64 , 9.54 , 0.43 , 0.97 , 10.44
2024-01-30 14:35:03,740 :- 00177: 206 , 15.40 , -5.50 || 1706605503, 17.602089851339 , 78.126611213679, 0.01 , 0.01 ,15.64 , 9.81 , 0.54 , 0.89 , 10.80
2024-01-30 14:35:03,770 :- 00178: 209 , 15.10 , -5.50 || 1706605503, 17.602089851339 , 78.126611213679, 0.01 , 0.01 ,15.64 , 10.17 , 0.59 , 0.84 , 10.98
2024-01-30 14:35:03,800 :- 00179: 212 , 14.90 , -5.50 || 1706605503, 17.602089851339 , 78.126611213679, 0.01 , 0.01 ,15.64 , 10.21 , 0.66 , 0.85 , 11.35
2024-01-30 14:35:03,830 :- 00180: 215 , 14.70 , -5.50 || 1706605503, 17.602093445902 , 78.126612167267, 0.01 , 0.01 ,14.87 , 10.02 , 0.66 , 0.81 , 11.52
2024-01-30 14:35:03,860 :- 00181: 218 , 14.60 , -5.40 || 1706605503, 17.602093445902 , 78.126612167267, 0.01 , 0.01 ,14.87 , 10.15 , 0.63 , 0.78 , 11.88
2024-01-30 14:35:03,890 :- 00182: 221 , 14.40 , -5.30 || 1706605503, 17.602093445902 , 78.126612167267, 0.01 , 0.01 ,14.87 , 9.70 , 0.60 , 0.79 , 12.05
2024-01-30 14:35:03,920 :- 00183: 224 , 14.30 , -5.20 || 1706605503, 17.602096966718 , 78.126612995566, 0.01 , 0.01 ,14.38 , 9.66 , 0.57 , 0.75 , 12.39
2024-01-30 14:35:03,950 :- 00184: 227 , 14.10 , -5.00 || 1706605503, 17.602096966718 , 78.126612995566, 0.01 , 0.01 ,14.38 , 9.57 , 0.57 , 0.73 , 12.55
2024-01-30 14:35:03,980 :- 00185: 230 , 14.00 , -4.90 || 1706605503, 17.602096966718 , 78.126612995566, 0.01 , 0.01 ,14.38 , 9.52 , 0.58 , 0.71 , 12.86
2024-01-30 14:35:04,010 :- 00186: 233 , 13.90 , -4.80 || 1706605503, 17.602096966718 , 78.126612995566, 0.01 , 0.01 ,14.38 , 9.46 , 0.59 , 0.67 , 13.01
2024-01-30 14:35:04,040 :- 00187: 236 , 13.80 , -4.60 || 1706605504, 17.602100375317 , 78.126613844109, 0.01 , 0.01 ,13.96 , 9.41 , 0.60 , 0.57 , 13.29
2024-01-30 14:35:04,070 :- 00188: 239 , 13.80 , -4.50 || 1706605504, 17.602100375317 , 78.126613844109, 0.01 , 0.01 ,13.96 , 9.39 , 0.61 , 0.52 , 13.44
2024-01-30 14:35:04,100 :- 00189: 239 , 13.80 , -4.50 || 1706605504, 17.602100375317 , 78.126613844109, 0.01 , 0.01 ,13.96 , 9.39 , 0.61 , 0.52 , 13.441706605504, 17.602100375317 , 78.126613844109, 0.01 , 0.01 ,13.67 , 9.51 , 0.65 , 0.43 , 13.73
2024-01-30 14:35:04,120 :- 00190: 244 , 13.60 , -4.20 || 1706605504, 17.602103682135 , 78.126614801582, 0.01 , 0.01 ,13.67 , 9.96 , 0.68 , 0.39 , 13.87
2024-01-30 14:35:04,150 :- 00191: 247 , 13.60 , -4.00 || 1706605504, 17.602103682135 , 78.126614801582, 0.01 , 0.01 ,13.67 , 10.08 , 0.71 , 0.34 , 14.01
2024-01-30 14:35:04,180 :- 00192: 250 , 13.50 , -3.80 || 1706605504, 17.602103682135 , 78.126614801582, 0.01 , 0.01 ,13.67 , 10.28 , 0.77 , 0.28 , 14.28
2024-01-30 14:35:04,210 :- 00193: 253 , 13.40 , -3.50 || 1706605504, 17.602103682135 , 78.126614801582, 0.01 , 0.01 ,13.52 , 10.32 , 0.80 , 0.25 , 14.41
2024-01-30 14:35:04,240 :- 00194: 000 , 13.40 , -3.30 || 1706605504, 17.602106944051 , 78.126615772213, 0.01 , 0.01 ,13.52 , 10.38 , 0.86 , 0.21 , 14.64
2024-01-30 14:35:04,270 :- 00195: 003 , 13.40 , -3.00 || 1706605504, 17.602106944051 , 78.126615772213, 0.01 , 0.01 ,13.52 , 10.66 , 0.89 , 0.22 , 14.75
2024-01-30 14:35:04,300 :- 00196: 006 , 13.40 , -2.70 || 1706605504, 17.602106944051 , 78.126615772213, 0.01 , 0.01 ,13.52 , 9.97 , 0.93 , 0.21 , 14.95
2024-01-30 14:35:04,330 :- 00197: 009 , 13.30 , -2.50 || 1706605504, 17.602110217768 , 78.126616769242, 0.01 , 0.01 ,13.59 , 10.52 , 0.95 , 0.24 , 15.04
2024-01-30 14:35:04,360 :- 00198: 012 , 13.30 , -2.10 || 1706605504, 17.602110217768 , 78.126616769242, 0.01 , 0.01 ,13.59 , 10.17 , 0.98 , 0.32 , 15.19
2024-01-30 14:35:04,390 :- 00199: 015 , 13.40 , -1.80 || 1706605504, 17.602110217768 , 78.126616769242, 0.01 , 0.01 ,13.59 , 8.94 , 1.01 , 0.33 , 15.25
2024-01-30 14:35:04,420 :- 00200: 018 , 13.40 , -1.50 || 1706605504, 17.602113514548 , 78.126617806964, 0.01 , 0.01 ,13.72 , 9.08 , 1.06 , 0.34 , 15.37
2024-01-30 14:35:04,450 :- 00201: 021 , 13.30 , -1.20 || 1706605504, 17.602113514548 , 78.126617806964, 0.01 , 0.01 ,13.72 , 9.44 , 1.07 , 0.38 , 15.43
2024-01-30 14:35:04,480 :- 00202: 024 , 13.30 , -0.80 || 1706605504, 17.602113514548 , 78.126617806964, 0.01 , 0.01 ,13.72 , 9.31 , 1.09 , 0.34 , 15.51
2024-01-30 14:35:04,510 :- 00203: 027 , 13.30 , -0.50 || 1706605504, 17.602113514548 , 78.126617806964, 0.01 , 0.01 ,13.49 , 9.64 , 1.10 , 0.31 , 15.56
2024-01-30 14:35:04,540 :- 00204: 030 , 13.20 , -0.20 || 1706605504, 17.602116757096 , 78.126618825810, 0.01 , 0.01 ,13.49 , 9.64 , 1.11 , 0.28 , 15.63
2024-01-30 14:35:04,570 :- 00205: 033 , 13.20 , 00.20 || 1706605504, 17.602116757096 , 78.126618825810, 0.01 , 0.01 ,13.49 , 9.61 , 1.13 , 0.24 , 15.65
2024-01-30 14:35:04,600 :- 00206: 036 , 13.20 , 00.50 || 1706605504, 17.602116757096 , 78.126618825810, 0.01 , 0.01 ,13.49 , 9.83 , 1.16 , 0.18 , 15.68
2024-01-30 14:35:04,630 :- 00207: 039 , 13.20 , 00.90 || 1706605504, 17.602119969404 , 78.126619809345, 0.01 , 0.01 ,13.34 , 9.87 , 1.16 , 0.17 , 15.68
2024-01-30 14:35:04,660 :- 00208: 042 , 13.20 , 01.20 || 1706605504, 17.602119969404 , 78.126619809345, 0.01 , 0.01 ,13.34 , 10.06 , 1.17 , 0.12 , 15.65
2024-01-30 14:35:04,690 :- 00209: 045 , 13.10 , 01.50 || 1706605504, 17.602119969404 , 78.126619809345, 0.01 , 0.01 ,13.34 , 10.02 , 1.18 , 0.12 , 15.62
2024-01-30 14:35:04,720 :- 00210: 048 , 13.10 , 01.90 || 1706605504, 17.602123166751 , 78.126620800265, 0.01 , 0.01 ,13.29 , 9.94 , 1.21 , 0.07 , 15.54
2024-01-30 14:35:04,750 :- 00211: 051 , 13.10 , 02.20 || 1706605504, 17.602123166751 , 78.126620800265, 0.01 , 0.01 ,13.29 , 10.06 , 1.23 , 0.07 , 15.49
2024-01-30 14:35:04,780 :- 00212: 054 , 13.10 , 02.50 || 1706605504, 17.602123166751 , 78.126620800265, 0.01 , 0.01 ,13.29 , 10.02 , 1.26 , 0.06 , 15.36
2024-01-30 14:35:04,810 :- 00213: 057 , 13.10 , 02.80 || 1706605504, 17.602123166751 , 78.126620800265, 0.01 , 0.01 ,13.34 , 10.13 , 1.26 , 0.05 , 15.29
2024-01-30 14:35:04,840 :- 00214: 060 , 13.00 , 03.10 || 1706605504, 17.602126377411 , 78.126621791929, 0.01 , 0.01 ,13.34 , 10.17 , 1.24 , 0.06 , 15.14
2024-01-30 14:35:04,870 :- 00215: 063 , 13.00 , 03.40 || 1706605504, 17.602126377411 , 78.126621791929, 0.01 , 0.01 ,13.34 , 9.98 , 1.24 , 0.07 , 15.05
2024-01-30 14:35:04,900 :- 00216: 066 , 13.00 , 03.80 || 1706605504, 17.602126377411 , 78.126621791929, 0.01 , 0.01 ,13.34 , 9.91 , 1.22 , 0.08 , 14.88
2024-01-30 14:35:04,930 :- 00217: 069 , 13.00 , 04.10 || 1706605504, 17.602129595117 , 78.126622714312, 0.01 , 0.01 ,13.30 , 9.57 , 1.21 , 0.09 , 14.79
2024-01-30 14:35:04,960 :- 00218: 072 , 13.00 , 04.40 || 1706605504, 17.602129595117 , 78.126622714312, 0.01 , 0.01 ,13.30 , 9.38 , 1.16 , 0.10 , 14.59
2024-01-30 14:35:04,990 :- 00219: 075 , 13.00 , 04.60 || 1706605504, 17.602129595117 , 78.126622714312, 0.01 , 0.01 ,13.30 , 9.56 , 1.13 , 0.10 , 14.48
2024-01-30 14:35:05,020 :- 00220: 078 , 12.90 , 04.90 || 1706605505, 17.602129595117 , 78.126622714312, 0.01 , 0.01 ,13.26 , 9.90 , 1.10 , 0.12 , 14.26
2024-01-30 14:35:05,050 :- 00221: 081 , 12.90 , 05.10 || 1706605505, 17.602132820342 , 78.126623565507, 0.01 , 0.01 ,13.26 , 10.24 , 1.10 , 0.12 , 14.13
2024-01-30 14:35:05,080 :- 00222: 084 , 12.80 , 05.30 || 1706605505, 17.602132820342 , 78.126623565507, 0.01 , 0.01 ,13.26 , 9.86 , 1.08 , 0.11 , 13.87
2024-01-30 14:35:05,110 :- 00223: 087 , 12.80 , 05.50 || 1706605505, 17.602132820342 , 78.126623565507, 0.01 , 0.01 ,13.09 , 9.76 , 1.07 , 0.11 , 13.73
2024-01-30 14:35:05,140 :- 00224: 090 , 12.80 , 05.60 || 1706605505, 17.602136014971 , 78.126624365612, 0.01 , 0.01 ,13.09 , 10.01 , 1.05 , 0.10 , 13.43
2024-01-30 14:35:05,170 :- 00225: 093 , 12.80 , 05.70 || 1706605505, 17.602136014971 , 78.126624365612, 0.01 , 0.01 ,13.09 , 9.94 , 1.05 , 0.12 , 13.27
2024-01-30 14:35:05,200 :- 00226: 096 , 12.80 , 05.80 || 1706605505, 17.602136014971 , 78.126624365612, 0.01 , 0.01 ,13.09 , 10.04 , 1.07 , 0.12 , 12.95
2024-01-30 14:35:05,230 :- 00227: 099 , 12.70 , 05.90 || 1706605505, 17.602139208208 , 78.126625169740, 0.01 , 0.01 ,13.09 , 9.81 , 1.09 , 0.12 , 12.79
2024-01-30 14:35:05,260 :- 00228: 102 , 12.70 , 06.10 || 1706605505, 17.602139208208 , 78.126625169740, 0.01 , 0.01 ,13.09 , 9.72 , 1.12 , 0.13 , 12.46
2024-01-30 14:35:05,290 :- 00229: 105 , 12.70 , 06.20 || 1706605505, 17.602139208208 , 78.126625169740, 0.01 , 0.01 ,13.09 , 9.36 , 1.14 , 0.13 , 12.30
2024-01-30 14:35:05,320 :- 00230: 108 , 12.70 , 06.30 || 1706605505, 17.602142382640 , 78.126625954720, 0.01 , 0.01 ,13.00 , 9.77 , 1.17 , 0.12 , 11.97
2024-01-30 14:35:05,350 :- 00231: 111 , 12.70 , 06.40 || 1706605505, 17.602142382640 , 78.126625954720, 0.01 , 0.01 ,13.00 , 9.88 , 1.18 , 0.13 , 11.80
2024-01-30 14:35:05,380 :- 00232: 111 , 12.70 , 06.40 || 1706605505, 17.602142382640 , 78.126625954720, 0.01 , 0.01 ,13.00 , 9.88 , 1.18 , 0.13 , 11.801706605505, 17.602142382640 , 78.126625954720, 0.01 , 0.01 ,13.00 , 9.70 , 1.21 , 0.11 , 11.46
2024-01-30 14:35:05,400 :- 00233: 116 , 12.60 , 06.60 || 1706605505, 17.602142382640 , 78.126625954720, 0.01 , 0.01 ,13.00 , 9.71 , 1.22 , 0.10 , 11.29
2024-01-30 14:35:05,430 :- 00234: 119 , 12.60 , 06.80 || 1706605505, 17.602145530631 , 78.126626660100, 0.01 , 0.01 ,12.83 , 9.72 , 1.22 , 0.10 , 11.11
2024-01-30 14:35:05,460 :- 00235: 122 , 12.60 , 06.90 || 1706605505, 17.602145530631 , 78.126626660100, 0.01 , 0.01 ,12.83 , 9.66 , 1.21 , 0.09 , 10.75
2024-01-30 14:35:05,490 :- 00236: 125 , 12.60 , 07.10 || 1706605505, 17.602145530631 , 78.126626660100, 0.01 , 0.01 ,12.83 , 9.66 , 1.19 , 0.08 , 10.57
2024-01-30 14:35:05,520 :- 00237: 128 , 12.50 , 07.30 || 1706605505, 17.602148692674 , 78.126627284826, 0.01 , 0.01 ,12.82 , 9.67 , 1.17 , 0.06 , 10.20
2024-01-30 14:35:05,550 :- 00238: 131 , 12.50 , 07.40 || 1706605505, 17.602148692674 , 78.126627284826, 0.01 , 0.01 ,12.82 , 9.84 , 1.17 , 0.07 , 10.02
2024-01-30 14:35:05,590 :- 00239: 135 , 12.50 , 07.60 || 1706605505, 17.602148692674 , 78.126627284826, 0.01 , 0.01 ,12.82 , 9.81 , 1.17 , 0.05 , 9.64
2024-01-30 14:35:05,620 :- 00240: 138 , 12.40 , 07.80 || 1706605505, 17.602151815561 , 78.126627841723, 0.01 , 0.01 ,12.62 , 9.50 , 1.16 , 0.02 , 9.24
2024-01-30 14:35:05,650 :- 00241: 141 , 12.40 , 07.90 || 1706605505, 17.602151815561 , 78.126627841723, 0.01 , 0.01 ,12.62 , 9.63 , 1.15 , 0.01 , 9.04
2024-01-30 14:35:05,680 :- 00242: 144 , 12.40 , 08.00 || 1706605505, 17.602151815561 , 78.126627841723, 0.01 , 0.01 ,12.62 , 9.85 , 1.11 , -0.00 , 8.63
2024-01-30 14:35:05,700 :- 00243: 146 , 12.40 , 08.10 || 1706605505, 17.602151815561 , 78.126627841723, 0.01 , 0.01 ,12.62 , 10.12 , 1.10 , -0.01 , 8.41
2024-01-30 14:35:05,730 :- 00244: 149 , 12.40 , 08.20 || 1706605505, 17.602154952258 , 78.126628311188, 0.01 , 0.01 ,12.63 , 10.00 , 1.08 , -0.02 , 8.20
2024-01-30 14:35:05,760 :- 00245: 152 , 12.30 , 08.20 || 1706605505, 17.602154952258 , 78.126628311188, 0.01 , 0.01 ,12.63 , 9.67 , 1.07 , -0.04 , 7.76
2024-01-30 14:35:05,790 :- 00246: 155 , 12.30 , 08.30 || 1706605505, 17.602154952258 , 78.126628311188, 0.01 , 0.01 ,12.63 , 10.24 , 1.07 , -0.03 , 7.54
2024-01-30 14:35:05,820 :- 00247: 158 , 12.30 , 08.40 || 1706605505, 17.602158068561 , 78.126628741214, 0.01 , 0.01 ,12.53 , 10.08 , 1.07 , -0.05 , 7.08
2024-01-30 14:35:05,850 :- 00248: 161 , 12.30 , 08.40 || 1706605505, 17.602158068561 , 78.126628741214, 0.01 , 0.01 ,12.53 , 9.78 , 1.07 , -0.06 , 6.85
2024-01-30 14:35:05,880 :- 00249: 164 , 12.20 , 08.50 || 1706605505, 17.602158068561 , 78.126628741214, 0.01 , 0.01 ,12.53 , 9.96 , 1.08 , -0.06 , 6.39
2024-01-30 14:35:05,910 :- 00250: 167 , 12.20 , 08.50 || 1706605505, 17.602158068561 , 78.126628741214, 0.01 , 0.01 ,12.52 , 9.76 , 1.08 , -0.06 , 6.15
2024-01-30 14:35:05,940 :- 00251: 170 , 12.20 , 08.50 || 1706605505, 17.602161191889 , 78.126629110368, 0.01 , 0.01 ,12.52 , 9.70 , 1.08 , -0.08 , 5.69
2024-01-30 14:35:05,970 :- 00252: 173 , 12.20 , 08.50 || 1706605505, 17.602161191889 , 78.126629110368, 0.01 , 0.01 ,12.52 , 9.72 , 1.08 , -0.07 , 5.47
2024-01-30 14:35:06,000 :- 00253: 176 , 12.20 , 08.50 || 1706605505, 17.602161191889 , 78.126629110368, 0.01 , 0.01 ,12.52 , 9.59 , 1.08 , -0.10 , 5.01
2024-01-30 14:35:06,030 :- 00254: 179 , 12.20 , 08.50 || 1706605506, 17.602161191889 , 78.126629110368, 0.01 , 0.01 ,12.41 , 9.61 , 1.07 , -0.12 , 4.79
2024-01-30 14:35:06,060 :- 00255: 182 , 12.20 , 08.50 || 1706605506, 17.602164292964 , 78.126629404213, 0.01 , 0.01 ,12.41 , 9.93 , 1.07 , -0.11 , 4.33
2024-01-30 14:35:06,090 :- 00256: 185 , 12.10 , 08.50 || 1706605506, 17.602164292964 , 78.126629404213, 0.01 , 0.01 ,12.41 , 9.74 , 1.07 , -0.14 , 4.10
2024-01-30 14:35:06,120 :- 00257: 188 , 12.10 , 08.50 || 1706605506, 17.602167391317 , 78.126629638297, 0.01 , 0.01 ,12.38 , 9.80 , 1.08 , -0.15 , 3.64
2024-01-30 14:35:06,150 :- 00258: 191 , 12.10 , 08.50 || 1706605506, 17.602167391317 , 78.126629638297, 0.01 , 0.01 ,12.38 , 9.94 , 1.07 , -0.14 , 3.41
2024-01-30 14:35:06,180 :- 00259: 194 , 12.10 , 08.50 || 1706605506, 17.602167391317 , 78.126629638297, 0.01 , 0.01 ,12.38 , 9.91 , 1.07 , -0.17 , 2.96
2024-01-30 14:35:06,210 :- 00260: 197 , 12.10 , 08.60 || 1706605506, 17.602167391317 , 78.126629638297, 0.01 , 0.01 ,12.38 , 9.80 , 1.08 , -0.18 , 2.73
2024-01-30 14:35:06,240 :- 00261: 200 , 12.10 , 08.60 || 1706605506, 17.602170495586 , 78.126629801079, 0.01 , 0.01 ,12.38 , 9.88 , 1.08 , -0.15 , 2.29
2024-01-30 14:35:06,270 :- 00262: 203 , 12.10 , 08.60 || 1706605506, 17.602170495586 , 78.126629801079, 0.01 , 0.01 ,12.38 , 10.00 , 1.07 , -0.15 , 2.06
2024-01-30 14:35:06,300 :- 00263: 206 , 12.10 , 08.60 || 1706605506, 17.602170495586 , 78.126629801079, 0.01 , 0.01 ,12.38 , 9.66 , 1.07 , -0.14 , 1.60
2024-01-30 14:35:06,330 :- 00264: 209 , 12.10 , 08.60 || 1706605506, 17.602173617470 , 78.126629903311, 0.01 , 0.01 ,12.45 , 9.68 , 1.07 , -0.14 , 1.37
2024-01-30 14:35:06,360 :- 00265: 212 , 12.10 , 08.60 || 1706605506, 17.602173617470 , 78.126629903311, 0.01 , 0.01 ,12.45 , 9.59 , 1.05 , -0.16 , 0.91
2024-01-30 14:35:06,390 :- 00266: 215 , 12.10 , 08.60 || 1706605506, 17.602173617470 , 78.126629903311, 0.01 , 0.01 ,12.45 , 9.40 , 1.04 , -0.17 , 0.68
2024-01-30 14:35:06,420 :- 00267: 218 , 12.10 , 08.70 || 1706605506, 17.602176728857 , 78.126629923262, 0.01 , 0.01 ,12.40 , 9.49 , 1.01 , -0.23 , 0.21
2024-01-30 14:35:06,450 :- 00268: 221 , 12.10 , 08.70 || 1706605506, 17.602176728857 , 78.126629923262, 0.01 , 0.01 ,12.40 , 9.51 , 1.00 , -0.28 , 359.98
2024-01-30 14:35:06,480 :- 00269: 224 , 12.20 , 08.80 || 1706605506, 17.602176728857 , 78.126629923262, 0.01 , 0.01 ,12.40 , 9.66 , 0.99 , -0.35 , 359.50
2024-01-30 14:35:06,510 :- 00270: 227 , 12.20 , 08.80 || 1706605506, 17.602176728857 , 78.126629923262, 0.01 , 0.01 ,12.41 , 9.60 , 0.98 , -0.41 , 359.26
2024-01-30 14:35:06,540 :- 00271: 230 , 12.30 , 08.90 || 1706605506, 17.602179842166 , 78.126629892274, 0.01 , 0.01 ,12.41 , 9.83 , 0.99 , -0.52 , 358.77
2024-01-30 14:35:06,570 :- 00272: 233 , 12.30 , 08.90 || 1706605506, 17.602179842166 , 78.126629892274, 0.01 , 0.01 ,12.41 , 10.17 , 1.00 , -0.56 , 358.53
2024-01-30 14:35:06,600 :- 00273: 236 , 12.40 , 08.90 || 1706605506, 17.602179842166 , 78.126629892274, 0.01 , 0.01 ,12.41 , 10.38 , 1.01 , -0.64 , 358.04
2024-01-30 14:35:06,630 :- 00274: 239 , 12.50 , 08.90 || 1706605506, 17.602183019406 , 78.126629792608, 0.01 , 0.01 ,12.67 , 10.36 , 1.02 , -0.67 , 357.79
2024-01-30 14:35:06,660 :- 00275: 239 , 12.50 , 08.90 || 1706605506, 17.602183019406 , 78.126629792608, 0.01 , 0.01 ,12.67 , 10.36 , 1.02 , -0.67 , 357.791706605506, 17.602183019406 , 78.126629792608, 0.01 , 0.01 ,12.67 , 10.55 , 1.03 , -0.69 , 357.28
2024-01-30 14:35:06,680 :- 00276: 244 , 12.60 , 08.90 || 1706605506, 17.602183019406 , 78.126629792608, 0.01 , 0.01 ,12.67 , 10.28 , 1.04 , -0.71 , 357.03
2024-01-30 14:35:06,710 :- 00277: 247 , 12.70 , 08.90 || 1706605506, 17.602183019406 , 78.126629792608, 0.01 , 0.01 ,13.07 , 9.75 , 1.05 , -0.72 , 356.78
2024-01-30 14:35:06,740 :- 00278: 250 , 12.80 , 08.90 || 1706605506, 17.602186295555 , 78.126629639991, 0.01 , 0.01 ,13.07 , 9.87 , 1.07 , -0.70 , 356.27
2024-01-30 14:35:06,770 :- 00279: 253 , 12.90 , 08.80 || 1706605506, 17.602186295555 , 78.126629639991, 0.01 , 0.01 ,13.07 , 9.57 , 1.07 , -0.69 , 356.01
2024-01-30 14:35:06,800 :- 00280: 000 , 12.90 , 08.80 || 1706605506, 17.602186295555 , 78.126629639991, 0.01 , 0.01 ,13.07 , 9.69 , 1.07 , -0.65 , 355.50
2024-01-30 14:35:06,830 :- 00281: 003 , 13.00 , 08.80 || 1706605506, 17.602189653296 , 78.126629381462, 0.01 , 0.01 ,13.42 , 9.40 , 1.05 , -0.66 , 355.24
2024-01-30 14:35:06,860 :- 00282: 006 , 13.10 , 08.70 || 1706605506, 17.602189653296 , 78.126629381462, 0.01 , 0.01 ,13.42 , 9.32 , 1.04 , -0.64 , 354.72
2024-01-30 14:35:06,890 :- 00283: 009 , 13.20 , 08.60 || 1706605506, 17.602189653296 , 78.126629381462, 0.01 , 0.01 ,13.42 , 9.54 , 1.04 , -0.65 , 354.45
2024-01-30 14:35:06,920 :- 00284: 012 , 13.30 , 08.50 || 1706605506, 17.602193084365 , 78.126629030068, 0.01 , 0.01 ,13.74 , 9.14 , 1.07 , -0.68 , 353.92
2024-01-30 14:35:06,950 :- 00285: 015 , 13.40 , 08.40 || 1706605506, 17.602193084365 , 78.126629030068, 0.01 , 0.01 ,13.74 , 9.71 , 1.07 , -0.68 , 353.66
2024-01-30 14:35:06,980 :- 00286: 018 , 13.50 , 08.30 || 1706605506, 17.602193084365 , 78.126629030068, 0.01 , 0.01 ,13.74 , 9.93 , 1.05 , -0.68 , 353.13
2024-01-30 14:35:07,010 :- 00287: 021 , 13.50 , 08.10 || 1706605506, 17.602193084365 , 78.126629030068, 0.01 , 0.01 ,13.74 , 9.82 , 1.02 , -0.70 , 352.87
2024-01-30 14:35:07,040 :- 00288: 024 , 13.60 , 08.00 || 1706605507, 17.602196576808 , 78.126628601160, 0.01 , 0.01 ,14.01 , 10.10 , 0.96 , -0.68 , 352.35
2024-01-30 14:35:07,070 :- 00289: 027 , 13.70 , 07.80 || 1706605507, 17.602196576808 , 78.126628601160, 0.01 , 0.01 ,14.01 , 9.96 , 0.93 , -0.70 , 352.10
2024-01-30 14:35:07,100 :- 00290: 030 , 13.80 , 07.60 || 1706605507, 17.602196576808 , 78.126628601160, 0.01 , 0.01 ,14.01 , 10.16 , 0.89 , -0.64 , 351.61
2024-01-30 14:35:07,130 :- 00291: 033 , 13.90 , 07.40 || 1706605507, 17.602200158576 , 78.126628031471, 0.01 , 0.01 ,14.44 , 10.15 , 0.86 , -0.63 , 351.38
2024-01-30 14:35:07,160 :- 00292: 036 , 14.00 , 07.20 || 1706605507, 17.602200158576 , 78.126628031471, 0.01 , 0.01 ,14.44 , 10.25 , 0.85 , -0.59 , 350.91
2024-01-30 14:35:07,190 :- 00293: 039 , 14.10 , 07.10 || 1706605507, 17.602200158576 , 78.126628031471, 0.01 , 0.01 ,14.44 , 10.22 , 0.86 , -0.55 , 350.69
2024-01-30 14:35:07,220 :- 00294: 042 , 14.30 , 06.80 || 1706605507, 17.602203855004 , 78.126627390595, 0.01 , 0.01 ,14.93 , 10.13 , 0.90 , -0.52 , 350.24
2024-01-30 14:35:07,250 :- 00295: 045 , 14.40 , 06.70 || 1706605507, 17.602203855004 , 78.126627390595, 0.01 , 0.01 ,14.93 , 9.89 , 0.92 , -0.50 , 350.01
2024-01-30 14:35:07,280 :- 00296: 048 , 14.50 , 06.50 || 1706605507, 17.602203855004 , 78.126627390595, 0.01 , 0.01 ,14.93 , 9.60 , 0.98 , -0.46 , 349.57
2024-01-30 14:35:07,310 :- 00297: 051 , 14.70 , 06.30 || 1706605507, 17.602203855004 , 78.126627390595, 0.01 , 0.01 ,15.25 , 9.68 , 1.02 , -0.44 , 349.35
2024-01-30 14:35:07,340 :- 00298: 054 , 14.80 , 06.20 || 1706605507, 17.602207630912 , 78.126626734906, 0.01 , 0.01 ,15.25 , 9.42 , 1.09 , -0.45 , 348.92
2024-01-30 14:35:07,370 :- 00299: 057 , 14.90 , 06.00 || 1706605507, 17.602207630912 , 78.126626734906, 0.01 , 0.01 ,15.25 , 9.61 , 1.13 , -0.44 , 348.71
2024-01-30 14:35:07,400 :- 00300: 060 , 15.10 , 05.80 || 1706605507, 17.602207630912 , 78.126626734906, 0.01 , 0.01 ,15.25 , 9.36 , 1.20 , -0.46 , 348.31
2024-01-30 14:35:07,430 :- 00301: 063 , 15.20 , 05.60 || 1706605507, 17.602211474163 , 78.126626004483, 0.01 , 0.01 ,15.57 , 9.30 , 1.22 , -0.48 , 348.11
2024-01-30 14:35:07,460 :- 00302: 066 , 15.30 , 05.40 || 1706605507, 17.602211474163 , 78.126626004483, 0.01 , 0.01 ,15.57 , 9.65 , 1.24 , -0.50 , 347.73
2024-01-30 14:35:07,490 :- 00303: 069 , 15.40 , 05.20 || 1706605507, 17.602211474163 , 78.126626004483, 0.01 , 0.01 ,15.57 , 9.04 , 1.25 , -0.52 , 347.54
2024-01-30 14:35:07,520 :- 00304: 072 , 15.50 , 04.90 || 1706605507, 17.602215348535 , 78.126625160896, 0.01 , 0.01 ,15.77 , 9.29 , 1.27 , -0.61 , 347.18
2024-01-30 14:35:07,550 :- 00305: 075 , 15.60 , 04.70 || 1706605507, 17.602215348535 , 78.126625160896, 0.01 , 0.01 ,15.77 , 9.36 , 1.27 , -0.63 , 347.01
2024-01-30 14:35:07,580 :- 00306: 078 , 15.70 , 04.40 || 1706605507, 17.602215348535 , 78.126625160896, 0.01 , 0.01 ,15.77 , 9.54 , 1.24 , -0.69 , 346.68
2024-01-30 14:35:07,610 :- 00307: 081 , 15.80 , 04.10 || 1706605507, 17.602215348535 , 78.126625160896, 0.01 , 0.01 ,16.10 , 10.00 , 1.23 , -0.72 , 346.52
2024-01-30 14:35:07,640 :- 00308: 084 , 15.80 , 03.70 || 1706605507, 17.602219282332 , 78.126624201553, 0.01 , 0.01 ,16.10 , 9.80 , 1.23 , -0.80 , 346.22
2024-01-30 14:35:07,670 :- 00309: 087 , 15.90 , 03.50 || 1706605507, 17.602219282332 , 78.126624201553, 0.01 , 0.01 ,16.10 , 10.19 , 1.24 , -0.83 , 346.08
2024-01-30 14:35:07,700 :- 00310: 090 , 16.00 , 03.20 || 1706605507, 17.602219282332 , 78.126624201553, 0.01 , 0.01 ,16.10 , 9.85 , 1.25 , -0.90 , 345.80
2024-01-30 14:35:07,730 :- 00311: 093 , 16.10 , 03.10 || 1706605507, 17.602223287759 , 78.126623174015, 0.01 , 0.01 ,16.44 , 10.45 , 1.29 , -0.91 , 345.68
2024-01-30 14:35:07,760 :- 00312: 096 , 16.10 , 02.90 || 1706605507, 17.602223287759 , 78.126623174015, 0.01 , 0.01 ,16.44 , 10.47 , 1.28 , -0.94 , 345.44
2024-01-30 14:35:07,790 :- 00313: 099 , 16.20 , 02.60 || 1706605507, 17.602223287759 , 78.126623174015, 0.01 , 0.01 ,16.44 , 10.19 , 1.28 , -0.94 , 345.33
2024-01-30 14:35:07,820 :- 00314: 102 , 16.30 , 02.40 || 1706605507, 17.602227418687 , 78.126622265923, 0.01 , 0.01 ,16.76 , 10.42 , 1.27 , -0.96 , 345.12
2024-01-30 14:35:07,850 :- 00315: 105 , 16.40 , 02.20 || 1706605507, 17.602227418687 , 78.126622265923, 0.01 , 0.01 ,16.76 , 10.11 , 1.25 , -0.93 , 345.02
2024-01-30 14:35:07,880 :- 00316: 108 , 16.50 , 02.10 || 1706605507, 17.602227418687 , 78.126622265923, 0.01 , 0.01 ,16.76 , 10.16 , 1.25 , -0.92 , 344.84
2024-01-30 14:35:07,910 :- 00317: 111 , 16.60 , 01.90 || 1706605507, 17.602227418687 , 78.126622265923, 0.01 , 0.01 ,17.06 , 10.03 , 1.24 , -0.90 , 344.75
2024-01-30 14:35:07,940 :- 00318: 111 , 16.60 , 01.90 || 1706605507, 17.602227418687 , 78.126622265923, 0.01 , 0.01 ,17.06 , 10.03 , 1.24 , -0.90 , 344.751706605507, 17.602231556564 , 78.126621115434, 0.01 , 0.01 ,17.06 , 9.91 , 1.24 , -0.87 , 344.59
2024-01-30 14:35:07,960 :- 00319: 116 , 16.70 , 01.60 || 1706605507, 17.602231556564 , 78.126621115434, 0.01 , 0.01 ,17.06 , 9.48 , 1.24 , -0.86 , 344.52
2024-01-30 14:35:07,990 :- 00320: 119 , 16.80 , 01.40 || 1706605507, 17.602231556564 , 78.126621115434, 0.01 , 0.01 ,17.06 , 9.61 , 1.25 , -0.85 , 344.44
2024-01-30 14:35:08,020 :- 00321: 122 , 16.90 , 01.10 || 1706605508, 17.602235771652 , 78.126619932708, 0.01 , 0.01 ,17.39 , 10.21 , 1.27 , -0.79 , 344.32
2024-01-30 14:35:08,050 :- 00322: 125 , 16.90 , 00.90 || 1706605508, 17.602235771652 , 78.126619932708, 0.01 , 0.01 ,17.39 , 9.65 , 1.26 , -0.77 , 344.27
2024-01-30 14:35:08,080 :- 00323: 128 , 17.00 , 00.70 || 1706605508, 17.602235771652 , 78.126619932708, 0.01 , 0.01 ,17.39 , 9.33 , 1.26 , -0.76 , 344.16
2024-01-30 14:35:08,110 :- 00324: 131 , 17.10 , 00.50 || 1706605508, 17.602235771652 , 78.126619932708, 0.01 , 0.01 ,17.65 , 9.66 , 1.27 , -0.73 , 344.12
2024-01-30 14:35:08,140 :- 00325: 134 , 17.20 , 00.30 || 1706605508, 17.602240044690 , 78.126618716942, 0.01 , 0.01 ,17.65 , 9.42 , 1.27 , -0.70 , 344.05
2024-01-30 14:35:08,170 :- 00326: 137 , 17.30 , 00.10 || 1706605508, 17.602240044690 , 78.126618716942, 0.01 , 0.01 ,17.65 , 9.49 , 1.26 , -0.69 , 344.02
2024-01-30 14:35:08,200 :- 00327: 140 , 17.30 , -0.20 || 1706605508, 17.602240044690 , 78.126618716942, 0.01 , 0.01 ,17.65 , 9.76 , 1.23 , -0.69 , 343.97
2024-01-30 14:35:08,230 :- 00328: 143 , 17.40 , -0.40 || 1706605508, 17.602244364538 , 78.126617452323, 0.01 , 0.01 ,17.88 , 9.96 , 1.21 , -0.68 , 343.96
2024-01-30 14:35:08,260 :- 00329: 146 , 17.50 , -0.60 || 1706605508, 17.602244364538 , 78.126617452323, 0.01 , 0.01 ,17.88 , 9.69 , 1.14 , -0.70 , 343.96
2024-01-30 14:35:08,290 :- 00330: 149 , 17.50 , -0.90 || 1706605508, 17.602244364538 , 78.126617452323, 0.01 , 0.01 ,17.88 , 10.14 , 1.09 , -0.70 , 343.97
2024-01-30 14:35:08,320 :- 00331: 152 , 17.60 , -1.10 || 1706605508, 17.602248729376 , 78.126616141703, 0.01 , 0.01 ,18.10 , 9.71 , 0.97 , -0.69 , 344.02
2024-01-30 14:35:08,350 :- 00332: 155 , 17.70 , -1.30 || 1706605508, 17.602248729376 , 78.126616141703, 0.01 , 0.01 ,18.10 , 9.95 , 0.91 , -0.70 , 344.05
2024-01-30 14:35:08,380 :- 00333: 158 , 17.80 , -1.50 || 1706605508, 17.602248729376 , 78.126616141703, 0.01 , 0.01 ,18.10 , 10.13 , 0.78 , -0.69 , 344.14
2024-01-30 14:35:08,410 :- 00334: 161 , 17.90 , -1.70 || 1706605508, 17.602248729376 , 78.126616141703, 0.01 , 0.01 ,18.30 , 9.74 , 0.73 , -0.68 , 344.19
2024-01-30 14:35:08,440 :- 00335: 164 , 18.00 , -1.80 || 1706605508, 17.602253131201 , 78.126614775148, 0.01 , 0.01 ,18.30 , 9.98 , 0.60 , -0.65 , 344.30
2024-01-30 14:35:08,470 :- 00336: 167 , 18.00 , -2.00 || 1706605508, 17.602253131201 , 78.126614775148, 0.01 , 0.01 ,18.30 , 9.07 , 0.51 , -0.71 , 344.35
2024-01-30 14:35:08,500 :- 00337: 170 , 18.20 , -2.20 || 1706605508, 17.602253131201 , 78.126614775148, 0.01 , 0.01 ,18.30 , 10.44 , 0.43 , -0.68 , 344.47
2024-01-30 14:35:08,530 :- 00338: 173 , 18.20 , -2.40 || 1706605508, 17.602257612889 , 78.126613400613, 0.01 , 0.01 ,18.61 , 8.68 , 0.42 , -0.64 , 344.54
2024-01-30 14:35:08,560 :- 00339: 176 , 18.30 , -2.60 || 1706605508, 17.602257612889 , 78.126613400613, 0.01 , 0.01 ,18.61 , 9.68 , 0.30 , -0.82 , 344.70
2024-01-30 14:35:08,590 :- 00340: 179 , 18.40 , -2.70 || 1706605508, 17.602257612889 , 78.126613400613, 0.01 , 0.01 ,18.61 , 9.66 , 0.32 , -0.77 , 344.77
2024-01-30 14:35:08,620 :- 00341: 182 , 18.40 , -2.80 || 1706605508, 17.602262183822 , 78.126612109242, 0.01 , 0.01 ,18.87 , 9.85 , 0.23 , -0.68 , 344.96
2024-01-30 14:35:08,650 :- 00342: 185 , 18.50 , -2.90 || 1706605508, 17.602262183822 , 78.126612109242, 0.01 , 0.01 ,18.87 , 10.36 , 0.21 , -0.77 , 345.06
2024-01-30 14:35:08,680 :- 00343: 188 , 18.60 , -3.00 || 1706605508, 17.602262183822 , 78.126612109242, 0.01 , 0.01 ,18.87 , 9.41 , 0.21 , -0.73 , 345.29
2024-01-30 14:35:08,710 :- 00344: 191 , 18.60 , -3.00 || 1706605508, 17.602262183822 , 78.126612109242, 0.01 , 0.01 ,19.14 , 10.31 , 0.19 , -0.70 , 345.41
2024-01-30 14:35:08,740 :- 00345: 194 , 18.70 , -3.00 || 1706605508, 17.602266833293 , 78.126610856098, 0.01 , 0.01 ,19.14 , 9.91 , 0.19 , -0.76 , 345.67
2024-01-30 14:35:08,770 :- 00346: 197 , 18.80 , -3.10 || 1706605508, 17.602266833293 , 78.126610856098, 0.01 , 0.01 ,19.14 , 9.79 , 0.19 , -0.71 , 345.80
2024-01-30 14:35:08,800 :- 00347: 200 , 18.80 , -3.10 || 1706605508, 17.602266833293 , 78.126610856098, 0.01 , 0.01 ,19.14 , 10.22 , 0.18 , -0.70 , 346.07
2024-01-30 14:35:08,830 :- 00348: 203 , 19.00 , -3.10 || 1706605508, 17.602271550737 , 78.126609471139, 0.01 , 0.01 ,19.46 , 9.55 , 0.16 , -0.70 , 346.21
2024-01-30 14:35:08,860 :- 00349: 206 , 19.00 , -3.20 || 1706605508, 17.602271550737 , 78.126609471139, 0.01 , 0.01 ,19.46 , 10.09 , 0.15 , -0.64 , 346.47
2024-01-30 14:35:08,890 :- 00350: 209 , 19.10 , -3.20 || 1706605508, 17.602271550737 , 78.126609471139, 0.01 , 0.01 ,19.46 , 9.81 , 0.14 , -0.63 , 346.60
2024-01-30 14:35:08,920 :- 00351: 212 , 19.10 , -3.30 || 1706605508, 17.602276378440 , 78.126608284568, 0.01 , 0.01 ,19.76 , 11.86 , 0.04 , -0.49 , 346.88
2024-01-30 14:35:08,950 :- 00352: 215 , 19.40 , -3.40 || 1706605508, 17.602276378440 , 78.126608284568, 0.01 , 0.01 ,19.76 , 6.64 , 0.05 , -0.64 , 347.02
2024-01-30 14:35:08,980 :- 00353: 218 , 19.50 , -3.40 || 1706605508, 17.602276378440 , 78.126608284568, 0.01 , 0.01 ,19.76 , 9.29 , -0.05 , -0.64 , 347.28
2024-01-30 14:35:09,010 :- 00354: 221 , 19.40 , -3.50 || 1706605508, 17.602276378440 , 78.126608284568, 0.01 , 0.01 ,19.76 , 10.96 , 0.03 , -0.52 , 347.42
2024-01-30 14:35:09,040 :- 00355: 224 , 19.50 , -3.50 || 1706605509, 17.602281282972 , 78.126607135421, 0.01 , 0.01 ,20.03 , 9.77 , -0.08 , -0.46 , 347.69
2024-01-30 14:35:09,070 :- 00356: 227 , 19.60 , -3.60 || 1706605509, 17.602281282972 , 78.126607135421, 0.01 , 0.01 ,20.03 , 9.81 , -0.00 , -0.43 , 347.83
2024-01-30 14:35:09,100 :- 00357: 230 , 19.60 , -3.60 || 1706605509, 17.602281282972 , 78.126607135421, 0.01 , 0.01 ,20.03 , 9.19 , -0.01 , -0.52 , 348.13
2024-01-30 14:35:09,130 :- 00358: 233 , 19.70 , -3.60 || 1706605509, 17.602286261728 , 78.126606061924, 0.01 , 0.01 ,20.26 , 9.57 , -0.07 , -0.48 , 348.29
2024-01-30 14:35:09,160 :- 00359: 236 , 19.80 , -3.60 || 1706605509, 17.602286261728 , 78.126606061924, 0.01 , 0.01 ,20.26 , 10.36 , -0.03 , -0.44 , 348.61
2024-01-30 14:35:09,190 :- 00360: 239 , 19.90 , -3.60 || 1706605509, 17.602286261728 , 78.126606061924, 0.01 , 0.01 ,20.26 , 9.72 , -0.06 , -0.46 , 348.77
2024-01-30 14:35:09,220 :- 00361: 239 , 19.90 , -3.60 || 1706605509, 17.602286261728 , 78.126606061924, 0.01 , 0.01 ,20.26 , 9.72 , -0.06 , -0.46 , 348.771706605509, 17.602291306401 , 78.126605043487, 0.01 , 0.01 ,20.47 , 9.57 , -0.07 , -0.50 , 349.09
2024-01-30 14:35:09,240 :- 00362: 244 , 20.00 , -3.60 || 1706605509, 17.602291306401 , 78.126605043487, 0.01 , 0.01 ,20.47 , 9.93 , -0.01 , -0.47 , 349.25
2024-01-30 14:35:09,270 :- 00363: 247 , 20.10 , -3.60 || 1706605509, 17.602291306401 , 78.126605043487, 0.01 , 0.01 ,20.47 , 9.81 , 0.00 , -0.43 , 349.41
2024-01-30 14:35:09,300 :- 00364: 250 , 20.20 , -3.60 || 1706605509, 17.602291306401 , 78.126605043487, 0.01 , 0.01 ,20.47 , 9.83 , 0.06 , -0.46 , 349.73
2024-01-30 14:35:09,330 :- 00365: 253 , 20.30 , -3.60 || 1706605509, 17.602296439818 , 78.126604114801, 0.01 , 0.01 ,20.76 , 9.70 , 0.07 , -0.46 , 349.89
2024-01-30 14:35:09,360 :- 00366: 000 , 20.30 , -3.60 || 1706605509, 17.602296439818 , 78.126604114801, 0.01 , 0.01 ,20.76 , 9.98 , 0.11 , -0.41 , 350.22
2024-01-30 14:35:09,390 :- 00367: 003 , 20.40 , -3.60 || 1706605509, 17.602296439818 , 78.126604114801, 0.01 , 0.01 ,20.76 , 9.55 , 0.12 , -0.41 , 350.38
2024-01-30 14:35:09,420 :- 00368: 006 , 20.50 , -3.60 || 1706605509, 17.602301666086 , 78.126603261312, 0.01 , 0.01 ,21.08 , 9.62 , 0.13 , -0.45 , 350.71
2024-01-30 14:35:09,450 :- 00369: 009 , 20.60 , -3.60 || 1706605509, 17.602301666086 , 78.126603261312, 0.01 , 0.01 ,21.08 , 10.00 , 0.15 , -0.44 , 350.88
2024-01-30 14:35:09,480 :- 00370: 012 , 20.70 , -3.60 || 1706605509, 17.602301666086 , 78.126603261312, 0.01 , 0.01 ,21.08 , 9.55 , 0.15 , -0.45 , 351.21
2024-01-30 14:35:09,510 :- 00371: 015 , 20.80 , -3.60 || 1706605509, 17.602301666086 , 78.126603261312, 0.01 , 0.01 ,21.22 , 10.01 , 0.16 , -0.48 , 351.37
2024-01-30 14:35:09,540 :- 00372: 018 , 20.90 , -3.60 || 1706605509, 17.602306935390 , 78.126602458323, 0.01 , 0.01 ,21.22 , 9.69 , 0.17 , -0.49 , 351.70
2024-01-30 14:35:09,570 :- 00373: 021 , 20.90 , -3.50 || 1706605509, 17.602306935390 , 78.126602458323, 0.01 , 0.01 ,21.22 , 9.82 , 0.16 , -0.52 , 351.86
2024-01-30 14:35:09,600 :- 00374: 024 , 21.00 , -3.50 || 1706605509, 17.602306935390 , 78.126602458323, 0.01 , 0.01 ,21.22 , 10.16 , 0.15 , -0.52 , 352.19
2024-01-30 14:35:09,630 :- 00375: 027 , 21.10 , -3.40 || 1706605509, 17.602312282880 , 78.126601710577, 0.01 , 0.01 ,21.50 , 10.09 , 0.15 , -0.53 , 352.35
2024-01-30 14:35:09,660 :- 00376: 030 , 21.20 , -3.40 || 1706605509, 17.602312282880 , 78.126601710577, 0.01 , 0.01 ,21.50 , 9.25 , 0.18 , -0.57 , 352.67
2024-01-30 14:35:09,690 :- 00377: 033 , 21.30 , -3.30 || 1706605509, 17.602312282880 , 78.126601710577, 0.01 , 0.01 ,21.50 , 9.52 , 0.21 , -0.55 , 352.83
2024-01-30 14:35:09,720 :- 00378: 036 , 21.30 , -3.30 || 1706605509, 17.602317719626 , 78.126601047895, 0.01 , 0.01 ,21.81 , 9.83 , 0.23 , -0.58 , 353.14
2024-01-30 14:35:09,750 :- 00379: 039 , 21.40 , -3.20 || 1706605509, 17.602317719626 , 78.126601047895, 0.01 , 0.01 ,21.81 , 10.05 , 0.26 , -0.58 , 353.29
2024-01-30 14:35:09,780 :- 00380: 042 , 21.50 , -3.10 || 1706605509, 17.602317719626 , 78.126601047895, 0.01 , 0.01 ,21.81 , 9.92 , 0.30 , -0.59 , 353.59
2024-01-30 14:35:09,810 :- 00381: 045 , 21.50 , -3.00 || 1706605509, 17.602317719626 , 78.126601047895, 0.01 , 0.01 ,22.02 , 10.17 , 0.32 , -0.59 , 353.74
2024-01-30 14:35:09,840 :- 00382: 048 , 21.60 , -2.80 || 1706605509, 17.602323218050 , 78.126600468879, 0.01 , 0.01 ,22.02 , 9.71 , 0.34 , -0.58 , 354.03
2024-01-30 14:35:09,870 :- 00383: 051 , 21.70 , -2.70 || 1706605509, 17.602323218050 , 78.126600468879, 0.01 , 0.01 ,22.02 , 10.23 , 0.33 , -0.57 , 354.17
2024-01-30 14:35:09,900 :- 00384: 054 , 21.70 , -2.60 || 1706605509, 17.602323218050 , 78.126600468879, 0.01 , 0.01 ,22.02 , 10.24 , 0.35 , -0.52 , 354.44
2024-01-30 14:35:09,930 :- 00385: 057 , 21.80 , -2.50 || 1706605509, 17.602328819545 , 78.126599944764, 0.01 , 0.01 ,22.41 , 9.88 , 0.35 , -0.51 , 354.58
2024-01-30 14:35:09,960 :- 00386: 060 , 21.90 , -2.50 || 1706605509, 17.602328819545 , 78.126599944764, 0.01 , 0.01 ,22.41 , 9.81 , 0.38 , -0.47 , 354.83
2024-01-30 14:35:09,990 :- 00387: 063 , 22.00 , -2.40 || 1706605509, 17.602328819545 , 78.126599944764, 0.01 , 0.01 ,22.41 , 9.75 , 0.40 , -0.45 , 354.96
2024-01-30 14:35:10,020 :- 00388: 066 , 22.00 , -2.30 || 1706605510, 17.602328819545 , 78.126599944764, 0.01 , 0.01 ,22.67 , 9.77 , 0.43 , -0.40 , 355.19
2024-01-30 14:35:10,050 :- 00389: 069 , 22.10 , -2.20 || 1706605510, 17.602334489940 , 78.126599463392, 0.01 , 0.01 ,22.67 , 9.64 , 0.44 , -0.40 , 355.31
2024-01-30 14:35:10,080 :- 00390: 072 , 22.20 , -2.10 || 1706605510, 17.602334489940 , 78.126599463392, 0.01 , 0.01 ,22.67 , 9.57 , 0.45 , -0.38 , 355.52
2024-01-30 14:35:10,110 :- 00391: 075 , 22.30 , -2.00 || 1706605510, 17.602334489940 , 78.126599463392, 0.01 , 0.01 ,22.89 , 9.74 , 0.45 , -0.37 , 355.62
2024-01-30 14:35:10,140 :- 00392: 078 , 22.40 , -1.80 || 1706605510, 17.602340221767 , 78.126599054904, 0.01 , 0.01 ,22.89 , 9.24 , 0.47 , -0.39 , 355.82
2024-01-30 14:35:10,170 :- 00393: 081 , 22.40 , -1.80 || 1706605510, 17.602340221767 , 78.126599054904, 0.01 , 0.01 ,22.89 , 9.72 , 0.47 , -0.41 , 355.91
2024-01-30 14:35:10,200 :- 00394: 084 , 22.50 , -1.70 || 1706605510, 17.602340221767 , 78.126599054904, 0.01 , 0.01 ,22.89 , 9.67 , 0.48 , -0.41 , 356.09
2024-01-30 14:35:10,230 :- 00395: 087 , 22.60 , -1.60 || 1706605510, 17.602345979030 , 78.126598676624, 0.01 , 0.01 ,22.99 , 9.78 , 0.48 , -0.41 , 356.17
2024-01-30 14:35:10,260 :- 00396: 090 , 22.60 , -1.50 || 1706605510, 17.602345979030 , 78.126598676624, 0.01 , 0.01 ,22.99 , 9.98 , 0.49 , -0.47 , 356.33
2024-01-30 14:35:10,290 :- 00397: 093 , 22.70 , -1.50 || 1706605510, 17.602345979030 , 78.126598676624, 0.01 , 0.01 ,22.99 , 9.65 , 0.51 , -0.46 , 356.41
2024-01-30 14:35:10,320 :- 00398: 096 , 22.80 , -1.40 || 1706605510, 17.602351809112 , 78.126598352095, 0.01 , 0.01 ,23.26 , 9.88 , 0.56 , -0.45 , 356.56
2024-01-30 14:35:10,350 :- 00399: 099 , 22.80 , -1.30 || 1706605510, 17.602351809112 , 78.126598352095, 0.01 , 0.01 ,23.26 , 10.05 , 0.58 , -0.45 , 356.63
2024-01-30 14:35:10,380 :- 00400: 102 , 22.90 , -1.20 || 1706605510, 17.602351809112 , 78.126598352095, 0.01 , 0.01 ,23.26 , 9.70 , 0.62 , -0.44 , 356.76
2024-01-30 14:35:10,410 :- 00401: 105 , 22.90 , -1.10 || 1706605510, 17.602351809112 , 78.126598352095, 0.01 , 0.01 ,23.52 , 10.08 , 0.63 , -0.43 , 356.82
2024-01-30 14:35:10,440 :- 00402: 108 , 23.00 , -1.10 || 1706605510, 17.602357707035 , 78.126598075716, 0.01 , 0.01 ,23.52 , 9.99 , 0.63 , -0.43 , 356.92
2024-01-30 14:35:10,470 :- 00403: 111 , 23.00 , -1.00 || 1706605510, 17.602357707035 , 78.126598075716, 0.01 , 0.01 ,23.52 , 10.19 , 0.65 , -0.41 , 356.98
2024-01-30 14:35:10,500 :- 00404: 111 , 23.00 , -1.00 || 1706605510, 17.602357707035 , 78.126598075716, 0.01 , 0.01 ,23.52 , 10.19 , 0.65 , -0.41 , 356.981706605510, 17.602357707035 , 78.126598075716, 0.01 , 0.01 ,23.52 , 10.31 , 0.67 , -0.38 , 357.07
2024-01-30 14:35:10,520 :- 00405: 116 , 23.10 , -1.00 || 1706605510, 17.602363665421 , 78.126597814378, 0.01 , 0.01 ,23.76 , 10.12 , 0.67 , -0.37 , 357.12
2024-01-30 14:35:10,550 :- 00406: 119 , 23.20 , -0.90 || 1706605510, 17.602363665421 , 78.126597814378, 0.01 , 0.01 ,23.76 , 9.49 , 0.68 , -0.37 , 357.17
2024-01-30 14:35:10,580 :- 00407: 122 , 23.30 , -0.80 || 1706605510, 17.602363665421 , 78.126597814378, 0.01 , 0.01 ,23.76 , 9.30 , 0.71 , -0.36 , 357.25
2024-01-30 14:35:10,610 :- 00408: 125 , 23.40 , -0.80 || 1706605510, 17.602363665421 , 78.126597814378, 0.01 , 0.01 ,23.98 , 10.23 , 0.74 , -0.34 , 357.30
2024-01-30 14:35:10,640 :- 00409: 128 , 23.50 , -0.70 || 1706605510, 17.602369678596 , 78.126597573920, 0.01 , 0.01 ,23.98 , 9.12 , 0.78 , -0.36 , 357.38
2024-01-30 14:35:10,670 :- 00410: 131 , 23.50 , -0.70 || 1706605510, 17.602369678596 , 78.126597573920, 0.01 , 0.01 ,23.98 , 9.26 , 0.80 , -0.38 , 357.41
2024-01-30 14:35:10,700 :- 00411: 134 , 23.60 , -0.60 || 1706605510, 17.602369678596 , 78.126597573920, 0.01 , 0.01 ,23.98 , 9.77 , 0.83 , -0.38 , 357.47
2024-01-30 14:35:10,730 :- 00412: 137 , 23.60 , -0.60 || 1706605510, 17.602375721081 , 78.126597367243, 0.01 , 0.01 ,24.09 , 9.60 , 0.83 , -0.42 , 357.50
2024-01-30 14:35:10,760 :- 00413: 140 , 23.70 , -0.60 || 1706605510, 17.602375721081 , 78.126597367243, 0.01 , 0.01 ,24.09 , 9.77 , 0.85 , -0.42 , 357.55
2024-01-30 14:35:10,790 :- 00414: 143 , 23.70 , -0.60 || 1706605510, 17.602375721081 , 78.126597367243, 0.01 , 0.01 ,24.09 , 9.93 , 0.87 , -0.45 , 357.57
2024-01-30 14:35:10,820 :- 00415: 146 , 23.80 , -0.60 || 1706605510, 17.602381813750 , 78.126597146847, 0.01 , 0.01 ,24.29 , 9.88 , 0.88 , -0.47 , 357.63
2024-01-30 14:35:10,850 :- 00416: 149 , 23.80 , -0.60 || 1706605510, 17.602381813750 , 78.126597146847, 0.01 , 0.01 ,24.29 , 10.10 , 0.89 , -0.46 , 357.66
2024-01-30 14:35:10,880 :- 00417: 152 , 23.90 , -0.60 || 1706605510, 17.602381813750 , 78.126597146847, 0.01 , 0.01 ,24.29 , 10.42 , 0.91 , -0.46 , 357.71
2024-01-30 14:35:10,910 :- 00418: 155 , 23.90 , -0.60 || 1706605510, 17.602381813750 , 78.126597146847, 0.01 , 0.01 ,24.52 , 9.83 , 0.92 , -0.46 , 357.74
2024-01-30 14:35:10,940 :- 00419: 158 , 24.00 , -0.60 || 1706605510, 17.602387976534 , 78.126597081474, 0.01 , 0.01 ,24.52 , 10.34 , 0.92 , -0.43 , 357.79
2024-01-30 14:35:10,970 :- 00420: 161 , 24.10 , -0.60 || 1706605510, 17.602387976534 , 78.126597081474, 0.01 , 0.01 ,24.52 , 10.11 , 0.94 , -0.41 , 357.81
2024-01-30 14:35:11,000 :- 00421: 164 , 24.10 , -0.60 || 1706605510, 17.602387976534 , 78.126597081474, 0.01 , 0.01 ,24.52 , 9.82 , 0.95 , -0.38 , 357.86
2024-01-30 14:35:11,030 :- 00422: 167 , 24.20 , -0.60 || 1706605511, 17.602387976534 , 78.126597081474, 0.01 , 0.01 ,24.82 , 9.72 , 0.96 , -0.36 , 357.89
2024-01-30 14:35:11,060 :- 00423: 170 , 24.20 , -0.60 || 1706605511, 17.602394203356 , 78.126596891302, 0.01 , 0.01 ,24.82 , 9.63 , 1.01 , -0.33 , 357.94
2024-01-30 14:35:11,090 :- 00424: 173 , 24.30 , -0.70 || 1706605511, 17.602394203356 , 78.126596891302, 0.01 , 0.01 ,24.82 , 9.22 , 1.03 , -0.33 , 357.97
2024-01-30 14:35:11,120 :- 00425: 176 , 24.40 , -0.70 || 1706605511, 17.602400470155 , 78.126596734024, 0.01 , 0.01 ,24.98 , 9.74 , 1.10 , -0.31 , 358.04
2024-01-30 14:35:11,150 :- 00426: 179 , 24.40 , -0.70 || 1706605511, 17.602400470155 , 78.126596734024, 0.01 , 0.01 ,24.98 , 9.93 , 1.14 , -0.33 , 358.07
2024-01-30 14:35:11,180 :- 00427: 182 , 24.50 , -0.70 || 1706605511, 17.602400470155 , 78.126596734024, 0.01 , 0.01 ,24.98 , 9.30 , 1.22 , -0.35 , 358.13
2024-01-30 14:35:11,210 :- 00428: 185 , 24.50 , -0.70 || 1706605511, 17.602400470155 , 78.126596734024, 0.01 , 0.01 ,25.02 , 9.66 , 1.24 , -0.38 , 358.16
2024-01-30 14:35:11,240 :- 00429: 188 , 24.60 , -0.70 || 1706605511, 17.602406748514 , 78.126596617934, 0.01 , 0.01 ,25.02 , 9.47 , 1.26 , -0.40 , 358.22
2024-01-30 14:35:11,270 :- 00430: 191 , 24.60 , -0.70 || 1706605511, 17.602406748514 , 78.126596617934, 0.01 , 0.01 ,25.02 , 10.08 , 1.26 , -0.42 , 358.25
2024-01-30 14:35:11,300 :- 00431: 194 , 24.70 , -0.70 || 1706605511, 17.602406748514 , 78.126596617934, 0.01 , 0.01 ,25.02 , 9.93 , 1.25 , -0.43 , 358.31
2024-01-30 14:35:11,330 :- 00432: 197 , 24.70 , -0.70 || 1706605511, 17.602413068387 , 78.126596486856, 0.01 , 0.01 ,25.19 , 9.96 , 1.26 , -0.44 , 358.35
2024-01-30 14:35:11,360 :- 00433: 200 , 24.80 , -0.70 || 1706605511, 17.602413068387 , 78.126596486856, 0.01 , 0.01 ,25.19 , 9.92 , 1.28 , -0.40 , 358.41
2024-01-30 14:35:11,390 :- 00434: 203 , 24.80 , -0.70 || 1706605511, 17.602413068387 , 78.126596486856, 0.01 , 0.01 ,25.19 , 9.92 , 1.28 , -0.41 , 358.45
2024-01-30 14:35:11,420 :- 00435: 206 , 24.80 , -0.70 || 1706605511, 17.602419462713 , 78.126596360205, 0.01 , 0.01 ,25.48 , 10.26 , 1.32 , -0.36 , 358.51
2024-01-30 14:35:11,450 :- 00436: 209 , 24.90 , -0.70 || 1706605511, 17.602419462713 , 78.126596360205, 0.01 , 0.01 ,25.48 , 9.73 , 1.35 , -0.33 , 358.53
2024-01-30 14:35:11,480 :- 00437: 212 , 24.90 , -0.70 || 1706605511, 17.602419462713 , 78.126596360205, 0.01 , 0.01 ,25.48 , 10.42 , 1.39 , -0.31 , 358.58
2024-01-30 14:35:11,510 :- 00438: 215 , 25.00 , -0.70 || 1706605511, 17.602419462713 , 78.126596360205, 0.01 , 0.01 ,25.69 , 9.94 , 1.41 , -0.26 , 358.61
2024-01-30 14:35:11,540 :- 00439: 218 , 25.00 , -0.70 || 1706605511, 17.602425908529 , 78.126596272820, 0.01 , 0.01 ,25.69 , 9.82 , 1.44 , -0.22 , 358.66
2024-01-30 14:35:11,570 :- 00440: 221 , 25.10 , -0.70 || 1706605511, 17.602425908529 , 78.126596272820, 0.01 , 0.01 ,25.69 , 9.62 , 1.45 , -0.19 , 358.68
2024-01-30 14:35:11,600 :- 00441: 224 , 25.10 , -0.70 || 1706605511, 17.602425908529 , 78.126596272820, 0.01 , 0.01 ,25.69 , 9.80 , 1.47 , -0.14 , 358.75
2024-01-30 14:35:11,630 :- 00442: 227 , 25.20 , -0.70 || 1706605511, 17.602432402375 , 78.126596209181, 0.01 , 0.01 ,25.88 , 9.22 , 1.49 , -0.10 , 358.78
2024-01-30 14:35:11,660 :- 00443: 230 , 25.30 , -0.70 || 1706605511, 17.602432402375 , 78.126596209181, 0.01 , 0.01 ,25.88 , 8.99 , 1.50 , -0.10 , 358.86
2024-01-30 14:35:11,690 :- 00444: 233 , 25.40 , -0.70 || 1706605511, 17.602432402375 , 78.126596209181, 0.01 , 0.01 ,25.88 , 9.49 , 1.50 , -0.09 , 358.89
2024-01-30 14:35:11,720 :- 00445: 236 , 25.40 , -0.70 || 1706605511, 17.602438920020 , 78.126596133053, 0.01 , 0.01 ,25.97 , 9.54 , 1.46 , -0.07 , 358.95
2024-01-30 14:35:11,750 :- 00446: 239 , 25.40 , -0.70 || 1706605511, 17.602438920020 , 78.126596133053, 0.01 , 0.01 ,25.97 , 9.66 , 1.43 , -0.09 , 358.98
2024-01-30 14:35:11,779 :- 00447: 239 , 25.40 , -0.70 || 1706605511, 17.602438920020 , 78.126596133053, 0.01 , 0.01 ,25.97 , 9.66 , 1.43 , -0.09 , 358.981706605511, 17.602438920020 , 78.126596133053, 0.01 , 0.01 ,25.97 , 10.18 , 1.38 , -0.07 , 359.05
2024-01-30 14:35:11,800 :- 00448: 244 , 25.50 , -0.70 || 1706605511, 17.602438920020 , 78.126596133053, 0.01 , 0.01 ,26.05 , 10.04 , 1.35 , -0.07 , 359.08
2024-01-30 14:35:11,830 :- 00449: 247 , 25.50 , -0.70 || 1706605511, 17.602445456617 , 78.126596043332, 0.01 , 0.01 ,26.05 , 9.64 , 1.34 , -0.08 , 359.11
2024-01-30 14:35:11,860 :- 00450: 250 , 25.50 , -0.70 || 1706605511, 17.602445456617 , 78.126596043332, 0.01 , 0.01 ,26.05 , 10.28 , 1.31 , -0.08 , 359.18
2024-01-30 14:35:11,890 :- 00451: 253 , 25.50 , -0.70 || 1706605511, 17.602445456617 , 78.126596043332, 0.01 , 0.01 ,26.05 , 9.80 , 1.31 , -0.06 , 359.22
2024-01-30 14:35:11,920 :- 00452: 000 , 25.50 , -0.60 || 1706605511, 17.602452011234 , 78.126595964681, 0.01 , 0.01 ,26.12 , 10.17 , 1.29 , -0.05 , 359.29
2024-01-30 14:35:11,950 :- 00453: 003 , 25.60 , -0.60 || 1706605511, 17.602452011234 , 78.126595964681, 0.01 , 0.01 ,26.12 , 9.34 , 1.29 , -0.03 , 359.31
2024-01-30 14:35:11,980 :- 00454: 006 , 25.60 , -0.60 || 1706605511, 17.602452011234 , 78.126595964681, 0.01 , 0.01 ,26.12 , 10.20 , 1.26 , 0.01 , 359.36
2024-01-30 14:35:12,010 :- 00455: 009 , 25.60 , -0.60 || 1706605511, 17.602452011234 , 78.126595964681, 0.01 , 0.01 ,26.12 , 10.05 , 1.25 , 0.05 , 359.39
2024-01-30 14:35:12,040 :- 00456: 012 , 25.60 , -0.60 || 1706605512, 17.602458598440 , 78.126595935866, 0.01 , 0.01 ,26.25 , 9.81 , 1.19 , 0.05 , 359.45
2024-01-30 14:35:12,070 :- 00457: 015 , 25.60 , -0.60 || 1706605512, 17.602458598440 , 78.126595935866, 0.01 , 0.01 ,26.25 , 9.86 , 1.19 , 0.07 , 359.48
2024-01-30 14:35:12,100 :- 00458: 018 , 25.60 , -0.60 || 1706605512, 17.602458598440 , 78.126595935866, 0.01 , 0.01 ,26.21 , 10.08 , 1.15 , 0.14 , 359.54
2024-01-30 14:35:12,130 :- 00459: 021 , 25.60 , -0.60 || 1706605512, 17.602465176604 , 78.126595901278, 0.01 , 0.01 ,26.21 , 9.59 , 1.14 , 0.16 , 359.57
2024-01-30 14:35:12,160 :- 00460: 024 , 25.60 , -0.60 || 1706605512, 17.602465176604 , 78.126595901278, 0.01 , 0.01 ,26.21 , 9.51 , 1.15 , 0.14 , 359.64
2024-01-30 14:35:12,190 :- 00461: 027 , 25.60 , -0.50 || 1706605512, 17.602465176604 , 78.126595901278, 0.01 , 0.01 ,26.21 , 9.61 , 1.15 , 0.19 , 359.67
2024-01-30 14:35:12,220 :- 00462: 030 , 25.60 , -0.50 || 1706605512, 17.602471742559 , 78.126595903449, 0.01 , 0.01 ,26.16 , 9.38 , 1.14 , 0.20 , 359.72
2024-01-30 14:35:12,250 :- 00463: 033 , 25.60 , -0.50 || 1706605512, 17.602471742559 , 78.126595903449, 0.01 , 0.01 ,26.16 , 9.55 , 1.13 , 0.19 , 359.74
2024-01-30 14:35:12,280 :- 00464: 036 , 25.60 , -0.50 || 1706605512, 17.602471742559 , 78.126595903449, 0.01 , 0.01 ,26.16 , 9.85 , 1.12 , 0.19 , 359.79
2024-01-30 14:35:12,310 :- 00465: 039 , 25.60 , -0.40 || 1706605512, 17.602471742559 , 78.126595903449, 0.01 , 0.01 ,26.09 , 9.96 , 1.12 , 0.22 , 359.81
2024-01-30 14:35:12,340 :- 00466: 042 , 25.50 , -0.40 || 1706605512, 17.602478289674 , 78.126595924919, 0.01 , 0.01 ,26.09 , 9.72 , 1.11 , 0.17 , 359.86
2024-01-30 14:35:12,370 :- 00467: 045 , 25.50 , -0.40 || 1706605512, 17.602478289674 , 78.126595924919, 0.01 , 0.01 ,26.09 , 9.84 , 1.10 , 0.16 , 359.88
2024-01-30 14:35:12,400 :- 00468: 048 , 25.50 , -0.30 || 1706605512, 17.602478289674 , 78.126595924919, 0.01 , 0.01 ,26.09 , 9.99 , 1.09 , 0.18 , 359.92
2024-01-30 14:35:12,430 :- 00469: 051 , 25.50 , -0.20 || 1706605512, 17.602484821020 , 78.126595957935, 0.01 , 0.01 ,26.03 , 10.07 , 1.08 , 0.18 , 359.94
2024-01-30 14:35:12,460 :- 00470: 054 , 25.50 , -0.20 || 1706605512, 17.602484821020 , 78.126595957935, 0.01 , 0.01 ,26.03 , 9.85 , 1.10 , 0.19 , 359.97
2024-01-30 14:35:12,490 :- 00471: 057 , 25.40 , -0.10 || 1706605512, 17.602484821020 , 78.126595957935, 0.01 , 0.01 ,26.03 , 9.66 , 1.08 , 0.19 , 359.98
2024-01-30 14:35:12,520 :- 00472: 060 , 25.40 , -0.10 || 1706605512, 17.602491320991 , 78.126596012213, 0.01 , 0.01 ,25.90 , 10.25 , 1.08 , 0.21 , 360.00
2024-01-30 14:35:12,550 :- 00473: 063 , 25.40 , -0.00 || 1706605512, 17.602491320991 , 78.126596012213, 0.01 , 0.01 ,25.90 , 9.60 , 1.07 , 0.21 , 0.00
2024-01-30 14:35:12,580 :- 00474: 066 , 25.30 , 00.00 || 1706605512, 17.602491320991 , 78.126596012213, 0.01 , 0.01 ,25.90 , 9.78 , 1.05 , 0.19 , 0.01
2024-01-30 14:35:12,610 :- 00475: 069 , 25.30 , 00.00 || 1706605512, 17.602491320991 , 78.126596012213, 0.01 , 0.01 ,25.76 , 10.04 , 1.04 , 0.21 , 0.01
2024-01-30 14:35:12,640 :- 00476: 072 , 25.20 , 00.00 || 1706605512, 17.602497786208 , 78.126596050192, 0.01 , 0.01 ,25.76 , 9.58 , 1.05 , 0.20 , 0.01
2024-01-30 14:35:12,670 :- 00477: 075 , 25.10 , 00.00 || 1706605512, 17.602497786208 , 78.126596050192, 0.01 , 0.01 ,25.76 , 10.20 , 1.05 , 0.22 , 0.00
2024-01-30 14:35:12,700 :- 00478: 078 , 25.10 , 00.00 || 1706605512, 17.602497786208 , 78.126596050192, 0.01 , 0.01 ,25.59 , 9.84 , 1.05 , 0.25 , 359.99
2024-01-30 14:35:12,730 :- 00479: 081 , 25.10 , 00.00 || 1706605512, 17.602504208065 , 78.126596112617, 0.01 , 0.01 ,25.59 , 9.33 , 1.05 , 0.26 , 359.98
2024-01-30 14:35:12,760 :- 00480: 084 , 25.00 , 00.00 || 1706605512, 17.602504208065 , 78.126596112617, 0.01 , 0.01 ,25.59 , 9.85 , 1.04 , 0.24 , 359.97
2024-01-30 14:35:12,790 :- 00481: 087 , 25.00 , 00.00 || 1706605512, 17.602504208065 , 78.126596112617, 0.01 , 0.01 ,25.59 , 9.81 , 1.02 , 0.25 , 359.96
2024-01-30 14:35:12,820 :- 00482: 090 , 24.90 , 00.00 || 1706605512, 17.602510580024 , 78.126596145455, 0.01 , 0.01 ,25.39 , 10.15 , 0.98 , 0.26 , 359.94
2024-01-30 14:35:12,850 :- 00483: 093 , 24.80 , 00.00 || 1706605512, 17.602510580024 , 78.126596145455, 0.01 , 0.01 ,25.39 , 9.86 , 0.97 , 0.25 , 359.94
2024-01-30 14:35:12,880 :- 00484: 096 , 24.70 , 00.00 || 1706605512, 17.602510580024 , 78.126596145455, 0.01 , 0.01 ,25.39 , 9.80 , 0.93 , 0.28 , 359.93
2024-01-30 14:35:12,910 :- 00485: 099 , 24.70 , 00.00 || 1706605512, 17.602510580024 , 78.126596145455, 0.01 , 0.01 ,25.16 , 10.26 , 0.90 , 0.28 , 359.93
2024-01-30 14:35:12,940 :- 00486: 102 , 24.60 , 00.00 || 1706605512, 17.602516893867 , 78.126596165961, 0.01 , 0.01 ,25.16 , 9.39 , 0.88 , 0.30 , 359.93
2024-01-30 14:35:12,970 :- 00487: 105 , 24.60 , 00.10 || 1706605512, 17.602516893867 , 78.126596165961, 0.01 , 0.01 ,25.16 , 9.55 , 0.88 , 0.30 , 359.92
2024-01-30 14:35:13,000 :- 00488: 108 , 24.50 , 00.10 || 1706605512, 17.602516893867 , 78.126596165961, 0.01 , 0.01 ,25.16 , 10.24 , 0.89 , 0.32 , 359.91
2024-01-30 14:35:13,030 :- 00489: 111 , 24.40 , 00.10 || 1706605513, 17.602516893867 , 78.126596165961, 0.01 , 0.01 ,24.83 , 9.44 , 0.90 , 0.32 , 359.90
2024-01-30 14:35:13,059 :- 00490: 111 , 24.40 , 00.10 || 1706605513, 17.602516893867 , 78.126596165961, 0.01 , 0.01 ,24.83 , 9.44 , 0.90 , 0.32 , 359.901706605513, 17.602523124525 , 78.126596189390, 0.01 , 0.01 ,24.83 , 9.58 , 0.87 , 0.34 , 359.87
2024-01-30 14:35:13,080 :- 00491: 116 , 24.20 , 00.10 || 1706605513, 17.602523124525 , 78.126596189390, 0.01 , 0.01 ,24.83 , 10.15 , 0.86 , 0.35 , 359.86
2024-01-30 14:35:13,110 :- 00492: 119 , 24.00 , 00.10 || 1706605513, 17.602523124525 , 78.126596189390, 0.01 , 0.01 ,24.48 , 9.68 , 0.86 , 0.38 , 359.85
2024-01-30 14:35:13,140 :- 00493: 122 , 23.90 , 00.20 || 1706605513, 17.602529267697 , 78.126596222459, 0.01 , 0.01 ,24.48 , 9.92 , 0.86 , 0.39 , 359.84
2024-01-30 14:35:13,170 :- 00494: 125 , 23.70 , 00.20 || 1706605513, 17.602529267697 , 78.126596222459, 0.01 , 0.01 ,24.48 , 9.68 , 0.86 , 0.39 , 359.83
2024-01-30 14:35:13,200 :- 00495: 128 , 23.60 , 00.20 || 1706605513, 17.602529267697 , 78.126596222459, 0.01 , 0.01 ,24.02 , 9.28 , 0.87 , 0.43 , 359.82
2024-01-30 14:35:13,230 :- 00496: 131 , 23.50 , 00.20 || 1706605513, 17.602535295013 , 78.126596247189, 0.01 , 0.01 ,24.02 , 10.18 , 0.87 , 0.39 , 359.81
2024-01-30 14:35:13,260 :- 00497: 134 , 23.40 , 00.20 || 1706605513, 17.602535295013 , 78.126596247189, 0.01 , 0.01 ,24.02 , 10.28 , 0.86 , 0.40 , 359.79
