2024-01-29 16:48:20,119 :- 00001: Feedback Code Starting
2024-01-29 16:48:20,142 :- 00002: 213 , 20.00 , -0.20 || 1706527100, 17.601725127987 , 78.126608478079, 0.01 , 0.01 ,23.58 , 9.59 , 1.01 , -0.35 , 359.52
2024-01-29 16:48:20,172 :- 00003: 216 , 20.00 , -0.20 || 1706527100, 17.601725127987 , 78.126608478079, 0.01 , 0.01 ,23.58 , 10.09 , 0.97 , -0.33 , 359.54
2024-01-29 16:48:20,202 :- 00004: 219 , 20.00 , -0.20 || 1706527100, 17.601725127987 , 78.126608478079, 0.01 , 0.01 ,23.56 , 9.83 , 0.91 , -0.31 , 359.61
2024-01-29 16:48:20,232 :- 00005: 222 , 20.00 , -0.20 || 1706527100, 17.601731041486 , 78.126608416788, 0.01 , 0.01 ,23.56 , 9.52 , 0.89 , -0.32 , 359.65
2024-01-29 16:48:20,262 :- 00006: 225 , 20.00 , -0.20 || 1706527100, 17.601731041486 , 78.126608416788, 0.01 , 0.01 ,23.56 , 9.63 , 0.81 , -0.27 , 359.75
2024-01-29 16:48:20,292 :- 00007: 228 , 20.00 , -0.20 || 1706527100, 17.601731041486 , 78.126608416788, 0.01 , 0.01 ,23.56 , 9.59 , 0.78 , -0.27 , 359.80
2024-01-29 16:48:20,322 :- 00008: 231 , 20.00 , -0.20 || 1706527100, 17.601736967459 , 78.126608349946, 0.01 , 0.01 ,23.61 , 9.83 , 0.77 , -0.28 , 359.88
2024-01-29 16:48:20,352 :- 00009: 234 , 20.00 , -0.20 || 1706527100, 17.601736967459 , 78.126608349946, 0.01 , 0.01 ,23.61 , 9.91 , 0.78 , -0.26 , 359.91
2024-01-29 16:48:20,382 :- 00010: 237 , 20.00 , -0.20 || 1706527100, 17.601736967459 , 78.126608349946, 0.01 , 0.01 ,23.61 , 9.88 , 0.81 , -0.29 , 359.92
2024-01-29 16:48:20,412 :- 00011: 240 , 20.00 , -0.20 || 1706527100, 17.601736967459 , 78.126608349946, 0.01 , 0.01 ,23.51 , 9.62 , 0.82 , -0.30 , 359.91
2024-01-29 16:48:20,442 :- 00012: 243 , 20.00 , -0.00 || 1706527100, 17.601742867610 , 78.126608355690, 0.01 , 0.01 ,23.51 , 9.72 , 0.83 , -0.30 , 359.88
2024-01-29 16:48:20,472 :- 00013: 246 , 20.00 , -0.00 || 1706527100, 17.601742867610 , 78.126608355690, 0.01 , 0.01 ,23.51 , 9.75 , 0.82 , -0.31 , 359.86
2024-01-29 16:48:20,502 :- 00014: 249 , 20.00 , -0.00 || 1706527100, 17.601742867610 , 78.126608355690, 0.01 , 0.01 ,23.50 , 9.79 , 0.78 , -0.32 , 359.83
2024-01-29 16:48:20,532 :- 00015: 252 , 20.00 , -0.00 || 1706527100, 17.601748766021 , 78.126608368945, 0.01 , 0.01 ,23.50 , 9.97 , 0.77 , -0.33 , 359.83
2024-01-29 16:48:20,562 :- 00016: 255 , 20.00 , -0.00 || 1706527100, 17.601748766021 , 78.126608368945, 0.01 , 0.01 ,23.50 , 9.63 , 0.77 , -0.35 , 359.84
2024-01-29 16:48:20,592 :- 00017: 002 , 20.00 , -0.00 || 1706527100, 17.601748766021 , 78.126608368945, 0.01 , 0.01 ,23.50 , 9.96 , 0.78 , -0.36 , 359.85
2024-01-29 16:48:20,622 :- 00018: 005 , 20.00 , -0.00 || 1706527100, 17.601754657005 , 78.126608352055, 0.01 , 0.01 ,23.47 , 9.83 , 0.80 , -0.36 , 359.87
2024-01-29 16:48:20,652 :- 00019: 008 , 20.00 , -0.00 || 1706527100, 17.601754657005 , 78.126608352055, 0.01 , 0.01 ,23.47 , 9.78 , 0.83 , -0.38 , 359.88
2024-01-29 16:48:20,682 :- 00020: 011 , 20.00 , -0.00 || 1706527100, 17.601754657005 , 78.126608352055, 0.01 , 0.01 ,23.47 , 9.87 , 0.90 , -0.40 , 359.88
2024-01-29 16:48:20,712 :- 00021: 014 , 20.00 , -0.00 || 1706527100, 17.601754657005 , 78.126608352055, 0.01 , 0.01 ,23.42 , 10.15 , 0.92 , -0.39 , 359.87
2024-01-29 16:48:20,742 :- 00022: 017 , 20.00 , -0.00 || 1706527100, 17.601760535627 , 78.126608378100, 0.01 , 0.01 ,23.42 , 10.08 , 0.96 , -0.41 , 359.86
2024-01-29 16:48:20,772 :- 00023: 020 , 20.00 , -0.00 || 1706527100, 17.601760535627 , 78.126608378100, 0.01 , 0.01 ,23.42 , 9.97 , 0.97 , -0.39 , 359.85
2024-01-29 16:48:20,802 :- 00024: 023 , 20.00 , -0.00 || 1706527100, 17.601760535627 , 78.126608378100, 0.01 , 0.01 ,23.51 , 9.79 , 0.95 , -0.37 , 359.83
2024-01-29 16:48:20,832 :- 00025: 026 , 20.00 , -0.00 || 1706527100, 17.601766435709 , 78.126608381120, 0.01 , 0.01 ,23.51 , 9.74 , 0.95 , -0.36 , 359.82
2024-01-29 16:48:20,862 :- 00026: 029 , 20.00 , -0.00 || 1706527100, 17.601766435709 , 78.126608381120, 0.01 , 0.01 ,23.51 , 9.77 , 0.96 , -0.33 , 359.82
2024-01-29 16:48:20,892 :- 00027: 032 , 20.00 , -0.00 || 1706527100, 17.601766435709 , 78.126608381120, 0.01 , 0.01 ,23.51 , 9.80 , 0.96 , -0.33 , 359.81
2024-01-29 16:48:20,922 :- 00028: 035 , 20.00 , -0.00 || 1706527100, 17.601772317460 , 78.126608363485, 0.01 , 0.01 ,23.44 , 9.76 , 0.99 , -0.29 , 359.80
2024-01-29 16:48:20,952 :- 00029: 038 , 20.00 , -0.10 || 1706527100, 17.601772317460 , 78.126608363485, 0.01 , 0.01 ,23.44 , 9.64 , 1.00 , -0.29 , 359.80
2024-01-29 16:48:20,982 :- 00030: 041 , 20.00 , -0.10 || 1706527100, 17.601772317460 , 78.126608363485, 0.01 , 0.01 ,23.44 , 10.06 , 1.05 , -0.28 , 359.79
2024-01-29 16:48:21,012 :- 00031: 044 , 20.00 , -0.10 || 1706527100, 17.601772317460 , 78.126608363485, 0.01 , 0.01 ,23.44 , 9.91 , 1.07 , -0.26 , 359.78
2024-01-29 16:48:21,042 :- 00032: 047 , 20.00 , -0.10 || 1706527101, 17.601778180690 , 78.126608378406, 0.01 , 0.01 ,23.36 , 9.52 , 1.11 , -0.28 , 359.77
2024-01-29 16:48:21,071 :- 00033: 047 , 20.00 , -0.10 || 1706527101, 17.601778180690 , 78.126608378406, 0.01 , 0.01 ,23.36 , 9.52 , 1.11 , -0.28 , 359.771706527101, 17.601778180690 , 78.126608378406, 0.01 , 0.01 ,23.36 , 9.37 , 1.11 , -0.28 , 359.76
2024-01-29 16:48:21,092 :- 00034: 052 , 20.00 , 00.10 || 1706527101, 17.601778180690 , 78.126608378406, 0.01 , 0.01 ,23.36 , 9.81 , 1.11 , -0.28 , 359.76
2024-01-29 16:48:21,122 :- 00035: 055 , 20.00 , 00.10 || 1706527101, 17.601784028607 , 78.126608385947, 0.01 , 0.01 ,23.30 , 9.60 , 1.12 , -0.28 , 359.75
2024-01-29 16:48:21,152 :- 00036: 058 , 20.00 , 00.10 || 1706527101, 17.601784028607 , 78.126608385947, 0.01 , 0.01 ,23.30 , 9.95 , 1.14 , -0.31 , 359.75
2024-01-29 16:48:21,182 :- 00037: 061 , 20.00 , 00.10 || 1706527101, 17.601784028607 , 78.126608385947, 0.01 , 0.01 ,23.30 , 9.37 , 1.20 , -0.34 , 359.75
2024-01-29 16:48:21,212 :- 00038: 064 , 20.00 , 00.10 || 1706527101, 17.601784028607 , 78.126608385947, 0.01 , 0.01 ,23.22 , 9.79 , 1.20 , -0.33 , 359.75
2024-01-29 16:48:21,242 :- 00039: 067 , 20.00 , 00.10 || 1706527101, 17.601789855397 , 78.126608374212, 0.01 , 0.01 ,23.22 , 10.02 , 1.24 , -0.39 , 359.74
2024-01-29 16:48:21,272 :- 00040: 070 , 20.00 , 00.20 || 1706527101, 17.601789855397 , 78.126608374212, 0.01 , 0.01 ,23.22 , 9.59 , 1.26 , -0.38 , 359.74
2024-01-29 16:48:21,302 :- 00041: 073 , 20.00 , 00.20 || 1706527101, 17.601789855397 , 78.126608374212, 0.01 , 0.01 ,23.22 , 10.05 , 1.29 , -0.45 , 359.73
2024-01-29 16:48:21,332 :- 00042: 076 , 20.00 , 00.20 || 1706527101, 17.601795682576 , 78.126608412409, 0.01 , 0.01 ,23.22 , 10.35 , 1.32 , -0.42 , 359.73
2024-01-29 16:48:21,362 :- 00043: 079 , 20.00 , 00.20 || 1706527101, 17.601795682576 , 78.126608412409, 0.01 , 0.01 ,23.22 , 9.94 , 1.38 , -0.42 , 359.71
2024-01-29 16:48:21,392 :- 00044: 082 , 20.00 , 00.20 || 1706527101, 17.601795682576 , 78.126608412409, 0.01 , 0.01 ,23.22 , 9.82 , 1.42 , -0.43 , 359.71
2024-01-29 16:48:21,422 :- 00045: 085 , 20.00 , 00.20 || 1706527101, 17.601801517296 , 78.126608417485, 0.01 , 0.01 ,23.25 , 10.13 , 1.43 , -0.38 , 359.69
2024-01-29 16:48:21,452 :- 00046: 088 , 20.00 , 00.20 || 1706527101, 17.601801517296 , 78.126608417485, 0.01 , 0.01 ,23.25 , 9.66 , 1.41 , -0.37 , 359.68
2024-01-29 16:48:21,482 :- 00047: 091 , 20.00 , 00.20 || 1706527101, 17.601801517296 , 78.126608417485, 0.01 , 0.01 ,23.25 , 9.79 , 1.38 , -0.42 , 359.66
2024-01-29 16:48:21,512 :- 00048: 094 , 20.00 , 00.20 || 1706527101, 17.601801517296 , 78.126608417485, 0.01 , 0.01 ,23.19 , 10.07 , 1.37 , -0.39 , 359.66
2024-01-29 16:48:21,542 :- 00049: 097 , 20.00 , 00.20 || 1706527101, 17.601807336590 , 78.126608397678, 0.01 , 0.01 ,23.19 , 10.12 , 1.32 , -0.41 , 359.63
2024-01-29 16:48:21,572 :- 00050: 100 , 20.00 , 00.70 || 1706527101, 17.601807336590 , 78.126608397678, 0.01 , 0.01 ,23.19 , 9.49 , 1.33 , -0.41 , 359.61
2024-01-29 16:48:21,602 :- 00051: 103 , 20.00 , 00.70 || 1706527101, 17.601807336590 , 78.126608397678, 0.01 , 0.01 ,23.12 , 9.74 , 1.31 , -0.38 , 359.58
2024-01-29 16:48:21,632 :- 00052: 106 , 20.00 , 00.70 || 1706527101, 17.601813138030 , 78.126608361964, 0.01 , 0.01 ,23.12 , 10.00 , 1.31 , -0.39 , 359.57
2024-01-29 16:48:21,662 :- 00053: 109 , 20.00 , 00.80 || 1706527101, 17.601813138030 , 78.126608361964, 0.01 , 0.01 ,23.12 , 9.73 , 1.30 , -0.34 , 359.54
2024-01-29 16:48:21,692 :- 00054: 112 , 20.00 , 00.80 || 1706527101, 17.601813138030 , 78.126608361964, 0.01 , 0.01 ,23.12 , 9.03 , 1.30 , -0.37 , 359.52
2024-01-29 16:48:21,722 :- 00055: 115 , 20.00 , 00.80 || 1706527101, 17.601818934510 , 78.126608328192, 0.01 , 0.01 ,23.10 , 9.18 , 1.32 , -0.34 , 359.48
2024-01-29 16:48:21,752 :- 00056: 118 , 20.00 , 00.80 || 1706527101, 17.601818934510 , 78.126608328192, 0.01 , 0.01 ,23.10 , 10.13 , 1.33 , -0.32 , 359.46
2024-01-29 16:48:21,782 :- 00057: 121 , 20.00 , 00.90 || 1706527101, 17.601818934510 , 78.126608328192, 0.01 , 0.01 ,23.10 , 10.21 , 1.36 , -0.32 , 359.38
2024-01-29 16:48:21,812 :- 00058: 124 , 20.00 , 00.90 || 1706527101, 17.601818934510 , 78.126608328192, 0.01 , 0.01 ,23.07 , 9.95 , 1.37 , -0.31 , 359.34
2024-01-29 16:48:21,842 :- 00059: 127 , 20.00 , 00.90 || 1706527101, 17.601824725222 , 78.126608294527, 0.01 , 0.01 ,23.07 , 10.21 , 1.42 , -0.21 , 359.24
2024-01-29 16:48:21,872 :- 00060: 130 , 20.00 , 00.20 || 1706527101, 17.601824725222 , 78.126608294527, 0.01 , 0.01 ,23.07 , 10.23 , 1.44 , -0.19 , 359.19
2024-01-29 16:48:21,902 :- 00061: 133 , 20.00 , 00.20 || 1706527101, 17.601824725222 , 78.126608294527, 0.01 , 0.01 ,23.13 , 10.29 , 1.49 , -0.14 , 359.10
2024-01-29 16:48:21,932 :- 00062: 136 , 20.00 , 00.20 || 1706527101, 17.601830530743 , 78.126608265178, 0.01 , 0.01 ,23.13 , 8.97 , 1.52 , -0.09 , 359.05
2024-01-29 16:48:21,962 :- 00063: 139 , 20.00 , 00.20 || 1706527101, 17.601830530743 , 78.126608265178, 0.01 , 0.01 ,23.13 , 9.59 , 1.57 , -0.00 , 358.96
2024-01-29 16:48:21,992 :- 00064: 142 , 20.00 , 00.20 || 1706527101, 17.601830530743 , 78.126608265178, 0.01 , 0.01 ,23.13 , 9.83 , 1.59 , 0.01 , 358.92
2024-01-29 16:48:22,022 :- 00065: 145 , 20.00 , 00.20 || 1706527102, 17.601830530743 , 78.126608265178, 0.01 , 0.01 ,23.08 , 9.58 , 1.65 , 0.03 , 358.85
2024-01-29 16:48:22,052 :- 00066: 148 , 20.00 , 00.20 || 1706527102, 17.601836322924 , 78.126608197672, 0.01 , 0.01 ,23.08 , 9.09 , 1.67 , 0.02 , 358.81
2024-01-29 16:48:22,082 :- 00067: 151 , 20.00 , 00.20 || 1706527102, 17.601836322924 , 78.126608197672, 0.01 , 0.01 ,23.08 , 9.42 , 1.69 , -0.04 , 358.75
2024-01-29 16:48:22,112 :- 00068: 154 , 20.00 , 00.20 || 1706527102, 17.601836322924 , 78.126608197672, 0.01 , 0.01 ,22.89 , 9.54 , 1.69 , -0.03 , 358.74
2024-01-29 16:48:22,142 :- 00069: 157 , 20.00 , 00.20 || 1706527102, 17.601842066174 , 78.126608106057, 0.01 , 0.01 ,22.89 , 9.73 , 1.60 , -0.10 , 358.72
2024-01-29 16:48:22,172 :- 00070: 160 , 20.00 , 00.70 || 1706527102, 17.601842066174 , 78.126608106057, 0.01 , 0.01 ,22.89 , 8.86 , 1.57 , -0.13 , 358.72
2024-01-29 16:48:22,202 :- 00071: 163 , 20.00 , 00.70 || 1706527102, 17.601842066174 , 78.126608106057, 0.01 , 0.01 ,22.78 , 9.47 , 1.47 , -0.19 , 358.74
2024-01-29 16:48:22,232 :- 00072: 166 , 20.00 , 00.70 || 1706527102, 17.601847780439 , 78.126607922476, 0.01 , 0.01 ,22.78 , 10.33 , 1.42 , -0.19 , 358.75
2024-01-29 16:48:22,262 :- 00073: 169 , 20.00 , 00.30 || 1706527102, 17.601847780439 , 78.126607922476, 0.01 , 0.01 ,22.78 , 9.86 , 1.40 , -0.20 , 358.76
2024-01-29 16:48:22,292 :- 00074: 172 , 20.00 , 00.10 || 1706527102, 17.601847780439 , 78.126607922476, 0.01 , 0.01 ,22.78 , 9.39 , 1.42 , -0.24 , 358.75
2024-01-29 16:48:22,322 :- 00075: 175 , 20.00 , 00.10 || 1706527102, 17.601853511131 , 78.126607762748, 0.01 , 0.01 ,22.84 , 9.86 , 1.49 , -0.19 , 358.72
2024-01-29 16:48:22,351 :- 00076: 175 , 20.00 , 00.10 || 1706527102, 17.601853511131 , 78.126607762748, 0.01 , 0.01 ,22.84 , 9.86 , 1.49 , -0.19 , 358.721706527102, 17.601853511131 , 78.126607762748, 0.01 , 0.01 ,22.84 , 11.19 , 1.52 , -0.16 , 358.69
2024-01-29 16:48:22,372 :- 00077: 180 , 20.00 , 00.10 || 1706527102, 17.601853511131 , 78.126607762748, 0.01 , 0.01 ,22.84 , 11.04 , 1.58 , -0.19 , 358.65
2024-01-29 16:48:22,402 :- 00078: 183 , 20.00 , 00.10 || 1706527102, 17.601853511131 , 78.126607762748, 0.01 , 0.01 ,22.90 , 10.56 , 1.70 , -0.18 , 358.55
2024-01-29 16:48:22,432 :- 00079: 186 , 20.00 , 00.10 || 1706527102, 17.601859257257 , 78.126607737352, 0.01 , 0.01 ,22.90 , 10.48 , 1.77 , -0.12 , 358.51
2024-01-29 16:48:22,462 :- 00080: 189 , 20.00 , 00.10 || 1706527102, 17.601859257257 , 78.126607737352, 0.01 , 0.01 ,22.90 , 9.75 , 1.89 , -0.04 , 358.41
2024-01-29 16:48:22,492 :- 00081: 192 , 20.00 , 00.10 || 1706527102, 17.601859257257 , 78.126607737352, 0.01 , 0.01 ,22.90 , 10.22 , 1.92 , 0.01 , 358.37
2024-01-29 16:48:22,522 :- 00082: 195 , 20.00 , 00.10 || 1706527102, 17.601865034828 , 78.126607687067, 0.01 , 0.01 ,23.02 , 9.48 , 1.93 , 0.10 , 358.34
2024-01-29 16:48:22,552 :- 00083: 198 , 20.00 , 00.10 || 1706527102, 17.601865034828 , 78.126607687067, 0.01 , 0.01 ,23.02 , 9.32 , 1.93 , 0.15 , 358.34
2024-01-29 16:48:22,582 :- 00084: 201 , 20.00 , 00.20 || 1706527102, 17.601865034828 , 78.126607687067, 0.01 , 0.01 ,23.02 , 8.51 , 1.89 , 0.17 , 358.37
2024-01-29 16:48:22,612 :- 00085: 204 , 20.00 , 00.20 || 1706527102, 17.601865034828 , 78.126607687067, 0.01 , 0.01 ,22.88 , 8.94 , 1.87 , 0.21 , 358.38
2024-01-29 16:48:22,642 :- 00086: 207 , 20.00 , 00.20 || 1706527102, 17.601870720891 , 78.126607912720, 0.01 , 0.01 ,22.88 , 8.97 , 1.81 , 0.22 , 358.41
2024-01-29 16:48:22,672 :- 00087: 210 , 20.00 , 00.20 || 1706527102, 17.601870720891 , 78.126607912720, 0.01 , 0.01 ,22.88 , 9.83 , 1.79 , 0.20 , 358.42
2024-01-29 16:48:22,702 :- 00088: 213 , 20.00 , 00.20 || 1706527102, 17.601870720891 , 78.126607912720, 0.01 , 0.01 ,22.70 , 9.31 , 1.77 , 0.18 , 358.43
2024-01-29 16:48:22,732 :- 00089: 216 , 20.00 , 00.20 || 1706527102, 17.601876413415 , 78.126607700175, 0.01 , 0.01 ,22.70 , 9.56 , 1.74 , 0.15 , 358.42
2024-01-29 16:48:22,762 :- 00090: 219 , 20.00 , 00.20 || 1706527102, 17.601876413415 , 78.126607700175, 0.01 , 0.01 ,22.70 , 9.87 , 1.70 , 0.11 , 358.40
2024-01-29 16:48:22,792 :- 00091: 222 , 20.00 , 00.60 || 1706527102, 17.601876413415 , 78.126607700175, 0.01 , 0.01 ,22.70 , 10.06 , 1.68 , 0.09 , 358.39
2024-01-29 16:48:22,822 :- 00092: 225 , 20.00 , 00.60 || 1706527102, 17.601882101606 , 78.126607523430, 0.01 , 0.01 ,22.68 , 9.81 , 1.67 , 0.04 , 358.38
2024-01-29 16:48:22,852 :- 00093: 228 , 20.00 , 00.60 || 1706527102, 17.601882101606 , 78.126607523430, 0.01 , 0.01 ,22.68 , 9.97 , 1.67 , 0.03 , 358.37
2024-01-29 16:48:22,882 :- 00094: 231 , 20.00 , 00.70 || 1706527102, 17.601882101606 , 78.126607523430, 0.01 , 0.01 ,22.68 , 10.58 , 1.66 , 0.02 , 358.34
2024-01-29 16:48:22,912 :- 00095: 234 , 20.00 , 00.70 || 1706527102, 17.601882101606 , 78.126607523430, 0.01 , 0.01 ,22.66 , 10.05 , 1.67 , -0.01 , 358.32
2024-01-29 16:48:22,942 :- 00096: 237 , 20.00 , 00.70 || 1706527102, 17.601887787548 , 78.126607362787, 0.01 , 0.01 ,22.66 , 9.93 , 1.70 , -0.05 , 358.27
2024-01-29 16:48:22,972 :- 00097: 240 , 20.00 , 00.80 || 1706527102, 17.601887787548 , 78.126607362787, 0.01 , 0.01 ,22.66 , 9.98 , 1.73 , -0.04 , 358.24
2024-01-29 16:48:23,002 :- 00098: 243 , 20.00 , 00.80 || 1706527102, 17.601887787548 , 78.126607362787, 0.01 , 0.01 ,22.66 , 9.85 , 1.79 , -0.06 , 358.19
2024-01-29 16:48:23,032 :- 00099: 246 , 20.00 , 00.80 || 1706527103, 17.601887787548 , 78.126607362787, 0.01 , 0.01 ,22.64 , 9.82 , 1.82 , -0.07 , 358.15
2024-01-29 16:48:23,062 :- 00100: 249 , 20.00 , 00.80 || 1706527103, 17.601893467575 , 78.126607223137, 0.01 , 0.01 ,22.64 , 9.80 , 1.86 , -0.06 , 358.08
2024-01-29 16:48:23,092 :- 00101: 252 , 20.00 , 00.10 || 1706527103, 17.601893467575 , 78.126607223137, 0.01 , 0.01 ,22.64 , 9.63 , 1.87 , -0.08 , 358.05
2024-01-29 16:48:23,122 :- 00102: 255 , 20.00 , 00.10 || 1706527103, 17.601899158363 , 78.126607077936, 0.01 , 0.01 ,22.68 , 9.64 , 1.84 , -0.15 , 357.99
2024-01-29 16:48:23,152 :- 00103: 002 , 20.00 , 00.10 || 1706527103, 17.601899158363 , 78.126607077936, 0.01 , 0.01 ,22.68 , 9.74 , 1.83 , -0.13 , 357.95
2024-01-29 16:48:23,182 :- 00104: 005 , 20.00 , 00.10 || 1706527103, 17.601899158363 , 78.126607077936, 0.01 , 0.01 ,22.68 , 9.71 , 1.81 , -0.17 , 357.89
2024-01-29 16:48:23,212 :- 00105: 008 , 20.00 , 00.10 || 1706527103, 17.601899158363 , 78.126607077936, 0.01 , 0.01 ,22.51 , 10.17 , 1.78 , -0.20 , 357.86
2024-01-29 16:48:23,242 :- 00106: 011 , 20.00 , 00.10 || 1706527103, 17.601904804255 , 78.126606869172, 0.01 , 0.01 ,22.51 , 10.02 , 1.75 , -0.17 , 357.80
2024-01-29 16:48:23,272 :- 00107: 014 , 20.00 , 00.00 || 1706527103, 17.601904804255 , 78.126606869172, 0.01 , 0.01 ,22.51 , 10.14 , 1.72 , -0.20 , 357.77
2024-01-29 16:48:23,302 :- 00108: 017 , 20.00 , 00.00 || 1706527103, 17.601904804255 , 78.126606869172, 0.01 , 0.01 ,22.60 , 9.97 , 1.69 , -0.21 , 357.73
2024-01-29 16:48:23,332 :- 00109: 020 , 20.00 , 00.00 || 1706527103, 17.601910471434 , 78.126606619495, 0.01 , 0.01 ,22.60 , 9.44 , 1.67 , -0.19 , 357.72
2024-01-29 16:48:23,362 :- 00110: 023 , 20.00 , 00.00 || 1706527103, 17.601910471434 , 78.126606619495, 0.01 , 0.01 ,22.60 , 10.04 , 1.60 , -0.24 , 357.72
2024-01-29 16:48:23,392 :- 00111: 026 , 20.00 , 00.00 || 1706527103, 17.601910471434 , 78.126606619495, 0.01 , 0.01 ,22.60 , 9.89 , 1.57 , -0.21 , 357.72
2024-01-29 16:48:23,422 :- 00112: 029 , 20.00 , 00.00 || 1706527103, 17.601916124147 , 78.126606359345, 0.01 , 0.01 ,22.55 , 9.95 , 1.54 , -0.23 , 357.74
2024-01-29 16:48:23,452 :- 00113: 032 , 20.00 , 00.00 || 1706527103, 17.601916124147 , 78.126606359345, 0.01 , 0.01 ,22.55 , 10.08 , 1.52 , -0.23 , 357.75
2024-01-29 16:48:23,482 :- 00114: 035 , 20.00 , -0.10 || 1706527103, 17.601916124147 , 78.126606359345, 0.01 , 0.01 ,22.55 , 10.02 , 1.50 , -0.18 , 357.76
2024-01-29 16:48:23,512 :- 00115: 038 , 20.00 , -0.10 || 1706527103, 17.601916124147 , 78.126606359345, 0.01 , 0.01 ,22.53 , 9.52 , 1.48 , -0.18 , 357.76
2024-01-29 16:48:23,542 :- 00116: 041 , 20.00 , -0.10 || 1706527103, 17.601921773655 , 78.126606121265, 0.01 , 0.01 ,22.53 , 9.35 , 1.45 , -0.16 , 357.76
2024-01-29 16:48:23,572 :- 00117: 044 , 20.00 , -0.10 || 1706527103, 17.601921773655 , 78.126606121265, 0.01 , 0.01 ,22.53 , 9.87 , 1.42 , -0.12 , 357.76
2024-01-29 16:48:23,602 :- 00118: 047 , 20.00 , -0.20 || 1706527103, 17.601921773655 , 78.126606121265, 0.01 , 0.01 ,22.51 , 9.60 , 1.41 , -0.14 , 357.76
2024-01-29 16:48:23,631 :- 00119: 047 , 20.00 , -0.20 || 1706527103, 17.601921773655 , 78.126606121265, 0.01 , 0.01 ,22.51 , 9.60 , 1.41 , -0.14 , 357.761706527103, 17.601927418768 , 78.126605886546, 0.01 , 0.01 ,22.51 , 9.88 , 1.39 , -0.14 , 357.76
2024-01-29 16:48:23,652 :- 00120: 052 , 20.00 , -0.20 || 1706527103, 17.601927418768 , 78.126605886546, 0.01 , 0.01 ,22.51 , 9.69 , 1.38 , -0.13 , 357.77
2024-01-29 16:48:23,682 :- 00121: 055 , 20.00 , -0.20 || 1706527103, 17.601927418768 , 78.126605886546, 0.01 , 0.01 ,22.51 , 9.52 , 1.35 , -0.17 , 357.79
2024-01-29 16:48:23,712 :- 00122: 058 , 20.00 , -0.20 || 1706527103, 17.601927418768 , 78.126605886546, 0.01 , 0.01 ,22.43 , 10.60 , 1.31 , -0.17 , 357.81
2024-01-29 16:48:23,742 :- 00123: 061 , 20.00 , -0.20 || 1706527103, 17.601933043613 , 78.126605652171, 0.01 , 0.01 ,22.43 , 9.84 , 1.27 , -0.18 , 357.86
2024-01-29 16:48:23,772 :- 00124: 064 , 20.00 , -0.20 || 1706527103, 17.601933043613 , 78.126605652171, 0.01 , 0.01 ,22.43 , 9.66 , 1.26 , -0.21 , 357.89
2024-01-29 16:48:23,802 :- 00125: 067 , 20.00 , -0.20 || 1706527103, 17.601933043613 , 78.126605652171, 0.01 , 0.01 ,22.35 , 9.63 , 1.24 , -0.21 , 357.96
2024-01-29 16:48:23,832 :- 00126: 070 , 20.00 , -0.20 || 1706527103, 17.601938672216 , 78.126605470827, 0.01 , 0.01 ,22.35 , 9.69 , 1.25 , -0.19 , 357.99
2024-01-29 16:48:23,862 :- 00127: 073 , 20.00 , -0.20 || 1706527103, 17.601938672216 , 78.126605470827, 0.01 , 0.01 ,22.35 , 9.63 , 1.25 , -0.25 , 358.06
2024-01-29 16:48:23,892 :- 00128: 076 , 20.00 , -0.20 || 1706527103, 17.601938672216 , 78.126605470827, 0.01 , 0.01 ,22.35 , 9.82 , 1.25 , -0.25 , 358.10
2024-01-29 16:48:23,922 :- 00129: 079 , 21.90 , -1.00 || 1706527103, 17.601944275522 , 78.126605292593, 0.01 , 0.01 ,22.34 , 9.48 , 1.24 , -0.28 , 358.17
2024-01-29 16:48:23,952 :- 00130: 082 , 21.90 , -1.00 || 1706527103, 17.601944275522 , 78.126605292593, 0.01 , 0.01 ,22.34 , 9.99 , 1.24 , -0.31 , 358.21
2024-01-29 16:48:23,982 :- 00131: 085 , 21.90 , -1.10 || 1706527103, 17.601944275522 , 78.126605292593, 0.01 , 0.01 ,22.34 , 10.13 , 1.21 , -0.30 , 358.29
2024-01-29 16:48:24,012 :- 00132: 088 , 21.90 , -1.20 || 1706527103, 17.601944275522 , 78.126605292593, 0.01 , 0.01 ,22.34 , 10.01 , 1.21 , -0.31 , 358.34
2024-01-29 16:48:24,042 :- 00133: 091 , 21.80 , -1.30 || 1706527104, 17.601949854235 , 78.126605120976, 0.01 , 0.01 ,22.24 , 10.47 , 1.15 , -0.28 , 358.43
2024-01-29 16:48:24,072 :- 00134: 094 , 21.80 , -1.40 || 1706527104, 17.601949854235 , 78.126605120976, 0.01 , 0.01 ,22.24 , 10.28 , 1.12 , -0.25 , 358.48
2024-01-29 16:48:24,102 :- 00135: 097 , 21.80 , -1.60 || 1706527104, 17.601949854235 , 78.126605120976, 0.01 , 0.01 ,22.28 , 9.89 , 1.06 , -0.25 , 358.58
2024-01-29 16:48:24,132 :- 00136: 100 , 21.80 , -1.80 || 1706527104, 17.601955443737 , 78.126604949316, 0.01 , 0.01 ,22.28 , 10.11 , 1.02 , -0.22 , 358.64
2024-01-29 16:48:24,162 :- 00137: 103 , 21.70 , -2.00 || 1706527104, 17.601955443737 , 78.126604949316, 0.01 , 0.01 ,22.28 , 10.01 , 0.97 , -0.10 , 358.77
2024-01-29 16:48:24,192 :- 00138: 106 , 21.60 , -2.20 || 1706527104, 17.601955443737 , 78.126604949316, 0.01 , 0.01 ,22.28 , 10.19 , 0.94 , -0.06 , 358.83
2024-01-29 16:48:24,222 :- 00139: 109 , 21.60 , -2.30 || 1706527104, 17.601961001059 , 78.126604800465, 0.01 , 0.01 ,22.15 , 9.83 , 0.88 , 0.01 , 358.99
2024-01-29 16:48:24,252 :- 00140: 112 , 21.50 , -2.40 || 1706527104, 17.601961001059 , 78.126604800465, 0.01 , 0.01 ,22.15 , 9.26 , 0.85 , 0.05 , 359.08
2024-01-29 16:48:24,282 :- 00141: 115 , 21.40 , -2.50 || 1706527104, 17.601961001059 , 78.126604800465, 0.01 , 0.01 ,22.15 , 9.64 , 0.76 , 0.14 , 359.28
2024-01-29 16:48:24,312 :- 00142: 118 , 21.30 , -2.60 || 1706527104, 17.601961001059 , 78.126604800465, 0.01 , 0.01 ,21.83 , 9.65 , 0.73 , 0.19 , 359.38
2024-01-29 16:48:24,342 :- 00143: 121 , 21.20 , -2.70 || 1706527104, 17.601966478760 , 78.126604683499, 0.01 , 0.01 ,21.83 , 9.54 , 0.67 , 0.22 , 359.61
2024-01-29 16:48:24,372 :- 00144: 124 , 21.10 , -2.80 || 1706527104, 17.601966478760 , 78.126604683499, 0.01 , 0.01 ,21.83 , 9.20 , 0.64 , 0.23 , 359.72
2024-01-29 16:48:24,402 :- 00145: 127 , 21.00 , -2.90 || 1706527104, 17.601966478760 , 78.126604683499, 0.01 , 0.01 ,21.26 , 9.47 , 0.58 , 0.27 , 359.97
2024-01-29 16:48:24,432 :- 00146: 130 , 20.80 , -3.00 || 1706527104, 17.601971813873 , 78.126604628256, 0.01 , 0.01 ,21.26 , 9.72 , 0.56 , 0.28 , 0.08
2024-01-29 16:48:24,462 :- 00147: 133 , 20.70 , -3.00 || 1706527104, 17.601971813873 , 78.126604628256, 0.01 , 0.01 ,21.26 , 9.54 , 0.56 , 0.20 , 0.33
2024-01-29 16:48:24,492 :- 00148: 136 , 20.50 , -3.00 || 1706527104, 17.601971813873 , 78.126604628256, 0.01 , 0.01 ,21.26 , 9.43 , 0.55 , 0.18 , 0.46
2024-01-29 16:48:24,522 :- 00149: 139 , 20.40 , -3.00 || 1706527104, 17.601976979582 , 78.126604664502, 0.01 , 0.01 ,20.58 , 9.81 , 0.54 , 0.19 , 0.71
2024-01-29 16:48:24,552 :- 00150: 142 , 20.30 , -3.00 || 1706527104, 17.601976979582 , 78.126604664502, 0.01 , 0.01 ,20.58 , 9.81 , 0.56 , 0.14 , 0.85
2024-01-29 16:48:24,582 :- 00151: 145 , 20.20 , -3.00 || 1706527104, 17.601976979582 , 78.126604664502, 0.01 , 0.01 ,20.58 , 9.50 , 0.61 , -0.04 , 1.12
2024-01-29 16:48:24,612 :- 00152: 148 , 20.10 , -3.00 || 1706527104, 17.601976979582 , 78.126604664502, 0.01 , 0.01 ,20.29 , 9.66 , 0.62 , -0.08 , 1.26
2024-01-29 16:48:24,642 :- 00153: 151 , 20.00 , -3.00 || 1706527104, 17.601982070421 , 78.126604801673, 0.01 , 0.01 ,20.29 , 10.29 , 0.61 , -0.10 , 1.53
2024-01-29 16:48:24,672 :- 00154: 154 , 19.90 , -3.00 || 1706527104, 17.601982070421 , 78.126604801673, 0.01 , 0.01 ,20.29 , 10.32 , 0.61 , -0.15 , 1.67
2024-01-29 16:48:24,702 :- 00155: 157 , 19.80 , -3.00 || 1706527104, 17.601982070421 , 78.126604801673, 0.01 , 0.01 ,20.00 , 10.10 , 0.59 , -0.26 , 1.93
2024-01-29 16:48:24,732 :- 00156: 160 , 19.80 , -3.00 || 1706527104, 17.601987086358 , 78.126604977082, 0.01 , 0.01 ,20.00 , 10.17 , 0.60 , -0.22 , 2.06
2024-01-29 16:48:24,762 :- 00157: 163 , 19.70 , -3.00 || 1706527104, 17.601987086358 , 78.126604977082, 0.01 , 0.01 ,20.00 , 10.16 , 0.62 , -0.24 , 2.32
2024-01-29 16:48:24,792 :- 00158: 166 , 19.60 , -3.00 || 1706527104, 17.601987086358 , 78.126604977082, 0.01 , 0.01 ,20.00 , 10.43 , 0.64 , -0.23 , 2.44
2024-01-29 16:48:24,822 :- 00159: 169 , 19.50 , -3.00 || 1706527104, 17.601992088672 , 78.126605207065, 0.01 , 0.01 ,19.95 , 10.05 , 0.68 , -0.18 , 2.69
2024-01-29 16:48:24,852 :- 00160: 172 , 19.50 , -3.00 || 1706527104, 17.601992088672 , 78.126605207065, 0.01 , 0.01 ,19.95 , 9.70 , 0.68 , -0.16 , 2.82
2024-01-29 16:48:24,882 :- 00161: 175 , 19.40 , -3.00 || 1706527104, 17.601992088672 , 78.126605207065, 0.01 , 0.01 ,19.95 , 9.74 , 0.69 , -0.07 , 3.06
2024-01-29 16:48:24,911 :- 00162: 175 , 19.40 , -3.00 || 1706527104, 17.601992088672 , 78.126605207065, 0.01 , 0.01 ,19.95 , 9.74 , 0.69 , -0.07 , 3.061706527104, 17.601992088672 , 78.126605207065, 0.01 , 0.01 ,19.88 , 9.91 , 0.70 , -0.04 , 3.19
2024-01-29 16:48:24,942 :- 00163: 181 , 19.20 , -3.00 || 1706527104, 17.601997068826 , 78.126605520005, 0.01 , 0.01 ,19.88 , 9.87 , 0.71 , 0.06 , 3.43
2024-01-29 16:48:24,972 :- 00164: 184 , 19.10 , -3.00 || 1706527104, 17.601997068826 , 78.126605520005, 0.01 , 0.01 ,19.88 , 9.86 , 0.71 , 0.13 , 3.55
2024-01-29 16:48:25,002 :- 00165: 187 , 19.10 , -3.00 || 1706527104, 17.601997068826 , 78.126605520005, 0.01 , 0.01 ,19.88 , 9.66 , 0.70 , 0.20 , 3.78
2024-01-29 16:48:25,032 :- 00166: 190 , 19.00 , -3.00 || 1706527105, 17.601997068826 , 78.126605520005, 0.01 , 0.01 ,19.48 , 9.40 , 0.69 , 0.23 , 3.90
2024-01-29 16:48:25,062 :- 00167: 193 , 18.90 , -3.00 || 1706527105, 17.602001947890 , 78.126605855877, 0.01 , 0.01 ,19.48 , 9.43 , 0.66 , 0.32 , 4.12
2024-01-29 16:48:25,092 :- 00168: 196 , 18.80 , -3.00 || 1706527105, 17.602001947890 , 78.126605855877, 0.01 , 0.01 ,19.48 , 9.28 , 0.65 , 0.34 , 4.24
2024-01-29 16:48:25,122 :- 00169: 199 , 18.60 , -3.00 || 1706527105, 17.602006736887 , 78.126606215503, 0.01 , 0.01 ,19.13 , 10.03 , 0.61 , 0.37 , 4.47
2024-01-29 16:48:25,152 :- 00170: 202 , 18.50 , -3.00 || 1706527105, 17.602006736887 , 78.126606215503, 0.01 , 0.01 ,19.13 , 9.58 , 0.60 , 0.39 , 4.59
2024-01-29 16:48:25,182 :- 00171: 205 , 18.50 , -3.00 || 1706527105, 17.602006736887 , 78.126606215503, 0.01 , 0.01 ,19.13 , 9.49 , 0.58 , 0.35 , 4.82
2024-01-29 16:48:25,212 :- 00172: 208 , 18.30 , -3.00 || 1706527105, 17.602006736887 , 78.126606215503, 0.01 , 0.01 ,18.58 , 9.69 , 0.57 , 0.34 , 4.93
2024-01-29 16:48:25,242 :- 00173: 211 , 18.20 , -3.00 || 1706527105, 17.602011383220 , 78.126606614418, 0.01 , 0.01 ,18.58 , 9.61 , 0.53 , 0.33 , 5.15
2024-01-29 16:48:25,272 :- 00174: 214 , 18.10 , -3.00 || 1706527105, 17.602011383220 , 78.126606614418, 0.01 , 0.01 ,18.58 , 9.62 , 0.51 , 0.29 , 5.26
2024-01-29 16:48:25,302 :- 00175: 217 , 18.00 , -3.00 || 1706527105, 17.602011383220 , 78.126606614418, 0.01 , 0.01 ,18.19 , 10.15 , 0.47 , 0.27 , 5.48
2024-01-29 16:48:25,332 :- 00176: 220 , 17.90 , -3.00 || 1706527105, 17.602015929972 , 78.126607045099, 0.01 , 0.01 ,18.19 , 9.87 , 0.47 , 0.27 , 5.60
2024-01-29 16:48:25,362 :- 00177: 223 , 17.80 , -3.00 || 1706527105, 17.602015929972 , 78.126607045099, 0.01 , 0.01 ,18.19 , 9.87 , 0.47 , 0.23 , 5.82
2024-01-29 16:48:25,392 :- 00178: 226 , 17.70 , -3.00 || 1706527105, 17.602015929972 , 78.126607045099, 0.01 , 0.01 ,18.19 , 9.47 , 0.47 , 0.21 , 5.92
2024-01-29 16:48:25,422 :- 00179: 229 , 17.50 , -3.00 || 1706527105, 17.602020401207 , 78.126607571890, 0.01 , 0.01 ,17.93 , 9.59 , 0.48 , 0.25 , 6.15
2024-01-29 16:48:25,452 :- 00180: 232 , 17.40 , -3.00 || 1706527105, 17.602020401207 , 78.126607571890, 0.01 , 0.01 ,17.93 , 9.71 , 0.48 , 0.23 , 6.26
2024-01-29 16:48:25,482 :- 00181: 235 , 17.30 , -3.00 || 1706527105, 17.602020401207 , 78.126607571890, 0.01 , 0.01 ,17.93 , 10.02 , 0.49 , 0.20 , 6.48
2024-01-29 16:48:25,512 :- 00182: 238 , 17.20 , -3.00 || 1706527105, 17.602020401207 , 78.126607571890, 0.01 , 0.01 ,17.24 , 9.75 , 0.49 , 0.20 , 6.59
2024-01-29 16:48:25,541 :- 00183: 241 , 17.10 , -2.90 || 1706527105, 17.602024624663 , 78.126607967050, 0.01 , 0.01 ,17.24 , 9.74 , 0.48 , 0.15 , 6.81
2024-01-29 16:48:25,562 :- 00184: 243 , 17.00 , -2.90 || 1706527105, 17.602024624663 , 78.126607967050, 0.01 , 0.01 ,17.24 , 9.81 , 0.47 , 0.12 , 6.92
2024-01-29 16:48:25,592 :- 00185: 246 , 17.00 , -2.90 || 1706527105, 17.602024624663 , 78.126607967050, 0.01 , 0.01 ,17.24 , 10.10 , 0.48 , 0.10 , 7.03
2024-01-29 16:48:25,622 :- 00186: 249 , 16.90 , -2.80 || 1706527105, 17.602028913025 , 78.126608535792, 0.01 , 0.01 ,17.23 , 9.99 , 0.50 , 0.05 , 7.24
2024-01-29 16:48:25,652 :- 00187: 252 , 16.80 , -2.80 || 1706527105, 17.602028913025 , 78.126608535792, 0.01 , 0.01 ,17.23 , 10.18 , 0.52 , 0.03 , 7.35
2024-01-29 16:48:25,682 :- 00188: 255 , 16.80 , -2.70 || 1706527105, 17.602028913025 , 78.126608535792, 0.01 , 0.01 ,17.23 , 10.09 , 0.53 , -0.02 , 7.55
2024-01-29 16:48:25,712 :- 00189: 002 , 16.70 , -2.60 || 1706527105, 17.602028913025 , 78.126608535792, 0.01 , 0.01 ,16.84 , 10.04 , 0.53 , -0.03 , 7.66
2024-01-29 16:48:25,742 :- 00190: 005 , 16.70 , -2.50 || 1706527105, 17.602033111244 , 78.126609214844, 0.01 , 0.01 ,16.84 , 10.07 , 0.52 , -0.03 , 7.86
2024-01-29 16:48:25,772 :- 00191: 008 , 16.60 , -2.50 || 1706527105, 17.602033111244 , 78.126609214844, 0.01 , 0.01 ,16.84 , 9.90 , 0.52 , -0.02 , 7.95
2024-01-29 16:48:25,802 :- 00192: 011 , 16.60 , -2.50 || 1706527105, 17.602033111244 , 78.126609214844, 0.01 , 0.01 ,16.84 , 9.60 , 0.52 , -0.01 , 8.13
2024-01-29 16:48:25,832 :- 00193: 014 , 16.50 , -2.40 || 1706527105, 17.602037295549 , 78.126609852709, 0.01 , 0.01 ,16.85 , 9.32 , 0.51 , -0.01 , 8.22
2024-01-29 16:48:25,862 :- 00194: 017 , 16.40 , -2.40 || 1706527105, 17.602037295549 , 78.126609852709, 0.01 , 0.01 ,16.85 , 9.98 , 0.50 , 0.04 , 8.39
2024-01-29 16:48:25,892 :- 00195: 020 , 16.40 , -2.40 || 1706527105, 17.602037295549 , 78.126609852709, 0.01 , 0.01 ,16.85 , 9.64 , 0.49 , 0.04 , 8.47
2024-01-29 16:48:25,922 :- 00196: 023 , 16.30 , -2.30 || 1706527105, 17.602041392376 , 78.126610477539, 0.01 , 0.01 ,16.50 , 9.08 , 0.49 , -0.00 , 8.62
2024-01-29 16:48:25,952 :- 00197: 026 , 16.30 , -2.30 || 1706527105, 17.602041392376 , 78.126610477539, 0.01 , 0.01 ,16.50 , 9.34 , 0.50 , 0.01 , 8.70
2024-01-29 16:48:25,982 :- 00198: 029 , 16.20 , -2.30 || 1706527105, 17.602041392376 , 78.126610477539, 0.01 , 0.01 ,16.50 , 9.90 , 0.53 , 0.01 , 8.86
2024-01-29 16:48:26,012 :- 00199: 032 , 16.10 , -2.30 || 1706527105, 17.602041392376 , 78.126610477539, 0.01 , 0.01 ,16.50 , 9.86 , 0.55 , -0.03 , 8.93
2024-01-29 16:48:26,042 :- 00200: 035 , 16.00 , -2.30 || 1706527106, 17.602045485086 , 78.126611192571, 0.01 , 0.01 ,16.54 , 10.07 , 0.58 , -0.06 , 9.08
2024-01-29 16:48:26,072 :- 00201: 038 , 16.00 , -2.30 || 1706527106, 17.602045485086 , 78.126611192571, 0.01 , 0.01 ,16.54 , 10.15 , 0.59 , -0.06 , 9.16
2024-01-29 16:48:26,102 :- 00202: 041 , 15.90 , -2.30 || 1706527106, 17.602045485086 , 78.126611192571, 0.01 , 0.01 ,16.04 , 10.00 , 0.62 , -0.10 , 9.32
2024-01-29 16:48:26,132 :- 00203: 044 , 15.80 , -2.30 || 1706527106, 17.602049450687 , 78.126611921374, 0.01 , 0.01 ,16.04 , 10.35 , 0.62 , -0.10 , 9.39
2024-01-29 16:48:26,162 :- 00204: 047 , 15.80 , -2.30 || 1706527106, 17.602049450687 , 78.126611921374, 0.01 , 0.01 ,16.04 , 10.51 , 0.67 , -0.06 , 9.55
2024-01-29 16:48:26,191 :- 00205: 047 , 15.80 , -2.30 || 1706527106, 17.602049450687 , 78.126611921374, 0.01 , 0.01 ,16.04 , 10.51 , 0.67 , -0.06 , 9.551706527106, 17.602049450687 , 78.126611921374, 0.01 , 0.01 ,16.04 , 9.86 , 0.70 , -0.05 , 9.62
2024-01-29 16:48:26,212 :- 00206: 052 , 15.70 , -2.30 || 1706527106, 17.602049450687 , 78.126611921374, 0.01 , 0.01 ,16.21 , 9.52 , 0.73 , -0.06 , 9.70
2024-01-29 16:48:26,242 :- 00207: 055 , 15.70 , -2.20 || 1706527106, 17.602053452099 , 78.126612684622, 0.01 , 0.01 ,16.21 , 9.55 , 0.79 , 0.00 , 9.84
2024-01-29 16:48:26,272 :- 00208: 058 , 15.60 , -2.20 || 1706527106, 17.602053452099 , 78.126612684622, 0.01 , 0.01 ,16.21 , 9.60 , 0.84 , 0.01 , 9.92
2024-01-29 16:48:26,302 :- 00209: 061 , 15.60 , -2.20 || 1706527106, 17.602053452099 , 78.126612684622, 0.01 , 0.01 ,15.74 , 9.44 , 0.88 , 0.01 , 10.06
2024-01-29 16:48:26,332 :- 00210: 064 , 15.50 , -2.20 || 1706527106, 17.602057339319 , 78.126613414733, 0.01 , 0.01 ,15.74 , 9.53 , 0.91 , 0.03 , 10.14
2024-01-29 16:48:26,362 :- 00211: 067 , 15.50 , -2.20 || 1706527106, 17.602057339319 , 78.126613414733, 0.01 , 0.01 ,15.74 , 9.56 , 0.95 , 0.03 , 10.29
2024-01-29 16:48:26,392 :- 00212: 070 , 15.40 , -2.20 || 1706527106, 17.602057339319 , 78.126613414733, 0.01 , 0.01 ,15.74 , 9.91 , 0.97 , 0.03 , 10.37
2024-01-29 16:48:26,422 :- 00213: 073 , 15.40 , -2.20 || 1706527106, 17.602061211731 , 78.126614170554, 0.01 , 0.01 ,15.70 , 10.07 , 0.98 , 0.02 , 10.53
2024-01-29 16:48:26,452 :- 00214: 076 , 15.40 , -2.10 || 1706527106, 17.602061211731 , 78.126614170554, 0.01 , 0.01 ,15.70 , 9.82 , 0.99 , 0.01 , 10.60
2024-01-29 16:48:26,482 :- 00215: 079 , 15.40 , -2.10 || 1706527106, 17.602061211731 , 78.126614170554, 0.01 , 0.01 ,15.70 , 9.90 , 1.00 , 0.02 , 10.74
2024-01-29 16:48:26,512 :- 00216: 082 , 15.30 , -2.10 || 1706527106, 17.602061211731 , 78.126614170554, 0.01 , 0.01 ,15.79 , 10.39 , 1.00 , 0.03 , 10.81
2024-01-29 16:48:26,542 :- 00217: 085 , 15.30 , -2.10 || 1706527106, 17.602065088848 , 78.126615024773, 0.01 , 0.01 ,15.79 , 10.20 , 1.00 , 0.05 , 10.95
2024-01-29 16:48:26,572 :- 00218: 088 , 15.30 , -2.10 || 1706527106, 17.602065088848 , 78.126615024773, 0.01 , 0.01 ,15.79 , 10.07 , 1.00 , 0.06 , 11.02
2024-01-29 16:48:26,602 :- 00219: 091 , 15.30 , -2.10 || 1706527106, 17.602065088848 , 78.126615024773, 0.01 , 0.01 ,15.71 , 9.66 , 1.02 , 0.11 , 11.15
2024-01-29 16:48:26,632 :- 00220: 094 , 15.30 , -2.10 || 1706527106, 17.602068956910 , 78.126615824363, 0.01 , 0.01 ,15.71 , 9.68 , 1.05 , 0.11 , 11.22
2024-01-29 16:48:26,662 :- 00221: 097 , 15.20 , -2.00 || 1706527106, 17.602068956910 , 78.126615824363, 0.01 , 0.01 ,15.71 , 9.61 , 1.09 , 0.17 , 11.36
2024-01-29 16:48:26,692 :- 00222: 100 , 15.20 , -2.00 || 1706527106, 17.602068956910 , 78.126615824363, 0.01 , 0.01 ,15.71 , 9.72 , 1.11 , 0.19 , 11.43
2024-01-29 16:48:26,722 :- 00223: 103 , 15.20 , -2.00 || 1706527106, 17.602072751003 , 78.126616647683, 0.01 , 0.01 ,15.44 , 9.48 , 1.14 , 0.20 , 11.56
2024-01-29 16:48:26,752 :- 00224: 106 , 15.20 , -1.90 || 1706527106, 17.602072751003 , 78.126616647683, 0.01 , 0.01 ,15.44 , 9.21 , 1.14 , 0.21 , 11.63
2024-01-29 16:48:26,782 :- 00225: 109 , 15.20 , -1.90 || 1706527106, 17.602072751003 , 78.126616647683, 0.01 , 0.01 ,15.44 , 9.42 , 1.16 , 0.21 , 11.76
2024-01-29 16:48:26,812 :- 00226: 112 , 15.20 , -1.90 || 1706527106, 17.602072751003 , 78.126616647683, 0.01 , 0.01 ,15.55 , 9.61 , 1.17 , 0.19 , 11.82
2024-01-29 16:48:26,842 :- 00227: 115 , 15.10 , -1.80 || 1706527106, 17.602076558554 , 78.126617534666, 0.01 , 0.01 ,15.55 , 9.61 , 1.21 , 0.17 , 11.94
2024-01-29 16:48:26,872 :- 00228: 118 , 15.10 , -1.70 || 1706527106, 17.602076558554 , 78.126617534666, 0.01 , 0.01 ,15.55 , 9.69 , 1.23 , 0.15 , 12.00
2024-01-29 16:48:26,902 :- 00229: 121 , 15.10 , -1.60 || 1706527106, 17.602076558554 , 78.126617534666, 0.01 , 0.01 ,15.44 , 9.82 , 1.24 , 0.14 , 12.12
2024-01-29 16:48:26,932 :- 00230: 124 , 15.10 , -1.50 || 1706527106, 17.602080345795 , 78.126618391491, 0.01 , 0.01 ,15.44 , 9.87 , 1.24 , 0.13 , 12.18
2024-01-29 16:48:26,962 :- 00231: 127 , 15.10 , -1.40 || 1706527106, 17.602080345795 , 78.126618391491, 0.01 , 0.01 ,15.44 , 10.05 , 1.22 , 0.13 , 12.29
2024-01-29 16:48:26,992 :- 00232: 130 , 15.00 , -1.30 || 1706527106, 17.602080345795 , 78.126618391491, 0.01 , 0.01 ,15.44 , 10.03 , 1.20 , 0.13 , 12.34
2024-01-29 16:48:27,022 :- 00233: 133 , 15.00 , -1.20 || 1706527107, 17.602080345795 , 78.126618391491, 0.01 , 0.01 ,15.44 , 10.07 , 1.19 , 0.15 , 12.43
2024-01-29 16:48:27,052 :- 00234: 136 , 15.00 , -1.10 || 1706527107, 17.602084064614 , 78.126619272197, 0.01 , 0.01 ,15.20 , 10.06 , 1.21 , 0.16 , 12.47
2024-01-29 16:48:27,082 :- 00235: 139 , 15.00 , -1.00 || 1706527107, 17.602084064614 , 78.126619272197, 0.01 , 0.01 ,15.20 , 9.78 , 1.25 , 0.16 , 12.55
2024-01-29 16:48:27,112 :- 00236: 142 , 15.00 , -0.80 || 1706527107, 17.602084064614 , 78.126619272197, 0.01 , 0.01 ,15.37 , 9.80 , 1.27 , 0.16 , 12.59
2024-01-29 16:48:27,142 :- 00237: 145 , 15.00 , -0.70 || 1706527107, 17.602087821195 , 78.126620189610, 0.01 , 0.01 ,15.37 , 10.02 , 1.28 , 0.20 , 12.65
2024-01-29 16:48:27,172 :- 00238: 148 , 15.00 , -0.50 || 1706527107, 17.602087821195 , 78.126620189610, 0.01 , 0.01 ,15.37 , 9.98 , 1.30 , 0.21 , 12.67
2024-01-29 16:48:27,202 :- 00239: 151 , 15.00 , -0.30 || 1706527107, 17.602087821195 , 78.126620189610, 0.01 , 0.01 ,15.37 , 9.37 , 1.34 , 0.18 , 12.72
2024-01-29 16:48:27,232 :- 00240: 154 , 15.00 , -0.10 || 1706527107, 17.602091576685 , 78.126621082918, 0.01 , 0.01 ,15.35 , 9.78 , 1.38 , 0.21 , 12.73
2024-01-29 16:48:27,262 :- 00241: 157 , 15.00 , 00.20 || 1706527107, 17.602091576685 , 78.126621082918, 0.01 , 0.01 ,15.35 , 9.88 , 1.45 , 0.19 , 12.75
2024-01-29 16:48:27,292 :- 00242: 160 , 14.90 , 00.50 || 1706527107, 17.602091576685 , 78.126621082918, 0.01 , 0.01 ,15.35 , 9.62 , 1.48 , 0.17 , 12.76
2024-01-29 16:48:27,322 :- 00243: 163 , 14.90 , 00.70 || 1706527107, 17.602095302102 , 78.126622015911, 0.01 , 0.01 ,15.27 , 9.78 , 1.48 , 0.20 , 12.75
2024-01-29 16:48:27,352 :- 00244: 166 , 14.90 , 00.90 || 1706527107, 17.602095302102 , 78.126622015911, 0.01 , 0.01 ,15.27 , 10.23 , 1.47 , 0.21 , 12.73
2024-01-29 16:48:27,382 :- 00245: 169 , 14.90 , 01.10 || 1706527107, 17.602095302102 , 78.126622015911, 0.01 , 0.01 ,15.27 , 9.75 , 1.49 , 0.17 , 12.69
2024-01-29 16:48:27,412 :- 00246: 172 , 14.90 , 01.30 || 1706527107, 17.602095302102 , 78.126622015911, 0.01 , 0.01 ,15.18 , 9.56 , 1.49 , 0.18 , 12.66
2024-01-29 16:48:27,442 :- 00247: 175 , 14.90 , 01.50 || 1706527107, 17.602099004156 , 78.126622949066, 0.01 , 0.01 ,15.18 , 9.52 , 1.49 , 0.19 , 12.57
2024-01-29 16:48:27,471 :- 00248: 175 , 14.90 , 01.50 || 1706527107, 17.602099004156 , 78.126622949066, 0.01 , 0.01 ,15.18 , 9.52 , 1.49 , 0.19 , 12.571706527107, 17.602099004156 , 78.126622949066, 0.01 , 0.01 ,15.18 , 9.51 , 1.48 , 0.16 , 12.52
2024-01-29 16:48:27,492 :- 00249: 180 , 14.90 , 01.80 || 1706527107, 17.602099004156 , 78.126622949066, 0.01 , 0.01 ,15.18 , 9.32 , 1.46 , 0.15 , 12.47
2024-01-29 16:48:27,522 :- 00250: 183 , 14.90 , 02.00 || 1706527107, 17.602102712905 , 78.126623804933, 0.01 , 0.01 ,15.14 , 9.28 , 1.40 , 0.09 , 12.36
2024-01-29 16:48:27,552 :- 00251: 186 , 14.90 , 02.10 || 1706527107, 17.602102712905 , 78.126623804933, 0.01 , 0.01 ,15.14 , 9.61 , 1.38 , 0.07 , 12.30
2024-01-29 16:48:27,582 :- 00252: 189 , 14.90 , 02.30 || 1706527107, 17.602102712905 , 78.126623804933, 0.01 , 0.01 ,15.14 , 10.09 , 1.34 , 0.00 , 12.18
2024-01-29 16:48:27,612 :- 00253: 192 , 14.80 , 02.40 || 1706527107, 17.602102712905 , 78.126623804933, 0.01 , 0.01 ,15.08 , 10.24 , 1.33 , -0.05 , 12.11
2024-01-29 16:48:27,642 :- 00254: 195 , 14.80 , 02.60 || 1706527107, 17.602106422348 , 78.126624580930, 0.01 , 0.01 ,15.08 , 10.23 , 1.34 , -0.13 , 11.97
2024-01-29 16:48:27,672 :- 00255: 198 , 14.90 , 02.80 || 1706527107, 17.602106422348 , 78.126624580930, 0.01 , 0.01 ,15.08 , 10.01 , 1.35 , -0.15 , 11.89
2024-01-29 16:48:27,702 :- 00256: 201 , 14.90 , 03.00 || 1706527107, 17.602106422348 , 78.126624580930, 0.01 , 0.01 ,15.08 , 9.76 , 1.35 , -0.23 , 11.72
2024-01-29 16:48:27,732 :- 00257: 204 , 14.90 , 03.20 || 1706527107, 17.602110122186 , 78.126625411841, 0.01 , 0.01 ,15.08 , 10.06 , 1.36 , -0.25 , 11.62
2024-01-29 16:48:27,762 :- 00258: 207 , 14.90 , 03.50 || 1706527107, 17.602110122186 , 78.126625411841, 0.01 , 0.01 ,15.08 , 10.09 , 1.37 , -0.28 , 11.43
2024-01-29 16:48:27,792 :- 00259: 210 , 15.00 , 03.80 || 1706527107, 17.602110122186 , 78.126625411841, 0.01 , 0.01 ,15.08 , 10.13 , 1.39 , -0.29 , 11.32
2024-01-29 16:48:27,822 :- 00260: 213 , 15.00 , 04.20 || 1706527107, 17.602113865027 , 78.126626204464, 0.01 , 0.01 ,15.22 , 10.13 , 1.44 , -0.33 , 11.09
2024-01-29 16:48:27,852 :- 00261: 216 , 15.00 , 04.50 || 1706527107, 17.602113865027 , 78.126626204464, 0.01 , 0.01 ,15.22 , 9.50 , 1.47 , -0.35 , 10.97
2024-01-29 16:48:27,882 :- 00262: 219 , 15.10 , 04.80 || 1706527107, 17.602113865027 , 78.126626204464, 0.01 , 0.01 ,15.22 , 9.22 , 1.53 , -0.40 , 10.70
2024-01-29 16:48:27,912 :- 00263: 222 , 15.10 , 05.20 || 1706527107, 17.602113865027 , 78.126626204464, 0.01 , 0.01 ,15.40 , 9.64 , 1.55 , -0.39 , 10.56
2024-01-29 16:48:27,942 :- 00264: 225 , 15.10 , 05.50 || 1706527107, 17.602117654681 , 78.126626999965, 0.01 , 0.01 ,15.40 , 10.04 , 1.61 , -0.43 , 10.25
2024-01-29 16:48:27,972 :- 00265: 228 , 15.10 , 05.80 || 1706527107, 17.602117654681 , 78.126626999965, 0.01 , 0.01 ,15.40 , 9.69 , 1.62 , -0.48 , 10.09
2024-01-29 16:48:28,002 :- 00266: 231 , 15.10 , 06.00 || 1706527107, 17.602117654681 , 78.126626999965, 0.01 , 0.01 ,15.40 , 9.75 , 1.66 , -0.48 , 9.74
2024-01-29 16:48:28,032 :- 00267: 234 , 15.10 , 06.20 || 1706527108, 17.602117654681 , 78.126626999965, 0.01 , 0.01 ,15.46 , 9.92 , 1.65 , -0.50 , 9.55
2024-01-29 16:48:28,062 :- 00268: 237 , 15.20 , 06.40 || 1706527108, 17.602121471666 , 78.126627722071, 0.01 , 0.01 ,15.46 , 9.92 , 1.67 , -0.56 , 9.15
2024-01-29 16:48:28,092 :- 00269: 240 , 15.20 , 06.60 || 1706527108, 17.602121471666 , 78.126627722071, 0.01 , 0.01 ,15.46 , 10.17 , 1.68 , -0.57 , 8.94
2024-01-29 16:48:28,122 :- 00270: 243 , 15.20 , 06.70 || 1706527108, 17.602125378021 , 78.126628362221, 0.01 , 0.01 ,15.54 , 10.16 , 1.67 , -0.56 , 8.50
2024-01-29 16:48:28,152 :- 00271: 246 , 15.20 , 06.80 || 1706527108, 17.602125378021 , 78.126628362221, 0.01 , 0.01 ,15.54 , 9.90 , 1.66 , -0.58 , 8.28
2024-01-29 16:48:28,182 :- 00272: 249 , 15.30 , 07.00 || 1706527108, 17.602125378021 , 78.126628362221, 0.01 , 0.01 ,15.54 , 9.99 , 1.63 , -0.59 , 7.82
2024-01-29 16:48:28,212 :- 00273: 252 , 15.30 , 07.10 || 1706527108, 17.602125378021 , 78.126628362221, 0.01 , 0.01 ,15.77 , 10.29 , 1.60 , -0.56 , 7.59
2024-01-29 16:48:28,242 :- 00274: 255 , 15.30 , 07.30 || 1706527108, 17.602129299661 , 78.126628917010, 0.01 , 0.01 ,15.77 , 9.80 , 1.56 , -0.56 , 7.12
2024-01-29 16:48:28,272 :- 00275: 002 , 15.40 , 07.50 || 1706527108, 17.602129299661 , 78.126628917010, 0.01 , 0.01 ,15.77 , 9.64 , 1.54 , -0.56 , 6.88
2024-01-29 16:48:28,302 :- 00276: 005 , 15.40 , 07.70 || 1706527108, 17.602129299661 , 78.126628917010, 0.01 , 0.01 ,15.88 , 9.88 , 1.52 , -0.50 , 6.39
2024-01-29 16:48:28,332 :- 00277: 008 , 15.50 , 07.90 || 1706527108, 17.602133264976 , 78.126629339200, 0.01 , 0.01 ,15.88 , 9.71 , 1.51 , -0.49 , 6.14
2024-01-29 16:48:28,362 :- 00278: 011 , 15.50 , 08.00 || 1706527108, 17.602133264976 , 78.126629339200, 0.01 , 0.01 ,15.88 , 9.56 , 1.52 , -0.49 , 5.62
2024-01-29 16:48:28,392 :- 00279: 014 , 15.50 , 08.20 || 1706527108, 17.602133264976 , 78.126629339200, 0.01 , 0.01 ,15.88 , 9.71 , 1.51 , -0.47 , 5.35
2024-01-29 16:48:28,422 :- 00280: 017 , 15.50 , 08.30 || 1706527108, 17.602137246376 , 78.126629728398, 0.01 , 0.01 ,15.93 , 9.83 , 1.54 , -0.45 , 4.80
2024-01-29 16:48:28,452 :- 00281: 020 , 15.60 , 08.40 || 1706527108, 17.602137246376 , 78.126629728398, 0.01 , 0.01 ,15.93 , 9.56 , 1.56 , -0.47 , 4.52
2024-01-29 16:48:28,482 :- 00282: 023 , 15.60 , 08.50 || 1706527108, 17.602137246376 , 78.126629728398, 0.01 , 0.01 ,15.93 , 9.73 , 1.59 , -0.45 , 3.93
2024-01-29 16:48:28,512 :- 00283: 026 , 15.60 , 08.50 || 1706527108, 17.602137246376 , 78.126629728398, 0.01 , 0.01 ,16.06 , 9.73 , 1.61 , -0.45 , 3.64
2024-01-29 16:48:28,542 :- 00284: 029 , 15.70 , 08.50 || 1706527108, 17.602141265458 , 78.126630045997, 0.01 , 0.01 ,16.06 , 9.67 , 1.63 , -0.49 , 3.04
2024-01-29 16:48:28,572 :- 00285: 032 , 15.70 , 08.50 || 1706527108, 17.602141265458 , 78.126630045997, 0.01 , 0.01 ,16.06 , 9.62 , 1.63 , -0.49 , 2.74
2024-01-29 16:48:28,602 :- 00286: 035 , 15.70 , 08.50 || 1706527108, 17.602141265458 , 78.126630045997, 0.01 , 0.01 ,16.18 , 9.66 , 1.65 , -0.53 , 2.13
2024-01-29 16:48:28,632 :- 00287: 038 , 15.80 , 08.50 || 1706527108, 17.602145321390 , 78.126630241040, 0.01 , 0.01 ,16.18 , 10.14 , 1.65 , -0.54 , 1.83
2024-01-29 16:48:28,662 :- 00288: 041 , 15.80 , 08.50 || 1706527108, 17.602145321390 , 78.126630241040, 0.01 , 0.01 ,16.18 , 9.76 , 1.63 , -0.58 , 1.23
2024-01-29 16:48:28,692 :- 00289: 044 , 15.90 , 08.50 || 1706527108, 17.602145321390 , 78.126630241040, 0.01 , 0.01 ,16.18 , 9.60 , 1.61 , -0.62 , 0.92
2024-01-29 16:48:28,722 :- 00290: 047 , 15.90 , 08.50 || 1706527108, 17.602149383858 , 78.126630299396, 0.01 , 0.01 ,16.19 , 9.81 , 1.58 , -0.60 , 0.32
2024-01-29 16:48:28,751 :- 00291: 047 , 15.90 , 08.50 || 1706527108, 17.602149383858 , 78.126630299396, 0.01 , 0.01 ,16.19 , 9.81 , 1.58 , -0.60 , 0.321706527108, 17.602149383858 , 78.126630299396, 0.01 , 0.01 ,16.19 , 9.71 , 1.56 , -0.63 , 0.02
2024-01-29 16:48:28,772 :- 00292: 052 , 16.00 , 08.50 || 1706527108, 17.602149383858 , 78.126630299396, 0.01 , 0.01 ,16.19 , 9.64 , 1.55 , -0.66 , 359.71
2024-01-29 16:48:28,802 :- 00293: 055 , 16.10 , 08.50 || 1706527108, 17.602149383858 , 78.126630299396, 0.01 , 0.01 ,16.55 , 9.71 , 1.51 , -0.66 , 359.11
2024-01-29 16:48:28,832 :- 00294: 058 , 16.10 , 08.50 || 1706527108, 17.602153536648 , 78.126630221805, 0.01 , 0.01 ,16.55 , 9.59 , 1.48 , -0.67 , 358.80
2024-01-29 16:48:28,862 :- 00295: 061 , 16.20 , 08.50 || 1706527108, 17.602153536648 , 78.126630221805, 0.01 , 0.01 ,16.55 , 9.83 , 1.43 , -0.71 , 358.18
2024-01-29 16:48:28,892 :- 00296: 064 , 16.20 , 08.40 || 1706527108, 17.602153536648 , 78.126630221805, 0.01 , 0.01 ,16.55 , 9.93 , 1.42 , -0.70 , 357.87
2024-01-29 16:48:28,922 :- 00297: 067 , 16.30 , 08.30 || 1706527108, 17.602157729362 , 78.126630013457, 0.01 , 0.01 ,16.73 , 9.62 , 1.37 , -0.74 , 357.25
2024-01-29 16:48:28,952 :- 00298: 070 , 16.40 , 08.20 || 1706527108, 17.602157729362 , 78.126630013457, 0.01 , 0.01 ,16.73 , 9.93 , 1.35 , -0.75 , 356.94
2024-01-29 16:48:28,982 :- 00299: 073 , 16.40 , 08.00 || 1706527108, 17.602157729362 , 78.126630013457, 0.01 , 0.01 ,16.73 , 10.20 , 1.29 , -0.74 , 356.32
2024-01-29 16:48:29,012 :- 00300: 076 , 16.50 , 07.80 || 1706527108, 17.602157729362 , 78.126630013457, 0.01 , 0.01 ,16.73 , 9.78 , 1.28 , -0.77 , 356.01
2024-01-29 16:48:29,042 :- 00301: 079 , 16.60 , 07.60 || 1706527109, 17.602161975737 , 78.126629702703, 0.01 , 0.01 ,16.96 , 9.66 , 1.24 , -0.78 , 355.41
2024-01-29 16:48:29,072 :- 00302: 082 , 16.70 , 07.40 || 1706527109, 17.602161975737 , 78.126629702703, 0.01 , 0.01 ,16.96 , 9.78 , 1.21 , -0.79 , 355.11
2024-01-29 16:48:29,102 :- 00303: 085 , 16.80 , 07.10 || 1706527109, 17.602161975737 , 78.126629702703, 0.01 , 0.01 ,17.28 , 9.95 , 1.16 , -0.81 , 354.53
2024-01-29 16:48:29,132 :- 00304: 088 , 16.80 , 06.80 || 1706527109, 17.602166290660 , 78.126629244545, 0.01 , 0.01 ,17.28 , 10.03 , 1.11 , -0.82 , 354.25
2024-01-29 16:48:29,162 :- 00305: 091 , 16.90 , 06.50 || 1706527109, 17.602166290660 , 78.126629244545, 0.01 , 0.01 ,17.28 , 9.84 , 1.03 , -0.82 , 353.69
2024-01-29 16:48:29,192 :- 00306: 094 , 17.00 , 06.20 || 1706527109, 17.602166290660 , 78.126629244545, 0.01 , 0.01 ,17.28 , 9.61 , 1.00 , -0.82 , 353.42
2024-01-29 16:48:29,222 :- 00307: 097 , 17.10 , 05.90 || 1706527109, 17.602170653421 , 78.126628680875, 0.01 , 0.01 ,17.52 , 9.77 , 0.94 , -0.82 , 352.92
2024-01-29 16:48:29,252 :- 00308: 100 , 17.10 , 05.70 || 1706527109, 17.602170653421 , 78.126628680875, 0.01 , 0.01 ,17.52 , 9.72 , 0.91 , -0.80 , 352.68
2024-01-29 16:48:29,282 :- 00309: 103 , 17.20 , 05.40 || 1706527109, 17.602170653421 , 78.126628680875, 0.01 , 0.01 ,17.52 , 9.82 , 0.80 , -0.80 , 352.21
2024-01-29 16:48:29,312 :- 00310: 106 , 17.30 , 05.20 || 1706527109, 17.602170653421 , 78.126628680875, 0.01 , 0.01 ,17.80 , 9.64 , 0.74 , -0.77 , 351.99
2024-01-29 16:48:29,342 :- 00311: 109 , 17.40 , 05.00 || 1706527109, 17.602175069984 , 78.126627984033, 0.01 , 0.01 ,17.80 , 9.67 , 0.64 , -0.78 , 351.57
2024-01-29 16:48:29,372 :- 00312: 112 , 17.50 , 04.70 || 1706527109, 17.602175069984 , 78.126627984033, 0.01 , 0.01 ,17.80 , 9.67 , 0.62 , -0.76 , 351.38
2024-01-29 16:48:29,402 :- 00313: 115 , 17.50 , 04.50 || 1706527109, 17.602175069984 , 78.126627984033, 0.01 , 0.01 ,18.07 , 9.65 , 0.59 , -0.78 , 351.01
2024-01-29 16:48:29,432 :- 00314: 118 , 17.60 , 04.30 || 1706527109, 17.602179540743 , 78.126627193286, 0.01 , 0.01 ,18.07 , 9.83 , 0.57 , -0.79 , 350.83
2024-01-29 16:48:29,462 :- 00315: 121 , 17.70 , 04.10 || 1706527109, 17.602179540743 , 78.126627193286, 0.01 , 0.01 ,18.07 , 9.82 , 0.55 , -0.83 , 350.48
2024-01-29 16:48:29,492 :- 00316: 124 , 17.80 , 03.80 || 1706527109, 17.602179540743 , 78.126627193286, 0.01 , 0.01 ,18.07 , 9.86 , 0.53 , -0.84 , 350.32
2024-01-29 16:48:29,522 :- 00317: 127 , 17.90 , 03.60 || 1706527109, 17.602184060020 , 78.126626380359, 0.01 , 0.01 ,18.27 , 10.09 , 0.49 , -0.83 , 349.98
2024-01-29 16:48:29,552 :- 00318: 130 , 17.90 , 03.30 || 1706527109, 17.602184060020 , 78.126626380359, 0.01 , 0.01 ,18.27 , 10.43 , 0.51 , -0.86 , 349.82
2024-01-29 16:48:29,582 :- 00319: 133 , 18.00 , 03.10 || 1706527109, 17.602184060020 , 78.126626380359, 0.01 , 0.01 ,18.27 , 9.83 , 0.52 , -0.87 , 349.52
2024-01-29 16:48:29,612 :- 00320: 136 , 18.10 , 02.90 || 1706527109, 17.602184060020 , 78.126626380359, 0.01 , 0.01 ,18.57 , 9.50 , 0.52 , -0.87 , 349.38
2024-01-29 16:48:29,642 :- 00321: 139 , 18.20 , 02.70 || 1706527109, 17.602188644985 , 78.126625506501, 0.01 , 0.01 ,18.57 , 9.25 , 0.47 , -0.91 , 349.11
2024-01-29 16:48:29,672 :- 00322: 142 , 18.30 , 02.40 || 1706527109, 17.602188644985 , 78.126625506501, 0.01 , 0.01 ,18.57 , 10.04 , 0.46 , -0.85 , 349.00
2024-01-29 16:48:29,702 :- 00323: 145 , 18.40 , 02.20 || 1706527109, 17.602188644985 , 78.126625506501, 0.01 , 0.01 ,18.89 , 9.69 , 0.46 , -0.88 , 348.78
2024-01-29 16:48:29,732 :- 00324: 148 , 18.50 , 01.90 || 1706527109, 17.602193295083 , 78.126624542005, 0.01 , 0.01 ,18.89 , 9.30 , 0.47 , -0.91 , 348.69
2024-01-29 16:48:29,762 :- 00325: 151 , 18.60 , 01.70 || 1706527109, 17.602193295083 , 78.126624542005, 0.01 , 0.01 ,18.89 , 9.55 , 0.49 , -0.89 , 348.52
2024-01-29 16:48:29,792 :- 00326: 154 , 18.60 , 01.50 || 1706527109, 17.602193295083 , 78.126624542005, 0.01 , 0.01 ,18.89 , 9.79 , 0.49 , -0.90 , 348.44
2024-01-29 16:48:29,822 :- 00327: 157 , 18.70 , 01.20 || 1706527109, 17.602197988660 , 78.126623551355, 0.01 , 0.01 ,19.08 , 10.12 , 0.49 , -0.93 , 348.29
2024-01-29 16:48:29,852 :- 00328: 160 , 18.70 , 01.00 || 1706527109, 17.602197988660 , 78.126623551355, 0.01 , 0.01 ,19.08 , 10.69 , 0.50 , -0.88 , 348.23
2024-01-29 16:48:29,882 :- 00329: 163 , 18.80 , 00.70 || 1706527109, 17.602197988660 , 78.126623551355, 0.01 , 0.01 ,19.08 , 9.95 , 0.58 , -0.93 , 348.11
2024-01-29 16:48:29,912 :- 00330: 166 , 18.90 , 00.50 || 1706527109, 17.602197988660 , 78.126623551355, 0.01 , 0.01 ,19.48 , 9.99 , 0.63 , -0.90 , 348.06
2024-01-29 16:48:29,942 :- 00331: 169 , 19.00 , 00.30 || 1706527109, 17.602202779882 , 78.126622531979, 0.01 , 0.01 ,19.48 , 9.73 , 0.65 , -0.81 , 347.98
2024-01-29 16:48:29,972 :- 00332: 172 , 19.00 , 00.00 || 1706527109, 17.602202779882 , 78.126622531979, 0.01 , 0.01 ,19.48 , 10.48 , 0.66 , -0.79 , 347.95
2024-01-29 16:48:30,002 :- 00333: 175 , 19.10 , -0.20 || 1706527109, 17.602202779882 , 78.126622531979, 0.01 , 0.01 ,19.48 , 10.68 , 0.68 , -0.74 , 347.91
2024-01-29 16:48:30,031 :- 00334: 175 , 19.10 , -0.20 || 1706527109, 17.602202779882 , 78.126622531979, 0.01 , 0.01 ,19.48 , 10.68 , 0.68 , -0.74 , 347.911706527110, 17.602202779882 , 78.126622531979, 0.01 , 0.01 ,19.83 , 8.71 , 0.69 , -0.74 , 347.90
2024-01-29 16:48:30,052 :- 00335: 180 , 19.30 , -0.50 || 1706527110, 17.602207651825 , 78.126621476893, 0.01 , 0.01 ,19.83 , 9.53 , 0.72 , -0.73 , 347.90
2024-01-29 16:48:30,082 :- 00336: 183 , 19.40 , -0.70 || 1706527110, 17.602207651825 , 78.126621476893, 0.01 , 0.01 ,19.83 , 9.15 , 0.71 , -0.73 , 347.93
2024-01-29 16:48:30,112 :- 00337: 186 , 19.50 , -0.80 || 1706527110, 17.602207651825 , 78.126621476893, 0.01 , 0.01 ,19.94 , 9.59 , 0.72 , -0.71 , 347.95
2024-01-29 16:48:30,142 :- 00338: 189 , 19.50 , -0.90 || 1706527110, 17.602212552397 , 78.126620414897, 0.01 , 0.01 ,19.94 , 9.71 , 0.71 , -0.75 , 348.01
2024-01-29 16:48:30,172 :- 00339: 192 , 19.60 , -0.90 || 1706527110, 17.602212552397 , 78.126620414897, 0.01 , 0.01 ,19.94 , 9.19 , 0.72 , -0.78 , 348.04
2024-01-29 16:48:30,202 :- 00340: 195 , 19.70 , -0.90 || 1706527110, 17.602212552397 , 78.126620414897, 0.01 , 0.01 ,20.14 , 9.65 , 0.81 , -0.82 , 348.10
2024-01-29 16:48:30,232 :- 00341: 198 , 19.80 , -1.00 || 1706527110, 17.602217500027 , 78.126619332515, 0.01 , 0.01 ,20.14 , 9.54 , 0.83 , -0.85 , 348.14
2024-01-29 16:48:30,262 :- 00342: 201 , 19.90 , -1.00 || 1706527110, 17.602217500027 , 78.126619332515, 0.01 , 0.01 ,20.14 , 9.41 , 0.94 , -0.92 , 348.19
2024-01-29 16:48:30,292 :- 00343: 204 , 20.00 , -1.00 || 1706527110, 17.602217500027 , 78.126619332515, 0.01 , 0.01 ,20.14 , 9.72 , 1.00 , -0.98 , 348.23
2024-01-29 16:48:30,322 :- 00344: 207 , 20.10 , -1.00 || 1706527110, 17.602222527964 , 78.126618203709, 0.01 , 0.01 ,20.40 , 9.91 , 1.10 , -1.02 , 348.28
2024-01-29 16:48:30,352 :- 00345: 210 , 20.10 , -1.10 || 1706527110, 17.602222527964 , 78.126618203709, 0.01 , 0.01 ,20.40 , 9.97 , 1.15 , -1.06 , 348.31
2024-01-29 16:48:30,381 :- 00346: 213 , 20.20 , -1.10 || 1706527110, 17.602222527964 , 78.126618203709, 0.01 , 0.01 ,20.40 , 10.22 , 1.21 , -1.16 , 348.38
2024-01-29 16:48:30,411 :- 00347: 216 , 20.30 , -1.10 || 1706527110, 17.602222527964 , 78.126618203709, 0.01 , 0.01 ,20.71 , 10.83 , 1.22 , -1.15 , 348.42
2024-01-29 16:48:30,441 :- 00348: 219 , 20.40 , -1.20 || 1706527110, 17.602227638593 , 78.126617214401, 0.01 , 0.01 ,20.71 , 10.16 , 1.26 , -1.16 , 348.49
2024-01-29 16:48:30,472 :- 00349: 222 , 20.50 , -1.30 || 1706527110, 17.602227638593 , 78.126617214401, 0.01 , 0.01 ,20.71 , 10.26 , 1.28 , -1.18 , 348.53
2024-01-29 16:48:30,501 :- 00350: 225 , 20.60 , -1.30 || 1706527110, 17.602227638593 , 78.126617214401, 0.01 , 0.01 ,20.71 , 10.31 , 1.30 , -1.09 , 348.62
2024-01-29 16:48:30,531 :- 00351: 228 , 20.60 , -1.40 || 1706527110, 17.602232848385 , 78.126616140865, 0.01 , 0.01 ,21.16 , 10.48 , 1.29 , -1.05 , 348.66
2024-01-29 16:48:30,561 :- 00352: 231 , 20.80 , -1.50 || 1706527110, 17.602232848385 , 78.126616140865, 0.01 , 0.01 ,21.16 , 9.66 , 1.27 , -1.02 , 348.76
2024-01-29 16:48:30,592 :- 00353: 234 , 20.90 , -1.70 || 1706527110, 17.602232848385 , 78.126616140865, 0.01 , 0.01 ,21.16 , 9.56 , 1.24 , -0.97 , 348.82
2024-01-29 16:48:30,621 :- 00354: 237 , 21.00 , -1.80 || 1706527110, 17.602238175241 , 78.126615046580, 0.01 , 0.01 ,21.63 , 9.39 , 1.19 , -0.92 , 348.94
2024-01-29 16:48:30,651 :- 00355: 240 , 21.00 , -1.90 || 1706527110, 17.602238175241 , 78.126615046580, 0.01 , 0.01 ,21.63 , 9.60 , 1.16 , -0.90 , 349.01
2024-01-29 16:48:30,681 :- 00356: 243 , 21.10 , -2.10 || 1706527110, 17.602238175241 , 78.126615046580, 0.01 , 0.01 ,21.63 , 10.18 , 1.06 , -0.87 , 349.17
2024-01-29 16:48:30,711 :- 00357: 246 , 21.20 , -2.20 || 1706527110, 17.602238175241 , 78.126615046580, 0.01 , 0.01 ,21.85 , 9.62 , 1.02 , -0.85 , 349.25
2024-01-29 16:48:30,742 :- 00358: 249 , 21.40 , -2.20 || 1706527110, 17.602243552593 , 78.126613922866, 0.01 , 0.01 ,21.85 , 8.94 , 0.93 , -0.89 , 349.44
2024-01-29 16:48:30,771 :- 00359: 252 , 21.50 , -2.30 || 1706527110, 17.602243552593 , 78.126613922866, 0.01 , 0.01 ,21.85 , 9.48 , 0.85 , -0.89 , 349.54
2024-01-29 16:48:30,801 :- 00360: 255 , 21.60 , -2.40 || 1706527110, 17.602243552593 , 78.126613922866, 0.01 , 0.01 ,22.09 , 9.73 , 0.69 , -0.84 , 349.76
2024-01-29 16:48:30,831 :- 00361: 002 , 21.70 , -2.40 || 1706527110, 17.602248989600 , 78.126612794919, 0.01 , 0.01 ,22.09 , 9.48 , 0.63 , -0.88 , 349.86
2024-01-29 16:48:30,861 :- 00362: 005 , 21.80 , -2.40 || 1706527110, 17.602248989600 , 78.126612794919, 0.01 , 0.01 ,22.09 , 9.62 , 0.51 , -0.92 , 350.09
2024-01-29 16:48:30,891 :- 00363: 008 , 21.90 , -2.40 || 1706527110, 17.602248989600 , 78.126612794919, 0.01 , 0.01 ,22.09 , 9.71 , 0.47 , -0.90 , 350.20
2024-01-29 16:48:30,921 :- 00364: 011 , 21.90 , -2.40 || 1706527110, 17.602254516487 , 78.126611713843, 0.01 , 0.01 ,22.41 , 9.96 , 0.41 , -0.90 , 350.42
2024-01-29 16:48:30,951 :- 00365: 014 , 22.00 , -2.40 || 1706527110, 17.602254516487 , 78.126611713843, 0.01 , 0.01 ,22.41 , 9.40 , 0.38 , -0.98 , 350.52
2024-01-29 16:48:30,981 :- 00366: 017 , 22.10 , -2.30 || 1706527110, 17.602254516487 , 78.126611713843, 0.01 , 0.01 ,22.41 , 10.46 , 0.39 , -0.91 , 350.74
2024-01-29 16:48:31,011 :- 00367: 020 , 22.20 , -2.20 || 1706527110, 17.602254516487 , 78.126611713843, 0.01 , 0.01 ,22.41 , 9.97 , 0.39 , -0.90 , 350.85
2024-01-29 16:48:31,041 :- 00368: 023 , 22.30 , -2.20 || 1706527111, 17.602260152275 , 78.126610748767, 0.01 , 0.01 ,22.76 , 10.45 , 0.38 , -0.96 , 351.06
2024-01-29 16:48:31,072 :- 00369: 026 , 22.40 , -2.10 || 1706527111, 17.602260152275 , 78.126610748767, 0.01 , 0.01 ,22.76 , 9.91 , 0.39 , -0.91 , 351.16
2024-01-29 16:48:31,101 :- 00370: 029 , 22.50 , -2.10 || 1706527111, 17.602260152275 , 78.126610748767, 0.01 , 0.01 ,23.09 , 9.61 , 0.42 , -0.88 , 351.37
2024-01-29 16:48:31,131 :- 00371: 032 , 22.60 , -2.10 || 1706527111, 17.602265884208 , 78.126609857570, 0.01 , 0.01 ,23.09 , 10.38 , 0.43 , -0.84 , 351.46
2024-01-29 16:48:31,161 :- 00372: 035 , 22.70 , -2.00 || 1706527111, 17.602265884208 , 78.126609857570, 0.01 , 0.01 ,23.09 , 9.71 , 0.42 , -0.84 , 351.66
2024-01-29 16:48:31,191 :- 00373: 038 , 22.80 , -2.00 || 1706527111, 17.602265884208 , 78.126609857570, 0.01 , 0.01 ,23.09 , 9.51 , 0.42 , -0.82 , 351.75
2024-01-29 16:48:31,221 :- 00374: 041 , 22.90 , -2.00 || 1706527111, 17.602271727888 , 78.126608999832, 0.01 , 0.01 ,23.51 , 9.60 , 0.42 , -0.77 , 351.94
2024-01-29 16:48:31,251 :- 00375: 044 , 22.90 , -2.00 || 1706527111, 17.602271727888 , 78.126608999832, 0.01 , 0.01 ,23.51 , 9.69 , 0.41 , -0.76 , 352.04
2024-01-29 16:48:31,281 :- 00376: 047 , 23.00 , -2.00 || 1706527111, 17.602271727888 , 78.126608999832, 0.01 , 0.01 ,23.51 , 9.38 , 0.40 , -0.77 , 352.24
2024-01-29 16:48:31,311 :- 00377: 047 , 23.00 , -2.00 || 1706527111, 17.602271727888 , 78.126608999832, 0.01 , 0.01 ,23.51 , 9.38 , 0.40 , -0.77 , 352.241706527111, 17.602271727888 , 78.126608999832, 0.01 , 0.01 ,23.74 , 10.87 , 0.36 , -0.72 , 352.34
2024-01-29 16:48:31,332 :- 00378: 052 , 23.30 , -2.00 || 1706527111, 17.602277629096 , 78.126608143124, 0.01 , 0.01 ,23.74 , 8.93 , 0.34 , -0.72 , 352.45
2024-01-29 16:48:31,362 :- 00379: 055 , 23.40 , -1.90 || 1706527111, 17.602277629096 , 78.126608143124, 0.01 , 0.01 ,23.74 , 8.81 , 0.30 , -0.78 , 352.64
2024-01-29 16:48:31,392 :- 00380: 058 , 23.40 , -1.90 || 1706527111, 17.602277629096 , 78.126608143124, 0.01 , 0.01 ,23.74 , 9.90 , 0.32 , -0.83 , 352.73
2024-01-29 16:48:31,421 :- 00381: 061 , 23.50 , -1.90 || 1706527111, 17.602283613391 , 78.126607319493, 0.01 , 0.01 ,24.05 , 10.66 , 0.27 , -0.77 , 352.90
2024-01-29 16:48:31,451 :- 00382: 064 , 23.60 , -1.80 || 1706527111, 17.602283613391 , 78.126607319493, 0.01 , 0.01 ,24.05 , 9.26 , 0.32 , -0.73 , 352.99
2024-01-29 16:48:31,481 :- 00383: 067 , 23.60 , -1.80 || 1706527111, 17.602283613391 , 78.126607319493, 0.01 , 0.01 ,24.05 , 10.16 , 0.33 , -0.80 , 353.16
2024-01-29 16:48:31,511 :- 00384: 070 , 23.80 , -1.80 || 1706527111, 17.602283613391 , 78.126607319493, 0.01 , 0.01 ,24.35 , 9.75 , 0.36 , -0.73 , 353.25
2024-01-29 16:48:31,541 :- 00385: 073 , 23.80 , -1.70 || 1706527111, 17.602289684614 , 78.126606587822, 0.01 , 0.01 ,24.35 , 10.15 , 0.35 , -0.69 , 353.43
2024-01-29 16:48:31,571 :- 00386: 076 , 24.00 , -1.70 || 1706527111, 17.602289684614 , 78.126606587822, 0.01 , 0.01 ,24.35 , 9.65 , 0.39 , -0.74 , 353.52
2024-01-29 16:48:31,601 :- 00387: 079 , 24.10 , -1.60 || 1706527111, 17.602289684614 , 78.126606587822, 0.01 , 0.01 ,24.73 , 9.41 , 0.44 , -0.70 , 353.70
2024-01-29 16:48:31,631 :- 00388: 082 , 24.10 , -1.60 || 1706527111, 17.602295853496 , 78.126605876591, 0.01 , 0.01 ,24.73 , 10.00 , 0.47 , -0.65 , 353.78
2024-01-29 16:48:31,661 :- 00389: 085 , 24.20 , -1.50 || 1706527111, 17.602295853496 , 78.126605876591, 0.01 , 0.01 ,24.73 , 10.01 , 0.49 , -0.65 , 353.93
2024-01-29 16:48:31,691 :- 00390: 088 , 24.30 , -1.40 || 1706527111, 17.602295853496 , 78.126605876591, 0.01 , 0.01 ,24.73 , 9.42 , 0.52 , -0.68 , 354.00
2024-01-29 16:48:31,721 :- 00391: 091 , 24.40 , -1.40 || 1706527111, 17.602302108196 , 78.126605241656, 0.01 , 0.01 ,25.04 , 9.67 , 0.56 , -0.63 , 354.14
2024-01-29 16:48:31,751 :- 00392: 094 , 24.50 , -1.30 || 1706527111, 17.602302108196 , 78.126605241656, 0.01 , 0.01 ,25.04 , 9.75 , 0.56 , -0.62 , 354.21
2024-01-29 16:48:31,781 :- 00393: 097 , 24.60 , -1.30 || 1706527111, 17.602302108196 , 78.126605241656, 0.01 , 0.01 ,25.04 , 9.71 , 0.60 , -0.72 , 354.34
2024-01-29 16:48:31,811 :- 00394: 100 , 24.70 , -1.30 || 1706527111, 17.602302108196 , 78.126605241656, 0.01 , 0.01 ,25.19 , 9.93 , 0.61 , -0.71 , 354.40
2024-01-29 16:48:31,841 :- 00395: 103 , 24.80 , -1.20 || 1706527111, 17.602308403035 , 78.126604620445, 0.01 , 0.01 ,25.19 , 9.64 , 0.63 , -0.71 , 354.53
2024-01-29 16:48:31,871 :- 00396: 106 , 24.90 , -1.10 || 1706527111, 17.602308403035 , 78.126604620445, 0.01 , 0.01 ,25.19 , 9.96 , 0.64 , -0.75 , 354.59
2024-01-29 16:48:31,901 :- 00397: 109 , 25.00 , -1.10 || 1706527111, 17.602308403035 , 78.126604620445, 0.01 , 0.01 ,25.49 , 10.21 , 0.64 , -0.78 , 354.70
2024-01-29 16:48:31,931 :- 00398: 112 , 25.10 , -1.00 || 1706527111, 17.602314774379 , 78.126604015455, 0.01 , 0.01 ,25.49 , 9.19 , 0.66 , -0.79 , 354.75
2024-01-29 16:48:31,961 :- 00399: 115 , 25.10 , -1.00 || 1706527111, 17.602314774379 , 78.126604015455, 0.01 , 0.01 ,25.49 , 9.29 , 0.69 , -0.85 , 354.85
2024-01-29 16:48:31,991 :- 00400: 118 , 25.20 , -0.90 || 1706527111, 17.602314774379 , 78.126604015455, 0.01 , 0.01 ,25.49 , 9.93 , 0.69 , -0.85 , 354.89
2024-01-29 16:48:32,021 :- 00401: 121 , 25.30 , -0.90 || 1706527112, 17.602314774379 , 78.126604015455, 0.01 , 0.01 ,25.79 , 10.76 , 0.70 , -0.86 , 354.98
2024-01-29 16:48:32,051 :- 00402: 124 , 25.30 , -0.90 || 1706527112, 17.602321223957 , 78.126603453490, 0.01 , 0.01 ,25.79 , 10.25 , 0.73 , -0.89 , 355.02
2024-01-29 16:48:32,081 :- 00403: 127 , 25.40 , -0.90 || 1706527112, 17.602321223957 , 78.126603453490, 0.01 , 0.01 ,25.79 , 9.99 , 0.75 , -0.86 , 355.11
2024-01-29 16:48:32,111 :- 00404: 130 , 25.50 , -0.90 || 1706527112, 17.602321223957 , 78.126603453490, 0.01 , 0.01 ,26.12 , 10.13 , 0.74 , -0.83 , 355.16
2024-01-29 16:48:32,141 :- 00405: 133 , 25.60 , -0.90 || 1706527112, 17.602327756555 , 78.126602882417, 0.01 , 0.01 ,26.12 , 10.20 , 0.71 , -0.82 , 355.24
2024-01-29 16:48:32,171 :- 00406: 136 , 25.70 , -0.90 || 1706527112, 17.602327756555 , 78.126602882417, 0.01 , 0.01 ,26.12 , 9.78 , 0.70 , -0.79 , 355.28
2024-01-29 16:48:32,201 :- 00407: 139 , 25.80 , -0.90 || 1706527112, 17.602327756555 , 78.126602882417, 0.01 , 0.01 ,26.51 , 9.76 , 0.68 , -0.76 , 355.36
2024-01-29 16:48:32,231 :- 00408: 142 , 25.90 , -0.90 || 1706527112, 17.602334388023 , 78.126602307975, 0.01 , 0.01 ,26.51 , 9.71 , 0.66 , -0.72 , 355.39
2024-01-29 16:48:32,261 :- 00409: 145 , 25.90 , -1.00 || 1706527112, 17.602334388023 , 78.126602307975, 0.01 , 0.01 ,26.51 , 9.69 , 0.63 , -0.69 , 355.47
2024-01-29 16:48:32,291 :- 00410: 148 , 26.00 , -1.00 || 1706527112, 17.602334388023 , 78.126602307975, 0.01 , 0.01 ,26.51 , 9.52 , 0.62 , -0.69 , 355.52
2024-01-29 16:48:32,321 :- 00411: 151 , 26.10 , -1.10 || 1706527112, 17.602341085646 , 78.126601747766, 0.01 , 0.01 ,26.77 , 9.33 , 0.60 , -0.67 , 355.61
2024-01-29 16:48:32,351 :- 00412: 154 , 26.20 , -1.20 || 1706527112, 17.602341085646 , 78.126601747766, 0.01 , 0.01 ,26.77 , 9.24 , 0.58 , -0.69 , 355.66
2024-01-29 16:48:32,381 :- 00413: 157 , 26.30 , -1.20 || 1706527112, 17.602341085646 , 78.126601747766, 0.01 , 0.01 ,26.77 , 9.54 , 0.57 , -0.74 , 355.76
2024-01-29 16:48:32,411 :- 00414: 160 , 26.40 , -1.30 || 1706527112, 17.602341085646 , 78.126601747766, 0.01 , 0.01 ,26.93 , 9.77 , 0.54 , -0.73 , 355.82
2024-01-29 16:48:32,441 :- 00415: 163 , 26.50 , -1.30 || 1706527112, 17.602347823578 , 78.126601213023, 0.01 , 0.01 ,26.93 , 10.09 , 0.50 , -0.79 , 355.93
2024-01-29 16:48:32,471 :- 00416: 166 , 26.60 , -1.30 || 1706527112, 17.602347823578 , 78.126601213023, 0.01 , 0.01 ,26.93 , 9.34 , 0.50 , -0.82 , 355.99
2024-01-29 16:48:32,501 :- 00417: 169 , 26.70 , -1.30 || 1706527112, 17.602347823578 , 78.126601213023, 0.01 , 0.01 ,26.93 , 9.73 , 0.48 , -0.81 , 356.12
2024-01-29 16:48:32,531 :- 00418: 172 , 26.70 , -1.30 || 1706527112, 17.602354641203 , 78.126600710511, 0.01 , 0.01 ,27.23 , 10.05 , 0.48 , -0.83 , 356.19
2024-01-29 16:48:32,561 :- 00419: 175 , 26.80 , -1.30 || 1706527112, 17.602354641203 , 78.126600710511, 0.01 , 0.01 ,27.23 , 10.49 , 0.51 , -0.81 , 356.34
2024-01-29 16:48:32,591 :- 00420: 175 , 26.80 , -1.30 || 1706527112, 17.602354641203 , 78.126600710511, 0.01 , 0.01 ,27.23 , 10.49 , 0.51 , -0.81 , 356.341706527112, 17.602354641203 , 78.126600710511, 0.01 , 0.01 ,27.23 , 10.11 , 0.50 , -0.84 , 356.41
2024-01-29 16:48:32,611 :- 00421: 180 , 26.90 , -1.30 || 1706527112, 17.602354641203 , 78.126600710511, 0.01 , 0.01 ,27.64 , 10.13 , 0.52 , -0.83 , 356.48
2024-01-29 16:48:32,641 :- 00422: 183 , 27.00 , -1.30 || 1706527112, 17.602361562656 , 78.126600251177, 0.01 , 0.01 ,27.64 , 10.82 , 0.53 , -0.77 , 356.62
2024-01-29 16:48:32,671 :- 00423: 186 , 27.10 , -1.30 || 1706527112, 17.602361562656 , 78.126600251177, 0.01 , 0.01 ,27.64 , 9.99 , 0.55 , -0.75 , 356.68
2024-01-29 16:48:32,701 :- 00424: 189 , 27.20 , -1.30 || 1706527112, 17.602361562656 , 78.126600251177, 0.01 , 0.01 ,27.97 , 9.46 , 0.60 , -0.75 , 356.80
2024-01-29 16:48:32,731 :- 00425: 192 , 27.30 , -1.20 || 1706527112, 17.602368572792 , 78.126599858645, 0.01 , 0.01 ,27.97 , 9.76 , 0.62 , -0.71 , 356.87
2024-01-29 16:48:32,761 :- 00426: 195 , 27.40 , -1.20 || 1706527112, 17.602368572792 , 78.126599858645, 0.01 , 0.01 ,27.97 , 9.23 , 0.66 , -0.69 , 357.00
2024-01-29 16:48:32,791 :- 00427: 198 , 27.50 , -1.20 || 1706527112, 17.602368572792 , 78.126599858645, 0.01 , 0.01 ,27.97 , 9.41 , 0.68 , -0.70 , 357.06
2024-01-29 16:48:32,821 :- 00428: 201 , 27.50 , -1.10 || 1706527112, 17.602375638142 , 78.126599526212, 0.01 , 0.01 ,28.18 , 9.77 , 0.71 , -0.66 , 357.20
2024-01-29 16:48:32,851 :- 00429: 204 , 27.60 , -1.10 || 1706527112, 17.602375638142 , 78.126599526212, 0.01 , 0.01 ,28.18 , 9.30 , 0.73 , -0.65 , 357.26
2024-01-29 16:48:32,881 :- 00430: 207 , 27.70 , -1.00 || 1706527112, 17.602375638142 , 78.126599526212, 0.01 , 0.01 ,28.18 , 9.37 , 0.74 , -0.71 , 357.39
2024-01-29 16:48:32,911 :- 00431: 210 , 27.70 , -1.00 || 1706527112, 17.602375638142 , 78.126599526212, 0.01 , 0.01 ,28.37 , 9.92 , 0.74 , -0.68 , 357.45
2024-01-29 16:48:32,941 :- 00432: 213 , 27.80 , -0.90 || 1706527112, 17.602382751023 , 78.126599192173, 0.01 , 0.01 ,28.37 , 10.10 , 0.77 , -0.70 , 357.56
2024-01-29 16:48:32,971 :- 00433: 216 , 27.80 , -0.90 || 1706527112, 17.602382751023 , 78.126599192173, 0.01 , 0.01 ,28.37 , 10.04 , 0.79 , -0.72 , 357.61
2024-01-29 16:48:33,001 :- 00434: 219 , 27.90 , -0.90 || 1706527112, 17.602382751023 , 78.126599192173, 0.01 , 0.01 ,28.37 , 9.99 , 0.85 , -0.67 , 357.72
2024-01-29 16:48:33,031 :- 00435: 222 , 27.90 , -0.80 || 1706527113, 17.602382751023 , 78.126599192173, 0.01 , 0.01 ,28.56 , 10.13 , 0.87 , -0.69 , 357.77
2024-01-29 16:48:33,061 :- 00436: 225 , 28.00 , -0.80 || 1706527113, 17.602389913715 , 78.126598913066, 0.01 , 0.01 ,28.56 , 10.00 , 0.93 , -0.67 , 357.86
2024-01-29 16:48:33,091 :- 00437: 228 , 28.10 , -0.70 || 1706527113, 17.602389913715 , 78.126598913066, 0.01 , 0.01 ,28.56 , 9.78 , 0.95 , -0.66 , 357.91
2024-01-29 16:48:33,121 :- 00438: 231 , 28.20 , -0.70 || 1706527113, 17.602397151595 , 78.126598667354, 0.01 , 0.01 ,28.86 , 9.74 , 1.01 , -0.63 , 357.99
2024-01-29 16:48:33,151 :- 00439: 234 , 28.20 , -0.60 || 1706527113, 17.602397151595 , 78.126598667354, 0.01 , 0.01 ,28.86 , 9.71 , 1.03 , -0.62 , 358.03
2024-01-29 16:48:33,181 :- 00440: 237 , 28.30 , -0.60 || 1706527113, 17.602397151595 , 78.126598667354, 0.01 , 0.01 ,28.86 , 10.11 , 1.10 , -0.61 , 358.10
2024-01-29 16:48:33,211 :- 00441: 240 , 28.30 , -0.60 || 1706527113, 17.602397151595 , 78.126598667354, 0.01 , 0.01 ,29.01 , 9.74 , 1.13 , -0.58 , 358.14
2024-01-29 16:48:33,241 :- 00442: 243 , 28.40 , -0.60 || 1706527113, 17.602404430641 , 78.126598483040, 0.01 , 0.01 ,29.01 , 9.73 , 1.21 , -0.59 , 358.21
2024-01-29 16:48:33,271 :- 00443: 246 , 28.50 , -0.50 || 1706527113, 17.602404430641 , 78.126598483040, 0.01 , 0.01 ,29.01 , 9.38 , 1.24 , -0.59 , 358.24
2024-01-29 16:48:33,301 :- 00444: 249 , 28.50 , -0.50 || 1706527113, 17.602404430641 , 78.126598483040, 0.01 , 0.01 ,29.17 , 9.75 , 1.26 , -0.58 , 358.30
2024-01-29 16:48:33,331 :- 00445: 252 , 28.60 , -0.40 || 1706527113, 17.602411748989 , 78.126598292605, 0.01 , 0.01 ,29.17 , 9.67 , 1.27 , -0.60 , 358.33
2024-01-29 16:48:33,361 :- 00446: 255 , 28.60 , -0.40 || 1706527113, 17.602411748989 , 78.126598292605, 0.01 , 0.01 ,29.17 , 9.74 , 1.32 , -0.59 , 358.37
2024-01-29 16:48:33,391 :- 00447: 002 , 28.70 , -0.30 || 1706527113, 17.602411748989 , 78.126598292605, 0.01 , 0.01 ,29.17 , 9.51 , 1.33 , -0.59 , 358.39
2024-01-29 16:48:33,421 :- 00448: 005 , 28.70 , -0.30 || 1706527113, 17.602419111934 , 78.126598101523, 0.01 , 0.01 ,29.35 , 9.93 , 1.37 , -0.58 , 358.42
2024-01-29 16:48:33,451 :- 00449: 008 , 28.70 , -0.30 || 1706527113, 17.602419111934 , 78.126598101523, 0.01 , 0.01 ,29.35 , 10.01 , 1.40 , -0.55 , 358.44
2024-01-29 16:48:33,481 :- 00450: 011 , 28.80 , -0.30 || 1706527113, 17.602419111934 , 78.126598101523, 0.01 , 0.01 ,29.35 , 10.11 , 1.47 , -0.56 , 358.46
2024-01-29 16:48:33,511 :- 00451: 014 , 28.80 , -0.20 || 1706527113, 17.602419111934 , 78.126598101523, 0.01 , 0.01 ,29.56 , 10.20 , 1.51 , -0.53 , 358.47
2024-01-29 16:48:33,541 :- 00452: 017 , 28.90 , -0.20 || 1706527113, 17.602426529713 , 78.126597948530, 0.01 , 0.01 ,29.56 , 10.08 , 1.56 , -0.50 , 358.48
2024-01-29 16:48:33,571 :- 00453: 020 , 28.90 , -0.20 || 1706527113, 17.602426529713 , 78.126597948530, 0.01 , 0.01 ,29.56 , 9.73 , 1.59 , -0.48 , 358.48
2024-01-29 16:48:33,601 :- 00454: 023 , 29.00 , -0.20 || 1706527113, 17.602426529713 , 78.126597948530, 0.01 , 0.01 ,29.72 , 9.87 , 1.61 , -0.43 , 358.49
2024-01-29 16:48:33,631 :- 00455: 026 , 29.10 , -0.20 || 1706527113, 17.602433986230 , 78.126597807056, 0.01 , 0.01 ,29.72 , 8.71 , 1.62 , -0.41 , 358.50
2024-01-29 16:48:33,661 :- 00456: 029 , 29.10 , -0.20 || 1706527113, 17.602433986230 , 78.126597807056, 0.01 , 0.01 ,29.72 , 9.41 , 1.62 , -0.41 , 358.51
2024-01-29 16:48:33,691 :- 00457: 032 , 29.20 , -0.20 || 1706527113, 17.602433986230 , 78.126597807056, 0.01 , 0.01 ,29.72 , 9.98 , 1.60 , -0.37 , 358.52
2024-01-29 16:48:33,721 :- 00458: 035 , 29.20 , -0.20 || 1706527113, 17.602441482516 , 78.126597621965, 0.01 , 0.01 ,29.88 , 9.72 , 1.56 , -0.37 , 358.54
2024-01-29 16:48:33,751 :- 00459: 038 , 29.20 , -0.20 || 1706527113, 17.602441482516 , 78.126597621965, 0.01 , 0.01 ,29.88 , 9.86 , 1.55 , -0.40 , 358.55
2024-01-29 16:48:33,781 :- 00460: 041 , 29.30 , -0.20 || 1706527113, 17.602441482516 , 78.126597621965, 0.01 , 0.01 ,29.88 , 9.37 , 1.51 , -0.35 , 358.56
2024-01-29 16:48:33,811 :- 00461: 044 , 29.30 , -0.20 || 1706527113, 17.602441482516 , 78.126597621965, 0.01 , 0.01 ,29.97 , 9.85 , 1.49 , -0.35 , 358.57
2024-01-29 16:48:33,841 :- 00462: 047 , 29.30 , -0.20 || 1706527113, 17.602449001694 , 78.126597407374, 0.01 , 0.01 ,29.97 , 10.28 , 1.46 , -0.37 , 358.58
2024-01-29 16:48:33,871 :- 00463: 047 , 29.30 , -0.20 || 1706527113, 17.602449001694 , 78.126597407374, 0.01 , 0.01 ,29.97 , 10.28 , 1.46 , -0.37 , 358.581706527113, 17.602449001694 , 78.126597407374, 0.01 , 0.01 ,29.97 , 9.84 , 1.44 , -0.33 , 358.59
2024-01-29 16:48:33,891 :- 00464: 052 , 29.30 , -0.20 || 1706527113, 17.602449001694 , 78.126597407374, 0.01 , 0.01 ,29.97 , 9.63 , 1.44 , -0.33 , 358.59
2024-01-29 16:48:33,921 :- 00465: 055 , 29.40 , -0.20 || 1706527113, 17.602456541919 , 78.126597229311, 0.01 , 0.01 ,30.05 , 9.98 , 1.41 , -0.31 , 358.61
2024-01-29 16:48:33,951 :- 00466: 058 , 29.40 , -0.20 || 1706527113, 17.602456541919 , 78.126597229311, 0.01 , 0.01 ,30.05 , 10.00 , 1.40 , -0.26 , 358.62
2024-01-29 16:48:33,981 :- 00467: 061 , 29.40 , -0.20 || 1706527113, 17.602456541919 , 78.126597229311, 0.01 , 0.01 ,30.05 , 9.74 , 1.36 , -0.28 , 358.65
2024-01-29 16:48:34,011 :- 00468: 064 , 29.40 , -0.20 || 1706527113, 17.602456541919 , 78.126597229311, 0.01 , 0.01 ,30.05 , 10.10 , 1.33 , -0.24 , 358.66
2024-01-29 16:48:34,041 :- 00469: 067 , 29.40 , -0.20 || 1706527114, 17.602464097659 , 78.126597019076, 0.01 , 0.01 ,30.12 , 9.98 , 1.28 , -0.18 , 358.68
2024-01-29 16:48:34,071 :- 00470: 070 , 29.40 , -0.30 || 1706527114, 17.602464097659 , 78.126597019076, 0.01 , 0.01 ,30.12 , 9.56 , 1.28 , -0.19 , 358.69
2024-01-29 16:48:34,101 :- 00471: 073 , 29.40 , -0.30 || 1706527114, 17.602464097659 , 78.126597019076, 0.01 , 0.01 ,30.12 , 9.68 , 1.24 , -0.14 , 358.71
2024-01-29 16:48:34,131 :- 00472: 076 , 29.40 , -0.30 || 1706527114, 17.602471654887 , 78.126596835827, 0.01 , 0.01 ,30.12 , 9.63 , 1.22 , -0.11 , 358.72
2024-01-29 16:48:34,161 :- 00473: 079 , 29.40 , -0.30 || 1706527114, 17.602471654887 , 78.126596835827, 0.01 , 0.01 ,30.12 , 9.73 , 1.20 , -0.09 , 358.74
2024-01-29 16:48:34,191 :- 00474: 082 , 29.40 , -0.30 || 1706527114, 17.602471654887 , 78.126596835827, 0.01 , 0.01 ,30.12 , 9.70 , 1.20 , -0.08 , 358.75
2024-01-29 16:48:34,221 :- 00475: 085 , 29.40 , -0.30 || 1706527114, 17.602479185432 , 78.126596637861, 0.01 , 0.01 ,30.02 , 9.57 , 1.18 , -0.07 , 358.78
2024-01-29 16:48:34,251 :- 00476: 088 , 29.30 , -0.30 || 1706527114, 17.602479185432 , 78.126596637861, 0.01 , 0.01 ,30.02 , 9.97 , 1.17 , -0.07 , 358.79
2024-01-29 16:48:34,281 :- 00477: 091 , 29.30 , -0.30 || 1706527114, 17.602479185432 , 78.126596637861, 0.01 , 0.01 ,30.02 , 9.93 , 1.15 , -0.04 , 358.81
2024-01-29 16:48:34,311 :- 00478: 094 , 29.20 , -0.30 || 1706527114, 17.602479185432 , 78.126596637861, 0.01 , 0.01 ,29.81 , 9.60 , 1.13 , -0.06 , 358.82
2024-01-29 16:48:34,341 :- 00479: 097 , 29.20 , -0.40 || 1706527114, 17.602486589049 , 78.126596499608, 0.01 , 0.01 ,29.81 , 9.83 , 1.13 , -0.03 , 358.84
2024-01-29 16:48:34,371 :- 00480: 100 , 29.10 , -0.40 || 1706527114, 17.602486589049 , 78.126596499608, 0.01 , 0.01 ,29.81 , 9.72 , 1.12 , -0.00 , 358.85
2024-01-29 16:48:34,401 :- 00481: 103 , 29.10 , -0.50 || 1706527114, 17.602486589049 , 78.126596499608, 0.01 , 0.01 ,29.63 , 9.65 , 1.10 , -0.03 , 358.88
2024-01-29 16:48:34,431 :- 00482: 106 , 29.00 , -0.60 || 1706527114, 17.602494023304 , 78.126596355258, 0.01 , 0.01 ,29.63 , 9.84 , 1.07 , -0.03 , 358.90
2024-01-29 16:48:34,461 :- 00483: 109 , 29.00 , -0.60 || 1706527114, 17.602494023304 , 78.126596355258, 0.01 , 0.01 ,29.63 , 10.13 , 1.01 , 0.01 , 358.93
