2024-02-16 16:24:58,835 :- 00001: Feedback Code Starting
2024-02-16 16:24:58,862 :- 00002: 139 , 20.00 , -0.20 || 1708080898, 17.601676074858 , 78.126609411702, 0.01 , 0.01 ,24.69 , 9.47 , 0.85 , -0.28 , 358.86
2024-02-16 16:24:58,892 :- 00003: 142 , 20.00 , -0.20 || 1708080898, 17.601676074858 , 78.126609411702, 0.01 , 0.01 ,24.69 , 9.69 , 0.85 , -0.25 , 358.85
2024-02-16 16:24:58,922 :- 00004: 145 , 20.00 , -0.20 || 1708080898, 17.601676074858 , 78.126609411702, 0.01 , 0.01 ,24.84 , 9.98 , 0.85 , -0.25 , 358.86
2024-02-16 16:24:58,952 :- 00005: 148 , 20.00 , -0.20 || 1708080898, 17.601682288132 , 78.126609329852, 0.01 , 0.01 ,24.84 , 9.71 , 0.88 , -0.28 , 358.86
2024-02-16 16:24:58,982 :- 00006: 151 , 20.00 , -0.20 || 1708080898, 17.601682288132 , 78.126609329852, 0.01 , 0.01 ,24.84 , 9.57 , 0.89 , -0.27 , 358.86
2024-02-16 16:24:59,012 :- 00007: 154 , 20.00 , -0.20 || 1708080898, 17.601682288132 , 78.126609329852, 0.01 , 0.01 ,24.84 , 9.77 , 0.88 , -0.27 , 358.86
2024-02-16 16:24:59,042 :- 00008: 157 , 20.00 , -0.20 || 1708080899, 17.601688522580 , 78.126609229316, 0.01 , 0.01 ,24.87 , 9.64 , 0.88 , -0.29 , 358.86
2024-02-16 16:24:59,072 :- 00009: 160 , 20.00 , -0.20 || 1708080899, 17.601688522580 , 78.126609229316, 0.01 , 0.01 ,24.87 , 9.61 , 0.89 , -0.33 , 358.87
2024-02-16 16:24:59,102 :- 00010: 163 , 20.00 , -0.20 || 1708080899, 17.601688522580 , 78.126609229316, 0.01 , 0.01 ,24.87 , 9.93 , 0.89 , -0.34 , 358.87
2024-02-16 16:24:59,132 :- 00011: 166 , 20.00 , -0.20 || 1708080899, 17.601694796247 , 78.126609126693, 0.01 , 0.01 ,25.04 , 9.86 , 0.91 , -0.37 , 358.89
2024-02-16 16:24:59,162 :- 00012: 169 , 20.00 , -0.20 || 1708080899, 17.601694796247 , 78.126609126693, 0.01 , 0.01 ,25.04 , 9.43 , 0.91 , -0.41 , 358.89
2024-02-16 16:24:59,192 :- 00013: 172 , 20.00 , -0.20 || 1708080899, 17.601694796247 , 78.126609126693, 0.01 , 0.01 ,25.04 , 10.11 , 0.91 , -0.42 , 358.90
2024-02-16 16:24:59,222 :- 00014: 175 , 20.00 , -0.20 || 1708080899, 17.601694796247 , 78.126609126693, 0.01 , 0.01 ,25.00 , 10.31 , 0.91 , -0.43 , 358.91
2024-02-16 16:24:59,252 :- 00015: 178 , 20.00 , -0.30 || 1708080899, 17.601701061346 , 78.126609035693, 0.01 , 0.01 ,25.00 , 9.96 , 0.93 , -0.50 , 358.91
2024-02-16 16:24:59,282 :- 00016: 181 , 20.00 , -0.30 || 1708080899, 17.601701061346 , 78.126609035693, 0.01 , 0.01 ,25.00 , 9.95 , 0.95 , -0.46 , 358.92
2024-02-16 16:24:59,312 :- 00017: 184 , 20.00 , -0.30 || 1708080899, 17.601701061346 , 78.126609035693, 0.01 , 0.01 ,25.00 , 10.05 , 0.95 , -0.45 , 358.92
2024-02-16 16:24:59,342 :- 00018: 187 , 20.00 , -0.60 || 1708080899, 17.601707389724 , 78.126608950334, 0.01 , 0.01 ,25.17 , 10.33 , 0.97 , -0.49 , 358.93
2024-02-16 16:24:59,372 :- 00019: 190 , 20.00 , -0.70 || 1708080899, 17.601707389724 , 78.126608950334, 0.01 , 0.01 ,25.17 , 9.95 , 0.99 , -0.45 , 358.93
2024-02-16 16:24:59,402 :- 00020: 193 , 20.00 , -0.70 || 1708080899, 17.601707389724 , 78.126608950334, 0.01 , 0.01 ,25.17 , 9.61 , 0.98 , -0.46 , 358.93
2024-02-16 16:24:59,432 :- 00021: 196 , 20.00 , -0.70 || 1708080899, 17.601713739752 , 78.126608851503, 0.01 , 0.01 ,25.31 , 10.26 , 0.95 , -0.42 , 358.94
2024-02-16 16:24:59,462 :- 00022: 199 , 20.00 , -0.90 || 1708080899, 17.601713739752 , 78.126608851503, 0.01 , 0.01 ,25.31 , 9.66 , 0.96 , -0.39 , 358.95
2024-02-16 16:24:59,492 :- 00023: 202 , 20.00 , -0.90 || 1708080899, 17.601713739752 , 78.126608851503, 0.01 , 0.01 ,25.31 , 9.73 , 0.94 , -0.38 , 358.96
2024-02-16 16:24:59,522 :- 00024: 205 , 20.00 , -0.90 || 1708080899, 17.601713739752 , 78.126608851503, 0.01 , 0.01 ,25.48 , 9.82 , 0.93 , -0.35 , 358.98
2024-02-16 16:24:59,552 :- 00025: 208 , 20.00 , -0.60 || 1708080899, 17.601720118476 , 78.126608754643, 0.01 , 0.01 ,25.48 , 9.80 , 0.89 , -0.35 , 359.02
2024-02-16 16:24:59,582 :- 00026: 211 , 20.00 , -0.20 || 1708080899, 17.601720118476 , 78.126608754643, 0.01 , 0.01 ,25.48 , 9.81 , 0.87 , -0.33 , 359.05
2024-02-16 16:24:59,612 :- 00027: 214 , 20.00 , -0.20 || 1708080899, 17.601720118476 , 78.126608754643, 0.01 , 0.01 ,25.48 , 9.52 , 0.86 , -0.29 , 359.08
2024-02-16 16:24:59,642 :- 00028: 217 , 20.00 , -0.20 || 1708080899, 17.601726506753 , 78.126608645032, 0.01 , 0.01 ,25.51 , 9.55 , 0.79 , -0.29 , 359.17
2024-02-16 16:24:59,672 :- 00029: 220 , 20.00 , -0.20 || 1708080899, 17.601726506753 , 78.126608645032, 0.01 , 0.01 ,25.51 , 10.06 , 0.73 , -0.26 , 359.28
2024-02-16 16:24:59,702 :- 00030: 223 , 20.00 , -0.20 || 1708080899, 17.601726506753 , 78.126608645032, 0.01 , 0.01 ,25.51 , 9.44 , 0.74 , -0.24 , 359.33
2024-02-16 16:24:59,732 :- 00031: 226 , 20.00 , -0.20 || 1708080899, 17.601732946859 , 78.126608563084, 0.01 , 0.01 ,25.38 , 9.63 , 0.75 , -0.24 , 359.42
2024-02-16 16:24:59,762 :- 00032: 229 , 20.00 , -0.20 || 1708080899, 17.601732946859 , 78.126608563084, 0.01 , 0.01 ,25.38 , 9.55 , 0.75 , -0.24 , 359.46
2024-02-16 16:24:59,792 :- 00033: 232 , 20.00 , -0.20 || 1708080899, 17.601732946859 , 78.126608563084, 0.01 , 0.01 ,25.38 , 9.56 , 0.81 , -0.26 , 359.48
2024-02-16 16:24:59,822 :- 00034: 235 , 20.00 , -0.20 || 1708080899, 17.601732946859 , 78.126608563084, 0.01 , 0.01 ,25.49 , 10.08 , 0.82 , -0.26 , 359.49
2024-02-16 16:24:59,852 :- 00035: 238 , 20.00 , -0.20 || 1708080899, 17.601739330580 , 78.126608538525, 0.01 , 0.01 ,25.49 , 9.88 , 0.86 , -0.28 , 359.47
2024-02-16 16:24:59,882 :- 00036: 241 , 20.00 , -0.20 || 1708080899, 17.601739330580 , 78.126608538525, 0.01 , 0.01 ,25.49 , 9.58 , 0.88 , -0.30 , 359.45
2024-02-16 16:24:59,912 :- 00037: 244 , 20.00 , -0.20 || 1708080899, 17.601739330580 , 78.126608538525, 0.01 , 0.01 ,25.49 , 9.75 , 0.87 , -0.28 , 359.43
2024-02-16 16:24:59,942 :- 00038: 247 , 20.00 , -0.20 || 1708080899, 17.601745749441 , 78.126608534678, 0.01 , 0.01 ,25.53 , 9.96 , 0.84 , -0.30 , 359.41
2024-02-16 16:24:59,972 :- 00039: 250 , 20.00 , -0.10 || 1708080899, 17.601745749441 , 78.126608534678, 0.01 , 0.01 ,25.53 , 9.67 , 0.81 , -0.31 , 359.40
2024-02-16 16:25:00,002 :- 00040: 253 , 20.00 , -0.10 || 1708080899, 17.601745749441 , 78.126608534678, 0.01 , 0.01 ,25.53 , 10.18 , 0.82 , -0.30 , 359.41
2024-02-16 16:25:00,032 :- 00041: 000 , 20.00 , -0.10 || 1708080900, 17.601752160446 , 78.126608491212, 0.01 , 0.01 ,25.55 , 9.87 , 0.84 , -0.33 , 359.43
2024-02-16 16:25:00,062 :- 00042: 003 , 20.00 , -0.10 || 1708080900, 17.601752160446 , 78.126608491212, 0.01 , 0.01 ,25.55 , 9.94 , 0.85 , -0.34 , 359.44
2024-02-16 16:25:00,092 :- 00043: 006 , 20.00 , -0.10 || 1708080900, 17.601752160446 , 78.126608491212, 0.01 , 0.01 ,25.55 , 9.96 , 0.85 , -0.33 , 359.45
2024-02-16 16:25:00,122 :- 00044: 009 , 20.00 , -0.10 || 1708080900, 17.601752160446 , 78.126608491212, 0.01 , 0.01 ,25.57 , 9.82 , 0.86 , -0.35 , 359.46
2024-02-16 16:25:00,152 :- 00045: 012 , 20.00 , -0.10 || 1708080900, 17.601758579616 , 78.126608449129, 0.01 , 0.01 ,25.57 , 9.70 , 0.87 , -0.33 , 359.47
2024-02-16 16:25:00,182 :- 00046: 015 , 20.00 , -0.10 || 1708080900, 17.601758579616 , 78.126608449129, 0.01 , 0.01 ,25.57 , 10.23 , 0.86 , -0.34 , 359.48
2024-02-16 16:25:00,212 :- 00047: 018 , 20.00 , -0.10 || 1708080900, 17.601758579616 , 78.126608449129, 0.01 , 0.01 ,25.57 , 9.89 , 0.88 , -0.33 , 359.48
2024-02-16 16:25:00,242 :- 00048: 021 , 20.00 , -0.10 || 1708080900, 17.601765008876 , 78.126608403877, 0.01 , 0.01 ,25.64 , 9.81 , 0.85 , -0.33 , 359.48
2024-02-16 16:25:00,272 :- 00049: 024 , 20.00 , -0.10 || 1708080900, 17.601765008876 , 78.126608403877, 0.01 , 0.01 ,25.64 , 9.81 , 0.86 , -0.29 , 359.49
2024-02-16 16:25:00,302 :- 00050: 027 , 20.00 , -0.10 || 1708080900, 17.601765008876 , 78.126608403877, 0.01 , 0.01 ,25.64 , 9.68 , 0.87 , -0.29 , 359.49
2024-02-16 16:25:00,332 :- 00051: 030 , 20.00 , -0.10 || 1708080900, 17.601771443748 , 78.126608390442, 0.01 , 0.01 ,25.61 , 9.99 , 0.89 , -0.27 , 359.50
2024-02-16 16:25:00,362 :- 00052: 033 , 20.00 , -0.10 || 1708080900, 17.601771443748 , 78.126608390442, 0.01 , 0.01 ,25.61 , 9.61 , 0.92 , -0.23 , 359.49
2024-02-16 16:25:00,392 :- 00053: 036 , 20.00 , -0.10 || 1708080900, 17.601771443748 , 78.126608390442, 0.01 , 0.01 ,25.61 , 9.67 , 0.96 , -0.26 , 359.49
2024-02-16 16:25:00,422 :- 00054: 039 , 20.00 , -0.10 || 1708080900, 17.601771443748 , 78.126608390442, 0.01 , 0.01 ,25.61 , 10.05 , 0.98 , -0.22 , 359.49
2024-02-16 16:25:00,452 :- 00055: 042 , 20.00 , -0.10 || 1708080900, 17.601777877181 , 78.126608380456, 0.01 , 0.01 ,25.61 , 9.97 , 1.05 , -0.22 , 359.48
2024-02-16 16:25:00,482 :- 00056: 045 , 20.00 , 00.00 || 1708080900, 17.601777877181 , 78.126608380456, 0.01 , 0.01 ,25.61 , 9.05 , 1.07 , -0.25 , 359.47
2024-02-16 16:25:00,512 :- 00057: 048 , 20.00 , 00.00 || 1708080900, 17.601777877181 , 78.126608380456, 0.01 , 0.01 ,25.61 , 9.67 , 1.09 , -0.22 , 359.47
2024-02-16 16:25:00,542 :- 00058: 051 , 20.00 , 00.00 || 1708080900, 17.601784300115 , 78.126608369169, 0.01 , 0.01 ,25.57 , 9.81 , 1.08 , -0.22 , 359.46
2024-02-16 16:25:00,572 :- 00059: 054 , 20.00 , 00.10 || 1708080900, 17.601784300115 , 78.126608369169, 0.01 , 0.01 ,25.57 , 9.96 , 1.18 , -0.26 , 359.46
2024-02-16 16:25:00,602 :- 00060: 057 , 20.00 , 00.10 || 1708080900, 17.601784300115 , 78.126608369169, 0.01 , 0.01 ,25.57 , 9.37 , 1.23 , -0.24 , 359.46
2024-02-16 16:25:00,632 :- 00061: 060 , 20.00 , 00.10 || 1708080900, 17.601790702592 , 78.126608385690, 0.01 , 0.01 ,25.50 , 9.63 , 1.25 , -0.28 , 359.45
2024-02-16 16:25:00,662 :- 00062: 063 , 20.00 , 00.10 || 1708080900, 17.601790702592 , 78.126608385690, 0.01 , 0.01 ,25.50 , 9.95 , 1.28 , -0.29 , 359.44
2024-02-16 16:25:00,691 :- 00063: 066 , 20.00 , 00.10 || 1708080900, 17.601790702592 , 78.126608385690, 0.01 , 0.01 ,25.50 , 9.26 , 1.32 , -0.32 , 359.41
2024-02-16 16:25:00,722 :- 00064: 069 , 20.00 , 00.10 || 1708080900, 17.601790702592 , 78.126608385690, 0.01 , 0.01 ,25.47 , 10.73 , 1.33 , -0.30 , 359.40
2024-02-16 16:25:00,752 :- 00065: 072 , 20.00 , 00.10 || 1708080900, 17.601797085024 , 78.126608364975, 0.01 , 0.01 ,25.47 , 10.04 , 1.40 , -0.30 , 359.37
2024-02-16 16:25:00,782 :- 00066: 075 , 20.00 , 00.10 || 1708080900, 17.601797085024 , 78.126608364975, 0.01 , 0.01 ,25.47 , 9.62 , 1.43 , -0.34 , 359.35
2024-02-16 16:25:00,812 :- 00067: 078 , 20.00 , 00.10 || 1708080900, 17.601797085024 , 78.126608364975, 0.01 , 0.01 ,25.47 , 10.46 , 1.42 , -0.33 , 359.34
2024-02-16 16:25:00,842 :- 00068: 081 , 20.00 , 00.10 || 1708080900, 17.601803475290 , 78.126608359883, 0.01 , 0.01 ,25.48 , 9.61 , 1.40 , -0.26 , 359.31
2024-02-16 16:25:00,872 :- 00069: 084 , 20.00 , 00.10 || 1708080900, 17.601803475290 , 78.126608359883, 0.01 , 0.01 ,25.48 , 9.89 , 1.37 , -0.35 , 359.29
2024-02-16 16:25:00,902 :- 00070: 087 , 20.00 , 00.10 || 1708080900, 17.601803475290 , 78.126608359883, 0.01 , 0.01 ,25.48 , 9.86 , 1.34 , -0.31 , 359.28
2024-02-16 16:25:00,932 :- 00071: 090 , 20.00 , 00.10 || 1708080900, 17.601809843548 , 78.126608268518, 0.01 , 0.01 ,25.30 , 10.16 , 1.28 , -0.32 , 359.25
2024-02-16 16:25:00,962 :- 00072: 093 , 20.00 , 00.10 || 1708080900, 17.601809843548 , 78.126608268518, 0.01 , 0.01 ,25.30 , 9.43 , 1.28 , -0.32 , 359.23
2024-02-16 16:25:00,992 :- 00073: 096 , 20.00 , 00.10 || 1708080900, 17.601809843548 , 78.126608268518, 0.01 , 0.01 ,25.30 , 10.01 , 1.22 , -0.30 , 359.21
2024-02-16 16:25:01,022 :- 00074: 099 , 20.00 , 00.10 || 1708080901, 17.601809843548 , 78.126608268518, 0.01 , 0.01 ,25.30 , 10.31 , 1.21 , -0.26 , 359.19
2024-02-16 16:25:01,052 :- 00075: 102 , 20.00 , 00.10 || 1708080901, 17.601816211784 , 78.126608170878, 0.01 , 0.01 ,25.35 , 9.03 , 1.21 , -0.29 , 359.17
2024-02-16 16:25:01,082 :- 00076: 105 , 20.00 , 00.20 || 1708080901, 17.601816211784 , 78.126608170878, 0.01 , 0.01 ,25.35 , 8.92 , 1.21 , -0.28 , 359.15
2024-02-16 16:25:01,112 :- 00077: 108 , 20.00 , 00.20 || 1708080901, 17.601816211784 , 78.126608170878, 0.01 , 0.01 ,25.35 , 10.28 , 1.16 , -0.19 , 359.13
2024-02-16 16:25:01,142 :- 00078: 111 , 20.00 , 00.20 || 1708080901, 17.601822568449 , 78.126608077728, 0.01 , 0.01 ,25.31 , 10.35 , 1.15 , -0.19 , 359.11
2024-02-16 16:25:01,172 :- 00079: 114 , 20.00 , 00.20 || 1708080901, 17.601822568449 , 78.126608077728, 0.01 , 0.01 ,25.31 , 9.49 , 1.18 , -0.15 , 359.08
2024-02-16 16:25:01,202 :- 00080: 117 , 20.00 , 00.20 || 1708080901, 17.601822568449 , 78.126608077728, 0.01 , 0.01 ,25.31 , 10.19 , 1.17 , -0.10 , 359.07
2024-02-16 16:25:01,232 :- 00081: 120 , 20.00 , 00.20 || 1708080901, 17.601828938538 , 78.126608018878, 0.01 , 0.01 ,25.36 , 10.54 , 1.18 , -0.05 , 359.06
2024-02-16 16:25:01,262 :- 00082: 123 , 20.00 , 00.20 || 1708080901, 17.601828938538 , 78.126608018878, 0.01 , 0.01 ,25.36 , 9.20 , 1.26 , -0.02 , 359.05
2024-02-16 16:25:01,292 :- 00083: 126 , 20.00 , 00.10 || 1708080901, 17.601828938538 , 78.126608018878, 0.01 , 0.01 ,25.36 , 8.85 , 1.31 , 0.06 , 359.03
2024-02-16 16:25:01,322 :- 00084: 129 , 20.00 , 00.10 || 1708080901, 17.601828938538 , 78.126608018878, 0.01 , 0.01 ,25.29 , 10.22 , 1.37 , 0.10 , 359.03
2024-02-16 16:25:01,352 :- 00085: 132 , 20.00 , 00.10 || 1708080901, 17.601835303017 , 78.126607960044, 0.01 , 0.01 ,25.29 , 9.62 , 1.47 , 0.07 , 359.01
2024-02-16 16:25:01,382 :- 00086: 135 , 20.00 , 00.20 || 1708080901, 17.601835303017 , 78.126607960044, 0.01 , 0.01 ,25.29 , 9.41 , 1.54 , 0.07 , 359.00
2024-02-16 16:25:01,412 :- 00087: 138 , 20.00 , 00.20 || 1708080901, 17.601835303017 , 78.126607960044, 0.01 , 0.01 ,25.29 , 9.27 , 1.59 , 0.05 , 358.98
2024-02-16 16:25:01,442 :- 00088: 141 , 20.00 , 00.20 || 1708080901, 17.601841621383 , 78.126607965579, 0.01 , 0.01 ,25.16 , 9.64 , 1.63 , 0.01 , 358.97
2024-02-16 16:25:01,472 :- 00089: 144 , 20.00 , 00.20 || 1708080901, 17.601841621383 , 78.126607965579, 0.01 , 0.01 ,25.16 , 9.96 , 1.62 , -0.04 , 358.94
2024-02-16 16:25:01,502 :- 00090: 147 , 20.00 , 00.20 || 1708080901, 17.601841621383 , 78.126607965579, 0.01 , 0.01 ,25.16 , 8.60 , 1.65 , -0.05 , 358.92
2024-02-16 16:25:01,532 :- 00091: 150 , 20.00 , 00.20 || 1708080901, 17.601847906045 , 78.126607873010, 0.01 , 0.01 ,25.07 , 9.57 , 1.54 , -0.10 , 358.90
2024-02-16 16:25:01,562 :- 00092: 153 , 20.00 , 00.20 || 1708080901, 17.601847906045 , 78.126607873010, 0.01 , 0.01 ,25.07 , 10.69 , 1.54 , -0.06 , 358.89
2024-02-16 16:25:01,592 :- 00093: 156 , 20.00 , 00.20 || 1708080901, 17.601847906045 , 78.126607873010, 0.01 , 0.01 ,25.07 , 9.44 , 1.57 , -0.11 , 358.86
2024-02-16 16:25:01,622 :- 00094: 159 , 20.00 , 00.20 || 1708080901, 17.601847906045 , 78.126607873010, 0.01 , 0.01 ,25.10 , 9.27 , 1.59 , -0.14 , 358.85
2024-02-16 16:25:01,652 :- 00095: 162 , 20.00 , 00.20 || 1708080901, 17.601854203358 , 78.126607737884, 0.01 , 0.01 ,25.10 , 11.13 , 1.59 , -0.02 , 358.81
2024-02-16 16:25:01,682 :- 00096: 165 , 20.00 , 00.20 || 1708080901, 17.601854203358 , 78.126607737884, 0.01 , 0.01 ,25.10 , 10.94 , 1.64 , -0.05 , 358.79
2024-02-16 16:25:01,712 :- 00097: 168 , 20.00 , 00.20 || 1708080901, 17.601854203358 , 78.126607737884, 0.01 , 0.01 ,25.10 , 9.94 , 1.69 , -0.07 , 358.77
2024-02-16 16:25:01,742 :- 00098: 171 , 20.00 , 00.20 || 1708080901, 17.601860517405 , 78.126607672772, 0.01 , 0.01 ,25.12 , 10.33 , 1.75 , 0.07 , 358.73
2024-02-16 16:25:01,772 :- 00099: 174 , 20.00 , 00.20 || 1708080901, 17.601860517405 , 78.126607672772, 0.01 , 0.01 ,25.12 , 9.83 , 1.81 , 0.10 , 358.70
2024-02-16 16:25:01,802 :- 00100: 177 , 20.00 , 00.20 || 1708080901, 17.601860517405 , 78.126607672772, 0.01 , 0.01 ,25.12 , 9.74 , 1.83 , 0.11 , 358.68
2024-02-16 16:25:01,832 :- 00101: 180 , 20.00 , 00.20 || 1708080901, 17.601866854997 , 78.126607633228, 0.01 , 0.01 ,25.15 , 9.26 , 1.86 , 0.28 , 358.66
2024-02-16 16:25:01,862 :- 00102: 183 , 20.00 , 00.20 || 1708080901, 17.601866854997 , 78.126607633228, 0.01 , 0.01 ,25.15 , 9.41 , 1.85 , 0.25 , 358.67
2024-02-16 16:25:01,892 :- 00103: 186 , 20.00 , 00.80 || 1708080901, 17.601866854997 , 78.126607633228, 0.01 , 0.01 ,25.15 , 8.82 , 1.84 , 0.23 , 358.65
2024-02-16 16:25:01,922 :- 00104: 189 , 20.00 , 00.80 || 1708080901, 17.601866854997 , 78.126607633228, 0.01 , 0.01 ,25.06 , 9.41 , 1.79 , 0.27 , 358.65
2024-02-16 16:25:01,952 :- 00105: 192 , 20.00 , 00.80 || 1708080901, 17.601873150013 , 78.126607476674, 0.01 , 0.01 ,25.06 , 9.82 , 1.75 , 0.32 , 358.63
2024-02-16 16:25:01,982 :- 00106: 195 , 20.00 , 00.40 || 1708080901, 17.601873150013 , 78.126607476674, 0.01 , 0.01 ,25.06 , 9.24 , 1.77 , 0.27 , 358.61
2024-02-16 16:25:02,012 :- 00107: 198 , 20.00 , 00.20 || 1708080901, 17.601873150013 , 78.126607476674, 0.01 , 0.01 ,25.06 , 9.63 , 1.74 , 0.24 , 358.60
2024-02-16 16:25:02,042 :- 00108: 201 , 20.00 , 00.20 || 1708080902, 17.601879414827 , 78.126607325930, 0.01 , 0.01 ,24.97 , 9.92 , 1.70 , 0.29 , 358.56
2024-02-16 16:25:02,072 :- 00109: 204 , 20.00 , 00.20 || 1708080902, 17.601879414827 , 78.126607325930, 0.01 , 0.01 ,24.97 , 9.49 , 1.72 , 0.19 , 358.52
2024-02-16 16:25:02,102 :- 00110: 207 , 20.00 , 00.20 || 1708080902, 17.601879414827 , 78.126607325930, 0.01 , 0.01 ,24.97 , 9.42 , 1.73 , 0.16 , 358.50
2024-02-16 16:25:02,132 :- 00111: 210 , 20.00 , 00.20 || 1708080902, 17.601885651659 , 78.126607173729, 0.01 , 0.01 ,24.87 , 10.24 , 1.75 , 0.18 , 358.43
2024-02-16 16:25:02,162 :- 00112: 213 , 20.00 , 00.20 || 1708080902, 17.601885651659 , 78.126607173729, 0.01 , 0.01 ,24.87 , 10.31 , 1.75 , 0.12 , 358.39
2024-02-16 16:25:02,192 :- 00113: 216 , 20.00 , 00.20 || 1708080902, 17.601885651659 , 78.126607173729, 0.01 , 0.01 ,24.87 , 9.68 , 1.80 , 0.06 , 358.30
2024-02-16 16:25:02,222 :- 00114: 219 , 20.00 , 00.20 || 1708080902, 17.601885651659 , 78.126607173729, 0.01 , 0.01 ,24.84 , 9.88 , 1.79 , 0.06 , 358.27
2024-02-16 16:25:02,252 :- 00115: 222 , 20.00 , 00.20 || 1708080902, 17.601891852377 , 78.126607111323, 0.01 , 0.01 ,24.84 , 9.89 , 1.77 , 0.02 , 358.22
2024-02-16 16:25:02,282 :- 00116: 225 , 20.00 , 00.10 || 1708080902, 17.601891852377 , 78.126607111323, 0.01 , 0.01 ,24.84 , 10.13 , 1.75 , -0.01 , 358.21
2024-02-16 16:25:02,312 :- 00117: 228 , 20.00 , 00.10 || 1708080902, 17.601891852377 , 78.126607111323, 0.01 , 0.01 ,24.84 , 9.92 , 1.71 , -0.00 , 358.20
2024-02-16 16:25:02,342 :- 00118: 231 , 20.00 , 00.10 || 1708080902, 17.601898082232 , 78.126606924750, 0.01 , 0.01 ,24.83 , 9.86 , 1.68 , -0.03 , 358.21
2024-02-16 16:25:02,372 :- 00119: 234 , 20.00 , 00.10 || 1708080902, 17.601898082232 , 78.126606924750, 0.01 , 0.01 ,24.83 , 10.14 , 1.63 , -0.08 , 358.22
2024-02-16 16:25:02,402 :- 00120: 237 , 20.00 , 00.10 || 1708080902, 17.601898082232 , 78.126606924750, 0.01 , 0.01 ,24.83 , 9.84 , 1.62 , -0.04 , 358.22
2024-02-16 16:25:02,432 :- 00121: 240 , 20.00 , 00.10 || 1708080902, 17.601904316485 , 78.126606699471, 0.01 , 0.01 ,24.87 , 10.01 , 1.58 , -0.09 , 358.22
2024-02-16 16:25:02,462 :- 00122: 243 , 20.00 , 00.10 || 1708080902, 17.601904316485 , 78.126606699471, 0.01 , 0.01 ,24.87 , 10.19 , 1.57 , -0.07 , 358.22
2024-02-16 16:25:02,492 :- 00123: 246 , 20.00 , 00.10 || 1708080902, 17.601904316485 , 78.126606699471, 0.01 , 0.01 ,24.87 , 9.94 , 1.53 , -0.07 , 358.20
2024-02-16 16:25:02,522 :- 00124: 249 , 20.00 , 00.10 || 1708080902, 17.601904316485 , 78.126606699471, 0.01 , 0.01 ,24.77 , 9.98 , 1.54 , -0.07 , 358.18
2024-02-16 16:25:02,552 :- 00125: 252 , 20.00 , 00.10 || 1708080902, 17.601910525430 , 78.126606504589, 0.01 , 0.01 ,24.77 , 9.19 , 1.52 , -0.07 , 358.17
2024-02-16 16:25:02,582 :- 00126: 255 , 20.00 , 00.10 || 1708080902, 17.601910525430 , 78.126606504589, 0.01 , 0.01 ,24.77 , 9.88 , 1.51 , -0.07 , 358.15
2024-02-16 16:25:02,611 :- 00127: 002 , 20.00 , 00.10 || 1708080902, 17.601910525430 , 78.126606504589, 0.01 , 0.01 ,24.77 , 9.88 , 1.49 , -0.06 , 358.13
2024-02-16 16:25:02,642 :- 00128: 005 , 20.00 , 00.10 || 1708080902, 17.601916728907 , 78.126606321701, 0.01 , 0.01 ,24.61 , 10.05 , 1.50 , -0.07 , 358.12
2024-02-16 16:25:02,672 :- 00129: 008 , 20.00 , 00.10 || 1708080902, 17.601916728907 , 78.126606321701, 0.01 , 0.01 ,24.61 , 10.05 , 1.51 , -0.05 , 358.12
2024-02-16 16:25:02,702 :- 00130: 011 , 20.00 , -0.10 || 1708080902, 17.601916728907 , 78.126606321701, 0.01 , 0.01 ,24.61 , 9.87 , 1.50 , -0.03 , 358.11
2024-02-16 16:25:02,732 :- 00131: 014 , 20.00 , -0.10 || 1708080902, 17.601922930862 , 78.126606135706, 0.01 , 0.01 ,24.76 , 9.30 , 1.51 , -0.05 , 358.09
2024-02-16 16:25:02,762 :- 00132: 017 , 20.00 , -0.10 || 1708080902, 17.601922930862 , 78.126606135706, 0.01 , 0.01 ,24.76 , 9.48 , 1.49 , -0.03 , 358.09
2024-02-16 16:25:02,792 :- 00133: 020 , 20.00 , -0.10 || 1708080902, 17.601922930862 , 78.126606135706, 0.01 , 0.01 ,24.76 , 9.90 , 1.48 , -0.01 , 358.08
2024-02-16 16:25:02,822 :- 00134: 023 , 20.00 , -0.10 || 1708080902, 17.601922930862 , 78.126606135706, 0.01 , 0.01 ,24.60 , 9.75 , 1.46 , -0.02 , 358.07
2024-02-16 16:25:02,852 :- 00135: 026 , 20.00 , -0.10 || 1708080902, 17.601929112986 , 78.126605939111, 0.01 , 0.01 ,24.60 , 9.81 , 1.44 , -0.02 , 358.06
2024-02-16 16:25:02,882 :- 00136: 029 , 20.00 , -0.10 || 1708080902, 17.601929112986 , 78.126605939111, 0.01 , 0.01 ,24.60 , 9.75 , 1.43 , -0.04 , 358.06
2024-02-16 16:25:02,912 :- 00137: 032 , 20.00 , -0.10 || 1708080902, 17.601929112986 , 78.126605939111, 0.01 , 0.01 ,24.60 , 10.68 , 1.37 , -0.06 , 358.07
2024-02-16 16:25:02,942 :- 00138: 035 , 20.00 , -0.10 || 1708080902, 17.601935261365 , 78.126605730539, 0.01 , 0.01 ,24.51 , 9.63 , 1.37 , -0.04 , 358.07
2024-02-16 16:25:02,972 :- 00139: 038 , 20.00 , -0.10 || 1708080902, 17.601935261365 , 78.126605730539, 0.01 , 0.01 ,24.51 , 9.53 , 1.37 , -0.09 , 358.07
2024-02-16 16:25:03,002 :- 00140: 041 , 20.00 , -0.10 || 1708080902, 17.601935261365 , 78.126605730539, 0.01 , 0.01 ,24.51 , 9.36 , 1.37 , -0.07 , 358.08
2024-02-16 16:25:03,032 :- 00141: 044 , 20.00 , -0.10 || 1708080903, 17.601941406178 , 78.126605532566, 0.01 , 0.01 ,24.49 , 9.51 , 1.36 , -0.11 , 358.08
2024-02-16 16:25:03,062 :- 00142: 047 , 20.00 , -0.10 || 1708080903, 17.601941406178 , 78.126605532566, 0.01 , 0.01 ,24.49 , 9.87 , 1.34 , -0.13 , 358.09
2024-02-16 16:25:03,092 :- 00143: 050 , 20.00 , -0.20 || 1708080903, 17.601941406178 , 78.126605532566, 0.01 , 0.01 ,24.49 , 9.60 , 1.33 , -0.16 , 358.09
2024-02-16 16:25:03,122 :- 00144: 053 , 20.00 , -0.20 || 1708080903, 17.601941406178 , 78.126605532566, 0.01 , 0.01 ,24.36 , 10.17 , 1.33 , -0.18 , 358.10
2024-02-16 16:25:03,152 :- 00145: 056 , 20.00 , -0.20 || 1708080903, 17.601947523768 , 78.126605358324, 0.01 , 0.01 ,24.36 , 10.10 , 1.29 , -0.18 , 358.10
2024-02-16 16:25:03,182 :- 00146: 059 , 20.00 , -0.20 || 1708080903, 17.601947523768 , 78.126605358324, 0.01 , 0.01 ,24.36 , 10.13 , 1.30 , -0.18 , 358.10
2024-02-16 16:25:03,212 :- 00147: 062 , 20.00 , -0.20 || 1708080903, 17.601947523768 , 78.126605358324, 0.01 , 0.01 ,24.36 , 10.33 , 1.25 , -0.20 , 358.11
2024-02-16 16:25:03,242 :- 00148: 065 , 20.00 , -0.20 || 1708080903, 17.601953628735 , 78.126605142995, 0.01 , 0.01 ,24.29 , 9.84 , 1.23 , -0.19 , 358.12
2024-02-16 16:25:03,272 :- 00149: 068 , 20.00 , -0.20 || 1708080903, 17.601953628735 , 78.126605142995, 0.01 , 0.01 ,24.29 , 9.87 , 1.19 , -0.16 , 358.12
2024-02-16 16:25:03,302 :- 00150: 071 , 20.00 , -0.20 || 1708080903, 17.601953628735 , 78.126605142995, 0.01 , 0.01 ,24.29 , 9.87 , 1.18 , -0.15 , 358.12
2024-02-16 16:25:03,332 :- 00151: 074 , 20.00 , -0.20 || 1708080903, 17.601959734753 , 78.126604942289, 0.01 , 0.01 ,24.32 , 9.71 , 1.16 , -0.14 , 358.11
2024-02-16 16:25:03,362 :- 00152: 077 , 20.00 , -0.20 || 1708080903, 17.601959734753 , 78.126604942289, 0.01 , 0.01 ,24.32 , 9.96 , 1.15 , -0.12 , 358.11
2024-02-16 16:25:03,392 :- 00153: 080 , 20.00 , -0.60 || 1708080903, 17.601959734753 , 78.126604942289, 0.01 , 0.01 ,24.32 , 9.61 , 1.13 , -0.12 , 358.10
2024-02-16 16:25:03,422 :- 00154: 083 , 20.00 , -0.80 || 1708080903, 17.601959734753 , 78.126604942289, 0.01 , 0.01 ,24.27 , 9.91 , 1.12 , -0.14 , 358.10
2024-02-16 16:25:03,452 :- 00155: 086 , 20.00 , -0.80 || 1708080903, 17.601965823079 , 78.126604750971, 0.01 , 0.01 ,24.27 , 9.74 , 1.09 , -0.11 , 358.11
2024-02-16 16:25:03,482 :- 00156: 089 , 20.00 , -0.80 || 1708080903, 17.601965823079 , 78.126604750971, 0.01 , 0.01 ,24.27 , 9.36 , 1.09 , -0.13 , 358.11
2024-02-16 16:25:03,512 :- 00157: 092 , 20.00 , -0.70 || 1708080903, 17.601965823079 , 78.126604750971, 0.01 , 0.01 ,24.27 , 9.74 , 1.06 , -0.18 , 358.12
2024-02-16 16:25:03,542 :- 00158: 095 , 20.00 , -0.70 || 1708080903, 17.601971864165 , 78.126604540861, 0.01 , 0.01 ,24.08 , 9.72 , 1.02 , -0.17 , 358.13
2024-02-16 16:25:03,572 :- 00159: 098 , 20.00 , -0.70 || 1708080903, 17.601971864165 , 78.126604540861, 0.01 , 0.01 ,24.08 , 9.83 , 0.97 , -0.22 , 358.16
2024-02-16 16:25:03,602 :- 00160: 101 , 23.60 , -0.80 || 1708080903, 17.601971864165 , 78.126604540861, 0.01 , 0.01 ,24.08 , 9.46 , 0.93 , -0.23 , 358.19
2024-02-16 16:25:03,632 :- 00161: 104 , 23.60 , -0.80 || 1708080903, 17.601977875480 , 78.126604334017, 0.01 , 0.01 ,23.96 , 10.00 , 0.86 , -0.24 , 358.25
2024-02-16 16:25:03,662 :- 00162: 107 , 23.60 , -0.80 || 1708080903, 17.601977875480 , 78.126604334017, 0.01 , 0.01 ,23.96 , 9.82 , 0.84 , -0.25 , 358.29
2024-02-16 16:25:03,692 :- 00163: 110 , 23.50 , -0.80 || 1708080903, 17.601977875480 , 78.126604334017, 0.01 , 0.01 ,23.96 , 9.68 , 0.83 , -0.30 , 358.39
2024-02-16 16:25:03,722 :- 00164: 113 , 23.50 , -0.80 || 1708080903, 17.601977875480 , 78.126604334017, 0.01 , 0.01 ,23.84 , 10.27 , 0.80 , -0.29 , 358.44
2024-02-16 16:25:03,752 :- 00165: 116 , 23.40 , -0.80 || 1708080903, 17.601983865108 , 78.126604130564, 0.01 , 0.01 ,23.84 , 10.44 , 0.75 , -0.27 , 358.53
2024-02-16 16:25:03,782 :- 00166: 119 , 23.40 , -0.70 || 1708080903, 17.601983865108 , 78.126604130564, 0.01 , 0.01 ,23.84 , 10.32 , 0.74 , -0.30 , 358.57
2024-02-16 16:25:03,812 :- 00167: 122 , 23.40 , -0.70 || 1708080903, 17.601983865108 , 78.126604130564, 0.01 , 0.01 ,23.84 , 9.61 , 0.74 , -0.28 , 358.61
2024-02-16 16:25:03,842 :- 00168: 125 , 23.30 , -0.70 || 1708080903, 17.601989851528 , 78.126603968698, 0.01 , 0.01 ,23.87 , 10.45 , 0.74 , -0.18 , 358.67
2024-02-16 16:25:03,872 :- 00169: 128 , 23.30 , -0.70 || 1708080903, 17.601989851528 , 78.126603968698, 0.01 , 0.01 ,23.87 , 10.32 , 0.78 , -0.12 , 358.73
2024-02-16 16:25:03,902 :- 00170: 131 , 23.20 , -0.70 || 1708080903, 17.601989851528 , 78.126603968698, 0.01 , 0.01 ,23.87 , 9.51 , 0.79 , -0.08 , 358.75
2024-02-16 16:25:03,932 :- 00171: 134 , 23.20 , -0.70 || 1708080903, 17.601995818232 , 78.126603866689, 0.01 , 0.01 ,23.84 , 9.66 , 0.81 , 0.05 , 358.80
2024-02-16 16:25:03,962 :- 00172: 137 , 23.00 , -0.60 || 1708080903, 17.601995818232 , 78.126603866689, 0.01 , 0.01 ,23.84 , 10.09 , 0.81 , 0.09 , 358.82
2024-02-16 16:25:03,992 :- 00173: 140 , 22.90 , -0.50 || 1708080903, 17.601995818232 , 78.126603866689, 0.01 , 0.01 ,23.84 , 9.90 , 0.84 , 0.20 , 358.87
2024-02-16 16:25:04,022 :- 00174: 143 , 22.80 , -0.50 || 1708080904, 17.601995818232 , 78.126603866689, 0.01 , 0.01 ,23.84 , 9.56 , 0.87 , 0.28 , 358.89
2024-02-16 16:25:04,052 :- 00175: 146 , 22.60 , -0.40 || 1708080904, 17.602001718165 , 78.126603817099, 0.01 , 0.01 ,23.48 , 10.04 , 0.90 , 0.43 , 358.92
2024-02-16 16:25:04,082 :- 00176: 149 , 22.50 , -0.40 || 1708080904, 17.602001718165 , 78.126603817099, 0.01 , 0.01 ,23.48 , 8.82 , 0.95 , 0.47 , 358.94
2024-02-16 16:25:04,112 :- 00177: 152 , 22.30 , -0.30 || 1708080904, 17.602001718165 , 78.126603817099, 0.01 , 0.01 ,23.48 , 9.40 , 0.97 , 0.51 , 358.95
2024-02-16 16:25:04,142 :- 00178: 155 , 22.10 , -0.30 || 1708080904, 17.602007467518 , 78.126603774847, 0.01 , 0.01 ,22.78 , 9.66 , 0.99 , 0.60 , 358.98
2024-02-16 16:25:04,172 :- 00179: 158 , 21.90 , -0.30 || 1708080904, 17.602007467518 , 78.126603774847, 0.01 , 0.01 ,22.78 , 8.86 , 0.98 , 0.60 , 359.00
2024-02-16 16:25:04,202 :- 00180: 161 , 21.70 , -0.30 || 1708080904, 17.602007467518 , 78.126603774847, 0.01 , 0.01 ,22.78 , 9.94 , 0.96 , 0.64 , 359.01
2024-02-16 16:25:04,232 :- 00181: 164 , 21.60 , -0.30 || 1708080904, 17.602012980745 , 78.126603691819, 0.01 , 0.01 ,21.76 , 9.69 , 0.94 , 0.65 , 359.02
2024-02-16 16:25:04,262 :- 00182: 167 , 21.40 , -0.30 || 1708080904, 17.602012980745 , 78.126603691819, 0.01 , 0.01 ,21.76 , 9.39 , 0.92 , 0.61 , 359.02
2024-02-16 16:25:04,292 :- 00183: 170 , 21.10 , -0.30 || 1708080904, 17.602012980745 , 78.126603691819, 0.01 , 0.01 ,21.76 , 9.90 , 0.86 , 0.63 , 359.03
2024-02-16 16:25:04,322 :- 00184: 173 , 20.90 , -0.30 || 1708080904, 17.602012980745 , 78.126603691819, 0.01 , 0.01 ,21.17 , 10.12 , 0.85 , 0.62 , 359.04
2024-02-16 16:25:04,352 :- 00185: 176 , 20.70 , -0.30 || 1708080904, 17.602018307812 , 78.126603610669, 0.01 , 0.01 ,21.17 , 9.81 , 0.81 , 0.56 , 359.05
2024-02-16 16:25:04,382 :- 00186: 179 , 20.50 , -0.30 || 1708080904, 17.602018307812 , 78.126603610669, 0.01 , 0.01 ,21.17 , 9.00 , 0.81 , 0.57 , 359.06
2024-02-16 16:25:04,412 :- 00187: 182 , 20.30 , -0.30 || 1708080904, 17.602018307812 , 78.126603610669, 0.01 , 0.01 ,21.17 , 9.89 , 0.79 , 0.58 , 359.08
2024-02-16 16:25:04,442 :- 00188: 185 , 20.10 , -0.30 || 1708080904, 17.602023428086 , 78.126603514239, 0.01 , 0.01 ,20.35 , 9.76 , 0.73 , 0.55 , 359.10
2024-02-16 16:25:04,472 :- 00189: 188 , 19.80 , -0.30 || 1708080904, 17.602023428086 , 78.126603514239, 0.01 , 0.01 ,20.35 , 9.61 , 0.69 , 0.52 , 359.12
2024-02-16 16:25:04,502 :- 00190: 191 , 19.60 , -0.30 || 1708080904, 17.602023428086 , 78.126603514239, 0.01 , 0.01 ,20.35 , 10.08 , 0.66 , 0.53 , 359.13
2024-02-16 16:25:04,531 :- 00191: 194 , 19.40 , -0.30 || 1708080904, 17.602028365095 , 78.126603428272, 0.01 , 0.01 ,19.38 , 9.70 , 0.64 , 0.47 , 359.15
2024-02-16 16:25:04,562 :- 00192: 197 , 19.20 , -0.30 || 1708080904, 17.602028365095 , 78.126603428272, 0.01 , 0.01 ,19.38 , 9.89 , 0.61 , 0.44 , 359.16
2024-02-16 16:25:04,592 :- 00193: 200 , 18.90 , -0.30 || 1708080904, 17.602028365095 , 78.126603428272, 0.01 , 0.01 ,19.38 , 10.06 , 0.57 , 0.45 , 359.17
2024-02-16 16:25:04,622 :- 00194: 203 , 18.70 , -0.30 || 1708080904, 17.602028365095 , 78.126603428272, 0.01 , 0.01 ,18.43 , 9.89 , 0.55 , 0.41 , 359.18
2024-02-16 16:25:04,652 :- 00195: 206 , 18.50 , -0.30 || 1708080904, 17.602033060897 , 78.126603334640, 0.01 , 0.01 ,18.43 , 9.84 , 0.50 , 0.39 , 359.20
2024-02-16 16:25:04,682 :- 00196: 209 , 18.30 , -0.30 || 1708080904, 17.602033060897 , 78.126603334640, 0.01 , 0.01 ,18.43 , 9.67 , 0.49 , 0.38 , 359.20
2024-02-16 16:25:04,712 :- 00197: 212 , 18.10 , -0.30 || 1708080904, 17.602033060897 , 78.126603334640, 0.01 , 0.01 ,18.43 , 9.70 , 0.49 , 0.35 , 359.21
2024-02-16 16:25:04,742 :- 00198: 215 , 17.90 , -0.30 || 1708080904, 17.602037610391 , 78.126603245733, 0.01 , 0.01 ,18.10 , 9.83 , 0.48 , 0.34 , 359.23
2024-02-16 16:25:04,772 :- 00199: 218 , 17.70 , -0.30 || 1708080904, 17.602037610391 , 78.126603245733, 0.01 , 0.01 ,18.10 , 9.83 , 0.47 , 0.30 , 359.25
2024-02-16 16:25:04,802 :- 00200: 221 , 17.50 , -0.30 || 1708080904, 17.602037610391 , 78.126603245733, 0.01 , 0.01 ,18.10 , 9.62 , 0.46 , 0.28 , 359.25
2024-02-16 16:25:04,832 :- 00201: 224 , 17.40 , -0.30 || 1708080904, 17.602042056014 , 78.126603233720, 0.01 , 0.01 ,17.42 , 9.45 , 0.44 , 0.26 , 359.27
2024-02-16 16:25:04,862 :- 00202: 227 , 17.20 , -0.30 || 1708080904, 17.602042056014 , 78.126603233720, 0.01 , 0.01 ,17.42 , 9.58 , 0.40 , 0.23 , 359.27
2024-02-16 16:25:04,892 :- 00203: 230 , 17.00 , -0.30 || 1708080904, 17.602042056014 , 78.126603233720, 0.01 , 0.01 ,17.42 , 10.15 , 0.37 , 0.19 , 359.28
2024-02-16 16:25:04,922 :- 00204: 233 , 16.80 , -0.30 || 1708080904, 17.602042056014 , 78.126603233720, 0.01 , 0.01 ,16.72 , 10.09 , 0.35 , 0.16 , 359.29
2024-02-16 16:25:04,952 :- 00205: 236 , 16.70 , -0.30 || 1708080904, 17.602046304539 , 78.126603187654, 0.01 , 0.01 ,16.72 , 9.87 , 0.33 , 0.14 , 359.31
2024-02-16 16:25:04,982 :- 00206: 239 , 16.50 , -0.30 || 1708080904, 17.602046304539 , 78.126603187654, 0.01 , 0.01 ,16.72 , 10.03 , 0.32 , 0.12 , 359.31
2024-02-16 16:25:05,012 :- 00207: 242 , 16.40 , -0.30 || 1708080904, 17.602046304539 , 78.126603187654, 0.01 , 0.01 ,16.72 , 10.04 , 0.31 , 0.12 , 359.32
2024-02-16 16:25:05,042 :- 00208: 245 , 16.20 , -0.30 || 1708080905, 17.602050436924 , 78.126603140951, 0.01 , 0.01 ,16.24 , 10.04 , 0.30 , 0.10 , 359.33
2024-02-16 16:25:05,072 :- 00209: 248 , 16.00 , -0.30 || 1708080905, 17.602050436924 , 78.126603140951, 0.01 , 0.01 ,16.24 , 10.06 , 0.28 , 0.15 , 359.34
2024-02-16 16:25:05,102 :- 00210: 251 , 15.90 , -0.20 || 1708080905, 17.602050436924 , 78.126603140951, 0.01 , 0.01 ,16.24 , 10.09 , 0.26 , 0.16 , 359.35
2024-02-16 16:25:05,132 :- 00211: 254 , 15.70 , -0.20 || 1708080905, 17.602054446035 , 78.126603105652, 0.01 , 0.01 ,15.84 , 9.80 , 0.26 , 0.19 , 359.36
2024-02-16 16:25:05,162 :- 00212: 001 , 15.60 , -0.20 || 1708080905, 17.602054446035 , 78.126603105652, 0.01 , 0.01 ,15.84 , 9.60 , 0.25 , 0.22 , 359.37
2024-02-16 16:25:05,192 :- 00213: 004 , 15.40 , -0.10 || 1708080905, 17.602054446035 , 78.126603105652, 0.01 , 0.01 ,15.84 , 9.66 , 0.26 , 0.27 , 359.37
2024-02-16 16:25:05,222 :- 00214: 007 , 15.30 , -0.10 || 1708080905, 17.602054446035 , 78.126603105652, 0.01 , 0.01 ,15.49 , 9.51 , 0.26 , 0.28 , 359.37
2024-02-16 16:25:05,252 :- 00215: 010 , 15.10 , -0.10 || 1708080905, 17.602058382062 , 78.126603094508, 0.01 , 0.01 ,15.49 , 9.63 , 0.27 , 0.30 , 359.37
2024-02-16 16:25:05,282 :- 00216: 013 , 15.00 , -0.00 || 1708080905, 17.602058382062 , 78.126603094508, 0.01 , 0.01 ,15.49 , 9.64 , 0.28 , 0.31 , 359.37
2024-02-16 16:25:05,312 :- 00217: 016 , 14.80 , -0.00 || 1708080905, 17.602058382062 , 78.126603094508, 0.01 , 0.01 ,15.49 , 9.62 , 0.28 , 0.31 , 359.37
2024-02-16 16:25:05,342 :- 00218: 019 , 14.70 , -0.00 || 1708080905, 17.602062117598 , 78.126603050761, 0.01 , 0.01 ,14.80 , 9.72 , 0.28 , 0.31 , 359.36
2024-02-16 16:25:05,372 :- 00219: 022 , 14.50 , 00.00 || 1708080905, 17.602062117598 , 78.126603050761, 0.01 , 0.01 ,14.80 , 9.90 , 0.29 , 0.30 , 359.36
2024-02-16 16:25:05,402 :- 00220: 025 , 14.30 , 00.00 || 1708080905, 17.602062117598 , 78.126603050761, 0.01 , 0.01 ,14.80 , 9.90 , 0.29 , 0.29 , 359.36
2024-02-16 16:25:05,432 :- 00221: 028 , 14.20 , 00.00 || 1708080905, 17.602065732084 , 78.126603025084, 0.01 , 0.01 ,14.20 , 10.08 , 0.30 , 0.32 , 359.35
2024-02-16 16:25:05,462 :- 00222: 031 , 14.00 , 00.00 || 1708080905, 17.602065732084 , 78.126603025084, 0.01 , 0.01 ,14.20 , 9.90 , 0.29 , 0.32 , 359.35
2024-02-16 16:25:05,492 :- 00223: 034 , 13.90 , 00.00 || 1708080905, 17.602065732084 , 78.126603025084, 0.01 , 0.01 ,14.20 , 9.84 , 0.30 , 0.34 , 359.35
2024-02-16 16:25:05,522 :- 00224: 037 , 13.70 , 00.00 || 1708080905, 17.602065732084 , 78.126603025084, 0.01 , 0.01 ,13.87 , 9.99 , 0.29 , 0.38 , 359.34
2024-02-16 16:25:05,552 :- 00225: 040 , 13.50 , 00.00 || 1708080905, 17.602069225730 , 78.126602927266, 0.01 , 0.01 ,13.87 , 9.69 , 0.29 , 0.40 , 359.34
2024-02-16 16:25:05,582 :- 00226: 043 , 13.40 , 00.00 || 1708080905, 17.602069225730 , 78.126602927266, 0.01 , 0.01 ,13.87 , 9.67 , 0.29 , 0.41 , 359.33
2024-02-16 16:25:05,612 :- 00227: 046 , 13.20 , 00.00 || 1708080905, 17.602069225730 , 78.126602927266, 0.01 , 0.01 ,13.87 , 9.55 , 0.29 , 0.42 , 359.33
2024-02-16 16:25:05,642 :- 00228: 049 , 13.10 , 00.00 || 1708080905, 17.602072564115 , 78.126602910756, 0.01 , 0.01 ,13.12 , 9.67 , 0.28 , 0.44 , 359.32
2024-02-16 16:25:05,672 :- 00229: 052 , 12.90 , 00.00 || 1708080905, 17.602072564115 , 78.126602910756, 0.01 , 0.01 ,13.12 , 9.52 , 0.27 , 0.44 , 359.31
2024-02-16 16:25:05,702 :- 00230: 055 , 12.80 , 00.00 || 1708080905, 17.602072564115 , 78.126602910756, 0.01 , 0.01 ,13.12 , 9.60 , 0.27 , 0.45 , 359.30
2024-02-16 16:25:05,732 :- 00231: 058 , 12.60 , 00.00 || 1708080905, 17.602075792444 , 78.126602919244, 0.01 , 0.01 ,12.67 , 9.63 , 0.28 , 0.43 , 359.30
2024-02-16 16:25:05,762 :- 00232: 061 , 12.50 , 00.00 || 1708080905, 17.602075792444 , 78.126602919244, 0.01 , 0.01 ,12.67 , 9.68 , 0.29 , 0.42 , 359.30
2024-02-16 16:25:05,792 :- 00233: 064 , 12.30 , 00.00 || 1708080905, 17.602075792444 , 78.126602919244, 0.01 , 0.01 ,12.67 , 9.85 , 0.32 , 0.41 , 359.30
2024-02-16 16:25:05,822 :- 00234: 067 , 12.10 , 00.00 || 1708080905, 17.602075792444 , 78.126602919244, 0.01 , 0.01 ,12.03 , 9.79 , 0.33 , 0.39 , 359.30
2024-02-16 16:25:05,852 :- 00235: 070 , 11.90 , 00.00 || 1708080905, 17.602078846853 , 78.126602914844, 0.01 , 0.01 ,12.03 , 9.88 , 0.35 , 0.38 , 359.29
2024-02-16 16:25:05,882 :- 00236: 073 , 11.80 , 00.00 || 1708080905, 17.602078846853 , 78.126602914844, 0.01 , 0.01 ,12.03 , 9.87 , 0.38 , 0.36 , 359.29
2024-02-16 16:25:05,912 :- 00237: 076 , 11.60 , 00.00 || 1708080905, 17.602078846853 , 78.126602914844, 0.01 , 0.01 ,12.03 , 9.82 , 0.41 , 0.35 , 359.29
2024-02-16 16:25:05,942 :- 00238: 079 , 11.50 , 00.00 || 1708080905, 17.602081680479 , 78.126602753937, 0.01 , 0.01 ,11.40 , 9.80 , 0.48 , 0.33 , 359.28
2024-02-16 16:25:05,972 :- 00239: 082 , 11.30 , 00.00 || 1708080905, 17.602081680479 , 78.126602753937, 0.01 , 0.01 ,11.40 , 9.92 , 0.55 , 0.32 , 359.28
2024-02-16 16:25:06,002 :- 00240: 085 , 11.10 , 00.00 || 1708080905, 17.602081680479 , 78.126602753937, 0.01 , 0.01 ,11.40 , 9.98 , 0.58 , 0.32 , 359.28
2024-02-16 16:25:06,032 :- 00241: 088 , 10.90 , 00.00 || 1708080906, 17.602081680479 , 78.126602753937, 0.01 , 0.01 ,10.92 , 9.86 , 0.59 , 0.31 , 359.28
2024-02-16 16:25:06,062 :- 00242: 091 , 10.80 , 00.00 || 1708080906, 17.602084457865 , 78.126602785624, 0.01 , 0.01 ,10.92 , 9.88 , 0.61 , 0.31 , 359.28
2024-02-16 16:25:06,092 :- 00243: 094 , 10.60 , 00.00 || 1708080906, 17.602084457865 , 78.126602785624, 0.01 , 0.01 ,10.92 , 9.80 , 0.60 , 0.31 , 359.28
2024-02-16 16:25:06,122 :- 00244: 097 , 10.40 , 00.00 || 1708080906, 17.602084457865 , 78.126602785624, 0.01 , 0.01 ,10.29 , 9.71 , 0.59 , 0.32 , 359.27
2024-02-16 16:25:06,152 :- 00245: 100 , 10.30 , 00.00 || 1708080906, 17.602087069997 , 78.126602786750, 0.01 , 0.01 ,10.29 , 9.71 , 0.56 , 0.32 , 359.27
2024-02-16 16:25:06,182 :- 00246: 103 , 10.10 , 00.00 || 1708080906, 17.602087069997 , 78.126602786750, 0.01 , 0.01 ,10.29 , 9.63 , 0.54 , 0.32 , 359.27
2024-02-16 16:25:06,212 :- 00247: 106 , 09.90 , 00.00 || 1708080906, 17.602087069997 , 78.126602786750, 0.01 , 0.01 ,10.29 , 9.74 , 0.51 , 0.33 , 359.26
2024-02-16 16:25:06,242 :- 00248: 109 , 09.80 , 00.00 || 1708080906, 17.602089565362 , 78.126602709664, 0.01 , 0.01 ,9.82 , 9.63 , 0.47 , 0.33 , 359.25
2024-02-16 16:25:06,272 :- 00249: 112 , 09.60 , 00.00 || 1708080906, 17.602089565362 , 78.126602709664, 0.01 , 0.01 ,9.82 , 9.70 , 0.43 , 0.32 , 359.24
2024-02-16 16:25:06,302 :- 00250: 115 , 09.50 , 00.00 || 1708080906, 17.602089565362 , 78.126602709664, 0.01 , 0.01 ,9.82 , 9.74 , 0.41 , 0.29 , 359.23
2024-02-16 16:25:06,332 :- 00251: 118 , 09.30 , 00.00 || 1708080906, 17.602091885642 , 78.126602651328, 0.01 , 0.01 ,8.97 , 9.71 , 0.39 , 0.24 , 359.23
2024-02-16 16:25:06,361 :- 00252: 121 , 09.10 , 00.00 || 1708080906, 17.602091885642 , 78.126602651328, 0.01 , 0.01 ,8.97 , 10.00 , 0.37 , 0.24 , 359.23
2024-02-16 16:25:06,392 :- 00253: 124 , 09.00 , 00.00 || 1708080906, 17.602091885642 , 78.126602651328, 0.01 , 0.01 ,8.97 , 10.03 , 0.34 , 0.22 , 359.23
2024-02-16 16:25:06,422 :- 00254: 127 , 08.80 , 00.00 || 1708080906, 17.602091885642 , 78.126602651328, 0.01 , 0.01 ,8.69 , 9.89 , 0.33 , 0.22 , 359.23
2024-02-16 16:25:06,451 :- 00255: 130 , 08.60 , 00.00 || 1708080906, 17.602094091549 , 78.126602604419, 0.01 , 0.01 ,8.69 , 9.84 , 0.34 , 0.27 , 359.23
2024-02-16 16:25:06,472 :- 00256: 132 , 08.50 , 00.00 || 1708080906, 17.602094091549 , 78.126602604419, 0.01 , 0.01 ,8.69 , 9.73 , 0.35 , 0.28 , 359.23
2024-02-16 16:25:06,502 :- 00257: 135 , 08.30 , 00.00 || 1708080906, 17.602094091549 , 78.126602604419, 0.01 , 0.01 ,8.69 , 9.69 , 0.37 , 0.29 , 359.23
2024-02-16 16:25:06,532 :- 00258: 138 , 08.20 , 00.00 || 1708080906, 17.602096160584 , 78.126602585783, 0.01 , 0.01 ,8.09 , 9.86 , 0.41 , 0.34 , 359.23
2024-02-16 16:25:06,562 :- 00259: 141 , 08.00 , 00.00 || 1708080906, 17.602096160584 , 78.126602585783, 0.01 , 0.01 ,8.09 , 9.81 , 0.43 , 0.35 , 359.22
2024-02-16 16:25:06,592 :- 00260: 144 , 07.80 , 00.00 || 1708080906, 17.602096160584 , 78.126602585783, 0.01 , 0.01 ,8.09 , 9.96 , 0.47 , 0.37 , 359.21
2024-02-16 16:25:06,622 :- 00261: 147 , 07.60 , 00.00 || 1708080906, 17.602096160584 , 78.126602585783, 0.01 , 0.01 ,7.59 , 9.80 , 0.50 , 0.38 , 359.21
2024-02-16 16:25:06,652 :- 00262: 150 , 07.50 , 00.00 || 1708080906, 17.602098091240 , 78.126602619404, 0.01 , 0.01 ,7.59 , 9.76 , 0.54 , 0.39 , 359.19
2024-02-16 16:25:06,682 :- 00263: 153 , 07.30 , 00.00 || 1708080906, 17.602098091240 , 78.126602619404, 0.01 , 0.01 ,7.59 , 9.72 , 0.56 , 0.40 , 359.19
2024-02-16 16:25:06,712 :- 00264: 156 , 07.20 , 00.00 || 1708080906, 17.602098091240 , 78.126602619404, 0.01 , 0.01 ,7.59 , 9.69 , 0.57 , 0.38 , 359.18
2024-02-16 16:25:06,742 :- 00265: 159 , 07.00 , 00.00 || 1708080906, 17.602099867150 , 78.126602629283, 0.01 , 0.01 ,6.95 , 9.80 , 0.59 , 0.36 , 359.18
2024-02-16 16:25:06,772 :- 00266: 162 , 06.90 , 00.00 || 1708080906, 17.602099867150 , 78.126602629283, 0.01 , 0.01 ,6.95 , 9.85 , 0.60 , 0.36 , 359.18
2024-02-16 16:25:06,802 :- 00267: 165 , 06.70 , 00.00 || 1708080906, 17.602099867150 , 78.126602629283, 0.01 , 0.01 ,6.95 , 9.90 , 0.60 , 0.34 , 359.18
2024-02-16 16:25:06,832 :- 00268: 168 , 06.60 , 00.00 || 1708080906, 17.602101488394 , 78.126602612652, 0.01 , 0.01 ,6.33 , 9.82 , 0.62 , 0.33 , 359.19
2024-02-16 16:25:06,862 :- 00269: 171 , 06.40 , 00.00 || 1708080906, 17.602101488394 , 78.126602612652, 0.01 , 0.01 ,6.33 , 9.81 , 0.62 , 0.32 , 359.19
2024-02-16 16:25:06,892 :- 00270: 174 , 06.30 , 00.00 || 1708080906, 17.602101488394 , 78.126602612652, 0.01 , 0.01 ,6.33 , 9.85 , 0.63 , 0.32 , 359.18
2024-02-16 16:25:06,922 :- 00271: 177 , 06.10 , 00.00 || 1708080906, 17.602101488394 , 78.126602612652, 0.01 , 0.01 ,6.05 , 9.86 , 0.63 , 0.33 , 359.17
2024-02-16 16:25:06,952 :- 00272: 180 , 06.00 , 00.00 || 1708080906, 17.602103007955 , 78.126602594035, 0.01 , 0.01 ,6.05 , 9.78 , 0.63 , 0.33 , 359.16
2024-02-16 16:25:06,982 :- 00273: 183 , 05.80 , 00.00 || 1708080906, 17.602103007955 , 78.126602594035, 0.01 , 0.01 ,6.05 , 9.68 , 0.63 , 0.34 , 359.15
2024-02-16 16:25:07,012 :- 00274: 186 , 05.70 , 00.00 || 1708080906, 17.602103007955 , 78.126602594035, 0.01 , 0.01 ,6.05 , 9.83 , 0.62 , 0.36 , 359.14
2024-02-16 16:25:07,042 :- 00275: 189 , 05.60 , 00.00 || 1708080907, 17.602104400005 , 78.126602577987, 0.01 , 0.01 ,5.38 , 9.68 , 0.62 , 0.36 , 359.13
2024-02-16 16:25:07,072 :- 00276: 192 , 05.40 , 00.00 || 1708080907, 17.602104400005 , 78.126602577987, 0.01 , 0.01 ,5.38 , 9.78 , 0.62 , 0.37 , 359.13
2024-02-16 16:25:07,102 :- 00277: 195 , 05.30 , 00.00 || 1708080907, 17.602104400005 , 78.126602577987, 0.01 , 0.01 ,5.38 , 9.85 , 0.62 , 0.38 , 359.13
2024-02-16 16:25:07,132 :- 00278: 198 , 05.10 , 00.00 || 1708080907, 17.602105675126 , 78.126602556902, 0.01 , 0.01 ,4.94 , 9.75 , 0.63 , 0.36 , 359.14
2024-02-16 16:25:07,162 :- 00279: 201 , 05.00 , 00.00 || 1708080907, 17.602105675126 , 78.126602556902, 0.01 , 0.01 ,4.94 , 9.80 , 0.63 , 0.35 , 359.14
2024-02-16 16:25:07,192 :- 00280: 204 , 04.90 , 00.00 || 1708080907, 17.602105675126 , 78.126602556902, 0.01 , 0.01 ,4.94 , 9.60 , 0.64 , 0.31 , 359.14
2024-02-16 16:25:07,222 :- 00281: 207 , 04.80 , 00.00 || 1708080907, 17.602105675126 , 78.126602556902, 0.01 , 0.01 ,4.55 , 9.44 , 0.65 , 0.27 , 359.15
2024-02-16 16:25:07,252 :- 00282: 210 , 04.70 , 00.00 || 1708080907, 17.602106841161 , 78.126602562893, 0.01 , 0.01 ,4.55 , 9.56 , 0.64 , 0.23 , 359.15
2024-02-16 16:25:07,282 :- 00283: 213 , 04.60 , 00.00 || 1708080907, 17.602106841161 , 78.126602562893, 0.01 , 0.01 ,4.55 , 9.64 , 0.65 , 0.18 , 359.15
2024-02-16 16:25:07,312 :- 00284: 216 , 04.50 , 00.00 || 1708080907, 17.602106841161 , 78.126602562893, 0.01 , 0.01 ,4.55 , 9.53 , 0.64 , 0.11 , 359.15
2024-02-16 16:25:07,342 :- 00285: 219 , 04.50 , 00.00 || 1708080907, 17.602107933103 , 78.126602530234, 0.01 , 0.01 ,4.32 , 9.73 , 0.62 , 0.13 , 359.15
2024-02-16 16:25:07,372 :- 00286: 222 , 04.40 , 00.00 || 1708080907, 17.602107933103 , 78.126602530234, 0.01 , 0.01 ,4.32 , 10.34 , 0.57 , 0.15 , 359.15
2024-02-16 16:25:07,401 :- 00287: 225 , 04.30 , 00.00 || 1708080907, 17.602107933103 , 78.126602530234, 0.01 , 0.01 ,4.32 , 10.00 , 0.57 , 0.01 , 359.15
2024-02-16 16:25:07,432 :- 00288: 228 , 04.20 , 00.00 || 1708080907, 17.602108916391 , 78.126602495711, 0.01 , 0.01 ,3.71 , 9.38 , 0.56 , -0.32 , 359.15
2024-02-16 16:25:07,461 :- 00289: 231 , 04.10 , 00.00 || 1708080907, 17.602108916391 , 78.126602495711, 0.01 , 0.01 ,3.71 , 9.99 , 0.54 , -0.47 , 359.16
2024-02-16 16:25:07,492 :- 00290: 234 , 04.00 , 00.00 || 1708080907, 17.602108916391 , 78.126602495711, 0.01 , 0.01 ,3.71 , 9.80 , 0.53 , -0.85 , 359.16
2024-02-16 16:25:07,522 :- 00291: 237 , 04.00 , 00.00 || 1708080907, 17.602108916391 , 78.126602495711, 0.01 , 0.01 ,2.86 , 9.70 , 0.53 , -1.09 , 359.16
2024-02-16 16:25:07,551 :- 00292: 240 , 04.00 , 00.00 || 1708080907, 17.602109667122 , 78.126602477037, 0.01 , 0.01 ,2.86 , 9.98 , 0.51 , -1.32 , 359.16
2024-02-16 16:25:07,582 :- 00293: 243 , 03.90 , 00.00 || 1708080907, 17.602109667122 , 78.126602477037, 0.01 , 0.01 ,2.86 , 10.22 , 0.50 , -1.45 , 359.16
2024-02-16 16:25:07,611 :- 00294: 246 , 03.90 , 00.00 || 1708080907, 17.602109667122 , 78.126602477037, 0.01 , 0.01 ,2.86 , 9.81 , 0.50 , -1.59 , 359.17
2024-02-16 16:25:07,642 :- 00295: 249 , 03.90 , 00.00 || 1708080907, 17.602110477372 , 78.126602458957, 0.01 , 0.01 ,3.46 , 9.87 , 0.51 , -1.69 , 359.16
2024-02-16 16:25:07,672 :- 00296: 252 , 03.90 , 00.00 || 1708080907, 17.602110477372 , 78.126602458957, 0.01 , 0.01 ,3.46 , 10.24 , 0.51 , -1.65 , 359.17
2024-02-16 16:25:07,702 :- 00297: 255 , 03.80 , 00.00 || 1708080907, 17.602110477372 , 78.126602458957, 0.01 , 0.01 ,3.46 , 10.19 , 0.53 , -1.56 , 359.17
2024-02-16 16:25:07,731 :- 00298: 002 , 03.80 , 00.00 || 1708080907, 17.602111524405 , 78.126602455899, 0.01 , 0.01 ,4.46 , 10.17 , 0.55 , -1.27 , 359.17
2024-02-16 16:25:07,761 :- 00299: 005 , 03.80 , 00.00 || 1708080907, 17.602111524405 , 78.126602455899, 0.01 , 0.01 ,4.46 , 10.58 , 0.54 , -1.01 , 359.17
2024-02-16 16:25:07,792 :- 00300: 008 , 03.70 , 00.00 || 1708080907, 17.602111524405 , 78.126602455899, 0.01 , 0.01 ,4.46 , 10.02 , 0.55 , -0.65 , 359.17
2024-02-16 16:25:07,822 :- 00301: 011 , 03.70 , 00.00 || 1708080907, 17.602111524405 , 78.126602455899, 0.01 , 0.01 ,5.07 , 9.63 , 0.56 , -0.44 , 359.17
2024-02-16 16:25:07,852 :- 00302: 014 , 03.60 , 00.00 || 1708080907, 17.602112855826 , 78.126602568281, 0.01 , 0.01 ,5.07 , 9.88 , 0.55 , 0.03 , 359.16
2024-02-16 16:25:07,882 :- 00303: 017 , 03.60 , 00.00 || 1708080907, 17.602112855826 , 78.126602568281, 0.01 , 0.01 ,5.07 , 9.38 , 0.56 , 0.18 , 359.15
2024-02-16 16:25:07,911 :- 00304: 020 , 03.60 , 00.00 || 1708080907, 17.602112855826 , 78.126602568281, 0.01 , 0.01 ,5.07 , 9.01 , 0.57 , 0.30 , 359.15
2024-02-16 16:25:07,942 :- 00305: 023 , 03.70 , 00.00 || 1708080907, 17.602114060739 , 78.126602552210, 0.01 , 0.01 ,4.71 , 8.95 , 0.57 , 0.54 , 359.13
2024-02-16 16:25:07,971 :- 00306: 026 , 03.70 , 00.00 || 1708080907, 17.602114060739 , 78.126602552210, 0.01 , 0.01 ,4.71 , 8.92 , 0.57 , 0.55 , 359.12
2024-02-16 16:25:08,002 :- 00307: 029 , 03.80 , 00.00 || 1708080907, 17.602114060739 , 78.126602552210, 0.01 , 0.01 ,4.71 , 8.83 , 0.58 , 0.48 , 359.12
2024-02-16 16:25:08,032 :- 00308: 032 , 03.90 , 00.00 || 1708080908, 17.602114060739 , 78.126602552210, 0.01 , 0.01 ,3.89 , 9.34 , 0.57 , 0.40 , 359.12
2024-02-16 16:25:08,061 :- 00309: 035 , 04.00 , 00.00 || 1708080908, 17.602115087138 , 78.126602553811, 0.01 , 0.01 ,3.89 , 9.81 , 0.57 , 0.17 , 359.12
2024-02-16 16:25:08,092 :- 00310: 038 , 04.10 , 00.00 || 1708080908, 17.602115087138 , 78.126602553811, 0.01 , 0.01 ,3.89 , 10.16 , 0.58 , -0.14 , 359.13
2024-02-16 16:25:08,121 :- 00311: 041 , 04.20 , 00.00 || 1708080908, 17.602115087138 , 78.126602553811, 0.01 , 0.01 ,3.65 , 10.54 , 0.59 , -0.28 , 359.13
2024-02-16 16:25:08,152 :- 00312: 044 , 04.20 , 00.00 || 1708080908, 17.602115987110 , 78.126602548228, 0.01 , 0.01 ,3.65 , 10.62 , 0.61 , -0.50 , 359.14
2024-02-16 16:25:08,181 :- 00313: 047 , 04.20 , 00.00 || 1708080908, 17.602115987110 , 78.126602548228, 0.01 , 0.01 ,3.65 , 10.53 , 0.62 , -0.59 , 359.15
2024-02-16 16:25:08,212 :- 00314: 050 , 04.30 , 00.00 || 1708080908, 17.602115987110 , 78.126602548228, 0.01 , 0.01 ,3.65 , 10.41 , 0.62 , -0.66 , 359.15
2024-02-16 16:25:08,241 :- 00315: 053 , 04.30 , 00.00 || 1708080908, 17.602116967149 , 78.126602542631, 0.01 , 0.01 ,4.04 , 10.09 , 0.64 , -0.74 , 359.15
2024-02-16 16:25:08,271 :- 00316: 056 , 04.30 , 00.00 || 1708080908, 17.602116967149 , 78.126602542631, 0.01 , 0.01 ,4.04 , 10.17 , 0.65 , -0.74 , 359.14
2024-02-16 16:25:08,301 :- 00317: 059 , 04.30 , 00.00 || 1708080908, 17.602116967149 , 78.126602542631, 0.01 , 0.01 ,4.04 , 10.06 , 0.66 , -0.71 , 359.14
2024-02-16 16:25:08,332 :- 00318: 062 , 04.30 , 00.00 || 1708080908, 17.602118069582 , 78.126602542063, 0.01 , 0.01 ,4.53 , 9.81 , 0.67 , -0.63 , 359.13
2024-02-16 16:25:08,361 :- 00319: 065 , 04.20 , 00.00 || 1708080908, 17.602118069582 , 78.126602542063, 0.01 , 0.01 ,4.53 , 9.63 , 0.66 , -0.57 , 359.13
2024-02-16 16:25:08,391 :- 00320: 068 , 04.20 , 00.00 || 1708080908, 17.602118069582 , 78.126602542063, 0.01 , 0.01 ,4.53 , 9.46 , 0.65 , -0.45 , 359.12
2024-02-16 16:25:08,421 :- 00321: 071 , 04.20 , 00.00 || 1708080908, 17.602118069582 , 78.126602542063, 0.01 , 0.01 ,4.62 , 9.33 , 0.65 , -0.39 , 359.12
2024-02-16 16:25:08,452 :- 00322: 074 , 04.20 , 00.00 || 1708080908, 17.602119221672 , 78.126602517601, 0.01 , 0.01 ,4.62 , 9.32 , 0.63 , -0.28 , 359.13
2024-02-16 16:25:08,481 :- 00323: 077 , 04.20 , 00.00 || 1708080908, 17.602119221672 , 78.126602517601, 0.01 , 0.01 ,4.62 , 9.41 , 0.63 , -0.23 , 359.13
2024-02-16 16:25:08,511 :- 00324: 080 , 04.20 , 00.00 || 1708080908, 17.602119221672 , 78.126602517601, 0.01 , 0.01 ,4.62 , 9.49 , 0.62 , -0.19 , 359.13
2024-02-16 16:25:08,542 :- 00325: 083 , 04.20 , 00.00 || 1708080908, 17.602120367218 , 78.126602484556, 0.01 , 0.01 ,4.49 , 9.48 , 0.62 , -0.14 , 359.13
2024-02-16 16:25:08,571 :- 00326: 086 , 04.20 , 00.00 || 1708080908, 17.602120367218 , 78.126602484556, 0.01 , 0.01 ,4.49 , 9.65 , 0.60 , -0.13 , 359.13
2024-02-16 16:25:08,601 :- 00327: 089 , 04.20 , 00.00 || 1708080908, 17.602120367218 , 78.126602484556, 0.01 , 0.01 ,4.49 , 9.81 , 0.60 , -0.13 , 359.13
2024-02-16 16:25:08,632 :- 00328: 092 , 04.20 , 00.00 || 1708080908, 17.602121485743 , 78.126602472951, 0.01 , 0.01 ,4.44 , 9.89 , 0.58 , -0.16 , 359.13
2024-02-16 16:25:08,661 :- 00329: 095 , 04.20 , 00.00 || 1708080908, 17.602121485743 , 78.126602472951, 0.01 , 0.01 ,4.44 , 10.02 , 0.58 , -0.18 , 359.13
2024-02-16 16:25:08,691 :- 00330: 098 , 04.30 , 00.00 || 1708080908, 17.602121485743 , 78.126602472951, 0.01 , 0.01 ,4.44 , 10.11 , 0.56 , -0.23 , 359.13
2024-02-16 16:25:08,721 :- 00331: 101 , 04.30 , 00.00 || 1708080908, 17.602121485743 , 78.126602472951, 0.01 , 0.01 ,4.56 , 10.19 , 0.55 , -0.26 , 359.13
2024-02-16 16:25:08,751 :- 00332: 104 , 04.40 , 00.00 || 1708080908, 17.602122604771 , 78.126602455230, 0.01 , 0.01 ,4.56 , 10.17 , 0.53 , -0.31 , 359.12
2024-02-16 16:25:08,781 :- 00333: 107 , 04.40 , 00.00 || 1708080908, 17.602122604771 , 78.126602455230, 0.01 , 0.01 ,4.56 , 10.04 , 0.53 , -0.34 , 359.12
2024-02-16 16:25:08,811 :- 00334: 110 , 04.50 , 00.00 || 1708080908, 17.602122604771 , 78.126602455230, 0.01 , 0.01 ,4.56 , 9.93 , 0.52 , -0.40 , 359.12
2024-02-16 16:25:08,841 :- 00335: 113 , 04.50 , 00.00 || 1708080908, 17.602123745292 , 78.126602415673, 0.01 , 0.01 ,4.65 , 9.70 , 0.51 , -0.42 , 359.12
2024-02-16 16:25:08,871 :- 00336: 116 , 04.60 , 00.00 || 1708080908, 17.602123745292 , 78.126602415673, 0.01 , 0.01 ,4.65 , 9.69 , 0.50 , -0.48 , 359.12
2024-02-16 16:25:08,901 :- 00337: 119 , 04.70 , 00.00 || 1708080908, 17.602123745292 , 78.126602415673, 0.01 , 0.01 ,4.65 , 9.63 , 0.50 , -0.51 , 359.12
2024-02-16 16:25:08,932 :- 00338: 122 , 04.70 , 00.00 || 1708080908, 17.602124931818 , 78.126602388012, 0.01 , 0.01 ,4.75 , 9.66 , 0.50 , -0.56 , 359.12
2024-02-16 16:25:08,961 :- 00339: 125 , 04.80 , 00.00 || 1708080908, 17.602124931818 , 78.126602388012, 0.01 , 0.01 ,4.75 , 9.64 , 0.50 , -0.58 , 359.12
2024-02-16 16:25:08,991 :- 00340: 128 , 04.80 , 00.00 || 1708080908, 17.602124931818 , 78.126602388012, 0.01 , 0.01 ,4.75 , 9.73 , 0.50 , -0.63 , 359.12
2024-02-16 16:25:09,022 :- 00341: 131 , 04.90 , -0.00 || 1708080909, 17.602124931818 , 78.126602388012, 0.01 , 0.01 ,4.75 , 9.81 , 0.51 , -0.64 , 359.13
2024-02-16 16:25:09,051 :- 00342: 134 , 05.00 , -0.00 || 1708080909, 17.602126193821 , 78.126602391110, 0.01 , 0.01 ,5.08 , 9.76 , 0.51 , -0.66 , 359.13
2024-02-16 16:25:09,081 :- 00343: 137 , 05.00 , -0.00 || 1708080909, 17.602126193821 , 78.126602391110, 0.01 , 0.01 ,5.08 , 9.76 , 0.51 , -0.69 , 359.13
2024-02-16 16:25:09,112 :- 00344: 140 , 05.10 , -0.00 || 1708080909, 17.602126193821 , 78.126602391110, 0.01 , 0.01 ,5.08 , 9.88 , 0.52 , -0.71 , 359.13
2024-02-16 16:25:09,141 :- 00345: 143 , 05.20 , -0.00 || 1708080909, 17.602127537052 , 78.126602361646, 0.01 , 0.01 ,5.42 , 9.81 , 0.52 , -0.72 , 359.13
2024-02-16 16:25:09,171 :- 00346: 146 , 05.20 , -0.10 || 1708080909, 17.602127537052 , 78.126602361646, 0.01 , 0.01 ,5.42 , 9.86 , 0.53 , -0.72 , 359.12
2024-02-16 16:25:09,201 :- 00347: 149 , 05.30 , -0.10 || 1708080909, 17.602127537052 , 78.126602361646, 0.01 , 0.01 ,5.42 , 9.94 , 0.53 , -0.73 , 359.12
2024-02-16 16:25:09,232 :- 00348: 152 , 05.40 , -0.10 || 1708080909, 17.602128962037 , 78.126602355707, 0.01 , 0.01 ,5.81 , 9.92 , 0.53 , -0.73 , 359.12
2024-02-16 16:25:09,261 :- 00349: 155 , 05.50 , -0.10 || 1708080909, 17.602128962037 , 78.126602355707, 0.01 , 0.01 ,5.81 , 9.86 , 0.53 , -0.73 , 359.12
2024-02-16 16:25:09,292 :- 00350: 158 , 05.60 , -0.10 || 1708080909, 17.602128962037 , 78.126602355707, 0.01 , 0.01 ,5.81 , 9.91 , 0.53 , -0.73 , 359.13
2024-02-16 16:25:09,321 :- 00351: 161 , 05.70 , -0.10 || 1708080909, 17.602128962037 , 78.126602355707, 0.01 , 0.01 ,6.18 , 11.33 , 0.50 , -0.63 , 359.13
2024-02-16 16:25:09,351 :- 00352: 164 , 05.40 , -0.10 || 1708080909, 17.602130487747 , 78.126602337421, 0.01 , 0.01 ,6.18 , 15.56 , 0.49 , -0.22 , 359.15
2024-02-16 16:25:09,381 :- 00353: 167 , 05.50 , -0.10 || 1708080909, 17.602130487747 , 78.126602337421, 0.01 , 0.01 ,6.18 , 14.95 , 0.51 , -0.20 , 359.15
2024-02-16 16:25:09,411 :- 00354: 170 , 05.70 , -0.10 || 1708080909, 17.602130487747 , 78.126602337421, 0.01 , 0.01 ,6.18 , 13.19 , 0.59 , -0.07 , 359.14
2024-02-16 16:25:09,442 :- 00355: 173 , 05.80 , -0.10 || 1708080909, 17.602132129359 , 78.126602317823, 0.01 , 0.01 ,6.63 , 9.07 , 0.62 , 0.13 , 359.13
2024-02-16 16:25:09,471 :- 00356: 176 , 06.10 , -0.10 || 1708080909, 17.602132129359 , 78.126602317823, 0.01 , 0.01 ,6.63 , 6.62 , 0.61 , 0.36 , 359.12
2024-02-16 16:25:09,502 :- 00357: 179 , 06.40 , -0.20 || 1708080909, 17.602132129359 , 78.126602317823, 0.01 , 0.01 ,6.63 , 5.64 , 0.63 , 0.53 , 359.11
2024-02-16 16:25:09,531 :- 00358: 182 , 06.90 , -0.20 || 1708080909, 17.602133952435 , 78.126602321405, 0.01 , 0.01 ,7.29 , 3.50 , 0.67 , 0.43 , 359.09
2024-02-16 16:25:09,561 :- 00359: 185 , 07.50 , -0.20 || 1708080909, 17.602133952435 , 78.126602321405, 0.01 , 0.01 ,7.29 , 1.07 , 0.70 , 0.30 , 359.08
2024-02-16 16:25:09,592 :- 00360: 188 , 07.60 , -0.20 || 1708080909, 17.602133952435 , 78.126602321405, 0.01 , 0.01 ,7.29 , 3.36 , 0.62 , 0.08 , 359.09
2024-02-16 16:25:09,621 :- 00361: 191 , 07.20 , -0.20 || 1708080909, 17.602133952435 , 78.126602321405, 0.01 , 0.01 ,6.43 , 11.64 , 0.55 , 0.04 , 359.10
2024-02-16 16:25:09,651 :- 00362: 194 , 07.10 , -0.20 || 1708080909, 17.602135620975 , 78.126602300377, 0.01 , 0.01 ,6.43 , 8.43 , 0.57 , -0.52 , 359.10
2024-02-16 16:25:09,681 :- 00363: 197 , 07.00 , -0.20 || 1708080909, 17.602135620975 , 78.126602300377, 0.01 , 0.01 ,6.43 , 8.69 , 0.61 , -0.67 , 359.10
2024-02-16 16:25:09,711 :- 00364: 200 , 07.00 , -0.20 || 1708080909, 17.602135620975 , 78.126602300377, 0.01 , 0.01 ,6.43 , 10.30 , 0.57 , -1.05 , 359.11
2024-02-16 16:25:09,742 :- 00365: 203 , 07.00 , -0.20 || 1708080909, 17.602137195430 , 78.126602207382, 0.01 , 0.01 ,6.78 , 11.33 , 0.55 , -1.16 , 359.12
2024-02-16 16:25:09,771 :- 00366: 206 , 07.10 , -0.20 || 1708080909, 17.602137195430 , 78.126602207382, 0.01 , 0.01 ,6.78 , 13.31 , 0.56 , -1.46 , 359.14
2024-02-16 16:25:09,802 :- 00367: 209 , 07.20 , -0.30 || 1708080909, 17.602137195430 , 78.126602207382, 0.01 , 0.01 ,6.78 , 13.32 , 0.56 , -1.50 , 359.14
2024-02-16 16:25:09,832 :- 00368: 212 , 07.40 , -0.30 || 1708080909, 17.602139102267 , 78.126602180747, 0.01 , 0.01 ,7.91 , 15.11 , 0.59 , -1.47 , 359.15
2024-02-16 16:25:09,861 :- 00369: 215 , 07.60 , -0.30 || 1708080909, 17.602139102267 , 78.126602180747, 0.01 , 0.01 ,7.91 , 15.63 , 0.59 , -1.39 , 359.15
2024-02-16 16:25:09,892 :- 00370: 218 , 07.70 , -0.30 || 1708080909, 17.602139102267 , 78.126602180747, 0.01 , 0.01 ,7.91 , 13.48 , 0.61 , -1.15 , 359.15
2024-02-16 16:25:09,921 :- 00371: 221 , 07.90 , -0.30 || 1708080909, 17.602139102267 , 78.126602180747, 0.01 , 0.01 ,9.07 , 11.53 , 0.61 , -1.03 , 359.15
2024-02-16 16:25:09,951 :- 00372: 224 , 08.10 , -0.30 || 1708080909, 17.602141314401 , 78.126602185353, 0.01 , 0.01 ,9.07 , 9.29 , 0.59 , -0.78 , 359.15
2024-02-16 16:25:09,981 :- 00373: 227 , 08.30 , -0.30 || 1708080909, 17.602141314401 , 78.126602185353, 0.01 , 0.01 ,9.07 , 8.89 , 0.58 , -0.63 , 359.15
2024-02-16 16:25:10,011 :- 00374: 230 , 08.50 , -0.30 || 1708080909, 17.602141314401 , 78.126602185353, 0.01 , 0.01 ,9.07 , 8.51 , 0.58 , -0.48 , 359.15
2024-02-16 16:25:10,041 :- 00375: 233 , 08.70 , -0.30 || 1708080910, 17.602143698316 , 78.126602141377, 0.01 , 0.01 ,9.48 , 7.64 , 0.59 , -0.32 , 359.15
2024-02-16 16:25:10,071 :- 00376: 236 , 08.80 , -0.30 || 1708080910, 17.602143698316 , 78.126602141377, 0.01 , 0.01 ,9.48 , 7.37 , 0.61 , -0.23 , 359.16
2024-02-16 16:25:10,101 :- 00377: 239 , 08.90 , -0.30 || 1708080910, 17.602143698316 , 78.126602141377, 0.01 , 0.01 ,9.48 , 7.45 , 0.61 , -0.21 , 359.16
2024-02-16 16:25:10,131 :- 00378: 242 , 09.00 , -0.30 || 1708080910, 17.602146039127 , 78.126602106112, 0.01 , 0.01 ,9.27 , 7.53 , 0.61 , -0.25 , 359.17
2024-02-16 16:25:10,161 :- 00379: 245 , 09.10 , -0.30 || 1708080910, 17.602146039127 , 78.126602106112, 0.01 , 0.01 ,9.27 , 7.73 , 0.61 , -0.30 , 359.17
2024-02-16 16:25:10,191 :- 00380: 248 , 09.10 , -0.30 || 1708080910, 17.602146039127 , 78.126602106112, 0.01 , 0.01 ,9.27 , 8.28 , 0.61 , -0.42 , 359.17
2024-02-16 16:25:10,222 :- 00381: 251 , 09.10 , -0.30 || 1708080910, 17.602146039127 , 78.126602106112, 0.01 , 0.01 ,9.22 , 8.82 , 0.62 , -0.51 , 359.18
2024-02-16 16:25:10,251 :- 00382: 254 , 09.20 , -0.30 || 1708080910, 17.602148343135 , 78.126602103947, 0.01 , 0.01 ,9.22 , 9.38 , 0.64 , -0.66 , 359.19
2024-02-16 16:25:10,281 :- 00383: 001 , 09.20 , -0.30 || 1708080910, 17.602148343135 , 78.126602103947, 0.01 , 0.01 ,9.22 , 10.30 , 0.65 , -0.73 , 359.19
2024-02-16 16:25:10,311 :- 00384: 004 , 09.30 , -0.30 || 1708080910, 17.602148343135 , 78.126602103947, 0.01 , 0.01 ,9.22 , 10.67 , 0.65 , -0.81 , 359.20
2024-02-16 16:25:10,341 :- 00385: 007 , 09.40 , -0.30 || 1708080910, 17.602150735378 , 78.126602087186, 0.01 , 0.01 ,9.61 , 10.97 , 0.66 , -0.92 , 359.21
2024-02-16 16:25:10,371 :- 00386: 010 , 09.50 , -0.30 || 1708080910, 17.602150735378 , 78.126602087186, 0.01 , 0.01 ,9.61 , 11.45 , 0.65 , -0.97 , 359.22
2024-02-16 16:25:10,401 :- 00387: 013 , 09.60 , -0.30 || 1708080910, 17.602150735378 , 78.126602087186, 0.01 , 0.01 ,9.61 , 11.55 , 0.64 , -0.97 , 359.23
2024-02-16 16:25:10,431 :- 00388: 016 , 09.80 , -0.30 || 1708080910, 17.602153283115 , 78.126602069437, 0.01 , 0.01 ,10.37 , 11.52 , 0.65 , -0.93 , 359.24
2024-02-16 16:25:10,461 :- 00389: 019 , 09.90 , -0.30 || 1708080910, 17.602153283115 , 78.126602069437, 0.01 , 0.01 ,10.37 , 10.95 , 0.66 , -0.90 , 359.24
2024-02-16 16:25:10,491 :- 00390: 022 , 10.00 , -0.30 || 1708080910, 17.602153283115 , 78.126602069437, 0.01 , 0.01 ,10.37 , 10.35 , 0.68 , -0.81 , 359.25
2024-02-16 16:25:10,521 :- 00391: 025 , 10.10 , -0.30 || 1708080910, 17.602153283115 , 78.126602069437, 0.01 , 0.01 ,10.98 , 10.30 , 0.69 , -0.76 , 359.25
2024-02-16 16:25:10,552 :- 00392: 028 , 10.30 , -0.30 || 1708080910, 17.602155988180 , 78.126602046200, 0.01 , 0.01 ,10.98 , 10.32 , 0.70 , -0.65 , 359.26
2024-02-16 16:25:10,581 :- 00393: 031 , 10.40 , -0.30 || 1708080910, 17.602155988180 , 78.126602046200, 0.01 , 0.01 ,10.98 , 9.19 , 0.70 , -0.65 , 359.27
2024-02-16 16:25:10,611 :- 00394: 034 , 10.60 , -0.30 || 1708080910, 17.602155988180 , 78.126602046200, 0.01 , 0.01 ,10.98 , 8.71 , 0.71 , -0.62 , 359.27
2024-02-16 16:25:10,641 :- 00395: 037 , 10.70 , -0.30 || 1708080910, 17.602158808744 , 78.126601977766, 0.01 , 0.01 ,11.26 , 9.10 , 0.71 , -0.55 , 359.27
2024-02-16 16:25:10,671 :- 00396: 040 , 10.90 , -0.30 || 1708080910, 17.602158808744 , 78.126601977766, 0.01 , 0.01 ,11.26 , 8.90 , 0.73 , -0.56 , 359.28
2024-02-16 16:25:10,701 :- 00397: 043 , 11.00 , -0.30 || 1708080910, 17.602158808744 , 78.126601977766, 0.01 , 0.01 ,11.26 , 8.91 , 0.74 , -0.57 , 359.29
2024-02-16 16:25:10,731 :- 00398: 046 , 11.10 , -0.30 || 1708080910, 17.602161671769 , 78.126601964332, 0.01 , 0.01 ,11.45 , 9.06 , 0.75 , -0.61 , 359.30
2024-02-16 16:25:10,761 :- 00399: 049 , 11.20 , -0.30 || 1708080910, 17.602161671769 , 78.126601964332, 0.01 , 0.01 ,11.45 , 9.23 , 0.74 , -0.62 , 359.31
2024-02-16 16:25:10,791 :- 00400: 052 , 11.30 , -0.30 || 1708080910, 17.602161671769 , 78.126601964332, 0.01 , 0.01 ,11.45 , 9.34 , 0.71 , -0.73 , 359.32
2024-02-16 16:25:10,821 :- 00401: 055 , 11.50 , -0.30 || 1708080910, 17.602161671769 , 78.126601964332, 0.01 , 0.01 ,11.83 , 9.52 , 0.69 , -0.77 , 359.33
2024-02-16 16:25:10,851 :- 00402: 058 , 11.60 , -0.30 || 1708080910, 17.602164611309 , 78.126601931658, 0.01 , 0.01 ,11.83 , 9.88 , 0.64 , -0.85 , 359.33
2024-02-16 16:25:10,881 :- 00403: 061 , 11.70 , -0.30 || 1708080910, 17.602164611309 , 78.126601931658, 0.01 , 0.01 ,11.83 , 9.97 , 0.62 , -0.90 , 359.33
2024-02-16 16:25:10,911 :- 00404: 064 , 11.80 , -0.30 || 1708080910, 17.602164611309 , 78.126601931658, 0.01 , 0.01 ,11.83 , 10.22 , 0.62 , -0.92 , 359.33
2024-02-16 16:25:10,941 :- 00405: 067 , 12.00 , -0.30 || 1708080910, 17.602167688730 , 78.126601885831, 0.01 , 0.01 ,12.35 , 10.56 , 0.61 , -0.96 , 359.33
2024-02-16 16:25:10,972 :- 00406: 070 , 12.10 , -0.30 || 1708080910, 17.602167688730 , 78.126601885831, 0.01 , 0.01 ,12.35 , 10.23 , 0.63 , -0.97 , 359.34
2024-02-16 16:25:11,001 :- 00407: 073 , 12.30 , -0.30 || 1708080910, 17.602167688730 , 78.126601885831, 0.01 , 0.01 ,12.35 , 10.30 , 0.63 , -0.96 , 359.34
2024-02-16 16:25:11,031 :- 00408: 076 , 12.40 , -0.30 || 1708080911, 17.602170932215 , 78.126601859268, 0.01 , 0.01 ,13.13 , 10.40 , 0.64 , -0.90 , 359.35
2024-02-16 16:25:11,062 :- 00409: 079 , 12.60 , -0.30 || 1708080911, 17.602170932215 , 78.126601859268, 0.01 , 0.01 ,13.13 , 10.15 , 0.64 , -0.89 , 359.36
2024-02-16 16:25:11,091 :- 00410: 082 , 12.70 , -0.30 || 1708080911, 17.602170932215 , 78.126601859268, 0.01 , 0.01 ,13.13 , 10.04 , 0.66 , -0.83 , 359.37
2024-02-16 16:25:11,121 :- 00411: 085 , 12.90 , -0.30 || 1708080911, 17.602170932215 , 78.126601859268, 0.01 , 0.01 ,13.63 , 9.86 , 0.66 , -0.80 , 359.37
2024-02-16 16:25:11,151 :- 00412: 088 , 13.00 , -0.30 || 1708080911, 17.602174323507 , 78.126601850647, 0.01 , 0.01 ,13.63 , 9.62 , 0.68 , -0.78 , 359.38
2024-02-16 16:25:11,181 :- 00413: 091 , 13.20 , -0.30 || 1708080911, 17.602174323507 , 78.126601850647, 0.01 , 0.01 ,13.63 , 9.47 , 0.69 , -0.75 , 359.39
2024-02-16 16:25:11,211 :- 00414: 094 , 13.40 , -0.30 || 1708080911, 17.602174323507 , 78.126601850647, 0.01 , 0.01 ,13.63 , 9.56 , 0.71 , -0.73 , 359.39
2024-02-16 16:25:11,241 :- 00415: 097 , 13.50 , -0.30 || 1708080911, 17.602177832559 , 78.126601838468, 0.01 , 0.01 ,14.07 , 9.20 , 0.73 , -0.76 , 359.39
2024-02-16 16:25:11,271 :- 00416: 100 , 13.70 , -0.30 || 1708080911, 17.602177832559 , 78.126601838468, 0.01 , 0.01 ,14.07 , 9.49 , 0.72 , -0.76 , 359.39
2024-02-16 16:25:11,301 :- 00417: 103 , 13.80 , -0.30 || 1708080911, 17.602177832559 , 78.126601838468, 0.01 , 0.01 ,14.07 , 9.89 , 0.72 , -0.79 , 359.40
2024-02-16 16:25:11,332 :- 00418: 106 , 14.00 , -0.30 || 1708080911, 17.602181426861 , 78.126601830388, 0.01 , 0.01 ,14.39 , 9.57 , 0.71 , -0.84 , 359.40
2024-02-16 16:25:11,361 :- 00419: 109 , 14.10 , -0.30 || 1708080911, 17.602181426861 , 78.126601830388, 0.01 , 0.01 ,14.39 , 9.39 , 0.71 , -0.86 , 359.40
2024-02-16 16:25:11,391 :- 00420: 112 , 14.20 , -0.30 || 1708080911, 17.602181426861 , 78.126601830388, 0.01 , 0.01 ,14.39 , 10.14 , 0.67 , -0.90 , 359.41
2024-02-16 16:25:11,421 :- 00421: 115 , 14.40 , -0.30 || 1708080911, 17.602181426861 , 78.126601830388, 0.01 , 0.01 ,14.88 , 10.18 , 0.65 , -0.91 , 359.41
2024-02-16 16:25:11,451 :- 00422: 118 , 14.50 , -0.30 || 1708080911, 17.602185137124 , 78.126601789472, 0.01 , 0.01 ,14.88 , 10.44 , 0.59 , -0.92 , 359.42
2024-02-16 16:25:11,481 :- 00423: 121 , 14.60 , -0.30 || 1708080911, 17.602185137124 , 78.126601789472, 0.01 , 0.01 ,14.88 , 10.35 , 0.56 , -0.91 , 359.43
2024-02-16 16:25:11,511 :- 00424: 124 , 14.80 , -0.30 || 1708080911, 17.602185137124 , 78.126601789472, 0.01 , 0.01 ,14.88 , 9.80 , 0.51 , -0.93 , 359.44
2024-02-16 16:25:11,541 :- 00425: 127 , 15.00 , -0.30 || 1708080911, 17.602188989230 , 78.126601705872, 0.01 , 0.01 ,15.45 , 9.53 , 0.45 , -0.90 , 359.45
2024-02-16 16:25:11,571 :- 00426: 130 , 15.10 , -0.30 || 1708080911, 17.602188989230 , 78.126601705872, 0.01 , 0.01 ,15.45 , 9.19 , 0.42 , -0.87 , 359.46
2024-02-16 16:25:11,601 :- 00427: 133 , 15.20 , -0.30 || 1708080911, 17.602188989230 , 78.126601705872, 0.01 , 0.01 ,15.45 , 9.62 , 0.40 , -0.86 , 359.46
2024-02-16 16:25:11,631 :- 00428: 136 , 15.40 , -0.30 || 1708080911, 17.602192979682 , 78.126601633850, 0.01 , 0.01 ,16.02 , 9.53 , 0.35 , -0.86 , 359.45
2024-02-16 16:25:11,661 :- 00429: 139 , 15.50 , -0.30 || 1708080911, 17.602192979682 , 78.126601633850, 0.01 , 0.01 ,16.02 , 9.67 , 0.33 , -0.86 , 359.45
2024-02-16 16:25:11,691 :- 00430: 142 , 15.60 , -0.30 || 1708080911, 17.602192979682 , 78.126601633850, 0.01 , 0.01 ,16.02 , 9.65 , 0.29 , -0.88 , 359.45
2024-02-16 16:25:11,721 :- 00431: 145 , 15.70 , -0.30 || 1708080911, 17.602192979682 , 78.126601633850, 0.01 , 0.01 ,16.32 , 9.86 , 0.28 , -0.89 , 359.45
2024-02-16 16:25:11,751 :- 00432: 148 , 15.90 , -0.30 || 1708080911, 17.602197056105 , 78.126601594148, 0.01 , 0.01 ,16.32 , 9.96 , 0.28 , -0.93 , 359.46
2024-02-16 16:25:11,781 :- 00433: 151 , 16.00 , -0.30 || 1708080911, 17.602197056105 , 78.126601594148, 0.01 , 0.01 ,16.32 , 10.29 , 0.27 , -0.92 , 359.46
2024-02-16 16:25:11,812 :- 00434: 154 , 16.10 , -0.30 || 1708080911, 17.602197056105 , 78.126601594148, 0.01 , 0.01 ,16.32 , 10.26 , 0.28 , -0.92 , 359.47
2024-02-16 16:25:11,841 :- 00435: 157 , 16.20 , -0.30 || 1708080911, 17.602201241901 , 78.126601575016, 0.01 , 0.01 ,16.81 , 10.27 , 0.28 , -0.95 , 359.48
2024-02-16 16:25:11,871 :- 00436: 160 , 16.40 , -0.30 || 1708080911, 17.602201241901 , 78.126601575016, 0.01 , 0.01 ,16.81 , 10.16 , 0.29 , -0.90 , 359.49
2024-02-16 16:25:11,901 :- 00437: 163 , 16.50 , -0.30 || 1708080911, 17.602201241901 , 78.126601575016, 0.01 , 0.01 ,16.81 , 9.86 , 0.29 , -0.92 , 359.50
2024-02-16 16:25:11,931 :- 00438: 166 , 16.60 , -0.30 || 1708080911, 17.602205535909 , 78.126601556159, 0.01 , 0.01 ,17.21 , 9.96 , 0.28 , -0.87 , 359.51
2024-02-16 16:25:11,961 :- 00439: 169 , 16.80 , -0.30 || 1708080911, 17.602205535909 , 78.126601556159, 0.01 , 0.01 ,17.21 , 9.71 , 0.28 , -0.85 , 359.52
2024-02-16 16:25:11,991 :- 00440: 172 , 16.90 , -0.30 || 1708080911, 17.602205535909 , 78.126601556159, 0.01 , 0.01 ,17.21 , 9.49 , 0.25 , -0.88 , 359.53
2024-02-16 16:25:12,021 :- 00441: 175 , 17.00 , -0.30 || 1708080912, 17.602205535909 , 78.126601556159, 0.01 , 0.01 ,17.21 , 9.41 , 0.24 , -0.86 , 359.53
2024-02-16 16:25:12,051 :- 00442: 178 , 17.20 , -0.30 || 1708080912, 17.602209951647 , 78.126601510275, 0.01 , 0.01 ,17.64 , 9.03 , 0.22 , -0.85 , 359.54
2024-02-16 16:25:12,081 :- 00443: 181 , 17.30 , -0.30 || 1708080912, 17.602209951647 , 78.126601510275, 0.01 , 0.01 ,17.64 , 9.48 , 0.21 , -0.88 , 359.54
2024-02-16 16:25:12,111 :- 00444: 184 , 17.40 , -0.30 || 1708080912, 17.602209951647 , 78.126601510275, 0.01 , 0.01 ,17.64 , 9.41 , 0.21 , -0.91 , 359.54
2024-02-16 16:25:12,141 :- 00445: 187 , 17.50 , -0.30 || 1708080912, 17.602214443164 , 78.126601476521, 0.01 , 0.01 ,18.03 , 9.98 , 0.20 , -0.90 , 359.55
2024-02-16 16:25:12,171 :- 00446: 190 , 17.60 , -0.30 || 1708080912, 17.602214443164 , 78.126601476521, 0.01 , 0.01 ,18.03 , 10.07 , 0.19 , -0.97 , 359.56
2024-02-16 16:25:12,201 :- 00447: 193 , 17.70 , -0.30 || 1708080912, 17.602214443164 , 78.126601476521, 0.01 , 0.01 ,18.03 , 9.98 , 0.18 , -0.97 , 359.56
2024-02-16 16:25:12,231 :- 00448: 196 , 17.80 , -0.30 || 1708080912, 17.602219024485 , 78.126601456979, 0.01 , 0.01 ,18.30 , 10.42 , 0.18 , -0.96 , 359.58
2024-02-16 16:25:12,261 :- 00449: 199 , 17.90 , -0.30 || 1708080912, 17.602219024485 , 78.126601456979, 0.01 , 0.01 ,18.30 , 9.95 , 0.19 , -0.99 , 359.58
2024-02-16 16:25:12,291 :- 00450: 202 , 18.00 , -0.30 || 1708080912, 17.602219024485 , 78.126601456979, 0.01 , 0.01 ,18.30 , 9.97 , 0.20 , -0.96 , 359.60
2024-02-16 16:25:12,321 :- 00451: 205 , 18.20 , -0.30 || 1708080912, 17.602219024485 , 78.126601456979, 0.01 , 0.01 ,18.73 , 9.98 , 0.21 , -0.95 , 359.60
2024-02-16 16:25:12,351 :- 00452: 208 , 18.20 , -0.30 || 1708080912, 17.602223707566 , 78.126601440075, 0.01 , 0.01 ,18.73 , 9.89 , 0.23 , -0.94 , 359.61
2024-02-16 16:25:12,381 :- 00453: 211 , 18.30 , -0.30 || 1708080912, 17.602223707566 , 78.126601440075, 0.01 , 0.01 ,18.73 , 10.71 , 0.24 , -0.89 , 359.61
2024-02-16 16:25:12,411 :- 00454: 214 , 18.50 , -0.30 || 1708080912, 17.602223707566 , 78.126601440075, 0.01 , 0.01 ,18.73 , 9.56 , 0.25 , -0.90 , 359.62
2024-02-16 16:25:12,441 :- 00455: 217 , 18.60 , -0.30 || 1708080912, 17.602228516801 , 78.126601434125, 0.01 , 0.01 ,19.30 , 9.48 , 0.26 , -0.86 , 359.62
2024-02-16 16:25:12,471 :- 00456: 220 , 18.70 , -0.30 || 1708080912, 17.602228516801 , 78.126601434125, 0.01 , 0.01 ,19.30 , 9.92 , 0.26 , -0.78 , 359.63
2024-02-16 16:25:12,501 :- 00457: 223 , 18.80 , -0.30 || 1708080912, 17.602228516801 , 78.126601434125, 0.01 , 0.01 ,19.30 , 9.44 , 0.25 , -0.80 , 359.63
2024-02-16 16:25:12,531 :- 00458: 226 , 18.90 , -0.30 || 1708080912, 17.602233417238 , 78.126601426597, 0.01 , 0.01 ,19.64 , 9.56 , 0.26 , -0.75 , 359.64
2024-02-16 16:25:12,561 :- 00459: 229 , 19.00 , -0.30 || 1708080912, 17.602233417238 , 78.126601426597, 0.01 , 0.01 ,19.64 , 9.65 , 0.26 , -0.71 , 359.64
2024-02-16 16:25:12,591 :- 00460: 232 , 19.10 , -0.30 || 1708080912, 17.602233417238 , 78.126601426597, 0.01 , 0.01 ,19.64 , 9.79 , 0.27 , -0.70 , 359.65
2024-02-16 16:25:12,621 :- 00461: 235 , 19.10 , -0.30 || 1708080912, 17.602233417238 , 78.126601426597, 0.01 , 0.01 ,19.87 , 9.86 , 0.27 , -0.69 , 359.65
2024-02-16 16:25:12,651 :- 00462: 238 , 19.30 , -0.30 || 1708080912, 17.602238390192 , 78.126601420438, 0.01 , 0.01 ,19.87 , 10.09 , 0.29 , -0.63 , 359.66
2024-02-16 16:25:12,681 :- 00463: 241 , 19.40 , -0.30 || 1708080912, 17.602238390192 , 78.126601420438, 0.01 , 0.01 ,19.87 , 9.74 , 0.28 , -0.63 , 359.66
2024-02-16 16:25:12,711 :- 00464: 244 , 19.50 , -0.30 || 1708080912, 17.602238390192 , 78.126601420438, 0.01 , 0.01 ,19.87 , 9.99 , 0.28 , -0.64 , 359.66
2024-02-16 16:25:12,741 :- 00465: 247 , 19.60 , -0.30 || 1708080912, 17.602243449765 , 78.126601401098, 0.01 , 0.01 ,20.20 , 9.72 , 0.27 , -0.60 , 359.67
2024-02-16 16:25:12,771 :- 00466: 250 , 19.70 , -0.30 || 1708080912, 17.602243449765 , 78.126601401098, 0.01 , 0.01 ,20.20 , 9.54 , 0.28 , -0.60 , 359.67
2024-02-16 16:25:12,801 :- 00467: 253 , 19.80 , -0.30 || 1708080912, 17.602243449765 , 78.126601401098, 0.01 , 0.01 ,20.20 , 9.62 , 0.29 , -0.59 , 359.68
2024-02-16 16:25:12,831 :- 00468: 000 , 19.90 , -0.30 || 1708080912, 17.602248597837 , 78.126601399959, 0.01 , 0.01 ,20.67 , 9.67 , 0.30 , -0.57 , 359.68
2024-02-16 16:25:12,861 :- 00469: 003 , 20.10 , -0.20 || 1708080912, 17.602248597837 , 78.126601399959, 0.01 , 0.01 ,20.67 , 9.57 , 0.33 , -0.57 , 359.69
2024-02-16 16:25:12,891 :- 00470: 006 , 20.10 , -0.20 || 1708080912, 17.602248597837 , 78.126601399959, 0.01 , 0.01 ,20.67 , 9.58 , 0.37 , -0.56 , 359.70
2024-02-16 16:25:12,921 :- 00471: 009 , 20.30 , -0.20 || 1708080912, 17.602248597837 , 78.126601399959, 0.01 , 0.01 ,20.89 , 9.58 , 0.39 , -0.56 , 359.70
2024-02-16 16:25:12,951 :- 00472: 012 , 20.40 , -0.20 || 1708080912, 17.602253835232 , 78.126601419960, 0.01 , 0.01 ,20.89 , 9.55 , 0.39 , -0.59 , 359.71
2024-02-16 16:25:12,981 :- 00473: 015 , 20.50 , -0.20 || 1708080912, 17.602253835232 , 78.126601419960, 0.01 , 0.01 ,20.89 , 9.38 , 0.40 , -0.59 , 359.72
2024-02-16 16:25:13,011 :- 00474: 018 , 20.60 , -0.20 || 1708080912, 17.602253835232 , 78.126601419960, 0.01 , 0.01 ,20.89 , 9.90 , 0.40 , -0.60 , 359.72
2024-02-16 16:25:13,041 :- 00475: 021 , 20.70 , -0.20 || 1708080913, 17.602259130108 , 78.126601395427, 0.01 , 0.01 ,21.23 , 10.14 , 0.40 , -0.63 , 359.73
2024-02-16 16:25:13,071 :- 00476: 024 , 20.80 , -0.20 || 1708080913, 17.602259130108 , 78.126601395427, 0.01 , 0.01 ,21.23 , 9.87 , 0.40 , -0.66 , 359.73
2024-02-16 16:25:13,101 :- 00477: 027 , 20.80 , -0.20 || 1708080913, 17.602259130108 , 78.126601395427, 0.01 , 0.01 ,21.23 , 10.17 , 0.40 , -0.65 , 359.73
2024-02-16 16:25:13,131 :- 00478: 030 , 21.00 , -0.20 || 1708080913, 17.602264516319 , 78.126601389165, 0.01 , 0.01 ,21.55 , 10.18 , 0.42 , -0.67 , 359.73
2024-02-16 16:25:13,161 :- 00479: 033 , 21.00 , -0.20 || 1708080913, 17.602264516319 , 78.126601389165, 0.01 , 0.01 ,21.55 , 10.00 , 0.43 , -0.65 , 359.74
2024-02-16 16:25:13,191 :- 00480: 036 , 21.20 , -0.10 || 1708080913, 17.602264516319 , 78.126601389165, 0.01 , 0.01 ,21.55 , 9.87 , 0.44 , -0.64 , 359.74
2024-02-16 16:25:13,221 :- 00481: 039 , 21.30 , -0.10 || 1708080913, 17.602264516319 , 78.126601389165, 0.01 , 0.01 ,22.03 , 9.63 , 0.45 , -0.62 , 359.74
2024-02-16 16:25:13,251 :- 00482: 042 , 21.30 , -0.10 || 1708080913, 17.602270020691 , 78.126601390783, 0.01 , 0.01 ,22.03 , 9.92 , 0.44 , -0.59 , 359.74
2024-02-16 16:25:13,281 :- 00483: 045 , 21.50 , -0.10 || 1708080913, 17.602270020691 , 78.126601390783, 0.01 , 0.01 ,22.03 , 9.85 , 0.45 , -0.57 , 359.73
2024-02-16 16:25:13,311 :- 00484: 048 , 21.60 , -0.00 || 1708080913, 17.602270020691 , 78.126601390783, 0.01 , 0.01 ,22.03 , 9.54 , 0.46 , -0.57 , 359.73
2024-02-16 16:25:13,341 :- 00485: 051 , 21.60 , -0.00 || 1708080913, 17.602275608813 , 78.126601381581, 0.01 , 0.01 ,22.39 , 9.81 , 0.49 , -0.53 , 359.73
2024-02-16 16:25:13,371 :- 00486: 054 , 21.70 , -0.00 || 1708080913, 17.602275608813 , 78.126601381581, 0.01 , 0.01 ,22.39 , 9.84 , 0.51 , -0.52 , 359.72
2024-02-16 16:25:13,401 :- 00487: 057 , 21.80 , -0.00 || 1708080913, 17.602275608813 , 78.126601381581, 0.01 , 0.01 ,22.39 , 10.02 , 0.51 , -0.50 , 359.71
2024-02-16 16:25:13,431 :- 00488: 060 , 21.90 , -0.00 || 1708080913, 17.602281261402 , 78.126601391181, 0.01 , 0.01 ,22.63 , 9.94 , 0.51 , -0.46 , 359.70
2024-02-16 16:25:13,461 :- 00489: 063 , 22.00 , -0.00 || 1708080913, 17.602281261402 , 78.126601391181, 0.01 , 0.01 ,22.63 , 9.48 , 0.51 , -0.45 , 359.70
2024-02-16 16:25:13,491 :- 00490: 066 , 22.10 , -0.00 || 1708080913, 17.602281261402 , 78.126601391181, 0.01 , 0.01 ,22.63 , 9.76 , 0.55 , -0.41 , 359.68
2024-02-16 16:25:13,511 :- 00491: 068 , 22.20 , -0.00 || 1708080913, 17.602281261402 , 78.126601391181, 0.01 , 0.01 ,22.63 , 10.10 , 0.55 , -0.41 , 359.68
2024-02-16 16:25:13,541 :- 00492: 071 , 22.30 , 00.00 || 1708080913, 17.602287013485 , 78.126601386969, 0.01 , 0.01 ,22.97 , 9.46 , 0.60 , -0.41 , 359.67
2024-02-16 16:25:13,571 :- 00493: 074 , 22.40 , 00.00 || 1708080913, 17.602287013485 , 78.126601386969, 0.01 , 0.01 ,22.97 , 9.31 , 0.65 , -0.39 , 359.65
2024-02-16 16:25:13,601 :- 00494: 077 , 22.50 , 00.00 || 1708080913, 17.602287013485 , 78.126601386969, 0.01 , 0.01 ,22.97 , 9.78 , 0.67 , -0.41 , 359.64
2024-02-16 16:25:13,631 :- 00495: 080 , 22.60 , 00.00 || 1708080913, 17.602292819881 , 78.126601403899, 0.01 , 0.01 ,23.18 , 9.83 , 0.72 , -0.41 , 359.63
2024-02-16 16:25:13,661 :- 00496: 083 , 22.70 , 00.00 || 1708080913, 17.602292819881 , 78.126601403899, 0.01 , 0.01 ,23.18 , 9.49 , 0.75 , -0.42 , 359.63
2024-02-16 16:25:13,691 :- 00497: 086 , 22.70 , 00.00 || 1708080913, 17.602292819881 , 78.126601403899, 0.01 , 0.01 ,23.18 , 9.55 , 0.81 , -0.44 , 359.62
2024-02-16 16:25:13,721 :- 00498: 089 , 22.80 , 00.00 || 1708080913, 17.602292819881 , 78.126601403899, 0.01 , 0.01 ,23.53 , 9.92 , 0.84 , -0.40 , 359.62
2024-02-16 16:25:13,751 :- 00499: 092 , 22.90 , 00.00 || 1708080913, 17.602298698908 , 78.126601421541, 0.01 , 0.01 ,23.53 , 10.02 , 0.87 , -0.41 , 359.61
2024-02-16 16:25:13,781 :- 00500: 095 , 23.00 , 00.00 || 1708080913, 17.602298698908 , 78.126601421541, 0.01 , 0.01 ,23.53 , 9.55 , 0.87 , -0.44 , 359.60
2024-02-16 16:25:13,811 :- 00501: 098 , 23.10 , 00.00 || 1708080913, 17.602298698908 , 78.126601421541, 0.01 , 0.01 ,23.53 , 9.62 , 0.86 , -0.44 , 359.59
2024-02-16 16:25:13,841 :- 00502: 101 , 23.10 , 00.00 || 1708080913, 17.602304650839 , 78.126601431550, 0.01 , 0.01 ,23.78 , 10.18 , 0.83 , -0.42 , 359.58
2024-02-16 16:25:13,871 :- 00503: 104 , 23.20 , 00.00 || 1708080913, 17.602304650839 , 78.126601431550, 0.01 , 0.01 ,23.78 , 9.92 , 0.82 , -0.48 , 359.57
2024-02-16 16:25:13,901 :- 00504: 107 , 23.30 , 00.00 || 1708080913, 17.602304650839 , 78.126601431550, 0.01 , 0.01 ,23.78 , 10.05 , 0.82 , -0.46 , 359.56
2024-02-16 16:25:13,931 :- 00505: 110 , 23.40 , 00.00 || 1708080913, 17.602310652469 , 78.126601373112, 0.01 , 0.01 ,23.97 , 9.86 , 0.80 , -0.49 , 359.54
2024-02-16 16:25:13,961 :- 00506: 113 , 23.40 , 00.00 || 1708080913, 17.602310652469 , 78.126601373112, 0.01 , 0.01 ,23.97 , 10.59 , 0.80 , -0.45 , 359.53
2024-02-16 16:25:13,991 :- 00507: 116 , 23.60 , 00.00 || 1708080913, 17.602310652469 , 78.126601373112, 0.01 , 0.01 ,23.97 , 9.60 , 0.81 , -0.50 , 359.51
2024-02-16 16:25:14,021 :- 00508: 119 , 23.70 , 00.00 || 1708080914, 17.602310652469 , 78.126601373112, 0.01 , 0.01 ,23.97 , 8.81 , 0.80 , -0.51 , 359.50
2024-02-16 16:25:14,051 :- 00509: 122 , 23.80 , 00.00 || 1708080914, 17.602316749409 , 78.126601333565, 0.01 , 0.01 ,24.35 , 9.83 , 0.81 , -0.49 , 359.48
2024-02-16 16:25:14,081 :- 00510: 125 , 23.80 , 00.00 || 1708080914, 17.602316749409 , 78.126601333565, 0.01 , 0.01 ,24.35 , 9.83 , 0.79 , -0.56 , 359.47
2024-02-16 16:25:14,111 :- 00511: 128 , 23.90 , 00.00 || 1708080914, 17.602316749409 , 78.126601333565, 0.01 , 0.01 ,24.35 , 9.88 , 0.80 , -0.59 , 359.46
2024-02-16 16:25:14,141 :- 00512: 131 , 24.00 , 00.00 || 1708080914, 17.602322892726 , 78.126601310305, 0.01 , 0.01 ,24.54 , 9.99 , 0.81 , -0.56 , 359.44
2024-02-16 16:25:14,171 :- 00513: 134 , 24.00 , 00.00 || 1708080914, 17.602322892726 , 78.126601310305, 0.01 , 0.01 ,24.54 , 9.95 , 0.82 , -0.59 , 359.43
2024-02-16 16:25:14,201 :- 00514: 137 , 24.10 , 00.00 || 1708080914, 17.602322892726 , 78.126601310305, 0.01 , 0.01 ,24.54 , 10.04 , 0.82 , -0.58 , 359.43
2024-02-16 16:25:14,231 :- 00515: 140 , 24.20 , 00.00 || 1708080914, 17.602329111041 , 78.126601272485, 0.01 , 0.01 ,24.86 , 10.20 , 0.80 , -0.55 , 359.42
2024-02-16 16:25:14,261 :- 00516: 143 , 24.20 , 00.00 || 1708080914, 17.602329111041 , 78.126601272485, 0.01 , 0.01 ,24.86 , 10.10 , 0.80 , -0.55 , 359.41
2024-02-16 16:25:14,291 :- 00517: 146 , 24.30 , 00.00 || 1708080914, 17.602329111041 , 78.126601272485, 0.01 , 0.01 ,24.86 , 9.49 , 0.80 , -0.51 , 359.40
2024-02-16 16:25:14,321 :- 00518: 149 , 24.40 , 00.00 || 1708080914, 17.602329111041 , 78.126601272485, 0.01 , 0.01 ,25.28 , 10.06 , 0.79 , -0.47 , 359.40
2024-02-16 16:25:14,351 :- 00519: 152 , 24.40 , 00.00 || 1708080914, 17.602335418299 , 78.126601214532, 0.01 , 0.01 ,25.28 , 10.03 , 0.79 , -0.46 , 359.39
2024-02-16 16:25:14,381 :- 00520: 155 , 24.50 , 00.00 || 1708080914, 17.602335418299 , 78.126601214532, 0.01 , 0.01 ,25.28 , 9.62 , 0.79 , -0.45 , 359.38
2024-02-16 16:25:14,411 :- 00521: 158 , 24.60 , 00.00 || 1708080914, 17.602335418299 , 78.126601214532, 0.01 , 0.01 ,25.28 , 9.83 , 0.79 , -0.42 , 359.37
2024-02-16 16:25:14,441 :- 00522: 161 , 24.70 , 00.00 || 1708080914, 17.602341774034 , 78.126601158251, 0.01 , 0.01 ,25.39 , 9.34 , 0.78 , -0.44 , 359.37
2024-02-16 16:25:14,471 :- 00523: 164 , 24.80 , 00.00 || 1708080914, 17.602341774034 , 78.126601158251, 0.01 , 0.01 ,25.39 , 9.38 , 0.78 , -0.47 , 359.36
2024-02-16 16:25:14,501 :- 00524: 167 , 24.90 , 00.00 || 1708080914, 17.602341774034 , 78.126601158251, 0.01 , 0.01 ,25.39 , 9.70 , 0.78 , -0.43 , 359.35
2024-02-16 16:25:14,531 :- 00525: 170 , 24.90 , 00.00 || 1708080914, 17.602348169613 , 78.126601100619, 0.01 , 0.01 ,25.54 , 9.79 , 0.75 , -0.50 , 359.34
2024-02-16 16:25:14,561 :- 00526: 173 , 25.00 , 00.00 || 1708080914, 17.602348169613 , 78.126601100619, 0.01 , 0.01 ,25.54 , 9.60 , 0.74 , -0.51 , 359.34
2024-02-16 16:25:14,591 :- 00527: 176 , 25.10 , 00.00 || 1708080914, 17.602348169613 , 78.126601100619, 0.01 , 0.01 ,25.54 , 9.49 , 0.76 , -0.49 , 359.33
2024-02-16 16:25:14,621 :- 00528: 179 , 25.20 , 00.00 || 1708080914, 17.602348169613 , 78.126601100619, 0.01 , 0.01 ,25.81 , 9.57 , 0.75 , -0.54 , 359.32
2024-02-16 16:25:14,651 :- 00529: 182 , 25.20 , 00.00 || 1708080914, 17.602354642027 , 78.126601049158, 0.01 , 0.01 ,25.81 , 9.67 , 0.77 , -0.55 , 359.31
2024-02-16 16:25:14,681 :- 00530: 185 , 25.30 , 00.00 || 1708080914, 17.602354642027 , 78.126601049158, 0.01 , 0.01 ,25.81 , 10.62 , 0.78 , -0.53 , 359.31
2024-02-16 16:25:14,711 :- 00531: 188 , 25.40 , 00.00 || 1708080914, 17.602354642027 , 78.126601049158, 0.01 , 0.01 ,25.81 , 9.82 , 0.78 , -0.57 , 359.30
2024-02-16 16:25:14,741 :- 00532: 191 , 25.40 , 00.00 || 1708080914, 17.602361174844 , 78.126600985963, 0.01 , 0.01 ,26.11 , 10.37 , 0.81 , -0.57 , 359.29
2024-02-16 16:25:14,771 :- 00533: 194 , 25.50 , 00.00 || 1708080914, 17.602361174844 , 78.126600985963, 0.01 , 0.01 ,26.11 , 10.36 , 0.83 , -0.54 , 359.28
2024-02-16 16:25:14,801 :- 00534: 197 , 25.60 , 00.00 || 1708080914, 17.602361174844 , 78.126600985963, 0.01 , 0.01 ,26.11 , 10.02 , 0.84 , -0.56 , 359.27
2024-02-16 16:25:14,831 :- 00535: 200 , 25.70 , 00.00 || 1708080914, 17.602367797700 , 78.126600952022, 0.01 , 0.01 ,26.49 , 9.39 , 0.89 , -0.52 , 359.26
2024-02-16 16:25:14,861 :- 00536: 203 , 25.80 , 00.00 || 1708080914, 17.602367797700 , 78.126600952022, 0.01 , 0.01 ,26.49 , 10.19 , 0.89 , -0.52 , 359.26
2024-02-16 16:25:14,891 :- 00537: 206 , 25.90 , -0.00 || 1708080914, 17.602367797700 , 78.126600952022, 0.01 , 0.01 ,26.49 , 9.16 , 0.91 , -0.54 , 359.25
2024-02-16 16:25:14,921 :- 00538: 209 , 26.00 , -0.00 || 1708080914, 17.602367797700 , 78.126600952022, 0.01 , 0.01 ,26.76 , 9.42 , 0.92 , -0.55 , 359.25
2024-02-16 16:25:14,951 :- 00539: 212 , 26.10 , -0.00 || 1708080914, 17.602374498870 , 78.126600894158, 0.01 , 0.01 ,26.76 , 10.26 , 0.92 , -0.51 , 359.25
2024-02-16 16:25:14,981 :- 00540: 215 , 26.10 , -0.00 || 1708080914, 17.602374498870 , 78.126600894158, 0.01 , 0.01 ,26.76 , 9.38 , 0.93 , -0.54 , 359.24
2024-02-16 16:25:15,011 :- 00541: 218 , 26.20 , -0.00 || 1708080914, 17.602374498870 , 78.126600894158, 0.01 , 0.01 ,26.76 , 9.35 , 0.91 , -0.58 , 359.24
2024-02-16 16:25:15,041 :- 00542: 221 , 26.30 , -0.00 || 1708080915, 17.602381244222 , 78.126600843191, 0.01 , 0.01 ,26.99 , 10.12 , 0.92 , -0.51 , 359.23
2024-02-16 16:25:15,071 :- 00543: 224 , 26.30 , -0.00 || 1708080915, 17.602381244222 , 78.126600843191, 0.01 , 0.01 ,26.99 , 9.92 , 0.93 , -0.56 , 359.23
2024-02-16 16:25:15,101 :- 00544: 227 , 26.40 , -0.00 || 1708080915, 17.602381244222 , 78.126600843191, 0.01 , 0.01 ,26.99 , 10.12 , 0.93 , -0.55 , 359.23
2024-02-16 16:25:15,131 :- 00545: 230 , 26.50 , -0.00 || 1708080915, 17.602388055458 , 78.126600754004, 0.01 , 0.01 ,27.26 , 10.08 , 0.95 , -0.51 , 359.22
2024-02-16 16:25:15,161 :- 00546: 233 , 26.60 , -0.00 || 1708080915, 17.602388055458 , 78.126600754004, 0.01 , 0.01 ,27.26 , 9.64 , 0.97 , -0.53 , 359.22
2024-02-16 16:25:15,191 :- 00547: 236 , 26.60 , -0.00 || 1708080915, 17.602388055458 , 78.126600754004, 0.01 , 0.01 ,27.26 , 10.02 , 0.99 , -0.44 , 359.22
2024-02-16 16:25:15,221 :- 00548: 239 , 26.70 , -0.00 || 1708080915, 17.602388055458 , 78.126600754004, 0.01 , 0.01 ,27.47 , 10.63 , 1.00 , -0.39 , 359.21
2024-02-16 16:25:15,251 :- 00549: 242 , 26.70 , -0.00 || 1708080915, 17.602394941715 , 78.126600702301, 0.01 , 0.01 ,27.47 , 10.13 , 1.04 , -0.35 , 359.21
2024-02-16 16:25:15,281 :- 00550: 245 , 26.80 , -0.00 || 1708080915, 17.602394941715 , 78.126600702301, 0.01 , 0.01 ,27.47 , 9.85 , 1.06 , -0.29 , 359.21
2024-02-16 16:25:15,311 :- 00551: 248 , 26.80 , -0.00 || 1708080915, 17.602394941715 , 78.126600702301, 0.01 , 0.01 ,27.47 , 9.74 , 1.08 , -0.26 , 359.21
2024-02-16 16:25:15,341 :- 00552: 251 , 26.80 , -0.00 || 1708080915, 17.602401858534 , 78.126600653854, 0.01 , 0.01 ,27.58 , 9.98 , 1.13 , -0.16 , 359.21
2024-02-16 16:25:15,371 :- 00553: 254 , 26.80 , -0.00 || 1708080915, 17.602401858534 , 78.126600653854, 0.01 , 0.01 ,27.58 , 9.61 , 1.21 , -0.10 , 359.20
2024-02-16 16:25:15,401 :- 00554: 001 , 26.80 , -0.00 || 1708080915, 17.602401858534 , 78.126600653854, 0.01 , 0.01 ,27.58 , 9.05 , 1.24 , -0.13 , 359.20
2024-02-16 16:25:15,431 :- 00555: 004 , 26.80 , -0.00 || 1708080915, 17.602408764139 , 78.126600625416, 0.01 , 0.01 ,27.49 , 8.96 , 1.28 , -0.04 , 359.20
2024-02-16 16:25:15,461 :- 00556: 007 , 26.80 , -0.00 || 1708080915, 17.602408764139 , 78.126600625416, 0.01 , 0.01 ,27.49 , 9.70 , 1.29 , -0.00 , 359.20
2024-02-16 16:25:15,491 :- 00557: 010 , 26.80 , -0.00 || 1708080915, 17.602408764139 , 78.126600625416, 0.01 , 0.01 ,27.49 , 9.59 , 1.32 , -0.10 , 359.19
2024-02-16 16:25:15,521 :- 00558: 013 , 26.80 , -0.00 || 1708080915, 17.602408764139 , 78.126600625416, 0.01 , 0.01 ,27.34 , 9.26 , 1.34 , -0.13 , 359.19
2024-02-16 16:25:15,551 :- 00559: 016 , 26.80 , -0.00 || 1708080915, 17.602415638275 , 78.126600575886, 0.01 , 0.01 ,27.34 , 9.54 , 1.36 , -0.03 , 359.18
2024-02-16 16:25:15,581 :- 00560: 019 , 26.80 , -0.00 || 1708080915, 17.602415638275 , 78.126600575886, 0.01 , 0.01 ,27.34 , 10.09 , 1.38 , -0.04 , 359.18
2024-02-16 16:25:15,611 :- 00561: 022 , 26.80 , -0.00 || 1708080915, 17.602415638275 , 78.126600575886, 0.01 , 0.01 ,27.34 , 9.57 , 1.40 , -0.11 , 359.18
2024-02-16 16:25:15,641 :- 00562: 025 , 26.80 , -0.00 || 1708080915, 17.602422515383 , 78.126600523684, 0.01 , 0.01 ,27.47 , 9.74 , 1.44 , -0.14 , 359.17
2024-02-16 16:25:15,671 :- 00563: 028 , 26.80 , -0.00 || 1708080915, 17.602422515383 , 78.126600523684, 0.01 , 0.01 ,27.47 , 10.43 , 1.47 , -0.07 , 359.16
2024-02-16 16:25:15,701 :- 00564: 031 , 26.80 , -0.00 || 1708080915, 17.602422515383 , 78.126600523684, 0.01 , 0.01 ,27.47 , 10.42 , 1.48 , -0.11 , 359.16
2024-02-16 16:25:15,731 :- 00565: 034 , 26.80 , -0.00 || 1708080915, 17.602429365986 , 78.126600479002, 0.01 , 0.01 ,27.33 , 9.87 , 1.50 , -0.17 , 359.15
2024-02-16 16:25:15,761 :- 00566: 037 , 26.80 , -0.00 || 1708080915, 17.602429365986 , 78.126600479002, 0.01 , 0.01 ,27.33 , 10.15 , 1.52 , -0.11 , 359.14
2024-02-16 16:25:15,791 :- 00567: 040 , 26.70 , -0.00 || 1708080915, 17.602429365986 , 78.126600479002, 0.01 , 0.01 ,27.33 , 10.43 , 1.52 , 0.00 , 359.14
2024-02-16 16:25:15,821 :- 00568: 043 , 26.80 , -0.00 || 1708080915, 17.602429365986 , 78.126600479002, 0.01 , 0.01 ,27.35 , 9.47 , 1.53 , -0.08 , 359.14
2024-02-16 16:25:15,851 :- 00569: 046 , 26.70 , -0.00 || 1708080915, 17.602436233959 , 78.126600427944, 0.01 , 0.01 ,27.35 , 9.25 , 1.53 , -0.06 , 359.13
2024-02-16 16:25:15,881 :- 00570: 049 , 26.70 , -0.00 || 1708080915, 17.602436233959 , 78.126600427944, 0.01 , 0.01 ,27.35 , 9.94 , 1.52 , 0.05 , 359.13
2024-02-16 16:25:15,911 :- 00571: 052 , 26.70 , -0.00 || 1708080915, 17.602436233959 , 78.126600427944, 0.01 , 0.01 ,27.35 , 9.84 , 1.50 , 0.08 , 359.13
2024-02-16 16:25:15,941 :- 00572: 055 , 26.60 , -0.00 || 1708080915, 17.602443081404 , 78.126600330257, 0.01 , 0.01 ,27.17 , 9.53 , 1.49 , -0.02 , 359.12
2024-02-16 16:25:15,971 :- 00573: 058 , 26.60 , -0.00 || 1708080915, 17.602443081404 , 78.126600330257, 0.01 , 0.01 ,27.17 , 9.20 , 1.44 , 0.05 , 359.12
2024-02-16 16:25:16,001 :- 00574: 061 , 26.60 , -0.00 || 1708080915, 17.602443081404 , 78.126600330257, 0.01 , 0.01 ,27.17 , 9.90 , 1.42 , 0.11 , 359.11
2024-02-16 16:25:16,031 :- 00575: 064 , 26.50 , -0.00 || 1708080916, 17.602443081404 , 78.126600330257, 0.01 , 0.01 ,27.07 , 9.79 , 1.40 , 0.07 , 359.11
2024-02-16 16:25:16,061 :- 00576: 067 , 26.50 , -0.00 || 1708080916, 17.602449837508 , 78.126600265964, 0.01 , 0.01 ,27.07 , 9.70 , 1.36 , 0.01 , 359.10
2024-02-16 16:25:16,091 :- 00577: 070 , 26.50 , -0.00 || 1708080916, 17.602449837508 , 78.126600265964, 0.01 , 0.01 ,27.07 , 9.65 , 1.33 , 0.10 , 359.09
2024-02-16 16:25:16,121 :- 00578: 073 , 26.40 , -0.00 || 1708080916, 17.602449837508 , 78.126600265964, 0.01 , 0.01 ,26.99 , 10.04 , 1.32 , 0.09 , 359.09
2024-02-16 16:25:16,151 :- 00579: 076 , 26.40 , -0.00 || 1708080916, 17.602456608589 , 78.126600154592, 0.01 , 0.01 ,26.99 , 9.70 , 1.30 , 0.03 , 359.08
2024-02-16 16:25:16,181 :- 00580: 079 , 26.40 , -0.00 || 1708080916, 17.602456608589 , 78.126600154592, 0.01 , 0.01 ,26.99 , 9.85 , 1.27 , 0.06 , 359.08
2024-02-16 16:25:16,211 :- 00581: 082 , 26.40 , -0.00 || 1708080916, 17.602456608589 , 78.126600154592, 0.01 , 0.01 ,26.99 , 10.18 , 1.25 , 0.11 , 359.07
2024-02-16 16:25:16,241 :- 00582: 085 , 26.30 , -0.00 || 1708080916, 17.602463361300 , 78.126600056110, 0.01 , 0.01 ,26.84 , 10.11 , 1.22 , 0.10 , 359.07
2024-02-16 16:25:16,271 :- 00583: 088 , 26.20 , -0.00 || 1708080916, 17.602463361300 , 78.126600056110, 0.01 , 0.01 ,26.84 , 10.22 , 1.19 , 0.11 , 359.06
2024-02-16 16:25:16,301 :- 00584: 091 , 26.20 , -0.00 || 1708080916, 17.602463361300 , 78.126600056110, 0.01 , 0.01 ,26.84 , 9.89 , 1.18 , 0.15 , 359.06
2024-02-16 16:25:16,331 :- 00585: 094 , 26.10 , -0.00 || 1708080916, 17.602470074478 , 78.126599943315, 0.01 , 0.01 ,26.75 , 9.94 , 1.15 , 0.20 , 359.05
2024-02-16 16:25:16,361 :- 00586: 097 , 26.10 , -0.00 || 1708080916, 17.602470074478 , 78.126599943315, 0.01 , 0.01 ,26.75 , 9.28 , 1.13 , 0.19 , 359.05
2024-02-16 16:25:16,391 :- 00587: 100 , 26.00 , -0.00 || 1708080916, 17.602470074478 , 78.126599943315, 0.01 , 0.01 ,26.75 , 9.32 , 1.11 , 0.27 , 359.04
2024-02-16 16:25:16,421 :- 00588: 103 , 25.90 , -0.00 || 1708080916, 17.602470074478 , 78.126599943315, 0.01 , 0.01 ,26.41 , 9.99 , 1.09 , 0.28 , 359.04
