2024-02-16 16:27:00,183 :- 00001: Feedback Code Starting
2024-02-16 16:27:00,209 :- 00002: 242 , 30.00 , -0.10 || 1708081020, 17.601662911997 , 78.126609674009, 0.01 , 0.01 ,24.35 , 9.75 , 0.79 , -0.38 , 359.18
2024-02-16 16:27:00,239 :- 00003: 245 , 30.00 , -0.10 || 1708081020, 17.601669072855 , 78.126609573963, 0.01 , 0.01 ,24.56 , 9.88 , 0.80 , -0.36 , 359.17
2024-02-16 16:27:00,269 :- 00004: 248 , 30.00 , -0.10 || 1708081020, 17.601669072855 , 78.126609573963, 0.01 , 0.01 ,24.56 , 9.78 , 0.82 , -0.33 , 359.17
2024-02-16 16:27:00,299 :- 00005: 251 , 30.00 , -0.10 || 1708081020, 17.601669072855 , 78.126609573963, 0.01 , 0.01 ,24.56 , 9.53 , 0.82 , -0.31 , 359.17
2024-02-16 16:27:00,329 :- 00006: 254 , 30.00 , -0.10 || 1708081020, 17.601669072855 , 78.126609573963, 0.01 , 0.01 ,24.66 , 10.19 , 0.83 , -0.28 , 359.17
2024-02-16 16:27:00,359 :- 00007: 001 , 30.00 , -0.10 || 1708081020, 17.601675258638 , 78.126609526828, 0.01 , 0.01 ,24.66 , 9.23 , 0.85 , -0.27 , 359.16
2024-02-16 16:27:00,389 :- 00008: 004 , 30.00 , -0.10 || 1708081020, 17.601675258638 , 78.126609526828, 0.01 , 0.01 ,24.66 , 9.44 , 0.86 , -0.28 , 359.16
2024-02-16 16:27:00,419 :- 00009: 007 , 30.00 , -0.10 || 1708081020, 17.601675258638 , 78.126609526828, 0.01 , 0.01 ,24.73 , 10.16 , 0.86 , -0.22 , 359.16
2024-02-16 16:27:00,449 :- 00010: 010 , 30.00 , -0.10 || 1708081020, 17.601681468839 , 78.126609434189, 0.01 , 0.01 ,24.73 , 9.73 , 0.87 , -0.25 , 359.16
2024-02-16 16:27:00,479 :- 00011: 013 , 30.00 , -0.10 || 1708081020, 17.601681468839 , 78.126609434189, 0.01 , 0.01 ,24.73 , 9.41 , 0.90 , -0.27 , 359.17
2024-02-16 16:27:00,509 :- 00012: 016 , 30.00 , -0.10 || 1708081020, 17.601681468839 , 78.126609434189, 0.01 , 0.01 ,24.73 , 9.80 , 0.91 , -0.25 , 359.17
2024-02-16 16:27:00,539 :- 00013: 019 , 30.00 , -0.10 || 1708081020, 17.601687701289 , 78.126609377569, 0.01 , 0.01 ,24.89 , 9.71 , 0.90 , -0.30 , 359.17
2024-02-16 16:27:00,569 :- 00014: 022 , 30.00 , -0.10 || 1708081020, 17.601687701289 , 78.126609377569, 0.01 , 0.01 ,24.89 , 9.49 , 0.91 , -0.30 , 359.17
2024-02-16 16:27:00,599 :- 00015: 025 , 30.00 , -0.10 || 1708081020, 17.601687701289 , 78.126609377569, 0.01 , 0.01 ,24.89 , 9.93 , 0.91 , -0.32 , 359.17
2024-02-16 16:27:00,629 :- 00016: 028 , 30.00 , -0.10 || 1708081020, 17.601687701289 , 78.126609377569, 0.01 , 0.01 ,24.82 , 10.02 , 0.92 , -0.34 , 359.17
2024-02-16 16:27:00,659 :- 00017: 031 , 30.00 , -0.10 || 1708081020, 17.601693950973 , 78.126609298313, 0.01 , 0.01 ,24.82 , 9.46 , 0.95 , -0.38 , 359.17
2024-02-16 16:27:00,689 :- 00018: 034 , 30.00 , -0.10 || 1708081020, 17.601693950973 , 78.126609298313, 0.01 , 0.01 ,24.82 , 9.70 , 0.94 , -0.41 , 359.17
2024-02-16 16:27:00,719 :- 00019: 037 , 30.00 , -0.10 || 1708081020, 17.601693950973 , 78.126609298313, 0.01 , 0.01 ,25.03 , 10.24 , 0.94 , -0.43 , 359.17
2024-02-16 16:27:00,749 :- 00020: 040 , 30.00 , -0.10 || 1708081020, 17.601700228565 , 78.126609226541, 0.01 , 0.01 ,25.03 , 9.81 , 0.94 , -0.46 , 359.17
2024-02-16 16:27:00,779 :- 00021: 043 , 30.00 , -0.10 || 1708081020, 17.601700228565 , 78.126609226541, 0.01 , 0.01 ,25.03 , 10.22 , 0.97 , -0.49 , 359.16
2024-02-16 16:27:00,809 :- 00022: 046 , 30.00 , -0.10 || 1708081020, 17.601700228565 , 78.126609226541, 0.01 , 0.01 ,25.03 , 9.75 , 0.98 , -0.48 , 359.16
2024-02-16 16:27:00,839 :- 00023: 049 , 30.00 , -0.10 || 1708081020, 17.601706546844 , 78.126609161178, 0.01 , 0.01 ,25.25 , 10.18 , 0.99 , -0.53 , 359.16
2024-02-16 16:27:00,869 :- 00024: 052 , 30.00 , -0.10 || 1708081020, 17.601706546844 , 78.126609161178, 0.01 , 0.01 ,25.25 , 10.31 , 1.00 , -0.51 , 359.16
2024-02-16 16:27:00,899 :- 00025: 055 , 30.00 , -0.10 || 1708081020, 17.601706546844 , 78.126609161178, 0.01 , 0.01 ,25.25 , 9.75 , 1.02 , -0.52 , 359.16
2024-02-16 16:27:00,929 :- 00026: 058 , 30.00 , -0.10 || 1708081020, 17.601706546844 , 78.126609161178, 0.01 , 0.01 ,25.38 , 9.86 , 1.00 , -0.51 , 359.15
2024-02-16 16:27:00,959 :- 00027: 061 , 30.00 , -0.10 || 1708081020, 17.601712904256 , 78.126609082077, 0.01 , 0.01 ,25.38 , 10.25 , 0.99 , -0.48 , 359.15
2024-02-16 16:27:00,989 :- 00028: 064 , 30.00 , -0.10 || 1708081020, 17.601712904256 , 78.126609082077, 0.01 , 0.01 ,25.38 , 9.58 , 0.99 , -0.48 , 359.15
2024-02-16 16:27:01,019 :- 00029: 067 , 30.00 , -0.20 || 1708081021, 17.601712904256 , 78.126609082077, 0.01 , 0.01 ,25.38 , 9.89 , 0.98 , -0.44 , 359.14
2024-02-16 16:27:01,049 :- 00030: 070 , 30.00 , -0.20 || 1708081021, 17.601719314061 , 78.126608994086, 0.01 , 0.01 ,25.54 , 9.91 , 0.98 , -0.43 , 359.14
2024-02-16 16:27:01,079 :- 00031: 073 , 30.00 , -0.20 || 1708081021, 17.601719314061 , 78.126608994086, 0.01 , 0.01 ,25.54 , 9.63 , 0.98 , -0.43 , 359.14
2024-02-16 16:27:01,109 :- 00032: 076 , 30.00 , -0.10 || 1708081021, 17.601719314061 , 78.126608994086, 0.01 , 0.01 ,25.54 , 9.96 , 0.98 , -0.39 , 359.14
2024-02-16 16:27:01,139 :- 00033: 079 , 30.00 , -0.10 || 1708081021, 17.601725752627 , 78.126608922162, 0.01 , 0.01 ,25.72 , 9.47 , 0.97 , -0.38 , 359.13
2024-02-16 16:27:01,169 :- 00034: 082 , 30.00 , -0.10 || 1708081021, 17.601725752627 , 78.126608922162, 0.01 , 0.01 ,25.72 , 9.80 , 0.98 , -0.36 , 359.13
2024-02-16 16:27:01,199 :- 00035: 085 , 30.00 , -0.10 || 1708081021, 17.601725752627 , 78.126608922162, 0.01 , 0.01 ,25.72 , 9.83 , 0.96 , -0.33 , 359.12
2024-02-16 16:27:01,229 :- 00036: 088 , 30.00 , -0.10 || 1708081021, 17.601725752627 , 78.126608922162, 0.01 , 0.01 ,25.81 , 9.38 , 0.97 , -0.33 , 359.12
2024-02-16 16:27:01,259 :- 00037: 091 , 30.00 , -0.10 || 1708081021, 17.601732214712 , 78.126608812891, 0.01 , 0.01 ,25.81 , 9.66 , 0.93 , -0.31 , 359.12
2024-02-16 16:27:01,289 :- 00038: 094 , 30.00 , -0.10 || 1708081021, 17.601732214712 , 78.126608812891, 0.01 , 0.01 ,25.81 , 9.46 , 0.93 , -0.31 , 359.13
2024-02-16 16:27:01,319 :- 00039: 097 , 30.00 , -0.20 || 1708081021, 17.601732214712 , 78.126608812891, 0.01 , 0.01 ,25.67 , 9.78 , 0.91 , -0.33 , 359.13
2024-02-16 16:27:01,349 :- 00040: 100 , 30.00 , -0.20 || 1708081021, 17.601738669459 , 78.126608730342, 0.01 , 0.01 ,25.67 , 9.97 , 0.90 , -0.32 , 359.13
2024-02-16 16:27:01,379 :- 00041: 103 , 30.00 , -0.20 || 1708081021, 17.601738669459 , 78.126608730342, 0.01 , 0.01 ,25.67 , 9.60 , 0.87 , -0.37 , 359.13
2024-02-16 16:27:01,409 :- 00042: 106 , 30.00 , -0.20 || 1708081021, 17.601738669459 , 78.126608730342, 0.01 , 0.01 ,25.67 , 9.65 , 0.85 , -0.37 , 359.13
2024-02-16 16:27:01,439 :- 00043: 109 , 30.00 , -0.20 || 1708081021, 17.601745177869 , 78.126608636132, 0.01 , 0.01 ,25.96 , 9.97 , 0.80 , -0.38 , 359.13
2024-02-16 16:27:01,469 :- 00044: 112 , 30.00 , -0.20 || 1708081021, 17.601745177869 , 78.126608636132, 0.01 , 0.01 ,25.96 , 9.70 , 0.79 , -0.40 , 359.13
2024-02-16 16:27:01,499 :- 00045: 115 , 30.00 , -0.20 || 1708081021, 17.601745177869 , 78.126608636132, 0.01 , 0.01 ,25.96 , 10.04 , 0.75 , -0.42 , 359.13
2024-02-16 16:27:01,529 :- 00046: 118 , 30.00 , -0.10 || 1708081021, 17.601745177869 , 78.126608636132, 0.01 , 0.01 ,26.00 , 9.80 , 0.76 , -0.42 , 359.14
2024-02-16 16:27:01,559 :- 00047: 121 , 30.00 , -0.10 || 1708081021, 17.601751682413 , 78.126608522311, 0.01 , 0.01 ,26.00 , 9.98 , 0.77 , -0.44 , 359.15
2024-02-16 16:27:01,589 :- 00048: 124 , 30.00 , -0.10 || 1708081021, 17.601751682413 , 78.126608522311, 0.01 , 0.01 ,26.00 , 9.95 , 0.75 , -0.45 , 359.15
2024-02-16 16:27:01,619 :- 00049: 127 , 30.00 , -0.20 || 1708081021, 17.601751682413 , 78.126608522311, 0.01 , 0.01 ,26.19 , 9.84 , 0.78 , -0.47 , 359.16
2024-02-16 16:27:01,649 :- 00050: 130 , 30.00 , -0.20 || 1708081021, 17.601758239520 , 78.126608453169, 0.01 , 0.01 ,26.19 , 9.86 , 0.79 , -0.48 , 359.17
2024-02-16 16:27:01,669 :- 00051: 132 , 30.00 , -0.20 || 1708081021, 17.601758239520 , 78.126608453169, 0.01 , 0.01 ,26.19 , 9.88 , 0.81 , -0.47 , 359.18
2024-02-16 16:27:01,699 :- 00052: 135 , 30.00 , -0.20 || 1708081021, 17.601758239520 , 78.126608453169, 0.01 , 0.01 ,26.19 , 10.02 , 0.83 , -0.49 , 359.19
2024-02-16 16:27:01,729 :- 00053: 138 , 30.00 , -0.20 || 1708081021, 17.601758239520 , 78.126608453169, 0.01 , 0.01 ,26.22 , 10.00 , 0.83 , -0.45 , 359.20
2024-02-16 16:27:01,759 :- 00054: 141 , 30.00 , -0.20 || 1708081021, 17.601764820215 , 78.126608370078, 0.01 , 0.01 ,26.22 , 9.79 , 0.85 , -0.46 , 359.21
2024-02-16 16:27:01,789 :- 00055: 144 , 30.00 , -0.20 || 1708081021, 17.601764820215 , 78.126608370078, 0.01 , 0.01 ,26.22 , 9.52 , 0.86 , -0.46 , 359.22
2024-02-16 16:27:01,819 :- 00056: 147 , 30.00 , -0.20 || 1708081021, 17.601764820215 , 78.126608370078, 0.01 , 0.01 ,26.54 , 10.09 , 0.89 , -0.43 , 359.24
2024-02-16 16:27:01,849 :- 00057: 150 , 30.00 , -0.20 || 1708081021, 17.601771454777 , 78.126608309554, 0.01 , 0.01 ,26.54 , 9.67 , 0.90 , -0.44 , 359.25
2024-02-16 16:27:01,879 :- 00058: 153 , 30.00 , -0.20 || 1708081021, 17.601771454777 , 78.126608309554, 0.01 , 0.01 ,26.54 , 9.79 , 0.96 , -0.42 , 359.26
2024-02-16 16:27:01,909 :- 00059: 156 , 30.00 , -0.20 || 1708081021, 17.601771454777 , 78.126608309554, 0.01 , 0.01 ,26.54 , 10.04 , 1.00 , -0.41 , 359.27
2024-02-16 16:27:01,939 :- 00060: 159 , 30.00 , -0.20 || 1708081021, 17.601778108177 , 78.126608259011, 0.01 , 0.01 ,26.54 , 9.89 , 1.06 , -0.40 , 359.28
2024-02-16 16:27:01,969 :- 00061: 162 , 30.00 , -0.20 || 1708081021, 17.601778108177 , 78.126608259011, 0.01 , 0.01 ,26.54 , 9.43 , 1.10 , -0.38 , 359.27
2024-02-16 16:27:01,999 :- 00062: 165 , 30.00 , -0.20 || 1708081021, 17.601778108177 , 78.126608259011, 0.01 , 0.01 ,26.54 , 9.46 , 1.11 , -0.41 , 359.28
2024-02-16 16:27:02,029 :- 00063: 168 , 30.00 , -0.10 || 1708081022, 17.601778108177 , 78.126608259011, 0.01 , 0.01 ,26.54 , 9.87 , 1.12 , -0.39 , 359.28
2024-02-16 16:27:02,059 :- 00064: 171 , 30.00 , -0.10 || 1708081022, 17.601784787480 , 78.126608214946, 0.01 , 0.01 ,26.58 , 9.99 , 1.18 , -0.39 , 359.29
2024-02-16 16:27:02,089 :- 00065: 174 , 30.00 , -0.10 || 1708081022, 17.601784787480 , 78.126608214946, 0.01 , 0.01 ,26.58 , 9.34 , 1.22 , -0.43 , 359.30
2024-02-16 16:27:02,119 :- 00066: 177 , 30.00 , -0.00 || 1708081022, 17.601784787480 , 78.126608214946, 0.01 , 0.01 ,26.73 , 9.79 , 1.25 , -0.44 , 359.31
2024-02-16 16:27:02,149 :- 00067: 180 , 30.00 , -0.00 || 1708081022, 17.601791493568 , 78.126608187262, 0.01 , 0.01 ,26.73 , 9.89 , 1.26 , -0.45 , 359.31
2024-02-16 16:27:02,179 :- 00068: 183 , 30.00 , -0.00 || 1708081022, 17.601791493568 , 78.126608187262, 0.01 , 0.01 ,26.73 , 9.15 , 1.30 , -0.50 , 359.32
2024-02-16 16:27:02,209 :- 00069: 186 , 30.00 , -0.00 || 1708081022, 17.601791493568 , 78.126608187262, 0.01 , 0.01 ,26.73 , 10.76 , 1.30 , -0.50 , 359.32
2024-02-16 16:27:02,239 :- 00070: 189 , 30.00 , -0.00 || 1708081022, 17.601798217780 , 78.126608134929, 0.01 , 0.01 ,26.83 , 10.11 , 1.34 , -0.49 , 359.32
2024-02-16 16:27:02,269 :- 00071: 192 , 30.00 , -0.00 || 1708081022, 17.601798217780 , 78.126608134929, 0.01 , 0.01 ,26.83 , 9.52 , 1.38 , -0.52 , 359.32
2024-02-16 16:27:02,299 :- 00072: 195 , 30.00 , -0.00 || 1708081022, 17.601798217780 , 78.126608134929, 0.01 , 0.01 ,26.83 , 10.57 , 1.36 , -0.46 , 359.32
2024-02-16 16:27:02,329 :- 00073: 198 , 30.00 , -0.00 || 1708081022, 17.601798217780 , 78.126608134929, 0.01 , 0.01 ,27.00 , 9.34 , 1.35 , -0.45 , 359.32
2024-02-16 16:27:02,359 :- 00074: 201 , 30.00 , -0.00 || 1708081022, 17.601804987951 , 78.126608096958, 0.01 , 0.01 ,27.00 , 10.21 , 1.33 , -0.51 , 359.32
2024-02-16 16:27:02,389 :- 00075: 204 , 30.00 , -0.00 || 1708081022, 17.601804987951 , 78.126608096958, 0.01 , 0.01 ,27.00 , 10.00 , 1.29 , -0.49 , 359.31
2024-02-16 16:27:02,419 :- 00076: 207 , 30.00 , 00.10 || 1708081022, 17.601804987951 , 78.126608096958, 0.01 , 0.01 ,27.05 , 9.70 , 1.28 , -0.49 , 359.30
2024-02-16 16:27:02,449 :- 00077: 210 , 30.00 , 00.10 || 1708081022, 17.601811761920 , 78.126608002055, 0.01 , 0.01 ,27.05 , 9.56 , 1.26 , -0.49 , 359.29
2024-02-16 16:27:02,479 :- 00078: 213 , 30.00 , 00.10 || 1708081022, 17.601811761920 , 78.126608002055, 0.01 , 0.01 ,27.05 , 10.60 , 1.21 , -0.45 , 359.28
2024-02-16 16:27:02,509 :- 00079: 216 , 30.00 , 00.10 || 1708081022, 17.601811761920 , 78.126608002055, 0.01 , 0.01 ,27.05 , 9.23 , 1.21 , -0.45 , 359.28
2024-02-16 16:27:02,539 :- 00080: 219 , 30.00 , 00.10 || 1708081022, 17.601818584833 , 78.126607925794, 0.01 , 0.01 ,27.26 , 8.65 , 1.23 , -0.45 , 359.26
2024-02-16 16:27:02,569 :- 00081: 222 , 30.00 , 00.10 || 1708081022, 17.601818584833 , 78.126607925794, 0.01 , 0.01 ,27.26 , 10.22 , 1.21 , -0.41 , 359.25
2024-02-16 16:27:02,599 :- 00082: 225 , 30.00 , 00.10 || 1708081022, 17.601818584833 , 78.126607925794, 0.01 , 0.01 ,27.26 , 10.66 , 1.18 , -0.39 , 359.24
2024-02-16 16:27:02,629 :- 00083: 228 , 30.00 , 00.10 || 1708081022, 17.601818584833 , 78.126607925794, 0.01 , 0.01 ,27.33 , 9.39 , 1.21 , -0.37 , 359.23
2024-02-16 16:27:02,659 :- 00084: 231 , 30.00 , 00.10 || 1708081022, 17.601825445228 , 78.126607838429, 0.01 , 0.01 ,27.33 , 10.09 , 1.20 , -0.26 , 359.21
2024-02-16 16:27:02,689 :- 00085: 234 , 30.00 , 00.10 || 1708081022, 17.601825445228 , 78.126607838429, 0.01 , 0.01 ,27.33 , 10.76 , 1.18 , -0.22 , 359.20
2024-02-16 16:27:02,719 :- 00086: 237 , 30.00 , 00.10 || 1708081022, 17.601825445228 , 78.126607838429, 0.01 , 0.01 ,27.53 , 8.42 , 1.32 , -0.19 , 359.20
2024-02-16 16:27:02,749 :- 00087: 240 , 30.00 , 00.10 || 1708081022, 17.601832343603 , 78.126607777973, 0.01 , 0.01 ,27.53 , 9.35 , 1.32 , -0.15 , 359.19
2024-02-16 16:27:02,779 :- 00088: 243 , 30.00 , 00.10 || 1708081022, 17.601832343603 , 78.126607777973, 0.01 , 0.01 ,27.53 , 10.24 , 1.42 , -0.07 , 359.18
2024-02-16 16:27:02,809 :- 00089: 246 , 30.00 , 00.10 || 1708081022, 17.601832343603 , 78.126607777973, 0.01 , 0.01 ,27.53 , 9.34 , 1.44 , -0.12 , 359.18
2024-02-16 16:27:02,839 :- 00090: 249 , 30.00 , 00.10 || 1708081022, 17.601839259526 , 78.126607747741, 0.01 , 0.01 ,27.53 , 9.22 , 1.56 , -0.13 , 359.15
2024-02-16 16:27:02,869 :- 00091: 252 , 30.00 , 00.10 || 1708081022, 17.601839259526 , 78.126607747741, 0.01 , 0.01 ,27.53 , 9.45 , 1.57 , -0.10 , 359.14
2024-02-16 16:27:02,899 :- 00092: 255 , 30.00 , 00.10 || 1708081022, 17.601839259526 , 78.126607747741, 0.01 , 0.01 ,27.53 , 9.92 , 1.57 , -0.17 , 359.12
2024-02-16 16:27:02,929 :- 00093: 002 , 30.00 , 00.20 || 1708081022, 17.601839259526 , 78.126607747741, 0.01 , 0.01 ,27.54 , 8.59 , 1.59 , -0.21 , 359.11
2024-02-16 16:27:02,959 :- 00094: 005 , 30.00 , 00.20 || 1708081022, 17.601846173629 , 78.126607704041, 0.01 , 0.01 ,27.54 , 9.40 , 1.53 , -0.21 , 359.08
2024-02-16 16:27:02,989 :- 00095: 008 , 30.00 , 00.20 || 1708081022, 17.601846173629 , 78.126607704041, 0.01 , 0.01 ,27.54 , 11.00 , 1.49 , -0.22 , 359.08
2024-02-16 16:27:03,019 :- 00096: 011 , 30.00 , 00.20 || 1708081023, 17.601846173629 , 78.126607704041, 0.01 , 0.01 ,27.54 , 9.04 , 1.54 , -0.29 , 359.05
2024-02-16 16:27:03,049 :- 00097: 014 , 30.00 , 00.10 || 1708081023, 17.601853108845 , 78.126607581671, 0.01 , 0.01 ,27.71 , 9.65 , 1.55 , -0.30 , 359.04
2024-02-16 16:27:03,079 :- 00098: 017 , 30.00 , 00.10 || 1708081023, 17.601853108845 , 78.126607581671, 0.01 , 0.01 ,27.71 , 11.85 , 1.57 , -0.18 , 359.00
2024-02-16 16:27:03,109 :- 00099: 020 , 30.00 , 00.10 || 1708081023, 17.601853108845 , 78.126607581671, 0.01 , 0.01 ,27.71 , 10.11 , 1.62 , -0.22 , 358.99
2024-02-16 16:27:03,139 :- 00100: 023 , 30.00 , 00.20 || 1708081023, 17.601860100930 , 78.126607511931, 0.01 , 0.01 ,27.87 , 10.41 , 1.72 , -0.21 , 358.95
2024-02-16 16:27:03,169 :- 00101: 026 , 30.00 , 00.20 || 1708081023, 17.601860100930 , 78.126607511931, 0.01 , 0.01 ,27.87 , 10.06 , 1.76 , -0.09 , 358.92
2024-02-16 16:27:03,199 :- 00102: 029 , 30.00 , 00.20 || 1708081023, 17.601860100930 , 78.126607511931, 0.01 , 0.01 ,27.87 , 9.89 , 1.81 , -0.08 , 358.89
2024-02-16 16:27:03,229 :- 00103: 032 , 30.00 , 00.50 || 1708081023, 17.601860100930 , 78.126607511931, 0.01 , 0.01 ,28.23 , 9.01 , 1.85 , -0.07 , 358.88
2024-02-16 16:27:03,259 :- 00104: 035 , 30.00 , 00.70 || 1708081023, 17.601867178492 , 78.126607471017, 0.01 , 0.01 ,28.23 , 9.37 , 1.85 , 0.08 , 358.86
2024-02-16 16:27:03,289 :- 00105: 038 , 30.00 , 00.70 || 1708081023, 17.601867178492 , 78.126607471017, 0.01 , 0.01 ,28.23 , 9.20 , 1.84 , 0.10 , 358.86
2024-02-16 16:27:03,319 :- 00106: 041 , 30.00 , 00.70 || 1708081023, 17.601867178492 , 78.126607471017, 0.01 , 0.01 ,28.19 , 9.08 , 1.81 , 0.08 , 358.84
2024-02-16 16:27:03,349 :- 00107: 044 , 30.00 , 00.20 || 1708081023, 17.601874248070 , 78.126607337301, 0.01 , 0.01 ,28.19 , 9.94 , 1.77 , 0.12 , 358.83
2024-02-16 16:27:03,379 :- 00108: 047 , 30.00 , 00.20 || 1708081023, 17.601874248070 , 78.126607337301, 0.01 , 0.01 ,28.19 , 9.06 , 1.76 , 0.12 , 358.80
2024-02-16 16:27:03,409 :- 00109: 050 , 30.00 , 00.20 || 1708081023, 17.601874248070 , 78.126607337301, 0.01 , 0.01 ,28.19 , 9.79 , 1.72 , 0.09 , 358.78
2024-02-16 16:27:03,439 :- 00110: 053 , 30.00 , 00.20 || 1708081023, 17.601881329095 , 78.126607158965, 0.01 , 0.01 ,28.21 , 9.56 , 1.73 , 0.11 , 358.73
2024-02-16 16:27:03,469 :- 00111: 056 , 30.00 , 00.20 || 1708081023, 17.601881329095 , 78.126607158965, 0.01 , 0.01 ,28.21 , 9.19 , 1.74 , 0.05 , 358.70
2024-02-16 16:27:03,499 :- 00112: 059 , 30.00 , 00.20 || 1708081023, 17.601881329095 , 78.126607158965, 0.01 , 0.01 ,28.21 , 10.29 , 1.75 , 0.03 , 358.63
2024-02-16 16:27:03,529 :- 00113: 062 , 30.00 , 00.20 || 1708081023, 17.601881329095 , 78.126607158965, 0.01 , 0.01 ,28.30 , 9.87 , 1.75 , -0.01 , 358.59
2024-02-16 16:27:03,559 :- 00114: 065 , 30.00 , 00.20 || 1708081023, 17.601888421504 , 78.126607021652, 0.01 , 0.01 ,28.30 , 9.60 , 1.77 , -0.10 , 358.51
2024-02-16 16:27:03,589 :- 00115: 068 , 30.00 , 00.20 || 1708081023, 17.601888421504 , 78.126607021652, 0.01 , 0.01 ,28.30 , 9.96 , 1.76 , -0.10 , 358.49
2024-02-16 16:27:03,619 :- 00116: 071 , 30.00 , 00.20 || 1708081023, 17.601888421504 , 78.126607021652, 0.01 , 0.01 ,28.42 , 9.89 , 1.74 , -0.17 , 358.45
2024-02-16 16:27:03,649 :- 00117: 074 , 30.00 , 00.10 || 1708081023, 17.601895529745 , 78.126606857723, 0.01 , 0.01 ,28.42 , 10.44 , 1.72 , -0.21 , 358.44
2024-02-16 16:27:03,679 :- 00118: 077 , 30.00 , 00.10 || 1708081023, 17.601895529745 , 78.126606857723, 0.01 , 0.01 ,28.42 , 9.83 , 1.68 , -0.24 , 358.43
2024-02-16 16:27:03,709 :- 00119: 080 , 30.00 , 00.10 || 1708081023, 17.601895529745 , 78.126606857723, 0.01 , 0.01 ,28.42 , 10.21 , 1.65 , -0.29 , 358.43
2024-02-16 16:27:03,739 :- 00120: 083 , 30.00 , 00.10 || 1708081023, 17.601902709739 , 78.126606604035, 0.01 , 0.01 ,28.54 , 10.01 , 1.62 , -0.29 , 358.42
2024-02-16 16:27:03,769 :- 00121: 086 , 30.00 , 00.10 || 1708081023, 17.601902709739 , 78.126606604035, 0.01 , 0.01 ,28.54 , 10.38 , 1.59 , -0.32 , 358.42
2024-02-16 16:27:03,799 :- 00122: 089 , 30.00 , 00.10 || 1708081023, 17.601902709739 , 78.126606604035, 0.01 , 0.01 ,28.54 , 10.28 , 1.56 , -0.30 , 358.40
2024-02-16 16:27:03,829 :- 00123: 092 , 30.00 , 00.10 || 1708081023, 17.601902709739 , 78.126606604035, 0.01 , 0.01 ,28.73 , 10.12 , 1.54 , -0.32 , 358.38
2024-02-16 16:27:03,859 :- 00124: 095 , 30.00 , 00.00 || 1708081023, 17.601909914017 , 78.126606378362, 0.01 , 0.01 ,28.73 , 9.59 , 1.56 , -0.32 , 358.36
2024-02-16 16:27:03,889 :- 00125: 098 , 30.00 , 00.00 || 1708081023, 17.601909914017 , 78.126606378362, 0.01 , 0.01 ,28.73 , 9.79 , 1.52 , -0.32 , 358.35
2024-02-16 16:27:03,919 :- 00126: 101 , 30.00 , 00.00 || 1708081023, 17.601909914017 , 78.126606378362, 0.01 , 0.01 ,28.93 , 10.08 , 1.49 , -0.30 , 358.32
2024-02-16 16:27:03,949 :- 00127: 104 , 30.00 , -0.10 || 1708081023, 17.601917167598 , 78.126606172264, 0.01 , 0.01 ,28.93 , 9.73 , 1.51 , -0.29 , 358.31
2024-02-16 16:27:03,979 :- 00128: 107 , 30.00 , -0.10 || 1708081023, 17.601917167598 , 78.126606172264, 0.01 , 0.01 ,28.93 , 10.32 , 1.49 , -0.25 , 358.29
2024-02-16 16:27:04,009 :- 00129: 110 , 30.00 , -0.10 || 1708081023, 17.601917167598 , 78.126606172264, 0.01 , 0.01 ,28.93 , 9.19 , 1.49 , -0.24 , 358.28
2024-02-16 16:27:04,039 :- 00130: 113 , 30.00 , -0.10 || 1708081024, 17.601924447247 , 78.126605971517, 0.01 , 0.01 ,29.07 , 9.31 , 1.47 , -0.21 , 358.27
2024-02-16 16:27:04,069 :- 00131: 116 , 30.00 , -0.10 || 1708081024, 17.601924447247 , 78.126605971517, 0.01 , 0.01 ,29.07 , 9.74 , 1.44 , -0.20 , 358.27
2024-02-16 16:27:04,099 :- 00132: 119 , 30.00 , -0.10 || 1708081024, 17.601924447247 , 78.126605971517, 0.01 , 0.01 ,29.07 , 9.73 , 1.42 , -0.22 , 358.27
2024-02-16 16:27:04,129 :- 00133: 122 , 30.00 , -0.10 || 1708081024, 17.601924447247 , 78.126605971517, 0.01 , 0.01 ,29.14 , 9.25 , 1.42 , -0.23 , 358.27
2024-02-16 16:27:04,159 :- 00134: 125 , 30.00 , -0.10 || 1708081024, 17.601931749421 , 78.126605742896, 0.01 , 0.01 ,29.14 , 10.57 , 1.33 , -0.23 , 358.27
2024-02-16 16:27:04,189 :- 00135: 128 , 30.00 , -0.10 || 1708081024, 17.601931749421 , 78.126605742896, 0.01 , 0.01 ,29.14 , 9.77 , 1.33 , -0.25 , 358.27
2024-02-16 16:27:04,219 :- 00136: 131 , 30.00 , -0.10 || 1708081024, 17.601931749421 , 78.126605742896, 0.01 , 0.01 ,29.22 , 9.20 , 1.32 , -0.29 , 358.28
2024-02-16 16:27:04,249 :- 00137: 134 , 30.00 , -0.20 || 1708081024, 17.601939073918 , 78.126605502051, 0.01 , 0.01 ,29.22 , 9.67 , 1.34 , -0.28 , 358.29
2024-02-16 16:27:04,279 :- 00138: 137 , 30.00 , -0.20 || 1708081024, 17.601939073918 , 78.126605502051, 0.01 , 0.01 ,29.22 , 9.80 , 1.30 , -0.33 , 358.30
2024-02-16 16:27:04,309 :- 00139: 140 , 30.00 , -0.20 || 1708081024, 17.601939073918 , 78.126605502051, 0.01 , 0.01 ,29.22 , 9.42 , 1.33 , -0.35 , 358.30
2024-02-16 16:27:04,339 :- 00140: 143 , 30.00 , -0.20 || 1708081024, 17.601946423469 , 78.126605296341, 0.01 , 0.01 ,29.35 , 10.28 , 1.30 , -0.38 , 358.31
2024-02-16 16:27:04,369 :- 00141: 146 , 30.00 , -0.20 || 1708081024, 17.601946423469 , 78.126605296341, 0.01 , 0.01 ,29.35 , 10.33 , 1.29 , -0.36 , 358.31
2024-02-16 16:27:04,399 :- 00142: 149 , 30.00 , -0.20 || 1708081024, 17.601946423469 , 78.126605296341, 0.01 , 0.01 ,29.35 , 9.94 , 1.26 , -0.42 , 358.32
2024-02-16 16:27:04,429 :- 00143: 152 , 30.00 , -0.20 || 1708081024, 17.601946423469 , 78.126605296341, 0.01 , 0.01 ,29.41 , 10.76 , 1.20 , -0.43 , 358.33
2024-02-16 16:27:04,459 :- 00144: 155 , 30.00 , -0.20 || 1708081024, 17.601953792439 , 78.126605069500, 0.01 , 0.01 ,29.41 , 9.85 , 1.17 , -0.39 , 358.34
2024-02-16 16:27:04,489 :- 00145: 158 , 30.00 , -0.20 || 1708081024, 17.601953792439 , 78.126605069500, 0.01 , 0.01 ,29.41 , 9.95 , 1.13 , -0.43 , 358.34
2024-02-16 16:27:04,519 :- 00146: 161 , 30.00 , -0.20 || 1708081024, 17.601953792439 , 78.126605069500, 0.01 , 0.01 ,29.70 , 9.84 , 1.12 , -0.37 , 358.34
2024-02-16 16:27:04,549 :- 00147: 164 , 30.00 , -0.60 || 1708081024, 17.601961231963 , 78.126604823893, 0.01 , 0.01 ,29.70 , 10.05 , 1.11 , -0.36 , 358.34
2024-02-16 16:27:04,579 :- 00148: 167 , 30.00 , -0.80 || 1708081024, 17.601961231963 , 78.126604823893, 0.01 , 0.01 ,29.70 , 9.62 , 1.08 , -0.36 , 358.34
2024-02-16 16:27:04,609 :- 00149: 170 , 30.00 , -0.80 || 1708081024, 17.601961231963 , 78.126604823893, 0.01 , 0.01 ,29.70 , 9.90 , 1.07 , -0.35 , 358.34
2024-02-16 16:27:04,639 :- 00150: 173 , 30.00 , -0.80 || 1708081024, 17.601968688019 , 78.126604600534, 0.01 , 0.01 ,29.70 , 9.21 , 1.04 , -0.34 , 358.35
2024-02-16 16:27:04,669 :- 00151: 176 , 30.00 , -0.70 || 1708081024, 17.601968688019 , 78.126604600534, 0.01 , 0.01 ,29.70 , 9.64 , 1.01 , -0.37 , 358.35
2024-02-16 16:27:04,699 :- 00152: 179 , 30.00 , -0.70 || 1708081024, 17.601968688019 , 78.126604600534, 0.01 , 0.01 ,29.70 , 9.90 , 0.98 , -0.37 , 358.37
2024-02-16 16:27:04,729 :- 00153: 182 , 29.20 , -0.60 || 1708081024, 17.601968688019 , 78.126604600534, 0.01 , 0.01 ,29.81 , 9.26 , 0.96 , -0.39 , 358.38
2024-02-16 16:27:04,759 :- 00154: 185 , 29.20 , -0.60 || 1708081024, 17.601976151145 , 78.126604380896, 0.01 , 0.01 ,29.81 , 9.60 , 0.91 , -0.44 , 358.41
2024-02-16 16:27:04,789 :- 00155: 188 , 29.20 , -0.70 || 1708081024, 17.601976151145 , 78.126604380896, 0.01 , 0.01 ,29.81 , 10.06 , 0.88 , -0.43 , 358.44
2024-02-16 16:27:04,819 :- 00156: 191 , 29.30 , -0.70 || 1708081024, 17.601976151145 , 78.126604380896, 0.01 , 0.01 ,29.76 , 9.35 , 0.87 , -0.52 , 358.50
2024-02-16 16:27:04,849 :- 00157: 194 , 29.30 , -0.60 || 1708081024, 17.601983621547 , 78.126604137967, 0.01 , 0.01 ,29.76 , 10.35 , 0.80 , -0.56 , 358.54
2024-02-16 16:27:04,879 :- 00158: 197 , 29.30 , -0.50 || 1708081024, 17.601983621547 , 78.126604137967, 0.01 , 0.01 ,29.76 , 10.72 , 0.73 , -0.51 , 358.61
2024-02-16 16:27:04,909 :- 00159: 200 , 29.30 , -0.40 || 1708081024, 17.601983621547 , 78.126604137967, 0.01 , 0.01 ,29.76 , 9.58 , 0.75 , -0.56 , 358.65
2024-02-16 16:27:04,939 :- 00160: 203 , 29.30 , -0.30 || 1708081024, 17.601991143318 , 78.126603923038, 0.01 , 0.01 ,30.07 , 10.47 , 0.72 , -0.54 , 358.71
2024-02-16 16:27:04,969 :- 00161: 206 , 29.40 , -0.30 || 1708081024, 17.601991143318 , 78.126603923038, 0.01 , 0.01 ,30.07 , 10.00 , 0.76 , -0.48 , 358.74
2024-02-16 16:27:04,999 :- 00162: 209 , 29.40 , -0.30 || 1708081024, 17.601991143318 , 78.126603923038, 0.01 , 0.01 ,30.07 , 9.44 , 0.80 , -0.52 , 358.77
2024-02-16 16:27:05,029 :- 00163: 212 , 29.40 , -0.30 || 1708081025, 17.601991143318 , 78.126603923038, 0.01 , 0.01 ,30.25 , 10.77 , 0.82 , -0.46 , 358.78
2024-02-16 16:27:05,059 :- 00164: 215 , 29.50 , -0.30 || 1708081025, 17.601998716699 , 78.126603778621, 0.01 , 0.01 ,30.25 , 9.79 , 0.85 , -0.35 , 358.79
2024-02-16 16:27:05,089 :- 00165: 218 , 29.50 , -0.30 || 1708081025, 17.601998716699 , 78.126603778621, 0.01 , 0.01 ,30.25 , 10.21 , 0.88 , -0.33 , 358.79
2024-02-16 16:27:05,119 :- 00166: 221 , 29.50 , -0.30 || 1708081025, 17.601998716699 , 78.126603778621, 0.01 , 0.01 ,30.44 , 9.31 , 0.90 , -0.23 , 358.80
2024-02-16 16:27:05,149 :- 00167: 224 , 29.50 , -0.20 || 1708081025, 17.602006322168 , 78.126603669763, 0.01 , 0.01 ,30.44 , 10.12 , 0.90 , -0.17 , 358.80
2024-02-16 16:27:05,179 :- 00168: 227 , 29.50 , -0.20 || 1708081025, 17.602006322168 , 78.126603669763, 0.01 , 0.01 ,30.44 , 9.62 , 0.90 , -0.06 , 358.81
2024-02-16 16:27:05,209 :- 00169: 230 , 29.50 , -0.20 || 1708081025, 17.602006322168 , 78.126603669763, 0.01 , 0.01 ,30.44 , 9.60 , 0.89 , -0.03 , 358.82
2024-02-16 16:27:05,239 :- 00170: 233 , 29.50 , -0.20 || 1708081025, 17.602013920531 , 78.126603513768, 0.01 , 0.01 ,30.23 , 9.24 , 0.89 , 0.07 , 358.84
2024-02-16 16:27:05,269 :- 00171: 236 , 29.40 , -0.10 || 1708081025, 17.602013920531 , 78.126603513768, 0.01 , 0.01 ,30.23 , 9.08 , 0.87 , 0.10 , 358.84
2024-02-16 16:27:05,299 :- 00172: 239 , 29.30 , -0.10 || 1708081025, 17.602013920531 , 78.126603513768, 0.01 , 0.01 ,30.23 , 10.28 , 0.84 , 0.23 , 358.85
2024-02-16 16:27:05,329 :- 00173: 242 , 29.20 , -0.10 || 1708081025, 17.602013920531 , 78.126603513768, 0.01 , 0.01 ,30.00 , 8.91 , 0.82 , 0.28 , 358.86
2024-02-16 16:27:05,359 :- 00174: 245 , 29.10 , -0.10 || 1708081025, 17.602021465678 , 78.126603368298, 0.01 , 0.01 ,30.00 , 9.51 , 0.80 , 0.39 , 358.86
2024-02-16 16:27:05,389 :- 00175: 248 , 28.90 , -0.00 || 1708081025, 17.602021465678 , 78.126603368298, 0.01 , 0.01 ,30.00 , 9.58 , 0.77 , 0.40 , 358.87
2024-02-16 16:27:05,419 :- 00176: 251 , 28.80 , -0.00 || 1708081025, 17.602021465678 , 78.126603368298, 0.01 , 0.01 ,29.41 , 9.47 , 0.74 , 0.44 , 358.87
2024-02-16 16:27:05,449 :- 00177: 254 , 28.60 , -0.00 || 1708081025, 17.602028883531 , 78.126603228884, 0.01 , 0.01 ,29.41 , 9.90 , 0.69 , 0.45 , 358.87
2024-02-16 16:27:05,479 :- 00178: 001 , 28.40 , -0.00 || 1708081025, 17.602028883531 , 78.126603228884, 0.01 , 0.01 ,29.41 , 9.37 , 0.63 , 0.50 , 358.86
2024-02-16 16:27:05,509 :- 00179: 004 , 28.10 , -0.00 || 1708081025, 17.602028883531 , 78.126603228884, 0.01 , 0.01 ,29.41 , 9.96 , 0.58 , 0.48 , 358.86
2024-02-16 16:27:05,539 :- 00180: 007 , 27.90 , -0.00 || 1708081025, 17.602036021304 , 78.126603011484, 0.01 , 0.01 ,28.29 , 9.84 , 0.51 , 0.50 , 358.85
2024-02-16 16:27:05,569 :- 00181: 010 , 27.60 , -0.00 || 1708081025, 17.602036021304 , 78.126603011484, 0.01 , 0.01 ,28.29 , 9.94 , 0.49 , 0.49 , 358.85
2024-02-16 16:27:05,599 :- 00182: 013 , 27.40 , -0.00 || 1708081025, 17.602036021304 , 78.126603011484, 0.01 , 0.01 ,28.29 , 10.25 , 0.45 , 0.46 , 358.85
2024-02-16 16:27:05,629 :- 00183: 016 , 27.10 , -0.00 || 1708081025, 17.602036021304 , 78.126603011484, 0.01 , 0.01 ,27.37 , 9.76 , 0.43 , 0.47 , 358.84
2024-02-16 16:27:05,659 :- 00184: 019 , 26.80 , -0.00 || 1708081025, 17.602042956077 , 78.126602850862, 0.01 , 0.01 ,27.37 , 10.26 , 0.37 , 0.47 , 358.83
2024-02-16 16:27:05,689 :- 00185: 022 , 26.50 , 00.00 || 1708081025, 17.602042956077 , 78.126602850862, 0.01 , 0.01 ,27.37 , 10.54 , 0.35 , 0.48 , 358.82
2024-02-16 16:27:05,719 :- 00186: 025 , 26.20 , 00.00 || 1708081025, 17.602042956077 , 78.126602850862, 0.01 , 0.01 ,26.21 , 9.68 , 0.29 , 0.47 , 358.80
2024-02-16 16:27:05,749 :- 00187: 028 , 25.80 , 00.00 || 1708081025, 17.602049599226 , 78.126602693880, 0.01 , 0.01 ,26.21 , 10.41 , 0.29 , 0.50 , 358.80
2024-02-16 16:27:05,779 :- 00188: 031 , 25.40 , 00.00 || 1708081025, 17.602049599226 , 78.126602693880, 0.01 , 0.01 ,26.21 , 9.79 , 0.27 , 0.55 , 358.78
2024-02-16 16:27:05,809 :- 00189: 034 , 25.10 , 00.00 || 1708081025, 17.602049599226 , 78.126602693880, 0.01 , 0.01 ,26.21 , 10.05 , 0.26 , 0.57 , 358.77
2024-02-16 16:27:05,839 :- 00190: 037 , 24.70 , 00.10 || 1708081025, 17.602055976655 , 78.126602495976, 0.01 , 0.01 ,24.97 , 9.80 , 0.26 , 0.70 , 358.76
2024-02-16 16:27:05,869 :- 00191: 040 , 24.40 , 00.10 || 1708081025, 17.602055976655 , 78.126602495976, 0.01 , 0.01 ,24.97 , 9.38 , 0.28 , 0.74 , 358.75
2024-02-16 16:27:05,899 :- 00192: 043 , 24.00 , 00.10 || 1708081025, 17.602055976655 , 78.126602495976, 0.01 , 0.01 ,24.97 , 9.22 , 0.31 , 0.80 , 358.73
2024-02-16 16:27:05,929 :- 00193: 046 , 23.60 , 00.10 || 1708081025, 17.602055976655 , 78.126602495976, 0.01 , 0.01 ,23.75 , 9.29 , 0.32 , 0.84 , 358.73
2024-02-16 16:27:05,959 :- 00194: 049 , 23.20 , 00.10 || 1708081025, 17.602062027075 , 78.126602358804, 0.01 , 0.01 ,23.75 , 9.40 , 0.34 , 0.90 , 358.71
2024-02-16 16:27:05,989 :- 00195: 052 , 22.80 , 00.10 || 1708081025, 17.602062027075 , 78.126602358804, 0.01 , 0.01 ,23.75 , 9.42 , 0.34 , 0.92 , 358.70
2024-02-16 16:27:06,019 :- 00196: 055 , 22.40 , 00.10 || 1708081026, 17.602062027075 , 78.126602358804, 0.01 , 0.01 ,23.75 , 9.49 , 0.35 , 0.94 , 358.68
2024-02-16 16:27:06,049 :- 00197: 058 , 22.00 , 00.10 || 1708081026, 17.602067695220 , 78.126602206672, 0.01 , 0.01 ,22.08 , 9.86 , 0.35 , 0.97 , 358.68
2024-02-16 16:27:06,079 :- 00198: 061 , 21.50 , 00.10 || 1708081026, 17.602067695220 , 78.126602206672, 0.01 , 0.01 ,22.08 , 9.71 , 0.35 , 0.99 , 358.66
2024-02-16 16:27:06,109 :- 00199: 064 , 21.20 , 00.10 || 1708081026, 17.602067695220 , 78.126602206672, 0.01 , 0.01 ,22.08 , 9.56 , 0.36 , 0.99 , 358.65
2024-02-16 16:27:06,139 :- 00200: 067 , 20.80 , 00.10 || 1708081026, 17.602073005168 , 78.126602111931, 0.01 , 0.01 ,20.77 , 9.66 , 0.36 , 1.01 , 358.63
2024-02-16 16:27:06,169 :- 00201: 070 , 20.40 , 00.10 || 1708081026, 17.602073005168 , 78.126602111931, 0.01 , 0.01 ,20.77 , 9.74 , 0.35 , 1.05 , 358.63
2024-02-16 16:27:06,199 :- 00202: 073 , 20.00 , 00.10 || 1708081026, 17.602073005168 , 78.126602111931, 0.01 , 0.01 ,20.77 , 9.44 , 0.36 , 1.01 , 358.61
2024-02-16 16:27:06,229 :- 00203: 076 , 19.60 , 00.10 || 1708081026, 17.602073005168 , 78.126602111931, 0.01 , 0.01 ,19.57 , 9.84 , 0.38 , 1.03 , 358.61
2024-02-16 16:27:06,259 :- 00204: 079 , 19.20 , 00.10 || 1708081026, 17.602077986367 , 78.126601967674, 0.01 , 0.01 ,19.57 , 9.67 , 0.43 , 1.05 , 358.59
2024-02-16 16:27:06,289 :- 00205: 082 , 18.70 , 00.20 || 1708081026, 17.602077986367 , 78.126601967674, 0.01 , 0.01 ,19.57 , 9.48 , 0.43 , 0.99 , 358.59
2024-02-16 16:27:06,319 :- 00206: 085 , 18.30 , 00.20 || 1708081026, 17.602077986367 , 78.126601967674, 0.01 , 0.01 ,17.80 , 9.56 , 0.51 , 0.96 , 358.57
2024-02-16 16:27:06,349 :- 00207: 088 , 17.90 , 00.20 || 1708081026, 17.602082578286 , 78.126601846433, 0.01 , 0.01 ,17.80 , 9.95 , 0.55 , 0.95 , 358.56
2024-02-16 16:27:06,379 :- 00208: 091 , 17.50 , 00.20 || 1708081026, 17.602082578286 , 78.126601846433, 0.01 , 0.01 ,17.80 , 9.74 , 0.63 , 0.87 , 358.54
2024-02-16 16:27:06,409 :- 00209: 094 , 17.10 , 00.20 || 1708081026, 17.602082578286 , 78.126601846433, 0.01 , 0.01 ,17.80 , 9.89 , 0.75 , 0.85 , 358.52
2024-02-16 16:27:06,439 :- 00210: 097 , 16.70 , 00.20 || 1708081026, 17.602086785383 , 78.126601848661, 0.01 , 0.01 ,16.48 , 10.05 , 0.67 , 0.78 , 358.50
2024-02-16 16:27:06,469 :- 00211: 100 , 16.40 , 00.20 || 1708081026, 17.602086785383 , 78.126601848661, 0.01 , 0.01 ,16.48 , 9.83 , 0.64 , 0.69 , 358.49
2024-02-16 16:27:06,499 :- 00212: 103 , 16.00 , 00.20 || 1708081026, 17.602086785383 , 78.126601848661, 0.01 , 0.01 ,16.48 , 9.31 , 0.58 , 0.57 , 358.47
2024-02-16 16:27:06,529 :- 00213: 106 , 15.60 , 00.20 || 1708081026, 17.602086785383 , 78.126601848661, 0.01 , 0.01 ,15.20 , 11.11 , 0.60 , 0.75 , 358.47
2024-02-16 16:27:06,559 :- 00214: 109 , 15.20 , 00.20 || 1708081026, 17.602090685712 , 78.126601730498, 0.01 , 0.01 ,15.20 , 8.93 , 0.58 , 0.66 , 358.47
2024-02-16 16:27:06,589 :- 00215: 112 , 14.90 , 00.20 || 1708081026, 17.602090685712 , 78.126601730498, 0.01 , 0.01 ,15.20 , 9.55 , 0.50 , 0.60 , 358.47
2024-02-16 16:27:06,619 :- 00216: 115 , 14.50 , 00.20 || 1708081026, 17.602090685712 , 78.126601730498, 0.01 , 0.01 ,14.09 , 12.02 , 0.52 , 0.90 , 358.45
2024-02-16 16:27:06,649 :- 00217: 118 , 14.10 , 00.20 || 1708081026, 17.602094292311 , 78.126601581598, 0.01 , 0.01 ,14.09 , 8.75 , 0.49 , 0.78 , 358.46
2024-02-16 16:27:06,679 :- 00218: 121 , 13.80 , 00.20 || 1708081026, 17.602094292311 , 78.126601581598, 0.01 , 0.01 ,14.09 , 9.45 , 0.41 , 0.65 , 358.44
2024-02-16 16:27:06,709 :- 00219: 124 , 13.40 , 00.20 || 1708081026, 17.602094292311 , 78.126601581598, 0.01 , 0.01 ,14.09 , 10.36 , 0.44 , 0.81 , 358.43
2024-02-16 16:27:06,739 :- 00220: 127 , 13.00 , 00.20 || 1708081026, 17.602097602478 , 78.126601461355, 0.01 , 0.01 ,12.85 , 9.46 , 0.43 , 0.77 , 358.41
2024-02-16 16:27:06,769 :- 00221: 130 , 12.70 , 00.20 || 1708081026, 17.602097602478 , 78.126601461355, 0.01 , 0.01 ,12.85 , 9.84 , 0.41 , 0.74 , 358.40
2024-02-16 16:27:06,799 :- 00222: 133 , 12.40 , 00.20 || 1708081026, 17.602097602478 , 78.126601461355, 0.01 , 0.01 ,12.85 , 9.72 , 0.44 , 0.79 , 358.38
2024-02-16 16:27:06,829 :- 00223: 136 , 12.00 , 00.20 || 1708081026, 17.602097602478 , 78.126601461355, 0.01 , 0.01 ,11.75 , 9.92 , 0.46 , 0.77 , 358.36
2024-02-16 16:27:06,859 :- 00224: 139 , 11.70 , 00.20 || 1708081026, 17.602100616936 , 78.126601381516, 0.01 , 0.01 ,11.75 , 10.03 , 0.49 , 0.75 , 358.34
2024-02-16 16:27:06,889 :- 00225: 142 , 11.40 , 00.20 || 1708081026, 17.602100616936 , 78.126601381516, 0.01 , 0.01 ,11.75 , 10.16 , 0.52 , 0.73 , 358.33
2024-02-16 16:27:06,919 :- 00226: 145 , 11.10 , 00.20 || 1708081026, 17.602100616936 , 78.126601381516, 0.01 , 0.01 ,10.61 , 9.92 , 0.57 , 0.73 , 358.31
2024-02-16 16:27:06,949 :- 00227: 148 , 10.80 , 00.20 || 1708081026, 17.602103339208 , 78.126601314041, 0.01 , 0.01 ,10.61 , 10.25 , 0.60 , 0.74 , 358.30
2024-02-16 16:27:06,989 :- 00228: 152 , 10.40 , 00.20 || 1708081026, 17.602103339208 , 78.126601314041, 0.01 , 0.01 ,10.61 , 9.71 , 0.67 , 0.73 , 358.28
2024-02-16 16:27:07,019 :- 00229: 155 , 10.10 , 00.20 || 1708081027, 17.602103339208 , 78.126601314041, 0.01 , 0.01 ,10.61 , 9.80 , 0.72 , 0.75 , 358.26
2024-02-16 16:27:07,049 :- 00230: 158 , 09.80 , 00.20 || 1708081027, 17.602105808200 , 78.126601269435, 0.01 , 0.01 ,9.56 , 9.76 , 0.74 , 0.77 , 358.25
2024-02-16 16:27:07,079 :- 00231: 161 , 09.50 , 00.20 || 1708081027, 17.602105808200 , 78.126601269435, 0.01 , 0.01 ,9.56 , 9.65 , 0.77 , 0.79 , 358.25
2024-02-16 16:27:07,109 :- 00232: 164 , 09.20 , 00.20 || 1708081027, 17.602105808200 , 78.126601269435, 0.01 , 0.01 ,9.56 , 9.41 , 0.78 , 0.80 , 358.24
2024-02-16 16:27:07,139 :- 00233: 167 , 08.90 , 00.20 || 1708081027, 17.602108043971 , 78.126601225948, 0.01 , 0.01 ,8.61 , 9.59 , 0.73 , 0.88 , 358.28
2024-02-16 16:27:07,169 :- 00234: 170 , 08.60 , 00.20 || 1708081027, 17.602108043971 , 78.126601225948, 0.01 , 0.01 ,8.61 , 9.59 , 0.65 , 0.93 , 358.33
2024-02-16 16:27:07,199 :- 00235: 173 , 08.20 , 00.20 || 1708081027, 17.602108043971 , 78.126601225948, 0.01 , 0.01 ,8.61 , 9.13 , 0.55 , 0.75 , 358.39
2024-02-16 16:27:07,229 :- 00236: 176 , 07.90 , 00.30 || 1708081027, 17.602108043971 , 78.126601225948, 0.01 , 0.01 ,6.68 , 7.59 , 0.47 , 0.54 , 358.37
2024-02-16 16:27:07,259 :- 00237: 179 , 07.60 , 00.30 || 1708081027, 17.602109877650 , 78.126601092134, 0.01 , 0.01 ,6.68 , 9.15 , 0.42 , 0.06 , 358.36
2024-02-16 16:27:07,289 :- 00238: 182 , 07.30 , 00.30 || 1708081027, 17.602109877650 , 78.126601092134, 0.01 , 0.01 ,6.68 , 9.45 , 0.47 , -0.14 , 358.35
2024-02-16 16:27:07,319 :- 00239: 185 , 07.00 , 00.30 || 1708081027, 17.602109877650 , 78.126601092134, 0.01 , 0.01 ,5.16 , 10.20 , 0.56 , -0.69 , 358.31
2024-02-16 16:27:07,349 :- 00240: 188 , 06.80 , 00.30 || 1708081027, 17.602111206129 , 78.126601014363, 0.01 , 0.01 ,5.16 , 11.63 , 0.60 , -0.87 , 358.29
2024-02-16 16:27:07,379 :- 00241: 191 , 06.60 , 00.30 || 1708081027, 17.602111206129 , 78.126601014363, 0.01 , 0.01 ,5.16 , 11.34 , 0.63 , -0.76 , 358.28
2024-02-16 16:27:07,409 :- 00242: 194 , 06.30 , 00.30 || 1708081027, 17.602111206129 , 78.126601014363, 0.01 , 0.01 ,5.16 , 10.92 , 0.58 , -0.68 , 358.27
2024-02-16 16:27:07,439 :- 00243: 197 , 06.10 , 00.20 || 1708081027, 17.602112685892 , 78.126601003651, 0.01 , 0.01 ,6.30 , 10.94 , 0.51 , -0.54 , 358.24
2024-02-16 16:27:07,469 :- 00244: 200 , 05.90 , 00.20 || 1708081027, 17.602112685892 , 78.126601003651, 0.01 , 0.01 ,6.30 , 9.19 , 0.49 , -0.39 , 358.24
2024-02-16 16:27:07,499 :- 00245: 203 , 05.70 , 00.10 || 1708081027, 17.602112685892 , 78.126601003651, 0.01 , 0.01 ,6.30 , 9.27 , 0.51 , -0.07 , 358.25
2024-02-16 16:27:07,529 :- 00246: 206 , 05.50 , 00.10 || 1708081027, 17.602112685892 , 78.126601003651, 0.01 , 0.01 ,6.29 , 8.76 , 0.52 , 0.10 , 358.25
2024-02-16 16:27:07,559 :- 00247: 209 , 05.40 , 00.10 || 1708081027, 17.602114286019 , 78.126600937181, 0.01 , 0.01 ,6.29 , 8.73 , 0.58 , 0.35 , 358.24
2024-02-16 16:27:07,589 :- 00248: 212 , 05.20 , 00.10 || 1708081027, 17.602114286019 , 78.126600937181, 0.01 , 0.01 ,6.29 , 8.72 , 0.60 , 0.43 , 358.23
2024-02-16 16:27:07,619 :- 00249: 215 , 05.10 , 00.10 || 1708081027, 17.602114286019 , 78.126600937181, 0.01 , 0.01 ,5.54 , 8.66 , 0.60 , 0.55 , 358.23
2024-02-16 16:27:07,649 :- 00250: 218 , 05.00 , 00.10 || 1708081027, 17.602115716112 , 78.126600882304, 0.01 , 0.01 ,5.54 , 9.18 , 0.58 , 0.58 , 358.22
2024-02-16 16:27:07,679 :- 00251: 221 , 05.00 , 00.10 || 1708081027, 17.602115716112 , 78.126600882304, 0.01 , 0.01 ,5.54 , 9.28 , 0.57 , 0.48 , 358.21
2024-02-16 16:27:07,709 :- 00252: 224 , 04.90 , 00.10 || 1708081027, 17.602115716112 , 78.126600882304, 0.01 , 0.01 ,5.54 , 9.65 , 0.58 , 0.38 , 358.20
2024-02-16 16:27:07,739 :- 00253: 227 , 04.90 , 00.10 || 1708081027, 17.602116922355 , 78.126600857559, 0.01 , 0.01 ,4.65 , 10.18 , 0.60 , 0.15 , 358.20
2024-02-16 16:27:07,769 :- 00254: 230 , 05.00 , 00.10 || 1708081027, 17.602116922355 , 78.126600857559, 0.01 , 0.01 ,4.65 , 10.63 , 0.62 , 0.01 , 358.20
2024-02-16 16:27:07,799 :- 00255: 233 , 05.00 , 00.10 || 1708081027, 17.602116922355 , 78.126600857559, 0.01 , 0.01 ,4.65 , 11.17 , 0.64 , -0.24 , 358.20
2024-02-16 16:27:07,829 :- 00256: 236 , 05.10 , 00.10 || 1708081027, 17.602116922355 , 78.126600857559, 0.01 , 0.01 ,4.60 , 11.36 , 0.65 , -0.36 , 358.20
2024-02-16 16:27:07,859 :- 00257: 239 , 05.10 , 00.10 || 1708081027, 17.602118057966 , 78.126600831614, 0.01 , 0.01 ,4.60 , 11.21 , 0.65 , -0.50 , 358.20
2024-02-16 16:27:07,889 :- 00258: 242 , 05.10 , 00.10 || 1708081027, 17.602118057966 , 78.126600831614, 0.01 , 0.01 ,4.60 , 10.89 , 0.65 , -0.55 , 358.20
2024-02-16 16:27:07,919 :- 00259: 245 , 05.10 , 00.00 || 1708081027, 17.602118057966 , 78.126600831614, 0.01 , 0.01 ,5.15 , 10.42 , 0.64 , -0.59 , 358.20
2024-02-16 16:27:07,949 :- 00260: 248 , 05.20 , 00.00 || 1708081027, 17.602119314614 , 78.126600790771, 0.01 , 0.01 ,5.15 , 10.01 , 0.64 , -0.57 , 358.20
2024-02-16 16:27:07,979 :- 00261: 251 , 05.20 , -0.00 || 1708081027, 17.602119314614 , 78.126600790771, 0.01 , 0.01 ,5.15 , 9.69 , 0.64 , -0.52 , 358.19
2024-02-16 16:27:08,009 :- 00262: 254 , 05.20 , -0.10 || 1708081027, 17.602119314614 , 78.126600790771, 0.01 , 0.01 ,5.15 , 9.34 , 0.63 , -0.47 , 358.19
2024-02-16 16:27:08,039 :- 00263: 001 , 05.10 , -0.10 || 1708081028, 17.602120656213 , 78.126600738719, 0.01 , 0.01 ,5.36 , 9.14 , 0.62 , -0.37 , 358.19
2024-02-16 16:27:08,069 :- 00264: 004 , 05.10 , -0.10 || 1708081028, 17.602120656213 , 78.126600738719, 0.01 , 0.01 ,5.36 , 8.96 , 0.61 , -0.32 , 358.19
2024-02-16 16:27:08,099 :- 00265: 007 , 05.10 , -0.20 || 1708081028, 17.602120656213 , 78.126600738719, 0.01 , 0.01 ,5.36 , 8.82 , 0.59 , -0.22 , 358.19
2024-02-16 16:27:08,129 :- 00266: 010 , 05.00 , -0.20 || 1708081028, 17.602120656213 , 78.126600738719, 0.01 , 0.01 ,5.38 , 9.01 , 0.57 , -0.18 , 358.19
2024-02-16 16:27:08,159 :- 00267: 013 , 05.00 , -0.30 || 1708081028, 17.602122001537 , 78.126600674106, 0.01 , 0.01 ,5.38 , 9.12 , 0.54 , -0.11 , 358.19
2024-02-16 16:27:08,189 :- 00268: 016 , 05.00 , -0.40 || 1708081028, 17.602122001537 , 78.126600674106, 0.01 , 0.01 ,5.38 , 9.29 , 0.53 , -0.09 , 358.19
2024-02-16 16:27:08,219 :- 00269: 019 , 04.90 , -0.40 || 1708081028, 17.602122001537 , 78.126600674106, 0.01 , 0.01 ,5.38 , 9.45 , 0.51 , -0.08 , 358.19
2024-02-16 16:27:08,249 :- 00270: 022 , 04.90 , -0.50 || 1708081028, 17.602123306067 , 78.126600611964, 0.01 , 0.01 ,5.18 , 9.73 , 0.50 , -0.07 , 358.19
2024-02-16 16:27:08,279 :- 00271: 025 , 04.90 , -0.50 || 1708081028, 17.602123306067 , 78.126600611964, 0.01 , 0.01 ,5.18 , 9.89 , 0.48 , -0.09 , 358.20
2024-02-16 16:27:08,309 :- 00272: 028 , 04.90 , -0.50 || 1708081028, 17.602123306067 , 78.126600611964, 0.01 , 0.01 ,5.18 , 10.13 , 0.46 , -0.11 , 358.20
2024-02-16 16:27:08,339 :- 00273: 031 , 04.90 , -0.50 || 1708081028, 17.602124570860 , 78.126600557944, 0.01 , 0.01 ,5.01 , 10.27 , 0.45 , -0.15 , 358.21
2024-02-16 16:27:08,369 :- 00274: 034 , 04.90 , -0.50 || 1708081028, 17.602124570860 , 78.126600557944, 0.01 , 0.01 ,5.01 , 10.41 , 0.46 , -0.17 , 358.21
2024-02-16 16:27:08,399 :- 00275: 037 , 05.00 , -0.50 || 1708081028, 17.602124570860 , 78.126600557944, 0.01 , 0.01 ,5.01 , 10.41 , 0.47 , -0.21 , 358.22
2024-02-16 16:27:08,429 :- 00276: 040 , 05.00 , -0.50 || 1708081028, 17.602124570860 , 78.126600557944, 0.01 , 0.01 ,5.10 , 10.42 , 0.47 , -0.22 , 358.23
2024-02-16 16:27:08,459 :- 00277: 043 , 05.00 , -0.50 || 1708081028, 17.602125851201 , 78.126600504413, 0.01 , 0.01 ,5.10 , 10.37 , 0.49 , -0.24 , 358.24
2024-02-16 16:27:08,489 :- 00278: 046 , 05.00 , -0.50 || 1708081028, 17.602125851201 , 78.126600504413, 0.01 , 0.01 ,5.10 , 10.23 , 0.50 , -0.25 , 358.24
2024-02-16 16:27:08,519 :- 00279: 049 , 05.10 , -0.50 || 1708081028, 17.602125851201 , 78.126600504413, 0.01 , 0.01 ,5.10 , 10.03 , 0.50 , -0.25 , 358.26
2024-02-16 16:27:08,549 :- 00280: 052 , 05.10 , -0.50 || 1708081028, 17.602127142667 , 78.126600484896, 0.01 , 0.01 ,5.15 , 9.88 , 0.51 , -0.25 , 358.26
2024-02-16 16:27:08,579 :- 00281: 055 , 05.10 , -0.50 || 1708081028, 17.602127142667 , 78.126600484896, 0.01 , 0.01 ,5.15 , 9.74 , 0.53 , -0.25 , 358.27
2024-02-16 16:27:08,609 :- 00282: 058 , 05.10 , -0.50 || 1708081028, 17.602127142667 , 78.126600484896, 0.01 , 0.01 ,5.15 , 9.64 , 0.53 , -0.25 , 358.27
2024-02-16 16:27:08,639 :- 00283: 061 , 05.10 , -0.50 || 1708081028, 17.602128469433 , 78.126600737626, 0.01 , 0.01 ,5.22 , 9.55 , 0.54 , -0.24 , 358.28
2024-02-16 16:27:08,669 :- 00284: 064 , 05.10 , -0.50 || 1708081028, 17.602128469433 , 78.126600737626, 0.01 , 0.01 ,5.22 , 9.43 , 0.55 , -0.24 , 358.28
2024-02-16 16:27:08,699 :- 00285: 067 , 05.10 , -0.50 || 1708081028, 17.602128469433 , 78.126600737626, 0.01 , 0.01 ,5.22 , 9.40 , 0.55 , -0.22 , 358.29
2024-02-16 16:27:08,729 :- 00286: 070 , 05.10 , -0.50 || 1708081028, 17.602128469433 , 78.126600737626, 0.01 , 0.01 ,5.30 , 9.41 , 0.54 , -0.22 , 358.29
2024-02-16 16:27:08,759 :- 00287: 073 , 05.10 , -0.50 || 1708081028, 17.602129783608 , 78.126600693036, 0.01 , 0.01 ,5.30 , 10.46 , 0.50 , -0.15 , 358.31
2024-02-16 16:27:08,789 :- 00288: 076 , 04.90 , -0.50 || 1708081028, 17.602129783608 , 78.126600693036, 0.01 , 0.01 ,5.30 , 12.75 , 0.47 , -0.08 , 358.33
2024-02-16 16:27:08,819 :- 00289: 079 , 04.70 , -0.50 || 1708081028, 17.602129783608 , 78.126600693036, 0.01 , 0.01 ,5.21 , 13.03 , 0.41 , 0.18 , 358.38
2024-02-16 16:27:08,849 :- 00290: 082 , 04.60 , -0.50 || 1708081028, 17.602131087868 , 78.126600624037, 0.01 , 0.01 ,5.21 , 13.38 , 0.40 , 0.25 , 358.39
2024-02-16 16:27:08,879 :- 00291: 085 , 04.60 , -0.50 || 1708081028, 17.602131087868 , 78.126600624037, 0.01 , 0.01 ,5.21 , 11.78 , 0.36 , 0.56 , 358.39
2024-02-16 16:27:08,909 :- 00292: 088 , 04.60 , -0.60 || 1708081028, 17.602131087868 , 78.126600624037, 0.01 , 0.01 ,5.21 , 10.11 , 0.36 , 0.73 , 358.38
2024-02-16 16:27:08,939 :- 00293: 091 , 04.70 , -0.60 || 1708081028, 17.602132400768 , 78.126600542831, 0.01 , 0.01 ,5.28 , 8.50 , 0.41 , 0.96 , 358.33
2024-02-16 16:27:08,969 :- 00294: 094 , 04.80 , -0.60 || 1708081028, 17.602132400768 , 78.126600542831, 0.01 , 0.01 ,5.28 , 6.77 , 0.41 , 1.06 , 358.31
2024-02-16 16:27:08,999 :- 00295: 097 , 04.90 , -0.60 || 1708081028, 17.602132400768 , 78.126600542831, 0.01 , 0.01 ,5.28 , 6.49 , 0.45 , 1.20 , 358.28
2024-02-16 16:27:09,029 :- 00296: 100 , 05.00 , -0.60 || 1708081029, 17.602132400768 , 78.126600542831, 0.01 , 0.01 ,5.05 , 5.36 , 0.47 , 1.22 , 358.27
2024-02-16 16:27:09,059 :- 00297: 103 , 05.20 , -0.60 || 1708081029, 17.602133704113 , 78.126600540079, 0.01 , 0.01 ,5.05 , 4.03 , 0.58 , 0.99 , 358.26
2024-02-16 16:27:09,089 :- 00298: 106 , 05.50 , -0.60 || 1708081029, 17.602133704113 , 78.126600540079, 0.01 , 0.01 ,5.05 , 3.43 , 0.62 , 0.79 , 358.27
2024-02-16 16:27:09,119 :- 00299: 109 , 05.60 , -0.60 || 1708081029, 17.602133704113 , 78.126600540079, 0.01 , 0.01 ,4.14 , 5.96 , 0.60 , 0.36 , 358.31
2024-02-16 16:27:09,149 :- 00300: 112 , 05.30 , -0.60 || 1708081029, 17.602134809504 , 78.126600563167, 0.01 , 0.01 ,4.14 , 9.46 , 0.62 , 0.26 , 358.35
2024-02-16 16:27:09,179 :- 00301: 115 , 05.00 , -0.70 || 1708081029, 17.602134809504 , 78.126600563167, 0.01 , 0.01 ,4.14 , 9.50 , 0.69 , -0.16 , 358.42
2024-02-16 16:27:09,209 :- 00302: 118 , 04.80 , -0.70 || 1708081029, 17.602134809504 , 78.126600563167, 0.01 , 0.01 ,4.14 , 10.60 , 0.71 , -0.51 , 358.44
2024-02-16 16:27:09,239 :- 00303: 121 , 04.70 , -0.80 || 1708081029, 17.602135846808 , 78.126600574827, 0.01 , 0.01 ,4.26 , 12.12 , 0.73 , -0.84 , 358.48
2024-02-16 16:27:09,269 :- 00304: 124 , 04.70 , -0.90 || 1708081029, 17.602135846808 , 78.126600574827, 0.01 , 0.01 ,4.26 , 12.75 , 0.72 , -0.98 , 358.48
2024-02-16 16:27:09,299 :- 00305: 127 , 04.70 , -1.10 || 1708081029, 17.602135846808 , 78.126600574827, 0.01 , 0.01 ,4.26 , 14.30 , 0.71 , -1.17 , 358.47
2024-02-16 16:27:09,329 :- 00306: 130 , 04.80 , -1.20 || 1708081029, 17.602135846808 , 78.126600574827, 0.01 , 0.01 ,5.21 , 15.29 , 0.68 , -1.14 , 358.46
2024-02-16 16:27:09,359 :- 00307: 133 , 04.90 , -1.40 || 1708081029, 17.602137067708 , 78.126600539306, 0.01 , 0.01 ,5.21 , 14.94 , 0.64 , -1.07 , 358.45
2024-02-16 16:27:09,389 :- 00308: 136 , 05.00 , -1.50 || 1708081029, 17.602137067708 , 78.126600539306, 0.01 , 0.01 ,5.21 , 13.35 , 0.63 , -0.94 , 358.45
2024-02-16 16:27:09,419 :- 00309: 139 , 05.10 , -1.60 || 1708081029, 17.602137067708 , 78.126600539306, 0.01 , 0.01 ,6.24 , 11.78 , 0.62 , -0.64 , 358.48
2024-02-16 16:27:09,449 :- 00310: 142 , 05.20 , -1.60 || 1708081029, 17.602138556714 , 78.126600462759, 0.01 , 0.01 ,6.24 , 10.04 , 0.63 , -0.50 , 358.50
2024-02-16 16:27:09,479 :- 00311: 145 , 05.30 , -1.60 || 1708081029, 17.602138556714 , 78.126600462759, 0.01 , 0.01 ,6.24 , 8.96 , 0.60 , -0.24 , 358.55
2024-02-16 16:27:09,509 :- 00312: 148 , 05.40 , -1.50 || 1708081029, 17.602138556714 , 78.126600462759, 0.01 , 0.01 ,6.24 , 8.47 , 0.58 , -0.14 , 358.58
2024-02-16 16:27:09,539 :- 00313: 151 , 05.60 , -1.50 || 1708081029, 17.602140131111 , 78.126600390176, 0.01 , 0.01 ,6.22 , 7.77 , 0.54 , 0.04 , 358.63
2024-02-16 16:27:09,569 :- 00314: 154 , 05.70 , -1.50 || 1708081029, 17.602140131111 , 78.126600390176, 0.01 , 0.01 ,6.22 , 7.52 , 0.53 , 0.09 , 358.65
2024-02-16 16:27:09,599 :- 00315: 157 , 05.70 , -1.50 || 1708081029, 17.602140131111 , 78.126600390176, 0.01 , 0.01 ,6.22 , 7.31 , 0.52 , 0.08 , 358.68
2024-02-16 16:27:09,629 :- 00316: 160 , 05.80 , -1.50 || 1708081029, 17.602140131111 , 78.126600390176, 0.01 , 0.01 ,5.86 , 7.44 , 0.51 , 0.07 , 358.69
2024-02-16 16:27:09,659 :- 00317: 163 , 05.80 , -1.50 || 1708081029, 17.602141613471 , 78.126600338572, 0.01 , 0.01 ,5.86 , 7.74 , 0.52 , -0.06 , 358.71
2024-02-16 16:27:09,689 :- 00318: 166 , 05.90 , -1.50 || 1708081029, 17.602141613471 , 78.126600338572, 0.01 , 0.01 ,5.86 , 8.07 , 0.53 , -0.13 , 358.72
2024-02-16 16:27:09,719 :- 00319: 169 , 05.90 , -1.50 || 1708081029, 17.602141613471 , 78.126600338572, 0.01 , 0.01 ,5.86 , 8.62 , 0.55 , -0.33 , 358.74
2024-02-16 16:27:09,749 :- 00320: 172 , 05.90 , -1.50 || 1708081029, 17.602143066023 , 78.126600163955, 0.01 , 0.01 ,5.86 , 9.14 , 0.57 , -0.45 , 358.75
2024-02-16 16:27:09,779 :- 00321: 175 , 06.00 , -1.50 || 1708081029, 17.602143066023 , 78.126600163955, 0.01 , 0.01 ,5.86 , 9.79 , 0.60 , -0.65 , 358.80
2024-02-16 16:27:09,809 :- 00322: 178 , 06.00 , -1.50 || 1708081029, 17.602143066023 , 78.126600163955, 0.01 , 0.01 ,5.86 , 10.26 , 0.61 , -0.76 , 358.82
2024-02-16 16:27:09,839 :- 00323: 181 , 06.10 , -1.50 || 1708081029, 17.602144589297 , 78.126600154221, 0.01 , 0.01 ,6.19 , 10.91 , 0.64 , -0.90 , 358.89
2024-02-16 16:27:09,869 :- 00324: 184 , 06.20 , -1.50 || 1708081029, 17.602144589297 , 78.126600154221, 0.01 , 0.01 ,6.19 , 11.43 , 0.65 , -0.95 , 358.92
2024-02-16 16:27:09,899 :- 00325: 187 , 06.30 , -1.50 || 1708081029, 17.602144589297 , 78.126600154221, 0.01 , 0.01 ,6.19 , 11.67 , 0.66 , -1.02 , 358.98
2024-02-16 16:27:09,929 :- 00326: 190 , 06.40 , -1.50 || 1708081029, 17.602144589297 , 78.126600154221, 0.01 , 0.01 ,6.95 , 11.84 , 0.66 , -1.01 , 359.00
2024-02-16 16:27:09,959 :- 00327: 193 , 06.50 , -1.50 || 1708081029, 17.602146277351 , 78.126600145680, 0.01 , 0.01 ,6.95 , 11.60 , 0.68 , -0.96 , 359.04
2024-02-16 16:27:09,989 :- 00328: 196 , 06.70 , -1.50 || 1708081029, 17.602146277351 , 78.126600145680, 0.01 , 0.01 ,6.95 , 10.96 , 0.69 , -0.91 , 359.06
2024-02-16 16:27:10,019 :- 00329: 199 , 06.90 , -1.50 || 1708081030, 17.602146277351 , 78.126600145680, 0.01 , 0.01 ,6.95 , 10.49 , 0.69 , -0.79 , 359.08
2024-02-16 16:27:10,049 :- 00330: 202 , 07.00 , -1.40 || 1708081030, 17.602148156285 , 78.126600111089, 0.01 , 0.01 ,7.63 , 10.03 , 0.70 , -0.72 , 359.10
2024-02-16 16:27:10,079 :- 00331: 205 , 07.20 , -1.40 || 1708081030, 17.602148156285 , 78.126600111089, 0.01 , 0.01 ,7.63 , 9.65 , 0.70 , -0.60 , 359.13
2024-02-16 16:27:10,109 :- 00332: 208 , 07.30 , -1.40 || 1708081030, 17.602148156285 , 78.126600111089, 0.01 , 0.01 ,7.63 , 9.32 , 0.69 , -0.56 , 359.15
2024-02-16 16:27:10,139 :- 00333: 211 , 07.50 , -1.30 || 1708081030, 17.602150166726 , 78.126600082106, 0.01 , 0.01 ,8.12 , 8.81 , 0.68 , -0.50 , 359.19
2024-02-16 16:27:10,169 :- 00334: 214 , 07.60 , -1.30 || 1708081030, 17.602150166726 , 78.126600082106, 0.01 , 0.01 ,8.12 , 8.62 , 0.68 , -0.49 , 359.22
2024-02-16 16:27:10,199 :- 00335: 217 , 07.70 , -1.20 || 1708081030, 17.602150166726 , 78.126600082106, 0.01 , 0.01 ,8.12 , 8.69 , 0.66 , -0.47 , 359.27
2024-02-16 16:27:10,229 :- 00336: 220 , 07.90 , -1.20 || 1708081030, 17.602150166726 , 78.126600082106, 0.01 , 0.01 ,8.15 , 8.84 , 0.66 , -0.49 , 359.29
2024-02-16 16:27:10,259 :- 00337: 223 , 08.00 , -1.20 || 1708081030, 17.602152209469 , 78.126600039846, 0.01 , 0.01 ,8.15 , 9.05 , 0.65 , -0.53 , 359.33
2024-02-16 16:27:10,289 :- 00338: 226 , 08.10 , -1.20 || 1708081030, 17.602152209469 , 78.126600039846, 0.01 , 0.01 ,8.15 , 9.29 , 0.65 , -0.57 , 359.35
2024-02-16 16:27:10,319 :- 00339: 229 , 08.20 , -1.20 || 1708081030, 17.602152209469 , 78.126600039846, 0.01 , 0.01 ,8.60 , 9.29 , 0.65 , -0.66 , 359.38
2024-02-16 16:27:10,349 :- 00340: 232 , 08.30 , -1.10 || 1708081030, 17.602154329144 , 78.126600009711, 0.01 , 0.01 ,8.60 , 9.70 , 0.65 , -0.69 , 359.40
2024-02-16 16:27:10,379 :- 00341: 235 , 08.40 , -1.10 || 1708081030, 17.602154329144 , 78.126600009711, 0.01 , 0.01 ,8.60 , 10.09 , 0.66 , -0.76 , 359.43
2024-02-16 16:27:10,409 :- 00342: 238 , 08.50 , -1.10 || 1708081030, 17.602154329144 , 78.126600009711, 0.01 , 0.01 ,8.60 , 10.59 , 0.67 , -0.79 , 359.45
2024-02-16 16:27:10,439 :- 00343: 241 , 08.60 , -1.10 || 1708081030, 17.602156562025 , 78.126599998632, 0.01 , 0.01 ,9.04 , 10.63 , 0.69 , -0.81 , 359.49
2024-02-16 16:27:10,469 :- 00344: 244 , 08.80 , -1.10 || 1708081030, 17.602156562025 , 78.126599998632, 0.01 , 0.01 ,9.04 , 10.32 , 0.70 , -0.82 , 359.51
2024-02-16 16:27:10,499 :- 00345: 247 , 08.90 , -1.10 || 1708081030, 17.602156562025 , 78.126599998632, 0.01 , 0.01 ,9.04 , 10.47 , 0.71 , -0.80 , 359.55
2024-02-16 16:27:10,529 :- 00346: 250 , 09.10 , -1.10 || 1708081030, 17.602156562025 , 78.126599998632, 0.01 , 0.01 ,9.69 , 10.38 , 0.72 , -0.79 , 359.57
2024-02-16 16:27:10,559 :- 00347: 253 , 09.20 , -1.10 || 1708081030, 17.602158952861 , 78.126599994337, 0.01 , 0.01 ,9.69 , 10.12 , 0.74 , -0.74 , 359.61
2024-02-16 16:27:10,589 :- 00348: 000 , 09.40 , -1.10 || 1708081030, 17.602158952861 , 78.126599994337, 0.01 , 0.01 ,9.69 , 10.00 , 0.76 , -0.72 , 359.63
2024-02-16 16:27:10,619 :- 00349: 003 , 09.50 , -1.10 || 1708081030, 17.602158952861 , 78.126599994337, 0.01 , 0.01 ,10.03 , 9.84 , 0.78 , -0.67 , 359.66
2024-02-16 16:27:10,649 :- 00350: 006 , 09.60 , -1.00 || 1708081030, 17.602161458089 , 78.126600003342, 0.01 , 0.01 ,10.03 , 9.81 , 0.78 , -0.65 , 359.69
2024-02-16 16:27:10,679 :- 00351: 009 , 09.80 , -1.00 || 1708081030, 17.602161458089 , 78.126600003342, 0.01 , 0.01 ,10.03 , 9.48 , 0.78 , -0.62 , 359.72
2024-02-16 16:27:10,709 :- 00352: 012 , 09.90 , -1.00 || 1708081030, 17.602161458089 , 78.126600003342, 0.01 , 0.01 ,10.03 , 9.41 , 0.77 , -0.61 , 359.74
2024-02-16 16:27:10,739 :- 00353: 015 , 10.00 , -1.00 || 1708081030, 17.602164081666 , 78.126599989862, 0.01 , 0.01 ,10.56 , 9.38 , 0.74 , -0.59 , 359.78
2024-02-16 16:27:10,769 :- 00354: 018 , 10.20 , -1.00 || 1708081030, 17.602164081666 , 78.126599989862, 0.01 , 0.01 ,10.56 , 9.32 , 0.72 , -0.60 , 359.80
2024-02-16 16:27:10,799 :- 00355: 021 , 10.30 , -1.00 || 1708081030, 17.602164081666 , 78.126599989862, 0.01 , 0.01 ,10.56 , 9.45 , 0.70 , -0.61 , 359.82
2024-02-16 16:27:10,829 :- 00356: 024 , 10.40 , -0.90 || 1708081030, 17.602164081666 , 78.126599989862, 0.01 , 0.01 ,10.75 , 9.65 , 0.69 , -0.62 , 359.84
2024-02-16 16:27:10,859 :- 00357: 027 , 10.50 , -0.90 || 1708081030, 17.602166769405 , 78.126599957758, 0.01 , 0.01 ,10.75 , 9.85 , 0.68 , -0.63 , 359.86
2024-02-16 16:27:10,889 :- 00358: 030 , 10.60 , -0.80 || 1708081030, 17.602166769405 , 78.126599957758, 0.01 , 0.01 ,10.75 , 9.86 , 0.68 , -0.64 , 359.88
2024-02-16 16:27:10,919 :- 00359: 033 , 10.70 , -0.80 || 1708081030, 17.602166769405 , 78.126599957758, 0.01 , 0.01 ,11.35 , 9.55 , 0.69 , -0.66 , 359.91
2024-02-16 16:27:10,949 :- 00360: 036 , 10.90 , -0.70 || 1708081030, 17.602169582779 , 78.126599956533, 0.01 , 0.01 ,11.35 , 9.85 , 0.70 , -0.65 , 359.93
2024-02-16 16:27:10,979 :- 00361: 039 , 11.00 , -0.70 || 1708081030, 17.602169582779 , 78.126599956533, 0.01 , 0.01 ,11.35 , 10.08 , 0.70 , -0.64 , 359.95
2024-02-16 16:27:11,009 :- 00362: 042 , 11.10 , -0.70 || 1708081030, 17.602169582779 , 78.126599956533, 0.01 , 0.01 ,11.35 , 10.29 , 0.71 , -0.64 , 359.97
2024-02-16 16:27:11,039 :- 00363: 045 , 11.20 , -0.60 || 1708081031, 17.602172521343 , 78.126600002898, 0.01 , 0.01 ,11.79 , 10.07 , 0.73 , -0.63 , 359.99
2024-02-16 16:27:11,069 :- 00364: 048 , 11.30 , -0.60 || 1708081031, 17.602172521343 , 78.126600002898, 0.01 , 0.01 ,11.79 , 9.92 , 0.75 , -0.61 , 0.00
2024-02-16 16:27:11,099 :- 00365: 051 , 11.50 , -0.60 || 1708081031, 17.602172521343 , 78.126600002898, 0.01 , 0.01 ,11.79 , 9.86 , 0.77 , -0.59 , 0.02
2024-02-16 16:27:11,129 :- 00366: 054 , 11.60 , -0.60 || 1708081031, 17.602172521343 , 78.126600002898, 0.01 , 0.01 ,12.27 , 10.13 , 0.78 , -0.57 , 0.03
2024-02-16 16:27:11,159 :- 00367: 057 , 11.70 , -0.60 || 1708081031, 17.602175562360 , 78.126600020087, 0.01 , 0.01 ,12.27 , 9.79 , 0.80 , -0.57 , 0.04
2024-02-16 16:27:11,189 :- 00368: 060 , 11.90 , -0.60 || 1708081031, 17.602175562360 , 78.126600020087, 0.01 , 0.01 ,12.27 , 9.71 , 0.81 , -0.56 , 0.05
2024-02-16 16:27:11,219 :- 00369: 063 , 12.00 , -0.60 || 1708081031, 17.602175562360 , 78.126600020087, 0.01 , 0.01 ,12.68 , 9.56 , 0.80 , -0.56 , 0.06
2024-02-16 16:27:11,249 :- 00370: 066 , 12.10 , -0.60 || 1708081031, 17.602178711608 , 78.126600042418, 0.01 , 0.01 ,12.68 , 9.52 , 0.79 , -0.57 , 0.06
2024-02-16 16:27:11,269 :- 00371: 068 , 12.20 , -0.60 || 1708081031, 17.602178711608 , 78.126600042418, 0.01 , 0.01 ,12.68 , 9.88 , 0.78 , -0.57 , 0.07
2024-02-16 16:27:11,299 :- 00372: 071 , 12.40 , -0.60 || 1708081031, 17.602178711608 , 78.126600042418, 0.01 , 0.01 ,12.68 , 9.67 , 0.76 , -0.60 , 0.09
2024-02-16 16:27:11,329 :- 00373: 074 , 12.50 , -0.60 || 1708081031, 17.602178711608 , 78.126600042418, 0.01 , 0.01 ,12.96 , 9.62 , 0.76 , -0.60 , 0.10
2024-02-16 16:27:11,359 :- 00374: 077 , 12.60 , -0.60 || 1708081031, 17.602181926434 , 78.126600031443, 0.01 , 0.01 ,12.96 , 9.71 , 0.73 , -0.63 , 0.12
2024-02-16 16:27:11,389 :- 00375: 080 , 12.70 , -0.60 || 1708081031, 17.602181926434 , 78.126600031443, 0.01 , 0.01 ,12.96 , 9.90 , 0.71 , -0.64 , 0.13
2024-02-16 16:27:11,419 :- 00376: 083 , 12.80 , -0.60 || 1708081031, 17.602181926434 , 78.126600031443, 0.01 , 0.01 ,13.43 , 10.00 , 0.66 , -0.64 , 0.15
2024-02-16 16:27:11,449 :- 00377: 086 , 12.90 , -0.60 || 1708081031, 17.602185252559 , 78.126600029507, 0.01 , 0.01 ,13.43 , 10.05 , 0.63 , -0.64 , 0.16
2024-02-16 16:27:11,479 :- 00378: 089 , 13.00 , -0.60 || 1708081031, 17.602185252559 , 78.126600029507, 0.01 , 0.01 ,13.43 , 9.99 , 0.57 , -0.64 , 0.18
2024-02-16 16:27:11,509 :- 00379: 092 , 13.10 , -0.60 || 1708081031, 17.602185252559 , 78.126600029507, 0.01 , 0.01 ,13.43 , 9.98 , 0.53 , -0.62 , 0.19
2024-02-16 16:27:11,539 :- 00380: 095 , 13.30 , -0.60 || 1708081031, 17.602188681769 , 78.126599993973, 0.01 , 0.01 ,13.78 , 9.54 , 0.49 , -0.60 , 0.21
2024-02-16 16:27:11,569 :- 00381: 098 , 13.40 , -0.60 || 1708081031, 17.602188681769 , 78.126599993973, 0.01 , 0.01 ,13.78 , 9.34 , 0.47 , -0.60 , 0.22
2024-02-16 16:27:11,599 :- 00382: 101 , 13.50 , -0.60 || 1708081031, 17.602188681769 , 78.126599993973, 0.01 , 0.01 ,13.78 , 9.71 , 0.43 , -0.58 , 0.24
2024-02-16 16:27:11,629 :- 00383: 104 , 13.60 , -0.60 || 1708081031, 17.602188681769 , 78.126599993973, 0.01 , 0.01 ,14.18 , 9.44 , 0.41 , -0.59 , 0.24
2024-02-16 16:27:11,659 :- 00384: 107 , 13.70 , -0.60 || 1708081031, 17.602192221181 , 78.126599960139, 0.01 , 0.01 ,14.18 , 9.41 , 0.39 , -0.60 , 0.26
2024-02-16 16:27:11,689 :- 00385: 110 , 13.80 , -0.60 || 1708081031, 17.602192221181 , 78.126599960139, 0.01 , 0.01 ,14.18 , 9.82 , 0.38 , -0.61 , 0.26
2024-02-16 16:27:11,719 :- 00386: 113 , 14.00 , -0.60 || 1708081031, 17.602192221181 , 78.126599960139, 0.01 , 0.01 ,14.45 , 9.72 , 0.36 , -0.66 , 0.28
2024-02-16 16:27:11,749 :- 00387: 116 , 14.10 , -0.60 || 1708081031, 17.602195839079 , 78.126599976122, 0.01 , 0.01 ,14.45 , 10.01 , 0.35 , -0.67 , 0.30
2024-02-16 16:27:11,779 :- 00388: 119 , 14.20 , -0.60 || 1708081031, 17.602195839079 , 78.126599976122, 0.01 , 0.01 ,14.45 , 9.96 , 0.35 , -0.75 , 0.32
2024-02-16 16:27:11,809 :- 00389: 122 , 14.30 , -0.60 || 1708081031, 17.602195839079 , 78.126599976122, 0.01 , 0.01 ,14.45 , 10.39 , 0.35 , -0.76 , 0.33
2024-02-16 16:27:11,839 :- 00390: 125 , 14.40 , -0.60 || 1708081031, 17.602199526068 , 78.126600000296, 0.01 , 0.01 ,14.81 , 10.37 , 0.36 , -0.78 , 0.36
2024-02-16 16:27:11,869 :- 00391: 128 , 14.50 , -0.60 || 1708081031, 17.602199526068 , 78.126600000296, 0.01 , 0.01 ,14.81 , 10.19 , 0.36 , -0.80 , 0.37
2024-02-16 16:27:11,899 :- 00392: 131 , 14.60 , -0.60 || 1708081031, 17.602199526068 , 78.126600000296, 0.01 , 0.01 ,14.81 , 10.46 , 0.35 , -0.77 , 0.39
2024-02-16 16:27:11,929 :- 00393: 134 , 14.80 , -0.60 || 1708081031, 17.602199526068 , 78.126600000296, 0.01 , 0.01 ,15.30 , 9.65 , 0.34 , -0.78 , 0.41
2024-02-16 16:27:11,959 :- 00394: 137 , 14.90 , -0.60 || 1708081031, 17.602203342350 , 78.126600036957, 0.01 , 0.01 ,15.30 , 9.69 , 0.32 , -0.78 , 0.43
2024-02-16 16:27:11,999 :- 00395: 141 , 15.00 , -0.60 || 1708081031, 17.602203342350 , 78.126600036957, 0.01 , 0.01 ,15.30 , 9.89 , 0.30 , -0.75 , 0.46
2024-02-16 16:27:12,029 :- 00396: 144 , 15.10 , -0.60 || 1708081032, 17.602203342350 , 78.126600036957, 0.01 , 0.01 ,15.71 , 9.23 , 0.28 , -0.77 , 0.47
2024-02-16 16:27:12,059 :- 00397: 147 , 15.30 , -0.60 || 1708081032, 17.602207267268 , 78.126600039949, 0.01 , 0.01 ,15.71 , 9.71 , 0.24 , -0.75 , 0.50
2024-02-16 16:27:12,089 :- 00398: 150 , 15.40 , -0.60 || 1708081032, 17.602207267268 , 78.126600039949, 0.01 , 0.01 ,15.71 , 9.15 , 0.22 , -0.76 , 0.51
2024-02-16 16:27:12,119 :- 00399: 153 , 15.50 , -0.60 || 1708081032, 17.602207267268 , 78.126600039949, 0.01 , 0.01 ,16.11 , 9.16 , 0.19 , -0.77 , 0.54
2024-02-16 16:27:12,149 :- 00400: 156 , 15.60 , -0.50 || 1708081032, 17.602211287492 , 78.126600046750, 0.01 , 0.01 ,16.11 , 9.68 , 0.16 , -0.79 , 0.55
2024-02-16 16:27:12,179 :- 00401: 159 , 15.70 , -0.50 || 1708081032, 17.602211287492 , 78.126600046750, 0.01 , 0.01 ,16.11 , 9.56 , 0.15 , -0.82 , 0.58
2024-02-16 16:27:12,209 :- 00402: 162 , 15.80 , -0.50 || 1708081032, 17.602211287492 , 78.126600046750, 0.01 , 0.01 ,16.11 , 9.69 , 0.15 , -0.83 , 0.59
2024-02-16 16:27:12,239 :- 00403: 165 , 15.80 , -0.40 || 1708081032, 17.602215370722 , 78.126600078043, 0.01 , 0.01 ,16.39 , 10.45 , 0.13 , -0.85 , 0.61
2024-02-16 16:27:12,269 :- 00404: 168 , 15.90 , -0.40 || 1708081032, 17.602215370722 , 78.126600078043, 0.01 , 0.01 ,16.39 , 10.27 , 0.14 , -0.86 , 0.62
2024-02-16 16:27:12,299 :- 00405: 171 , 16.00 , -0.40 || 1708081032, 17.602215370722 , 78.126600078043, 0.01 , 0.01 ,16.39 , 10.58 , 0.15 , -0.86 , 0.64
2024-02-16 16:27:12,329 :- 00406: 174 , 16.10 , -0.30 || 1708081032, 17.602215370722 , 78.126600078043, 0.01 , 0.01 ,16.82 , 10.43 , 0.15 , -0.86 , 0.65
2024-02-16 16:27:12,359 :- 00407: 177 , 16.30 , -0.30 || 1708081032, 17.602219551425 , 78.126600133211, 0.01 , 0.01 ,16.82 , 9.92 , 0.19 , -0.86 , 0.66
2024-02-16 16:27:12,389 :- 00408: 180 , 16.40 , -0.30 || 1708081032, 17.602219551425 , 78.126600133211, 0.01 , 0.01 ,16.82 , 10.26 , 0.22 , -0.82 , 0.67
2024-02-16 16:27:12,419 :- 00409: 183 , 16.50 , -0.30 || 1708081032, 17.602219551425 , 78.126600133211, 0.01 , 0.01 ,17.17 , 9.74 , 0.28 , -0.80 , 0.68
2024-02-16 16:27:12,449 :- 00410: 186 , 16.60 , -0.20 || 1708081032, 17.602223843791 , 78.126600207417, 0.01 , 0.01 ,17.17 , 9.73 , 0.30 , -0.78 , 0.68
2024-02-16 16:27:12,479 :- 00411: 189 , 16.70 , -0.20 || 1708081032, 17.602223843791 , 78.126600207417, 0.01 , 0.01 ,17.17 , 10.36 , 0.33 , -0.71 , 0.69
2024-02-16 16:27:12,509 :- 00412: 192 , 16.80 , -0.20 || 1708081032, 17.602223843791 , 78.126600207417, 0.01 , 0.01 ,17.17 , 9.02 , 0.35 , -0.71 , 0.69
2024-02-16 16:27:12,539 :- 00413: 195 , 16.90 , -0.10 || 1708081032, 17.602228222831 , 78.126600293404, 0.01 , 0.01 ,17.56 , 9.38 , 0.35 , -0.66 , 0.70
2024-02-16 16:27:12,569 :- 00414: 198 , 17.00 , -0.10 || 1708081032, 17.602228222831 , 78.126600293404, 0.01 , 0.01 ,17.56 , 9.75 , 0.35 , -0.62 , 0.70
2024-02-16 16:27:12,599 :- 00415: 201 , 17.10 , -0.10 || 1708081032, 17.602228222831 , 78.126600293404, 0.01 , 0.01 ,17.56 , 9.11 , 0.35 , -0.64 , 0.70
2024-02-16 16:27:12,629 :- 00416: 204 , 17.20 , -0.10 || 1708081032, 17.602228222831 , 78.126600293404, 0.01 , 0.01 ,17.79 , 9.56 , 0.34 , -0.61 , 0.70
2024-02-16 16:27:12,659 :- 00417: 207 , 17.30 , -0.10 || 1708081032, 17.602232685307 , 78.126600342675, 0.01 , 0.01 ,17.79 , 9.71 , 0.33 , -0.60 , 0.69
2024-02-16 16:27:12,689 :- 00418: 210 , 17.40 , -0.10 || 1708081032, 17.602232685307 , 78.126600342675, 0.01 , 0.01 ,17.79 , 9.63 , 0.34 , -0.59 , 0.68
2024-02-16 16:27:12,719 :- 00419: 213 , 17.50 , -0.10 || 1708081032, 17.602232685307 , 78.126600342675, 0.01 , 0.01 ,18.19 , 10.01 , 0.32 , -0.56 , 0.67
2024-02-16 16:27:12,749 :- 00420: 216 , 17.50 , -0.00 || 1708081032, 17.602237224625 , 78.126600392321, 0.01 , 0.01 ,18.19 , 10.05 , 0.31 , -0.56 , 0.66
2024-02-16 16:27:12,779 :- 00421: 219 , 17.60 , 00.00 || 1708081032, 17.602237224625 , 78.126600392321, 0.01 , 0.01 ,18.19 , 10.23 , 0.30 , -0.52 , 0.64
2024-02-16 16:27:12,809 :- 00422: 222 , 17.70 , 00.10 || 1708081032, 17.602237224625 , 78.126600392321, 0.01 , 0.01 ,18.19 , 10.08 , 0.29 , -0.52 , 0.63
2024-02-16 16:27:12,839 :- 00423: 225 , 17.80 , 00.10 || 1708081032, 17.602241856385 , 78.126600432992, 0.01 , 0.01 ,18.57 , 10.13 , 0.28 , -0.49 , 0.62
2024-02-16 16:27:12,869 :- 00424: 228 , 18.00 , 00.20 || 1708081032, 17.602241856385 , 78.126600432992, 0.01 , 0.01 ,18.57 , 9.83 , 0.28 , -0.47 , 0.62
2024-02-16 16:27:12,899 :- 00425: 231 , 18.10 , 00.20 || 1708081032, 17.602241856385 , 78.126600432992, 0.01 , 0.01 ,18.57 , 9.85 , 0.29 , -0.44 , 0.59
2024-02-16 16:27:12,929 :- 00426: 234 , 18.20 , 00.20 || 1708081032, 17.602241856385 , 78.126600432992, 0.01 , 0.01 ,18.82 , 9.62 , 0.30 , -0.42 , 0.58
2024-02-16 16:27:12,959 :- 00427: 237 , 18.30 , 00.20 || 1708081032, 17.602246557470 , 78.126600495495, 0.01 , 0.01 ,18.82 , 9.60 , 0.35 , -0.39 , 0.55
2024-02-16 16:27:12,989 :- 00428: 240 , 18.40 , 00.20 || 1708081032, 17.602246557470 , 78.126600495495, 0.01 , 0.01 ,18.82 , 9.34 , 0.37 , -0.36 , 0.53
2024-02-16 16:27:13,019 :- 00429: 243 , 18.50 , 00.20 || 1708081033, 17.602246557470 , 78.126600495495, 0.01 , 0.01 ,18.82 , 9.42 , 0.44 , -0.36 , 0.49
2024-02-16 16:27:13,049 :- 00430: 246 , 18.50 , 00.20 || 1708081033, 17.602251338963 , 78.126600554306, 0.01 , 0.01 ,19.10 , 9.45 , 0.47 , -0.35 , 0.48
2024-02-16 16:27:13,079 :- 00431: 249 , 18.60 , 00.20 || 1708081033, 17.602251338963 , 78.126600554306, 0.01 , 0.01 ,19.10 , 9.50 , 0.49 , -0.37 , 0.45
2024-02-16 16:27:13,109 :- 00432: 252 , 18.70 , 00.20 || 1708081033, 17.602251338963 , 78.126600554306, 0.01 , 0.01 ,19.10 , 9.41 , 0.50 , -0.37 , 0.43
2024-02-16 16:27:13,139 :- 00433: 255 , 18.80 , 00.20 || 1708081033, 17.602256170565 , 78.126600634756, 0.01 , 0.01 ,19.34 , 9.44 , 0.51 , -0.39 , 0.41
2024-02-16 16:27:13,168 :- 00434: 002 , 18.80 , 00.20 || 1708081033, 17.602256170565 , 78.126600634756, 0.01 , 0.01 ,19.34 , 9.92 , 0.51 , -0.41 , 0.40
2024-02-16 16:27:13,189 :- 00435: 004 , 18.90 , 00.20 || 1708081033, 17.602256170565 , 78.126600634756, 0.01 , 0.01 ,19.34 , 10.21 , 0.51 , -0.42 , 0.39
2024-02-16 16:27:13,219 :- 00436: 007 , 19.00 , 00.20 || 1708081033, 17.602256170565 , 78.126600634756, 0.01 , 0.01 ,19.44 , 9.95 , 0.50 , -0.46 , 0.37
2024-02-16 16:27:13,249 :- 00437: 010 , 19.00 , 00.20 || 1708081033, 17.602261039534 , 78.126600646530, 0.01 , 0.01 ,19.44 , 10.09 , 0.49 , -0.47 , 0.36
2024-02-16 16:27:13,279 :- 00438: 013 , 19.10 , 00.20 || 1708081033, 17.602261039534 , 78.126600646530, 0.01 , 0.01 ,19.44 , 10.29 , 0.47 , -0.47 , 0.34
2024-02-16 16:27:13,309 :- 00439: 016 , 19.20 , 00.20 || 1708081033, 17.602261039534 , 78.126600646530, 0.01 , 0.01 ,19.44 , 10.05 , 0.46 , -0.49 , 0.32
2024-02-16 16:27:13,339 :- 00440: 019 , 19.30 , 00.20 || 1708081033, 17.602266006132 , 78.126600657069, 0.01 , 0.01 ,19.82 , 10.10 , 0.47 , -0.45 , 0.30
2024-02-16 16:27:13,369 :- 00441: 022 , 19.40 , 00.20 || 1708081033, 17.602266006132 , 78.126600657069, 0.01 , 0.01 ,19.82 , 9.74 , 0.47 , -0.46 , 0.29
2024-02-16 16:27:13,399 :- 00442: 025 , 19.50 , 00.20 || 1708081033, 17.602266006132 , 78.126600657069, 0.01 , 0.01 ,19.82 , 9.72 , 0.46 , -0.43 , 0.27
2024-02-16 16:27:13,429 :- 00443: 028 , 19.50 , 00.20 || 1708081033, 17.602266006132 , 78.126600657069, 0.01 , 0.01 ,20.21 , 10.04 , 0.45 , -0.41 , 0.25
2024-02-16 16:27:13,459 :- 00444: 031 , 19.60 , 00.20 || 1708081033, 17.602271062494 , 78.126600668597, 0.01 , 0.01 ,20.21 , 9.76 , 0.46 , -0.38 , 0.22
2024-02-16 16:27:13,489 :- 00445: 034 , 19.70 , 00.20 || 1708081033, 17.602271062494 , 78.126600668597, 0.01 , 0.01 ,20.21 , 9.55 , 0.47 , -0.38 , 0.20
2024-02-16 16:27:13,519 :- 00446: 037 , 19.70 , 00.20 || 1708081033, 17.602271062494 , 78.126600668597, 0.01 , 0.01 ,20.21 , 9.68 , 0.50 , -0.33 , 0.17
2024-02-16 16:27:13,549 :- 00447: 040 , 19.80 , 00.20 || 1708081033, 17.602276167955 , 78.126600691425, 0.01 , 0.01 ,20.38 , 9.72 , 0.51 , -0.33 , 0.16
2024-02-16 16:27:13,579 :- 00448: 043 , 19.90 , 00.20 || 1708081033, 17.602276167955 , 78.126600691425, 0.01 , 0.01 ,20.38 , 9.93 , 0.53 , -0.30 , 0.13
2024-02-16 16:27:13,609 :- 00449: 046 , 19.90 , 00.20 || 1708081033, 17.602276167955 , 78.126600691425, 0.01 , 0.01 ,20.38 , 9.92 , 0.52 , -0.28 , 0.12
2024-02-16 16:27:13,639 :- 00450: 049 , 20.00 , 00.20 || 1708081033, 17.602281334183 , 78.126600720763, 0.01 , 0.01 ,20.63 , 9.78 , 0.52 , -0.26 , 0.10
2024-02-16 16:27:13,669 :- 00451: 052 , 20.10 , 00.20 || 1708081033, 17.602281334183 , 78.126600720763, 0.01 , 0.01 ,20.63 , 9.71 , 0.52 , -0.25 , 0.09
2024-02-16 16:27:13,699 :- 00452: 055 , 20.10 , 00.20 || 1708081033, 17.602281334183 , 78.126600720763, 0.01 , 0.01 ,20.63 , 9.95 , 0.56 , -0.21 , 0.07
2024-02-16 16:27:13,729 :- 00453: 058 , 20.20 , 00.20 || 1708081033, 17.602281334183 , 78.126600720763, 0.01 , 0.01 ,20.93 , 9.90 , 0.58 , -0.21 , 0.06
2024-02-16 16:27:13,759 :- 00454: 061 , 20.30 , 00.10 || 1708081033, 17.602286560204 , 78.126600721816, 0.01 , 0.01 ,20.93 , 9.30 , 0.63 , -0.21 , 0.03
2024-02-16 16:27:13,789 :- 00455: 064 , 20.40 , 00.10 || 1708081033, 17.602286560204 , 78.126600721816, 0.01 , 0.01 ,20.93 , 9.74 , 0.65 , -0.18 , 0.02
2024-02-16 16:27:13,819 :- 00456: 067 , 20.40 , 00.10 || 1708081033, 17.602286560204 , 78.126600721816, 0.01 , 0.01 ,21.01 , 9.56 , 0.70 , -0.23 , 359.99
2024-02-16 16:27:13,849 :- 00457: 070 , 20.50 , 00.10 || 1708081033, 17.602291814973 , 78.126600702821, 0.01 , 0.01 ,21.01 , 9.82 , 0.71 , -0.22 , 359.98
2024-02-16 16:27:13,879 :- 00458: 073 , 20.60 , 00.10 || 1708081033, 17.602291814973 , 78.126600702821, 0.01 , 0.01 ,21.01 , 9.61 , 0.78 , -0.20 , 359.97
2024-02-16 16:27:13,909 :- 00459: 076 , 20.60 , 00.00 || 1708081033, 17.602291814973 , 78.126600702821, 0.01 , 0.01 ,21.01 , 9.55 , 0.80 , -0.24 , 359.96
2024-02-16 16:27:13,939 :- 00460: 079 , 20.70 , 00.00 || 1708081033, 17.602297120845 , 78.126600732405, 0.01 , 0.01 ,21.17 , 9.98 , 0.83 , -0.20 , 359.95
2024-02-16 16:27:13,969 :- 00461: 082 , 20.70 , 00.00 || 1708081033, 17.602297120845 , 78.126600732405, 0.01 , 0.01 ,21.17 , 9.96 , 0.84 , -0.20 , 359.95
2024-02-16 16:27:13,999 :- 00462: 085 , 20.80 , -0.00 || 1708081033, 17.602297120845 , 78.126600732405, 0.01 , 0.01 ,21.17 , 9.29 , 0.85 , -0.23 , 359.94
2024-02-16 16:27:14,029 :- 00463: 088 , 20.80 , -0.10 || 1708081034, 17.602297120845 , 78.126600732405, 0.01 , 0.01 ,21.40 , 10.05 , 0.85 , -0.21 , 359.94
2024-02-16 16:27:14,059 :- 00464: 091 , 20.90 , -0.10 || 1708081034, 17.602302485273 , 78.126600742019, 0.01 , 0.01 ,21.40 , 9.81 , 0.81 , -0.24 , 359.93
2024-02-16 16:27:14,089 :- 00465: 094 , 20.90 , -0.20 || 1708081034, 17.602302485273 , 78.126600742019, 0.01 , 0.01 ,21.40 , 9.89 , 0.80 , -0.24 , 359.93
2024-02-16 16:27:14,119 :- 00466: 097 , 21.00 , -0.20 || 1708081034, 17.602302485273 , 78.126600742019, 0.01 , 0.01 ,21.60 , 10.24 , 0.78 , -0.26 , 359.93
2024-02-16 16:27:14,149 :- 00467: 100 , 21.10 , -0.20 || 1708081034, 17.602307890273 , 78.126600699161, 0.01 , 0.01 ,21.60 , 9.78 , 0.76 , -0.29 , 359.94
2024-02-16 16:27:14,179 :- 00468: 103 , 21.10 , -0.20 || 1708081034, 17.602307890273 , 78.126600699161, 0.01 , 0.01 ,21.60 , 9.83 , 0.73 , -0.30 , 359.94
2024-02-16 16:27:14,209 :- 00469: 106 , 21.20 , -0.20 || 1708081034, 17.602307890273 , 78.126600699161, 0.01 , 0.01 ,21.60 , 10.73 , 0.71 , -0.28 , 359.94
2024-02-16 16:27:14,239 :- 00470: 109 , 21.30 , -0.20 || 1708081034, 17.602313350213 , 78.126600664314, 0.01 , 0.01 ,21.81 , 9.72 , 0.71 , -0.33 , 359.95
2024-02-16 16:27:14,269 :- 00471: 112 , 21.40 , -0.20 || 1708081034, 17.602313350213 , 78.126600664314, 0.01 , 0.01 ,21.81 , 8.79 , 0.72 , -0.34 , 359.95
2024-02-16 16:27:14,299 :- 00472: 115 , 21.40 , -0.20 || 1708081034, 17.602313350213 , 78.126600664314, 0.01 , 0.01 ,21.81 , 9.82 , 0.70 , -0.33 , 359.94
2024-02-16 16:27:14,329 :- 00473: 118 , 21.50 , -0.20 || 1708081034, 17.602313350213 , 78.126600664314, 0.01 , 0.01 ,22.04 , 9.51 , 0.71 , -0.34 , 359.94
2024-02-16 16:27:14,359 :- 00474: 121 , 21.50 , -0.20 || 1708081034, 17.602318867667 , 78.126600659139, 0.01 , 0.01 ,22.04 , 10.03 , 0.72 , -0.38 , 359.94
2024-02-16 16:27:14,389 :- 00475: 124 , 21.60 , -0.20 || 1708081034, 17.602318867667 , 78.126600659139, 0.01 , 0.01 ,22.04 , 10.00 , 0.73 , -0.37 , 359.94
2024-02-16 16:27:14,419 :- 00476: 127 , 21.60 , -0.20 || 1708081034, 17.602318867667 , 78.126600659139, 0.01 , 0.01 ,22.26 , 9.90 , 0.76 , -0.40 , 359.94
2024-02-16 16:27:14,448 :- 00477: 130 , 21.70 , -0.20 || 1708081034, 17.602324439108 , 78.126600668812, 0.01 , 0.01 ,22.26 , 9.99 , 0.76 , -0.40 , 359.94
2024-02-16 16:27:14,469 :- 00478: 132 , 21.70 , -0.20 || 1708081034, 17.602324439108 , 78.126600668812, 0.01 , 0.01 ,22.26 , 10.15 , 0.77 , -0.38 , 359.95
2024-02-16 16:27:14,499 :- 00479: 135 , 21.80 , -0.20 || 1708081034, 17.602324439108 , 78.126600668812, 0.01 , 0.01 ,22.26 , 10.08 , 0.78 , -0.37 , 359.96
2024-02-16 16:27:14,529 :- 00480: 138 , 21.80 , -0.20 || 1708081034, 17.602324439108 , 78.126600668812, 0.01 , 0.01 ,22.46 , 9.95 , 0.76 , -0.37 , 359.96
2024-02-16 16:27:14,559 :- 00481: 141 , 21.90 , -0.20 || 1708081034, 17.602330062829 , 78.126600668583, 0.01 , 0.01 ,22.46 , 9.87 , 0.77 , -0.32 , 359.97
2024-02-16 16:27:14,589 :- 00482: 144 , 21.90 , -0.20 || 1708081034, 17.602330062829 , 78.126600668583, 0.01 , 0.01 ,22.46 , 9.80 , 0.77 , -0.31 , 359.98
2024-02-16 16:27:14,619 :- 00483: 147 , 22.00 , -0.20 || 1708081034, 17.602330062829 , 78.126600668583, 0.01 , 0.01 ,22.78 , 9.83 , 0.75 , -0.27 , 359.98
2024-02-16 16:27:14,649 :- 00484: 150 , 22.00 , -0.20 || 1708081034, 17.602335757816 , 78.126600655117, 0.01 , 0.01 ,22.78 , 9.72 , 0.75 , -0.27 , 359.98
2024-02-16 16:27:14,679 :- 00485: 153 , 22.10 , -0.20 || 1708081034, 17.602335757816 , 78.126600655117, 0.01 , 0.01 ,22.78 , 9.99 , 0.74 , -0.21 , 359.99
2024-02-16 16:27:14,709 :- 00486: 156 , 22.10 , -0.20 || 1708081034, 17.602335757816 , 78.126600655117, 0.01 , 0.01 ,22.78 , 9.63 , 0.74 , -0.23 , 359.99
2024-02-16 16:27:14,739 :- 00487: 159 , 22.20 , -0.20 || 1708081034, 17.602341483903 , 78.126600633606, 0.01 , 0.01 ,22.85 , 9.42 , 0.74 , -0.24 , 0.00
2024-02-16 16:27:14,769 :- 00488: 162 , 22.30 , -0.10 || 1708081034, 17.602341483903 , 78.126600633606, 0.01 , 0.01 ,22.85 , 9.42 , 0.73 , -0.25 , 0.01
2024-02-16 16:27:14,799 :- 00489: 165 , 22.40 , -0.10 || 1708081034, 17.602341483903 , 78.126600633606, 0.01 , 0.01 ,22.85 , 9.76 , 0.73 , -0.27 , 0.01
2024-02-16 16:27:14,829 :- 00490: 168 , 22.40 , -0.10 || 1708081034, 17.602341483903 , 78.126600633606, 0.01 , 0.01 ,22.86 , 9.78 , 0.71 , -0.28 , 0.01
2024-02-16 16:27:14,859 :- 00491: 171 , 22.50 , -0.10 || 1708081034, 17.602347221024 , 78.126600619018, 0.01 , 0.01 ,22.86 , 9.84 , 0.69 , -0.32 , 0.01
2024-02-16 16:27:14,889 :- 00492: 174 , 22.50 , -0.00 || 1708081034, 17.602347221024 , 78.126600619018, 0.01 , 0.01 ,22.86 , 9.72 , 0.69 , -0.31 , 0.01
2024-02-16 16:27:14,919 :- 00493: 177 , 22.50 , -0.00 || 1708081034, 17.602347221024 , 78.126600619018, 0.01 , 0.01 ,23.20 , 9.61 , 0.71 , -0.32 , 0.01
2024-02-16 16:27:14,949 :- 00494: 180 , 22.60 , 00.00 || 1708081034, 17.602353024785 , 78.126600615040, 0.01 , 0.01 ,23.20 , 9.68 , 0.71 , -0.33 , 0.00
2024-02-16 16:27:14,979 :- 00495: 183 , 22.60 , 00.00 || 1708081034, 17.602353024785 , 78.126600615040, 0.01 , 0.01 ,23.20 , 9.77 , 0.73 , -0.33 , 360.00
2024-02-16 16:27:15,009 :- 00496: 186 , 22.60 , 00.00 || 1708081034, 17.602353024785 , 78.126600615040, 0.01 , 0.01 ,23.20 , 10.56 , 0.75 , -0.31 , 359.99
2024-02-16 16:27:15,039 :- 00497: 189 , 22.70 , 00.00 || 1708081035, 17.602358868370 , 78.126600618504, 0.01 , 0.01 ,23.31 , 9.72 , 0.77 , -0.34 , 359.98
2024-02-16 16:27:15,069 :- 00498: 192 , 22.80 , 00.00 || 1708081035, 17.602358868370 , 78.126600618504, 0.01 , 0.01 ,23.31 , 10.38 , 0.79 , -0.32 , 359.97
2024-02-16 16:27:15,099 :- 00499: 195 , 22.80 , 00.00 || 1708081035, 17.602358868370 , 78.126600618504, 0.01 , 0.01 ,23.31 , 10.22 , 0.82 , -0.28 , 359.95
2024-02-16 16:27:15,129 :- 00500: 198 , 22.80 , 00.00 || 1708081035, 17.602358868370 , 78.126600618504, 0.01 , 0.01 ,23.42 , 10.18 , 0.83 , -0.28 , 359.94
2024-02-16 16:27:15,159 :- 00501: 201 , 22.90 , 00.00 || 1708081035, 17.602364746314 , 78.126600635451, 0.01 , 0.01 ,23.42 , 9.51 , 0.86 , -0.26 , 359.92
2024-02-16 16:27:15,189 :- 00502: 204 , 23.00 , 00.00 || 1708081035, 17.602364746314 , 78.126600635451, 0.01 , 0.01 ,23.42 , 9.46 , 0.89 , -0.25 , 359.91
2024-02-16 16:27:15,219 :- 00503: 207 , 23.00 , 00.00 || 1708081035, 17.602364746314 , 78.126600635451, 0.01 , 0.01 ,23.72 , 10.03 , 0.90 , -0.21 , 359.90
2024-02-16 16:27:15,249 :- 00504: 210 , 23.10 , 00.00 || 1708081035, 17.602370677931 , 78.126600648291, 0.01 , 0.01 ,23.72 , 8.98 , 0.91 , -0.24 , 359.90
2024-02-16 16:27:15,279 :- 00505: 213 , 23.10 , 00.00 || 1708081035, 17.602370677931 , 78.126600648291, 0.01 , 0.01 ,23.72 , 9.54 , 0.91 , -0.24 , 359.89
2024-02-16 16:27:15,309 :- 00506: 216 , 23.10 , 00.00 || 1708081035, 17.602370677931 , 78.126600648291, 0.01 , 0.01 ,23.72 , 9.77 , 0.91 , -0.24 , 359.88
2024-02-16 16:27:15,339 :- 00507: 219 , 23.20 , 00.00 || 1708081035, 17.602376630255 , 78.126600627970, 0.01 , 0.01 ,23.72 , 9.72 , 0.91 , -0.29 , 359.87
2024-02-16 16:27:15,369 :- 00508: 222 , 23.20 , 00.00 || 1708081035, 17.602376630255 , 78.126600627970, 0.01 , 0.01 ,23.72 , 9.61 , 0.91 , -0.28 , 359.87
2024-02-16 16:27:15,399 :- 00509: 225 , 23.30 , 00.00 || 1708081035, 17.602376630255 , 78.126600627970, 0.01 , 0.01 ,23.72 , 9.93 , 0.89 , -0.29 , 359.85
2024-02-16 16:27:15,429 :- 00510: 228 , 23.30 , 00.00 || 1708081035, 17.602376630255 , 78.126600627970, 0.01 , 0.01 ,23.88 , 9.78 , 0.89 , -0.30 , 359.85
2024-02-16 16:27:15,459 :- 00511: 231 , 23.30 , 00.00 || 1708081035, 17.602382615999 , 78.126600604803, 0.01 , 0.01 ,23.88 , 10.30 , 0.89 , -0.31 , 359.83
2024-02-16 16:27:15,489 :- 00512: 234 , 23.30 , 00.00 || 1708081035, 17.602382615999 , 78.126600604803, 0.01 , 0.01 ,23.88 , 10.09 , 0.90 , -0.29 , 359.83
2024-02-16 16:27:15,519 :- 00513: 237 , 23.40 , 00.00 || 1708081035, 17.602382615999 , 78.126600604803, 0.01 , 0.01 ,23.88 , 9.86 , 0.93 , -0.29 , 359.81
2024-02-16 16:27:15,549 :- 00514: 240 , 23.40 , 00.00 || 1708081035, 17.602388641691 , 78.126600580134, 0.01 , 0.01 ,24.11 , 10.05 , 0.93 , -0.27 , 359.80
2024-02-16 16:27:15,579 :- 00515: 243 , 23.50 , 00.00 || 1708081035, 17.602388641691 , 78.126600580134, 0.01 , 0.01 ,24.11 , 9.80 , 0.96 , -0.25 , 359.79
2024-02-16 16:27:15,609 :- 00516: 246 , 23.50 , 00.00 || 1708081035, 17.602388641691 , 78.126600580134, 0.01 , 0.01 ,24.11 , 10.17 , 0.97 , -0.24 , 359.79
2024-02-16 16:27:15,639 :- 00517: 249 , 23.60 , 00.00 || 1708081035, 17.602394715487 , 78.126600572429, 0.01 , 0.01 ,24.22 , 9.65 , 0.99 , -0.22 , 359.78
2024-02-16 16:27:15,669 :- 00518: 252 , 23.60 , 00.00 || 1708081035, 17.602394715487 , 78.126600572429, 0.01 , 0.01 ,24.22 , 9.55 , 1.02 , -0.22 , 359.77
2024-02-16 16:27:15,699 :- 00519: 255 , 23.70 , 00.00 || 1708081035, 17.602394715487 , 78.126600572429, 0.01 , 0.01 ,24.22 , 9.41 , 1.06 , -0.20 , 359.76
2024-02-16 16:27:15,728 :- 00520: 002 , 23.70 , 00.00 || 1708081035, 17.602394715487 , 78.126600572429, 0.01 , 0.01 ,24.30 , 9.85 , 1.10 , -0.20 , 359.76
2024-02-16 16:27:15,749 :- 00521: 002 , 23.70 , 00.00 || 1708081035, 17.602394715487 , 78.126600572429, 0.01 , 0.01 ,24.30 , 9.85 , 1.10 , -0.20 , 359.761708081035, 17.602400809547 , 78.126600560480, 0.01 , 0.01 ,24.30 , 9.98 , 1.12 , -0.19 , 359.76
2024-02-16 16:27:15,779 :- 00522: 007 , 23.80 , 00.00 || 1708081035, 17.602400809547 , 78.126600560480, 0.01 , 0.01 ,24.30 , 9.55 , 1.18 , -0.20 , 359.75
2024-02-16 16:27:15,809 :- 00523: 010 , 23.80 , 00.00 || 1708081035, 17.602400809547 , 78.126600560480, 0.01 , 0.01 ,24.30 , 9.68 , 1.21 , -0.21 , 359.75
2024-02-16 16:27:15,839 :- 00524: 013 , 23.90 , 00.00 || 1708081035, 17.602406961591 , 78.126600635459, 0.01 , 0.01 ,24.48 , 9.57 , 1.24 , -0.22 , 359.74
2024-02-16 16:27:15,869 :- 00525: 016 , 23.90 , 00.00 || 1708081035, 17.602406961591 , 78.126600635459, 0.01 , 0.01 ,24.48 , 9.64 , 1.26 , -0.23 , 359.74
2024-02-16 16:27:15,899 :- 00526: 019 , 23.90 , 00.00 || 1708081035, 17.602406961591 , 78.126600635459, 0.01 , 0.01 ,24.48 , 9.98 , 1.26 , -0.24 , 359.73
2024-02-16 16:27:15,929 :- 00527: 022 , 24.00 , 00.00 || 1708081035, 17.602406961591 , 78.126600635459, 0.01 , 0.01 ,24.57 , 9.79 , 1.27 , -0.25 , 359.72
2024-02-16 16:27:15,959 :- 00528: 025 , 24.00 , 00.00 || 1708081035, 17.602413115283 , 78.126600617847, 0.01 , 0.01 ,24.57 , 9.99 , 1.28 , -0.25 , 359.71
2024-02-16 16:27:15,989 :- 00529: 028 , 24.10 , 00.00 || 1708081035, 17.602413115283 , 78.126600617847, 0.01 , 0.01 ,24.57 , 9.88 , 1.28 , -0.25 , 359.71
2024-02-16 16:27:16,019 :- 00530: 031 , 24.10 , 00.00 || 1708081036, 17.602413115283 , 78.126600617847, 0.01 , 0.01 ,24.57 , 9.81 , 1.32 , -0.24 , 359.70
2024-02-16 16:27:16,049 :- 00531: 034 , 24.10 , 00.00 || 1708081036, 17.602419325457 , 78.126600578169, 0.01 , 0.01 ,24.77 , 9.92 , 1.33 , -0.23 , 359.69
2024-02-16 16:27:16,079 :- 00532: 037 , 24.20 , 00.00 || 1708081036, 17.602419325457 , 78.126600578169, 0.01 , 0.01 ,24.77 , 9.97 , 1.38 , -0.23 , 359.68
2024-02-16 16:27:16,109 :- 00533: 040 , 24.20 , 00.00 || 1708081036, 17.602419325457 , 78.126600578169, 0.01 , 0.01 ,24.77 , 9.83 , 1.39 , -0.22 , 359.67
2024-02-16 16:27:16,139 :- 00534: 043 , 24.30 , 00.00 || 1708081036, 17.602425593350 , 78.126600577698, 0.01 , 0.01 ,25.01 , 9.98 , 1.42 , -0.20 , 359.65
2024-02-16 16:27:16,169 :- 00535: 046 , 24.30 , 00.00 || 1708081036, 17.602425593350 , 78.126600577698, 0.01 , 0.01 ,25.01 , 9.96 , 1.42 , -0.20 , 359.65
2024-02-16 16:27:16,199 :- 00536: 049 , 24.40 , 00.00 || 1708081036, 17.602425593350 , 78.126600577698, 0.01 , 0.01 ,25.01 , 9.68 , 1.45 , -0.18 , 359.63
2024-02-16 16:27:16,229 :- 00537: 052 , 24.50 , 00.00 || 1708081036, 17.602425593350 , 78.126600577698, 0.01 , 0.01 ,25.15 , 9.86 , 1.47 , -0.17 , 359.63
2024-02-16 16:27:16,259 :- 00538: 055 , 24.50 , 00.00 || 1708081036, 17.602431894423 , 78.126600565443, 0.01 , 0.01 ,25.15 , 9.70 , 1.48 , -0.16 , 359.62
2024-02-16 16:27:16,289 :- 00539: 058 , 24.60 , 00.00 || 1708081036, 17.602431894423 , 78.126600565443, 0.01 , 0.01 ,25.15 , 9.28 , 1.49 , -0.17 , 359.62
2024-02-16 16:27:16,319 :- 00540: 061 , 24.60 , 00.00 || 1708081036, 17.602431894423 , 78.126600565443, 0.01 , 0.01 ,25.31 , 9.55 , 1.50 , -0.15 , 359.62
2024-02-16 16:27:16,349 :- 00541: 064 , 24.70 , 00.00 || 1708081036, 17.602438232063 , 78.126600524005, 0.01 , 0.01 ,25.31 , 9.83 , 1.48 , -0.16 , 359.61
2024-02-16 16:27:16,379 :- 00542: 067 , 24.70 , 00.00 || 1708081036, 17.602438232063 , 78.126600524005, 0.01 , 0.01 ,25.31 , 9.78 , 1.48 , -0.16 , 359.61
2024-02-16 16:27:16,409 :- 00543: 070 , 24.70 , 00.00 || 1708081036, 17.602438232063 , 78.126600524005, 0.01 , 0.01 ,25.31 , 10.04 , 1.47 , -0.15 , 359.60
2024-02-16 16:27:16,439 :- 00544: 073 , 24.80 , 00.00 || 1708081036, 17.602444591542 , 78.126600462548, 0.01 , 0.01 ,25.40 , 9.83 , 1.44 , -0.16 , 359.59
2024-02-16 16:27:16,469 :- 00545: 076 , 24.80 , 00.00 || 1708081036, 17.602444591542 , 78.126600462548, 0.01 , 0.01 ,25.40 , 9.85 , 1.42 , -0.15 , 359.58
2024-02-16 16:27:16,499 :- 00546: 079 , 24.80 , 00.00 || 1708081036, 17.602444591542 , 78.126600462548, 0.01 , 0.01 ,25.40 , 10.04 , 1.38 , -0.13 , 359.57
2024-02-16 16:27:16,529 :- 00547: 082 , 24.90 , 00.00 || 1708081036, 17.602444591542 , 78.126600462548, 0.01 , 0.01 ,25.51 , 9.99 , 1.36 , -0.12 , 359.57
2024-02-16 16:27:16,559 :- 00548: 085 , 24.90 , 00.00 || 1708081036, 17.602450988531 , 78.126600403142, 0.01 , 0.01 ,25.51 , 10.16 , 1.32 , -0.07 , 359.55
2024-02-16 16:27:16,589 :- 00549: 088 , 24.90 , 00.00 || 1708081036, 17.602450988531 , 78.126600403142, 0.01 , 0.01 ,25.51 , 9.57 , 1.31 , -0.06 , 359.54
2024-02-16 16:27:16,619 :- 00550: 091 , 24.90 , 00.00 || 1708081036, 17.602450988531 , 78.126600403142, 0.01 , 0.01 ,25.53 , 9.98 , 1.29 , -0.02 , 359.54
2024-02-16 16:27:16,649 :- 00551: 094 , 24.90 , 00.00 || 1708081036, 17.602457411219 , 78.126600321480, 0.01 , 0.01 ,25.53 , 9.51 , 1.30 , 0.00 , 359.53
2024-02-16 16:27:16,679 :- 00552: 097 , 24.90 , 00.00 || 1708081036, 17.602457411219 , 78.126600321480, 0.01 , 0.01 ,25.53 , 9.97 , 1.26 , 0.02 , 359.52
2024-02-16 16:27:16,709 :- 00553: 100 , 25.00 , 00.00 || 1708081036, 17.602457411219 , 78.126600321480, 0.01 , 0.01 ,25.53 , 9.43 , 1.27 , 0.02 , 359.51
2024-02-16 16:27:16,739 :- 00554: 103 , 25.00 , 00.00 || 1708081036, 17.602463825523 , 78.126600244695, 0.01 , 0.01 ,25.56 , 9.98 , 1.22 , 0.05 , 359.51
2024-02-16 16:27:16,769 :- 00555: 106 , 25.00 , 00.00 || 1708081036, 17.602463825523 , 78.126600244695, 0.01 , 0.01 ,25.56 , 9.80 , 1.21 , 0.06 , 359.50
2024-02-16 16:27:16,799 :- 00556: 109 , 25.00 , 00.00 || 1708081036, 17.602463825523 , 78.126600244695, 0.01 , 0.01 ,25.56 , 9.51 , 1.18 , 0.06 , 359.49
2024-02-16 16:27:16,829 :- 00557: 112 , 25.00 , 00.00 || 1708081036, 17.602463825523 , 78.126600244695, 0.01 , 0.01 ,25.64 , 9.92 , 1.17 , 0.07 , 359.49
2024-02-16 16:27:16,859 :- 00558: 115 , 25.00 , 00.00 || 1708081036, 17.602470238759 , 78.126600160047, 0.01 , 0.01 ,25.64 , 9.47 , 1.15 , 0.08 , 359.48
2024-02-16 16:27:16,889 :- 00559: 118 , 25.00 , 00.00 || 1708081036, 17.602470238759 , 78.126600160047, 0.01 , 0.01 ,25.64 , 9.40 , 1.15 , 0.07 , 359.47
2024-02-16 16:27:16,919 :- 00560: 121 , 25.00 , 00.00 || 1708081036, 17.602470238759 , 78.126600160047, 0.01 , 0.01 ,25.53 , 9.91 , 1.13 , 0.08 , 359.47
2024-02-16 16:27:16,949 :- 00561: 124 , 25.00 , 00.00 || 1708081036, 17.602476642333 , 78.126600095478, 0.01 , 0.01 ,25.53 , 9.73 , 1.12 , 0.07 , 359.46
2024-02-16 16:27:16,979 :- 00562: 127 , 25.00 , 00.00 || 1708081036, 17.602476642333 , 78.126600095478, 0.01 , 0.01 ,25.53 , 9.91 , 1.11 , 0.05 , 359.45
2024-02-16 16:27:17,008 :- 00563: 130 , 24.90 , 00.00 || 1708081036, 17.602476642333 , 78.126600095478, 0.01 , 0.01 ,25.53 , 10.00 , 1.09 , 0.05 , 359.45
2024-02-16 16:27:17,029 :- 00564: 132 , 24.90 , 00.00 || 1708081037, 17.602476642333 , 78.126600095478, 0.01 , 0.01 ,25.53 , 10.22 , 1.08 , 0.05 , 359.44
2024-02-16 16:27:17,059 :- 00565: 135 , 24.90 , 00.00 || 1708081037, 17.602483025076 , 78.126600011037, 0.01 , 0.01 ,25.38 , 9.87 , 1.05 , 0.03 , 359.43
