2024-02-16 16:28:29,392 :- 00001: Feedback Code Starting
2024-02-16 16:28:29,418 :- 00002: 203 , 27.40 , 00.20 || 1708081109, 17.601696422874 , 78.126610720734, 0.01 , 0.01 ,28.30 , 9.45 , 0.98 , -0.78 , 359.43
2024-02-16 16:28:29,448 :- 00003: 206 , 27.60 , 00.20 || 1708081109, 17.601703497712 , 78.126610661693, 0.01 , 0.01 ,28.30 , 10.08 , 1.00 , -0.77 , 359.42
2024-02-16 16:28:29,478 :- 00004: 209 , 27.70 , 00.20 || 1708081109, 17.601703497712 , 78.126610661693, 0.01 , 0.01 ,28.30 , 9.95 , 1.02 , -0.79 , 359.40
2024-02-16 16:28:29,508 :- 00005: 212 , 27.80 , 00.20 || 1708081109, 17.601703497712 , 78.126610661693, 0.01 , 0.01 ,28.30 , 10.65 , 1.03 , -0.79 , 359.38
2024-02-16 16:28:29,538 :- 00006: 215 , 27.90 , 00.20 || 1708081109, 17.601710663793 , 78.126610584956, 0.01 , 0.01 ,28.71 , 9.79 , 1.03 , -0.79 , 359.36
2024-02-16 16:28:29,568 :- 00007: 218 , 28.00 , 00.20 || 1708081109, 17.601710663793 , 78.126610584956, 0.01 , 0.01 ,28.71 , 10.12 , 1.03 , -0.78 , 359.34
2024-02-16 16:28:29,597 :- 00008: 221 , 28.20 , 00.20 || 1708081109, 17.601710663793 , 78.126610584956, 0.01 , 0.01 ,28.71 , 10.09 , 1.02 , -0.73 , 359.31
2024-02-16 16:28:29,628 :- 00009: 224 , 28.30 , 00.20 || 1708081109, 17.601710663793 , 78.126610584956, 0.01 , 0.01 ,29.27 , 9.73 , 1.01 , -0.73 , 359.30
2024-02-16 16:28:29,657 :- 00010: 227 , 28.40 , 00.20 || 1708081109, 17.601717983672 , 78.126610507404, 0.01 , 0.01 ,29.27 , 10.11 , 1.00 , -0.67 , 359.27
2024-02-16 16:28:29,687 :- 00011: 230 , 28.50 , 00.20 || 1708081109, 17.601717983672 , 78.126610507404, 0.01 , 0.01 ,29.27 , 9.45 , 1.01 , -0.64 , 359.26
2024-02-16 16:28:29,717 :- 00012: 233 , 28.60 , 00.20 || 1708081109, 17.601717983672 , 78.126610507404, 0.01 , 0.01 ,29.57 , 10.26 , 1.01 , -0.62 , 359.23
2024-02-16 16:28:29,747 :- 00013: 236 , 28.70 , 00.20 || 1708081109, 17.601725369046 , 78.126610401234, 0.01 , 0.01 ,29.57 , 9.33 , 0.99 , -0.58 , 359.22
2024-02-16 16:28:29,777 :- 00014: 239 , 28.80 , 00.20 || 1708081109, 17.601725369046 , 78.126610401234, 0.01 , 0.01 ,29.57 , 9.95 , 0.98 , -0.56 , 359.19
2024-02-16 16:28:29,807 :- 00015: 242 , 28.90 , 00.20 || 1708081109, 17.601725369046 , 78.126610401234, 0.01 , 0.01 ,29.57 , 9.38 , 0.97 , -0.55 , 359.18
2024-02-16 16:28:29,837 :- 00016: 245 , 29.00 , 00.20 || 1708081109, 17.601732834399 , 78.126610351351, 0.01 , 0.01 ,29.83 , 9.41 , 0.96 , -0.52 , 359.16
2024-02-16 16:28:29,867 :- 00017: 248 , 29.10 , 00.20 || 1708081109, 17.601732834399 , 78.126610351351, 0.01 , 0.01 ,29.83 , 9.34 , 0.94 , -0.52 , 359.15
2024-02-16 16:28:29,897 :- 00018: 251 , 29.20 , 00.20 || 1708081109, 17.601732834399 , 78.126610351351, 0.01 , 0.01 ,29.83 , 9.57 , 0.91 , -0.52 , 359.13
2024-02-16 16:28:29,927 :- 00019: 254 , 29.30 , 00.20 || 1708081109, 17.601732834399 , 78.126610351351, 0.01 , 0.01 ,30.06 , 10.03 , 0.89 , -0.52 , 359.12
2024-02-16 16:28:29,957 :- 00020: 001 , 29.30 , 00.20 || 1708081109, 17.601740363196 , 78.126610185651, 0.01 , 0.01 ,30.06 , 9.58 , 0.83 , -0.54 , 359.10
2024-02-16 16:28:29,987 :- 00021: 004 , 29.50 , 00.20 || 1708081109, 17.601740363196 , 78.126610185651, 0.01 , 0.01 ,30.06 , 9.72 , 0.81 , -0.55 , 359.09
2024-02-16 16:28:30,018 :- 00022: 007 , 29.60 , 00.20 || 1708081110, 17.601740363196 , 78.126610185651, 0.01 , 0.01 ,30.06 , 9.58 , 0.77 , -0.58 , 359.06
2024-02-16 16:28:30,048 :- 00023: 010 , 29.70 , 00.20 || 1708081110, 17.601747970493 , 78.126610028580, 0.01 , 0.01 ,30.38 , 9.97 , 0.75 , -0.59 , 359.05
2024-02-16 16:28:30,078 :- 00024: 013 , 29.80 , 00.20 || 1708081110, 17.601747970493 , 78.126610028580, 0.01 , 0.01 ,30.38 , 9.91 , 0.74 , -0.62 , 359.02
2024-02-16 16:28:30,107 :- 00025: 016 , 29.80 , 00.20 || 1708081110, 17.601747970493 , 78.126610028580, 0.01 , 0.01 ,30.38 , 10.17 , 0.73 , -0.63 , 359.01
2024-02-16 16:28:30,137 :- 00026: 019 , 29.90 , 00.20 || 1708081110, 17.601755653332 , 78.126609873106, 0.01 , 0.01 ,30.68 , 9.90 , 0.73 , -0.65 , 358.98
2024-02-16 16:28:30,167 :- 00027: 022 , 30.00 , 00.20 || 1708081110, 17.601755653332 , 78.126609873106, 0.01 , 0.01 ,30.68 , 10.01 , 0.74 , -0.65 , 358.97
2024-02-16 16:28:30,197 :- 00028: 025 , 30.10 , 00.20 || 1708081110, 17.601755653332 , 78.126609873106, 0.01 , 0.01 ,30.68 , 10.18 , 0.76 , -0.63 , 358.94
2024-02-16 16:28:30,228 :- 00029: 028 , 30.20 , 00.20 || 1708081110, 17.601755653332 , 78.126609873106, 0.01 , 0.01 ,31.02 , 9.92 , 0.77 , -0.64 , 358.93
2024-02-16 16:28:30,257 :- 00030: 031 , 30.30 , 00.20 || 1708081110, 17.601763424357 , 78.126609721080, 0.01 , 0.01 ,31.02 , 10.02 , 0.77 , -0.61 , 358.90
2024-02-16 16:28:30,287 :- 00031: 034 , 30.40 , 00.20 || 1708081110, 17.601763424357 , 78.126609721080, 0.01 , 0.01 ,31.02 , 10.09 , 0.78 , -0.61 , 358.89
2024-02-16 16:28:30,317 :- 00032: 037 , 30.40 , 00.20 || 1708081110, 17.601763424357 , 78.126609721080, 0.01 , 0.01 ,31.48 , 9.41 , 0.83 , -0.56 , 358.87
2024-02-16 16:28:30,347 :- 00033: 040 , 30.50 , 00.20 || 1708081110, 17.601771281120 , 78.126609591730, 0.01 , 0.01 ,31.48 , 10.10 , 0.85 , -0.55 , 358.86
2024-02-16 16:28:30,377 :- 00034: 043 , 30.60 , 00.20 || 1708081110, 17.601771281120 , 78.126609591730, 0.01 , 0.01 ,31.48 , 9.51 , 0.91 , -0.51 , 358.83
2024-02-16 16:28:30,407 :- 00035: 046 , 30.60 , 00.20 || 1708081110, 17.601771281120 , 78.126609591730, 0.01 , 0.01 ,31.48 , 10.00 , 0.95 , -0.50 , 358.82
2024-02-16 16:28:30,437 :- 00036: 049 , 30.70 , 00.20 || 1708081110, 17.601779192919 , 78.126609449712, 0.01 , 0.01 ,31.57 , 9.76 , 1.03 , -0.45 , 358.79
2024-02-16 16:28:30,467 :- 00037: 052 , 30.80 , 00.10 || 1708081110, 17.601779192919 , 78.126609449712, 0.01 , 0.01 ,31.57 , 8.83 , 1.03 , -0.49 , 358.77
2024-02-16 16:28:30,497 :- 00038: 055 , 30.90 , 00.10 || 1708081110, 17.601779192919 , 78.126609449712, 0.01 , 0.01 ,31.57 , 9.94 , 1.07 , -0.46 , 358.74
2024-02-16 16:28:30,527 :- 00039: 058 , 31.00 , 00.10 || 1708081110, 17.601779192919 , 78.126609449712, 0.01 , 0.01 ,31.81 , 9.78 , 1.09 , -0.46 , 358.72
2024-02-16 16:28:30,557 :- 00040: 061 , 31.00 , 00.10 || 1708081110, 17.601787162564 , 78.126609303414, 0.01 , 0.01 ,31.81 , 9.15 , 1.19 , -0.52 , 358.70
2024-02-16 16:28:30,587 :- 00041: 064 , 31.10 , 00.10 || 1708081110, 17.601787162564 , 78.126609303414, 0.01 , 0.01 ,31.81 , 9.85 , 1.18 , -0.54 , 358.68
2024-02-16 16:28:30,617 :- 00042: 067 , 31.20 , 00.10 || 1708081110, 17.601787162564 , 78.126609303414, 0.01 , 0.01 ,31.97 , 9.58 , 1.25 , -0.56 , 358.66
2024-02-16 16:28:30,647 :- 00043: 070 , 31.20 , 00.10 || 1708081110, 17.601795165529 , 78.126609151437, 0.01 , 0.01 ,31.97 , 10.31 , 1.26 , -0.61 , 358.64
2024-02-16 16:28:30,677 :- 00044: 073 , 31.30 , 00.10 || 1708081110, 17.601795165529 , 78.126609151437, 0.01 , 0.01 ,31.97 , 10.27 , 1.32 , -0.56 , 358.62
2024-02-16 16:28:30,707 :- 00045: 076 , 31.40 , 00.00 || 1708081110, 17.601795165529 , 78.126609151437, 0.01 , 0.01 ,31.97 , 9.63 , 1.34 , -0.58 , 358.60
2024-02-16 16:28:30,737 :- 00046: 079 , 31.40 , 00.00 || 1708081110, 17.601803229113 , 78.126608983097, 0.01 , 0.01 ,32.24 , 10.72 , 1.31 , -0.63 , 358.58
2024-02-16 16:28:30,767 :- 00047: 082 , 31.50 , -0.00 || 1708081110, 17.601803229113 , 78.126608983097, 0.01 , 0.01 ,32.24 , 9.47 , 1.31 , -0.58 , 358.57
2024-02-16 16:28:30,797 :- 00048: 085 , 31.50 , -0.10 || 1708081110, 17.601803229113 , 78.126608983097, 0.01 , 0.01 ,32.24 , 10.71 , 1.25 , -0.62 , 358.56
2024-02-16 16:28:30,828 :- 00049: 088 , 31.60 , -0.10 || 1708081110, 17.601803229113 , 78.126608983097, 0.01 , 0.01 ,32.43 , 9.98 , 1.22 , -0.61 , 358.55
2024-02-16 16:28:30,857 :- 00050: 091 , 31.70 , -0.10 || 1708081110, 17.601811357060 , 78.126608732264, 0.01 , 0.01 ,32.43 , 9.46 , 1.17 , -0.57 , 358.54
2024-02-16 16:28:30,887 :- 00051: 094 , 31.70 , -0.20 || 1708081110, 17.601811357060 , 78.126608732264, 0.01 , 0.01 ,32.43 , 10.68 , 1.13 , -0.54 , 358.54
2024-02-16 16:28:30,917 :- 00052: 097 , 31.80 , -0.20 || 1708081110, 17.601811357060 , 78.126608732264, 0.01 , 0.01 ,32.65 , 8.60 , 1.11 , -0.53 , 358.54
2024-02-16 16:28:30,947 :- 00053: 100 , 31.90 , -0.20 || 1708081110, 17.601819572866 , 78.126608415187, 0.01 , 0.01 ,32.65 , 9.15 , 1.09 , -0.53 , 358.55
2024-02-16 16:28:30,977 :- 00054: 103 , 31.90 , -0.20 || 1708081110, 17.601819572866 , 78.126608415187, 0.01 , 0.01 ,32.65 , 11.17 , 1.05 , -0.42 , 358.55
2024-02-16 16:28:31,007 :- 00055: 106 , 31.90 , -0.20 || 1708081110, 17.601819572866 , 78.126608415187, 0.01 , 0.01 ,32.65 , 9.35 , 1.05 , -0.40 , 358.56
2024-02-16 16:28:31,037 :- 00056: 109 , 31.90 , -0.20 || 1708081111, 17.601827798607 , 78.126608154400, 0.01 , 0.01 ,32.84 , 10.17 , 1.03 , -0.34 , 358.57
2024-02-16 16:28:31,067 :- 00057: 112 , 32.00 , -0.20 || 1708081111, 17.601827798607 , 78.126608154400, 0.01 , 0.01 ,32.84 , 9.97 , 1.01 , -0.28 , 358.59
2024-02-16 16:28:31,097 :- 00058: 115 , 32.10 , -0.20 || 1708081111, 17.601827798607 , 78.126608154400, 0.01 , 0.01 ,32.84 , 7.96 , 1.08 , -0.25 , 358.62
2024-02-16 16:28:31,128 :- 00059: 118 , 32.10 , -0.20 || 1708081111, 17.601827798607 , 78.126608154400, 0.01 , 0.01 ,33.20 , 10.19 , 1.15 , -0.23 , 358.63
2024-02-16 16:28:31,157 :- 00060: 121 , 32.20 , -0.20 || 1708081111, 17.601836112408 , 78.126607955181, 0.01 , 0.01 ,33.20 , 9.27 , 1.23 , -0.14 , 358.65
2024-02-16 16:28:31,187 :- 00061: 124 , 32.30 , -0.20 || 1708081111, 17.601836112408 , 78.126607955181, 0.01 , 0.01 ,33.20 , 9.35 , 1.29 , -0.18 , 358.66
2024-02-16 16:28:31,217 :- 00062: 127 , 32.30 , -0.20 || 1708081111, 17.601836112408 , 78.126607955181, 0.01 , 0.01 ,33.20 , 9.48 , 1.34 , -0.16 , 358.67
2024-02-16 16:28:31,247 :- 00063: 130 , 32.50 , -0.20 || 1708081111, 17.601844429377 , 78.126607818280, 0.01 , 0.01 ,33.20 , 9.08 , 1.34 , -0.18 , 358.67
2024-02-16 16:28:31,277 :- 00064: 133 , 32.50 , -0.20 || 1708081111, 17.601844429377 , 78.126607818280, 0.01 , 0.01 ,33.20 , 9.28 , 1.34 , -0.23 , 358.68
2024-02-16 16:28:31,307 :- 00065: 136 , 32.50 , -0.30 || 1708081111, 17.601844429377 , 78.126607818280, 0.01 , 0.01 ,33.20 , 10.30 , 1.32 , -0.22 , 358.69
2024-02-16 16:28:31,337 :- 00066: 139 , 32.60 , -0.30 || 1708081111, 17.601852767762 , 78.126607621942, 0.01 , 0.01 ,33.29 , 8.92 , 1.36 , -0.27 , 358.69
2024-02-16 16:28:31,367 :- 00067: 142 , 32.50 , -0.30 || 1708081111, 17.601852767762 , 78.126607621942, 0.01 , 0.01 ,33.29 , 10.92 , 1.40 , -0.31 , 358.70
2024-02-16 16:28:31,397 :- 00068: 145 , 32.50 , -0.30 || 1708081111, 17.601852767762 , 78.126607621942, 0.01 , 0.01 ,33.29 , 11.04 , 1.48 , -0.21 , 358.70
2024-02-16 16:28:31,427 :- 00069: 148 , 32.60 , -0.30 || 1708081111, 17.601852767762 , 78.126607621942, 0.01 , 0.01 ,33.62 , 10.16 , 1.55 , -0.19 , 358.70
2024-02-16 16:28:31,457 :- 00070: 151 , 32.70 , -0.30 || 1708081111, 17.601861186242 , 78.126607464634, 0.01 , 0.01 ,33.62 , 10.60 , 1.63 , -0.17 , 358.71
2024-02-16 16:28:31,487 :- 00071: 154 , 32.80 , -0.30 || 1708081111, 17.601861186242 , 78.126607464634, 0.01 , 0.01 ,33.62 , 9.13 , 1.67 , -0.10 , 358.72
2024-02-16 16:28:31,517 :- 00072: 157 , 32.90 , -0.30 || 1708081111, 17.601861186242 , 78.126607464634, 0.01 , 0.01 ,33.62 , 9.86 , 1.69 , -0.10 , 358.74
2024-02-16 16:28:31,547 :- 00073: 160 , 33.00 , -0.30 || 1708081111, 17.601869677370 , 78.126607357141, 0.01 , 0.01 ,33.91 , 9.09 , 1.70 , -0.02 , 358.75
2024-02-16 16:28:31,577 :- 00074: 163 , 33.00 , -0.30 || 1708081111, 17.601869677370 , 78.126607357141, 0.01 , 0.01 ,33.91 , 10.05 , 1.67 , 0.06 , 358.78
2024-02-16 16:28:31,607 :- 00075: 166 , 33.00 , -0.30 || 1708081111, 17.601869677370 , 78.126607357141, 0.01 , 0.01 ,33.91 , 9.97 , 1.64 , 0.07 , 358.80
2024-02-16 16:28:31,637 :- 00076: 169 , 33.00 , -0.30 || 1708081111, 17.601878198427 , 78.126607134486, 0.01 , 0.01 ,33.92 , 9.43 , 1.60 , 0.17 , 358.83
2024-02-16 16:28:31,668 :- 00077: 172 , 33.10 , -0.30 || 1708081111, 17.601878198427 , 78.126607134486, 0.01 , 0.01 ,33.92 , 9.79 , 1.56 , 0.19 , 358.84
2024-02-16 16:28:31,697 :- 00078: 175 , 33.10 , -0.30 || 1708081111, 17.601878198427 , 78.126607134486, 0.01 , 0.01 ,33.92 , 8.98 , 1.54 , 0.22 , 358.86
2024-02-16 16:28:31,728 :- 00079: 178 , 33.10 , -0.30 || 1708081111, 17.601878198427 , 78.126607134486, 0.01 , 0.01 ,34.01 , 9.72 , 1.51 , 0.24 , 358.87
2024-02-16 16:28:31,757 :- 00080: 181 , 33.10 , -0.20 || 1708081111, 17.601886720053 , 78.126606904684, 0.01 , 0.01 ,34.01 , 9.59 , 1.50 , 0.25 , 358.89
2024-02-16 16:28:31,787 :- 00081: 184 , 33.10 , -0.30 || 1708081111, 17.601886720053 , 78.126606904684, 0.01 , 0.01 ,34.01 , 9.08 , 1.50 , 0.24 , 358.89
2024-02-16 16:28:31,818 :- 00082: 187 , 33.10 , -0.30 || 1708081111, 17.601886720053 , 78.126606904684, 0.01 , 0.01 ,33.80 , 9.64 , 1.51 , 0.19 , 358.91
2024-02-16 16:28:31,847 :- 00083: 190 , 33.10 , -0.20 || 1708081111, 17.601895218936 , 78.126606741695, 0.01 , 0.01 ,33.80 , 9.75 , 1.51 , 0.19 , 358.92
2024-02-16 16:28:31,877 :- 00084: 193 , 33.10 , -0.20 || 1708081111, 17.601895218936 , 78.126606741695, 0.01 , 0.01 ,33.80 , 9.86 , 1.48 , 0.10 , 358.95
2024-02-16 16:28:31,907 :- 00085: 196 , 33.10 , -0.30 || 1708081111, 17.601895218936 , 78.126606741695, 0.01 , 0.01 ,33.80 , 9.86 , 1.46 , 0.07 , 358.96
2024-02-16 16:28:31,937 :- 00086: 199 , 33.10 , -0.30 || 1708081111, 17.601903664706 , 78.126606575268, 0.01 , 0.01 ,33.66 , 10.08 , 1.43 , 0.03 , 358.98
2024-02-16 16:28:31,967 :- 00087: 202 , 33.10 , -0.20 || 1708081111, 17.601903664706 , 78.126606575268, 0.01 , 0.01 ,33.66 , 10.72 , 1.40 , 0.00 , 358.99
2024-02-16 16:28:31,997 :- 00088: 205 , 33.00 , -0.30 || 1708081111, 17.601903664706 , 78.126606575268, 0.01 , 0.01 ,33.66 , 10.67 , 1.38 , -0.01 , 359.01
2024-02-16 16:28:32,028 :- 00089: 208 , 33.00 , -0.30 || 1708081112, 17.601903664706 , 78.126606575268, 0.01 , 0.01 ,33.66 , 10.10 , 1.39 , -0.01 , 359.02
2024-02-16 16:28:32,057 :- 00090: 211 , 33.00 , -0.30 || 1708081112, 17.601912116194 , 78.126606391018, 0.01 , 0.01 ,33.74 , 10.06 , 1.36 , -0.03 , 359.04
2024-02-16 16:28:32,087 :- 00091: 214 , 33.00 , -0.20 || 1708081112, 17.601912116194 , 78.126606391018, 0.01 , 0.01 ,33.74 , 10.85 , 1.35 , -0.02 , 359.05
2024-02-16 16:28:32,117 :- 00092: 217 , 32.90 , -0.20 || 1708081112, 17.601912116194 , 78.126606391018, 0.01 , 0.01 ,33.63 , 10.18 , 1.37 , 0.06 , 359.07
2024-02-16 16:28:32,147 :- 00093: 220 , 32.90 , -0.20 || 1708081112, 17.601920556471 , 78.126606241598, 0.01 , 0.01 ,33.63 , 10.21 , 1.35 , 0.07 , 359.08
2024-02-16 16:28:32,177 :- 00094: 223 , 32.90 , -0.20 || 1708081112, 17.601920556471 , 78.126606241598, 0.01 , 0.01 ,33.63 , 9.21 , 1.33 , 0.17 , 359.10
2024-02-16 16:28:32,207 :- 00095: 226 , 32.80 , -0.20 || 1708081112, 17.601920556471 , 78.126606241598, 0.01 , 0.01 ,33.63 , 10.03 , 1.32 , 0.20 , 359.11
2024-02-16 16:28:32,237 :- 00096: 229 , 32.70 , -0.20 || 1708081112, 17.601928992013 , 78.126606092403, 0.01 , 0.01 ,33.57 , 9.28 , 1.29 , 0.28 , 359.13
2024-02-16 16:28:32,267 :- 00097: 232 , 32.60 , -0.20 || 1708081112, 17.601928992013 , 78.126606092403, 0.01 , 0.01 ,33.57 , 9.36 , 1.28 , 0.29 , 359.14
2024-02-16 16:28:32,297 :- 00098: 235 , 32.50 , -0.20 || 1708081112, 17.601928992013 , 78.126606092403, 0.01 , 0.01 ,33.57 , 10.05 , 1.22 , 0.36 , 359.16
2024-02-16 16:28:32,327 :- 00099: 238 , 32.50 , -0.20 || 1708081112, 17.601928992013 , 78.126606092403, 0.01 , 0.01 ,33.08 , 8.98 , 1.22 , 0.38 , 359.17
2024-02-16 16:28:32,357 :- 00100: 241 , 32.40 , -0.20 || 1708081112, 17.601937335933 , 78.126605947098, 0.01 , 0.01 ,33.08 , 9.21 , 1.22 , 0.38 , 359.19
2024-02-16 16:28:32,387 :- 00101: 244 , 32.30 , -0.20 || 1708081112, 17.601937335933 , 78.126605947098, 0.01 , 0.01 ,33.08 , 9.30 , 1.23 , 0.39 , 359.20
2024-02-16 16:28:32,417 :- 00102: 247 , 32.20 , -0.10 || 1708081112, 17.601937335933 , 78.126605947098, 0.01 , 0.01 ,33.08 , 9.56 , 1.24 , 0.37 , 359.21
2024-02-16 16:28:32,447 :- 00103: 250 , 32.00 , -0.10 || 1708081112, 17.601945552095 , 78.126605821008, 0.01 , 0.01 ,32.63 , 9.79 , 1.25 , 0.34 , 359.22
2024-02-16 16:28:32,477 :- 00104: 253 , 31.90 , -0.10 || 1708081112, 17.601945552095 , 78.126605821008, 0.01 , 0.01 ,32.63 , 9.98 , 1.24 , 0.34 , 359.23
2024-02-16 16:28:32,507 :- 00105: 000 , 31.70 , -0.10 || 1708081112, 17.601945552095 , 78.126605821008, 0.01 , 0.01 ,32.63 , 10.36 , 1.24 , 0.34 , 359.23
2024-02-16 16:28:32,537 :- 00106: 003 , 31.60 , -0.10 || 1708081112, 17.601953615065 , 78.126605709636, 0.01 , 0.01 ,32.03 , 10.39 , 1.19 , 0.33 , 359.23
2024-02-16 16:28:32,567 :- 00107: 006 , 31.40 , -0.10 || 1708081112, 17.601953615065 , 78.126605709636, 0.01 , 0.01 ,32.03 , 10.11 , 1.17 , 0.37 , 359.22
2024-02-16 16:28:32,597 :- 00108: 009 , 31.30 , -0.10 || 1708081112, 17.601953615065 , 78.126605709636, 0.01 , 0.01 ,32.03 , 10.20 , 1.14 , 0.38 , 359.22
2024-02-16 16:28:32,627 :- 00109: 012 , 31.10 , -0.10 || 1708081112, 17.601953615065 , 78.126605709636, 0.01 , 0.01 ,31.65 , 9.95 , 1.12 , 0.39 , 359.21
2024-02-16 16:28:32,657 :- 00110: 015 , 30.90 , -0.10 || 1708081112, 17.601961586936 , 78.126605573758, 0.01 , 0.01 ,31.65 , 9.99 , 1.10 , 0.43 , 359.21
2024-02-16 16:28:32,687 :- 00111: 018 , 30.70 , -0.00 || 1708081112, 17.601961586936 , 78.126605573758, 0.01 , 0.01 ,31.65 , 9.92 , 1.08 , 0.44 , 359.20
2024-02-16 16:28:32,717 :- 00112: 021 , 30.60 , -0.00 || 1708081112, 17.601961586936 , 78.126605573758, 0.01 , 0.01 ,30.87 , 9.45 , 1.05 , 0.42 , 359.19
2024-02-16 16:28:32,747 :- 00113: 024 , 30.40 , -0.00 || 1708081112, 17.601969379808 , 78.126605431494, 0.01 , 0.01 ,30.87 , 9.30 , 1.02 , 0.41 , 359.19
2024-02-16 16:28:32,777 :- 00114: 027 , 30.20 , -0.00 || 1708081112, 17.601969379808 , 78.126605431494, 0.01 , 0.01 ,30.87 , 10.00 , 0.98 , 0.39 , 359.19
2024-02-16 16:28:32,807 :- 00115: 030 , 30.00 , -0.00 || 1708081112, 17.601969379808 , 78.126605431494, 0.01 , 0.01 ,30.87 , 9.35 , 0.98 , 0.39 , 359.18
2024-02-16 16:28:32,837 :- 00116: 033 , 29.80 , -0.00 || 1708081112, 17.601976978361 , 78.126605291973, 0.01 , 0.01 ,30.13 , 9.67 , 0.96 , 0.33 , 359.18
2024-02-16 16:28:32,867 :- 00117: 036 , 29.60 , 00.00 || 1708081112, 17.601976978361 , 78.126605291973, 0.01 , 0.01 ,30.13 , 9.78 , 0.98 , 0.32 , 359.18
2024-02-16 16:28:32,897 :- 00118: 039 , 29.40 , 00.00 || 1708081112, 17.601976978361 , 78.126605291973, 0.01 , 0.01 ,30.13 , 9.30 , 1.00 , 0.28 , 359.18
2024-02-16 16:28:32,927 :- 00119: 042 , 29.20 , 00.00 || 1708081112, 17.601976978361 , 78.126605291973, 0.01 , 0.01 ,29.34 , 10.01 , 0.98 , 0.26 , 359.18
2024-02-16 16:28:32,957 :- 00120: 045 , 29.00 , 00.00 || 1708081112, 17.601984399293 , 78.126605178914, 0.01 , 0.01 ,29.34 , 10.09 , 0.93 , 0.24 , 359.17
2024-02-16 16:28:32,987 :- 00121: 048 , 28.80 , 00.00 || 1708081112, 17.601984399293 , 78.126605178914, 0.01 , 0.01 ,29.34 , 10.23 , 0.92 , 0.23 , 359.16
2024-02-16 16:28:33,017 :- 00122: 051 , 28.60 , 00.00 || 1708081113, 17.601984399293 , 78.126605178914, 0.01 , 0.01 ,29.34 , 9.81 , 0.93 , 0.26 , 359.16
2024-02-16 16:28:33,047 :- 00123: 054 , 28.40 , 00.00 || 1708081113, 17.601991731453 , 78.126605057975, 0.01 , 0.01 ,29.00 , 10.58 , 0.96 , 0.27 , 359.16
2024-02-16 16:28:33,077 :- 00124: 057 , 28.30 , 00.00 || 1708081113, 17.601991731453 , 78.126605057975, 0.01 , 0.01 ,29.00 , 9.40 , 0.99 , 0.32 , 359.15
2024-02-16 16:28:33,107 :- 00125: 060 , 28.00 , 00.00 || 1708081113, 17.601991731453 , 78.126605057975, 0.01 , 0.01 ,29.00 , 10.18 , 1.00 , 0.36 , 359.14
2024-02-16 16:28:33,137 :- 00126: 063 , 27.80 , 00.00 || 1708081113, 17.601998909308 , 78.126604964959, 0.01 , 0.01 ,28.45 , 10.12 , 1.01 , 0.43 , 359.13
2024-02-16 16:28:33,167 :- 00127: 066 , 27.60 , 00.00 || 1708081113, 17.601998909308 , 78.126604964959, 0.01 , 0.01 ,28.45 , 9.84 , 0.99 , 0.51 , 359.13
2024-02-16 16:28:33,197 :- 00128: 069 , 27.40 , 00.00 || 1708081113, 17.601998909308 , 78.126604964959, 0.01 , 0.01 ,28.45 , 10.07 , 0.96 , 0.56 , 359.11
2024-02-16 16:28:33,227 :- 00129: 072 , 27.10 , 00.00 || 1708081113, 17.601998909308 , 78.126604964959, 0.01 , 0.01 ,27.69 , 9.38 , 0.96 , 0.64 , 359.10
2024-02-16 16:28:33,257 :- 00130: 075 , 26.90 , 00.00 || 1708081113, 17.602005897136 , 78.126604837976, 0.01 , 0.01 ,27.69 , 9.72 , 0.91 , 0.73 , 359.10
2024-02-16 16:28:33,287 :- 00131: 078 , 26.60 , 00.00 || 1708081113, 17.602005897136 , 78.126604837976, 0.01 , 0.01 ,27.69 , 9.61 , 0.92 , 0.77 , 359.10
2024-02-16 16:28:33,317 :- 00132: 081 , 26.40 , 00.00 || 1708081113, 17.602005897136 , 78.126604837976, 0.01 , 0.01 ,26.44 , 9.56 , 0.87 , 0.80 , 359.09
2024-02-16 16:28:33,347 :- 00133: 084 , 26.10 , 00.00 || 1708081113, 17.602012605719 , 78.126604683167, 0.01 , 0.01 ,26.44 , 9.02 , 0.86 , 0.81 , 359.09
2024-02-16 16:28:33,377 :- 00134: 087 , 25.80 , 00.00 || 1708081113, 17.602012605719 , 78.126604683167, 0.01 , 0.01 ,26.44 , 9.39 , 0.82 , 0.83 , 359.08
2024-02-16 16:28:33,407 :- 00135: 090 , 25.50 , 00.00 || 1708081113, 17.602012605719 , 78.126604683167, 0.01 , 0.01 ,26.44 , 9.58 , 0.80 , 0.82 , 359.07
2024-02-16 16:28:33,437 :- 00136: 093 , 25.20 , 00.00 || 1708081113, 17.602019060455 , 78.126604553093, 0.01 , 0.01 ,25.32 , 9.28 , 0.76 , 0.79 , 359.06
2024-02-16 16:28:33,467 :- 00137: 096 , 25.00 , 00.00 || 1708081113, 17.602019060455 , 78.126604553093, 0.01 , 0.01 ,25.32 , 8.94 , 0.73 , 0.78 , 359.05
2024-02-16 16:28:33,497 :- 00138: 099 , 24.60 , 00.00 || 1708081113, 17.602019060455 , 78.126604553093, 0.01 , 0.01 ,25.32 , 10.02 , 0.69 , 0.78 , 359.04
2024-02-16 16:28:33,527 :- 00139: 102 , 24.30 , 00.00 || 1708081113, 17.602019060455 , 78.126604553093, 0.01 , 0.01 ,24.64 , 9.28 , 0.67 , 0.73 , 359.03
2024-02-16 16:28:33,557 :- 00140: 105 , 24.00 , 00.00 || 1708081113, 17.602025257625 , 78.126604426254, 0.01 , 0.01 ,24.64 , 10.01 , 0.63 , 0.69 , 359.02
2024-02-16 16:28:33,587 :- 00141: 108 , 23.80 , 00.00 || 1708081113, 17.602025257625 , 78.126604426254, 0.01 , 0.01 ,24.64 , 10.19 , 0.63 , 0.69 , 359.02
2024-02-16 16:28:33,617 :- 00142: 111 , 23.50 , 00.00 || 1708081113, 17.602025257625 , 78.126604426254, 0.01 , 0.01 ,23.25 , 9.77 , 0.59 , 0.63 , 359.01
2024-02-16 16:28:33,647 :- 00143: 114 , 23.20 , 00.00 || 1708081113, 17.602031186087 , 78.126604271311, 0.01 , 0.01 ,23.25 , 10.17 , 0.57 , 0.62 , 359.01
2024-02-16 16:28:33,677 :- 00144: 117 , 22.90 , 00.00 || 1708081113, 17.602031186087 , 78.126604271311, 0.01 , 0.01 ,23.25 , 9.95 , 0.51 , 0.60 , 359.00
2024-02-16 16:28:33,707 :- 00145: 120 , 22.60 , 00.00 || 1708081113, 17.602031186087 , 78.126604271311, 0.01 , 0.01 ,23.25 , 9.91 , 0.47 , 0.58 , 359.00
2024-02-16 16:28:33,737 :- 00146: 123 , 22.40 , 00.00 || 1708081113, 17.602036863774 , 78.126604110811, 0.01 , 0.01 ,22.42 , 9.79 , 0.44 , 0.56 , 358.98
2024-02-16 16:28:33,767 :- 00147: 126 , 22.10 , 00.00 || 1708081113, 17.602036863774 , 78.126604110811, 0.01 , 0.01 ,22.42 , 10.26 , 0.41 , 0.57 , 358.98
2024-02-16 16:28:33,797 :- 00148: 129 , 21.80 , 00.00 || 1708081113, 17.602036863774 , 78.126604110811, 0.01 , 0.01 ,22.42 , 9.60 , 0.40 , 0.56 , 358.96
2024-02-16 16:28:33,827 :- 00149: 132 , 21.50 , 00.00 || 1708081113, 17.602036863774 , 78.126604110811, 0.01 , 0.01 ,21.63 , 9.83 , 0.39 , 0.56 , 358.96
2024-02-16 16:28:33,857 :- 00150: 135 , 21.20 , 00.00 || 1708081113, 17.602042336634 , 78.126604014543, 0.01 , 0.01 ,21.63 , 9.50 , 0.34 , 0.55 , 358.95
2024-02-16 16:28:33,887 :- 00151: 138 , 20.90 , 00.00 || 1708081113, 17.602042336634 , 78.126604014543, 0.01 , 0.01 ,21.63 , 10.30 , 0.33 , 0.55 , 358.94
2024-02-16 16:28:33,917 :- 00152: 141 , 20.60 , 00.00 || 1708081113, 17.602042336634 , 78.126604014543, 0.01 , 0.01 ,20.52 , 9.60 , 0.29 , 0.53 , 358.93
2024-02-16 16:28:33,947 :- 00153: 144 , 20.30 , 00.00 || 1708081113, 17.602047477869 , 78.126603882723, 0.01 , 0.01 ,20.52 , 9.64 , 0.27 , 0.53 , 358.93
2024-02-16 16:28:33,977 :- 00154: 147 , 20.00 , 00.00 || 1708081113, 17.602047477869 , 78.126603882723, 0.01 , 0.01 ,20.52 , 9.92 , 0.25 , 0.52 , 358.92
2024-02-16 16:28:34,007 :- 00155: 150 , 19.70 , 00.00 || 1708081113, 17.602047477869 , 78.126603882723, 0.01 , 0.01 ,20.52 , 9.74 , 0.23 , 0.52 , 358.92
2024-02-16 16:28:34,037 :- 00156: 153 , 19.40 , 00.00 || 1708081114, 17.602052428607 , 78.126603819707, 0.01 , 0.01 ,19.49 , 9.91 , 0.20 , 0.54 , 358.91
2024-02-16 16:28:34,067 :- 00157: 156 , 19.10 , 00.00 || 1708081114, 17.602052428607 , 78.126603819707, 0.01 , 0.01 ,19.49 , 9.99 , 0.18 , 0.56 , 358.90
2024-02-16 16:28:34,097 :- 00158: 159 , 18.80 , 00.00 || 1708081114, 17.602052428607 , 78.126603819707, 0.01 , 0.01 ,19.49 , 9.37 , 0.17 , 0.59 , 358.88
2024-02-16 16:28:34,127 :- 00159: 162 , 18.50 , 00.00 || 1708081114, 17.602052428607 , 78.126603819707, 0.01 , 0.01 ,18.53 , 9.74 , 0.17 , 0.60 , 358.88
2024-02-16 16:28:34,157 :- 00160: 165 , 18.20 , 00.00 || 1708081114, 17.602057115795 , 78.126603679127, 0.01 , 0.01 ,18.53 , 9.44 , 0.17 , 0.63 , 358.87
2024-02-16 16:28:34,187 :- 00161: 168 , 17.90 , 00.00 || 1708081114, 17.602057115795 , 78.126603679127, 0.01 , 0.01 ,18.53 , 9.69 , 0.18 , 0.63 , 358.86
2024-02-16 16:28:34,217 :- 00162: 171 , 17.60 , -0.00 || 1708081114, 17.602057115795 , 78.126603679127, 0.01 , 0.01 ,17.48 , 9.67 , 0.19 , 0.63 , 358.86
2024-02-16 16:28:34,247 :- 00163: 174 , 17.30 , -0.00 || 1708081114, 17.602061553280 , 78.126603606656, 0.01 , 0.01 ,17.48 , 9.65 , 0.19 , 0.63 , 358.85
2024-02-16 16:28:34,277 :- 00164: 177 , 17.00 , -0.10 || 1708081114, 17.602061553280 , 78.126603606656, 0.01 , 0.01 ,17.48 , 9.88 , 0.20 , 0.61 , 358.85
2024-02-16 16:28:34,307 :- 00165: 180 , 16.80 , -0.10 || 1708081114, 17.602061553280 , 78.126603606656, 0.01 , 0.01 ,17.48 , 9.82 , 0.20 , 0.60 , 358.84
2024-02-16 16:28:34,337 :- 00166: 183 , 16.50 , -0.20 || 1708081114, 17.602065751616 , 78.126603460489, 0.01 , 0.01 ,16.50 , 9.90 , 0.19 , 0.59 , 358.84
2024-02-16 16:28:34,367 :- 00167: 186 , 16.20 , -0.20 || 1708081114, 17.602065751616 , 78.126603460489, 0.01 , 0.01 ,16.50 , 10.01 , 0.19 , 0.59 , 358.84
2024-02-16 16:28:34,397 :- 00168: 189 , 16.00 , -0.30 || 1708081114, 17.602065751616 , 78.126603460489, 0.01 , 0.01 ,16.50 , 9.89 , 0.18 , 0.60 , 358.84
2024-02-16 16:28:34,427 :- 00169: 192 , 15.70 , -0.30 || 1708081114, 17.602065751616 , 78.126603460489, 0.01 , 0.01 ,15.63 , 9.81 , 0.17 , 0.60 , 358.84
2024-02-16 16:28:34,457 :- 00170: 195 , 15.50 , -0.30 || 1708081114, 17.602069726986 , 78.126603372156, 0.01 , 0.01 ,15.63 , 9.82 , 0.16 , 0.63 , 358.84
2024-02-16 16:28:34,487 :- 00171: 198 , 15.20 , -0.30 || 1708081114, 17.602069726986 , 78.126603372156, 0.01 , 0.01 ,15.63 , 9.54 , 0.16 , 0.63 , 358.84
2024-02-16 16:28:34,517 :- 00172: 201 , 15.00 , -0.30 || 1708081114, 17.602069726986 , 78.126603372156, 0.01 , 0.01 ,15.63 , 9.73 , 0.15 , 0.65 , 358.85
2024-02-16 16:28:34,547 :- 00173: 204 , 14.70 , -0.30 || 1708081114, 17.602073498127 , 78.126603302801, 0.01 , 0.01 ,14.79 , 9.45 , 0.15 , 0.66 , 358.86
2024-02-16 16:28:34,577 :- 00174: 207 , 14.50 , -0.30 || 1708081114, 17.602073498127 , 78.126603302801, 0.01 , 0.01 ,14.79 , 9.77 , 0.16 , 0.66 , 358.88
2024-02-16 16:28:34,607 :- 00175: 210 , 14.20 , -0.30 || 1708081114, 17.602073498127 , 78.126603302801, 0.01 , 0.01 ,14.79 , 9.50 , 0.17 , 0.67 , 358.89
2024-02-16 16:28:34,637 :- 00176: 213 , 14.00 , -0.30 || 1708081114, 17.602077058703 , 78.126603215632, 0.01 , 0.01 ,13.91 , 9.75 , 0.21 , 0.66 , 358.92
2024-02-16 16:28:34,667 :- 00177: 216 , 13.70 , -0.30 || 1708081114, 17.602077058703 , 78.126603215632, 0.01 , 0.01 ,13.91 , 9.67 , 0.22 , 0.65 , 358.93
2024-02-16 16:28:34,697 :- 00178: 219 , 13.40 , -0.30 || 1708081114, 17.602077058703 , 78.126603215632, 0.01 , 0.01 ,13.91 , 9.67 , 0.26 , 0.63 , 358.94
2024-02-16 16:28:34,727 :- 00179: 222 , 13.20 , -0.30 || 1708081114, 17.602077058703 , 78.126603215632, 0.01 , 0.01 ,12.91 , 9.86 , 0.28 , 0.62 , 358.94
2024-02-16 16:28:34,757 :- 00180: 225 , 12.90 , -0.30 || 1708081114, 17.602080380478 , 78.126603174072, 0.01 , 0.01 ,12.91 , 9.68 , 0.35 , 0.60 , 358.95
2024-02-16 16:28:34,787 :- 00181: 228 , 12.70 , -0.30 || 1708081114, 17.602080380478 , 78.126603174072, 0.01 , 0.01 ,12.91 , 9.72 , 0.40 , 0.59 , 358.96
2024-02-16 16:28:34,817 :- 00182: 231 , 12.40 , -0.30 || 1708081114, 17.602080380478 , 78.126603174072, 0.01 , 0.01 ,12.10 , 10.01 , 0.49 , 0.57 , 358.97
2024-02-16 16:28:34,847 :- 00183: 234 , 12.10 , -0.30 || 1708081114, 17.602083461264 , 78.126603179916, 0.01 , 0.01 ,12.10 , 9.95 , 0.51 , 0.56 , 358.98
2024-02-16 16:28:34,877 :- 00184: 237 , 11.90 , -0.30 || 1708081114, 17.602083461264 , 78.126603179916, 0.01 , 0.01 ,12.10 , 9.76 , 0.53 , 0.54 , 358.99
2024-02-16 16:28:34,907 :- 00185: 240 , 11.60 , -0.30 || 1708081114, 17.602083461264 , 78.126603179916, 0.01 , 0.01 ,12.10 , 9.90 , 0.54 , 0.54 , 358.99
2024-02-16 16:28:34,937 :- 00186: 243 , 11.40 , -0.30 || 1708081114, 17.602086335757 , 78.126603174329, 0.01 , 0.01 ,11.24 , 9.80 , 0.52 , 0.54 , 359.01
2024-02-16 16:28:34,967 :- 00187: 246 , 11.10 , -0.30 || 1708081114, 17.602086335757 , 78.126603174329, 0.01 , 0.01 ,11.24 , 9.75 , 0.50 , 0.54 , 359.01
2024-02-16 16:28:34,997 :- 00188: 249 , 10.90 , -0.30 || 1708081114, 17.602086335757 , 78.126603174329, 0.01 , 0.01 ,11.24 , 9.74 , 0.46 , 0.53 , 359.02
2024-02-16 16:28:35,027 :- 00189: 252 , 10.60 , -0.30 || 1708081115, 17.602086335757 , 78.126603174329, 0.01 , 0.01 ,11.24 , 9.84 , 0.44 , 0.54 , 359.03
2024-02-16 16:28:35,057 :- 00190: 255 , 10.40 , -0.30 || 1708081115, 17.602088977501 , 78.126603083850, 0.01 , 0.01 ,10.28 , 9.70 , 0.39 , 0.54 , 359.03
2024-02-16 16:28:35,087 :- 00191: 002 , 10.10 , -0.30 || 1708081115, 17.602088977501 , 78.126603083850, 0.01 , 0.01 ,10.28 , 9.75 , 0.37 , 0.54 , 359.04
2024-02-16 16:28:35,107 :- 00192: 004 , 09.90 , -0.30 || 1708081115, 17.602088977501 , 78.126603083850, 0.01 , 0.01 ,10.28 , 9.83 , 0.36 , 0.53 , 359.04
2024-02-16 16:28:35,137 :- 00193: 007 , 09.70 , -0.30 || 1708081115, 17.602091414861 , 78.126602996287, 0.01 , 0.01 ,9.41 , 9.60 , 0.33 , 0.49 , 359.05
2024-02-16 16:28:35,167 :- 00194: 010 , 09.40 , -0.30 || 1708081115, 17.602091414861 , 78.126602996287, 0.01 , 0.01 ,9.41 , 9.87 , 0.31 , 0.48 , 359.05
2024-02-16 16:28:35,197 :- 00195: 013 , 09.20 , -0.30 || 1708081115, 17.602091414861 , 78.126602996287, 0.01 , 0.01 ,9.41 , 9.95 , 0.29 , 0.47 , 359.07
2024-02-16 16:28:35,227 :- 00196: 016 , 08.90 , -0.30 || 1708081115, 17.602091414861 , 78.126602996287, 0.01 , 0.01 ,8.50 , 9.89 , 0.29 , 0.47 , 359.07
2024-02-16 16:28:35,257 :- 00197: 019 , 08.70 , -0.30 || 1708081115, 17.602093599313 , 78.126602949244, 0.01 , 0.01 ,8.50 , 9.79 , 0.29 , 0.51 , 359.09
2024-02-16 16:28:35,287 :- 00198: 022 , 08.40 , -0.30 || 1708081115, 17.602093599313 , 78.126602949244, 0.01 , 0.01 ,8.50 , 9.68 , 0.30 , 0.52 , 359.09
2024-02-16 16:28:35,317 :- 00199: 025 , 08.20 , -0.30 || 1708081115, 17.602093599313 , 78.126602949244, 0.01 , 0.01 ,7.78 , 9.63 , 0.34 , 0.57 , 359.10
2024-02-16 16:28:35,347 :- 00200: 028 , 07.90 , -0.30 || 1708081115, 17.602095610136 , 78.126602925447, 0.01 , 0.01 ,7.78 , 9.68 , 0.36 , 0.58 , 359.10
2024-02-16 16:28:35,377 :- 00201: 031 , 07.60 , -0.30 || 1708081115, 17.602095610136 , 78.126602925447, 0.01 , 0.01 ,7.78 , 9.58 , 0.42 , 0.61 , 359.11
2024-02-16 16:28:35,407 :- 00202: 034 , 07.40 , -0.30 || 1708081115, 17.602095610136 , 78.126602925447, 0.01 , 0.01 ,7.78 , 9.73 , 0.45 , 0.62 , 359.11
2024-02-16 16:28:35,437 :- 00203: 037 , 07.20 , -0.30 || 1708081115, 17.602097414951 , 78.126602924272, 0.01 , 0.01 ,6.97 , 9.74 , 0.49 , 0.61 , 359.11
2024-02-16 16:28:35,467 :- 00204: 040 , 06.90 , -0.30 || 1708081115, 17.602097414951 , 78.126602924272, 0.01 , 0.01 ,6.97 , 9.75 , 0.51 , 0.60 , 359.11
2024-02-16 16:28:35,497 :- 00205: 043 , 06.70 , -0.30 || 1708081115, 17.602097414951 , 78.126602924272, 0.01 , 0.01 ,6.97 , 9.81 , 0.52 , 0.58 , 359.11
2024-02-16 16:28:35,527 :- 00206: 046 , 06.50 , -0.30 || 1708081115, 17.602097414951 , 78.126602924272, 0.01 , 0.01 ,6.08 , 9.80 , 0.53 , 0.57 , 359.12
2024-02-16 16:28:35,557 :- 00207: 049 , 06.30 , -0.30 || 1708081115, 17.602099001731 , 78.126602933313, 0.01 , 0.01 ,6.08 , 9.96 , 0.54 , 0.54 , 359.12
2024-02-16 16:28:35,587 :- 00208: 052 , 06.00 , -0.30 || 1708081115, 17.602099001731 , 78.126602933313, 0.01 , 0.01 ,6.08 , 9.88 , 0.54 , 0.53 , 359.13
2024-02-16 16:28:35,617 :- 00209: 055 , 05.80 , -0.30 || 1708081115, 17.602099001731 , 78.126602933313, 0.01 , 0.01 ,5.27 , 9.97 , 0.53 , 0.52 , 359.14
2024-02-16 16:28:35,647 :- 00210: 058 , 05.60 , -0.30 || 1708081115, 17.602100370474 , 78.126602917774, 0.01 , 0.01 ,5.27 , 9.90 , 0.53 , 0.51 , 359.14
2024-02-16 16:28:35,677 :- 00211: 061 , 05.40 , -0.30 || 1708081115, 17.602100370474 , 78.126602917774, 0.01 , 0.01 ,5.27 , 9.78 , 0.51 , 0.49 , 359.14
2024-02-16 16:28:35,707 :- 00212: 064 , 05.20 , -0.30 || 1708081115, 17.602100370474 , 78.126602917774, 0.01 , 0.01 ,5.27 , 9.54 , 0.50 , 0.46 , 359.14
2024-02-16 16:28:35,737 :- 00213: 067 , 05.00 , -0.30 || 1708081115, 17.602101580842 , 78.126602880405, 0.01 , 0.01 ,4.73 , 9.50 , 0.49 , 0.39 , 359.14
2024-02-16 16:28:35,767 :- 00214: 070 , 04.90 , -0.30 || 1708081115, 17.602101580842 , 78.126602880405, 0.01 , 0.01 ,4.73 , 9.38 , 0.49 , 0.34 , 359.14
2024-02-16 16:28:35,797 :- 00215: 073 , 04.70 , -0.30 || 1708081115, 17.602101580842 , 78.126602880405, 0.01 , 0.01 ,4.73 , 9.34 , 0.49 , 0.21 , 359.13
2024-02-16 16:28:35,827 :- 00216: 076 , 04.60 , -0.30 || 1708081115, 17.602101580842 , 78.126602880405, 0.01 , 0.01 ,4.36 , 9.71 , 0.48 , 0.17 , 359.13
2024-02-16 16:28:35,857 :- 00217: 079 , 04.60 , -0.30 || 1708081115, 17.602102675738 , 78.126602842905, 0.01 , 0.01 ,4.36 , 9.68 , 0.48 , 0.09 , 359.13
2024-02-16 16:28:35,887 :- 00218: 082 , 04.50 , -0.30 || 1708081115, 17.602102675738 , 78.126602842905, 0.01 , 0.01 ,4.36 , 9.83 , 0.49 , 0.04 , 359.13
2024-02-16 16:28:35,917 :- 00219: 085 , 04.50 , -0.30 || 1708081115, 17.602102675738 , 78.126602842905, 0.01 , 0.01 ,4.36 , 10.00 , 0.50 , -0.05 , 359.13
2024-02-16 16:28:35,947 :- 00220: 088 , 04.40 , -0.30 || 1708081115, 17.602103768270 , 78.126602831895, 0.01 , 0.01 ,4.36 , 10.11 , 0.51 , -0.09 , 359.14
2024-02-16 16:28:35,977 :- 00221: 091 , 04.40 , -0.30 || 1708081115, 17.602103768270 , 78.126602831895, 0.01 , 0.01 ,4.36 , 10.16 , 0.54 , -0.16 , 359.15
2024-02-16 16:28:36,007 :- 00222: 094 , 04.40 , -0.30 || 1708081115, 17.602103768270 , 78.126602831895, 0.01 , 0.01 ,4.36 , 10.17 , 0.56 , -0.18 , 359.15
2024-02-16 16:28:36,037 :- 00223: 097 , 04.40 , -0.30 || 1708081116, 17.602104876260 , 78.126602845424, 0.01 , 0.01 ,4.40 , 10.19 , 0.59 , -0.19 , 359.16
2024-02-16 16:28:36,067 :- 00224: 100 , 04.40 , -0.30 || 1708081116, 17.602104876260 , 78.126602845424, 0.01 , 0.01 ,4.40 , 10.19 , 0.60 , -0.19 , 359.17
2024-02-16 16:28:36,097 :- 00225: 103 , 04.40 , -0.30 || 1708081116, 17.602104876260 , 78.126602845424, 0.01 , 0.01 ,4.40 , 10.16 , 0.62 , -0.16 , 359.17
2024-02-16 16:28:36,127 :- 00226: 106 , 04.40 , -0.30 || 1708081116, 17.602104876260 , 78.126602845424, 0.01 , 0.01 ,4.54 , 10.02 , 0.63 , -0.14 , 359.17
2024-02-16 16:28:36,157 :- 00227: 109 , 04.40 , -0.30 || 1708081116, 17.602106029714 , 78.126602861954, 0.01 , 0.01 ,4.54 , 9.87 , 0.63 , -0.09 , 359.18
2024-02-16 16:28:36,187 :- 00228: 112 , 04.40 , -0.30 || 1708081116, 17.602106029714 , 78.126602861954, 0.01 , 0.01 ,4.54 , 9.72 , 0.63 , -0.07 , 359.18
2024-02-16 16:28:36,217 :- 00229: 115 , 04.40 , -0.30 || 1708081116, 17.602106029714 , 78.126602861954, 0.01 , 0.01 ,4.56 , 9.67 , 0.63 , -0.03 , 359.18
2024-02-16 16:28:36,247 :- 00230: 118 , 04.40 , -0.30 || 1708081116, 17.602107183152 , 78.126602832568, 0.01 , 0.01 ,4.56 , 9.65 , 0.62 , -0.02 , 359.19
2024-02-16 16:28:36,277 :- 00231: 121 , 04.40 , -0.30 || 1708081116, 17.602107183152 , 78.126602832568, 0.01 , 0.01 ,4.56 , 9.47 , 0.60 , 0.01 , 359.19
2024-02-16 16:28:36,307 :- 00232: 124 , 04.40 , -0.30 || 1708081116, 17.602107183152 , 78.126602832568, 0.01 , 0.01 ,4.56 , 9.81 , 0.58 , 0.05 , 359.20
2024-02-16 16:28:36,337 :- 00233: 127 , 04.40 , -0.30 || 1708081116, 17.602108310319 , 78.126602801252, 0.01 , 0.01 ,4.45 , 9.80 , 0.52 , 0.15 , 359.22
2024-02-16 16:28:36,367 :- 00234: 130 , 04.30 , -0.30 || 1708081116, 17.602108310319 , 78.126602801252, 0.01 , 0.01 ,4.45 , 9.80 , 0.49 , 0.11 , 359.22
2024-02-16 16:28:36,387 :- 00235: 132 , 04.30 , -0.30 || 1708081116, 17.602108310319 , 78.126602801252, 0.01 , 0.01 ,4.45 , 9.05 , 0.48 , 0.01 , 359.22
2024-02-16 16:28:36,417 :- 00236: 135 , 04.20 , -0.30 || 1708081116, 17.602108310319 , 78.126602801252, 0.01 , 0.01 ,3.45 , 9.12 , 0.44 , -0.27 , 359.23
2024-02-16 16:28:36,447 :- 00237: 138 , 04.10 , -0.30 || 1708081116, 17.602109250995 , 78.126602745200, 0.01 , 0.01 ,3.45 , 9.03 , 0.44 , -0.46 , 359.23
2024-02-16 16:28:36,477 :- 00238: 141 , 04.10 , -0.30 || 1708081116, 17.602109250995 , 78.126602745200, 0.01 , 0.01 ,3.45 , 9.10 , 0.45 , -0.88 , 359.23
2024-02-16 16:28:36,507 :- 00239: 144 , 04.10 , -0.30 || 1708081116, 17.602109250995 , 78.126602745200, 0.01 , 0.01 ,3.45 , 10.09 , 0.45 , -1.06 , 359.23
2024-02-16 16:28:36,537 :- 00240: 147 , 04.10 , -0.30 || 1708081116, 17.602110018711 , 78.126602730220, 0.01 , 0.01 ,3.06 , 10.12 , 0.46 , -1.38 , 359.23
2024-02-16 16:28:36,567 :- 00241: 150 , 04.10 , -0.30 || 1708081116, 17.602110018711 , 78.126602730220, 0.01 , 0.01 ,3.06 , 10.18 , 0.45 , -1.54 , 359.23
2024-02-16 16:28:36,597 :- 00242: 153 , 04.10 , -0.30 || 1708081116, 17.602110018711 , 78.126602730220, 0.01 , 0.01 ,3.06 , 10.13 , 0.46 , -1.74 , 359.24
2024-02-16 16:28:36,627 :- 00243: 156 , 04.10 , -0.30 || 1708081116, 17.602110018711 , 78.126602730220, 0.01 , 0.01 ,3.98 , 10.18 , 0.46 , -1.76 , 359.25
2024-02-16 16:28:36,657 :- 00244: 159 , 04.10 , -0.30 || 1708081116, 17.602110948388 , 78.126602729696, 0.01 , 0.01 ,3.98 , 10.72 , 0.49 , -1.65 , 359.27
2024-02-16 16:28:36,687 :- 00245: 162 , 04.10 , -0.30 || 1708081116, 17.602110948388 , 78.126602729696, 0.01 , 0.01 ,3.98 , 10.31 , 0.50 , -1.54 , 359.28
2024-02-16 16:28:36,717 :- 00246: 165 , 04.20 , -0.30 || 1708081116, 17.602110948388 , 78.126602729696, 0.01 , 0.01 ,5.34 , 10.98 , 0.51 , -1.13 , 359.29
2024-02-16 16:28:36,747 :- 00247: 168 , 04.10 , -0.30 || 1708081116, 17.602112225507 , 78.126602739116, 0.01 , 0.01 ,5.34 , 9.85 , 0.53 , -1.07 , 359.30
2024-02-16 16:28:36,777 :- 00248: 171 , 04.20 , -0.30 || 1708081116, 17.602112225507 , 78.126602739116, 0.01 , 0.01 ,5.34 , 9.84 , 0.54 , -0.59 , 359.30
2024-02-16 16:28:36,807 :- 00249: 174 , 04.20 , -0.30 || 1708081116, 17.602112225507 , 78.126602739116, 0.01 , 0.01 ,5.34 , 9.87 , 0.57 , -0.40 , 359.29
2024-02-16 16:28:36,837 :- 00250: 177 , 04.20 , -0.30 || 1708081116, 17.602113631015 , 78.126602712466, 0.01 , 0.01 ,5.60 , 8.79 , 0.60 , -0.14 , 359.27
2024-02-16 16:28:36,867 :- 00251: 180 , 04.30 , -0.30 || 1708081116, 17.602113631015 , 78.126602712466, 0.01 , 0.01 ,5.60 , 9.03 , 0.58 , 0.02 , 359.27
2024-02-16 16:28:36,897 :- 00252: 183 , 04.50 , -0.30 || 1708081116, 17.602113631015 , 78.126602712466, 0.01 , 0.01 ,5.60 , 8.90 , 0.59 , 0.20 , 359.26
2024-02-16 16:28:36,927 :- 00253: 186 , 04.60 , -0.30 || 1708081116, 17.602113631015 , 78.126602712466, 0.01 , 0.01 ,5.39 , 8.64 , 0.56 , 0.21 , 359.26
2024-02-16 16:28:36,957 :- 00254: 189 , 04.70 , -0.30 || 1708081116, 17.602114996637 , 78.126602698104, 0.01 , 0.01 ,5.39 , 9.25 , 0.54 , 0.17 , 359.27
2024-02-16 16:28:36,987 :- 00255: 192 , 04.90 , -0.30 || 1708081116, 17.602114996637 , 78.126602698104, 0.01 , 0.01 ,5.39 , 9.63 , 0.56 , 0.11 , 359.27
2024-02-16 16:28:37,017 :- 00256: 195 , 05.00 , -0.30 || 1708081117, 17.602114996637 , 78.126602698104, 0.01 , 0.01 ,5.39 , 9.69 , 0.55 , -0.11 , 359.28
2024-02-16 16:28:37,047 :- 00257: 198 , 05.10 , -0.30 || 1708081117, 17.602116252684 , 78.126602675135, 0.01 , 0.01 ,4.89 , 10.35 , 0.55 , -0.20 , 359.29
2024-02-16 16:28:37,077 :- 00258: 201 , 05.30 , -0.30 || 1708081117, 17.602116252684 , 78.126602675135, 0.01 , 0.01 ,4.89 , 10.47 , 0.56 , -0.44 , 359.31
2024-02-16 16:28:37,107 :- 00259: 204 , 05.40 , -0.30 || 1708081117, 17.602116252684 , 78.126602675135, 0.01 , 0.01 ,4.89 , 10.42 , 0.55 , -0.55 , 359.31
2024-02-16 16:28:37,137 :- 00260: 207 , 05.50 , -0.30 || 1708081117, 17.602117560988 , 78.126602665519, 0.01 , 0.01 ,5.35 , 10.40 , 0.55 , -0.74 , 359.32
2024-02-16 16:28:37,167 :- 00261: 210 , 05.70 , -0.30 || 1708081117, 17.602117560988 , 78.126602665519, 0.01 , 0.01 ,5.35 , 10.19 , 0.57 , -0.82 , 359.33
2024-02-16 16:28:37,197 :- 00262: 213 , 05.80 , -0.30 || 1708081117, 17.602117560988 , 78.126602665519, 0.01 , 0.01 ,5.35 , 10.00 , 0.58 , -0.95 , 359.34
2024-02-16 16:28:37,227 :- 00263: 216 , 05.90 , -0.30 || 1708081117, 17.602117560988 , 78.126602665519, 0.01 , 0.01 ,6.09 , 9.85 , 0.57 , -0.99 , 359.34
2024-02-16 16:28:37,257 :- 00264: 219 , 06.00 , -0.30 || 1708081117, 17.602119048272 , 78.126602668164, 0.01 , 0.01 ,6.09 , 9.78 , 0.57 , -1.06 , 359.35
2024-02-16 16:28:37,287 :- 00265: 222 , 06.20 , -0.30 || 1708081117, 17.602119048272 , 78.126602668164, 0.01 , 0.01 ,6.09 , 9.75 , 0.57 , -1.07 , 359.36
2024-02-16 16:28:37,317 :- 00266: 225 , 06.30 , -0.30 || 1708081117, 17.602119048272 , 78.126602668164, 0.01 , 0.01 ,6.74 , 9.57 , 0.57 , -1.07 , 359.37
2024-02-16 16:28:37,347 :- 00267: 228 , 06.40 , -0.30 || 1708081117, 17.602120704154 , 78.126602641626, 0.01 , 0.01 ,6.74 , 9.61 , 0.57 , -1.06 , 359.37
2024-02-16 16:28:37,377 :- 00268: 231 , 06.60 , -0.30 || 1708081117, 17.602120704154 , 78.126602641626, 0.01 , 0.01 ,6.74 , 9.59 , 0.56 , -1.03 , 359.38
2024-02-16 16:28:37,407 :- 00269: 234 , 06.70 , -0.30 || 1708081117, 17.602120704154 , 78.126602641626, 0.01 , 0.01 ,6.74 , 9.72 , 0.56 , -1.00 , 359.39
2024-02-16 16:28:37,437 :- 00270: 237 , 06.80 , -0.30 || 1708081117, 17.602122554594 , 78.126602607871, 0.01 , 0.01 ,7.53 , 9.74 , 0.54 , -0.94 , 359.40
2024-02-16 16:28:37,467 :- 00271: 240 , 07.00 , -0.30 || 1708081117, 17.602122554594 , 78.126602607871, 0.01 , 0.01 ,7.53 , 9.80 , 0.52 , -0.92 , 359.40
2024-02-16 16:28:37,497 :- 00272: 243 , 07.10 , -0.30 || 1708081117, 17.602122554594 , 78.126602607871, 0.01 , 0.01 ,7.53 , 9.80 , 0.49 , -0.87 , 359.41
2024-02-16 16:28:37,527 :- 00273: 246 , 07.30 , -0.30 || 1708081117, 17.602122554594 , 78.126602607871, 0.01 , 0.01 ,8.04 , 9.89 , 0.49 , -0.84 , 359.41
2024-02-16 16:28:37,557 :- 00274: 249 , 07.50 , -0.30 || 1708081117, 17.602124532122 , 78.126602575085, 0.01 , 0.01 ,8.04 , 9.93 , 0.47 , -0.82 , 359.42
2024-02-16 16:28:37,587 :- 00275: 252 , 07.70 , -0.30 || 1708081117, 17.602124532122 , 78.126602575085, 0.01 , 0.01 ,8.04 , 10.09 , 0.47 , -0.79 , 359.43
2024-02-16 16:28:37,617 :- 00276: 255 , 07.80 , -0.30 || 1708081117, 17.602124532122 , 78.126602575085, 0.01 , 0.01 ,8.51 , 9.90 , 0.46 , -0.79 , 359.44
2024-02-16 16:28:37,647 :- 00277: 002 , 08.00 , -0.30 || 1708081117, 17.602126640506 , 78.126602533783, 0.01 , 0.01 ,8.51 , 10.05 , 0.46 , -0.78 , 359.44
2024-02-16 16:28:37,667 :- 00278: 004 , 08.10 , -0.30 || 1708081117, 17.602126640506 , 78.126602533783, 0.01 , 0.01 ,8.51 , 10.05 , 0.46 , -0.78 , 359.45
2024-02-16 16:28:37,697 :- 00279: 007 , 08.30 , -0.30 || 1708081117, 17.602126640506 , 78.126602533783, 0.01 , 0.01 ,8.51 , 9.74 , 0.46 , -0.81 , 359.46
2024-02-16 16:28:37,727 :- 00280: 010 , 08.50 , -0.30 || 1708081117, 17.602126640506 , 78.126602533783, 0.01 , 0.01 ,9.04 , 9.94 , 0.47 , -0.80 , 359.46
2024-02-16 16:28:37,757 :- 00281: 013 , 08.70 , -0.30 || 1708081117, 17.602128873004 , 78.126602523050, 0.01 , 0.01 ,9.04 , 9.70 , 0.47 , -0.83 , 359.47
2024-02-16 16:28:37,787 :- 00282: 016 , 08.80 , -0.30 || 1708081117, 17.602128873004 , 78.126602523050, 0.01 , 0.01 ,9.04 , 10.87 , 0.46 , -0.81 , 359.47
2024-02-16 16:28:37,817 :- 00283: 019 , 08.40 , -0.30 || 1708081117, 17.602128873004 , 78.126602523050, 0.01 , 0.01 ,9.50 , 18.39 , 0.43 , -0.25 , 359.49
2024-02-16 16:28:37,847 :- 00284: 022 , 08.70 , -0.30 || 1708081117, 17.602131228556 , 78.126602514225, 0.01 , 0.01 ,9.50 , 17.18 , 0.45 , -0.25 , 359.49
2024-02-16 16:28:37,877 :- 00285: 025 , 08.90 , -0.30 || 1708081117, 17.602131228556 , 78.126602514225, 0.01 , 0.01 ,9.50 , 11.51 , 0.57 , -0.11 , 359.47
2024-02-16 16:28:37,907 :- 00286: 028 , 09.40 , -0.30 || 1708081117, 17.602131228556 , 78.126602514225, 0.01 , 0.01 ,9.50 , 4.32 , 0.65 , 0.01 , 359.45
2024-02-16 16:28:37,937 :- 00287: 031 , 10.10 , -0.30 || 1708081117, 17.602133816286 , 78.126602503481, 0.01 , 0.01 ,10.65 , -0.26 , 0.72 , 0.12 , 359.44
2024-02-16 16:28:37,967 :- 00288: 034 , 10.70 , -0.30 || 1708081117, 17.602133816286 , 78.126602503481, 0.01 , 0.01 ,10.65 , 2.20 , 0.69 , -0.07 , 359.44
2024-02-16 16:28:37,997 :- 00289: 037 , 10.40 , -0.30 || 1708081117, 17.602133816286 , 78.126602503481, 0.01 , 0.01 ,10.65 , 5.79 , 0.61 , 0.18 , 359.42
2024-02-16 16:28:38,027 :- 00290: 040 , 10.20 , -0.30 || 1708081118, 17.602133816286 , 78.126602503481, 0.01 , 0.01 ,10.65 , 10.59 , 0.57 , 0.04 , 359.45
2024-02-16 16:28:38,057 :- 00291: 043 , 10.10 , -0.20 || 1708081118, 17.602136400565 , 78.126602497562, 0.01 , 0.01 ,10.05 , 5.20 , 0.60 , -0.46 , 359.42
2024-02-16 16:28:38,087 :- 00292: 046 , 10.10 , -0.20 || 1708081118, 17.602136400565 , 78.126602497562, 0.01 , 0.01 ,10.05 , 9.83 , 0.61 , -0.50 , 359.44
2024-02-16 16:28:38,117 :- 00293: 049 , 10.10 , -0.20 || 1708081118, 17.602136400565 , 78.126602497562, 0.01 , 0.01 ,10.02 , 9.00 , 0.58 , -0.74 , 359.44
2024-02-16 16:28:38,147 :- 00294: 052 , 10.20 , -0.20 || 1708081118, 17.602138886194 , 78.126602486636, 0.01 , 0.01 ,10.02 , 10.20 , 0.58 , -0.92 , 359.43
2024-02-16 16:28:38,177 :- 00295: 055 , 10.20 , -0.20 || 1708081118, 17.602138886194 , 78.126602486636, 0.01 , 0.01 ,10.02 , 11.42 , 0.58 , -1.17 , 359.44
2024-02-16 16:28:38,207 :- 00296: 058 , 10.30 , -0.20 || 1708081118, 17.602138886194 , 78.126602486636, 0.01 , 0.01 ,10.02 , 12.09 , 0.57 , -1.20 , 359.44
2024-02-16 16:28:38,237 :- 00297: 061 , 10.50 , -0.20 || 1708081118, 17.602141562711 , 78.126602459995, 0.01 , 0.01 ,10.93 , 13.59 , 0.56 , -1.33 , 359.45
2024-02-16 16:28:38,267 :- 00298: 064 , 10.60 , -0.20 || 1708081118, 17.602141562711 , 78.126602459995, 0.01 , 0.01 ,10.93 , 14.13 , 0.57 , -1.33 , 359.46
2024-02-16 16:28:38,297 :- 00299: 067 , 10.80 , -0.20 || 1708081118, 17.602141562711 , 78.126602459995, 0.01 , 0.01 ,10.93 , 13.55 , 0.57 , -1.21 , 359.47
2024-02-16 16:28:38,327 :- 00300: 070 , 11.00 , -0.20 || 1708081118, 17.602141562711 , 78.126602459995, 0.01 , 0.01 ,11.93 , 12.84 , 0.57 , -1.13 , 359.47
2024-02-16 16:28:38,357 :- 00301: 073 , 11.10 , -0.20 || 1708081118, 17.602144483375 , 78.126602435069, 0.01 , 0.01 ,11.93 , 10.93 , 0.56 , -0.92 , 359.48
2024-02-16 16:28:38,387 :- 00302: 076 , 11.30 , -0.20 || 1708081118, 17.602144483375 , 78.126602435069, 0.01 , 0.01 ,11.93 , 9.84 , 0.56 , -0.83 , 359.48
2024-02-16 16:28:38,417 :- 00303: 079 , 11.50 , -0.20 || 1708081118, 17.602144483375 , 78.126602435069, 0.01 , 0.01 ,12.56 , 9.27 , 0.55 , -0.56 , 359.49
2024-02-16 16:28:38,447 :- 00304: 082 , 11.60 , -0.20 || 1708081118, 17.602147611403 , 78.126602390659, 0.01 , 0.01 ,12.56 , 9.05 , 0.56 , -0.47 , 359.49
2024-02-16 16:28:38,477 :- 00305: 085 , 11.80 , -0.20 || 1708081118, 17.602147611403 , 78.126602390659, 0.01 , 0.01 ,12.56 , 8.21 , 0.57 , -0.36 , 359.49
2024-02-16 16:28:38,507 :- 00306: 088 , 11.90 , -0.20 || 1708081118, 17.602147611403 , 78.126602390659, 0.01 , 0.01 ,12.56 , 7.95 , 0.59 , -0.30 , 359.48
2024-02-16 16:28:38,537 :- 00307: 091 , 12.10 , -0.20 || 1708081118, 17.602150765169 , 78.126602368921, 0.01 , 0.01 ,12.56 , 7.48 , 0.60 , -0.32 , 359.48
2024-02-16 16:28:38,567 :- 00308: 094 , 12.20 , -0.30 || 1708081118, 17.602150765169 , 78.126602368921, 0.01 , 0.01 ,12.56 , 7.37 , 0.60 , -0.34 , 359.48
2024-02-16 16:28:38,597 :- 00309: 097 , 12.30 , -0.30 || 1708081118, 17.602150765169 , 78.126602368921, 0.01 , 0.01 ,12.56 , 7.99 , 0.60 , -0.43 , 359.48
2024-02-16 16:28:38,627 :- 00310: 100 , 12.40 , -0.30 || 1708081118, 17.602150765169 , 78.126602368921, 0.01 , 0.01 ,12.68 , 8.64 , 0.60 , -0.49 , 359.49
2024-02-16 16:28:38,657 :- 00311: 103 , 12.50 , -0.30 || 1708081118, 17.602153927788 , 78.126602361706, 0.01 , 0.01 ,12.68 , 8.89 , 0.63 , -0.65 , 359.50
2024-02-16 16:28:38,687 :- 00312: 106 , 12.50 , -0.30 || 1708081118, 17.602153927788 , 78.126602361706, 0.01 , 0.01 ,12.68 , 9.53 , 0.64 , -0.74 , 359.50
2024-02-16 16:28:38,717 :- 00313: 109 , 12.60 , -0.30 || 1708081118, 17.602153927788 , 78.126602361706, 0.01 , 0.01 ,12.99 , 10.95 , 0.67 , -0.83 , 359.52
2024-02-16 16:28:38,747 :- 00314: 112 , 12.70 , -0.30 || 1708081118, 17.602157147319 , 78.126602359903, 0.01 , 0.01 ,12.99 , 10.54 , 0.68 , -0.91 , 359.53
2024-02-16 16:28:38,777 :- 00315: 115 , 12.90 , -0.30 || 1708081118, 17.602157147319 , 78.126602359903, 0.01 , 0.01 ,12.99 , 10.46 , 0.70 , -1.03 , 359.54
2024-02-16 16:28:38,807 :- 00316: 118 , 13.00 , -0.30 || 1708081118, 17.602157147319 , 78.126602359903, 0.01 , 0.01 ,12.99 , 11.24 , 0.70 , -1.04 , 359.55
2024-02-16 16:28:38,837 :- 00317: 121 , 13.20 , -0.30 || 1708081118, 17.602160541745 , 78.126602342403, 0.01 , 0.01 ,13.74 , 11.02 , 0.71 , -1.05 , 359.57
2024-02-16 16:28:38,867 :- 00318: 124 , 13.40 , -0.30 || 1708081118, 17.602160541745 , 78.126602342403, 0.01 , 0.01 ,13.74 , 10.99 , 0.72 , -1.07 , 359.58
2024-02-16 16:28:38,897 :- 00319: 127 , 13.50 , -0.30 || 1708081118, 17.602160541745 , 78.126602342403, 0.01 , 0.01 ,13.74 , 10.77 , 0.70 , -0.98 , 359.59
2024-02-16 16:28:38,927 :- 00320: 130 , 13.80 , -0.30 || 1708081118, 17.602160541745 , 78.126602342403, 0.01 , 0.01 ,14.56 , 10.28 , 0.68 , -0.97 , 359.60
2024-02-16 16:28:38,957 :- 00321: 133 , 14.00 , -0.30 || 1708081118, 17.602164194162 , 78.126602390715, 0.01 , 0.01 ,14.56 , 9.86 , 0.63 , -0.95 , 359.61
2024-02-16 16:28:38,987 :- 00322: 136 , 14.20 , -0.30 || 1708081118, 17.602164194162 , 78.126602390715, 0.01 , 0.01 ,14.56 , 9.86 , 0.60 , -0.92 , 359.61
2024-02-16 16:28:39,017 :- 00323: 139 , 14.40 , -0.30 || 1708081119, 17.602164194162 , 78.126602390715, 0.01 , 0.01 ,14.56 , 9.57 , 0.57 , -0.90 , 359.61
2024-02-16 16:28:39,047 :- 00324: 142 , 14.60 , -0.30 || 1708081119, 17.602167977741 , 78.126602328071, 0.01 , 0.01 ,15.19 , 9.28 , 0.58 , -0.88 , 359.61
2024-02-16 16:28:39,077 :- 00325: 145 , 14.80 , -0.30 || 1708081119, 17.602167977741 , 78.126602328071, 0.01 , 0.01 ,15.19 , 9.11 , 0.59 , -0.84 , 359.61
2024-02-16 16:28:39,107 :- 00326: 148 , 14.90 , -0.30 || 1708081119, 17.602167977741 , 78.126602328071, 0.01 , 0.01 ,15.19 , 9.17 , 0.60 , -0.84 , 359.61
2024-02-16 16:28:39,137 :- 00327: 151 , 15.10 , -0.30 || 1708081119, 17.602171895511 , 78.126602308754, 0.01 , 0.01 ,15.76 , 9.21 , 0.61 , -0.83 , 359.61
2024-02-16 16:28:39,167 :- 00328: 154 , 15.30 , -0.30 || 1708081119, 17.602171895511 , 78.126602308754, 0.01 , 0.01 ,15.76 , 9.40 , 0.61 , -0.84 , 359.62
2024-02-16 16:28:39,197 :- 00329: 157 , 15.40 , -0.30 || 1708081119, 17.602171895511 , 78.126602308754, 0.01 , 0.01 ,15.76 , 9.40 , 0.63 , -0.86 , 359.63
2024-02-16 16:28:39,227 :- 00330: 160 , 15.60 , -0.30 || 1708081119, 17.602171895511 , 78.126602308754, 0.01 , 0.01 ,16.25 , 9.25 , 0.64 , -0.87 , 359.64
2024-02-16 16:28:39,257 :- 00331: 163 , 15.80 , -0.30 || 1708081119, 17.602175947922 , 78.126602306605, 0.01 , 0.01 ,16.25 , 9.64 , 0.67 , -0.92 , 359.66
2024-02-16 16:28:39,287 :- 00332: 166 , 16.00 , -0.30 || 1708081119, 17.602175947922 , 78.126602306605, 0.01 , 0.01 ,16.25 , 9.64 , 0.69 , -0.93 , 359.66
2024-02-16 16:28:39,317 :- 00333: 169 , 16.10 , -0.30 || 1708081119, 17.602175947922 , 78.126602306605, 0.01 , 0.01 ,16.85 , 10.08 , 0.70 , -0.97 , 359.67
2024-02-16 16:28:39,347 :- 00334: 172 , 16.30 , -0.30 || 1708081119, 17.602180142887 , 78.126602312322, 0.01 , 0.01 ,16.85 , 10.50 , 0.69 , -1.00 , 359.68
2024-02-16 16:28:39,377 :- 00335: 175 , 16.50 , -0.30 || 1708081119, 17.602180142887 , 78.126602312322, 0.01 , 0.01 ,16.85 , 9.96 , 0.70 , -1.05 , 359.68
2024-02-16 16:28:39,407 :- 00336: 178 , 16.70 , -0.30 || 1708081119, 17.602180142887 , 78.126602312322, 0.01 , 0.01 ,16.85 , 10.30 , 0.69 , -1.06 , 359.68
2024-02-16 16:28:39,437 :- 00337: 181 , 16.80 , -0.30 || 1708081119, 17.602184499813 , 78.126602290290, 0.01 , 0.01 ,17.57 , 10.54 , 0.64 , -1.05 , 359.68
2024-02-16 16:28:39,467 :- 00338: 184 , 17.00 , -0.30 || 1708081119, 17.602184499813 , 78.126602290290, 0.01 , 0.01 ,17.57 , 10.95 , 0.60 , -1.05 , 359.68
2024-02-16 16:28:39,497 :- 00339: 187 , 17.20 , -0.30 || 1708081119, 17.602184499813 , 78.126602290290, 0.01 , 0.01 ,17.57 , 10.51 , 0.54 , -1.02 , 359.70
2024-02-16 16:28:39,527 :- 00340: 190 , 17.40 , -0.30 || 1708081119, 17.602184499813 , 78.126602290290, 0.01 , 0.01 ,18.27 , 9.71 , 0.52 , -1.00 , 359.71
2024-02-16 16:28:39,557 :- 00341: 193 , 17.60 , -0.30 || 1708081119, 17.602189034109 , 78.126602237522, 0.01 , 0.01 ,18.27 , 8.91 , 0.48 , -0.97 , 359.72
2024-02-16 16:28:39,587 :- 00342: 196 , 17.80 , -0.30 || 1708081119, 17.602189034109 , 78.126602237522, 0.01 , 0.01 ,18.27 , 9.22 , 0.46 , -0.95 , 359.73
2024-02-16 16:28:39,617 :- 00343: 199 , 18.00 , -0.30 || 1708081119, 17.602189034109 , 78.126602237522, 0.01 , 0.01 ,18.81 , 9.40 , 0.41 , -0.91 , 359.73
2024-02-16 16:28:39,647 :- 00344: 202 , 18.20 , -0.30 || 1708081119, 17.602193721098 , 78.126602160032, 0.01 , 0.01 ,18.81 , 9.56 , 0.38 , -0.90 , 359.73
2024-02-16 16:28:39,677 :- 00345: 205 , 18.30 , -0.30 || 1708081119, 17.602193721098 , 78.126602160032, 0.01 , 0.01 ,18.81 , 9.64 , 0.32 , -0.92 , 359.73
2024-02-16 16:28:39,707 :- 00346: 208 , 18.40 , -0.30 || 1708081119, 17.602193721098 , 78.126602160032, 0.01 , 0.01 ,18.81 , 9.73 , 0.29 , -0.90 , 359.73
2024-02-16 16:28:39,737 :- 00347: 211 , 18.50 , -0.30 || 1708081119, 17.602198507677 , 78.126602112769, 0.01 , 0.01 ,19.16 , 9.87 , 0.26 , -0.93 , 359.72
2024-02-16 16:28:39,767 :- 00348: 214 , 18.70 , -0.30 || 1708081119, 17.602198507677 , 78.126602112769, 0.01 , 0.01 ,19.16 , 9.87 , 0.24 , -0.95 , 359.72
2024-02-16 16:28:39,797 :- 00349: 217 , 18.80 , -0.30 || 1708081119, 17.602198507677 , 78.126602112769, 0.01 , 0.01 ,19.16 , 10.12 , 0.24 , -0.89 , 359.73
2024-02-16 16:28:39,827 :- 00350: 220 , 18.90 , -0.30 || 1708081119, 17.602198507677 , 78.126602112769, 0.01 , 0.01 ,19.60 , 10.18 , 0.23 , -0.90 , 359.74
2024-02-16 16:28:39,857 :- 00351: 223 , 19.00 , -0.30 || 1708081119, 17.602203391961 , 78.126602081014, 0.01 , 0.01 ,19.60 , 9.92 , 0.23 , -0.90 , 359.75
2024-02-16 16:28:39,887 :- 00352: 226 , 19.10 , -0.30 || 1708081119, 17.602203391961 , 78.126602081014, 0.01 , 0.01 ,19.60 , 10.38 , 0.22 , -0.86 , 359.76
2024-02-16 16:28:39,917 :- 00353: 229 , 19.30 , -0.30 || 1708081119, 17.602203391961 , 78.126602081014, 0.01 , 0.01 ,20.05 , 9.51 , 0.21 , -0.86 , 359.77
2024-02-16 16:28:39,947 :- 00354: 232 , 19.40 , -0.30 || 1708081119, 17.602208404823 , 78.126602061823, 0.01 , 0.01 ,20.05 , 9.78 , 0.19 , -0.84 , 359.78
2024-02-16 16:28:39,977 :- 00355: 235 , 19.60 , -0.30 || 1708081119, 17.602208404823 , 78.126602061823, 0.01 , 0.01 ,20.05 , 9.33 , 0.19 , -0.85 , 359.79
2024-02-16 16:28:40,007 :- 00356: 238 , 19.70 , -0.30 || 1708081119, 17.602208404823 , 78.126602061823, 0.01 , 0.01 ,20.05 , 9.47 , 0.19 , -0.85 , 359.79
2024-02-16 16:28:40,037 :- 00357: 241 , 19.80 , -0.30 || 1708081120, 17.602213522002 , 78.126602037416, 0.01 , 0.01 ,20.47 , 9.70 , 0.19 , -0.82 , 359.80
2024-02-16 16:28:40,067 :- 00358: 244 , 19.90 , -0.20 || 1708081120, 17.602213522002 , 78.126602037416, 0.01 , 0.01 ,20.47 , 9.85 , 0.18 , -0.86 , 359.80
2024-02-16 16:28:40,097 :- 00359: 247 , 20.00 , -0.20 || 1708081120, 17.602213522002 , 78.126602037416, 0.01 , 0.01 ,20.47 , 9.94 , 0.17 , -0.85 , 359.80
2024-02-16 16:28:40,127 :- 00360: 250 , 20.10 , -0.20 || 1708081120, 17.602213522002 , 78.126602037416, 0.01 , 0.01 ,20.72 , 10.12 , 0.17 , -0.86 , 359.81
2024-02-16 16:28:40,157 :- 00361: 253 , 20.20 , -0.20 || 1708081120, 17.602218704269 , 78.126602006968, 0.01 , 0.01 ,20.72 , 9.89 , 0.18 , -0.91 , 359.81
2024-02-16 16:28:40,187 :- 00362: 000 , 20.30 , -0.10 || 1708081120, 17.602218704269 , 78.126602006968, 0.01 , 0.01 ,20.72 , 9.83 , 0.19 , -0.89 , 359.82
2024-02-16 16:28:40,217 :- 00363: 003 , 20.50 , -0.10 || 1708081120, 17.602218704269 , 78.126602006968, 0.01 , 0.01 ,21.11 , 9.71 , 0.23 , -0.91 , 359.82
2024-02-16 16:28:40,247 :- 00364: 006 , 20.50 , -0.10 || 1708081120, 17.602223983029 , 78.126602013256, 0.01 , 0.01 ,21.11 , 9.90 , 0.24 , -0.91 , 359.82
2024-02-16 16:28:40,277 :- 00365: 009 , 20.60 , -0.00 || 1708081120, 17.602223983029 , 78.126602013256, 0.01 , 0.01 ,21.11 , 10.71 , 0.27 , -0.86 , 359.82
2024-02-16 16:28:40,307 :- 00366: 012 , 20.80 , 00.00 || 1708081120, 17.602223983029 , 78.126602013256, 0.01 , 0.01 ,21.11 , 9.27 , 0.29 , -0.90 , 359.82
2024-02-16 16:28:40,337 :- 00367: 015 , 20.90 , 00.00 || 1708081120, 17.602229365859 , 78.126602013796, 0.01 , 0.01 ,21.55 , 9.58 , 0.29 , -0.84 , 359.81
2024-02-16 16:28:40,367 :- 00368: 018 , 21.00 , 00.10 || 1708081120, 17.602229365859 , 78.126602013796, 0.01 , 0.01 ,21.55 , 10.03 , 0.30 , -0.80 , 359.80
2024-02-16 16:28:40,397 :- 00369: 021 , 21.10 , 00.10 || 1708081120, 17.602229365859 , 78.126602013796, 0.01 , 0.01 ,21.55 , 9.49 , 0.31 , -0.81 , 359.78
2024-02-16 16:28:40,427 :- 00370: 024 , 21.20 , 00.10 || 1708081120, 17.602229365859 , 78.126602013796, 0.01 , 0.01 ,21.95 , 9.70 , 0.31 , -0.78 , 359.77
2024-02-16 16:28:40,457 :- 00371: 027 , 21.30 , 00.10 || 1708081120, 17.602234863959 , 78.126602015241, 0.01 , 0.01 ,21.95 , 9.95 , 0.32 , -0.69 , 359.74
2024-02-16 16:28:40,487 :- 00372: 030 , 21.40 , 00.10 || 1708081120, 17.602234863959 , 78.126602015241, 0.01 , 0.01 ,21.95 , 10.09 , 0.33 , -0.71 , 359.73
2024-02-16 16:28:40,517 :- 00373: 033 , 21.50 , 00.10 || 1708081120, 17.602234863959 , 78.126602015241, 0.01 , 0.01 ,21.95 , 9.87 , 0.35 , -0.65 , 359.70
2024-02-16 16:28:40,547 :- 00374: 036 , 21.60 , 00.10 || 1708081120, 17.602240457880 , 78.126601992025, 0.01 , 0.01 ,22.41 , 10.13 , 0.36 , -0.60 , 359.69
2024-02-16 16:28:40,577 :- 00375: 039 , 21.70 , 00.10 || 1708081120, 17.602240457880 , 78.126601992025, 0.01 , 0.01 ,22.41 , 9.81 , 0.36 , -0.59 , 359.67
2024-02-16 16:28:40,607 :- 00376: 042 , 21.80 , 00.10 || 1708081120, 17.602240457880 , 78.126601992025, 0.01 , 0.01 ,22.41 , 9.41 , 0.36 , -0.57 , 359.66
2024-02-16 16:28:40,637 :- 00377: 045 , 22.00 , 00.10 || 1708081120, 17.602246129701 , 78.126601963651, 0.01 , 0.01 ,22.66 , 9.64 , 0.36 , -0.52 , 359.64
2024-02-16 16:28:40,667 :- 00378: 048 , 22.10 , 00.10 || 1708081120, 17.602246129701 , 78.126601963651, 0.01 , 0.01 ,22.66 , 9.53 , 0.36 , -0.51 , 359.62
2024-02-16 16:28:40,697 :- 00379: 051 , 22.20 , 00.10 || 1708081120, 17.602246129701 , 78.126601963651, 0.01 , 0.01 ,22.66 , 9.34 , 0.38 , -0.51 , 359.60
2024-02-16 16:28:40,727 :- 00380: 054 , 22.30 , 00.10 || 1708081120, 17.602246129701 , 78.126601963651, 0.01 , 0.01 ,23.01 , 9.53 , 0.40 , -0.50 , 359.60
2024-02-16 16:28:40,757 :- 00381: 057 , 22.40 , 00.10 || 1708081120, 17.602251881357 , 78.126601935995, 0.01 , 0.01 ,23.01 , 9.40 , 0.41 , -0.49 , 359.58
2024-02-16 16:28:40,787 :- 00382: 060 , 22.50 , 00.10 || 1708081120, 17.602251881357 , 78.126601935995, 0.01 , 0.01 ,23.01 , 9.51 , 0.42 , -0.51 , 359.57
2024-02-16 16:28:40,817 :- 00383: 063 , 22.60 , 00.10 || 1708081120, 17.602251881357 , 78.126601935995, 0.01 , 0.01 ,23.27 , 9.31 , 0.42 , -0.54 , 359.55
2024-02-16 16:28:40,847 :- 00384: 066 , 22.60 , 00.10 || 1708081120, 17.602257693345 , 78.126601899897, 0.01 , 0.01 ,23.27 , 10.04 , 0.41 , -0.55 , 359.55
2024-02-16 16:28:40,867 :- 00385: 068 , 22.70 , 00.10 || 1708081120, 17.602257693345 , 78.126601899897, 0.01 , 0.01 ,23.27 , 10.02 , 0.41 , -0.57 , 359.54
2024-02-16 16:28:40,897 :- 00386: 071 , 22.80 , 00.00 || 1708081120, 17.602257693345 , 78.126601899897, 0.01 , 0.01 ,23.27 , 9.84 , 0.41 , -0.63 , 359.52
2024-02-16 16:28:40,927 :- 00387: 074 , 22.90 , 00.00 || 1708081120, 17.602257693345 , 78.126601899897, 0.01 , 0.01 ,23.55 , 10.16 , 0.41 , -0.63 , 359.52
2024-02-16 16:28:40,957 :- 00388: 077 , 23.00 , 00.00 || 1708081120, 17.602263584216 , 78.126601854212, 0.01 , 0.01 ,23.55 , 10.25 , 0.41 , -0.65 , 359.51
2024-02-16 16:28:40,987 :- 00389: 080 , 23.10 , 00.00 || 1708081120, 17.602263584216 , 78.126601854212, 0.01 , 0.01 ,23.55 , 9.94 , 0.43 , -0.65 , 359.50
2024-02-16 16:28:41,017 :- 00390: 083 , 23.20 , 00.00 || 1708081121, 17.602263584216 , 78.126601854212, 0.01 , 0.01 ,23.55 , 9.74 , 0.42 , -0.64 , 359.49
2024-02-16 16:28:41,047 :- 00391: 086 , 23.30 , 00.00 || 1708081121, 17.602269580934 , 78.126601800408, 0.01 , 0.01 ,23.99 , 10.11 , 0.42 , -0.63 , 359.49
2024-02-16 16:28:41,077 :- 00392: 089 , 23.40 , 00.00 || 1708081121, 17.602269580934 , 78.126601800408, 0.01 , 0.01 ,23.99 , 10.13 , 0.43 , -0.61 , 359.47
2024-02-16 16:28:41,107 :- 00393: 092 , 23.50 , 00.00 || 1708081121, 17.602269580934 , 78.126601800408, 0.01 , 0.01 ,23.99 , 9.75 , 0.44 , -0.60 , 359.46
2024-02-16 16:28:41,137 :- 00394: 095 , 23.60 , 00.00 || 1708081121, 17.602275683314 , 78.126601750315, 0.01 , 0.01 ,24.47 , 9.75 , 0.49 , -0.54 , 359.45
2024-02-16 16:28:41,167 :- 00395: 098 , 23.70 , 00.00 || 1708081121, 17.602275683314 , 78.126601750315, 0.01 , 0.01 ,24.47 , 10.05 , 0.49 , -0.53 , 359.45
2024-02-16 16:28:41,197 :- 00396: 101 , 23.80 , 00.00 || 1708081121, 17.602275683314 , 78.126601750315, 0.01 , 0.01 ,24.47 , 9.91 , 0.50 , -0.48 , 359.44
2024-02-16 16:28:41,227 :- 00397: 104 , 23.90 , 00.00 || 1708081121, 17.602275683314 , 78.126601750315, 0.01 , 0.01 ,24.68 , 9.85 , 0.49 , -0.45 , 359.43
2024-02-16 16:28:41,257 :- 00398: 107 , 24.00 , 00.00 || 1708081121, 17.602281862813 , 78.126601704339, 0.01 , 0.01 ,24.68 , 9.35 , 0.49 , -0.43 , 359.42
2024-02-16 16:28:41,287 :- 00399: 110 , 24.10 , 00.00 || 1708081121, 17.602281862813 , 78.126601704339, 0.01 , 0.01 ,24.68 , 9.84 , 0.51 , -0.40 , 359.42
2024-02-16 16:28:41,317 :- 00400: 113 , 24.20 , 00.00 || 1708081121, 17.602281862813 , 78.126601704339, 0.01 , 0.01 ,24.99 , 9.43 , 0.56 , -0.37 , 359.41
2024-02-16 16:28:41,347 :- 00401: 116 , 24.30 , 00.00 || 1708081121, 17.602288128147 , 78.126601655768, 0.01 , 0.01 ,24.99 , 9.41 , 0.58 , -0.37 , 359.40
2024-02-16 16:28:41,377 :- 00402: 119 , 24.40 , 00.00 || 1708081121, 17.602288128147 , 78.126601655768, 0.01 , 0.01 ,24.99 , 9.64 , 0.63 , -0.38 , 359.39
2024-02-16 16:28:41,407 :- 00403: 122 , 24.50 , 00.00 || 1708081121, 17.602288128147 , 78.126601655768, 0.01 , 0.01 ,24.99 , 9.69 , 0.66 , -0.39 , 359.39
2024-02-16 16:28:41,437 :- 00404: 125 , 24.60 , 00.00 || 1708081121, 17.602294442910 , 78.126601629026, 0.01 , 0.01 ,25.29 , 9.39 , 0.74 , -0.38 , 359.38
2024-02-16 16:28:41,467 :- 00405: 128 , 24.70 , 00.00 || 1708081121, 17.602294442910 , 78.126601629026, 0.01 , 0.01 ,25.29 , 9.52 , 0.76 , -0.41 , 359.38
2024-02-16 16:28:41,497 :- 00406: 131 , 24.80 , 00.00 || 1708081121, 17.602294442910 , 78.126601629026, 0.01 , 0.01 ,25.29 , 10.05 , 0.81 , -0.42 , 359.38
2024-02-16 16:28:41,527 :- 00407: 134 , 24.90 , 00.00 || 1708081121, 17.602294442910 , 78.126601629026, 0.01 , 0.01 ,25.53 , 9.83 , 0.83 , -0.41 , 359.38
2024-02-16 16:28:41,557 :- 00408: 137 , 24.90 , 00.00 || 1708081121, 17.602300829138 , 78.126601604370, 0.01 , 0.01 ,25.53 , 9.46 , 0.83 , -0.46 , 359.37
2024-02-16 16:28:41,587 :- 00409: 140 , 25.00 , -0.00 || 1708081121, 17.602300829138 , 78.126601604370, 0.01 , 0.01 ,25.53 , 9.98 , 0.80 , -0.47 , 359.37
2024-02-16 16:28:41,617 :- 00410: 143 , 25.10 , -0.00 || 1708081121, 17.602300829138 , 78.126601604370, 0.01 , 0.01 ,25.84 , 10.16 , 0.80 , -0.46 , 359.37
2024-02-16 16:28:41,647 :- 00411: 146 , 25.20 , -0.00 || 1708081121, 17.602307306068 , 78.126601531666, 0.01 , 0.01 ,25.84 , 10.31 , 0.79 , -0.50 , 359.36
2024-02-16 16:28:41,677 :- 00412: 149 , 25.30 , -0.00 || 1708081121, 17.602307306068 , 78.126601531666, 0.01 , 0.01 ,25.84 , 9.65 , 0.78 , -0.55 , 359.36
2024-02-16 16:28:41,707 :- 00413: 152 , 25.40 , -0.00 || 1708081121, 17.602307306068 , 78.126601531666, 0.01 , 0.01 ,25.84 , 10.77 , 0.78 , -0.52 , 359.36
2024-02-16 16:28:41,737 :- 00414: 155 , 25.50 , -0.00 || 1708081121, 17.602313852362 , 78.126601462184, 0.01 , 0.01 ,26.16 , 9.81 , 0.78 , -0.58 , 359.35
2024-02-16 16:28:41,767 :- 00415: 158 , 25.70 , -0.00 || 1708081121, 17.602313852362 , 78.126601462184, 0.01 , 0.01 ,26.16 , 8.84 , 0.79 , -0.56 , 359.34
2024-02-16 16:28:41,797 :- 00416: 161 , 25.80 , -0.00 || 1708081121, 17.602313852362 , 78.126601462184, 0.01 , 0.01 ,26.16 , 9.63 , 0.78 , -0.55 , 359.32
2024-02-16 16:28:41,827 :- 00417: 164 , 25.90 , -0.00 || 1708081121, 17.602313852362 , 78.126601462184, 0.01 , 0.01 ,26.57 , 10.25 , 0.76 , -0.57 , 359.31
2024-02-16 16:28:41,857 :- 00418: 167 , 25.90 , -0.00 || 1708081121, 17.602320497701 , 78.126601384405, 0.01 , 0.01 ,26.57 , 10.09 , 0.78 , -0.60 , 359.30
2024-02-16 16:28:41,887 :- 00419: 170 , 26.00 , -0.00 || 1708081121, 17.602320497701 , 78.126601384405, 0.01 , 0.01 ,26.57 , 9.83 , 0.77 , -0.60 , 359.29
2024-02-16 16:28:41,917 :- 00420: 173 , 26.10 , -0.00 || 1708081121, 17.602320497701 , 78.126601384405, 0.01 , 0.01 ,26.57 , 10.11 , 0.78 , -0.57 , 359.29
2024-02-16 16:28:41,947 :- 00421: 176 , 26.10 , -0.00 || 1708081121, 17.602327221144 , 78.126601303698, 0.01 , 0.01 ,26.87 , 10.12 , 0.77 , -0.57 , 359.29
2024-02-16 16:28:41,977 :- 00422: 179 , 26.20 , -0.00 || 1708081121, 17.602327221144 , 78.126601303698, 0.01 , 0.01 ,26.87 , 9.75 , 0.76 , -0.56 , 359.29
2024-02-16 16:28:42,007 :- 00423: 182 , 26.30 , -0.00 || 1708081121, 17.602327221144 , 78.126601303698, 0.01 , 0.01 ,26.87 , 9.82 , 0.77 , -0.53 , 359.29
2024-02-16 16:28:42,037 :- 00424: 185 , 26.40 , -0.00 || 1708081122, 17.602334022715 , 78.126601223532, 0.01 , 0.01 ,27.14 , 9.59 , 0.75 , -0.50 , 359.28
2024-02-16 16:28:42,067 :- 00425: 188 , 26.50 , -0.00 || 1708081122, 17.602334022715 , 78.126601223532, 0.01 , 0.01 ,27.14 , 9.86 , 0.76 , -0.49 , 359.28
2024-02-16 16:28:42,097 :- 00426: 191 , 26.50 , -0.00 || 1708081122, 17.602334022715 , 78.126601223532, 0.01 , 0.01 ,27.14 , 10.13 , 0.75 , -0.44 , 359.27
2024-02-16 16:28:42,127 :- 00427: 194 , 26.60 , -0.00 || 1708081122, 17.602334022715 , 78.126601223532, 0.01 , 0.01 ,27.48 , 9.67 , 0.75 , -0.46 , 359.27
2024-02-16 16:28:42,157 :- 00428: 197 , 26.80 , -0.00 || 1708081122, 17.602340903005 , 78.126601129122, 0.01 , 0.01 ,27.48 , 9.29 , 0.76 , -0.46 , 359.27
2024-02-16 16:28:42,187 :- 00429: 200 , 26.90 , -0.00 || 1708081122, 17.602340903005 , 78.126601129122, 0.01 , 0.01 ,27.48 , 9.49 , 0.75 , -0.47 , 359.27
2024-02-16 16:28:42,217 :- 00430: 203 , 26.90 , -0.00 || 1708081122, 17.602340903005 , 78.126601129122, 0.01 , 0.01 ,27.67 , 9.91 , 0.75 , -0.48 , 359.27
2024-02-16 16:28:42,247 :- 00431: 206 , 27.00 , -0.00 || 1708081122, 17.602347835444 , 78.126601038685, 0.01 , 0.01 ,27.67 , 9.64 , 0.73 , -0.50 , 359.27
2024-02-16 16:28:42,277 :- 00432: 209 , 27.10 , -0.00 || 1708081122, 17.602347835444 , 78.126601038685, 0.01 , 0.01 ,27.67 , 9.80 , 0.73 , -0.51 , 359.26
2024-02-16 16:28:42,307 :- 00433: 212 , 27.20 , -0.00 || 1708081122, 17.602347835444 , 78.126601038685, 0.01 , 0.01 ,27.67 , 9.46 , 0.75 , -0.51 , 359.26
2024-02-16 16:28:42,337 :- 00434: 215 , 27.30 , -0.00 || 1708081122, 17.602354845105 , 78.126600952589, 0.01 , 0.01 ,28.01 , 9.48 , 0.73 , -0.55 , 359.25
2024-02-16 16:28:42,367 :- 00435: 218 , 27.30 , -0.00 || 1708081122, 17.602354845105 , 78.126600952589, 0.01 , 0.01 ,28.01 , 10.37 , 0.76 , -0.54 , 359.25
2024-02-16 16:28:42,397 :- 00436: 221 , 27.40 , -0.10 || 1708081122, 17.602354845105 , 78.126600952589, 0.01 , 0.01 ,28.01 , 10.14 , 0.76 , -0.54 , 359.24
2024-02-16 16:28:42,427 :- 00437: 224 , 27.50 , -0.10 || 1708081122, 17.602354845105 , 78.126600952589, 0.01 , 0.01 ,28.26 , 9.99 , 0.79 , -0.54 , 359.23
2024-02-16 16:28:42,457 :- 00438: 227 , 27.50 , -0.10 || 1708081122, 17.602361911582 , 78.126600867614, 0.01 , 0.01 ,28.26 , 10.58 , 0.80 , -0.52 , 359.23
2024-02-16 16:28:42,487 :- 00439: 230 , 27.70 , -0.10 || 1708081122, 17.602361911582 , 78.126600867614, 0.01 , 0.01 ,28.26 , 9.87 , 0.82 , -0.49 , 359.22
2024-02-16 16:28:42,517 :- 00440: 233 , 27.80 , -0.10 || 1708081122, 17.602361911582 , 78.126600867614, 0.01 , 0.01 ,28.26 , 9.32 , 0.86 , -0.52 , 359.21
2024-02-16 16:28:42,547 :- 00441: 236 , 27.80 , -0.10 || 1708081122, 17.602369075355 , 78.126600799556, 0.01 , 0.01 ,28.64 , 9.90 , 0.86 , -0.50 , 359.21
2024-02-16 16:28:42,577 :- 00442: 239 , 27.90 , -0.10 || 1708081122, 17.602369075355 , 78.126600799556, 0.01 , 0.01 ,28.64 , 9.64 , 0.88 , -0.50 , 359.21
2024-02-16 16:28:42,607 :- 00443: 242 , 28.00 , -0.10 || 1708081122, 17.602369075355 , 78.126600799556, 0.01 , 0.01 ,28.64 , 9.37 , 0.89 , -0.53 , 359.21
2024-02-16 16:28:42,637 :- 00444: 245 , 28.10 , -0.10 || 1708081122, 17.602376290790 , 78.126600704617, 0.01 , 0.01 ,28.80 , 10.01 , 0.90 , -0.50 , 359.21
2024-02-16 16:28:42,667 :- 00445: 248 , 28.20 , -0.10 || 1708081122, 17.602376290790 , 78.126600704617, 0.01 , 0.01 ,28.80 , 9.57 , 0.91 , -0.49 , 359.21
2024-02-16 16:28:42,697 :- 00446: 251 , 28.30 , -0.10 || 1708081122, 17.602376290790 , 78.126600704617, 0.01 , 0.01 ,28.80 , 9.54 , 0.90 , -0.55 , 359.21
2024-02-16 16:28:42,727 :- 00447: 254 , 28.30 , -0.10 || 1708081122, 17.602376290790 , 78.126600704617, 0.01 , 0.01 ,29.16 , 10.02 , 0.90 , -0.53 , 359.21
2024-02-16 16:28:42,757 :- 00448: 001 , 28.40 , -0.10 || 1708081122, 17.602383583716 , 78.126600609165, 0.01 , 0.01 ,29.16 , 10.04 , 0.90 , -0.53 , 359.20
2024-02-16 16:28:42,787 :- 00449: 004 , 28.50 , -0.10 || 1708081122, 17.602383583716 , 78.126600609165, 0.01 , 0.01 ,29.16 , 9.91 , 0.91 , -0.55 , 359.20
2024-02-16 16:28:42,817 :- 00450: 007 , 28.50 , -0.10 || 1708081122, 17.602383583716 , 78.126600609165, 0.01 , 0.01 ,29.16 , 9.85 , 0.94 , -0.52 , 359.20
2024-02-16 16:28:42,847 :- 00451: 010 , 28.60 , -0.10 || 1708081122, 17.602390947415 , 78.126600518673, 0.01 , 0.01 ,29.42 , 10.14 , 0.96 , -0.51 , 359.20
2024-02-16 16:28:42,877 :- 00452: 013 , 28.70 , -0.10 || 1708081122, 17.602390947415 , 78.126600518673, 0.01 , 0.01 ,29.42 , 9.90 , 0.99 , -0.50 , 359.19
2024-02-16 16:28:42,907 :- 00453: 016 , 28.80 , -0.10 || 1708081122, 17.602390947415 , 78.126600518673, 0.01 , 0.01 ,29.42 , 9.77 , 1.01 , -0.50 , 359.19
2024-02-16 16:28:42,937 :- 00454: 019 , 28.90 , -0.10 || 1708081122, 17.602398385446 , 78.126600448441, 0.01 , 0.01 ,29.71 , 9.43 , 1.06 , -0.46 , 359.19
2024-02-16 16:28:42,967 :- 00455: 022 , 29.00 , -0.10 || 1708081122, 17.602398385446 , 78.126600448441, 0.01 , 0.01 ,29.71 , 9.84 , 1.09 , -0.45 , 359.20
2024-02-16 16:28:42,997 :- 00456: 025 , 29.10 , -0.10 || 1708081122, 17.602398385446 , 78.126600448441, 0.01 , 0.01 ,29.71 , 9.97 , 1.14 , -0.46 , 359.20
2024-02-16 16:28:43,027 :- 00457: 028 , 29.10 , -0.10 || 1708081123, 17.602398385446 , 78.126600448441, 0.01 , 0.01 ,29.71 , 9.79 , 1.17 , -0.44 , 359.20
2024-02-16 16:28:43,057 :- 00458: 031 , 29.20 , -0.10 || 1708081123, 17.602405890970 , 78.126600380633, 0.01 , 0.01 ,29.98 , 9.40 , 1.23 , -0.44 , 359.20
2024-02-16 16:28:43,087 :- 00459: 034 , 29.30 , -0.10 || 1708081123, 17.602405890970 , 78.126600380633, 0.01 , 0.01 ,29.98 , 9.61 , 1.23 , -0.45 , 359.20
2024-02-16 16:28:43,117 :- 00460: 037 , 29.40 , -0.10 || 1708081123, 17.602405890970 , 78.126600380633, 0.01 , 0.01 ,30.28 , 9.87 , 1.25 , -0.45 , 359.20
2024-02-16 16:28:43,147 :- 00461: 040 , 29.50 , -0.10 || 1708081123, 17.602413453977 , 78.126600298263, 0.01 , 0.01 ,30.28 , 9.82 , 1.26 , -0.45 , 359.20
2024-02-16 16:28:43,177 :- 00462: 043 , 29.50 , -0.10 || 1708081123, 17.602413453977 , 78.126600298263, 0.01 , 0.01 ,30.28 , 9.65 , 1.29 , -0.44 , 359.20
2024-02-16 16:28:43,207 :- 00463: 046 , 29.60 , -0.10 || 1708081123, 17.602413453977 , 78.126600298263, 0.01 , 0.01 ,30.28 , 9.94 , 1.31 , -0.43 , 359.20
2024-02-16 16:28:43,237 :- 00464: 049 , 29.60 , -0.10 || 1708081123, 17.602421078249 , 78.126600214137, 0.01 , 0.01 ,30.49 , 10.10 , 1.34 , -0.40 , 359.20
2024-02-16 16:28:43,267 :- 00465: 052 , 29.70 , -0.10 || 1708081123, 17.602421078249 , 78.126600214137, 0.01 , 0.01 ,30.49 , 10.38 , 1.37 , -0.36 , 359.19
2024-02-16 16:28:43,297 :- 00466: 055 , 29.70 , -0.10 || 1708081123, 17.602421078249 , 78.126600214137, 0.01 , 0.01 ,30.49 , 10.39 , 1.41 , -0.27 , 359.19
2024-02-16 16:28:43,327 :- 00467: 058 , 29.80 , -0.10 || 1708081123, 17.602421078249 , 78.126600214137, 0.01 , 0.01 ,30.66 , 10.23 , 1.42 , -0.24 , 359.18
2024-02-16 16:28:43,357 :- 00468: 061 , 29.80 , -0.10 || 1708081123, 17.602428768766 , 78.126600147913, 0.01 , 0.01 ,30.66 , 9.95 , 1.46 , -0.16 , 359.18
2024-02-16 16:28:43,387 :- 00469: 064 , 29.80 , -0.10 || 1708081123, 17.602428768766 , 78.126600147913, 0.01 , 0.01 ,30.66 , 9.94 , 1.47 , -0.10 , 359.18
2024-02-16 16:28:43,417 :- 00470: 067 , 29.90 , -0.10 || 1708081123, 17.602428768766 , 78.126600147913, 0.01 , 0.01 ,30.65 , 9.13 , 1.49 , -0.01 , 359.18
2024-02-16 16:28:43,447 :- 00471: 070 , 29.90 , -0.10 || 1708081123, 17.602436469577 , 78.126600067991, 0.01 , 0.01 ,30.65 , 9.00 , 1.49 , -0.01 , 359.19
2024-02-16 16:28:43,477 :- 00472: 073 , 29.80 , -0.10 || 1708081123, 17.602436469577 , 78.126600067991, 0.01 , 0.01 ,30.65 , 9.44 , 1.48 , 0.04 , 359.20
2024-02-16 16:28:43,507 :- 00473: 076 , 29.80 , -0.10 || 1708081123, 17.602436469577 , 78.126600067991, 0.01 , 0.01 ,30.65 , 9.46 , 1.47 , 0.09 , 359.20
2024-02-16 16:28:43,537 :- 00474: 079 , 29.80 , -0.10 || 1708081123, 17.602444131428 , 78.126599964052, 0.01 , 0.01 ,30.48 , 9.52 , 1.44 , 0.09 , 359.20
2024-02-16 16:28:43,567 :- 00475: 082 , 29.80 , -0.10 || 1708081123, 17.602444131428 , 78.126599964052, 0.01 , 0.01 ,30.48 , 9.22 , 1.41 , 0.06 , 359.21
2024-02-16 16:28:43,597 :- 00476: 085 , 29.80 , -0.10 || 1708081123, 17.602444131428 , 78.126599964052, 0.01 , 0.01 ,30.48 , 9.68 , 1.37 , 0.06 , 359.22
2024-02-16 16:28:43,627 :- 00477: 088 , 29.80 , -0.10 || 1708081123, 17.602444131428 , 78.126599964052, 0.01 , 0.01 ,30.37 , 10.06 , 1.35 , 0.08 , 359.22
2024-02-16 16:28:43,657 :- 00478: 091 , 29.80 , -0.10 || 1708081123, 17.602451772499 , 78.126599842868, 0.01 , 0.01 ,30.37 , 10.32 , 1.31 , 0.15 , 359.22
2024-02-16 16:28:43,687 :- 00479: 094 , 29.70 , -0.10 || 1708081123, 17.602451772499 , 78.126599842868, 0.01 , 0.01 ,30.37 , 10.35 , 1.28 , 0.15 , 359.23
2024-02-16 16:28:43,717 :- 00480: 097 , 29.60 , -0.10 || 1708081123, 17.602451772499 , 78.126599842868, 0.01 , 0.01 ,30.24 , 10.25 , 1.26 , 0.18 , 359.23
2024-02-16 16:28:43,747 :- 00481: 100 , 29.60 , -0.10 || 1708081123, 17.602459382027 , 78.126599716569, 0.01 , 0.01 ,30.24 , 9.89 , 1.24 , 0.25 , 359.24
2024-02-16 16:28:43,777 :- 00482: 103 , 29.50 , -0.10 || 1708081123, 17.602459382027 , 78.126599716569, 0.01 , 0.01 ,30.24 , 9.94 , 1.21 , 0.32 , 359.24
2024-02-16 16:28:43,807 :- 00483: 106 , 29.30 , -0.10 || 1708081123, 17.602459382027 , 78.126599716569, 0.01 , 0.01 ,30.24 , 9.79 , 1.18 , 0.34 , 359.24
2024-02-16 16:28:43,837 :- 00484: 109 , 29.20 , -0.10 || 1708081123, 17.602466924127 , 78.126599586138, 0.01 , 0.01 ,29.91 , 9.82 , 1.13 , 0.41 , 359.25
2024-02-16 16:28:43,867 :- 00485: 112 , 29.10 , -0.10 || 1708081123, 17.602466924127 , 78.126599586138, 0.01 , 0.01 ,29.91 , 9.64 , 1.10 , 0.47 , 359.25
2024-02-16 16:28:43,897 :- 00486: 115 , 28.90 , -0.10 || 1708081123, 17.602466924127 , 78.126599586138, 0.01 , 0.01 ,29.91 , 9.70 , 1.08 , 0.51 , 359.26
2024-02-16 16:28:43,927 :- 00487: 118 , 28.80 , -0.10 || 1708081123, 17.602466924127 , 78.126599586138, 0.01 , 0.01 ,29.40 , 8.84 , 1.08 , 0.51 , 359.26
2024-02-16 16:28:43,957 :- 00488: 121 , 28.70 , -0.10 || 1708081123, 17.602474327964 , 78.126599469011, 0.01 , 0.01 ,29.40 , 9.37 , 1.06 , 0.54 , 359.27
2024-02-16 16:28:43,987 :- 00489: 124 , 28.50 , -0.10 || 1708081123, 17.602474327964 , 78.126599469011, 0.01 , 0.01 ,29.40 , 9.60 , 1.07 , 0.56 , 359.28
2024-02-16 16:28:44,017 :- 00490: 127 , 28.40 , -0.10 || 1708081124, 17.602474327964 , 78.126599469011, 0.01 , 0.01 ,29.40 , 9.46 , 1.07 , 0.48 , 359.28
2024-02-16 16:28:44,047 :- 00491: 130 , 28.20 , -0.10 || 1708081124, 17.602481508131 , 78.126599252317, 0.01 , 0.01 ,28.65 , 9.60 , 1.06 , 0.43 , 359.28
2024-02-16 16:28:44,077 :- 00492: 133 , 28.10 , -0.10 || 1708081124, 17.602481508131 , 78.126599252317, 0.01 , 0.01 ,28.65 , 9.96 , 1.03 , 0.45 , 359.28
2024-02-16 16:28:44,107 :- 00493: 136 , 27.90 , -0.10 || 1708081124, 17.602481508131 , 78.126599252317, 0.01 , 0.01 ,28.65 , 10.05 , 1.03 , 0.41 , 359.28
