2024-02-21 16:45:20,651 :- 00001: Feedback Code Starting
2024-02-21 16:45:20,675 :- 00002: 057 , 20.00 , -0.10 || 1708514120, 17.601657492795 , 78.126610037625, 0.01 , 0.01 ,24.56 , 9.73 , 0.92 , 0.47 , 358.55
2024-02-21 16:45:20,705 :- 00003: 060 , 20.00 , -0.10 || 1708514120, 17.601657492795 , 78.126610037625, 0.01 , 0.01 ,24.56 , 9.77 , 0.91 , 0.51 , 358.56
2024-02-21 16:45:20,735 :- 00004: 063 , 20.00 , -0.10 || 1708514120, 17.601663648555 , 78.126609863412, 0.01 , 0.01 ,24.50 , 9.61 , 0.91 , 0.52 , 358.56
2024-02-21 16:45:20,765 :- 00005: 066 , 20.00 , -0.10 || 1708514120, 17.601663648555 , 78.126609863412, 0.01 , 0.01 ,24.50 , 9.78 , 0.91 , 0.55 , 358.54
2024-02-21 16:45:20,795 :- 00006: 069 , 20.00 , -0.10 || 1708514120, 17.601663648555 , 78.126609863412, 0.01 , 0.01 ,24.50 , 9.69 , 0.91 , 0.57 , 358.53
2024-02-21 16:45:20,825 :- 00007: 072 , 20.00 , -0.20 || 1708514120, 17.601669808897 , 78.126609733575, 0.01 , 0.01 ,24.49 , 9.97 , 0.90 , 0.60 , 358.50
2024-02-21 16:45:20,855 :- 00008: 075 , 20.00 , -0.20 || 1708514120, 17.601669808897 , 78.126609733575, 0.01 , 0.01 ,24.49 , 9.59 , 0.88 , 0.62 , 358.48
2024-02-21 16:45:20,885 :- 00009: 078 , 20.00 , -0.20 || 1708514120, 17.601669808897 , 78.126609733575, 0.01 , 0.01 ,24.49 , 9.84 , 0.87 , 0.66 , 358.47
2024-02-21 16:45:20,914 :- 00010: 081 , 20.00 , -0.20 || 1708514120, 17.601669808897 , 78.126609733575, 0.01 , 0.01 ,24.52 , 9.66 , 0.87 , 0.68 , 358.47
2024-02-21 16:45:20,945 :- 00011: 084 , 20.00 , -0.20 || 1708514120, 17.601675966064 , 78.126609617544, 0.01 , 0.01 ,24.52 , 9.44 , 0.88 , 0.69 , 358.48
2024-02-21 16:45:20,975 :- 00012: 087 , 20.00 , -0.20 || 1708514120, 17.601675966064 , 78.126609617544, 0.01 , 0.01 ,24.52 , 9.43 , 0.90 , 0.69 , 358.49
2024-02-21 16:45:21,005 :- 00013: 090 , 20.00 , -0.20 || 1708514121, 17.601675966064 , 78.126609617544, 0.01 , 0.01 ,24.52 , 10.19 , 0.96 , 0.70 , 358.51
2024-02-21 16:45:21,035 :- 00014: 093 , 20.00 , -0.20 || 1708514121, 17.601682096061 , 78.126609496396, 0.01 , 0.01 ,24.39 , 9.56 , 0.96 , 0.69 , 358.52
2024-02-21 16:45:21,065 :- 00015: 096 , 20.00 , -0.20 || 1708514121, 17.601682096061 , 78.126609496396, 0.01 , 0.01 ,24.39 , 9.71 , 0.99 , 0.69 , 358.52
2024-02-21 16:45:21,095 :- 00016: 099 , 20.00 , -0.20 || 1708514121, 17.601682096061 , 78.126609496396, 0.01 , 0.01 ,24.39 , 9.73 , 0.99 , 0.67 , 358.53
2024-02-21 16:45:21,125 :- 00017: 102 , 20.00 , -0.20 || 1708514121, 17.601688202252 , 78.126609395252, 0.01 , 0.01 ,24.33 , 9.81 , 1.00 , 0.65 , 358.52
2024-02-21 16:45:21,155 :- 00018: 105 , 20.00 , -0.20 || 1708514121, 17.601688202252 , 78.126609395252, 0.01 , 0.01 ,24.33 , 9.51 , 0.98 , 0.64 , 358.52
2024-02-21 16:45:21,185 :- 00019: 108 , 20.00 , -0.20 || 1708514121, 17.601688202252 , 78.126609395252, 0.01 , 0.01 ,24.33 , 9.88 , 1.01 , 0.60 , 358.53
2024-02-21 16:45:21,215 :- 00020: 111 , 20.00 , -0.20 || 1708514121, 17.601688202252 , 78.126609395252, 0.01 , 0.01 ,24.22 , 10.19 , 1.03 , 0.58 , 358.53
2024-02-21 16:45:21,245 :- 00021: 114 , 20.00 , -0.70 || 1708514121, 17.601694288827 , 78.126609278370, 0.01 , 0.01 ,24.22 , 9.22 , 1.03 , 0.55 , 358.54
2024-02-21 16:45:21,275 :- 00022: 117 , 20.00 , -0.70 || 1708514121, 17.601694288827 , 78.126609278370, 0.01 , 0.01 ,24.22 , 9.96 , 1.05 , 0.52 , 358.55
2024-02-21 16:45:21,305 :- 00023: 120 , 20.00 , -0.70 || 1708514121, 17.601694288827 , 78.126609278370, 0.01 , 0.01 ,24.22 , 9.98 , 1.08 , 0.49 , 358.55
2024-02-21 16:45:21,335 :- 00024: 123 , 20.00 , -0.70 || 1708514121, 17.601700366730 , 78.126609186732, 0.01 , 0.01 ,24.16 , 10.23 , 1.08 , 0.47 , 358.55
2024-02-21 16:45:21,365 :- 00025: 126 , 20.00 , -0.70 || 1708514121, 17.601700366730 , 78.126609186732, 0.01 , 0.01 ,24.16 , 9.71 , 1.07 , 0.44 , 358.56
2024-02-21 16:45:21,395 :- 00026: 129 , 20.00 , -0.70 || 1708514121, 17.601700366730 , 78.126609186732, 0.01 , 0.01 ,24.16 , 10.13 , 1.08 , 0.44 , 358.56
2024-02-21 16:45:21,425 :- 00027: 132 , 20.00 , -0.70 || 1708514121, 17.601706447726 , 78.126609061637, 0.01 , 0.01 ,24.20 , 9.96 , 1.06 , 0.42 , 358.59
2024-02-21 16:45:21,455 :- 00028: 135 , 20.00 , -0.80 || 1708514121, 17.601706447726 , 78.126609061637, 0.01 , 0.01 ,24.20 , 10.36 , 1.04 , 0.42 , 358.61
2024-02-21 16:45:21,485 :- 00029: 138 , 20.00 , -0.80 || 1708514121, 17.601706447726 , 78.126609061637, 0.01 , 0.01 ,24.20 , 9.66 , 0.98 , 0.44 , 358.66
2024-02-21 16:45:21,515 :- 00030: 141 , 20.00 , -0.80 || 1708514121, 17.601706447726 , 78.126609061637, 0.01 , 0.01 ,24.26 , 10.05 , 0.95 , 0.44 , 358.70
2024-02-21 16:45:21,545 :- 00031: 144 , 20.00 , -0.90 || 1708514121, 17.601712526800 , 78.126608939151, 0.01 , 0.01 ,24.26 , 9.95 , 0.91 , 0.47 , 358.79
2024-02-21 16:45:21,575 :- 00032: 147 , 20.00 , -0.90 || 1708514121, 17.601712526800 , 78.126608939151, 0.01 , 0.01 ,24.26 , 9.73 , 0.89 , 0.49 , 358.83
2024-02-21 16:45:21,605 :- 00033: 150 , 20.00 , -0.90 || 1708514121, 17.601712526800 , 78.126608939151, 0.01 , 0.01 ,24.26 , 9.94 , 0.88 , 0.51 , 358.91
2024-02-21 16:45:21,635 :- 00034: 153 , 20.00 , -0.50 || 1708514121, 17.601718601931 , 78.126608820805, 0.01 , 0.01 ,24.16 , 9.54 , 0.88 , 0.51 , 358.94
2024-02-21 16:45:21,665 :- 00035: 156 , 20.00 , -0.20 || 1708514121, 17.601718601931 , 78.126608820805, 0.01 , 0.01 ,24.16 , 9.92 , 0.88 , 0.54 , 359.00
2024-02-21 16:45:21,695 :- 00036: 159 , 20.00 , -0.20 || 1708514121, 17.601718601931 , 78.126608820805, 0.01 , 0.01 ,24.16 , 9.87 , 0.87 , 0.55 , 359.03
2024-02-21 16:45:21,725 :- 00037: 162 , 20.00 , -0.20 || 1708514121, 17.601724670535 , 78.126608728507, 0.01 , 0.01 ,24.16 , 9.56 , 0.86 , 0.58 , 359.09
2024-02-21 16:45:21,755 :- 00038: 165 , 20.00 , -0.20 || 1708514121, 17.601724670535 , 78.126608728507, 0.01 , 0.01 ,24.16 , 9.68 , 0.86 , 0.59 , 359.12
2024-02-21 16:45:21,785 :- 00039: 168 , 20.00 , -0.20 || 1708514121, 17.601724670535 , 78.126608728507, 0.01 , 0.01 ,24.16 , 9.83 , 0.89 , 0.60 , 359.17
2024-02-21 16:45:21,815 :- 00040: 171 , 20.00 , -0.20 || 1708514121, 17.601724670535 , 78.126608728507, 0.01 , 0.01 ,24.12 , 9.74 , 0.91 , 0.61 , 359.20
2024-02-21 16:45:21,845 :- 00041: 174 , 20.00 , -0.20 || 1708514121, 17.601730720053 , 78.126608698949, 0.01 , 0.01 ,24.12 , 9.37 , 0.96 , 0.62 , 359.25
2024-02-21 16:45:21,875 :- 00042: 177 , 20.00 , -0.20 || 1708514121, 17.601730720053 , 78.126608698949, 0.01 , 0.01 ,24.12 , 9.80 , 1.00 , 0.61 , 359.26
2024-02-21 16:45:21,905 :- 00043: 180 , 20.00 , -0.20 || 1708514121, 17.601730720053 , 78.126608698949, 0.01 , 0.01 ,24.12 , 9.40 , 1.05 , 0.61 , 359.26
2024-02-21 16:45:21,935 :- 00044: 183 , 20.00 , -0.20 || 1708514121, 17.601736757115 , 78.126608701350, 0.01 , 0.01 ,24.00 , 10.09 , 1.08 , 0.59 , 359.25
2024-02-21 16:45:21,965 :- 00045: 186 , 20.00 , -0.20 || 1708514121, 17.601736757115 , 78.126608701350, 0.01 , 0.01 ,24.00 , 9.79 , 1.09 , 0.58 , 359.23
2024-02-21 16:45:21,995 :- 00046: 189 , 20.00 , -0.20 || 1708514121, 17.601736757115 , 78.126608701350, 0.01 , 0.01 ,24.00 , 10.03 , 1.09 , 0.59 , 359.21
2024-02-21 16:45:22,025 :- 00047: 192 , 20.00 , -0.20 || 1708514122, 17.601742775571 , 78.126608680659, 0.01 , 0.01 ,23.98 , 9.63 , 1.04 , 0.58 , 359.19
2024-02-21 16:45:22,055 :- 00048: 195 , 20.00 , -0.20 || 1708514122, 17.601742775571 , 78.126608680659, 0.01 , 0.01 ,23.98 , 9.68 , 1.02 , 0.57 , 359.18
2024-02-21 16:45:22,085 :- 00049: 198 , 20.00 , -0.20 || 1708514122, 17.601742775571 , 78.126608680659, 0.01 , 0.01 ,23.98 , 9.93 , 0.98 , 0.55 , 359.18
2024-02-21 16:45:22,115 :- 00050: 201 , 20.00 , -0.20 || 1708514122, 17.601742775571 , 78.126608680659, 0.01 , 0.01 ,23.93 , 9.58 , 0.96 , 0.54 , 359.19
2024-02-21 16:45:22,145 :- 00051: 204 , 20.00 , -0.10 || 1708514122, 17.601748785139 , 78.126608614634, 0.01 , 0.01 ,23.93 , 10.15 , 0.95 , 0.53 , 359.20
2024-02-21 16:45:22,175 :- 00052: 207 , 20.00 , -0.10 || 1708514122, 17.601748785139 , 78.126608614634, 0.01 , 0.01 ,23.93 , 9.64 , 0.94 , 0.52 , 359.20
2024-02-21 16:45:22,205 :- 00053: 210 , 20.00 , -0.10 || 1708514122, 17.601748785139 , 78.126608614634, 0.01 , 0.01 ,23.93 , 10.19 , 0.93 , 0.51 , 359.21
2024-02-21 16:45:22,235 :- 00054: 213 , 20.00 , -0.10 || 1708514122, 17.601754764264 , 78.126608525893, 0.01 , 0.01 ,23.82 , 9.83 , 0.91 , 0.49 , 359.21
2024-02-21 16:45:22,265 :- 00055: 216 , 20.00 , -0.10 || 1708514122, 17.601754764264 , 78.126608525893, 0.01 , 0.01 ,23.82 , 9.79 , 0.90 , 0.49 , 359.22
2024-02-21 16:45:22,295 :- 00056: 219 , 20.00 , -0.10 || 1708514122, 17.601754764264 , 78.126608525893, 0.01 , 0.01 ,23.82 , 10.03 , 0.91 , 0.48 , 359.22
2024-02-21 16:45:22,325 :- 00057: 222 , 20.00 , -0.10 || 1708514122, 17.601760747427 , 78.126608477314, 0.01 , 0.01 ,23.84 , 9.85 , 0.91 , 0.49 , 359.23
2024-02-21 16:45:22,355 :- 00058: 225 , 20.00 , -0.20 || 1708514122, 17.601760747427 , 78.126608477314, 0.01 , 0.01 ,23.84 , 10.06 , 0.93 , 0.49 , 359.23
2024-02-21 16:45:22,385 :- 00059: 228 , 20.00 , -0.20 || 1708514122, 17.601760747427 , 78.126608477314, 0.01 , 0.01 ,23.84 , 9.72 , 0.93 , 0.50 , 359.25
2024-02-21 16:45:22,415 :- 00060: 231 , 20.00 , -0.20 || 1708514122, 17.601760747427 , 78.126608477314, 0.01 , 0.01 ,23.86 , 9.89 , 0.94 , 0.51 , 359.25
2024-02-21 16:45:22,445 :- 00061: 234 , 20.00 , -0.20 || 1708514122, 17.601766729098 , 78.126608439155, 0.01 , 0.01 ,23.86 , 9.57 , 0.96 , 0.53 , 359.26
2024-02-21 16:45:22,475 :- 00062: 237 , 20.00 , -0.20 || 1708514122, 17.601766729098 , 78.126608439155, 0.01 , 0.01 ,23.86 , 9.94 , 0.98 , 0.54 , 359.26
2024-02-21 16:45:22,505 :- 00063: 240 , 20.00 , -0.20 || 1708514122, 17.601766729098 , 78.126608439155, 0.01 , 0.01 ,23.86 , 9.70 , 1.02 , 0.56 , 359.26
2024-02-21 16:45:22,534 :- 00064: 243 , 20.00 , -0.20 || 1708514122, 17.601772688909 , 78.126608415193, 0.01 , 0.01 ,23.78 , 9.75 , 1.04 , 0.58 , 359.26
2024-02-21 16:45:22,565 :- 00065: 246 , 20.00 , -0.20 || 1708514122, 17.601772688909 , 78.126608415193, 0.01 , 0.01 ,23.78 , 9.82 , 1.10 , 0.56 , 359.27
2024-02-21 16:45:22,595 :- 00066: 249 , 20.00 , -0.20 || 1708514122, 17.601772688909 , 78.126608415193, 0.01 , 0.01 ,23.78 , 10.02 , 1.13 , 0.57 , 359.28
2024-02-21 16:45:22,625 :- 00067: 252 , 20.00 , -0.20 || 1708514122, 17.601778626555 , 78.126608439133, 0.01 , 0.01 ,23.53 , 9.77 , 1.20 , 0.58 , 359.28
2024-02-21 16:45:22,655 :- 00068: 255 , 20.00 , 00.00 || 1708514122, 17.601778626555 , 78.126608439133, 0.01 , 0.01 ,23.53 , 9.37 , 1.21 , 0.56 , 359.28
2024-02-21 16:45:22,685 :- 00069: 002 , 20.00 , 00.00 || 1708514122, 17.601778626555 , 78.126608439133, 0.01 , 0.01 ,23.53 , 9.90 , 1.24 , 0.56 , 359.29
2024-02-21 16:45:22,715 :- 00070: 005 , 20.00 , 00.00 || 1708514122, 17.601778626555 , 78.126608439133, 0.01 , 0.01 ,23.57 , 9.82 , 1.26 , 0.56 , 359.29
2024-02-21 16:45:22,744 :- 00071: 008 , 20.00 , 00.00 || 1708514122, 17.601784558721 , 78.126608422968, 0.01 , 0.01 ,23.57 , 9.95 , 1.29 , 0.54 , 359.29
2024-02-21 16:45:22,774 :- 00072: 011 , 20.00 , 00.00 || 1708514122, 17.601784558721 , 78.126608422968, 0.01 , 0.01 ,23.57 , 9.39 , 1.34 , 0.53 , 359.29
2024-02-21 16:45:22,805 :- 00073: 014 , 20.00 , 00.00 || 1708514122, 17.601784558721 , 78.126608422968, 0.01 , 0.01 ,23.57 , 9.99 , 1.38 , 0.51 , 359.29
2024-02-21 16:45:22,834 :- 00074: 017 , 20.00 , 00.00 || 1708514122, 17.601790465819 , 78.126608422974, 0.01 , 0.01 ,23.46 , 9.58 , 1.39 , 0.52 , 359.29
2024-02-21 16:45:22,865 :- 00075: 020 , 20.00 , 00.10 || 1708514122, 17.601790465819 , 78.126608422974, 0.01 , 0.01 ,23.46 , 9.79 , 1.41 , 0.48 , 359.28
2024-02-21 16:45:22,895 :- 00076: 023 , 20.00 , 00.10 || 1708514122, 17.601790465819 , 78.126608422974, 0.01 , 0.01 ,23.46 , 9.70 , 1.42 , 0.46 , 359.28
2024-02-21 16:45:22,925 :- 00077: 026 , 20.00 , 00.10 || 1708514122, 17.601796353608 , 78.126608429543, 0.01 , 0.01 ,23.37 , 10.41 , 1.49 , 0.45 , 359.26
2024-02-21 16:45:22,954 :- 00078: 029 , 20.00 , 00.10 || 1708514122, 17.601796353608 , 78.126608429543, 0.01 , 0.01 ,23.37 , 9.68 , 1.51 , 0.46 , 359.24
2024-02-21 16:45:22,985 :- 00079: 032 , 20.00 , 00.10 || 1708514122, 17.601796353608 , 78.126608429543, 0.01 , 0.01 ,23.37 , 9.93 , 1.55 , 0.45 , 359.22
2024-02-21 16:45:23,015 :- 00080: 035 , 20.00 , 00.10 || 1708514123, 17.601796353608 , 78.126608429543, 0.01 , 0.01 ,23.37 , 10.11 , 1.55 , 0.45 , 359.20
2024-02-21 16:45:23,045 :- 00081: 038 , 20.00 , 00.10 || 1708514123, 17.601802252072 , 78.126608400812, 0.01 , 0.01 ,23.50 , 9.62 , 1.50 , 0.46 , 359.17
2024-02-21 16:45:23,075 :- 00082: 041 , 20.00 , 00.10 || 1708514123, 17.601802252072 , 78.126608400812, 0.01 , 0.01 ,23.50 , 9.90 , 1.48 , 0.45 , 359.15
2024-02-21 16:45:23,104 :- 00083: 044 , 20.00 , 00.10 || 1708514123, 17.601802252072 , 78.126608400812, 0.01 , 0.01 ,23.50 , 9.98 , 1.45 , 0.44 , 359.14
2024-02-21 16:45:23,134 :- 00084: 047 , 20.00 , 00.10 || 1708514123, 17.601808105758 , 78.126608331502, 0.01 , 0.01 ,23.30 , 10.16 , 1.42 , 0.43 , 359.12
2024-02-21 16:45:23,165 :- 00085: 050 , 20.00 , 00.10 || 1708514123, 17.601808105758 , 78.126608331502, 0.01 , 0.01 ,23.30 , 9.38 , 1.37 , 0.47 , 359.10
2024-02-21 16:45:23,195 :- 00086: 053 , 20.00 , 00.10 || 1708514123, 17.601808105758 , 78.126608331502, 0.01 , 0.01 ,23.30 , 10.05 , 1.35 , 0.44 , 359.09
2024-02-21 16:45:23,225 :- 00087: 056 , 20.00 , 00.10 || 1708514123, 17.601813977523 , 78.126608250264, 0.01 , 0.01 ,23.32 , 9.90 , 1.35 , 0.47 , 359.08
2024-02-21 16:45:23,255 :- 00088: 059 , 20.00 , 00.10 || 1708514123, 17.601813977523 , 78.126608250264, 0.01 , 0.01 ,23.32 , 9.86 , 1.33 , 0.48 , 359.06
2024-02-21 16:45:23,285 :- 00089: 062 , 20.00 , 00.10 || 1708514123, 17.601813977523 , 78.126608250264, 0.01 , 0.01 ,23.32 , 8.88 , 1.28 , 0.49 , 359.04
2024-02-21 16:45:23,315 :- 00090: 065 , 20.00 , 00.10 || 1708514123, 17.601813977523 , 78.126608250264, 0.01 , 0.01 ,23.31 , 9.41 , 1.29 , 0.50 , 359.02
2024-02-21 16:45:23,345 :- 00091: 068 , 20.00 , 00.10 || 1708514123, 17.601819826120 , 78.126608166235, 0.01 , 0.01 ,23.31 , 10.44 , 1.31 , 0.52 , 358.99
2024-02-21 16:45:23,375 :- 00092: 071 , 20.00 , 00.20 || 1708514123, 17.601819826120 , 78.126608166235, 0.01 , 0.01 ,23.31 , 9.81 , 1.31 , 0.52 , 358.97
2024-02-21 16:45:23,405 :- 00093: 074 , 20.00 , 00.20 || 1708514123, 17.601819826120 , 78.126608166235, 0.01 , 0.01 ,23.31 , 10.13 , 1.29 , 0.60 , 358.94
2024-02-21 16:45:23,434 :- 00094: 077 , 20.00 , 00.20 || 1708514123, 17.601825676907 , 78.126608111036, 0.01 , 0.01 ,23.31 , 10.05 , 1.31 , 0.64 , 358.94
2024-02-21 16:45:23,465 :- 00095: 080 , 20.00 , 00.10 || 1708514123, 17.601825676907 , 78.126608111036, 0.01 , 0.01 ,23.31 , 10.64 , 1.35 , 0.69 , 358.92
2024-02-21 16:45:23,495 :- 00096: 083 , 20.00 , 00.10 || 1708514123, 17.601825676907 , 78.126608111036, 0.01 , 0.01 ,23.31 , 9.41 , 1.38 , 0.74 , 358.92
2024-02-21 16:45:23,524 :- 00097: 086 , 20.00 , 00.10 || 1708514123, 17.601831543043 , 78.126608064696, 0.01 , 0.01 ,23.35 , 9.04 , 1.42 , 0.81 , 358.91
2024-02-21 16:45:23,554 :- 00098: 089 , 20.00 , 00.10 || 1708514123, 17.601831543043 , 78.126608064696, 0.01 , 0.01 ,23.35 , 9.98 , 1.50 , 0.85 , 358.90
2024-02-21 16:45:23,584 :- 00099: 092 , 20.00 , 00.10 || 1708514123, 17.601831543043 , 78.126608064696, 0.01 , 0.01 ,23.35 , 9.52 , 1.60 , 0.85 , 358.88
2024-02-21 16:45:23,614 :- 00100: 095 , 20.00 , 00.10 || 1708514123, 17.601831543043 , 78.126608064696, 0.01 , 0.01 ,23.16 , 9.72 , 1.63 , 0.86 , 358.87
2024-02-21 16:45:23,644 :- 00101: 098 , 20.00 , 00.10 || 1708514123, 17.601837378770 , 78.126608044444, 0.01 , 0.01 ,23.16 , 9.07 , 1.69 , 0.83 , 358.84
2024-02-21 16:45:23,674 :- 00102: 101 , 20.00 , 00.20 || 1708514123, 17.601837378770 , 78.126608044444, 0.01 , 0.01 ,23.16 , 9.83 , 1.74 , 0.81 , 358.83
2024-02-21 16:45:23,705 :- 00103: 104 , 20.00 , 00.20 || 1708514123, 17.601837378770 , 78.126608044444, 0.01 , 0.01 ,23.16 , 9.58 , 1.75 , 0.77 , 358.81
2024-02-21 16:45:23,734 :- 00104: 107 , 20.00 , 00.20 || 1708514123, 17.601843146465 , 78.126608025303, 0.01 , 0.01 ,22.98 , 9.46 , 1.74 , 0.76 , 358.79
2024-02-21 16:45:23,764 :- 00105: 110 , 20.00 , 00.70 || 1708514123, 17.601843146465 , 78.126608025303, 0.01 , 0.01 ,22.98 , 8.85 , 1.70 , 0.71 , 358.78
2024-02-21 16:45:23,795 :- 00106: 113 , 20.00 , 00.70 || 1708514123, 17.601843146465 , 78.126608025303, 0.01 , 0.01 ,22.98 , 9.85 , 1.68 , 0.69 , 358.77
2024-02-21 16:45:23,824 :- 00107: 116 , 20.00 , 00.70 || 1708514123, 17.601848920109 , 78.126607920446, 0.01 , 0.01 ,23.03 , 10.17 , 1.66 , 0.67 , 358.75
2024-02-21 16:45:23,854 :- 00108: 119 , 20.00 , 00.70 || 1708514123, 17.601848920109 , 78.126607920446, 0.01 , 0.01 ,23.03 , 9.64 , 1.63 , 0.67 , 358.74
2024-02-21 16:45:23,884 :- 00109: 122 , 20.00 , 00.10 || 1708514123, 17.601848920109 , 78.126607920446, 0.01 , 0.01 ,23.03 , 9.34 , 1.62 , 0.66 , 358.71
2024-02-21 16:45:23,914 :- 00110: 125 , 20.00 , 00.10 || 1708514123, 17.601848920109 , 78.126607920446, 0.01 , 0.01 ,23.03 , 10.74 , 1.66 , 0.65 , 358.70
2024-02-21 16:45:23,944 :- 00111: 128 , 20.00 , 00.10 || 1708514123, 17.601854706161 , 78.126607785833, 0.01 , 0.01 ,23.03 , 10.87 , 1.73 , 0.68 , 358.64
2024-02-21 16:45:23,975 :- 00112: 131 , 20.00 , 00.10 || 1708514123, 17.601854706161 , 78.126607785833, 0.01 , 0.01 ,23.03 , 10.48 , 1.75 , 0.70 , 358.61
2024-02-21 16:45:24,004 :- 00113: 134 , 20.00 , 00.10 || 1708514124, 17.601854706161 , 78.126607785833, 0.01 , 0.01 ,23.03 , 10.45 , 1.84 , 0.76 , 358.55
2024-02-21 16:45:24,035 :- 00114: 137 , 20.00 , 00.10 || 1708514124, 17.601860496575 , 78.126607752943, 0.01 , 0.01 ,23.04 , 9.87 , 1.90 , 0.80 , 358.51
2024-02-21 16:45:24,064 :- 00115: 140 , 20.00 , 00.20 || 1708514124, 17.601860496575 , 78.126607752943, 0.01 , 0.01 ,23.04 , 10.32 , 1.99 , 0.88 , 358.44
2024-02-21 16:45:24,095 :- 00116: 143 , 20.00 , 00.20 || 1708514124, 17.601860496575 , 78.126607752943, 0.01 , 0.01 ,23.04 , 9.04 , 2.01 , 0.92 , 358.42
2024-02-21 16:45:24,125 :- 00117: 146 , 20.00 , 00.20 || 1708514124, 17.601866316930 , 78.126607739938, 0.01 , 0.01 ,23.17 , 9.87 , 2.04 , 0.99 , 358.38
2024-02-21 16:45:24,154 :- 00118: 149 , 20.00 , 00.20 || 1708514124, 17.601866316930 , 78.126607739938, 0.01 , 0.01 ,23.17 , 8.54 , 2.02 , 1.02 , 358.37
2024-02-21 16:45:24,184 :- 00119: 152 , 20.00 , 00.70 || 1708514124, 17.601866316930 , 78.126607739938, 0.01 , 0.01 ,23.17 , 9.21 , 1.97 , 1.05 , 358.36
2024-02-21 16:45:24,215 :- 00120: 155 , 20.00 , 00.70 || 1708514124, 17.601866316930 , 78.126607739938, 0.01 , 0.01 ,23.07 , 9.08 , 1.94 , 1.03 , 358.36
2024-02-21 16:45:24,245 :- 00121: 158 , 20.00 , 00.70 || 1708514124, 17.601872097323 , 78.126607586150, 0.01 , 0.01 ,23.07 , 9.36 , 1.90 , 1.05 , 358.35
2024-02-21 16:45:24,275 :- 00122: 161 , 20.00 , 00.10 || 1708514124, 17.601872097323 , 78.126607586150, 0.01 , 0.01 ,23.07 , 9.83 , 1.88 , 1.02 , 358.35
2024-02-21 16:45:24,305 :- 00123: 164 , 20.00 , 00.10 || 1708514124, 17.601872097323 , 78.126607586150, 0.01 , 0.01 ,23.07 , 9.28 , 1.82 , 1.00 , 358.34
2024-02-21 16:45:24,334 :- 00124: 167 , 20.00 , 00.10 || 1708514124, 17.601877831446 , 78.126607396162, 0.01 , 0.01 ,22.85 , 10.09 , 1.80 , 0.99 , 358.33
2024-02-21 16:45:24,364 :- 00125: 170 , 20.00 , 00.10 || 1708514124, 17.601877831446 , 78.126607396162, 0.01 , 0.01 ,22.85 , 9.80 , 1.78 , 0.95 , 358.30
2024-02-21 16:45:24,394 :- 00126: 173 , 20.00 , 00.10 || 1708514124, 17.601877831446 , 78.126607396162, 0.01 , 0.01 ,22.85 , 9.92 , 1.78 , 0.94 , 358.28
2024-02-21 16:45:24,424 :- 00127: 176 , 20.00 , 00.10 || 1708514124, 17.601883567276 , 78.126607244898, 0.01 , 0.01 ,22.89 , 9.67 , 1.80 , 0.91 , 358.23
2024-02-21 16:45:24,454 :- 00128: 179 , 20.00 , 00.10 || 1708514124, 17.601883567276 , 78.126607244898, 0.01 , 0.01 ,22.89 , 10.37 , 1.82 , 0.88 , 358.20
2024-02-21 16:45:24,484 :- 00129: 182 , 20.00 , 00.10 || 1708514124, 17.601883567276 , 78.126607244898, 0.01 , 0.01 ,22.89 , 10.15 , 1.82 , 0.84 , 358.13
2024-02-21 16:45:24,514 :- 00130: 185 , 20.00 , 00.10 || 1708514124, 17.601883567276 , 78.126607244898, 0.01 , 0.01 ,22.76 , 9.83 , 1.80 , 0.83 , 358.11
2024-02-21 16:45:24,544 :- 00131: 188 , 20.00 , 00.10 || 1708514124, 17.601889216075 , 78.126607113398, 0.01 , 0.01 ,22.76 , 10.04 , 1.81 , 0.82 , 358.07
2024-02-21 16:45:24,574 :- 00132: 191 , 20.00 , 00.20 || 1708514124, 17.601889216075 , 78.126607113398, 0.01 , 0.01 ,22.76 , 9.78 , 1.83 , 0.80 , 358.06
2024-02-21 16:45:24,604 :- 00133: 194 , 20.00 , 00.20 || 1708514124, 17.601889216075 , 78.126607113398, 0.01 , 0.01 ,22.76 , 9.83 , 1.84 , 0.78 , 358.06
2024-02-21 16:45:24,634 :- 00134: 197 , 20.00 , 00.20 || 1708514124, 17.601894944490 , 78.126606970841, 0.01 , 0.01 ,22.78 , 9.85 , 1.85 , 0.76 , 358.06
2024-02-21 16:45:24,664 :- 00135: 200 , 20.00 , 00.20 || 1708514124, 17.601894944490 , 78.126606970841, 0.01 , 0.01 ,22.78 , 9.69 , 1.85 , 0.74 , 358.07
2024-02-21 16:45:24,695 :- 00136: 203 , 20.00 , 00.00 || 1708514124, 17.601894944490 , 78.126606970841, 0.01 , 0.01 ,22.78 , 9.76 , 1.83 , 0.71 , 358.07
2024-02-21 16:45:24,724 :- 00137: 206 , 20.00 , 00.00 || 1708514124, 17.601900643950 , 78.126606803223, 0.01 , 0.01 ,22.67 , 9.80 , 1.80 , 0.70 , 358.06
2024-02-21 16:45:24,754 :- 00138: 209 , 20.00 , 00.00 || 1708514124, 17.601900643950 , 78.126606803223, 0.01 , 0.01 ,22.67 , 9.84 , 1.78 , 0.69 , 358.05
2024-02-21 16:45:24,784 :- 00139: 212 , 20.00 , 00.00 || 1708514124, 17.601900643950 , 78.126606803223, 0.01 , 0.01 ,22.67 , 10.02 , 1.73 , 0.66 , 358.03
2024-02-21 16:45:24,814 :- 00140: 215 , 20.00 , 00.00 || 1708514124, 17.601900643950 , 78.126606803223, 0.01 , 0.01 ,22.75 , 10.20 , 1.73 , 0.68 , 358.02
2024-02-21 16:45:24,844 :- 00141: 218 , 20.00 , 00.00 || 1708514124, 17.601906348458 , 78.126606626910, 0.01 , 0.01 ,22.75 , 9.99 , 1.68 , 0.65 , 358.00
2024-02-21 16:45:24,874 :- 00142: 221 , 20.00 , 00.00 || 1708514124, 17.601906348458 , 78.126606626910, 0.01 , 0.01 ,22.75 , 10.01 , 1.67 , 0.67 , 357.99
2024-02-21 16:45:24,905 :- 00143: 224 , 20.00 , 00.00 || 1708514124, 17.601906348458 , 78.126606626910, 0.01 , 0.01 ,22.75 , 9.59 , 1.66 , 0.65 , 357.99
2024-02-21 16:45:24,935 :- 00144: 227 , 20.00 , 00.00 || 1708514124, 17.601912040092 , 78.126606452021, 0.01 , 0.01 ,22.64 , 9.96 , 1.65 , 0.65 , 357.99
2024-02-21 16:45:24,964 :- 00145: 230 , 20.00 , 00.00 || 1708514124, 17.601912040092 , 78.126606452021, 0.01 , 0.01 ,22.64 , 9.75 , 1.63 , 0.65 , 357.98
2024-02-21 16:45:24,995 :- 00146: 233 , 20.00 , 00.00 || 1708514124, 17.601912040092 , 78.126606452021, 0.01 , 0.01 ,22.64 , 10.08 , 1.64 , 0.65 , 357.98
2024-02-21 16:45:25,025 :- 00147: 236 , 20.00 , 00.00 || 1708514125, 17.601912040092 , 78.126606452021, 0.01 , 0.01 ,22.69 , 9.92 , 1.64 , 0.66 , 357.97
2024-02-21 16:45:25,054 :- 00148: 239 , 20.00 , 00.00 || 1708514125, 17.601917723214 , 78.126606271975, 0.01 , 0.01 ,22.69 , 10.11 , 1.65 , 0.69 , 357.96
2024-02-21 16:45:25,084 :- 00149: 242 , 20.00 , -0.10 || 1708514125, 17.601917723214 , 78.126606271975, 0.01 , 0.01 ,22.69 , 9.59 , 1.62 , 0.71 , 357.95
2024-02-21 16:45:25,115 :- 00150: 245 , 20.00 , -0.10 || 1708514125, 17.601917723214 , 78.126606271975, 0.01 , 0.01 ,22.68 , 9.39 , 1.60 , 0.73 , 357.95
2024-02-21 16:45:25,144 :- 00151: 248 , 20.00 , -0.10 || 1708514125, 17.601923417032 , 78.126606111501, 0.01 , 0.01 ,22.68 , 9.73 , 1.59 , 0.75 , 357.94
2024-02-21 16:45:25,175 :- 00152: 251 , 20.00 , -0.10 || 1708514125, 17.601923417032 , 78.126606111501, 0.01 , 0.01 ,22.68 , 9.57 , 1.59 , 0.74 , 357.94
2024-02-21 16:45:25,205 :- 00153: 254 , 20.00 , -0.10 || 1708514125, 17.601923417032 , 78.126606111501, 0.01 , 0.01 ,22.68 , 9.73 , 1.56 , 0.74 , 357.94
2024-02-21 16:45:25,235 :- 00154: 001 , 20.00 , -0.10 || 1708514125, 17.601929086226 , 78.126605931122, 0.01 , 0.01 ,22.53 , 9.80 , 1.57 , 0.73 , 357.94
2024-02-21 16:45:25,265 :- 00155: 004 , 20.00 , -0.10 || 1708514125, 17.601929086226 , 78.126605931122, 0.01 , 0.01 ,22.53 , 9.68 , 1.54 , 0.70 , 357.94
2024-02-21 16:45:25,295 :- 00156: 007 , 20.00 , -0.10 || 1708514125, 17.601929086226 , 78.126605931122, 0.01 , 0.01 ,22.53 , 10.55 , 1.53 , 0.70 , 357.94
2024-02-21 16:45:25,325 :- 00157: 010 , 20.00 , -0.10 || 1708514125, 17.601934715962 , 78.126605739316, 0.01 , 0.01 ,22.46 , 9.78 , 1.47 , 0.66 , 357.93
2024-02-21 16:45:25,354 :- 00158: 013 , 20.00 , -0.10 || 1708514125, 17.601934715962 , 78.126605739316, 0.01 , 0.01 ,22.46 , 9.86 , 1.46 , 0.66 , 357.93
2024-02-21 16:45:25,384 :- 00159: 016 , 20.00 , -0.10 || 1708514125, 17.601934715962 , 78.126605739316, 0.01 , 0.01 ,22.46 , 9.44 , 1.46 , 0.67 , 357.93
2024-02-21 16:45:25,415 :- 00160: 019 , 20.00 , -0.10 || 1708514125, 17.601934715962 , 78.126605739316, 0.01 , 0.01 ,22.41 , 9.70 , 1.46 , 0.65 , 357.94
2024-02-21 16:45:25,445 :- 00161: 022 , 20.00 , -0.10 || 1708514125, 17.601940338821 , 78.126605552553, 0.01 , 0.01 ,22.41 , 9.42 , 1.46 , 0.63 , 357.94
2024-02-21 16:45:25,475 :- 00162: 025 , 20.00 , -0.10 || 1708514125, 17.601940338821 , 78.126605552553, 0.01 , 0.01 ,22.41 , 9.78 , 1.47 , 0.62 , 357.94
2024-02-21 16:45:25,505 :- 00163: 028 , 20.00 , -0.20 || 1708514125, 17.601940338821 , 78.126605552553, 0.01 , 0.01 ,22.41 , 9.63 , 1.47 , 0.57 , 357.94
2024-02-21 16:45:25,534 :- 00164: 031 , 20.00 , -0.20 || 1708514125, 17.601945916685 , 78.126605489822, 0.01 , 0.01 ,22.34 , 10.16 , 1.50 , 0.56 , 357.95
2024-02-21 16:45:25,564 :- 00165: 034 , 20.00 , -0.20 || 1708514125, 17.601945916685 , 78.126605489822, 0.01 , 0.01 ,22.34 , 9.98 , 1.48 , 0.53 , 357.95
2024-02-21 16:45:25,594 :- 00166: 037 , 20.00 , -0.20 || 1708514125, 17.601945916685 , 78.126605489822, 0.01 , 0.01 ,22.34 , 10.27 , 1.47 , 0.54 , 357.95
2024-02-21 16:45:25,625 :- 00167: 040 , 20.00 , -0.20 || 1708514125, 17.601951529213 , 78.126605322692, 0.01 , 0.01 ,22.43 , 10.27 , 1.42 , 0.53 , 357.95
2024-02-21 16:45:25,654 :- 00168: 043 , 20.00 , -0.20 || 1708514125, 17.601951529213 , 78.126605322692, 0.01 , 0.01 ,22.43 , 9.95 , 1.39 , 0.55 , 357.95
2024-02-21 16:45:25,684 :- 00169: 046 , 20.00 , -0.20 || 1708514125, 17.601951529213 , 78.126605322692, 0.01 , 0.01 ,22.43 , 10.18 , 1.33 , 0.58 , 357.95
2024-02-21 16:45:25,715 :- 00170: 049 , 20.00 , -0.20 || 1708514125, 17.601951529213 , 78.126605322692, 0.01 , 0.01 ,22.32 , 9.69 , 1.30 , 0.58 , 357.96
2024-02-21 16:45:25,745 :- 00171: 052 , 20.00 , -0.20 || 1708514125, 17.601957133111 , 78.126605121728, 0.01 , 0.01 ,22.32 , 9.89 , 1.28 , 0.62 , 357.96
2024-02-21 16:45:25,774 :- 00172: 055 , 20.00 , -0.20 || 1708514125, 17.601957133111 , 78.126605121728, 0.01 , 0.01 ,22.32 , 9.60 , 1.27 , 0.62 , 357.96
2024-02-21 16:45:25,804 :- 00173: 058 , 20.00 , -0.70 || 1708514125, 17.601957133111 , 78.126605121728, 0.01 , 0.01 ,22.32 , 9.88 , 1.27 , 0.64 , 357.97
2024-02-21 16:45:25,835 :- 00174: 061 , 20.00 , -0.70 || 1708514125, 17.601962745537 , 78.126604928713, 0.01 , 0.01 ,22.35 , 9.43 , 1.25 , 0.64 , 357.97
2024-02-21 16:45:25,865 :- 00175: 064 , 20.00 , -0.70 || 1708514125, 17.601962745537 , 78.126604928713, 0.01 , 0.01 ,22.35 , 9.89 , 1.24 , 0.62 , 357.97
2024-02-21 16:45:25,895 :- 00176: 067 , 20.00 , -0.70 || 1708514125, 17.601962745537 , 78.126604928713, 0.01 , 0.01 ,22.35 , 9.60 , 1.23 , 0.62 , 357.97
2024-02-21 16:45:25,924 :- 00177: 070 , 20.00 , -0.70 || 1708514125, 17.601968309065 , 78.126604766123, 0.01 , 0.01 ,22.22 , 9.31 , 1.19 , 0.59 , 357.97
2024-02-21 16:45:25,954 :- 00178: 073 , 20.00 , -0.70 || 1708514125, 17.601968309065 , 78.126604766123, 0.01 , 0.01 ,22.22 , 9.79 , 1.18 , 0.56 , 357.97
2024-02-21 16:45:25,984 :- 00179: 076 , 20.00 , -0.80 || 1708514125, 17.601968309065 , 78.126604766123, 0.01 , 0.01 ,22.22 , 9.89 , 1.17 , 0.54 , 357.97
2024-02-21 16:45:26,014 :- 00180: 079 , 21.70 , -0.00 || 1708514126, 17.601968309065 , 78.126604766123, 0.01 , 0.01 ,22.22 , 9.71 , 1.16 , 0.52 , 357.97
2024-02-21 16:45:26,044 :- 00181: 082 , 21.70 , 00.00 || 1708514126, 17.601973868314 , 78.126604597317, 0.01 , 0.01 ,22.10 , 9.81 , 1.15 , 0.50 , 357.97
2024-02-21 16:45:26,075 :- 00182: 085 , 21.70 , 00.10 || 1708514126, 17.601973868314 , 78.126604597317, 0.01 , 0.01 ,22.10 , 9.93 , 1.14 , 0.49 , 357.98
2024-02-21 16:45:26,105 :- 00183: 088 , 21.60 , 00.20 || 1708514126, 17.601973868314 , 78.126604597317, 0.01 , 0.01 ,22.10 , 9.91 , 1.18 , 0.47 , 357.97
2024-02-21 16:45:26,134 :- 00184: 091 , 21.60 , 00.40 || 1708514126, 17.601979409729 , 78.126604430233, 0.01 , 0.01 ,22.13 , 9.55 , 1.21 , 0.44 , 357.97
2024-02-21 16:45:26,164 :- 00185: 094 , 21.60 , 00.70 || 1708514126, 17.601979409729 , 78.126604430233, 0.01 , 0.01 ,22.13 , 10.20 , 1.25 , 0.42 , 357.96
2024-02-21 16:45:26,194 :- 00186: 097 , 21.60 , 00.90 || 1708514126, 17.601979409729 , 78.126604430233, 0.01 , 0.01 ,22.13 , 10.20 , 1.25 , 0.43 , 357.94
2024-02-21 16:45:26,224 :- 00187: 100 , 21.50 , 01.10 || 1708514126, 17.601984927862 , 78.126604285460, 0.01 , 0.01 ,22.02 , 10.48 , 1.26 , 0.42 , 357.87
2024-02-21 16:45:26,254 :- 00188: 103 , 21.50 , 01.40 || 1708514126, 17.601984927862 , 78.126604285460, 0.01 , 0.01 ,22.02 , 10.22 , 1.27 , 0.43 , 357.84
2024-02-21 16:45:26,284 :- 00189: 106 , 21.50 , 01.60 || 1708514126, 17.601984927862 , 78.126604285460, 0.01 , 0.01 ,22.02 , 10.30 , 1.34 , 0.52 , 357.73
2024-02-21 16:45:26,315 :- 00190: 109 , 21.40 , 01.80 || 1708514126, 17.601984927862 , 78.126604285460, 0.01 , 0.01 ,21.84 , 10.50 , 1.37 , 0.52 , 357.67
2024-02-21 16:45:26,344 :- 00191: 112 , 21.40 , 01.90 || 1708514126, 17.601990435050 , 78.126604126776, 0.01 , 0.01 ,21.84 , 9.80 , 1.46 , 0.62 , 357.52
2024-02-21 16:45:26,374 :- 00192: 115 , 21.40 , 02.10 || 1708514126, 17.601990435050 , 78.126604126776, 0.01 , 0.01 ,21.84 , 9.49 , 1.50 , 0.67 , 357.44
2024-02-21 16:45:26,404 :- 00193: 118 , 21.30 , 02.30 || 1708514126, 17.601990435050 , 78.126604126776, 0.01 , 0.01 ,21.84 , 9.68 , 1.59 , 0.74 , 357.26
2024-02-21 16:45:26,435 :- 00194: 121 , 21.20 , 02.50 || 1708514126, 17.601995911523 , 78.126603967313, 0.01 , 0.01 ,21.81 , 9.63 , 1.61 , 0.76 , 357.15
2024-02-21 16:45:26,464 :- 00195: 124 , 21.10 , 02.60 || 1708514126, 17.601995911523 , 78.126603967313, 0.01 , 0.01 ,21.81 , 9.58 , 1.66 , 0.83 , 356.93
2024-02-21 16:45:26,494 :- 00196: 127 , 21.00 , 02.70 || 1708514126, 17.601995911523 , 78.126603967313, 0.01 , 0.01 ,21.81 , 9.18 , 1.67 , 0.87 , 356.82
2024-02-21 16:45:26,524 :- 00197: 130 , 20.90 , 02.70 || 1708514126, 17.602001308850 , 78.126603748143, 0.01 , 0.01 ,21.58 , 9.59 , 1.72 , 0.89 , 356.57
2024-02-21 16:45:26,554 :- 00198: 133 , 20.80 , 02.70 || 1708514126, 17.602001308850 , 78.126603748143, 0.01 , 0.01 ,21.58 , 9.23 , 1.73 , 0.90 , 356.44
2024-02-21 16:45:26,584 :- 00199: 136 , 20.80 , 02.70 || 1708514126, 17.602001308850 , 78.126603748143, 0.01 , 0.01 ,21.58 , 8.94 , 1.70 , 0.94 , 356.18
2024-02-21 16:45:26,615 :- 00200: 139 , 20.60 , 02.60 || 1708514126, 17.602001308850 , 78.126603748143, 0.01 , 0.01 ,20.94 , 9.52 , 1.69 , 0.94 , 356.05
2024-02-21 16:45:26,644 :- 00201: 142 , 20.60 , 02.60 || 1708514126, 17.602006600849 , 78.126603442893, 0.01 , 0.01 ,20.94 , 9.89 , 1.67 , 0.92 , 355.81
2024-02-21 16:45:26,674 :- 00202: 145 , 20.50 , 02.50 || 1708514126, 17.602006600849 , 78.126603442893, 0.01 , 0.01 ,20.94 , 9.64 , 1.61 , 0.91 , 355.69
2024-02-21 16:45:26,704 :- 00203: 148 , 20.40 , 02.50 || 1708514126, 17.602006600849 , 78.126603442893, 0.01 , 0.01 ,20.94 , 10.16 , 1.53 , 0.91 , 355.46
2024-02-21 16:45:26,734 :- 00204: 151 , 20.30 , 02.50 || 1708514126, 17.602011787238 , 78.126603011255, 0.01 , 0.01 ,20.70 , 9.66 , 1.48 , 0.91 , 355.36
2024-02-21 16:45:26,764 :- 00205: 154 , 20.20 , 02.40 || 1708514126, 17.602011787238 , 78.126603011255, 0.01 , 0.01 ,20.70 , 9.86 , 1.43 , 0.90 , 355.15
2024-02-21 16:45:26,794 :- 00206: 157 , 20.10 , 02.40 || 1708514126, 17.602011787238 , 78.126603011255, 0.01 , 0.01 ,20.70 , 9.72 , 1.41 , 0.89 , 355.04
2024-02-21 16:45:26,824 :- 00207: 160 , 19.90 , 02.40 || 1708514126, 17.602016901046 , 78.126602524359, 0.01 , 0.01 ,20.46 , 10.26 , 1.35 , 0.91 , 354.83
2024-02-21 16:45:26,854 :- 00208: 163 , 19.90 , 02.40 || 1708514126, 17.602016901046 , 78.126602524359, 0.01 , 0.01 ,20.46 , 9.85 , 1.32 , 0.91 , 354.73
2024-02-21 16:45:26,884 :- 00209: 166 , 19.80 , 02.40 || 1708514126, 17.602016901046 , 78.126602524359, 0.01 , 0.01 ,20.46 , 9.59 , 1.27 , 0.93 , 354.51
2024-02-21 16:45:26,915 :- 00210: 169 , 19.70 , 02.40 || 1708514126, 17.602016901046 , 78.126602524359, 0.01 , 0.01 ,20.03 , 9.65 , 1.25 , 0.94 , 354.41
2024-02-21 16:45:26,944 :- 00211: 172 , 19.60 , 02.40 || 1708514126, 17.602021929150 , 78.126602021799, 0.01 , 0.01 ,20.03 , 9.96 , 1.22 , 0.94 , 354.21
2024-02-21 16:45:26,974 :- 00212: 175 , 19.50 , 02.40 || 1708514126, 17.602021929150 , 78.126602021799, 0.01 , 0.01 ,20.03 , 9.51 , 1.21 , 0.95 , 354.11
2024-02-21 16:45:27,004 :- 00213: 178 , 19.40 , 02.40 || 1708514127, 17.602021929150 , 78.126602021799, 0.01 , 0.01 ,20.03 , 9.70 , 1.20 , 0.94 , 353.91
2024-02-21 16:45:27,034 :- 00214: 181 , 19.30 , 02.40 || 1708514127, 17.602026847504 , 78.126601505107, 0.01 , 0.01 ,19.61 , 9.96 , 1.20 , 0.93 , 353.81
2024-02-21 16:45:27,064 :- 00215: 184 , 19.20 , 02.40 || 1708514127, 17.602026847504 , 78.126601505107, 0.01 , 0.01 ,19.61 , 9.49 , 1.16 , 0.91 , 353.61
2024-02-21 16:45:27,094 :- 00216: 187 , 19.10 , 02.40 || 1708514127, 17.602026847504 , 78.126601505107, 0.01 , 0.01 ,19.61 , 9.73 , 1.15 , 0.90 , 353.50
2024-02-21 16:45:27,124 :- 00217: 190 , 19.00 , 02.40 || 1708514127, 17.602031674448 , 78.126600949583, 0.01 , 0.01 ,19.26 , 9.70 , 1.09 , 0.85 , 353.30
2024-02-21 16:45:27,154 :- 00218: 193 , 18.90 , 02.40 || 1708514127, 17.602031674448 , 78.126600949583, 0.01 , 0.01 ,19.26 , 9.74 , 1.07 , 0.84 , 353.20
2024-02-21 16:45:27,184 :- 00219: 196 , 18.80 , 02.40 || 1708514127, 17.602031674448 , 78.126600949583, 0.01 , 0.01 ,19.26 , 9.92 , 1.05 , 0.79 , 353.00
2024-02-21 16:45:27,214 :- 00220: 199 , 18.70 , 02.40 || 1708514127, 17.602031674448 , 78.126600949583, 0.01 , 0.01 ,18.70 , 10.04 , 1.06 , 0.79 , 352.90
2024-02-21 16:45:27,244 :- 00221: 202 , 18.60 , 02.40 || 1708514127, 17.602036375316 , 78.126600371118, 0.01 , 0.01 ,18.70 , 9.79 , 1.05 , 0.78 , 352.71
2024-02-21 16:45:27,274 :- 00222: 205 , 18.50 , 02.40 || 1708514127, 17.602036375316 , 78.126600371118, 0.01 , 0.01 ,18.70 , 9.82 , 1.04 , 0.78 , 352.61
2024-02-21 16:45:27,304 :- 00223: 208 , 18.40 , 02.30 || 1708514127, 17.602036375316 , 78.126600371118, 0.01 , 0.01 ,18.70 , 9.86 , 1.03 , 0.79 , 352.43
2024-02-21 16:45:27,334 :- 00224: 211 , 18.30 , 02.30 || 1708514127, 17.602041034190 , 78.126599746480, 0.01 , 0.01 ,18.73 , 9.84 , 1.01 , 0.78 , 352.34
2024-02-21 16:45:27,364 :- 00225: 214 , 18.20 , 02.30 || 1708514127, 17.602041034190 , 78.126599746480, 0.01 , 0.01 ,18.73 , 9.24 , 0.98 , 0.77 , 352.15
2024-02-21 16:45:27,394 :- 00226: 217 , 18.10 , 02.30 || 1708514127, 17.602041034190 , 78.126599746480, 0.01 , 0.01 ,18.73 , 9.79 , 0.98 , 0.76 , 352.07
2024-02-21 16:45:27,424 :- 00227: 220 , 18.10 , 02.30 || 1708514127, 17.602045623194 , 78.126599093476, 0.01 , 0.01 ,18.34 , 10.09 , 1.00 , 0.73 , 351.89
2024-02-21 16:45:27,454 :- 00228: 223 , 18.00 , 02.30 || 1708514127, 17.602045623194 , 78.126599093476, 0.01 , 0.01 ,18.34 , 9.65 , 0.99 , 0.71 , 351.79
2024-02-21 16:45:27,484 :- 00229: 226 , 17.90 , 02.30 || 1708514127, 17.602045623194 , 78.126599093476, 0.01 , 0.01 ,18.34 , 9.94 , 0.99 , 0.69 , 351.61
2024-02-21 16:45:27,514 :- 00230: 229 , 17.90 , 02.30 || 1708514127, 17.602045623194 , 78.126599093476, 0.01 , 0.01 ,18.20 , 10.22 , 1.01 , 0.67 , 351.51
2024-02-21 16:45:27,544 :- 00231: 232 , 17.80 , 02.30 || 1708514127, 17.602050140017 , 78.126598463356, 0.01 , 0.01 ,18.20 , 9.97 , 0.99 , 0.67 , 351.33
2024-02-21 16:45:27,574 :- 00232: 235 , 17.70 , 02.30 || 1708514127, 17.602050140017 , 78.126598463356, 0.01 , 0.01 ,18.20 , 10.38 , 0.98 , 0.68 , 351.24
2024-02-21 16:45:27,604 :- 00233: 238 , 17.70 , 02.30 || 1708514127, 17.602050140017 , 78.126598463356, 0.01 , 0.01 ,18.20 , 9.63 , 0.93 , 0.69 , 351.06
2024-02-21 16:45:27,634 :- 00234: 241 , 17.60 , 02.20 || 1708514127, 17.602054615222 , 78.126597746850, 0.01 , 0.01 ,18.08 , 9.94 , 0.90 , 0.72 , 350.98
2024-02-21 16:45:27,664 :- 00235: 244 , 17.60 , 02.20 || 1708514127, 17.602054615222 , 78.126597746850, 0.01 , 0.01 ,18.08 , 9.45 , 0.91 , 0.72 , 350.82
2024-02-21 16:45:27,694 :- 00236: 247 , 17.50 , 02.10 || 1708514127, 17.602054615222 , 78.126597746850, 0.01 , 0.01 ,18.08 , 9.72 , 0.94 , 0.69 , 350.74
2024-02-21 16:45:27,725 :- 00237: 250 , 17.50 , 02.10 || 1708514127, 17.602059016535 , 78.126596978614, 0.01 , 0.01 ,17.71 , 8.98 , 0.94 , 0.76 , 350.56
2024-02-21 16:45:27,754 :- 00238: 253 , 17.40 , 02.00 || 1708514127, 17.602059016535 , 78.126596978614, 0.01 , 0.01 ,17.71 , 10.60 , 0.98 , 0.71 , 350.48
2024-02-21 16:45:27,784 :- 00239: 000 , 17.30 , 01.90 || 1708514127, 17.602059016535 , 78.126596978614, 0.01 , 0.01 ,17.71 , 9.20 , 0.94 , 0.73 , 350.30
2024-02-21 16:45:27,814 :- 00240: 003 , 17.20 , 01.80 || 1708514127, 17.602059016535 , 78.126596978614, 0.01 , 0.01 ,17.58 , 9.97 , 0.92 , 0.74 , 350.21
2024-02-21 16:45:27,844 :- 00241: 006 , 17.20 , 01.70 || 1708514127, 17.602063371373 , 78.126596191869, 0.01 , 0.01 ,17.58 , 9.66 , 0.88 , 0.72 , 350.05
2024-02-21 16:45:27,874 :- 00242: 009 , 17.10 , 01.60 || 1708514127, 17.602063371373 , 78.126596191869, 0.01 , 0.01 ,17.58 , 9.80 , 0.86 , 0.73 , 349.98
2024-02-21 16:45:27,904 :- 00243: 012 , 17.00 , 01.60 || 1708514127, 17.602063371373 , 78.126596191869, 0.01 , 0.01 ,17.58 , 10.01 , 0.84 , 0.75 , 349.84
2024-02-21 16:45:27,934 :- 00244: 015 , 17.00 , 01.50 || 1708514127, 17.602067691020 , 78.126595404447, 0.01 , 0.01 ,17.52 , 9.88 , 0.83 , 0.75 , 349.78
2024-02-21 16:45:27,964 :- 00245: 018 , 16.90 , 01.40 || 1708514127, 17.602067691020 , 78.126595404447, 0.01 , 0.01 ,17.52 , 9.73 , 0.78 , 0.78 , 349.67
2024-02-21 16:45:27,994 :- 00246: 021 , 16.80 , 01.40 || 1708514127, 17.602067691020 , 78.126595404447, 0.01 , 0.01 ,17.52 , 10.22 , 0.78 , 0.80 , 349.62
2024-02-21 16:45:28,024 :- 00247: 024 , 16.80 , 01.30 || 1708514128, 17.602067691020 , 78.126595404447, 0.01 , 0.01 ,17.52 , 9.92 , 0.77 , 0.80 , 349.57
2024-02-21 16:45:28,054 :- 00248: 027 , 16.80 , 01.20 || 1708514128, 17.602071921589 , 78.126594650038, 0.01 , 0.01 ,16.92 , 9.54 , 0.75 , 0.85 , 349.47
2024-02-21 16:45:28,084 :- 00249: 030 , 16.70 , 01.20 || 1708514128, 17.602071921589 , 78.126594650038, 0.01 , 0.01 ,16.92 , 9.41 , 0.74 , 0.83 , 349.37
2024-02-21 16:45:28,114 :- 00250: 033 , 16.70 , 01.10 || 1708514128, 17.602071921589 , 78.126594650038, 0.01 , 0.01 ,16.92 , 10.05 , 0.73 , 0.84 , 349.32
2024-02-21 16:45:28,144 :- 00251: 036 , 16.50 , 01.00 || 1708514128, 17.602076107780 , 78.126593803843, 0.01 , 0.01 ,16.92 , 9.83 , 0.73 , 0.81 , 349.23
2024-02-21 16:45:28,174 :- 00252: 039 , 16.50 , 01.00 || 1708514128, 17.602076107780 , 78.126593803843, 0.01 , 0.01 ,16.92 , 11.82 , 0.79 , 0.84 , 349.17
2024-02-21 16:45:28,204 :- 00253: 042 , 16.50 , 00.90 || 1708514128, 17.602076107780 , 78.126593803843, 0.01 , 0.01 ,16.92 , 7.13 , 0.62 , 0.74 , 349.06
2024-02-21 16:45:28,235 :- 00254: 045 , 16.60 , 00.90 || 1708514128, 17.602080241309 , 78.126593029356, 0.01 , 0.01 ,16.75 , 9.73 , 0.71 , 0.80 , 349.02
2024-02-21 16:45:28,264 :- 00255: 048 , 16.40 , 00.80 || 1708514128, 17.602080241309 , 78.126593029356, 0.01 , 0.01 ,16.75 , 9.42 , 0.67 , 0.75 , 348.94
2024-02-21 16:45:28,294 :- 00256: 051 , 16.40 , 00.70 || 1708514128, 17.602080241309 , 78.126593029356, 0.01 , 0.01 ,16.75 , 10.11 , 0.69 , 0.70 , 348.91
2024-02-21 16:45:28,324 :- 00257: 054 , 16.30 , 00.70 || 1708514128, 17.602084315699 , 78.126592214908, 0.01 , 0.01 ,16.47 , 9.34 , 0.61 , 0.65 , 348.87
2024-02-21 16:45:28,354 :- 00258: 057 , 16.30 , 00.60 || 1708514128, 17.602084315699 , 78.126592214908, 0.01 , 0.01 ,16.47 , 9.60 , 0.60 , 0.63 , 348.85
2024-02-21 16:45:28,384 :- 00259: 060 , 16.20 , 00.50 || 1708514128, 17.602084315699 , 78.126592214908, 0.01 , 0.01 ,16.47 , 10.02 , 0.64 , 0.53 , 348.81
2024-02-21 16:45:28,414 :- 00260: 063 , 16.20 , 00.40 || 1708514128, 17.602084315699 , 78.126592214908, 0.01 , 0.01 ,16.34 , 9.32 , 0.58 , 0.54 , 348.78
2024-02-21 16:45:28,444 :- 00261: 066 , 16.20 , 00.30 || 1708514128, 17.602088345417 , 78.126591357211, 0.01 , 0.01 ,16.34 , 10.06 , 0.55 , 0.48 , 348.74
2024-02-21 16:45:28,474 :- 00262: 069 , 16.20 , 00.20 || 1708514128, 17.602088345417 , 78.126591357211, 0.01 , 0.01 ,16.34 , 9.40 , 0.50 , 0.48 , 348.71
2024-02-21 16:45:28,504 :- 00263: 072 , 16.10 , 00.00 || 1708514128, 17.602088345417 , 78.126591357211, 0.01 , 0.01 ,16.34 , 11.00 , 0.48 , 0.40 , 348.66
2024-02-21 16:45:28,534 :- 00264: 075 , 16.10 , -0.20 || 1708514128, 17.602092387107 , 78.126590516155, 0.01 , 0.01 ,16.40 , 9.20 , 0.46 , 0.43 , 348.65
2024-02-21 16:45:28,564 :- 00265: 078 , 16.00 , -0.40 || 1708514128, 17.602092387107 , 78.126590516155, 0.01 , 0.01 ,16.40 , 11.07 , 0.46 , 0.44 , 348.62
2024-02-21 16:45:28,594 :- 00266: 081 , 16.00 , -0.70 || 1708514128, 17.602092387107 , 78.126590516155, 0.01 , 0.01 ,16.40 , 9.50 , 0.47 , 0.41 , 348.62
2024-02-21 16:45:28,614 :- 00267: 083 , 16.00 , -0.80 || 1708514128, 17.602092387107 , 78.126590516155, 0.01 , 0.01 ,16.26 , 11.31 , 0.54 , 0.38 , 348.62
2024-02-21 16:45:28,644 :- 00268: 086 , 15.90 , -1.10 || 1708514128, 17.602096396746 , 78.126589709953, 0.01 , 0.01 ,16.26 , 9.25 , 0.51 , 0.44 , 348.64
2024-02-21 16:45:28,674 :- 00269: 089 , 15.90 , -1.40 || 1708514128, 17.602096396746 , 78.126589709953, 0.01 , 0.01 ,16.26 , 10.76 , 0.52 , 0.43 , 348.66
2024-02-21 16:45:28,704 :- 00270: 092 , 15.90 , -1.60 || 1708514128, 17.602096396746 , 78.126589709953, 0.01 , 0.01 ,16.26 , 9.77 , 0.50 , 0.49 , 348.72
2024-02-21 16:45:28,734 :- 00271: 095 , 15.90 , -1.90 || 1708514128, 17.602100427729 , 78.126588917168, 0.01 , 0.01 ,16.35 , 10.22 , 0.47 , 0.51 , 348.77
2024-02-21 16:45:28,764 :- 00272: 098 , 15.80 , -2.10 || 1708514128, 17.602100427729 , 78.126588917168, 0.01 , 0.01 ,16.35 , 9.84 , 0.42 , 0.56 , 348.89
2024-02-21 16:45:28,794 :- 00273: 101 , 15.80 , -2.40 || 1708514128, 17.602100427729 , 78.126588917168, 0.01 , 0.01 ,16.35 , 9.83 , 0.40 , 0.60 , 348.96
2024-02-21 16:45:28,824 :- 00274: 104 , 15.80 , -2.80 || 1708514128, 17.602104425953 , 78.126588110384, 0.01 , 0.01 ,16.25 , 9.63 , 0.36 , 0.65 , 349.12
2024-02-21 16:45:28,854 :- 00275: 107 , 15.80 , -3.10 || 1708514128, 17.602104425953 , 78.126588110384, 0.01 , 0.01 ,16.25 , 9.18 , 0.34 , 0.67 , 349.20
2024-02-21 16:45:28,884 :- 00276: 110 , 15.80 , -3.40 || 1708514128, 17.602104425953 , 78.126588110384, 0.01 , 0.01 ,16.25 , 9.56 , 0.30 , 0.68 , 349.39
2024-02-21 16:45:28,914 :- 00277: 113 , 15.80 , -3.70 || 1708514128, 17.602104425953 , 78.126588110384, 0.01 , 0.01 ,16.00 , 9.05 , 0.27 , 0.69 , 349.48
2024-02-21 16:45:28,944 :- 00278: 116 , 15.70 , -4.00 || 1708514128, 17.602108386460 , 78.126587300097, 0.01 , 0.01 ,16.00 , 9.46 , 0.23 , 0.66 , 349.70
2024-02-21 16:45:28,974 :- 00279: 119 , 15.70 , -4.30 || 1708514128, 17.602108386460 , 78.126587300097, 0.01 , 0.01 ,16.00 , 9.53 , 0.21 , 0.65 , 349.82
2024-02-21 16:45:29,004 :- 00280: 122 , 15.60 , -4.60 || 1708514129, 17.602108386460 , 78.126587300097, 0.01 , 0.01 ,16.00 , 9.96 , 0.17 , 0.61 , 350.09
2024-02-21 16:45:29,034 :- 00281: 125 , 15.60 , -4.90 || 1708514129, 17.602112313639 , 78.126586603098, 0.01 , 0.01 ,15.78 , 9.54 , 0.15 , 0.58 , 350.23
2024-02-21 16:45:29,064 :- 00282: 128 , 15.60 , -5.10 || 1708514129, 17.602112313639 , 78.126586603098, 0.01 , 0.01 ,15.78 , 9.15 , 0.10 , 0.52 , 350.54
2024-02-21 16:45:29,094 :- 00283: 131 , 15.50 , -5.40 || 1708514129, 17.602112313639 , 78.126586603098, 0.01 , 0.01 ,15.78 , 9.76 , 0.08 , 0.49 , 350.71
2024-02-21 16:45:29,124 :- 00284: 134 , 15.40 , -5.70 || 1708514129, 17.602116207133 , 78.126585953189, 0.01 , 0.01 ,15.69 , 11.06 , 0.11 , 0.45 , 351.05
2024-02-21 16:45:29,154 :- 00285: 137 , 15.40 , -6.00 || 1708514129, 17.602116207133 , 78.126585953189, 0.01 , 0.01 ,15.69 , 10.03 , 0.05 , 0.42 , 351.22
2024-02-21 16:45:29,184 :- 00286: 140 , 15.40 , -6.30 || 1708514129, 17.602116207133 , 78.126585953189, 0.01 , 0.01 ,15.69 , 10.21 , 0.04 , 0.44 , 351.59
2024-02-21 16:45:29,214 :- 00287: 143 , 15.40 , -6.60 || 1708514129, 17.602116207133 , 78.126585953189, 0.01 , 0.01 ,15.72 , 9.93 , 0.06 , 0.43 , 351.78
2024-02-21 16:45:29,244 :- 00288: 146 , 15.40 , -6.90 || 1708514129, 17.602120107596 , 78.126585389457, 0.01 , 0.01 ,15.72 , 9.89 , 0.07 , 0.45 , 352.19
2024-02-21 16:45:29,274 :- 00289: 149 , 15.40 , -7.20 || 1708514129, 17.602120107596 , 78.126585389457, 0.01 , 0.01 ,15.72 , 9.75 , 0.08 , 0.47 , 352.41
2024-02-21 16:45:29,304 :- 00290: 152 , 15.30 , -7.50 || 1708514129, 17.602120107596 , 78.126585389457, 0.01 , 0.01 ,15.72 , 9.97 , 0.09 , 0.49 , 352.86
2024-02-21 16:45:29,334 :- 00291: 155 , 15.30 , -7.80 || 1708514129, 17.602124017866 , 78.126584913424, 0.01 , 0.01 ,15.71 , 9.65 , 0.08 , 0.51 , 353.09
2024-02-21 16:45:29,364 :- 00292: 158 , 15.30 , -8.10 || 1708514129, 17.602124017866 , 78.126584913424, 0.01 , 0.01 ,15.71 , 9.72 , 0.11 , 0.53 , 353.58
2024-02-21 16:45:29,394 :- 00293: 161 , 15.20 , -8.50 || 1708514129, 17.602124017866 , 78.126584913424, 0.01 , 0.01 ,15.71 , 9.81 , 0.13 , 0.53 , 353.84
2024-02-21 16:45:29,424 :- 00294: 164 , 15.20 , -8.60 || 1708514129, 17.602127904892 , 78.126584533557, 0.01 , 0.01 ,15.55 , 9.74 , 0.16 , 0.53 , 354.37
2024-02-21 16:45:29,454 :- 00295: 167 , 15.20 , -8.70 || 1708514129, 17.602127904892 , 78.126584533557, 0.01 , 0.01 ,15.55 , 9.55 , 0.16 , 0.53 , 354.64
2024-02-21 16:45:29,484 :- 00296: 170 , 15.10 , -8.80 || 1708514129, 17.602127904892 , 78.126584533557, 0.01 , 0.01 ,15.55 , 9.66 , 0.19 , 0.54 , 355.20
2024-02-21 16:45:29,514 :- 00297: 173 , 15.10 , -8.80 || 1708514129, 17.602127904892 , 78.126584533557, 0.01 , 0.01 ,15.37 , 9.96 , 0.19 , 0.52 , 355.49
2024-02-21 16:45:29,544 :- 00298: 176 , 15.10 , -8.80 || 1708514129, 17.602131759119 , 78.126584260475, 0.01 , 0.01 ,15.37 , 10.16 , 0.19 , 0.51 , 356.07
2024-02-21 16:45:29,574 :- 00299: 179 , 15.00 , -8.80 || 1708514129, 17.602131759119 , 78.126584260475, 0.01 , 0.01 ,15.37 , 9.89 , 0.20 , 0.52 , 356.37
2024-02-21 16:45:29,604 :- 00300: 182 , 15.00 , -8.70 || 1708514129, 17.602131759119 , 78.126584260475, 0.01 , 0.01 ,15.37 , 10.12 , 0.22 , 0.50 , 356.96
2024-02-21 16:45:29,634 :- 00301: 185 , 15.00 , -8.60 || 1708514129, 17.602135604589 , 78.126584097684, 0.01 , 0.01 ,15.33 , 9.86 , 0.23 , 0.52 , 357.25
2024-02-21 16:45:29,664 :- 00302: 188 , 15.00 , -8.60 || 1708514129, 17.602135604589 , 78.126584097684, 0.01 , 0.01 ,15.33 , 9.47 , 0.23 , 0.50 , 357.83
2024-02-21 16:45:29,694 :- 00303: 191 , 15.00 , -8.50 || 1708514129, 17.602135604589 , 78.126584097684, 0.01 , 0.01 ,15.33 , 9.52 , 0.23 , 0.50 , 358.11
2024-02-21 16:45:29,724 :- 00304: 194 , 15.00 , -8.50 || 1708514129, 17.602139463153 , 78.126584026733, 0.01 , 0.01 ,15.44 , 10.05 , 0.26 , 0.52 , 358.66
2024-02-21 16:45:29,754 :- 00305: 197 , 15.00 , -8.50 || 1708514129, 17.602139463153 , 78.126584026733, 0.01 , 0.01 ,15.44 , 9.78 , 0.26 , 0.51 , 358.93
2024-02-21 16:45:29,784 :- 00306: 200 , 15.00 , -8.40 || 1708514129, 17.602139463153 , 78.126584026733, 0.01 , 0.01 ,15.44 , 9.53 , 0.28 , 0.51 , 359.47
2024-02-21 16:45:29,814 :- 00307: 203 , 15.00 , -8.40 || 1708514129, 17.602139463153 , 78.126584026733, 0.01 , 0.01 ,15.25 , 9.50 , 0.29 , 0.51 , 359.74
2024-02-21 16:45:29,844 :- 00308: 206 , 15.00 , -8.30 || 1708514129, 17.602143293312 , 78.126584054029, 0.01 , 0.01 ,15.25 , 9.67 , 0.29 , 0.48 , 0.28
2024-02-21 16:45:29,874 :- 00309: 209 , 15.00 , -8.10 || 1708514129, 17.602143293312 , 78.126584054029, 0.01 , 0.01 ,15.25 , 9.73 , 0.28 , 0.48 , 0.55
2024-02-21 16:45:29,894 :- 00310: 211 , 15.00 , -8.10 || 1708514129, 17.602143293312 , 78.126584054029, 0.01 , 0.01 ,15.25 , 9.87 , 0.28 , 0.46 , 0.82
2024-02-21 16:45:29,924 :- 00311: 214 , 15.10 , -7.90 || 1708514129, 17.602147175989 , 78.126584169407, 0.01 , 0.01 ,15.51 , 9.95 , 0.28 , 0.46 , 1.35
2024-02-21 16:45:29,954 :- 00312: 217 , 15.10 , -7.80 || 1708514129, 17.602147175989 , 78.126584169407, 0.01 , 0.01 ,15.51 , 9.97 , 0.28 , 0.46 , 1.62
2024-02-21 16:45:29,984 :- 00313: 220 , 15.10 , -7.70 || 1708514129, 17.602147175989 , 78.126584169407, 0.01 , 0.01 ,15.51 , 10.01 , 0.28 , 0.45 , 2.14
2024-02-21 16:45:30,014 :- 00314: 223 , 15.10 , -7.50 || 1708514130, 17.602147175989 , 78.126584169407, 0.01 , 0.01 ,15.51 , 9.95 , 0.30 , 0.45 , 2.40
2024-02-21 16:45:30,044 :- 00315: 226 , 15.10 , -7.30 || 1708514130, 17.602151058009 , 78.126584376161, 0.01 , 0.01 ,15.50 , 10.10 , 0.33 , 0.47 , 2.90
2024-02-21 16:45:30,074 :- 00316: 229 , 15.10 , -7.20 || 1708514130, 17.602151058009 , 78.126584376161, 0.01 , 0.01 ,15.50 , 10.00 , 0.35 , 0.48 , 3.14
2024-02-21 16:45:30,104 :- 00317: 232 , 15.20 , -6.90 || 1708514130, 17.602151058009 , 78.126584376161, 0.01 , 0.01 ,15.50 , 10.03 , 0.37 , 0.49 , 3.62
2024-02-21 16:45:30,134 :- 00318: 235 , 15.20 , -6.70 || 1708514130, 17.602154959085 , 78.126584686069, 0.01 , 0.01 ,15.58 , 9.66 , 0.38 , 0.50 , 3.85
2024-02-21 16:45:30,164 :- 00319: 238 , 15.20 , -6.40 || 1708514130, 17.602154959085 , 78.126584686069, 0.01 , 0.01 ,15.58 , 9.92 , 0.40 , 0.52 , 4.31
2024-02-21 16:45:30,194 :- 00320: 241 , 15.20 , -6.10 || 1708514130, 17.602154959085 , 78.126584686069, 0.01 , 0.01 ,15.58 , 9.80 , 0.42 , 0.53 , 4.54
2024-02-21 16:45:30,224 :- 00321: 244 , 15.30 , -5.80 || 1708514130, 17.602158870100 , 78.126585079402, 0.01 , 0.01 ,15.76 , 9.54 , 0.43 , 0.55 , 4.97
2024-02-21 16:45:30,254 :- 00322: 247 , 15.30 , -5.50 || 1708514130, 17.602158870100 , 78.126585079402, 0.01 , 0.01 ,15.76 , 9.80 , 0.45 , 0.56 , 5.18
2024-02-21 16:45:30,284 :- 00323: 250 , 15.30 , -5.20 || 1708514130, 17.602158870100 , 78.126585079402, 0.01 , 0.01 ,15.76 , 9.42 , 0.48 , 0.58 , 5.58
2024-02-21 16:45:30,314 :- 00324: 253 , 15.30 , -4.90 || 1708514130, 17.602158870100 , 78.126585079402, 0.01 , 0.01 ,15.84 , 9.84 , 0.50 , 0.58 , 5.77
2024-02-21 16:45:30,344 :- 00325: 000 , 15.40 , -4.60 || 1708514130, 17.602162805342 , 78.126585553968, 0.01 , 0.01 ,15.84 , 9.42 , 0.57 , 0.57 , 6.12
2024-02-21 16:45:30,374 :- 00326: 003 , 15.40 , -4.30 || 1708514130, 17.602162805342 , 78.126585553968, 0.01 , 0.01 ,15.84 , 9.75 , 0.62 , 0.56 , 6.29
2024-02-21 16:45:30,404 :- 00327: 006 , 15.40 , -4.00 || 1708514130, 17.602162805342 , 78.126585553968, 0.01 , 0.01 ,15.84 , 9.71 , 0.69 , 0.54 , 6.60
2024-02-21 16:45:30,434 :- 00328: 009 , 15.50 , -3.70 || 1708514130, 17.602166731408 , 78.126586116169, 0.01 , 0.01 ,15.77 , 9.90 , 0.73 , 0.52 , 6.75
2024-02-21 16:45:30,464 :- 00329: 012 , 15.50 , -3.40 || 1708514130, 17.602166731408 , 78.126586116169, 0.01 , 0.01 ,15.77 , 10.02 , 0.77 , 0.53 , 7.01
2024-02-21 16:45:30,494 :- 00330: 015 , 15.60 , -3.10 || 1708514130, 17.602166731408 , 78.126586116169, 0.01 , 0.01 ,15.77 , 9.88 , 0.79 , 0.52 , 7.14
2024-02-21 16:45:30,524 :- 00331: 018 , 15.60 , -2.90 || 1708514130, 17.602170701440 , 78.126586712731, 0.01 , 0.01 ,15.98 , 9.91 , 0.85 , 0.50 , 7.37
2024-02-21 16:45:30,554 :- 00332: 021 , 15.70 , -2.60 || 1708514130, 17.602170701440 , 78.126586712731, 0.01 , 0.01 ,15.98 , 10.13 , 0.90 , 0.50 , 7.48
2024-02-21 16:45:30,584 :- 00333: 024 , 15.70 , -2.40 || 1708514130, 17.602170701440 , 78.126586712731, 0.01 , 0.01 ,15.98 , 9.86 , 0.97 , 0.50 , 7.69
2024-02-21 16:45:30,614 :- 00334: 027 , 15.80 , -2.10 || 1708514130, 17.602170701440 , 78.126586712731, 0.01 , 0.01 ,16.18 , 9.92 , 0.98 , 0.51 , 7.78
2024-02-21 16:45:30,644 :- 00335: 030 , 15.80 , -1.90 || 1708514130, 17.602174717128 , 78.126587379802, 0.01 , 0.01 ,16.18 , 10.03 , 0.99 , 0.55 , 7.94
2024-02-21 16:45:30,674 :- 00336: 033 , 15.80 , -1.70 || 1708514130, 17.602174717128 , 78.126587379802, 0.01 , 0.01 ,16.18 , 9.87 , 0.98 , 0.56 , 8.02
2024-02-21 16:45:30,704 :- 00337: 036 , 15.90 , -1.50 || 1708514130, 17.602174717128 , 78.126587379802, 0.01 , 0.01 ,16.18 , 9.84 , 0.92 , 0.59 , 8.14
2024-02-21 16:45:30,734 :- 00338: 039 , 16.00 , -1.30 || 1708514130, 17.602178782451 , 78.126588002634, 0.01 , 0.01 ,16.44 , 9.20 , 0.89 , 0.61 , 8.19
2024-02-21 16:45:30,764 :- 00339: 042 , 16.00 , -1.10 || 1708514130, 17.602178782451 , 78.126588002634, 0.01 , 0.01 ,16.44 , 9.48 , 0.86 , 0.59 , 8.29
2024-02-21 16:45:30,794 :- 00340: 045 , 16.00 , -0.90 || 1708514130, 17.602178782451 , 78.126588002634, 0.01 , 0.01 ,16.44 , 9.81 , 0.86 , 0.59 , 8.33
2024-02-21 16:45:30,824 :- 00341: 048 , 16.10 , -0.70 || 1708514130, 17.602182874334 , 78.126588620382, 0.01 , 0.01 ,16.45 , 9.52 , 0.82 , 0.55 , 8.40
2024-02-21 16:45:30,854 :- 00342: 051 , 16.10 , -0.50 || 1708514130, 17.602182874334 , 78.126588620382, 0.01 , 0.01 ,16.45 , 9.82 , 0.81 , 0.55 , 8.43
2024-02-21 16:45:30,884 :- 00343: 054 , 16.10 , -0.30 || 1708514130, 17.602182874334 , 78.126588620382, 0.01 , 0.01 ,16.45 , 10.55 , 0.85 , 0.50 , 8.47
2024-02-21 16:45:30,914 :- 00344: 057 , 16.20 , -0.10 || 1708514130, 17.602182874334 , 78.126588620382, 0.01 , 0.01 ,16.64 , 9.63 , 0.84 , 0.49 , 8.48
2024-02-21 16:45:30,944 :- 00345: 060 , 16.20 , 00.10 || 1708514130, 17.602186980955 , 78.126589289648, 0.01 , 0.01 ,16.64 , 10.36 , 0.87 , 0.51 , 8.49
2024-02-21 16:45:30,974 :- 00346: 063 , 16.30 , 00.30 || 1708514130, 17.602186980955 , 78.126589289648, 0.01 , 0.01 ,16.64 , 9.37 , 0.88 , 0.49 , 8.49
2024-02-21 16:45:31,004 :- 00347: 066 , 16.30 , 00.50 || 1708514131, 17.602186980955 , 78.126589289648, 0.01 , 0.01 ,16.64 , 10.23 , 0.95 , 0.50 , 8.48
2024-02-21 16:45:31,034 :- 00348: 069 , 16.40 , 00.60 || 1708514131, 17.602191121688 , 78.126590017606, 0.01 , 0.01 ,16.75 , 9.54 , 0.97 , 0.50 , 8.47
2024-02-21 16:45:31,064 :- 00349: 072 , 16.40 , 00.70 || 1708514131, 17.602191121688 , 78.126590017606, 0.01 , 0.01 ,16.75 , 10.09 , 1.02 , 0.50 , 8.43
2024-02-21 16:45:31,094 :- 00350: 075 , 16.50 , 00.80 || 1708514131, 17.602191121688 , 78.126590017606, 0.01 , 0.01 ,16.75 , 9.48 , 1.04 , 0.51 , 8.40
2024-02-21 16:45:31,124 :- 00351: 078 , 16.50 , 00.80 || 1708514131, 17.602195325295 , 78.126590743489, 0.01 , 0.01 ,17.04 , 9.65 , 1.06 , 0.52 , 8.32
2024-02-21 16:45:31,154 :- 00352: 081 , 16.60 , 00.90 || 1708514131, 17.602195325295 , 78.126590743489, 0.01 , 0.01 ,17.04 , 9.61 , 1.07 , 0.52 , 8.28
2024-02-21 16:45:31,174 :- 00353: 083 , 16.60 , 00.90 || 1708514131, 17.602195325295 , 78.126590743489, 0.01 , 0.01 ,17.04 , 9.76 , 1.07 , 0.52 , 8.24
2024-02-21 16:45:31,204 :- 00354: 086 , 16.60 , 00.90 || 1708514131, 17.602195325295 , 78.126590743489, 0.01 , 0.01 ,17.04 , 9.88 , 1.05 , 0.48 , 8.17
2024-02-21 16:45:31,234 :- 00355: 089 , 16.60 , 00.90 || 1708514131, 17.602199548120 , 78.126591436127, 0.01 , 0.01 ,17.03 , 9.78 , 1.04 , 0.47 , 8.13
2024-02-21 16:45:31,264 :- 00356: 092 , 16.70 , 00.90 || 1708514131, 17.602199548120 , 78.126591436127, 0.01 , 0.01 ,17.03 , 10.14 , 1.03 , 0.46 , 8.06
2024-02-21 16:45:31,294 :- 00357: 095 , 16.70 , 01.00 || 1708514131, 17.602199548120 , 78.126591436127, 0.01 , 0.01 ,17.03 , 9.83 , 1.01 , 0.45 , 8.03
2024-02-21 16:45:31,324 :- 00358: 098 , 16.80 , 01.00 || 1708514131, 17.602203825997 , 78.126592053341, 0.01 , 0.01 ,17.24 , 10.18 , 0.95 , 0.42 , 7.96
2024-02-21 16:45:31,354 :- 00359: 101 , 16.80 , 01.00 || 1708514131, 17.602203825997 , 78.126592053341, 0.01 , 0.01 ,17.24 , 9.86 , 0.91 , 0.42 , 7.92
2024-02-21 16:45:31,384 :- 00360: 104 , 16.90 , 01.00 || 1708514131, 17.602203825997 , 78.126592053341, 0.01 , 0.01 ,17.24 , 10.15 , 0.85 , 0.40 , 7.83
2024-02-21 16:45:31,414 :- 00361: 107 , 17.00 , 01.00 || 1708514131, 17.602203825997 , 78.126592053341, 0.01 , 0.01 ,17.40 , 9.49 , 0.81 , 0.39 , 7.79
2024-02-21 16:45:31,444 :- 00362: 110 , 17.00 , 01.00 || 1708514131, 17.602208137712 , 78.126592660775, 0.01 , 0.01 ,17.40 , 9.66 , 0.76 , 0.38 , 7.70
2024-02-21 16:45:31,474 :- 00363: 113 , 17.10 , 01.10 || 1708514131, 17.602208137712 , 78.126592660775, 0.01 , 0.01 ,17.40 , 9.91 , 0.76 , 0.37 , 7.66
2024-02-21 16:45:31,504 :- 00364: 116 , 17.10 , 01.10 || 1708514131, 17.602208137712 , 78.126592660775, 0.01 , 0.01 ,17.40 , 9.44 , 0.73 , 0.33 , 7.56
2024-02-21 16:45:31,534 :- 00365: 119 , 17.10 , 01.10 || 1708514131, 17.602212494083 , 78.126593282738, 0.01 , 0.01 ,17.54 , 9.78 , 0.73 , 0.32 , 7.51
2024-02-21 16:45:31,564 :- 00366: 122 , 17.20 , 01.20 || 1708514131, 17.602212494083 , 78.126593282738, 0.01 , 0.01 ,17.54 , 9.46 , 0.71 , 0.29 , 7.42
2024-02-21 16:45:31,594 :- 00367: 125 , 17.20 , 01.20 || 1708514131, 17.602212494083 , 78.126593282738, 0.01 , 0.01 ,17.54 , 10.02 , 0.71 , 0.27 , 7.37
2024-02-21 16:45:31,624 :- 00368: 128 , 17.20 , 01.30 || 1708514131, 17.602216863400 , 78.126593896395, 0.01 , 0.01 ,17.54 , 9.72 , 0.73 , 0.22 , 7.27
2024-02-21 16:45:31,654 :- 00369: 131 , 17.30 , 01.30 || 1708514131, 17.602216863400 , 78.126593896395, 0.01 , 0.01 ,17.54 , 10.06 , 0.74 , 0.20 , 7.22
2024-02-21 16:45:31,684 :- 00370: 134 , 17.30 , 01.40 || 1708514131, 17.602216863400 , 78.126593896395, 0.01 , 0.01 ,17.54 , 9.76 , 0.77 , 0.15 , 7.12
2024-02-21 16:45:31,714 :- 00371: 137 , 17.40 , 01.40 || 1708514131, 17.602216863400 , 78.126593896395, 0.01 , 0.01 ,17.72 , 10.48 , 0.80 , 0.14 , 7.07
2024-02-21 16:45:31,744 :- 00372: 140 , 17.40 , 01.50 || 1708514131, 17.602221282058 , 78.126594524447, 0.01 , 0.01 ,17.72 , 9.87 , 0.85 , 0.10 , 6.96
2024-02-21 16:45:31,774 :- 00373: 143 , 17.50 , 01.50 || 1708514131, 17.602221282058 , 78.126594524447, 0.01 , 0.01 ,17.72 , 10.04 , 0.88 , 0.10 , 6.90
2024-02-21 16:45:31,804 :- 00374: 146 , 17.50 , 01.60 || 1708514131, 17.602221282058 , 78.126594524447, 0.01 , 0.01 ,17.72 , 10.35 , 0.94 , 0.10 , 6.78
2024-02-21 16:45:31,834 :- 00375: 149 , 17.50 , 01.60 || 1708514131, 17.602225743006 , 78.126595154381, 0.01 , 0.01 ,17.96 , 10.00 , 0.95 , 0.10 , 6.72
2024-02-21 16:45:31,864 :- 00376: 152 , 17.60 , 01.60 || 1708514131, 17.602225743006 , 78.126595154381, 0.01 , 0.01 ,17.96 , 9.97 , 0.95 , 0.16 , 6.59
2024-02-21 16:45:31,894 :- 00377: 155 , 17.60 , 01.60 || 1708514131, 17.602225743006 , 78.126595154381, 0.01 , 0.01 ,17.96 , 9.87 , 0.94 , 0.18 , 6.52
2024-02-21 16:45:31,924 :- 00378: 158 , 17.60 , 01.60 || 1708514131, 17.602230283510 , 78.126595739723, 0.01 , 0.01 ,18.29 , 10.01 , 0.92 , 0.24 , 6.38
2024-02-21 16:45:31,954 :- 00379: 161 , 17.70 , 01.60 || 1708514131, 17.602230283510 , 78.126595739723, 0.01 , 0.01 ,18.29 , 9.79 , 0.89 , 0.27 , 6.31
2024-02-21 16:45:31,984 :- 00380: 164 , 17.70 , 01.60 || 1708514131, 17.602230283510 , 78.126595739723, 0.01 , 0.01 ,18.29 , 9.59 , 0.85 , 0.36 , 6.17
2024-02-21 16:45:32,014 :- 00381: 167 , 17.70 , 01.60 || 1708514132, 17.602230283510 , 78.126595739723, 0.01 , 0.01 ,18.29 , 9.74 , 0.83 , 0.39 , 6.09
2024-02-21 16:45:32,044 :- 00382: 170 , 17.80 , 01.60 || 1708514132, 17.602234863182 , 78.126596254982, 0.01 , 0.01 ,18.37 , 9.54 , 0.80 , 0.44 , 5.95
2024-02-21 16:45:32,074 :- 00383: 173 , 17.80 , 01.60 || 1708514132, 17.602234863182 , 78.126596254982, 0.01 , 0.01 ,18.37 , 9.84 , 0.80 , 0.47 , 5.89
2024-02-21 16:45:32,104 :- 00384: 176 , 17.80 , 01.70 || 1708514132, 17.602234863182 , 78.126596254982, 0.01 , 0.01 ,18.37 , 9.83 , 0.77 , 0.50 , 5.75
2024-02-21 16:45:32,134 :- 00385: 179 , 17.80 , 01.70 || 1708514132, 17.602239452196 , 78.126596743414, 0.01 , 0.01 ,18.41 , 9.78 , 0.76 , 0.52 , 5.68
2024-02-21 16:45:32,164 :- 00386: 182 , 17.90 , 01.70 || 1708514132, 17.602239452196 , 78.126596743414, 0.01 , 0.01 ,18.41 , 9.91 , 0.74 , 0.54 , 5.54
2024-02-21 16:45:32,194 :- 00387: 185 , 17.90 , 01.70 || 1708514132, 17.602239452196 , 78.126596743414, 0.01 , 0.01 ,18.41 , 9.89 , 0.73 , 0.55 , 5.47
2024-02-21 16:45:32,224 :- 00388: 188 , 17.90 , 01.70 || 1708514132, 17.602244059176 , 78.126597213332, 0.01 , 0.01 ,18.48 , 9.99 , 0.71 , 0.58 , 5.32
2024-02-21 16:45:32,254 :- 00389: 191 , 18.00 , 01.70 || 1708514132, 17.602244059176 , 78.126597213332, 0.01 , 0.01 ,18.48 , 9.56 , 0.70 , 0.60 , 5.24
2024-02-21 16:45:32,284 :- 00390: 194 , 18.00 , 01.70 || 1708514132, 17.602244059176 , 78.126597213332, 0.01 , 0.01 ,18.48 , 9.70 , 0.73 , 0.63 , 5.08
2024-02-21 16:45:32,314 :- 00391: 197 , 18.00 , 01.70 || 1708514132, 17.602244059176 , 78.126597213332, 0.01 , 0.01 ,18.61 , 9.32 , 0.75 , 0.64 , 5.01
2024-02-21 16:45:32,344 :- 00392: 200 , 18.10 , 01.70 || 1708514132, 17.602248691410 , 78.126597704136, 0.01 , 0.01 ,18.61 , 9.29 , 0.81 , 0.64 , 4.85
2024-02-21 16:45:32,374 :- 00393: 203 , 18.10 , 01.70 || 1708514132, 17.602248691410 , 78.126597704136, 0.01 , 0.01 ,18.61 , 9.56 , 0.84 , 0.64 , 4.78
2024-02-21 16:45:32,404 :- 00394: 206 , 18.10 , 01.70 || 1708514132, 17.602248691410 , 78.126597704136, 0.01 , 0.01 ,18.61 , 9.32 , 0.87 , 0.62 , 4.63
2024-02-21 16:45:32,434 :- 00395: 209 , 18.20 , 01.70 || 1708514132, 17.602253334015 , 78.126598192178, 0.01 , 0.01 ,18.58 , 9.51 , 0.89 , 0.61 , 4.57
2024-02-21 16:45:32,464 :- 00396: 212 , 18.20 , 01.70 || 1708514132, 17.602253334015 , 78.126598192178, 0.01 , 0.01 ,18.58 , 9.56 , 0.92 , 0.57 , 4.43
2024-02-21 16:45:32,494 :- 00397: 215 , 18.20 , 01.70 || 1708514132, 17.602253334015 , 78.126598192178, 0.01 , 0.01 ,18.58 , 9.74 , 0.92 , 0.54 , 4.37
2024-02-21 16:45:32,524 :- 00398: 218 , 18.20 , 01.70 || 1708514132, 17.602257984916 , 78.126598606133, 0.01 , 0.01 ,18.55 , 9.97 , 0.94 , 0.49 , 4.23
2024-02-21 16:45:32,554 :- 00399: 221 , 18.20 , 01.70 || 1708514132, 17.602257984916 , 78.126598606133, 0.01 , 0.01 ,18.55 , 10.25 , 0.94 , 0.47 , 4.16
2024-02-21 16:45:32,584 :- 00400: 224 , 18.30 , 01.70 || 1708514132, 17.602257984916 , 78.126598606133, 0.01 , 0.01 ,18.55 , 10.08 , 0.91 , 0.45 , 4.02
2024-02-21 16:45:32,614 :- 00401: 227 , 18.30 , 01.70 || 1708514132, 17.602257984916 , 78.126598606133, 0.01 , 0.01 ,18.78 , 10.17 , 0.89 , 0.43 , 3.94
2024-02-21 16:45:32,644 :- 00402: 230 , 18.30 , 01.70 || 1708514132, 17.602262668238 , 78.126598970005, 0.01 , 0.01 ,18.78 , 10.16 , 0.87 , 0.42 , 3.79
2024-02-21 16:45:32,674 :- 00403: 233 , 18.40 , 01.70 || 1708514132, 17.602262668238 , 78.126598970005, 0.01 , 0.01 ,18.78 , 10.22 , 0.87 , 0.43 , 3.72
2024-02-21 16:45:32,704 :- 00404: 236 , 18.40 , 01.70 || 1708514132, 17.602262668238 , 78.126598970005, 0.01 , 0.01 ,18.78 , 9.83 , 0.86 , 0.45 , 3.57
2024-02-21 16:45:32,734 :- 00405: 239 , 18.50 , 01.70 || 1708514132, 17.602267407232 , 78.126599311232, 0.01 , 0.01 ,19.00 , 9.83 , 0.85 , 0.46 , 3.50
2024-02-21 16:45:32,764 :- 00406: 242 , 18.50 , 01.70 || 1708514132, 17.602267407232 , 78.126599311232, 0.01 , 0.01 ,19.00 , 9.86 , 0.84 , 0.49 , 3.35
2024-02-21 16:45:32,794 :- 00407: 245 , 18.50 , 01.70 || 1708514132, 17.602267407232 , 78.126599311232, 0.01 , 0.01 ,19.00 , 9.95 , 0.84 , 0.50 , 3.28
2024-02-21 16:45:32,824 :- 00408: 248 , 18.60 , 01.70 || 1708514132, 17.602272181233 , 78.126599626243, 0.01 , 0.01 ,19.09 , 9.50 , 0.85 , 0.52 , 3.13
2024-02-21 16:45:32,854 :- 00409: 251 , 18.60 , 01.70 || 1708514132, 17.602272181233 , 78.126599626243, 0.01 , 0.01 ,19.09 , 9.58 , 0.87 , 0.53 , 3.05
2024-02-21 16:45:32,884 :- 00410: 254 , 18.60 , 01.70 || 1708514132, 17.602272181233 , 78.126599626243, 0.01 , 0.01 ,19.09 , 9.69 , 0.92 , 0.55 , 2.90
2024-02-21 16:45:32,914 :- 00411: 001 , 18.70 , 01.70 || 1708514132, 17.602272181233 , 78.126599626243, 0.01 , 0.01 ,19.29 , 9.62 , 0.93 , 0.54 , 2.83
2024-02-21 16:45:32,944 :- 00412: 004 , 18.70 , 01.70 || 1708514132, 17.602276998198 , 78.126599940603, 0.01 , 0.01 ,19.29 , 10.00 , 0.94 , 0.56 , 2.68
2024-02-21 16:45:32,974 :- 00413: 007 , 18.70 , 01.70 || 1708514132, 17.602276998198 , 78.126599940603, 0.01 , 0.01 ,19.29 , 9.78 , 0.93 , 0.57 , 2.60
2024-02-21 16:45:33,004 :- 00414: 010 , 18.80 , 01.70 || 1708514133, 17.602276998198 , 78.126599940603, 0.01 , 0.01 ,19.29 , 9.85 , 0.92 , 0.56 , 2.45
2024-02-21 16:45:33,034 :- 00415: 013 , 18.80 , 01.70 || 1708514133, 17.602281838636 , 78.126600210508, 0.01 , 0.01 ,19.35 , 9.60 , 0.91 , 0.57 , 2.37
2024-02-21 16:45:33,064 :- 00416: 016 , 18.90 , 01.70 || 1708514133, 17.602281838636 , 78.126600210508, 0.01 , 0.01 ,19.35 , 10.09 , 0.95 , 0.57 , 2.22
2024-02-21 16:45:33,094 :- 00417: 019 , 18.90 , 01.70 || 1708514133, 17.602281838636 , 78.126600210508, 0.01 , 0.01 ,19.35 , 9.91 , 0.97 , 0.56 , 2.15
2024-02-21 16:45:33,124 :- 00418: 022 , 19.00 , 01.70 || 1708514133, 17.602286732642 , 78.126600455871, 0.01 , 0.01 ,19.57 , 9.49 , 1.01 , 0.55 , 2.00
2024-02-21 16:45:33,154 :- 00419: 025 , 19.10 , 01.70 || 1708514133, 17.602286732642 , 78.126600455871, 0.01 , 0.01 ,19.57 , 9.50 , 1.03 , 0.55 , 1.92
2024-02-21 16:45:33,184 :- 00420: 028 , 19.20 , 01.70 || 1708514133, 17.602286732642 , 78.126600455871, 0.01 , 0.01 ,19.57 , 9.70 , 1.09 , 0.53 , 1.77
2024-02-21 16:45:33,214 :- 00421: 031 , 19.20 , 01.70 || 1708514133, 17.602286732642 , 78.126600455871, 0.01 , 0.01 ,19.76 , 9.97 , 1.11 , 0.49 , 1.69
2024-02-21 16:45:33,244 :- 00422: 034 , 19.30 , 01.70 || 1708514133, 17.602291672901 , 78.126600681467, 0.01 , 0.01 ,19.76 , 9.70 , 1.15 , 0.49 , 1.55
2024-02-21 16:45:33,274 :- 00423: 037 , 19.40 , 01.70 || 1708514133, 17.602291672901 , 78.126600681467, 0.01 , 0.01 ,19.76 , 9.92 , 1.18 , 0.49 , 1.47
2024-02-21 16:45:33,304 :- 00424: 040 , 19.40 , 01.70 || 1708514133, 17.602291672901 , 78.126600681467, 0.01 , 0.01 ,19.76 , 9.56 , 1.22 , 0.45 , 1.32
2024-02-21 16:45:33,334 :- 00425: 043 , 19.50 , 01.70 || 1708514133, 17.602296671449 , 78.126600885518, 0.01 , 0.01 ,20.01 , 10.14 , 1.24 , 0.47 , 1.25
2024-02-21 16:45:33,364 :- 00426: 046 , 19.50 , 01.60 || 1708514133, 17.602296671449 , 78.126600885518, 0.01 , 0.01 ,20.01 , 9.93 , 1.26 , 0.48 , 1.09
2024-02-21 16:45:33,394 :- 00427: 049 , 19.60 , 01.60 || 1708514133, 17.602296671449 , 78.126600885518, 0.01 , 0.01 ,20.01 , 9.56 , 1.25 , 0.48 , 1.02
2024-02-21 16:45:33,424 :- 00428: 052 , 19.70 , 01.60 || 1708514133, 17.602301756966 , 78.126601046960, 0.01 , 0.01 ,20.35 , 9.91 , 1.24 , 0.50 , 0.87
2024-02-21 16:45:33,454 :- 00429: 055 , 19.80 , 01.50 || 1708514133, 17.602301756966 , 78.126601046960, 0.01 , 0.01 ,20.35 , 9.69 , 1.22 , 0.48 , 0.80
2024-02-21 16:45:33,484 :- 00430: 058 , 19.80 , 01.40 || 1708514133, 17.602301756966 , 78.126601046960, 0.01 , 0.01 ,20.35 , 9.98 , 1.20 , 0.48 , 0.66
2024-02-21 16:45:33,514 :- 00431: 061 , 19.90 , 01.40 || 1708514133, 17.602301756966 , 78.126601046960, 0.01 , 0.01 ,20.44 , 9.77 , 1.19 , 0.47 , 0.59
2024-02-21 16:45:33,544 :- 00432: 064 , 20.00 , 01.30 || 1708514133, 17.602306880460 , 78.126601127722, 0.01 , 0.01 ,20.44 , 10.25 , 1.17 , 0.42 , 0.46
2024-02-21 16:45:33,574 :- 00433: 067 , 20.10 , 01.20 || 1708514133, 17.602306880460 , 78.126601127722, 0.01 , 0.01 ,20.44 , 9.37 , 1.14 , 0.41 , 0.39
2024-02-21 16:45:33,604 :- 00434: 070 , 20.10 , 01.20 || 1708514133, 17.602306880460 , 78.126601127722, 0.01 , 0.01 ,20.44 , 10.39 , 1.12 , 0.41 , 0.26
2024-02-21 16:45:33,634 :- 00435: 073 , 20.20 , 01.10 || 1708514133, 17.602312062260 , 78.126601163624, 0.01 , 0.01 ,20.71 , 10.41 , 1.11 , 0.39 , 0.19
2024-02-21 16:45:33,664 :- 00436: 076 , 20.30 , 01.00 || 1708514133, 17.602312062260 , 78.126601163624, 0.01 , 0.01 ,20.71 , 8.75 , 1.05 , 0.37 , 0.07
2024-02-21 16:45:33,694 :- 00437: 079 , 20.40 , 00.90 || 1708514133, 17.602312062260 , 78.126601163624, 0.01 , 0.01 ,20.71 , 9.63 , 1.03 , 0.38 , 0.01
2024-02-21 16:45:33,724 :- 00438: 082 , 20.50 , 00.80 || 1708514133, 17.602317306761 , 78.126601201939, 0.01 , 0.01 ,21.02 , 9.33 , 1.05 , 0.34 , 359.90
2024-02-21 16:45:33,754 :- 00439: 085 , 20.50 , 00.70 || 1708514133, 17.602317306761 , 78.126601201939, 0.01 , 0.01 ,21.02 , 10.18 , 1.04 , 0.31 , 359.85
2024-02-21 16:45:33,784 :- 00440: 088 , 20.60 , 00.60 || 1708514133, 17.602317306761 , 78.126601201939, 0.01 , 0.01 ,21.02 , 9.67 , 1.04 , 0.29 , 359.76
2024-02-21 16:45:33,814 :- 00441: 091 , 20.60 , 00.60 || 1708514133, 17.602317306761 , 78.126601201939, 0.01 , 0.01 ,21.25 , 9.99 , 1.06 , 0.28 , 359.72
2024-02-21 16:45:33,844 :- 00442: 094 , 20.70 , 00.50 || 1708514133, 17.602322609192 , 78.126601234218, 0.01 , 0.01 ,21.25 , 10.10 , 1.06 , 0.26 , 359.66
2024-02-21 16:45:33,874 :- 00443: 097 , 20.70 , 00.50 || 1708514133, 17.602322609192 , 78.126601234218, 0.01 , 0.01 ,21.25 , 10.26 , 1.06 , 0.25 , 359.63
2024-02-21 16:45:33,904 :- 00444: 100 , 20.80 , 00.40 || 1708514133, 17.602322609192 , 78.126601234218, 0.01 , 0.01 ,21.25 , 10.16 , 1.04 , 0.28 , 359.58
2024-02-21 16:45:33,934 :- 00445: 103 , 20.90 , 00.40 || 1708514133, 17.602327980977 , 78.126601247543, 0.01 , 0.01 ,21.46 , 10.39 , 1.02 , 0.30 , 359.56
2024-02-21 16:45:33,964 :- 00446: 106 , 20.90 , 00.30 || 1708514133, 17.602327980977 , 78.126601247543, 0.01 , 0.01 ,21.46 , 9.83 , 0.98 , 0.33 , 359.52
2024-02-21 16:45:33,994 :- 00447: 109 , 21.00 , 00.30 || 1708514133, 17.602327980977 , 78.126601247543, 0.01 , 0.01 ,21.46 , 10.07 , 0.98 , 0.37 , 359.50
2024-02-21 16:45:34,024 :- 00448: 112 , 21.10 , 00.30 || 1708514134, 17.602327980977 , 78.126601247543, 0.01 , 0.01 ,21.46 , 9.86 , 0.97 , 0.40 , 359.48
2024-02-21 16:45:34,054 :- 00449: 115 , 21.10 , 00.30 || 1708514134, 17.602333438164 , 78.126601221890, 0.01 , 0.01 ,21.78 , 9.83 , 0.96 , 0.44 , 359.44
2024-02-21 16:45:34,084 :- 00450: 118 , 21.20 , 00.30 || 1708514134, 17.602333438164 , 78.126601221890, 0.01 , 0.01 ,21.78 , 9.94 , 0.96 , 0.48 , 359.42
2024-02-21 16:45:34,114 :- 00451: 121 , 21.30 , 00.30 || 1708514134, 17.602333438164 , 78.126601221890, 0.01 , 0.01 ,21.88 , 9.45 , 0.96 , 0.51 , 359.40
2024-02-21 16:45:34,144 :- 00452: 124 , 21.30 , 00.30 || 1708514134, 17.602338930140 , 78.126601203138, 0.01 , 0.01 ,21.88 , 9.82 , 0.98 , 0.51 , 359.38
2024-02-21 16:45:34,174 :- 00453: 127 , 21.40 , 00.30 || 1708514134, 17.602338930140 , 78.126601203138, 0.01 , 0.01 ,21.88 , 9.08 , 0.98 , 0.51 , 359.38
2024-02-21 16:45:34,204 :- 00454: 130 , 21.40 , 00.30 || 1708514134, 17.602338930140 , 78.126601203138, 0.01 , 0.01 ,21.88 , 9.61 , 1.00 , 0.48 , 359.35
2024-02-21 16:45:34,234 :- 00455: 133 , 21.50 , 00.30 || 1708514134, 17.602344440927 , 78.126601182707, 0.01 , 0.01 ,21.96 , 9.61 , 1.01 , 0.49 , 359.33
2024-02-21 16:45:34,264 :- 00456: 136 , 21.50 , 00.30 || 1708514134, 17.602344440927 , 78.126601182707, 0.01 , 0.01 ,21.96 , 9.67 , 0.99 , 0.44 , 359.30
2024-02-21 16:45:34,294 :- 00457: 139 , 21.60 , 00.30 || 1708514134, 17.602344440927 , 78.126601182707, 0.01 , 0.01 ,21.96 , 9.83 , 0.99 , 0.44 , 359.28
2024-02-21 16:45:34,324 :- 00458: 142 , 21.60 , 00.30 || 1708514134, 17.602349974926 , 78.126601175242, 0.01 , 0.01 ,22.09 , 9.82 , 0.99 , 0.45 , 359.24
2024-02-21 16:45:34,354 :- 00459: 145 , 21.60 , 00.30 || 1708514134, 17.602349974926 , 78.126601175242, 0.01 , 0.01 ,22.09 , 9.72 , 0.99 , 0.45 , 359.22
2024-02-21 16:45:34,374 :- 00460: 147 , 21.70 , 00.30 || 1708514134, 17.602349974926 , 78.126601175242, 0.01 , 0.01 ,22.09 , 9.65 , 1.00 , 0.45 , 359.21
2024-02-21 16:45:34,404 :- 00461: 150 , 21.70 , 00.30 || 1708514134, 17.602349974926 , 78.126601175242, 0.01 , 0.01 ,22.09 , 9.91 , 1.03 , 0.44 , 359.18
2024-02-21 16:45:34,434 :- 00462: 153 , 21.70 , 00.30 || 1708514134, 17.602355569853 , 78.126601145491, 0.01 , 0.01 ,22.27 , 10.05 , 1.05 , 0.45 , 359.16
2024-02-21 16:45:34,464 :- 00463: 156 , 21.70 , 00.30 || 1708514134, 17.602355569853 , 78.126601145491, 0.01 , 0.01 ,22.27 , 10.28 , 1.07 , 0.45 , 359.13
2024-02-21 16:45:34,494 :- 00464: 159 , 21.70 , 00.30 || 1708514134, 17.602355569853 , 78.126601145491, 0.01 , 0.01 ,22.27 , 9.85 , 1.07 , 0.45 , 359.12
2024-02-21 16:45:34,524 :- 00465: 162 , 21.70 , 00.30 || 1708514134, 17.602361172566 , 78.126601116315, 0.01 , 0.01 ,22.34 , 10.55 , 1.09 , 0.49 , 359.08
2024-02-21 16:45:34,554 :- 00466: 165 , 21.80 , 00.30 || 1708514134, 17.602361172566 , 78.126601116315, 0.01 , 0.01 ,22.34 , 10.19 , 1.09 , 0.51 , 359.06
2024-02-21 16:45:34,584 :- 00467: 168 , 21.80 , 00.30 || 1708514134, 17.602361172566 , 78.126601116315, 0.01 , 0.01 ,22.34 , 10.34 , 1.10 , 0.54 , 359.02
2024-02-21 16:45:34,614 :- 00468: 171 , 21.90 , 00.30 || 1708514134, 17.602361172566 , 78.126601116315, 0.01 , 0.01 ,22.47 , 9.47 , 1.10 , 0.57 , 359.00
2024-02-21 16:45:34,644 :- 00469: 174 , 21.90 , 00.30 || 1708514134, 17.602366806332 , 78.126601087696, 0.01 , 0.01 ,22.47 , 9.93 , 1.13 , 0.61 , 358.96
2024-02-21 16:45:34,674 :- 00470: 177 , 21.90 , 00.30 || 1708514134, 17.602366806332 , 78.126601087696, 0.01 , 0.01 ,22.47 , 9.50 , 1.14 , 0.63 , 358.94
2024-02-21 16:45:34,704 :- 00471: 180 , 21.90 , 00.30 || 1708514134, 17.602366806332 , 78.126601087696, 0.01 , 0.01 ,22.47 , 9.43 , 1.15 , 0.64 , 358.91
2024-02-21 16:45:34,734 :- 00472: 183 , 21.90 , 00.30 || 1708514134, 17.602372426519 , 78.126601046065, 0.01 , 0.01 ,22.39 , 9.14 , 1.16 , 0.65 , 358.90
2024-02-21 16:45:34,764 :- 00473: 186 , 21.90 , 00.30 || 1708514134, 17.602372426519 , 78.126601046065, 0.01 , 0.01 ,22.39 , 9.83 , 1.19 , 0.64 , 358.87
2024-02-21 16:45:34,794 :- 00474: 189 , 21.80 , 00.30 || 1708514134, 17.602372426519 , 78.126601046065, 0.01 , 0.01 ,22.39 , 9.42 , 1.19 , 0.63 , 358.86
2024-02-21 16:45:34,824 :- 00475: 192 , 21.80 , 00.30 || 1708514134, 17.602377992909 , 78.126600941453, 0.00 , 0.00 ,22.22 , 9.67 , 1.16 , 0.65 , 358.82
2024-02-21 16:45:34,854 :- 00476: 195 , 21.80 , 00.30 || 1708514134, 17.602377992909 , 78.126600941453, 0.00 , 0.00 ,22.22 , 9.46 , 1.15 , 0.64 , 358.80
2024-02-21 16:45:34,884 :- 00477: 198 , 21.80 , 00.30 || 1708514134, 17.602377992909 , 78.126600941453, 0.00 , 0.00 ,22.22 , 9.87 , 1.13 , 0.63 , 358.76
2024-02-21 16:45:34,914 :- 00478: 201 , 21.70 , 00.30 || 1708514134, 17.602377992909 , 78.126600941453, 0.00 , 0.00 ,22.25 , 9.96 , 1.13 , 0.61 , 358.75
2024-02-21 16:45:34,944 :- 00479: 204 , 21.70 , 00.30 || 1708514134, 17.602383587150 , 78.126600867675, 0.00 , 0.00 ,22.25 , 10.12 , 1.15 , 0.61 , 358.71
2024-02-21 16:45:34,974 :- 00480: 207 , 21.70 , 00.30 || 1708514134, 17.602383587150 , 78.126600867675, 0.00 , 0.00 ,22.25 , 9.95 , 1.15 , 0.61 , 358.69
2024-02-21 16:45:35,004 :- 00481: 210 , 21.70 , 00.30 || 1708514135, 17.602383587150 , 78.126600867675, 0.00 , 0.00 ,22.25 , 10.03 , 1.19 , 0.61 , 358.66
2024-02-21 16:45:35,034 :- 00482: 213 , 21.70 , 00.30 || 1708514135, 17.602389167077 , 78.126600786886, 0.00 , 0.01 ,22.27 , 9.97 , 1.21 , 0.62 , 358.64
2024-02-21 16:45:35,064 :- 00483: 216 , 21.70 , 00.30 || 1708514135, 17.602389167077 , 78.126600786886, 0.00 , 0.01 ,22.27 , 10.21 , 1.24 , 0.63 , 358.61
2024-02-21 16:45:35,094 :- 00484: 219 , 21.60 , 00.30 || 1708514135, 17.602389167077 , 78.126600786886, 0.00 , 0.01 ,22.27 , 10.10 , 1.25 , 0.65 , 358.59
2024-02-21 16:45:35,124 :- 00485: 222 , 21.60 , 00.30 || 1708514135, 17.602394728903 , 78.126600715194, 0.01 , 0.01 ,22.19 , 9.82 , 1.27 , 0.68 , 358.56
2024-02-21 16:45:35,154 :- 00486: 225 , 21.60 , 00.30 || 1708514135, 17.602394728903 , 78.126600715194, 0.01 , 0.01 ,22.19 , 9.59 , 1.29 , 0.69 , 358.54
2024-02-21 16:45:35,184 :- 00487: 228 , 21.60 , 00.30 || 1708514135, 17.602394728903 , 78.126600715194, 0.01 , 0.01 ,22.19 , 9.52 , 1.33 , 0.71 , 358.51
2024-02-21 16:45:35,214 :- 00488: 231 , 21.60 , 00.30 || 1708514135, 17.602394728903 , 78.126600715194, 0.01 , 0.01 ,22.08 , 9.79 , 1.36 , 0.71 , 358.49
2024-02-21 16:45:35,244 :- 00489: 234 , 21.60 , 00.30 || 1708514135, 17.602400279903 , 78.126600641659, 0.01 , 0.01 ,22.08 , 9.69 , 1.41 , 0.71 , 358.46
2024-02-21 16:45:35,274 :- 00490: 237 , 21.60 , 00.30 || 1708514135, 17.602400279903 , 78.126600641659, 0.01 , 0.01 ,22.08 , 9.62 , 1.44 , 0.71 , 358.44
2024-02-21 16:45:35,304 :- 00491: 240 , 21.60 , 00.30 || 1708514135, 17.602400279903 , 78.126600641659, 0.01 , 0.01 ,22.08 , 9.63 , 1.50 , 0.70 , 358.42
2024-02-21 16:45:35,334 :- 00492: 243 , 21.60 , 00.30 || 1708514135, 17.602405804734 , 78.126600574661, 0.01 , 0.01 ,21.94 , 9.54 , 1.52 , 0.69 , 358.40
2024-02-21 16:45:35,364 :- 00493: 246 , 21.50 , 00.30 || 1708514135, 17.602405804734 , 78.126600574661, 0.01 , 0.01 ,21.94 , 9.78 , 1.55 , 0.67 , 358.37
2024-02-21 16:45:35,394 :- 00494: 249 , 21.50 , 00.30 || 1708514135, 17.602405804734 , 78.126600574661, 0.01 , 0.01 ,21.94 , 9.59 , 1.55 , 0.67 , 358.35
2024-02-21 16:45:35,424 :- 00495: 252 , 21.50 , 00.30 || 1708514135, 17.602411316882 , 78.126600484148, 0.01 , 0.01 ,21.96 , 10.15 , 1.55 , 0.64 , 358.32
2024-02-21 16:45:35,454 :- 00496: 255 , 21.50 , 00.30 || 1708514135, 17.602411316882 , 78.126600484148, 0.01 , 0.01 ,21.96 , 9.79 , 1.54 , 0.65 , 358.30
2024-02-21 16:45:35,484 :- 00497: 002 , 21.40 , 00.30 || 1708514135, 17.602411316882 , 78.126600484148, 0.01 , 0.01 ,21.96 , 9.98 , 1.54 , 0.66 , 358.26
2024-02-21 16:45:35,514 :- 00498: 005 , 21.40 , 00.30 || 1708514135, 17.602411316882 , 78.126600484148, 0.01 , 0.01 ,21.90 , 9.84 , 1.54 , 0.67 , 358.25
2024-02-21 16:45:35,544 :- 00499: 008 , 21.40 , 00.30 || 1708514135, 17.602416814622 , 78.126600359980, 0.01 , 0.01 ,21.90 , 9.82 , 1.56 , 0.69 , 358.21
2024-02-21 16:45:35,574 :- 00500: 011 , 21.40 , 00.30 || 1708514135, 17.602416814622 , 78.126600359980, 0.01 , 0.01 ,21.90 , 9.83 , 1.57 , 0.70 , 358.19
2024-02-21 16:45:35,604 :- 00501: 014 , 21.40 , 00.30 || 1708514135, 17.602416814622 , 78.126600359980, 0.01 , 0.01 ,21.90 , 9.68 , 1.60 , 0.70 , 358.16
2024-02-21 16:45:35,634 :- 00502: 017 , 21.30 , 00.30 || 1708514135, 17.602422308517 , 78.126600238336, 0.01 , 0.01 ,21.88 , 10.09 , 1.63 , 0.70 , 358.14
2024-02-21 16:45:35,654 :- 00503: 019 , 21.30 , 00.30 || 1708514135, 17.602422308517 , 78.126600238336, 0.01 , 0.01 ,21.88 , 9.87 , 1.64 , 0.70 , 358.12
2024-02-21 16:45:35,684 :- 00504: 022 , 21.30 , 00.30 || 1708514135, 17.602422308517 , 78.126600238336, 0.01 , 0.01 ,21.88 , 9.80 , 1.66 , 0.70 , 358.08
2024-02-21 16:45:35,714 :- 00505: 025 , 21.30 , 00.30 || 1708514135, 17.602422308517 , 78.126600238336, 0.01 , 0.01 ,21.87 , 9.86 , 1.67 , 0.70 , 358.06
2024-02-21 16:45:35,744 :- 00506: 028 , 21.30 , 00.20 || 1708514135, 17.602427781476 , 78.126600129130, 0.01 , 0.01 ,21.87 , 9.83 , 1.69 , 0.71 , 358.02
2024-02-21 16:45:35,774 :- 00507: 031 , 21.30 , 00.20 || 1708514135, 17.602427781476 , 78.126600129130, 0.01 , 0.01 ,21.87 , 9.92 , 1.69 , 0.70 , 358.00
2024-02-21 16:45:35,804 :- 00508: 034 , 21.30 , 00.20 || 1708514135, 17.602427781476 , 78.126600129130, 0.01 , 0.01 ,21.87 , 9.79 , 1.70 , 0.70 , 357.97
2024-02-21 16:45:35,834 :- 00509: 037 , 21.30 , 00.20 || 1708514135, 17.602433259352 , 78.126600002559, 0.01 , 0.01 ,21.83 , 9.57 , 1.70 , 0.71 , 357.95
2024-02-21 16:45:35,864 :- 00510: 040 , 21.30 , 00.20 || 1708514135, 17.602433259352 , 78.126600002559, 0.01 , 0.01 ,21.83 , 9.39 , 1.70 , 0.72 , 357.93
2024-02-21 16:45:35,894 :- 00511: 043 , 21.30 , 00.10 || 1708514135, 17.602433259352 , 78.126600002559, 0.01 , 0.01 ,21.83 , 9.78 , 1.71 , 0.71 , 357.92
2024-02-21 16:45:35,924 :- 00512: 046 , 21.30 , 00.10 || 1708514135, 17.602438727418 , 78.126599846524, 0.01 , 0.01 ,21.76 , 9.69 , 1.69 , 0.70 , 357.90
2024-02-21 16:45:35,954 :- 00513: 049 , 21.30 , 00.10 || 1708514135, 17.602438727418 , 78.126599846524, 0.01 , 0.01 ,21.76 , 9.83 , 1.68 , 0.71 , 357.89
2024-02-21 16:45:35,984 :- 00514: 052 , 21.30 , 00.00 || 1708514135, 17.602438727418 , 78.126599846524, 0.01 , 0.01 ,21.76 , 9.88 , 1.65 , 0.70 , 357.87
2024-02-21 16:45:36,014 :- 00515: 055 , 21.20 , 00.00 || 1708514136, 17.602438727418 , 78.126599846524, 0.01 , 0.01 ,21.76 , 9.96 , 1.63 , 0.69 , 357.86
2024-02-21 16:45:36,044 :- 00516: 058 , 21.20 , -0.00 || 1708514136, 17.602444172430 , 78.126599666281, 0.01 , 0.01 ,21.69 , 9.64 , 1.57 , 0.70 , 357.84
2024-02-21 16:45:36,074 :- 00517: 061 , 21.20 , -0.10 || 1708514136, 17.602444172430 , 78.126599666281, 0.01 , 0.01 ,21.69 , 9.73 , 1.55 , 0.70 , 357.83
2024-02-21 16:45:36,104 :- 00518: 064 , 21.20 , -0.10 || 1708514136, 17.602444172430 , 78.126599666281, 0.01 , 0.01 ,21.69 , 10.12 , 1.53 , 0.69 , 357.82
2024-02-21 16:45:36,134 :- 00519: 067 , 21.20 , -0.10 || 1708514136, 17.602449607561 , 78.126599460183, 0.01 , 0.01 ,21.61 , 9.77 , 1.50 , 0.69 , 357.81
2024-02-21 16:45:36,164 :- 00520: 070 , 21.20 , -0.10 || 1708514136, 17.602449607561 , 78.126599460183, 0.01 , 0.01 ,21.61 , 10.12 , 1.48 , 0.71 , 357.81
2024-02-21 16:45:36,194 :- 00521: 073 , 21.20 , -0.10 || 1708514136, 17.602449607561 , 78.126599460183, 0.01 , 0.01 ,21.61 , 9.72 , 1.46 , 0.71 , 357.81
2024-02-21 16:45:36,224 :- 00522: 076 , 21.20 , -0.10 || 1708514136, 17.602455059755 , 78.126599274413, 0.01 , 0.01 ,21.75 , 9.87 , 1.46 , 0.73 , 357.81
2024-02-21 16:45:36,254 :- 00523: 079 , 21.20 , -0.10 || 1708514136, 17.602455059755 , 78.126599274413, 0.01 , 0.01 ,21.75 , 9.78 , 1.46 , 0.73 , 357.82
2024-02-21 16:45:36,284 :- 00524: 082 , 21.20 , -0.10 || 1708514136, 17.602455059755 , 78.126599274413, 0.01 , 0.01 ,21.75 , 9.91 , 1.46 , 0.75 , 357.82
2024-02-21 16:45:36,314 :- 00525: 085 , 21.20 , -0.10 || 1708514136, 17.602455059755 , 78.126599274413, 0.01 , 0.01 ,21.64 , 9.89 , 1.45 , 0.75 , 357.82
2024-02-21 16:45:36,344 :- 00526: 088 , 21.20 , -0.10 || 1708514136, 17.602460496890 , 78.126599115516, 0.01 , 0.01 ,21.64 , 9.59 , 1.43 , 0.75 , 357.82
2024-02-21 16:45:36,374 :- 00527: 091 , 21.10 , -0.10 || 1708514136, 17.602460496890 , 78.126599115516, 0.01 , 0.01 ,21.64 , 10.16 , 1.41 , 0.76 , 357.82
2024-02-21 16:45:36,404 :- 00528: 094 , 21.10 , -0.10 || 1708514136, 17.602460496890 , 78.126599115516, 0.01 , 0.01 ,21.64 , 9.76 , 1.39 , 0.77 , 357.82
2024-02-21 16:45:36,434 :- 00529: 097 , 21.10 , -0.20 || 1708514136, 17.602465906882 , 78.126598923263, 0.01 , 0.01 ,21.53 , 9.67 , 1.38 , 0.78 , 357.82
2024-02-21 16:45:36,464 :- 00530: 100 , 21.10 , -0.20 || 1708514136, 17.602465906882 , 78.126598923263, 0.01 , 0.01 ,21.53 , 9.89 , 1.37 , 0.83 , 357.82
2024-02-21 16:45:36,494 :- 00531: 103 , 21.00 , -0.20 || 1708514136, 17.602465906882 , 78.126598923263, 0.01 , 0.01 ,21.53 , 9.89 , 1.36 , 0.83 , 357.83
