2024-02-21 16:47:05,757 :- 00001: Feedback Code Starting
2024-02-21 16:47:05,783 :- 00002: 072 , 30.00 , -0.20 || 1708514225, 17.601646350774 , 78.126609670123, 0.01 , 0.01 ,26.90 , 9.96 , 1.02 , 0.11 , 358.68
2024-02-21 16:47:05,812 :- 00003: 075 , 30.00 , -0.20 || 1708514225, 17.601646350774 , 78.126609670123, 0.01 , 0.01 ,27.15 , 10.22 , 1.02 , 0.12 , 358.68
2024-02-21 16:47:05,842 :- 00004: 078 , 30.00 , -0.20 || 1708514225, 17.601653144132 , 78.126609553353, 0.01 , 0.01 ,27.15 , 9.86 , 0.99 , 0.12 , 358.69
2024-02-21 16:47:05,872 :- 00005: 081 , 30.00 , -0.20 || 1708514225, 17.601653144132 , 78.126609553353, 0.01 , 0.01 ,27.15 , 10.24 , 0.98 , 0.14 , 358.69
2024-02-21 16:47:05,903 :- 00006: 084 , 30.00 , -0.20 || 1708514225, 17.601653144132 , 78.126609553353, 0.01 , 0.01 ,27.15 , 9.41 , 0.97 , 0.19 , 358.69
2024-02-21 16:47:05,932 :- 00007: 087 , 30.00 , -0.20 || 1708514225, 17.601660004944 , 78.126609411425, 0.01 , 0.01 ,27.40 , 10.10 , 0.97 , 0.18 , 358.70
2024-02-21 16:47:05,962 :- 00008: 090 , 30.00 , -0.60 || 1708514225, 17.601660004944 , 78.126609411425, 0.01 , 0.01 ,27.40 , 9.66 , 0.96 , 0.22 , 358.70
2024-02-21 16:47:05,992 :- 00009: 093 , 30.00 , -0.70 || 1708514225, 17.601660004944 , 78.126609411425, 0.01 , 0.01 ,27.40 , 9.78 , 0.96 , 0.25 , 358.70
2024-02-21 16:47:06,022 :- 00010: 096 , 30.00 , -0.70 || 1708514226, 17.601660004944 , 78.126609411425, 0.01 , 0.01 ,27.64 , 9.58 , 0.93 , 0.27 , 358.71
2024-02-21 16:47:06,052 :- 00011: 099 , 30.00 , -0.70 || 1708514226, 17.601666931903 , 78.126609284493, 0.01 , 0.01 ,27.64 , 9.75 , 0.94 , 0.31 , 358.71
2024-02-21 16:47:06,082 :- 00012: 102 , 30.00 , -0.80 || 1708514226, 17.601666931903 , 78.126609284493, 0.01 , 0.01 ,27.64 , 10.04 , 0.94 , 0.35 , 358.71
2024-02-21 16:47:06,112 :- 00013: 105 , 30.00 , -0.80 || 1708514226, 17.601666931903 , 78.126609284493, 0.01 , 0.01 ,27.89 , 9.29 , 0.93 , 0.36 , 358.72
2024-02-21 16:47:06,142 :- 00014: 108 , 30.00 , -0.80 || 1708514226, 17.601673918722 , 78.126609163285, 0.01 , 0.01 ,27.89 , 9.96 , 0.95 , 0.41 , 358.73
2024-02-21 16:47:06,172 :- 00015: 111 , 30.00 , -0.90 || 1708514226, 17.601673918722 , 78.126609163285, 0.01 , 0.01 ,27.89 , 9.24 , 0.94 , 0.41 , 358.74
2024-02-21 16:47:06,202 :- 00016: 114 , 30.00 , -0.90 || 1708514226, 17.601673918722 , 78.126609163285, 0.01 , 0.01 ,27.89 , 9.48 , 0.93 , 0.41 , 358.78
2024-02-21 16:47:06,232 :- 00017: 117 , 30.00 , -0.90 || 1708514226, 17.601680976338 , 78.126609042130, 0.01 , 0.01 ,28.13 , 10.06 , 0.93 , 0.42 , 358.80
2024-02-21 16:47:06,262 :- 00018: 120 , 30.00 , -0.90 || 1708514226, 17.601680976338 , 78.126609042130, 0.01 , 0.01 ,28.13 , 9.48 , 0.91 , 0.40 , 358.86
2024-02-21 16:47:06,292 :- 00019: 123 , 30.00 , -1.00 || 1708514226, 17.601680976338 , 78.126609042130, 0.01 , 0.01 ,28.13 , 9.68 , 0.89 , 0.40 , 358.90
2024-02-21 16:47:06,322 :- 00020: 126 , 30.00 , -1.00 || 1708514226, 17.601688074919 , 78.126608921925, 0.01 , 0.01 ,28.37 , 9.66 , 0.87 , 0.38 , 358.97
2024-02-21 16:47:06,352 :- 00021: 129 , 30.00 , -1.00 || 1708514226, 17.601688074919 , 78.126608921925, 0.01 , 0.01 ,28.37 , 9.64 , 0.85 , 0.36 , 359.01
2024-02-21 16:47:06,382 :- 00022: 132 , 30.00 , -0.70 || 1708514226, 17.601688074919 , 78.126608921925, 0.01 , 0.01 ,28.37 , 9.83 , 0.82 , 0.33 , 359.10
2024-02-21 16:47:06,412 :- 00023: 135 , 30.00 , -0.70 || 1708514226, 17.601688074919 , 78.126608921925, 0.01 , 0.01 ,28.52 , 9.89 , 0.82 , 0.30 , 359.16
2024-02-21 16:47:06,442 :- 00024: 138 , 30.00 , -0.70 || 1708514226, 17.601695211631 , 78.126608818359, 0.01 , 0.01 ,28.52 , 9.50 , 0.79 , 0.25 , 359.27
2024-02-21 16:47:06,473 :- 00025: 141 , 30.00 , -0.30 || 1708514226, 17.601695211631 , 78.126608818359, 0.01 , 0.01 ,28.52 , 10.22 , 0.80 , 0.24 , 359.33
2024-02-21 16:47:06,503 :- 00026: 144 , 30.00 , -0.20 || 1708514226, 17.601695211631 , 78.126608818359, 0.01 , 0.01 ,28.52 , 10.13 , 0.80 , 0.17 , 359.46
2024-02-21 16:47:06,532 :- 00027: 147 , 30.00 , -0.20 || 1708514226, 17.601702406726 , 78.126608766742, 0.01 , 0.01 ,28.76 , 10.07 , 0.81 , 0.17 , 359.51
2024-02-21 16:47:06,562 :- 00028: 150 , 30.00 , -0.20 || 1708514226, 17.601702406726 , 78.126608766742, 0.01 , 0.01 ,28.76 , 9.88 , 0.86 , 0.15 , 359.61
2024-02-21 16:47:06,593 :- 00029: 153 , 30.00 , -0.20 || 1708514226, 17.601702406726 , 78.126608766742, 0.01 , 0.01 ,28.76 , 10.33 , 0.90 , 0.13 , 359.65
2024-02-21 16:47:06,622 :- 00030: 156 , 30.00 , -0.20 || 1708514226, 17.601709770336 , 78.126608673561, 0.01 , 0.01 ,29.11 , 10.27 , 0.99 , 0.14 , 359.70
2024-02-21 16:47:06,652 :- 00031: 159 , 30.00 , -0.20 || 1708514226, 17.601709770336 , 78.126608673561, 0.01 , 0.01 ,29.11 , 10.08 , 1.02 , 0.13 , 359.72
2024-02-21 16:47:06,682 :- 00032: 162 , 30.00 , -0.20 || 1708514226, 17.601709770336 , 78.126608673561, 0.01 , 0.01 ,29.11 , 10.24 , 1.13 , 0.16 , 359.71
2024-02-21 16:47:06,712 :- 00033: 165 , 30.00 , -0.20 || 1708514226, 17.601709770336 , 78.126608673561, 0.01 , 0.01 ,29.49 , 9.71 , 1.16 , 0.17 , 359.70
2024-02-21 16:47:06,742 :- 00034: 168 , 30.00 , -0.20 || 1708514226, 17.601717149839 , 78.126608777092, 0.01 , 0.01 ,29.49 , 10.14 , 1.22 , 0.20 , 359.66
2024-02-21 16:47:06,772 :- 00035: 171 , 30.00 , -0.10 || 1708514226, 17.601717149839 , 78.126608777092, 0.01 , 0.01 ,29.49 , 9.61 , 1.24 , 0.23 , 359.64
2024-02-21 16:47:06,802 :- 00036: 174 , 30.00 , -0.10 || 1708514226, 17.601717149839 , 78.126608777092, 0.01 , 0.01 ,29.49 , 10.07 , 1.27 , 0.25 , 359.60
2024-02-21 16:47:06,832 :- 00037: 177 , 30.00 , -0.10 || 1708514226, 17.601724590478 , 78.126608835011, 0.01 , 0.01 ,29.70 , 9.39 , 1.26 , 0.29 , 359.59
2024-02-21 16:47:06,862 :- 00038: 180 , 30.00 , -0.10 || 1708514226, 17.601724590478 , 78.126608835011, 0.01 , 0.01 ,29.70 , 9.68 , 1.25 , 0.32 , 359.58
2024-02-21 16:47:06,892 :- 00039: 183 , 30.00 , -0.10 || 1708514226, 17.601724590478 , 78.126608835011, 0.01 , 0.01 ,29.70 , 9.72 , 1.24 , 0.33 , 359.58
2024-02-21 16:47:06,922 :- 00040: 186 , 30.00 , -0.10 || 1708514226, 17.601732084133 , 78.126608798814, 0.01 , 0.01 ,29.94 , 9.20 , 1.20 , 0.36 , 359.60
2024-02-21 16:47:06,952 :- 00041: 189 , 30.00 , -0.10 || 1708514226, 17.601732084133 , 78.126608798814, 0.01 , 0.01 ,29.94 , 9.54 , 1.18 , 0.34 , 359.61
2024-02-21 16:47:06,982 :- 00042: 192 , 30.00 , -0.10 || 1708514226, 17.601732084133 , 78.126608798814, 0.01 , 0.01 ,29.94 , 9.13 , 1.14 , 0.35 , 359.62
2024-02-21 16:47:07,012 :- 00043: 195 , 30.00 , -0.10 || 1708514227, 17.601732084133 , 78.126608798814, 0.01 , 0.01 ,29.94 , 9.91 , 1.12 , 0.32 , 359.63
2024-02-21 16:47:07,042 :- 00044: 198 , 30.00 , -0.10 || 1708514227, 17.601739635002 , 78.126608751889, 0.01 , 0.01 ,30.16 , 9.60 , 1.04 , 0.30 , 359.63
2024-02-21 16:47:07,072 :- 00045: 201 , 30.00 , -0.10 || 1708514227, 17.601739635002 , 78.126608751889, 0.01 , 0.01 ,30.16 , 9.86 , 1.00 , 0.28 , 359.63
2024-02-21 16:47:07,102 :- 00046: 204 , 30.00 , -0.10 || 1708514227, 17.601739635002 , 78.126608751889, 0.01 , 0.01 ,30.16 , 9.68 , 0.93 , 0.25 , 359.62
2024-02-21 16:47:07,132 :- 00047: 207 , 30.00 , -0.10 || 1708514227, 17.601747220076 , 78.126608694593, 0.01 , 0.01 ,30.27 , 9.94 , 0.90 , 0.24 , 359.62
2024-02-21 16:47:07,162 :- 00048: 210 , 30.00 , -0.10 || 1708514227, 17.601747220076 , 78.126608694593, 0.01 , 0.01 ,30.27 , 9.97 , 0.87 , 0.20 , 359.60
2024-02-21 16:47:07,192 :- 00049: 213 , 30.00 , -0.00 || 1708514227, 17.601747220076 , 78.126608694593, 0.01 , 0.01 ,30.27 , 9.98 , 0.87 , 0.19 , 359.60
2024-02-21 16:47:07,222 :- 00050: 216 , 30.00 , -0.00 || 1708514227, 17.601754886574 , 78.126608636883, 0.01 , 0.01 ,30.60 , 10.18 , 0.86 , 0.15 , 359.58
2024-02-21 16:47:07,252 :- 00051: 219 , 30.00 , -0.00 || 1708514227, 17.601754886574 , 78.126608636883, 0.01 , 0.01 ,30.60 , 9.87 , 0.88 , 0.14 , 359.57
2024-02-21 16:47:07,282 :- 00052: 222 , 30.00 , -0.00 || 1708514227, 17.601754886574 , 78.126608636883, 0.01 , 0.01 ,30.60 , 10.25 , 0.92 , 0.12 , 359.55
2024-02-21 16:47:07,312 :- 00053: 225 , 30.00 , -0.00 || 1708514227, 17.601754886574 , 78.126608636883, 0.01 , 0.01 ,30.89 , 10.08 , 0.94 , 0.13 , 359.54
2024-02-21 16:47:07,342 :- 00054: 228 , 30.00 , -0.00 || 1708514227, 17.601762624209 , 78.126608652633, 0.01 , 0.01 ,30.89 , 10.36 , 0.97 , 0.14 , 359.52
2024-02-21 16:47:07,372 :- 00055: 231 , 30.00 , -0.00 || 1708514227, 17.601762624209 , 78.126608652633, 0.01 , 0.01 ,30.89 , 9.70 , 0.99 , 0.14 , 359.51
2024-02-21 16:47:07,402 :- 00056: 234 , 30.00 , 00.00 || 1708514227, 17.601762624209 , 78.126608652633, 0.01 , 0.01 ,30.89 , 9.93 , 1.04 , 0.19 , 359.50
2024-02-21 16:47:07,432 :- 00057: 237 , 30.00 , 00.00 || 1708514227, 17.601770450652 , 78.126608652190, 0.01 , 0.01 ,31.26 , 9.84 , 1.07 , 0.19 , 359.49
2024-02-21 16:47:07,462 :- 00058: 240 , 30.00 , 00.00 || 1708514227, 17.601770450652 , 78.126608652190, 0.01 , 0.01 ,31.26 , 9.93 , 1.14 , 0.23 , 359.47
2024-02-21 16:47:07,492 :- 00059: 243 , 30.00 , 00.00 || 1708514227, 17.601770450652 , 78.126608652190, 0.01 , 0.01 ,31.26 , 9.69 , 1.17 , 0.25 , 359.45
2024-02-21 16:47:07,522 :- 00060: 246 , 30.00 , 00.00 || 1708514227, 17.601778353131 , 78.126608685172, 0.01 , 0.01 ,31.51 , 10.16 , 1.27 , 0.28 , 359.43
2024-02-21 16:47:07,552 :- 00061: 249 , 30.00 , 00.00 || 1708514227, 17.601778353131 , 78.126608685172, 0.01 , 0.01 ,31.51 , 9.26 , 1.27 , 0.29 , 359.42
2024-02-21 16:47:07,582 :- 00062: 252 , 30.00 , 00.10 || 1708514227, 17.601778353131 , 78.126608685172, 0.01 , 0.01 ,31.51 , 9.38 , 1.29 , 0.29 , 359.39
2024-02-21 16:47:07,612 :- 00063: 255 , 30.00 , 00.10 || 1708514227, 17.601778353131 , 78.126608685172, 0.01 , 0.01 ,31.80 , 9.62 , 1.31 , 0.29 , 359.37
2024-02-21 16:47:07,642 :- 00064: 002 , 30.00 , 00.10 || 1708514227, 17.601786316658 , 78.126608708977, 0.01 , 0.01 ,31.80 , 9.44 , 1.41 , 0.26 , 359.35
2024-02-21 16:47:07,672 :- 00065: 005 , 30.00 , 00.10 || 1708514227, 17.601786316658 , 78.126608708977, 0.01 , 0.01 ,31.80 , 9.50 , 1.41 , 0.23 , 359.34
2024-02-21 16:47:07,702 :- 00066: 008 , 30.00 , 00.20 || 1708514227, 17.601786316658 , 78.126608708977, 0.01 , 0.01 ,31.80 , 9.60 , 1.46 , 0.20 , 359.31
2024-02-21 16:47:07,742 :- 00067: 012 , 30.00 , 00.20 || 1708514227, 17.601794299449 , 78.126608693135, 0.01 , 0.01 ,31.83 , 10.40 , 1.51 , 0.13 , 359.29
2024-02-21 16:47:07,772 :- 00068: 015 , 30.00 , 00.20 || 1708514227, 17.601794299449 , 78.126608693135, 0.01 , 0.01 ,31.83 , 9.81 , 1.53 , 0.14 , 359.28
2024-02-21 16:47:07,802 :- 00069: 018 , 30.00 , 00.70 || 1708514227, 17.601794299449 , 78.126608693135, 0.01 , 0.01 ,31.83 , 9.98 , 1.56 , 0.10 , 359.25
2024-02-21 16:47:07,832 :- 00070: 021 , 30.00 , 00.70 || 1708514227, 17.601802356382 , 78.126608647113, 0.01 , 0.01 ,32.23 , 10.33 , 1.55 , 0.08 , 359.24
2024-02-21 16:47:07,862 :- 00071: 024 , 30.00 , 00.70 || 1708514227, 17.601802356382 , 78.126608647113, 0.01 , 0.01 ,32.23 , 9.77 , 1.52 , 0.08 , 359.21
2024-02-21 16:47:07,892 :- 00072: 027 , 30.00 , 00.30 || 1708514227, 17.601802356382 , 78.126608647113, 0.01 , 0.01 ,32.23 , 10.57 , 1.51 , 0.05 , 359.19
2024-02-21 16:47:07,922 :- 00073: 030 , 30.00 , 00.20 || 1708514227, 17.601810507371 , 78.126608579951, 0.01 , 0.01 ,32.55 , 9.96 , 1.45 , 0.06 , 359.16
2024-02-21 16:47:07,952 :- 00074: 033 , 30.00 , 00.20 || 1708514227, 17.601810507371 , 78.126608579951, 0.01 , 0.01 ,32.55 , 9.96 , 1.43 , 0.08 , 359.14
2024-02-21 16:47:07,982 :- 00075: 036 , 30.00 , 00.20 || 1708514227, 17.601810507371 , 78.126608579951, 0.01 , 0.01 ,32.55 , 10.56 , 1.42 , 0.09 , 359.09
2024-02-21 16:47:08,012 :- 00076: 039 , 30.00 , 00.20 || 1708514228, 17.601810507371 , 78.126608579951, 0.01 , 0.01 ,32.55 , 9.07 , 1.41 , 0.10 , 359.07
2024-02-21 16:47:08,042 :- 00077: 042 , 30.00 , 00.20 || 1708514228, 17.601818719920 , 78.126608476409, 0.01 , 0.01 ,32.81 , 9.16 , 1.42 , 0.15 , 359.00
2024-02-21 16:47:08,072 :- 00078: 045 , 30.00 , 00.20 || 1708514228, 17.601818719920 , 78.126608476409, 0.01 , 0.01 ,32.81 , 10.78 , 1.46 , 0.17 , 358.97
2024-02-21 16:47:08,102 :- 00079: 048 , 30.00 , 00.80 || 1708514228, 17.601818719920 , 78.126608476409, 0.01 , 0.01 ,32.81 , 9.70 , 1.44 , 0.25 , 358.90
2024-02-21 16:47:08,132 :- 00080: 051 , 30.00 , 00.80 || 1708514228, 17.601827035628 , 78.126608395429, 0.01 , 0.01 ,33.17 , 10.43 , 1.45 , 0.31 , 358.86
2024-02-21 16:47:08,162 :- 00081: 054 , 30.00 , 00.80 || 1708514228, 17.601827035628 , 78.126608395429, 0.01 , 0.01 ,33.17 , 9.41 , 1.49 , 0.38 , 358.81
2024-02-21 16:47:08,192 :- 00082: 057 , 30.00 , 00.40 || 1708514228, 17.601827035628 , 78.126608395429, 0.01 , 0.01 ,33.17 , 8.83 , 1.48 , 0.44 , 358.80
2024-02-21 16:47:08,222 :- 00083: 060 , 30.00 , 00.20 || 1708514228, 17.601835357692 , 78.126608560157, 0.01 , 0.01 ,33.58 , 9.56 , 1.61 , 0.52 , 358.75
2024-02-21 16:47:08,252 :- 00084: 063 , 30.00 , 00.20 || 1708514228, 17.601835357692 , 78.126608560157, 0.01 , 0.01 ,33.58 , 9.61 , 1.67 , 0.50 , 358.73
2024-02-21 16:47:08,282 :- 00085: 066 , 30.00 , 00.20 || 1708514228, 17.601835357692 , 78.126608560157, 0.01 , 0.01 ,33.58 , 9.08 , 1.76 , 0.52 , 358.68
2024-02-21 16:47:08,312 :- 00086: 069 , 30.00 , 00.90 || 1708514228, 17.601835357692 , 78.126608560157, 0.01 , 0.01 ,33.65 , 9.39 , 1.79 , 0.52 , 358.64
2024-02-21 16:47:08,342 :- 00087: 072 , 30.00 , 00.90 || 1708514228, 17.601843783474 , 78.126608480440, 0.01 , 0.01 ,33.65 , 8.83 , 1.79 , 0.48 , 358.57
2024-02-21 16:47:08,372 :- 00088: 075 , 30.00 , 00.90 || 1708514228, 17.601843783474 , 78.126608480440, 0.01 , 0.01 ,33.65 , 9.54 , 1.77 , 0.45 , 358.54
2024-02-21 16:47:08,402 :- 00089: 078 , 30.00 , 01.20 || 1708514228, 17.601843783474 , 78.126608480440, 0.01 , 0.01 ,33.65 , 9.88 , 1.78 , 0.46 , 358.47
2024-02-21 16:47:08,432 :- 00090: 081 , 30.00 , 01.20 || 1708514228, 17.601852254755 , 78.126608339426, 0.01 , 0.01 ,33.90 , 8.90 , 1.77 , 0.39 , 358.43
2024-02-21 16:47:08,462 :- 00091: 084 , 30.00 , 01.20 || 1708514228, 17.601852254755 , 78.126608339426, 0.01 , 0.01 ,33.90 , 11.26 , 1.89 , 0.39 , 358.35
2024-02-21 16:47:08,492 :- 00092: 087 , 30.00 , 00.90 || 1708514228, 17.601852254755 , 78.126608339426, 0.01 , 0.01 ,33.90 , 10.31 , 1.91 , 0.40 , 358.31
2024-02-21 16:47:08,522 :- 00093: 090 , 30.00 , 00.20 || 1708514228, 17.601860803977 , 78.126608173619, 0.01 , 0.01 ,34.19 , 10.94 , 2.00 , 0.38 , 358.22
2024-02-21 16:47:08,552 :- 00094: 093 , 30.00 , 00.20 || 1708514228, 17.601860803977 , 78.126608173619, 0.01 , 0.01 ,34.19 , 9.89 , 2.01 , 0.43 , 358.17
2024-02-21 16:47:08,582 :- 00095: 096 , 30.00 , 00.20 || 1708514228, 17.601860803977 , 78.126608173619, 0.01 , 0.01 ,34.19 , 10.14 , 2.11 , 0.50 , 358.08
2024-02-21 16:47:08,612 :- 00096: 099 , 30.00 , 00.70 || 1708514228, 17.601860803977 , 78.126608173619, 0.01 , 0.01 ,34.59 , 9.69 , 2.12 , 0.51 , 358.04
2024-02-21 16:47:08,642 :- 00097: 102 , 30.00 , 00.70 || 1708514228, 17.601869462272 , 78.126608041993, 0.01 , 0.01 ,34.59 , 8.98 , 2.13 , 0.58 , 357.95
2024-02-21 16:47:08,672 :- 00098: 105 , 30.00 , 00.70 || 1708514228, 17.601869462272 , 78.126608041993, 0.01 , 0.01 ,34.59 , 9.99 , 2.15 , 0.62 , 357.89
2024-02-21 16:47:08,702 :- 00099: 108 , 33.80 , 00.60 || 1708514228, 17.601869462272 , 78.126608041993, 0.01 , 0.01 ,34.59 , 9.86 , 2.13 , 0.65 , 357.80
2024-02-21 16:47:08,732 :- 00100: 111 , 33.80 , 00.60 || 1708514228, 17.601878194475 , 78.126607776952, 0.01 , 0.01 ,34.83 , 9.56 , 2.08 , 0.68 , 357.75
2024-02-21 16:47:08,762 :- 00101: 114 , 33.90 , 00.50 || 1708514228, 17.601878194475 , 78.126607776952, 0.01 , 0.01 ,34.83 , 9.38 , 2.05 , 0.72 , 357.65
2024-02-21 16:47:08,792 :- 00102: 117 , 34.00 , 00.40 || 1708514228, 17.601878194475 , 78.126607776952, 0.01 , 0.01 ,34.83 , 9.05 , 2.04 , 0.72 , 357.61
2024-02-21 16:47:08,822 :- 00103: 120 , 34.00 , 00.40 || 1708514228, 17.601886964528 , 78.126607434927, 0.01 , 0.01 ,34.96 , 9.80 , 2.02 , 0.71 , 357.52
2024-02-21 16:47:08,852 :- 00104: 123 , 34.10 , 00.30 || 1708514228, 17.601886964528 , 78.126607434927, 0.01 , 0.01 ,34.96 , 9.20 , 2.01 , 0.72 , 357.47
2024-02-21 16:47:08,883 :- 00105: 126 , 34.20 , 00.30 || 1708514228, 17.601886964528 , 78.126607434927, 0.01 , 0.01 ,34.96 , 9.44 , 1.98 , 0.64 , 357.40
2024-02-21 16:47:08,912 :- 00106: 129 , 34.30 , 00.20 || 1708514228, 17.601886964528 , 78.126607434927, 0.01 , 0.01 ,35.12 , 9.32 , 1.97 , 0.61 , 357.37
2024-02-21 16:47:08,942 :- 00107: 132 , 34.30 , 00.20 || 1708514228, 17.601895761022 , 78.126607083752, 0.01 , 0.01 ,35.12 , 10.29 , 1.95 , 0.55 , 357.33
2024-02-21 16:47:08,972 :- 00108: 135 , 34.40 , 00.20 || 1708514228, 17.601895761022 , 78.126607083752, 0.01 , 0.01 ,35.12 , 9.93 , 1.90 , 0.50 , 357.31
2024-02-21 16:47:09,002 :- 00109: 138 , 34.40 , 00.20 || 1708514229, 17.601895761022 , 78.126607083752, 0.01 , 0.01 ,35.12 , 10.44 , 1.83 , 0.48 , 357.27
2024-02-21 16:47:09,032 :- 00110: 141 , 34.40 , 00.10 || 1708514229, 17.601895761022 , 78.126607083752, 0.01 , 0.01 ,35.15 , 10.65 , 1.79 , 0.46 , 357.25
2024-02-21 16:47:09,062 :- 00111: 144 , 34.40 , 00.10 || 1708514229, 17.601904566348 , 78.126606688268, 0.01 , 0.01 ,35.15 , 11.07 , 1.73 , 0.48 , 357.22
2024-02-21 16:47:09,092 :- 00112: 147 , 34.40 , 00.10 || 1708514229, 17.601904566348 , 78.126606688268, 0.01 , 0.01 ,35.15 , 10.17 , 1.71 , 0.51 , 357.21
2024-02-21 16:47:09,122 :- 00113: 150 , 34.50 , 00.10 || 1708514229, 17.601913404966 , 78.126606260776, 0.01 , 0.01 ,35.36 , 9.86 , 1.64 , 0.51 , 357.18
2024-02-21 16:47:09,152 :- 00114: 153 , 34.40 , 00.10 || 1708514229, 17.601913404966 , 78.126606260776, 0.01 , 0.01 ,35.36 , 10.27 , 1.64 , 0.56 , 357.16
2024-02-21 16:47:09,182 :- 00115: 156 , 34.40 , 00.10 || 1708514229, 17.601913404966 , 78.126606260776, 0.01 , 0.01 ,35.36 , 10.50 , 1.63 , 0.64 , 357.13
2024-02-21 16:47:09,212 :- 00116: 159 , 34.40 , 00.10 || 1708514229, 17.601913404966 , 78.126606260776, 0.01 , 0.01 ,35.29 , 9.91 , 1.61 , 0.66 , 357.12
2024-02-21 16:47:09,242 :- 00117: 162 , 34.40 , 00.10 || 1708514229, 17.601922255865 , 78.126605849407, 0.01 , 0.01 ,35.29 , 9.21 , 1.57 , 0.76 , 357.10
2024-02-21 16:47:09,272 :- 00118: 165 , 34.40 , 00.10 || 1708514229, 17.601922255865 , 78.126605849407, 0.01 , 0.01 ,35.29 , 9.71 , 1.57 , 0.80 , 357.09
2024-02-21 16:47:09,302 :- 00119: 168 , 34.40 , 00.10 || 1708514229, 17.601922255865 , 78.126605849407, 0.01 , 0.01 ,35.29 , 9.40 , 1.54 , 0.84 , 357.07
2024-02-21 16:47:09,332 :- 00120: 171 , 34.30 , 00.10 || 1708514229, 17.601931090645 , 78.126605435256, 0.01 , 0.01 ,35.21 , 9.04 , 1.53 , 0.87 , 357.06
2024-02-21 16:47:09,362 :- 00121: 174 , 34.20 , 00.10 || 1708514229, 17.601931090645 , 78.126605435256, 0.01 , 0.01 ,35.21 , 10.40 , 1.54 , 0.89 , 357.04
2024-02-21 16:47:09,392 :- 00122: 177 , 34.20 , 00.10 || 1708514229, 17.601931090645 , 78.126605435256, 0.01 , 0.01 ,35.21 , 8.76 , 1.52 , 0.89 , 357.04
2024-02-21 16:47:09,422 :- 00123: 180 , 34.10 , 00.10 || 1708514229, 17.601939826081 , 78.126605019892, 0.01 , 0.01 ,34.80 , 9.45 , 1.52 , 0.88 , 357.01
2024-02-21 16:47:09,452 :- 00124: 183 , 34.00 , 00.10 || 1708514229, 17.601939826081 , 78.126605019892, 0.01 , 0.01 ,34.80 , 9.46 , 1.54 , 0.89 , 357.00
2024-02-21 16:47:09,482 :- 00125: 186 , 33.90 , 00.10 || 1708514229, 17.601939826081 , 78.126605019892, 0.01 , 0.01 ,34.80 , 9.77 , 1.54 , 0.87 , 356.97
2024-02-21 16:47:09,512 :- 00126: 189 , 33.70 , 00.20 || 1708514229, 17.601939826081 , 78.126605019892, 0.01 , 0.01 ,34.80 , 9.94 , 1.55 , 0.86 , 356.96
2024-02-21 16:47:09,542 :- 00127: 192 , 33.50 , 00.20 || 1708514229, 17.601948465289 , 78.126604622160, 0.01 , 0.01 ,34.31 , 10.17 , 1.55 , 0.89 , 356.93
2024-02-21 16:47:09,572 :- 00128: 195 , 33.40 , 00.30 || 1708514229, 17.601948465289 , 78.126604622160, 0.01 , 0.01 ,34.31 , 10.59 , 1.55 , 0.90 , 356.91
2024-02-21 16:47:09,602 :- 00129: 198 , 33.20 , 00.40 || 1708514229, 17.601948465289 , 78.126604622160, 0.01 , 0.01 ,34.31 , 10.33 , 1.53 , 0.98 , 356.88
2024-02-21 16:47:09,632 :- 00130: 201 , 32.90 , 00.40 || 1708514229, 17.601956959142 , 78.126604205524, 0.01 , 0.01 ,33.72 , 10.33 , 1.52 , 1.04 , 356.85
2024-02-21 16:47:09,662 :- 00131: 204 , 32.70 , 00.50 || 1708514229, 17.601956959142 , 78.126604205524, 0.01 , 0.01 ,33.72 , 10.01 , 1.49 , 1.14 , 356.80
2024-02-21 16:47:09,692 :- 00132: 207 , 32.40 , 00.50 || 1708514229, 17.601956959142 , 78.126604205524, 0.01 , 0.01 ,33.72 , 9.81 , 1.47 , 1.21 , 356.77
2024-02-21 16:47:09,722 :- 00133: 210 , 32.10 , 00.50 || 1708514229, 17.601965260853 , 78.126603757669, 0.01 , 0.01 ,32.89 , 9.72 , 1.45 , 1.29 , 356.69
2024-02-21 16:47:09,752 :- 00134: 213 , 31.70 , 00.50 || 1708514229, 17.601965260853 , 78.126603757669, 0.01 , 0.01 ,32.89 , 9.35 , 1.44 , 1.32 , 356.65
2024-02-21 16:47:09,782 :- 00135: 216 , 31.50 , 00.60 || 1708514229, 17.601965260853 , 78.126603757669, 0.01 , 0.01 ,32.89 , 9.04 , 1.42 , 1.34 , 356.56
2024-02-21 16:47:09,812 :- 00136: 219 , 31.10 , 00.60 || 1708514229, 17.601965260853 , 78.126603757669, 0.01 , 0.01 ,31.33 , 9.48 , 1.44 , 1.34 , 356.52
2024-02-21 16:47:09,842 :- 00137: 222 , 30.80 , 00.60 || 1708514229, 17.601973215787 , 78.126603349798, 0.01 , 0.01 ,31.33 , 9.33 , 1.43 , 1.31 , 356.44
2024-02-21 16:47:09,872 :- 00138: 225 , 30.40 , 00.60 || 1708514229, 17.601973215787 , 78.126603349798, 0.01 , 0.01 ,31.33 , 9.27 , 1.41 , 1.28 , 356.40
2024-02-21 16:47:09,902 :- 00139: 228 , 30.10 , 00.60 || 1708514229, 17.601973215787 , 78.126603349798, 0.01 , 0.01 ,31.33 , 9.43 , 1.44 , 1.20 , 356.32
2024-02-21 16:47:09,932 :- 00140: 231 , 29.70 , 00.60 || 1708514229, 17.601980797703 , 78.126602920814, 0.01 , 0.01 ,29.90 , 9.51 , 1.43 , 1.16 , 356.29
2024-02-21 16:47:09,962 :- 00141: 234 , 29.30 , 00.60 || 1708514229, 17.601980797703 , 78.126602920814, 0.01 , 0.01 ,29.90 , 9.62 , 1.40 , 1.08 , 356.22
2024-02-21 16:47:09,992 :- 00142: 237 , 28.90 , 00.60 || 1708514229, 17.601980797703 , 78.126602920814, 0.01 , 0.01 ,29.90 , 10.47 , 1.38 , 1.05 , 356.18
2024-02-21 16:47:10,022 :- 00143: 240 , 28.60 , 00.70 || 1708514230, 17.601980797703 , 78.126602920814, 0.01 , 0.01 ,29.90 , 10.44 , 1.39 , 1.04 , 356.14
2024-02-21 16:47:10,052 :- 00144: 243 , 28.30 , 00.70 || 1708514230, 17.601988067378 , 78.126602450778, 0.01 , 0.01 ,28.66 , 9.93 , 1.39 , 1.06 , 356.08
2024-02-21 16:47:10,082 :- 00145: 246 , 27.90 , 00.80 || 1708514230, 17.601988067378 , 78.126602450778, 0.01 , 0.01 ,28.66 , 10.36 , 1.43 , 1.09 , 356.00
2024-02-21 16:47:10,112 :- 00146: 249 , 27.60 , 00.90 || 1708514230, 17.601988067378 , 78.126602450778, 0.01 , 0.01 ,27.79 , 9.78 , 1.45 , 1.13 , 355.95
2024-02-21 16:47:10,142 :- 00147: 252 , 27.20 , 00.90 || 1708514230, 17.601995090984 , 78.126602019629, 0.01 , 0.01 ,27.79 , 9.92 , 1.44 , 1.18 , 355.87
2024-02-21 16:47:10,172 :- 00148: 255 , 26.80 , 01.00 || 1708514230, 17.601995090984 , 78.126602019629, 0.01 , 0.01 ,27.79 , 9.96 , 1.45 , 1.24 , 355.82
2024-02-21 16:47:10,202 :- 00149: 002 , 26.40 , 01.00 || 1708514230, 17.601995090984 , 78.126602019629, 0.01 , 0.01 ,27.79 , 9.86 , 1.46 , 1.35 , 355.71
2024-02-21 16:47:10,232 :- 00150: 005 , 26.10 , 01.00 || 1708514230, 17.602001843470 , 78.126601570048, 0.01 , 0.01 ,26.67 , 9.43 , 1.45 , 1.39 , 355.66
2024-02-21 16:47:10,262 :- 00151: 008 , 25.80 , 01.10 || 1708514230, 17.602001843470 , 78.126601570048, 0.01 , 0.01 ,26.67 , 9.44 , 1.47 , 1.48 , 355.55
2024-02-21 16:47:10,292 :- 00152: 011 , 25.40 , 01.10 || 1708514230, 17.602001843470 , 78.126601570048, 0.01 , 0.01 ,26.67 , 9.05 , 1.46 , 1.52 , 355.49
2024-02-21 16:47:10,322 :- 00153: 014 , 25.00 , 01.10 || 1708514230, 17.602008270433 , 78.126601112121, 0.01 , 0.01 ,25.30 , 9.94 , 1.46 , 1.53 , 355.37
2024-02-21 16:47:10,352 :- 00154: 017 , 24.70 , 01.10 || 1708514230, 17.602008270433 , 78.126601112121, 0.01 , 0.01 ,25.30 , 9.25 , 1.43 , 1.55 , 355.32
2024-02-21 16:47:10,382 :- 00155: 020 , 24.30 , 01.10 || 1708514230, 17.602008270433 , 78.126601112121, 0.01 , 0.01 ,25.30 , 9.26 , 1.36 , 1.54 , 355.20
2024-02-21 16:47:10,412 :- 00156: 023 , 24.00 , 01.10 || 1708514230, 17.602008270433 , 78.126601112121, 0.01 , 0.01 ,23.82 , 8.88 , 1.34 , 1.54 , 355.15
2024-02-21 16:47:10,442 :- 00157: 026 , 23.70 , 01.20 || 1708514230, 17.602014311401 , 78.126600592794, 0.01 , 0.01 ,23.82 , 8.94 , 1.32 , 1.46 , 355.04
2024-02-21 16:47:10,472 :- 00158: 029 , 23.40 , 01.20 || 1708514230, 17.602014311401 , 78.126600592794, 0.01 , 0.01 ,23.82 , 9.81 , 1.31 , 1.40 , 354.98
2024-02-21 16:47:10,502 :- 00159: 032 , 23.10 , 01.30 || 1708514230, 17.602014311401 , 78.126600592794, 0.01 , 0.01 ,23.82 , 9.09 , 1.28 , 1.33 , 354.87
2024-02-21 16:47:10,532 :- 00160: 035 , 23.00 , 01.30 || 1708514230, 17.602020117514 , 78.126600104095, 0.01 , 0.01 ,23.04 , 9.19 , 1.27 , 1.24 , 354.81
2024-02-21 16:47:10,562 :- 00161: 038 , 22.70 , 01.30 || 1708514230, 17.602020117514 , 78.126600104095, 0.01 , 0.01 ,23.04 , 9.53 , 1.29 , 1.12 , 354.69
2024-02-21 16:47:10,592 :- 00162: 041 , 22.50 , 01.40 || 1708514230, 17.602020117514 , 78.126600104095, 0.01 , 0.01 ,23.04 , 9.73 , 1.27 , 1.06 , 354.63
2024-02-21 16:47:10,622 :- 00163: 044 , 22.40 , 01.40 || 1708514230, 17.602025732662 , 78.126599586975, 0.01 , 0.01 ,22.39 , 9.78 , 1.24 , 0.93 , 354.50
2024-02-21 16:47:10,652 :- 00164: 047 , 22.20 , 01.40 || 1708514230, 17.602025732662 , 78.126599586975, 0.01 , 0.01 ,22.39 , 10.10 , 1.24 , 0.89 , 354.44
2024-02-21 16:47:10,682 :- 00165: 050 , 22.10 , 01.40 || 1708514230, 17.602025732662 , 78.126599586975, 0.01 , 0.01 ,22.39 , 10.24 , 1.21 , 0.77 , 354.31
2024-02-21 16:47:10,712 :- 00166: 053 , 22.00 , 01.40 || 1708514230, 17.602025732662 , 78.126599586975, 0.01 , 0.01 ,22.17 , 10.10 , 1.19 , 0.73 , 354.24
2024-02-21 16:47:10,742 :- 00167: 056 , 21.90 , 01.40 || 1708514230, 17.602031279248 , 78.126599034694, 0.01 , 0.01 ,22.17 , 10.00 , 1.15 , 0.67 , 354.10
2024-02-21 16:47:10,772 :- 00168: 059 , 21.80 , 01.40 || 1708514230, 17.602031279248 , 78.126599034694, 0.01 , 0.01 ,22.17 , 10.43 , 1.14 , 0.65 , 354.03
2024-02-21 16:47:10,802 :- 00169: 062 , 21.80 , 01.40 || 1708514230, 17.602031279248 , 78.126599034694, 0.01 , 0.01 ,22.17 , 9.81 , 1.09 , 0.60 , 353.89
2024-02-21 16:47:10,832 :- 00170: 065 , 21.70 , 01.50 || 1708514230, 17.602036690112 , 78.126598318093, 0.01 , 0.01 ,22.05 , 10.54 , 1.09 , 0.60 , 353.82
2024-02-21 16:47:10,862 :- 00171: 068 , 21.60 , 01.50 || 1708514230, 17.602036690112 , 78.126598318093, 0.01 , 0.01 ,22.05 , 9.87 , 1.08 , 0.62 , 353.68
2024-02-21 16:47:10,892 :- 00172: 071 , 21.50 , 01.50 || 1708514230, 17.602036690112 , 78.126598318093, 0.01 , 0.01 ,22.05 , 10.18 , 1.09 , 0.61 , 353.61
2024-02-21 16:47:10,922 :- 00173: 074 , 21.50 , 01.60 || 1708514230, 17.602042163195 , 78.126597729672, 0.01 , 0.01 ,21.87 , 10.08 , 1.08 , 0.65 , 353.46
2024-02-21 16:47:10,952 :- 00174: 077 , 21.40 , 01.60 || 1708514230, 17.602042163195 , 78.126597729672, 0.01 , 0.01 ,21.87 , 9.79 , 1.06 , 0.66 , 353.39
2024-02-21 16:47:10,982 :- 00175: 080 , 21.40 , 01.70 || 1708514230, 17.602042163195 , 78.126597729672, 0.01 , 0.01 ,21.87 , 10.11 , 1.04 , 0.69 , 353.25
2024-02-21 16:47:11,012 :- 00176: 083 , 21.30 , 01.70 || 1708514231, 17.602042163195 , 78.126597729672, 0.01 , 0.01 ,21.87 , 9.51 , 1.04 , 0.69 , 353.17
2024-02-21 16:47:11,042 :- 00177: 086 , 21.30 , 01.70 || 1708514231, 17.602047605168 , 78.126597104309, 0.01 , 0.01 ,21.78 , 9.60 , 1.04 , 0.72 , 353.02
2024-02-21 16:47:11,072 :- 00178: 089 , 21.20 , 01.70 || 1708514231, 17.602047605168 , 78.126597104309, 0.01 , 0.01 ,21.78 , 10.00 , 1.07 , 0.71 , 352.94
2024-02-21 16:47:11,102 :- 00179: 092 , 21.10 , 01.80 || 1708514231, 17.602047605168 , 78.126597104309, 0.01 , 0.01 ,21.78 , 9.81 , 1.07 , 0.73 , 352.78
2024-02-21 16:47:11,132 :- 00180: 095 , 21.00 , 01.80 || 1708514231, 17.602052972010 , 78.126596445897, 0.01 , 0.01 ,21.54 , 9.82 , 1.07 , 0.74 , 352.70
2024-02-21 16:47:11,162 :- 00181: 098 , 21.00 , 01.80 || 1708514231, 17.602052972010 , 78.126596445897, 0.01 , 0.01 ,21.54 , 9.30 , 1.10 , 0.77 , 352.51
2024-02-21 16:47:11,192 :- 00182: 101 , 21.00 , 01.80 || 1708514231, 17.602052972010 , 78.126596445897, 0.01 , 0.01 ,21.54 , 9.15 , 1.13 , 0.72 , 352.42
2024-02-21 16:47:11,222 :- 00183: 104 , 20.90 , 01.80 || 1708514231, 17.602058260227 , 78.126595751836, 0.01 , 0.01 ,21.15 , 10.68 , 1.17 , 0.74 , 352.25
2024-02-21 16:47:11,252 :- 00184: 107 , 20.80 , 01.80 || 1708514231, 17.602058260227 , 78.126595751836, 0.01 , 0.01 ,21.15 , 8.38 , 1.12 , 0.76 , 352.16
2024-02-21 16:47:11,282 :- 00185: 110 , 20.80 , 01.80 || 1708514231, 17.602058260227 , 78.126595751836, 0.01 , 0.01 ,21.15 , 11.31 , 1.11 , 0.71 , 351.98
2024-02-21 16:47:11,312 :- 00186: 113 , 20.70 , 01.80 || 1708514231, 17.602058260227 , 78.126595751836, 0.01 , 0.01 ,21.09 , 8.53 , 1.08 , 0.73 , 351.91
2024-02-21 16:47:11,342 :- 00187: 116 , 20.70 , 01.80 || 1708514231, 17.602063527930 , 78.126595014553, 0.01 , 0.01 ,21.09 , 10.45 , 1.08 , 0.73 , 351.75
2024-02-21 16:47:11,372 :- 00188: 119 , 20.60 , 01.70 || 1708514231, 17.602063527930 , 78.126595014553, 0.01 , 0.01 ,21.09 , 9.31 , 1.06 , 0.74 , 351.67
2024-02-21 16:47:11,402 :- 00189: 122 , 20.50 , 01.70 || 1708514231, 17.602063527930 , 78.126595014553, 0.01 , 0.01 ,21.09 , 10.45 , 1.06 , 0.78 , 351.52
2024-02-21 16:47:11,432 :- 00190: 125 , 20.50 , 01.60 || 1708514231, 17.602068740717 , 78.126594222138, 0.01 , 0.01 ,20.98 , 9.60 , 1.02 , 0.80 , 351.44
2024-02-21 16:47:11,462 :- 00191: 128 , 20.40 , 01.50 || 1708514231, 17.602068740717 , 78.126594222138, 0.01 , 0.01 ,20.98 , 10.36 , 1.02 , 0.82 , 351.28
2024-02-21 16:47:11,492 :- 00192: 131 , 20.30 , 01.40 || 1708514231, 17.602068740717 , 78.126594222138, 0.01 , 0.01 ,20.98 , 9.79 , 0.99 , 0.84 , 351.20
2024-02-21 16:47:11,522 :- 00193: 134 , 20.30 , 01.40 || 1708514231, 17.602073896278 , 78.126593445607, 0.01 , 0.01 ,20.73 , 9.59 , 0.95 , 0.89 , 351.06
2024-02-21 16:47:11,552 :- 00194: 137 , 20.30 , 01.30 || 1708514231, 17.602073896278 , 78.126593445607, 0.01 , 0.01 ,20.73 , 9.53 , 0.94 , 0.88 , 350.99
2024-02-21 16:47:11,582 :- 00195: 140 , 20.20 , 01.20 || 1708514231, 17.602073896278 , 78.126593445607, 0.01 , 0.01 ,20.73 , 10.23 , 0.93 , 0.91 , 350.86
2024-02-21 16:47:11,612 :- 00196: 143 , 20.20 , 01.20 || 1708514231, 17.602073896278 , 78.126593445607, 0.01 , 0.01 ,20.63 , 11.02 , 0.97 , 0.94 , 350.80
2024-02-21 16:47:11,642 :- 00197: 146 , 20.20 , 01.10 || 1708514231, 17.602079019645 , 78.126592545681, 0.01 , 0.01 ,20.63 , 6.79 , 0.80 , 0.84 , 350.71
2024-02-21 16:47:11,672 :- 00198: 149 , 20.20 , 01.10 || 1708514231, 17.602079019645 , 78.126592545681, 0.01 , 0.01 ,20.63 , 10.68 , 0.85 , 0.87 , 350.66
2024-02-21 16:47:11,702 :- 00199: 152 , 20.00 , 01.00 || 1708514231, 17.602079019645 , 78.126592545681, 0.01 , 0.01 ,20.63 , 9.08 , 0.74 , 0.85 , 350.57
2024-02-21 16:47:11,732 :- 00200: 155 , 20.00 , 00.90 || 1708514231, 17.602084026291 , 78.126591658761, 0.01 , 0.01 ,20.18 , 10.46 , 0.65 , 0.78 , 350.52
2024-02-21 16:47:11,762 :- 00201: 158 , 19.90 , 00.80 || 1708514231, 17.602084026291 , 78.126591658761, 0.01 , 0.01 ,20.18 , 8.65 , 0.59 , 0.74 , 350.44
2024-02-21 16:47:11,792 :- 00202: 161 , 19.80 , 00.70 || 1708514231, 17.602084026291 , 78.126591658761, 0.01 , 0.01 ,20.18 , 10.01 , 0.59 , 0.73 , 350.39
2024-02-21 16:47:11,822 :- 00203: 164 , 19.80 , 00.60 || 1708514231, 17.602088968981 , 78.126590761172, 0.01 , 0.01 ,19.88 , 10.04 , 0.58 , 0.64 , 350.30
2024-02-21 16:47:11,852 :- 00204: 167 , 19.70 , 00.50 || 1708514231, 17.602088968981 , 78.126590761172, 0.01 , 0.01 ,19.88 , 9.27 , 0.54 , 0.60 , 350.26
2024-02-21 16:47:11,882 :- 00205: 170 , 19.60 , 00.40 || 1708514231, 17.602088968981 , 78.126590761172, 0.01 , 0.01 ,19.88 , 10.84 , 0.52 , 0.57 , 350.17
2024-02-21 16:47:11,912 :- 00206: 173 , 19.50 , 00.20 || 1708514231, 17.602088968981 , 78.126590761172, 0.01 , 0.01 ,19.85 , 9.58 , 0.51 , 0.58 , 350.14
2024-02-21 16:47:11,942 :- 00207: 176 , 19.50 , -0.10 || 1708514231, 17.602093885871 , 78.126589910329, 0.01 , 0.01 ,19.85 , 10.71 , 0.50 , 0.51 , 350.08
2024-02-21 16:47:11,972 :- 00208: 179 , 19.40 , -0.40 || 1708514231, 17.602093885871 , 78.126589910329, 0.01 , 0.01 ,19.85 , 9.95 , 0.55 , 0.52 , 350.06
2024-02-21 16:47:12,002 :- 00209: 182 , 19.40 , -0.70 || 1708514232, 17.602093885871 , 78.126589910329, 0.01 , 0.01 ,19.85 , 10.29 , 0.58 , 0.57 , 350.04
2024-02-21 16:47:12,032 :- 00210: 185 , 19.30 , -1.10 || 1708514232, 17.602098764589 , 78.126589060965, 0.01 , 0.01 ,19.73 , 10.19 , 0.58 , 0.55 , 350.04
2024-02-21 16:47:12,062 :- 00211: 188 , 19.20 , -1.50 || 1708514232, 17.602098764589 , 78.126589060965, 0.01 , 0.01 ,19.73 , 10.09 , 0.56 , 0.62 , 350.07
2024-02-21 16:47:12,092 :- 00212: 191 , 19.20 , -2.00 || 1708514232, 17.602098764589 , 78.126589060965, 0.01 , 0.01 ,19.73 , 10.52 , 0.53 , 0.65 , 350.11
2024-02-21 16:47:12,122 :- 00213: 194 , 19.10 , -2.50 || 1708514232, 17.602103631626 , 78.126588236221, 0.01 , 0.01 ,19.63 , 9.84 , 0.43 , 0.71 , 350.20
2024-02-21 16:47:12,152 :- 00214: 197 , 19.10 , -3.00 || 1708514232, 17.602103631626 , 78.126588236221, 0.01 , 0.01 ,19.63 , 9.80 , 0.39 , 0.74 , 350.27
2024-02-21 16:47:12,182 :- 00215: 200 , 19.00 , -3.50 || 1708514232, 17.602103631626 , 78.126588236221, 0.01 , 0.01 ,19.63 , 9.38 , 0.29 , 0.80 , 350.46
2024-02-21 16:47:12,212 :- 00216: 203 , 19.00 , -4.00 || 1708514232, 17.602103631626 , 78.126588236221, 0.01 , 0.01 ,19.34 , 9.36 , 0.24 , 0.83 , 350.57
2024-02-21 16:47:12,242 :- 00217: 206 , 19.00 , -4.50 || 1708514232, 17.602108429866 , 78.126587335364, 0.01 , 0.01 ,19.34 , 9.18 , 0.13 , 0.84 , 350.83
2024-02-21 16:47:12,272 :- 00218: 209 , 18.90 , -5.00 || 1708514232, 17.602108429866 , 78.126587335364, 0.01 , 0.01 ,19.34 , 9.50 , 0.07 , 0.83 , 350.99
2024-02-21 16:47:12,302 :- 00219: 212 , 18.80 , -5.50 || 1708514232, 17.602108429866 , 78.126587335364, 0.01 , 0.01 ,19.34 , 9.81 , -0.06 , 0.82 , 351.34
2024-02-21 16:47:12,332 :- 00220: 215 , 18.70 , -6.00 || 1708514232, 17.602113138319 , 78.126586505667, 0.01 , 0.01 ,18.92 , 8.96 , -0.13 , 0.80 , 351.54
2024-02-21 16:47:12,362 :- 00221: 218 , 18.70 , -6.50 || 1708514232, 17.602113138319 , 78.126586505667, 0.01 , 0.01 ,18.92 , 8.82 , -0.24 , 0.71 , 351.96
2024-02-21 16:47:12,392 :- 00222: 221 , 18.50 , -6.90 || 1708514232, 17.602113138319 , 78.126586505667, 0.01 , 0.01 ,18.92 , 10.91 , -0.22 , 0.70 , 352.19
2024-02-21 16:47:12,422 :- 00223: 224 , 18.40 , -7.30 || 1708514232, 17.602117772859 , 78.126585796809, 0.01 , 0.01 ,18.60 , 9.74 , -0.34 , 0.63 , 352.67
2024-02-21 16:47:12,452 :- 00224: 227 , 18.40 , -7.60 || 1708514232, 17.602117772859 , 78.126585796809, 0.01 , 0.01 ,18.60 , 10.08 , -0.34 , 0.61 , 352.93
2024-02-21 16:47:12,482 :- 00225: 230 , 18.30 , -7.90 || 1708514232, 17.602117772859 , 78.126585796809, 0.01 , 0.01 ,18.60 , 9.00 , -0.34 , 0.52 , 353.48
2024-02-21 16:47:12,512 :- 00226: 233 , 18.30 , -8.00 || 1708514232, 17.602117772859 , 78.126585796809, 0.01 , 0.01 ,18.44 , 10.01 , -0.35 , 0.53 , 353.77
2024-02-21 16:47:12,542 :- 00227: 236 , 18.20 , -8.00 || 1708514232, 17.602122399027 , 78.126585283433, 0.01 , 0.01 ,18.44 , 9.86 , -0.35 , 0.47 , 354.37
2024-02-21 16:47:12,572 :- 00228: 239 , 18.20 , -8.00 || 1708514232, 17.602122399027 , 78.126585283433, 0.01 , 0.01 ,18.44 , 9.96 , -0.32 , 0.46 , 354.69
2024-02-21 16:47:12,602 :- 00229: 242 , 18.10 , -8.00 || 1708514232, 17.602122399027 , 78.126585283433, 0.01 , 0.01 ,18.44 , 10.01 , -0.26 , 0.46 , 355.33
2024-02-21 16:47:12,632 :- 00230: 245 , 18.10 , -8.00 || 1708514232, 17.602127014201 , 78.126584913792, 0.01 , 0.01 ,18.48 , 10.30 , -0.21 , 0.45 , 355.65
2024-02-21 16:47:12,662 :- 00231: 248 , 18.00 , -8.00 || 1708514232, 17.602127014201 , 78.126584913792, 0.01 , 0.01 ,18.48 , 9.83 , -0.11 , 0.44 , 356.28
2024-02-21 16:47:12,692 :- 00232: 251 , 18.00 , -8.00 || 1708514232, 17.602127014201 , 78.126584913792, 0.01 , 0.01 ,18.48 , 9.66 , -0.04 , 0.45 , 356.59
2024-02-21 16:47:12,722 :- 00233: 254 , 18.00 , -8.00 || 1708514232, 17.602131642532 , 78.126584729509, 0.01 , 0.01 ,18.43 , 10.18 , 0.08 , 0.45 , 357.20
2024-02-21 16:47:12,753 :- 00234: 001 , 18.00 , -8.00 || 1708514232, 17.602131642532 , 78.126584729509, 0.01 , 0.01 ,18.43 , 10.35 , 0.13 , 0.46 , 357.50
2024-02-21 16:47:12,782 :- 00235: 004 , 17.90 , -7.90 || 1708514232, 17.602131642532 , 78.126584729509, 0.01 , 0.01 ,18.43 , 10.02 , 0.21 , 0.49 , 358.10
2024-02-21 16:47:12,812 :- 00236: 007 , 17.90 , -7.90 || 1708514232, 17.602131642532 , 78.126584729509, 0.01 , 0.01 ,18.34 , 10.02 , 0.24 , 0.49 , 358.39
2024-02-21 16:47:12,842 :- 00237: 010 , 17.90 , -7.80 || 1708514232, 17.602136254023 , 78.126584715148, 0.01 , 0.01 ,18.34 , 9.73 , 0.29 , 0.54 , 358.98
2024-02-21 16:47:12,872 :- 00238: 013 , 17.90 , -7.70 || 1708514232, 17.602136254023 , 78.126584715148, 0.01 , 0.01 ,18.34 , 9.95 , 0.29 , 0.55 , 359.28
2024-02-21 16:47:12,902 :- 00239: 016 , 17.90 , -7.70 || 1708514232, 17.602136254023 , 78.126584715148, 0.01 , 0.01 ,18.34 , 9.71 , 0.32 , 0.58 , 359.88
2024-02-21 16:47:12,932 :- 00240: 019 , 17.90 , -7.60 || 1708514232, 17.602140878173 , 78.126584746147, 0.01 , 0.01 ,18.44 , 9.68 , 0.31 , 0.61 , 0.17
2024-02-21 16:47:12,962 :- 00241: 022 , 17.90 , -7.50 || 1708514232, 17.602140878173 , 78.126584746147, 0.01 , 0.01 ,18.44 , 9.52 , 0.30 , 0.63 , 0.77
2024-02-21 16:47:12,992 :- 00242: 025 , 17.90 , -7.40 || 1708514232, 17.602140878173 , 78.126584746147, 0.01 , 0.01 ,18.44 , 9.46 , 0.29 , 0.63 , 1.06
2024-02-21 16:47:13,022 :- 00243: 028 , 17.90 , -7.30 || 1708514233, 17.602140878173 , 78.126584746147, 0.01 , 0.01 ,18.44 , 9.44 , 0.27 , 0.64 , 1.35
2024-02-21 16:47:13,052 :- 00244: 031 , 17.90 , -7.20 || 1708514233, 17.602145471045 , 78.126584861245, 0.01 , 0.01 ,18.37 , 9.58 , 0.24 , 0.65 , 1.91
2024-02-21 16:47:13,082 :- 00245: 034 , 17.80 , -7.10 || 1708514233, 17.602145471045 , 78.126584861245, 0.01 , 0.01 ,18.37 , 9.86 , 0.22 , 0.63 , 2.46
2024-02-21 16:47:13,112 :- 00246: 037 , 17.80 , -7.00 || 1708514233, 17.602145471045 , 78.126584861245, 0.01 , 0.01 ,18.37 , 9.64 , 0.20 , 0.63 , 2.73
2024-02-21 16:47:13,142 :- 00247: 040 , 17.80 , -6.80 || 1708514233, 17.602150031425 , 78.126585080352, 0.01 , 0.01 ,18.17 , 9.67 , 0.19 , 0.62 , 3.26
2024-02-21 16:47:13,172 :- 00248: 043 , 17.80 , -6.60 || 1708514233, 17.602150031425 , 78.126585080352, 0.01 , 0.01 ,18.17 , 9.97 , 0.20 , 0.62 , 3.52
2024-02-21 16:47:13,202 :- 00249: 046 , 17.80 , -6.40 || 1708514233, 17.602150031425 , 78.126585080352, 0.01 , 0.01 ,18.17 , 9.91 , 0.22 , 0.61 , 4.03
2024-02-21 16:47:13,232 :- 00250: 049 , 17.80 , -6.10 || 1708514233, 17.602154568065 , 78.126585438753, 0.01 , 0.01 ,18.19 , 9.96 , 0.23 , 0.61 , 4.28
2024-02-21 16:47:13,262 :- 00251: 052 , 17.80 , -5.80 || 1708514233, 17.602154568065 , 78.126585438753, 0.01 , 0.01 ,18.19 , 9.98 , 0.25 , 0.63 , 4.76
2024-02-21 16:47:13,292 :- 00252: 055 , 17.70 , -5.50 || 1708514233, 17.602154568065 , 78.126585438753, 0.01 , 0.01 ,18.19 , 10.37 , 0.27 , 0.64 , 5.00
2024-02-21 16:47:13,322 :- 00253: 058 , 17.70 , -5.20 || 1708514233, 17.602159108845 , 78.126585939027, 0.01 , 0.01 ,18.19 , 9.70 , 0.30 , 0.67 , 5.46
2024-02-21 16:47:13,352 :- 00254: 061 , 17.70 , -4.90 || 1708514233, 17.602159108845 , 78.126585939027, 0.01 , 0.01 ,18.19 , 9.93 , 0.33 , 0.69 , 5.67
2024-02-21 16:47:13,382 :- 00255: 064 , 17.70 , -4.60 || 1708514233, 17.602159108845 , 78.126585939027, 0.01 , 0.01 ,18.19 , 9.98 , 0.41 , 0.74 , 6.08
2024-02-21 16:47:13,412 :- 00256: 067 , 17.70 , -4.20 || 1708514233, 17.602159108845 , 78.126585939027, 0.01 , 0.01 ,18.25 , 9.73 , 0.45 , 0.74 , 6.27
2024-02-21 16:47:13,442 :- 00257: 070 , 17.70 , -3.80 || 1708514233, 17.602163658108 , 78.126586520608, 0.01 , 0.01 ,18.25 , 9.35 , 0.57 , 0.75 , 6.62
2024-02-21 16:47:13,472 :- 00258: 073 , 17.70 , -3.50 || 1708514233, 17.602163658108 , 78.126586520608, 0.01 , 0.01 ,18.25 , 10.06 , 0.64 , 0.76 , 6.78
2024-02-21 16:47:13,502 :- 00259: 076 , 17.70 , -3.10 || 1708514233, 17.602163658108 , 78.126586520608, 0.01 , 0.01 ,18.25 , 9.46 , 0.73 , 0.75 , 7.06
2024-02-21 16:47:13,532 :- 00260: 079 , 17.70 , -2.70 || 1708514233, 17.602168177127 , 78.126587223519, 0.01 , 0.01 ,18.19 , 9.76 , 0.78 , 0.75 , 7.19
2024-02-21 16:47:13,562 :- 00261: 082 , 17.70 , -2.30 || 1708514233, 17.602168177127 , 78.126587223519, 0.01 , 0.01 ,18.19 , 9.78 , 0.88 , 0.75 , 7.43
2024-02-21 16:47:13,592 :- 00262: 085 , 17.70 , -2.00 || 1708514233, 17.602168177127 , 78.126587223519, 0.01 , 0.01 ,18.19 , 9.79 , 0.93 , 0.74 , 7.54
2024-02-21 16:47:13,622 :- 00263: 088 , 17.70 , -1.60 || 1708514233, 17.602172646500 , 78.126587985663, 0.01 , 0.01 ,18.03 , 9.76 , 1.05 , 0.75 , 7.73
2024-02-21 16:47:13,652 :- 00264: 091 , 17.70 , -1.20 || 1708514233, 17.602172646500 , 78.126587985663, 0.01 , 0.01 ,18.03 , 9.99 , 1.09 , 0.75 , 7.80
2024-02-21 16:47:13,682 :- 00265: 094 , 17.70 , -0.90 || 1708514233, 17.602172646500 , 78.126587985663, 0.01 , 0.01 ,18.03 , 9.57 , 1.16 , 0.75 , 7.94
2024-02-21 16:47:13,712 :- 00266: 097 , 17.70 , -0.60 || 1708514233, 17.602172646500 , 78.126587985663, 0.01 , 0.01 ,18.06 , 9.63 , 1.18 , 0.76 , 7.98
2024-02-21 16:47:13,742 :- 00267: 100 , 17.70 , -0.30 || 1708514233, 17.602177131999 , 78.126588742095, 0.01 , 0.01 ,18.06 , 9.45 , 1.19 , 0.74 , 8.05
2024-02-21 16:47:13,772 :- 00268: 103 , 17.70 , 00.00 || 1708514233, 17.602177131999 , 78.126588742095, 0.01 , 0.01 ,18.06 , 9.55 , 1.18 , 0.73 , 8.08
2024-02-21 16:47:13,802 :- 00269: 106 , 17.70 , 00.30 || 1708514233, 17.602177131999 , 78.126588742095, 0.01 , 0.01 ,18.06 , 9.86 , 1.19 , 0.72 , 8.10
2024-02-21 16:47:13,832 :- 00270: 109 , 17.60 , 00.60 || 1708514233, 17.602181623275 , 78.126589443217, 0.01 , 0.01 ,18.06 , 10.16 , 1.17 , 0.70 , 8.10
2024-02-21 16:47:13,862 :- 00271: 112 , 17.70 , 00.80 || 1708514233, 17.602181623275 , 78.126589443217, 0.01 , 0.01 ,18.06 , 9.65 , 1.14 , 0.69 , 8.07
2024-02-21 16:47:13,892 :- 00272: 115 , 17.60 , 00.90 || 1708514233, 17.602181623275 , 78.126589443217, 0.01 , 0.01 ,18.06 , 10.17 , 1.12 , 0.68 , 8.04
2024-02-21 16:47:13,922 :- 00273: 118 , 17.60 , 01.00 || 1708514233, 17.602186100191 , 78.126590108168, 0.01 , 0.01 ,18.05 , 10.44 , 1.10 , 0.67 , 7.96
2024-02-21 16:47:13,952 :- 00274: 121 , 17.60 , 01.10 || 1708514233, 17.602186100191 , 78.126590108168, 0.01 , 0.01 ,18.05 , 9.79 , 1.07 , 0.67 , 7.91
2024-02-21 16:47:13,982 :- 00275: 124 , 17.60 , 01.10 || 1708514233, 17.602186100191 , 78.126590108168, 0.01 , 0.01 ,18.05 , 10.03 , 1.05 , 0.69 , 7.80
2024-02-21 16:47:14,012 :- 00276: 127 , 17.70 , 01.10 || 1708514234, 17.602186100191 , 78.126590108168, 0.01 , 0.01 ,18.05 , 9.64 , 1.05 , 0.69 , 7.74
2024-02-21 16:47:14,042 :- 00277: 130 , 17.70 , 01.10 || 1708514234, 17.602190593575 , 78.126590778221, 0.01 , 0.01 ,18.15 , 9.78 , 1.04 , 0.71 , 7.68
2024-02-21 16:47:14,072 :- 00278: 133 , 17.70 , 01.10 || 1708514234, 17.602190593575 , 78.126590778221, 0.01 , 0.01 ,18.15 , 9.58 , 1.02 , 0.70 , 7.57
2024-02-21 16:47:14,102 :- 00279: 136 , 17.70 , 01.10 || 1708514234, 17.602190593575 , 78.126590778221, 0.01 , 0.01 ,18.15 , 9.47 , 0.98 , 0.71 , 7.47
2024-02-21 16:47:14,132 :- 00280: 139 , 17.70 , 01.10 || 1708514234, 17.602195107822 , 78.126591435194, 0.01 , 0.01 ,18.13 , 9.73 , 0.97 , 0.69 , 7.42
2024-02-21 16:47:14,162 :- 00281: 142 , 17.70 , 01.10 || 1708514234, 17.602195107822 , 78.126591435194, 0.01 , 0.01 ,18.13 , 9.76 , 0.97 , 0.64 , 7.33
2024-02-21 16:47:14,192 :- 00282: 145 , 17.70 , 01.10 || 1708514234, 17.602195107822 , 78.126591435194, 0.01 , 0.01 ,18.13 , 9.70 , 0.94 , 0.64 , 7.29
2024-02-21 16:47:14,222 :- 00283: 148 , 17.70 , 01.20 || 1708514234, 17.602199607464 , 78.126592045514, 0.01 , 0.01 ,18.09 , 9.94 , 0.92 , 0.56 , 7.20
2024-02-21 16:47:14,252 :- 00284: 151 , 17.70 , 01.30 || 1708514234, 17.602199607464 , 78.126592045514, 0.01 , 0.01 ,18.09 , 9.98 , 0.93 , 0.56 , 7.15
2024-02-21 16:47:14,282 :- 00285: 154 , 17.80 , 01.40 || 1708514234, 17.602199607464 , 78.126592045514, 0.01 , 0.01 ,18.09 , 9.80 , 0.89 , 0.53 , 7.05
2024-02-21 16:47:14,312 :- 00286: 157 , 17.80 , 01.40 || 1708514234, 17.602199607464 , 78.126592045514, 0.01 , 0.01 ,18.09 , 10.05 , 0.88 , 0.49 , 7.00
2024-02-21 16:47:14,342 :- 00287: 160 , 17.80 , 01.50 || 1708514234, 17.602204110547 , 78.126592645459, 0.01 , 0.01 ,18.09 , 9.68 , 0.84 , 0.48 , 6.89
2024-02-21 16:47:14,372 :- 00288: 163 , 17.80 , 01.60 || 1708514234, 17.602204110547 , 78.126592645459, 0.01 , 0.01 ,18.09 , 10.26 , 0.83 , 0.46 , 6.83
2024-02-21 16:47:14,402 :- 00289: 166 , 17.90 , 01.70 || 1708514234, 17.602204110547 , 78.126592645459, 0.01 , 0.01 ,18.09 , 9.31 , 0.81 , 0.43 , 6.70
2024-02-21 16:47:14,432 :- 00290: 169 , 17.90 , 01.80 || 1708514234, 17.602208667810 , 78.126593240499, 0.01 , 0.01 ,18.31 , 9.94 , 0.81 , 0.41 , 6.63
2024-02-21 16:47:14,462 :- 00291: 172 , 17.90 , 01.90 || 1708514234, 17.602208667810 , 78.126593240499, 0.01 , 0.01 ,18.31 , 9.78 , 0.83 , 0.38 , 6.48
2024-02-21 16:47:14,492 :- 00292: 175 , 18.00 , 02.00 || 1708514234, 17.602208667810 , 78.126593240499, 0.01 , 0.01 ,18.31 , 9.63 , 0.82 , 0.35 , 6.41
2024-02-21 16:47:14,522 :- 00293: 178 , 18.00 , 02.00 || 1708514234, 17.602213257612 , 78.126593808512, 0.01 , 0.01 ,18.47 , 9.85 , 0.84 , 0.31 , 6.24
2024-02-21 16:47:14,552 :- 00294: 181 , 18.10 , 02.10 || 1708514234, 17.602213257612 , 78.126593808512, 0.01 , 0.01 ,18.47 , 9.63 , 0.84 , 0.28 , 6.16
2024-02-21 16:47:14,582 :- 00295: 184 , 18.10 , 02.10 || 1708514234, 17.602213257612 , 78.126593808512, 0.01 , 0.01 ,18.47 , 10.08 , 0.85 , 0.22 , 5.98
2024-02-21 16:47:14,612 :- 00296: 187 , 18.10 , 02.20 || 1708514234, 17.602213257612 , 78.126593808512, 0.01 , 0.01 ,18.58 , 9.86 , 0.87 , 0.19 , 5.89
2024-02-21 16:47:14,642 :- 00297: 190 , 18.20 , 02.20 || 1708514234, 17.602217870703 , 78.126594369762, 0.01 , 0.01 ,18.58 , 10.08 , 0.88 , 0.15 , 5.71
2024-02-21 16:47:14,672 :- 00298: 193 , 18.20 , 02.20 || 1708514234, 17.602217870703 , 78.126594369762, 0.01 , 0.01 ,18.58 , 10.00 , 0.89 , 0.12 , 5.62
2024-02-21 16:47:14,702 :- 00299: 196 , 18.30 , 02.20 || 1708514234, 17.602217870703 , 78.126594369762, 0.01 , 0.01 ,18.58 , 10.17 , 0.93 , 0.07 , 5.43
2024-02-21 16:47:14,732 :- 00300: 199 , 18.40 , 02.20 || 1708514234, 17.602222535104 , 78.126594897858, 0.01 , 0.01 ,18.78 , 9.81 , 0.95 , 0.05 , 5.34
2024-02-21 16:47:14,762 :- 00301: 202 , 18.40 , 02.20 || 1708514234, 17.602222535104 , 78.126594897858, 0.01 , 0.01 ,18.78 , 10.06 , 0.99 , 0.03 , 5.16
2024-02-21 16:47:14,792 :- 00302: 205 , 18.50 , 02.20 || 1708514234, 17.602222535104 , 78.126594897858, 0.01 , 0.01 ,18.78 , 10.13 , 1.00 , 0.02 , 5.06
2024-02-21 16:47:14,822 :- 00303: 208 , 18.60 , 02.20 || 1708514234, 17.602227281390 , 78.126595383953, 0.01 , 0.01 ,19.10 , 9.78 , 0.99 , 0.03 , 4.89
2024-02-21 16:47:14,852 :- 00304: 211 , 18.60 , 02.20 || 1708514234, 17.602227281390 , 78.126595383953, 0.01 , 0.01 ,19.10 , 9.96 , 0.98 , 0.05 , 4.79
2024-02-21 16:47:14,882 :- 00305: 214 , 18.70 , 02.20 || 1708514234, 17.602227281390 , 78.126595383953, 0.01 , 0.01 ,19.10 , 10.19 , 0.96 , 0.08 , 4.61
2024-02-21 16:47:14,912 :- 00306: 217 , 18.80 , 02.20 || 1708514234, 17.602227281390 , 78.126595383953, 0.01 , 0.01 ,19.46 , 9.82 , 0.93 , 0.11 , 4.51
2024-02-21 16:47:14,942 :- 00307: 220 , 18.80 , 02.20 || 1708514234, 17.602232126364 , 78.126595810215, 0.01 , 0.01 ,19.46 , 10.01 , 0.89 , 0.17 , 4.32
2024-02-21 16:47:14,972 :- 00308: 223 , 18.90 , 02.20 || 1708514234, 17.602232126364 , 78.126595810215, 0.01 , 0.01 ,19.46 , 9.67 , 0.87 , 0.21 , 4.22
2024-02-21 16:47:15,002 :- 00309: 226 , 18.90 , 02.20 || 1708514235, 17.602232126364 , 78.126595810215, 0.01 , 0.01 ,19.46 , 9.98 , 0.84 , 0.29 , 4.03
2024-02-21 16:47:15,032 :- 00310: 229 , 19.00 , 02.20 || 1708514235, 17.602232126364 , 78.126595810215, 0.01 , 0.01 ,19.66 , 9.68 , 0.83 , 0.32 , 3.93
2024-02-21 16:47:15,062 :- 00311: 232 , 19.00 , 02.20 || 1708514235, 17.602237045993 , 78.126596181877, 0.01 , 0.01 ,19.66 , 10.09 , 0.82 , 0.39 , 3.74
2024-02-21 16:47:15,092 :- 00312: 235 , 19.10 , 02.10 || 1708514235, 17.602237045993 , 78.126596181877, 0.01 , 0.01 ,19.66 , 9.66 , 0.81 , 0.42 , 3.64
2024-02-21 16:47:15,122 :- 00313: 238 , 19.10 , 02.10 || 1708514235, 17.602242004133 , 78.126596544877, 0.01 , 0.01 ,19.84 , 9.88 , 0.80 , 0.47 , 3.45
2024-02-21 16:47:15,152 :- 00314: 241 , 19.20 , 02.10 || 1708514235, 17.602242004133 , 78.126596544877, 0.01 , 0.01 ,19.84 , 10.06 , 0.80 , 0.51 , 3.36
2024-02-21 16:47:15,182 :- 00315: 244 , 19.20 , 02.10 || 1708514235, 17.602242004133 , 78.126596544877, 0.01 , 0.01 ,19.84 , 9.62 , 0.81 , 0.56 , 3.17
2024-02-21 16:47:15,212 :- 00316: 247 , 19.30 , 02.10 || 1708514235, 17.602242004133 , 78.126596544877, 0.01 , 0.01 ,19.85 , 9.65 , 0.82 , 0.58 , 3.07
2024-02-21 16:47:15,242 :- 00317: 250 , 19.30 , 02.10 || 1708514235, 17.602246974094 , 78.126596859469, 0.01 , 0.01 ,19.85 , 9.41 , 0.88 , 0.61 , 2.87
2024-02-21 16:47:15,272 :- 00318: 253 , 19.40 , 02.00 || 1708514235, 17.602246974094 , 78.126596859469, 0.01 , 0.01 ,19.85 , 8.91 , 0.90 , 0.60 , 2.77
2024-02-21 16:47:15,302 :- 00319: 000 , 19.40 , 02.00 || 1708514235, 17.602246974094 , 78.126596859469, 0.01 , 0.01 ,19.85 , 8.85 , 0.98 , 0.55 , 2.59
2024-02-21 16:47:15,332 :- 00320: 003 , 19.50 , 02.00 || 1708514235, 17.602251989128 , 78.126597202821, 0.01 , 0.01 ,20.07 , 8.95 , 1.00 , 0.53 , 2.50
2024-02-21 16:47:15,362 :- 00321: 006 , 19.60 , 01.90 || 1708514235, 17.602251989128 , 78.126597202821, 0.01 , 0.01 ,20.07 , 8.91 , 1.02 , 0.39 , 2.33
2024-02-21 16:47:15,392 :- 00322: 009 , 19.70 , 01.90 || 1708514235, 17.602251989128 , 78.126597202821, 0.01 , 0.01 ,20.07 , 9.15 , 1.03 , 0.35 , 2.24
2024-02-21 16:47:15,422 :- 00323: 012 , 19.80 , 01.80 || 1708514235, 17.602257020149 , 78.126597476325, 0.01 , 0.01 ,20.14 , 9.95 , 1.06 , 0.24 , 2.08
2024-02-21 16:47:15,452 :- 00324: 015 , 19.90 , 01.70 || 1708514235, 17.602257020149 , 78.126597476325, 0.01 , 0.01 ,20.14 , 10.31 , 1.06 , 0.15 , 2.00
2024-02-21 16:47:15,482 :- 00325: 018 , 19.90 , 01.70 || 1708514235, 17.602257020149 , 78.126597476325, 0.01 , 0.01 ,20.14 , 10.45 , 1.04 , 0.07 , 1.84
2024-02-21 16:47:15,512 :- 00326: 021 , 20.10 , 01.60 || 1708514235, 17.602257020149 , 78.126597476325, 0.01 , 0.01 ,20.58 , 10.47 , 1.02 , 0.03 , 1.76
2024-02-21 16:47:15,542 :- 00327: 024 , 20.20 , 01.60 || 1708514235, 17.602262158018 , 78.126597667036, 0.01 , 0.01 ,20.58 , 10.73 , 0.97 , -0.04 , 1.60
2024-02-21 16:47:15,572 :- 00328: 027 , 20.30 , 01.50 || 1708514235, 17.602262158018 , 78.126597667036, 0.01 , 0.01 ,20.58 , 10.40 , 0.96 , -0.04 , 1.53
2024-02-21 16:47:15,602 :- 00329: 030 , 20.40 , 01.50 || 1708514235, 17.602262158018 , 78.126597667036, 0.01 , 0.01 ,20.58 , 10.47 , 0.93 , -0.04 , 1.38
2024-02-21 16:47:15,632 :- 00330: 033 , 20.50 , 01.40 || 1708514235, 17.602267437731 , 78.126597823446, 0.01 , 0.01 ,21.20 , 9.98 , 0.91 , -0.04 , 1.31
2024-02-21 16:47:15,662 :- 00331: 036 , 20.70 , 01.30 || 1708514235, 17.602267437731 , 78.126597823446, 0.01 , 0.01 ,21.20 , 10.29 , 0.89 , 0.02 , 1.16
2024-02-21 16:47:15,692 :- 00332: 039 , 20.80 , 01.30 || 1708514235, 17.602267437731 , 78.126597823446, 0.01 , 0.01 ,21.20 , 10.23 , 0.88 , 0.05 , 1.10
2024-02-21 16:47:15,722 :- 00333: 042 , 20.90 , 01.20 || 1708514235, 17.602272852582 , 78.126597949281, 0.01 , 0.01 ,21.67 , 9.78 , 0.87 , 0.11 , 0.96
2024-02-21 16:47:15,752 :- 00334: 045 , 21.00 , 01.20 || 1708514235, 17.602272852582 , 78.126597949281, 0.01 , 0.01 ,21.67 , 9.50 , 0.89 , 0.15 , 0.90
2024-02-21 16:47:15,782 :- 00335: 048 , 21.10 , 01.10 || 1708514235, 17.602272852582 , 78.126597949281, 0.01 , 0.01 ,21.67 , 9.73 , 0.92 , 0.21 , 0.78
2024-02-21 16:47:15,812 :- 00336: 051 , 21.20 , 01.10 || 1708514235, 17.602272852582 , 78.126597949281, 0.01 , 0.01 ,22.11 , 9.39 , 0.92 , 0.23 , 0.72
2024-02-21 16:47:15,842 :- 00337: 054 , 21.30 , 01.10 || 1708514235, 17.602278383753 , 78.126598092291, 0.01 , 0.01 ,22.11 , 9.72 , 0.94 , 0.28 , 0.61
2024-02-21 16:47:15,872 :- 00338: 057 , 21.40 , 01.00 || 1708514235, 17.602278383753 , 78.126598092291, 0.01 , 0.01 ,22.11 , 9.74 , 0.96 , 0.30 , 0.56
2024-02-21 16:47:15,902 :- 00339: 060 , 21.50 , 01.00 || 1708514235, 17.602278383753 , 78.126598092291, 0.01 , 0.01 ,22.11 , 9.55 , 0.97 , 0.33 , 0.46
2024-02-21 16:47:15,932 :- 00340: 063 , 21.60 , 00.90 || 1708514235, 17.602283969131 , 78.126598217213, 0.01 , 0.01 ,22.34 , 10.03 , 1.00 , 0.36 , 0.40
2024-02-21 16:47:15,962 :- 00341: 066 , 21.70 , 00.90 || 1708514235, 17.602283969131 , 78.126598217213, 0.01 , 0.01 ,22.34 , 10.21 , 1.04 , 0.39 , 0.30
2024-02-21 16:47:15,992 :- 00342: 069 , 21.80 , 00.90 || 1708514235, 17.602283969131 , 78.126598217213, 0.01 , 0.01 ,22.34 , 9.42 , 1.04 , 0.41 , 0.25
2024-02-21 16:47:16,022 :- 00343: 072 , 21.90 , 00.90 || 1708514236, 17.602283969131 , 78.126598217213, 0.01 , 0.01 ,22.34 , 9.77 , 1.05 , 0.45 , 0.20
2024-02-21 16:47:16,052 :- 00344: 075 , 22.00 , 00.80 || 1708514236, 17.602289643747 , 78.126598308212, 0.01 , 0.01 ,22.69 , 9.62 , 1.12 , 0.47 , 0.10
2024-02-21 16:47:16,082 :- 00345: 078 , 22.10 , 00.80 || 1708514236, 17.602289643747 , 78.126598308212, 0.01 , 0.01 ,22.69 , 9.79 , 1.16 , 0.50 , 0.02
2024-02-21 16:47:16,112 :- 00346: 081 , 22.10 , 00.80 || 1708514236, 17.602289643747 , 78.126598308212, 0.01 , 0.01 ,22.78 , 9.06 , 1.19 , 0.51 , 359.98
2024-02-21 16:47:16,142 :- 00347: 084 , 22.20 , 00.70 || 1708514236, 17.602295351366 , 78.126598404636, 0.01 , 0.01 ,22.78 , 9.62 , 1.26 , 0.53 , 359.90
2024-02-21 16:47:16,172 :- 00348: 087 , 22.20 , 00.70 || 1708514236, 17.602295351366 , 78.126598404636, 0.01 , 0.01 ,22.78 , 10.22 , 1.29 , 0.55 , 359.86
2024-02-21 16:47:16,202 :- 00349: 090 , 22.30 , 00.50 || 1708514236, 17.602295351366 , 78.126598404636, 0.01 , 0.01 ,22.78 , 9.51 , 1.27 , 0.55 , 359.78
2024-02-21 16:47:16,232 :- 00350: 093 , 22.30 , 00.50 || 1708514236, 17.602301109119 , 78.126598469133, 0.01 , 0.01 ,23.00 , 10.04 , 1.28 , 0.56 , 359.74
2024-02-21 16:47:16,262 :- 00351: 096 , 22.40 , 00.40 || 1708514236, 17.602301109119 , 78.126598469133, 0.01 , 0.01 ,23.00 , 10.45 , 1.27 , 0.61 , 359.67
2024-02-21 16:47:16,292 :- 00352: 099 , 22.40 , 00.40 || 1708514236, 17.602301109119 , 78.126598469133, 0.01 , 0.01 ,23.00 , 10.03 , 1.25 , 0.61 , 359.63
2024-02-21 16:47:16,322 :- 00353: 102 , 22.40 , 00.40 || 1708514236, 17.602306883130 , 78.126598464412, 0.01 , 0.01 ,23.06 , 9.80 , 1.19 , 0.63 , 359.59
2024-02-21 16:47:16,352 :- 00354: 105 , 22.40 , 00.40 || 1708514236, 17.602306883130 , 78.126598464412, 0.01 , 0.01 ,23.06 , 9.85 , 1.17 , 0.67 , 359.57
2024-02-21 16:47:16,382 :- 00355: 108 , 22.40 , 00.40 || 1708514236, 17.602306883130 , 78.126598464412, 0.01 , 0.01 ,23.06 , 9.95 , 1.14 , 0.68 , 359.54
2024-02-21 16:47:16,412 :- 00356: 111 , 22.40 , 00.40 || 1708514236, 17.602306883130 , 78.126598464412, 0.01 , 0.01 ,22.94 , 10.10 , 1.13 , 0.69 , 359.52
2024-02-21 16:47:16,442 :- 00357: 114 , 22.40 , 00.30 || 1708514236, 17.602312643135 , 78.126598420098, 0.01 , 0.01 ,22.94 , 9.23 , 1.10 , 0.72 , 359.49
2024-02-21 16:47:16,472 :- 00358: 117 , 22.50 , 00.30 || 1708514236, 17.602312643135 , 78.126598420098, 0.01 , 0.01 ,22.94 , 9.31 , 1.10 , 0.72 , 359.46
2024-02-21 16:47:16,502 :- 00359: 120 , 22.40 , 00.30 || 1708514236, 17.602312643135 , 78.126598420098, 0.01 , 0.01 ,22.94 , 9.46 , 1.10 , 0.70 , 359.41
2024-02-21 16:47:16,532 :- 00360: 123 , 22.40 , 00.30 || 1708514236, 17.602318382814 , 78.126598408770, 0.01 , 0.01 ,22.82 , 9.56 , 1.09 , 0.69 , 359.38
2024-02-21 16:47:16,562 :- 00361: 126 , 22.40 , 00.30 || 1708514236, 17.602318382814 , 78.126598408770, 0.01 , 0.01 ,22.82 , 9.89 , 1.11 , 0.68 , 359.33
2024-02-21 16:47:16,592 :- 00362: 129 , 22.30 , 00.30 || 1708514236, 17.602318382814 , 78.126598408770, 0.01 , 0.01 ,22.82 , 10.26 , 1.13 , 0.69 , 359.30
2024-02-21 16:47:16,622 :- 00363: 132 , 22.30 , 00.40 || 1708514236, 17.602324107025 , 78.126598423310, 0.01 , 0.01 ,22.78 , 10.04 , 1.14 , 0.69 , 359.26
2024-02-21 16:47:16,652 :- 00364: 135 , 22.30 , 00.40 || 1708514236, 17.602324107025 , 78.126598423310, 0.01 , 0.01 ,22.78 , 10.25 , 1.15 , 0.70 , 359.24
2024-02-21 16:47:16,682 :- 00365: 138 , 22.20 , 00.40 || 1708514236, 17.602324107025 , 78.126598423310, 0.01 , 0.01 ,22.78 , 10.16 , 1.17 , 0.76 , 359.20
2024-02-21 16:47:16,712 :- 00366: 141 , 22.20 , 00.40 || 1708514236, 17.602324107025 , 78.126598423310, 0.01 , 0.01 ,22.66 , 9.77 , 1.17 , 0.77 , 359.18
2024-02-21 16:47:16,742 :- 00367: 144 , 22.10 , 00.40 || 1708514236, 17.602329813066 , 78.126598413149, 0.01 , 0.01 ,22.66 , 9.68 , 1.18 , 0.81 , 359.14
2024-02-21 16:47:16,772 :- 00368: 147 , 22.10 , 00.40 || 1708514236, 17.602329813066 , 78.126598413149, 0.01 , 0.01 ,22.66 , 9.67 , 1.19 , 0.82 , 359.12
2024-02-21 16:47:16,802 :- 00369: 150 , 22.10 , 00.40 || 1708514236, 17.602329813066 , 78.126598413149, 0.01 , 0.01 ,22.66 , 9.61 , 1.17 , 0.83 , 359.07
2024-02-21 16:47:16,832 :- 00370: 153 , 22.00 , 00.40 || 1708514236, 17.602335475829 , 78.126598370918, 0.01 , 0.01 ,22.55 , 9.49 , 1.17 , 0.84 , 359.05
2024-02-21 16:47:16,862 :- 00371: 156 , 22.00 , 00.40 || 1708514236, 17.602335475829 , 78.126598370918, 0.01 , 0.01 ,22.55 , 9.59 , 1.16 , 0.82 , 359.00
2024-02-21 16:47:16,892 :- 00372: 159 , 22.00 , 00.40 || 1708514236, 17.602335475829 , 78.126598370918, 0.01 , 0.01 ,22.55 , 9.62 , 1.16 , 0.80 , 358.98
2024-02-21 16:47:16,922 :- 00373: 162 , 22.00 , 00.40 || 1708514236, 17.602341103201 , 78.126598309716, 0.01 , 0.01 ,22.33 , 9.27 , 1.14 , 0.75 , 358.94
2024-02-21 16:47:16,952 :- 00374: 165 , 22.00 , 00.40 || 1708514236, 17.602341103201 , 78.126598309716, 0.01 , 0.01 ,22.33 , 9.97 , 1.14 , 0.72 , 358.92
2024-02-21 16:47:16,982 :- 00375: 168 , 22.00 , 00.40 || 1708514236, 17.602341103201 , 78.126598309716, 0.01 , 0.01 ,22.33 , 9.59 , 1.13 , 0.65 , 358.88
2024-02-21 16:47:17,012 :- 00376: 171 , 21.90 , 00.40 || 1708514237, 17.602341103201 , 78.126598309716, 0.01 , 0.01 ,22.33 , 9.71 , 1.11 , 0.63 , 358.85
2024-02-21 16:47:17,042 :- 00377: 174 , 21.90 , 00.40 || 1708514237, 17.602346695480 , 78.126598236069, 0.01 , 0.01 ,22.24 , 9.89 , 1.07 , 0.57 , 358.81
2024-02-21 16:47:17,072 :- 00378: 177 , 21.90 , 00.40 || 1708514237, 17.602346695480 , 78.126598236069, 0.01 , 0.01 ,22.24 , 9.90 , 1.06 , 0.56 , 358.79
2024-02-21 16:47:17,102 :- 00379: 180 , 21.90 , 00.40 || 1708514237, 17.602346695480 , 78.126598236069, 0.01 , 0.01 ,22.24 , 9.97 , 1.05 , 0.52 , 358.74
2024-02-21 16:47:17,132 :- 00380: 183 , 21.90 , 00.40 || 1708514237, 17.602352291619 , 78.126598144736, 0.01 , 0.01 ,22.30 , 10.07 , 1.06 , 0.51 , 358.71
2024-02-21 16:47:17,162 :- 00381: 186 , 21.90 , 00.40 || 1708514237, 17.602352291619 , 78.126598144736, 0.01 , 0.01 ,22.30 , 10.16 , 1.07 , 0.52 , 358.67
2024-02-21 16:47:17,192 :- 00382: 189 , 21.90 , 00.40 || 1708514237, 17.602352291619 , 78.126598144736, 0.01 , 0.01 ,22.30 , 9.96 , 1.08 , 0.53 , 358.64
2024-02-21 16:47:17,222 :- 00383: 192 , 21.90 , 00.40 || 1708514237, 17.602357925472 , 78.126598065391, 0.01 , 0.01 ,22.45 , 10.00 , 1.09 , 0.53 , 358.60
2024-02-21 16:47:17,252 :- 00384: 195 , 21.90 , 00.40 || 1708514237, 17.602357925472 , 78.126598065391, 0.01 , 0.01 ,22.45 , 10.09 , 1.09 , 0.55 , 358.58
2024-02-21 16:47:17,282 :- 00385: 198 , 21.90 , 00.40 || 1708514237, 17.602357925472 , 78.126598065391, 0.01 , 0.01 ,22.45 , 10.13 , 1.10 , 0.58 , 358.54
2024-02-21 16:47:17,312 :- 00386: 201 , 21.90 , 00.40 || 1708514237, 17.602357925472 , 78.126598065391, 0.01 , 0.01 ,22.49 , 10.26 , 1.12 , 0.60 , 358.51
2024-02-21 16:47:17,342 :- 00387: 204 , 21.90 , 00.40 || 1708514237, 17.602363567429 , 78.126597963280, 0.01 , 0.01 ,22.49 , 9.92 , 1.12 , 0.62 , 358.46
2024-02-21 16:47:17,372 :- 00388: 207 , 21.90 , 00.40 || 1708514237, 17.602363567429 , 78.126597963280, 0.01 , 0.01 ,22.49 , 9.39 , 1.12 , 0.65 , 358.44
2024-02-21 16:47:17,402 :- 00389: 210 , 21.90 , 00.40 || 1708514237, 17.602363567429 , 78.126597963280, 0.01 , 0.01 ,22.49 , 9.73 , 1.16 , 0.65 , 358.39
2024-02-21 16:47:17,432 :- 00390: 213 , 21.90 , 00.40 || 1708514237, 17.602369197570 , 78.126597871458, 0.01 , 0.01 ,22.40 , 9.63 , 1.17 , 0.65 , 358.37
2024-02-21 16:47:17,462 :- 00391: 216 , 21.90 , 00.40 || 1708514237, 17.602369197570 , 78.126597871458, 0.01 , 0.01 ,22.40 , 9.27 , 1.18 , 0.64 , 358.33
2024-02-21 16:47:17,492 :- 00392: 219 , 22.00 , 00.40 || 1708514237, 17.602369197570 , 78.126597871458, 0.01 , 0.01 ,22.40 , 9.11 , 1.20 , 0.63 , 358.31
2024-02-21 16:47:17,522 :- 00393: 222 , 21.90 , 00.40 || 1708514237, 17.602374797260 , 78.126597763573, 0.01 , 0.01 ,22.27 , 9.85 , 1.23 , 0.58 , 358.27
2024-02-21 16:47:17,552 :- 00394: 225 , 21.90 , 00.40 || 1708514237, 17.602374797260 , 78.126597763573, 0.01 , 0.01 ,22.27 , 9.53 , 1.24 , 0.56 , 358.25
2024-02-21 16:47:17,582 :- 00395: 228 , 21.90 , 00.40 || 1708514237, 17.602374797260 , 78.126597763573, 0.01 , 0.01 ,22.27 , 9.77 , 1.24 , 0.55 , 358.21
2024-02-21 16:47:17,612 :- 00396: 231 , 21.90 , 00.40 || 1708514237, 17.602374797260 , 78.126597763573, 0.01 , 0.01 ,22.38 , 9.74 , 1.26 , 0.52 , 358.19
2024-02-21 16:47:17,642 :- 00397: 234 , 21.90 , 00.40 || 1708514237, 17.602380420699 , 78.126597654335, 0.01 , 0.01 ,22.38 , 9.85 , 1.28 , 0.48 , 358.14
2024-02-21 16:47:17,672 :- 00398: 237 , 21.90 , 00.40 || 1708514237, 17.602380420699 , 78.126597654335, 0.01 , 0.01 ,22.38 , 10.19 , 1.28 , 0.47 , 358.12
2024-02-21 16:47:17,702 :- 00399: 240 , 21.90 , 00.40 || 1708514237, 17.602380420699 , 78.126597654335, 0.01 , 0.01 ,22.38 , 10.20 , 1.29 , 0.46 , 358.07
2024-02-21 16:47:17,732 :- 00400: 243 , 21.90 , 00.40 || 1708514237, 17.602386026211 , 78.126597524607, 0.01 , 0.01 ,22.42 , 10.10 , 1.29 , 0.46 , 358.05
2024-02-21 16:47:17,762 :- 00401: 246 , 21.90 , 00.40 || 1708514237, 17.602386026211 , 78.126597524607, 0.01 , 0.01 ,22.42 , 10.18 , 1.29 , 0.47 , 358.01
2024-02-21 16:47:17,792 :- 00402: 249 , 21.90 , 00.40 || 1708514237, 17.602386026211 , 78.126597524607, 0.01 , 0.01 ,22.42 , 10.32 , 1.30 , 0.49 , 357.99
2024-02-21 16:47:17,822 :- 00403: 252 , 21.90 , 00.40 || 1708514237, 17.602391663460 , 78.126597367608, 0.01 , 0.01 ,22.49 , 10.16 , 1.32 , 0.53 , 357.95
2024-02-21 16:47:17,852 :- 00404: 255 , 21.90 , 00.40 || 1708514237, 17.602391663460 , 78.126597367608, 0.01 , 0.01 ,22.49 , 9.86 , 1.33 , 0.54 , 357.93
2024-02-21 16:47:17,882 :- 00405: 002 , 22.00 , 00.40 || 1708514237, 17.602391663460 , 78.126597367608, 0.01 , 0.01 ,22.49 , 9.75 , 1.36 , 0.58 , 357.89
2024-02-21 16:47:17,912 :- 00406: 005 , 21.90 , 00.40 || 1708514237, 17.602391663460 , 78.126597367608, 0.01 , 0.01 ,22.45 , 9.86 , 1.41 , 0.60 , 357.87
2024-02-21 16:47:17,942 :- 00407: 008 , 22.00 , 00.40 || 1708514237, 17.602397311222 , 78.126597219770, 0.01 , 0.01 ,22.45 , 9.42 , 1.45 , 0.62 , 357.82
2024-02-21 16:47:17,972 :- 00408: 011 , 22.00 , 00.30 || 1708514237, 17.602397311222 , 78.126597219770, 0.01 , 0.01 ,22.45 , 9.68 , 1.49 , 0.62 , 357.80
2024-02-21 16:47:18,002 :- 00409: 014 , 21.90 , 00.30 || 1708514238, 17.602397311222 , 78.126597219770, 0.01 , 0.01 ,22.45 , 10.06 , 1.57 , 0.66 , 357.76
2024-02-21 16:47:18,032 :- 00410: 017 , 21.90 , 00.30 || 1708514238, 17.602402944392 , 78.126597102285, 0.01 , 0.01 ,22.45 , 9.70 , 1.60 , 0.65 , 357.74
2024-02-21 16:47:18,052 :- 00411: 017 , 21.90 , 00.30 || 1708514238, 17.602402944392 , 78.126597102285, 0.01 , 0.01 ,22.45 , 9.70 , 1.60 , 0.65 , 357.741708514238, 17.602402944392 , 78.126597102285, 0.01 , 0.01 ,22.45 , 9.89 , 1.62 , 0.65 , 357.72
2024-02-21 16:47:18,082 :- 00412: 022 , 21.90 , 00.30 || 1708514238, 17.602402944392 , 78.126597102285, 0.01 , 0.01 ,22.45 , 9.32 , 1.66 , 0.67 , 357.69
2024-02-21 16:47:18,112 :- 00413: 025 , 21.80 , 00.30 || 1708514238, 17.602402944392 , 78.126597102285, 0.01 , 0.01 ,22.24 , 9.58 , 1.69 , 0.67 , 357.68
2024-02-21 16:47:18,142 :- 00414: 028 , 21.80 , 00.20 || 1708514238, 17.602408535239 , 78.126596967250, 0.01 , 0.01 ,22.24 , 9.55 , 1.70 , 0.68 , 357.65
2024-02-21 16:47:18,172 :- 00415: 031 , 21.70 , 00.20 || 1708514238, 17.602408535239 , 78.126596967250, 0.01 , 0.01 ,22.24 , 9.45 , 1.70 , 0.66 , 357.63
2024-02-21 16:47:18,202 :- 00416: 034 , 21.70 , 00.20 || 1708514238, 17.602408535239 , 78.126596967250, 0.01 , 0.01 ,22.24 , 9.78 , 1.71 , 0.69 , 357.61
2024-02-21 16:47:18,232 :- 00417: 037 , 21.60 , 00.10 || 1708514238, 17.602414079365 , 78.126596782871, 0.01 , 0.01 ,22.12 , 9.76 , 1.72 , 0.70 , 357.59
2024-02-21 16:47:18,262 :- 00418: 040 , 21.60 , 00.10 || 1708514238, 17.602414079365 , 78.126596782871, 0.01 , 0.01 ,22.12 , 9.71 , 1.69 , 0.69 , 357.57
2024-02-21 16:47:18,292 :- 00419: 043 , 21.50 , 00.10 || 1708514238, 17.602414079365 , 78.126596782871, 0.01 , 0.01 ,22.12 , 9.88 , 1.69 , 0.71 , 357.55
2024-02-21 16:47:18,322 :- 00420: 046 , 21.50 , 00.00 || 1708514238, 17.602419594054 , 78.126596587182, 0.01 , 0.01 ,21.93 , 9.81 , 1.69 , 0.73 , 357.53
2024-02-21 16:47:18,352 :- 00421: 049 , 21.40 , -0.00 || 1708514238, 17.602419594054 , 78.126596587182, 0.01 , 0.01 ,21.93 , 9.85 , 1.69 , 0.72 , 357.52
2024-02-21 16:47:18,382 :- 00422: 052 , 21.40 , -0.10 || 1708514238, 17.602419594054 , 78.126596587182, 0.01 , 0.01 ,21.93 , 10.39 , 1.72 , 0.72 , 357.50
2024-02-21 16:47:18,412 :- 00423: 055 , 21.30 , -0.10 || 1708514238, 17.602419594054 , 78.126596587182, 0.01 , 0.01 ,21.87 , 9.90 , 1.72 , 0.75 , 357.49
2024-02-21 16:47:18,442 :- 00424: 058 , 21.30 , -0.10 || 1708514238, 17.602425048070 , 78.126596471847, 0.01 , 0.01 ,21.87 , 10.15 , 1.74 , 0.75 , 357.48
2024-02-21 16:47:18,472 :- 00425: 061 , 21.30 , -0.10 || 1708514238, 17.602425048070 , 78.126596471847, 0.01 , 0.01 ,21.87 , 9.80 , 1.74 , 0.76 , 357.48
2024-02-21 16:47:18,502 :- 00426: 064 , 21.30 , -0.20 || 1708514238, 17.602425048070 , 78.126596471847, 0.01 , 0.01 ,21.87 , 9.96 , 1.76 , 0.77 , 357.48
2024-02-21 16:47:18,532 :- 00427: 067 , 21.30 , -0.20 || 1708514238, 17.602430515877 , 78.126596288918, 0.01 , 0.01 ,21.78 , 9.74 , 1.77 , 0.79 , 357.48
2024-02-21 16:47:18,562 :- 00428: 070 , 21.30 , -0.20 || 1708514238, 17.602430515877 , 78.126596288918, 0.01 , 0.01 ,21.78 , 10.05 , 1.78 , 0.83 , 357.48
2024-02-21 16:47:18,592 :- 00429: 073 , 21.30 , -0.20 || 1708514238, 17.602430515877 , 78.126596288918, 0.01 , 0.01 ,21.78 , 9.57 , 1.77 , 0.85 , 357.49
2024-02-21 16:47:18,622 :- 00430: 076 , 21.20 , -0.20 || 1708514238, 17.602435948473 , 78.126596124209, 0.01 , 0.01 ,21.71 , 9.38 , 1.78 , 0.89 , 357.50
2024-02-21 16:47:18,652 :- 00431: 079 , 21.10 , -0.20 || 1708514238, 17.602435948473 , 78.126596124209, 0.01 , 0.01 ,21.71 , 9.77 , 1.77 , 0.90 , 357.50
2024-02-21 16:47:18,682 :- 00432: 082 , 21.00 , -0.20 || 1708514238, 17.602435948473 , 78.126596124209, 0.01 , 0.01 ,21.71 , 9.55 , 1.72 , 0.93 , 357.51
2024-02-21 16:47:18,712 :- 00433: 085 , 21.00 , -0.20 || 1708514238, 17.602435948473 , 78.126596124209, 0.01 , 0.01 ,21.36 , 9.26 , 1.69 , 0.95 , 357.52
2024-02-21 16:47:18,742 :- 00434: 088 , 20.90 , -0.20 || 1708514238, 17.602441329294 , 78.126595904764, 0.01 , 0.01 ,21.36 , 9.65 , 1.69 , 0.96 , 357.54
2024-02-21 16:47:18,772 :- 00435: 091 , 20.80 , -0.20 || 1708514238, 17.602441329294 , 78.126595904764, 0.01 , 0.01 ,21.36 , 9.56 , 1.68 , 0.96 , 357.55
2024-02-21 16:47:18,802 :- 00436: 094 , 20.70 , -0.20 || 1708514238, 17.602441329294 , 78.126595904764, 0.01 , 0.01 ,21.36 , 9.41 , 1.65 , 0.96 , 357.56
2024-02-21 16:47:18,832 :- 00437: 097 , 20.60 , -0.20 || 1708514238, 17.602446613780 , 78.126595696540, 0.01 , 0.01 ,21.02 , 9.70 , 1.65 , 0.94 , 357.56
2024-02-21 16:47:18,862 :- 00438: 100 , 20.50 , -0.20 || 1708514238, 17.602446613780 , 78.126595696540, 0.01 , 0.01 ,21.02 , 10.07 , 1.64 , 0.93 , 357.57
2024-02-21 16:47:18,892 :- 00439: 103 , 20.40 , -0.20 || 1708514238, 17.602446613780 , 78.126595696540, 0.01 , 0.01 ,21.02 , 10.07 , 1.63 , 0.93 , 357.57
2024-02-21 16:47:18,922 :- 00440: 106 , 20.40 , -0.20 || 1708514238, 17.602451829955 , 78.126595520179, 0.01 , 0.01 ,20.72 , 9.93 , 1.62 , 0.93 , 357.58
2024-02-21 16:47:18,952 :- 00441: 109 , 20.30 , -0.20 || 1708514238, 17.602451829955 , 78.126595520179, 0.01 , 0.01 ,20.72 , 9.71 , 1.61 , 0.93 , 357.58
2024-02-21 16:47:18,982 :- 00442: 112 , 20.20 , -0.20 || 1708514238, 17.602451829955 , 78.126595520179, 0.01 , 0.01 ,20.72 , 9.94 , 1.61 , 0.92 , 357.59
2024-02-21 16:47:19,012 :- 00443: 115 , 20.20 , -0.20 || 1708514239, 17.602451829955 , 78.126595520179, 0.01 , 0.01 ,20.72 , 9.52 , 1.60 , 0.90 , 357.60
2024-02-21 16:47:19,042 :- 00444: 118 , 20.20 , -0.20 || 1708514239, 17.602456991439 , 78.126595342167, 0.01 , 0.01 ,20.53 , 9.86 , 1.61 , 0.89 , 357.61
2024-02-21 16:47:19,072 :- 00445: 121 , 20.10 , -0.20 || 1708514239, 17.602456991439 , 78.126595342167, 0.01 , 0.01 ,20.53 , 9.91 , 1.60 , 0.87 , 357.62
2024-02-21 16:47:19,102 :- 00446: 124 , 20.10 , -0.20 || 1708514239, 17.602456991439 , 78.126595342167, 0.01 , 0.01 ,20.53 , 9.64 , 1.57 , 0.85 , 357.64
2024-02-21 16:47:19,132 :- 00447: 127 , 20.00 , -0.20 || 1708514239, 17.602462118880 , 78.126595153162, 0.01 , 0.01 ,20.38 , 10.22 , 1.56 , 0.84 , 357.65
2024-02-21 16:47:19,162 :- 00448: 130 , 20.00 , -0.20 || 1708514239, 17.602462118880 , 78.126595153162, 0.01 , 0.01 ,20.38 , 9.68 , 1.54 , 0.82 , 357.66
2024-02-21 16:47:19,192 :- 00449: 133 , 20.00 , -0.20 || 1708514239, 17.602462118880 , 78.126595153162, 0.01 , 0.01 ,20.38 , 10.16 , 1.53 , 0.82 , 357.67
2024-02-21 16:47:19,222 :- 00450: 136 , 20.00 , -0.20 || 1708514239, 17.602467234915 , 78.126594970678, 0.01 , 0.01 ,20.39 , 9.70 , 1.50 , 0.82 , 357.68
2024-02-21 16:47:19,252 :- 00451: 139 , 20.00 , -0.30 || 1708514239, 17.602467234915 , 78.126594970678, 0.01 , 0.01 ,20.39 , 9.84 , 1.49 , 0.81 , 357.68
2024-02-21 16:47:19,282 :- 00452: 142 , 19.90 , -0.30 || 1708514239, 17.602467234915 , 78.126594970678, 0.01 , 0.01 ,20.39 , 9.95 , 1.47 , 0.83 , 357.69
2024-02-21 16:47:19,312 :- 00453: 145 , 19.90 , -0.30 || 1708514239, 17.602467234915 , 78.126594970678, 0.01 , 0.01 ,20.38 , 9.39 , 1.47 , 0.83 , 357.70
2024-02-21 16:47:19,342 :- 00454: 148 , 19.90 , -0.30 || 1708514239, 17.602472345358 , 78.126594794401, 0.01 , 0.01 ,20.38 , 9.65 , 1.47 , 0.83 , 357.72
2024-02-21 16:47:19,372 :- 00455: 151 , 19.90 , -0.30 || 1708514239, 17.602472345358 , 78.126594794401, 0.01 , 0.01 ,20.38 , 9.86 , 1.47 , 0.82 , 357.73
2024-02-21 16:47:19,402 :- 00456: 154 , 19.80 , -0.40 || 1708514239, 17.602472345358 , 78.126594794401, 0.01 , 0.01 ,20.38 , 9.71 , 1.46 , 0.82 , 357.75
