2024-01-24 12:41:55,002 :- 00001: Feedback Code Starting
2024-01-24 12:41:55,023 :- 00002: 085 , 30.00 , -0.70 || 1706080315, 17.601669353724 , 78.126609104148, 0.01 , 0.01 ,28.37 , 10.12 , 0.91 , -0.72 , 358.90
2024-01-24 12:41:55,053 :- 00003: 088 , 30.00 , -0.70 || 1706080315, 17.601669353724 , 78.126609104148, 0.01 , 0.01 ,28.37 , 9.64 , 0.91 , -0.69 , 358.90
2024-01-24 12:41:55,083 :- 00004: 091 , 30.00 , -0.80 || 1706080315, 17.601669353724 , 78.126609104148, 0.01 , 0.01 ,28.37 , 9.57 , 0.90 , -0.68 , 358.91
2024-01-24 12:41:55,112 :- 00005: 091 , 30.00 , -0.80 || 1706080315, 17.601669353724 , 78.126609104148, 0.01 , 0.01 ,28.37 , 9.57 , 0.90 , -0.68 , 358.911706080315, 17.601669353724 , 78.126609104148, 0.01 , 0.01 ,28.62 , 9.69 , 0.90 , -0.64 , 358.92
2024-01-24 12:41:55,143 :- 00006: 097 , 30.00 , -0.80 || 1706080315, 17.601676534469 , 78.126608959974, 0.01 , 0.01 ,28.62 , 9.10 , 0.87 , -0.63 , 358.95
2024-01-24 12:41:55,173 :- 00007: 100 , 30.00 , -1.00 || 1706080315, 17.601676534469 , 78.126608959974, 0.01 , 0.01 ,28.62 , 9.80 , 0.86 , -0.62 , 358.97
2024-01-24 12:41:55,203 :- 00008: 103 , 30.00 , -1.00 || 1706080315, 17.601676534469 , 78.126608959974, 0.01 , 0.01 ,28.62 , 9.94 , 0.82 , -0.61 , 359.03
2024-01-24 12:41:55,233 :- 00009: 106 , 30.00 , -1.00 || 1706080315, 17.601683767091 , 78.126608820262, 0.01 , 0.01 ,28.82 , 9.27 , 0.80 , -0.62 , 359.07
2024-01-24 12:41:55,263 :- 00010: 109 , 30.00 , -1.00 || 1706080315, 17.601683767091 , 78.126608820262, 0.01 , 0.01 ,28.82 , 9.49 , 0.76 , -0.66 , 359.16
2024-01-24 12:41:55,293 :- 00011: 112 , 30.00 , -1.20 || 1706080315, 17.601683767091 , 78.126608820262, 0.01 , 0.01 ,28.82 , 9.82 , 0.75 , -0.66 , 359.21
2024-01-24 12:41:55,323 :- 00012: 115 , 30.00 , -1.20 || 1706080315, 17.601691038082 , 78.126608687794, 0.01 , 0.01 ,28.98 , 9.63 , 0.73 , -0.68 , 359.32
2024-01-24 12:41:55,353 :- 00013: 118 , 30.00 , -1.20 || 1706080315, 17.601691038082 , 78.126608687794, 0.01 , 0.01 ,28.98 , 9.90 , 0.73 , -0.72 , 359.37
2024-01-24 12:41:55,383 :- 00014: 121 , 30.00 , -0.50 || 1706080315, 17.601691038082 , 78.126608687794, 0.01 , 0.01 ,28.98 , 9.60 , 0.75 , -0.77 , 359.47
2024-01-24 12:41:55,413 :- 00015: 124 , 30.00 , -0.20 || 1706080315, 17.601691038082 , 78.126608687794, 0.01 , 0.01 ,29.22 , 10.10 , 0.75 , -0.79 , 359.52
2024-01-24 12:41:55,443 :- 00016: 127 , 30.00 , -0.20 || 1706080315, 17.601698370482 , 78.126608607732, 0.01 , 0.01 ,29.22 , 10.26 , 0.76 , -0.85 , 359.62
2024-01-24 12:41:55,473 :- 00017: 130 , 30.00 , -0.20 || 1706080315, 17.601698370482 , 78.126608607732, 0.01 , 0.01 ,29.22 , 10.04 , 0.77 , -0.87 , 359.67
2024-01-24 12:41:55,503 :- 00018: 133 , 30.00 , -0.20 || 1706080315, 17.601698370482 , 78.126608607732, 0.01 , 0.01 ,29.22 , 10.06 , 0.79 , -0.90 , 359.78
2024-01-24 12:41:55,533 :- 00019: 136 , 30.00 , -0.20 || 1706080315, 17.601705787903 , 78.126608581949, 0.01 , 0.01 ,29.56 , 9.95 , 0.81 , -0.91 , 359.84
2024-01-24 12:41:55,563 :- 00020: 139 , 30.00 , -0.20 || 1706080315, 17.601705787903 , 78.126608581949, 0.01 , 0.01 ,29.56 , 10.30 , 0.85 , -0.92 , 359.95
2024-01-24 12:41:55,593 :- 00021: 142 , 30.00 , -0.20 || 1706080315, 17.601705787903 , 78.126608581949, 0.01 , 0.01 ,29.56 , 9.89 , 0.88 , -0.91 , 359.99
2024-01-24 12:41:55,623 :- 00022: 145 , 30.00 , -0.20 || 1706080315, 17.601713296042 , 78.126608624378, 0.01 , 0.01 ,29.92 , 10.25 , 0.97 , -0.92 , 0.05
2024-01-24 12:41:55,653 :- 00023: 148 , 30.00 , -0.20 || 1706080315, 17.601713296042 , 78.126608624378, 0.01 , 0.01 ,29.92 , 9.72 , 1.03 , -0.90 , 0.05
2024-01-24 12:41:55,683 :- 00024: 151 , 30.00 , -0.20 || 1706080315, 17.601713296042 , 78.126608624378, 0.01 , 0.01 ,29.92 , 10.01 , 1.12 , -0.88 , 0.03
2024-01-24 12:41:55,713 :- 00025: 154 , 30.00 , -0.20 || 1706080315, 17.601713296042 , 78.126608624378, 0.01 , 0.01 ,30.21 , 9.91 , 1.16 , -0.87 , 0.01
2024-01-24 12:41:55,743 :- 00026: 157 , 30.00 , -0.20 || 1706080315, 17.601720878282 , 78.126608677582, 0.01 , 0.01 ,30.21 , 9.61 , 1.20 , -0.84 , 359.96
2024-01-24 12:41:55,773 :- 00027: 160 , 30.00 , -0.20 || 1706080315, 17.601720878282 , 78.126608677582, 0.01 , 0.01 ,30.21 , 9.57 , 1.21 , -0.82 , 359.94
2024-01-24 12:41:55,803 :- 00028: 163 , 30.00 , -0.00 || 1706080315, 17.601720878282 , 78.126608677582, 0.01 , 0.01 ,30.21 , 9.50 , 1.19 , -0.79 , 359.91
2024-01-24 12:41:55,833 :- 00029: 166 , 30.00 , -0.00 || 1706080315, 17.601728541102 , 78.126608726417, 0.01 , 0.01 ,30.53 , 10.04 , 1.18 , -0.78 , 359.90
2024-01-24 12:41:55,863 :- 00030: 169 , 30.00 , -0.00 || 1706080315, 17.601728541102 , 78.126608726417, 0.01 , 0.01 ,30.53 , 9.41 , 1.17 , -0.73 , 359.91
2024-01-24 12:41:55,893 :- 00031: 172 , 30.00 , -0.00 || 1706080315, 17.601728541102 , 78.126608726417, 0.01 , 0.01 ,30.53 , 9.30 , 1.15 , -0.74 , 359.91
2024-01-24 12:41:55,923 :- 00032: 175 , 30.00 , -0.00 || 1706080315, 17.601736269794 , 78.126608733164, 0.01 , 0.01 ,30.80 , 9.63 , 1.13 , -0.73 , 359.93
2024-01-24 12:41:55,953 :- 00033: 178 , 30.00 , -0.00 || 1706080315, 17.601736269794 , 78.126608733164, 0.01 , 0.01 ,30.80 , 9.78 , 1.11 , -0.72 , 359.95
2024-01-24 12:41:55,983 :- 00034: 181 , 30.00 , 00.00 || 1706080315, 17.601736269794 , 78.126608733164, 0.01 , 0.01 ,30.80 , 9.73 , 1.08 , -0.75 , 359.96
2024-01-24 12:41:56,013 :- 00035: 184 , 30.00 , 00.00 || 1706080316, 17.601736269794 , 78.126608733164, 0.01 , 0.01 ,30.80 , 9.64 , 1.05 , -0.75 , 359.96
2024-01-24 12:41:56,043 :- 00036: 187 , 30.00 , 00.00 || 1706080316, 17.601744062263 , 78.126608752965, 0.01 , 0.01 ,31.05 , 9.76 , 1.00 , -0.78 , 359.94
2024-01-24 12:41:56,073 :- 00037: 190 , 30.00 , 00.00 || 1706080316, 17.601744062263 , 78.126608752965, 0.01 , 0.01 ,31.05 , 9.86 , 0.98 , -0.78 , 359.93
2024-01-24 12:41:56,103 :- 00038: 193 , 30.00 , 00.00 || 1706080316, 17.601744062263 , 78.126608752965, 0.01 , 0.01 ,31.05 , 9.97 , 0.95 , -0.80 , 359.90
2024-01-24 12:41:56,133 :- 00039: 196 , 30.00 , 00.00 || 1706080316, 17.601751891193 , 78.126608745803, 0.01 , 0.01 ,31.20 , 10.00 , 0.95 , -0.82 , 359.89
2024-01-24 12:41:56,163 :- 00040: 199 , 30.00 , 00.00 || 1706080316, 17.601751891193 , 78.126608745803, 0.01 , 0.01 ,31.20 , 9.89 , 0.92 , -0.83 , 359.86
2024-01-24 12:41:56,193 :- 00041: 202 , 30.00 , 00.10 || 1706080316, 17.601751891193 , 78.126608745803, 0.01 , 0.01 ,31.20 , 9.91 , 0.92 , -0.85 , 359.85
2024-01-24 12:41:56,223 :- 00042: 205 , 30.00 , 00.10 || 1706080316, 17.601759800767 , 78.126608709312, 0.01 , 0.01 ,31.52 , 9.99 , 0.94 , -0.87 , 359.83
2024-01-24 12:41:56,253 :- 00043: 208 , 30.00 , 00.10 || 1706080316, 17.601759800767 , 78.126608709312, 0.01 , 0.01 ,31.52 , 10.16 , 0.95 , -0.87 , 359.82
2024-01-24 12:41:56,283 :- 00044: 211 , 30.00 , 00.10 || 1706080316, 17.601759800767 , 78.126608709312, 0.01 , 0.01 ,31.52 , 10.08 , 0.96 , -0.87 , 359.80
2024-01-24 12:41:56,313 :- 00045: 214 , 30.00 , 00.10 || 1706080316, 17.601759800767 , 78.126608709312, 0.01 , 0.01 ,31.85 , 9.90 , 0.98 , -0.88 , 359.79
2024-01-24 12:41:56,343 :- 00046: 217 , 30.00 , 00.10 || 1706080316, 17.601767793669 , 78.126608711935, 0.01 , 0.01 ,31.85 , 9.69 , 1.02 , -0.84 , 359.78
2024-01-24 12:41:56,373 :- 00047: 220 , 30.00 , 00.10 || 1706080316, 17.601767793669 , 78.126608711935, 0.01 , 0.01 ,31.85 , 9.85 , 1.03 , -0.84 , 359.77
2024-01-24 12:41:56,403 :- 00048: 223 , 30.00 , 00.10 || 1706080316, 17.601767793669 , 78.126608711935, 0.01 , 0.01 ,31.85 , 9.69 , 1.09 , -0.82 , 359.75
2024-01-24 12:41:56,433 :- 00049: 226 , 30.00 , 00.10 || 1706080316, 17.601775856063 , 78.126608729985, 0.01 , 0.01 ,32.13 , 10.12 , 1.13 , -0.80 , 359.74
2024-01-24 12:41:56,463 :- 00050: 229 , 30.00 , 00.10 || 1706080316, 17.601775856063 , 78.126608729985, 0.01 , 0.01 ,32.13 , 9.82 , 1.21 , -0.79 , 359.71
2024-01-24 12:41:56,493 :- 00051: 232 , 30.00 , 00.20 || 1706080316, 17.601775856063 , 78.126608729985, 0.01 , 0.01 ,32.13 , 9.08 , 1.22 , -0.80 , 359.69
2024-01-24 12:41:56,523 :- 00052: 235 , 30.00 , 00.20 || 1706080316, 17.601783991052 , 78.126608764056, 0.01 , 0.01 ,32.42 , 9.60 , 1.27 , -0.81 , 359.65
2024-01-24 12:41:56,553 :- 00053: 238 , 30.00 , 00.20 || 1706080316, 17.601783991052 , 78.126608764056, 0.01 , 0.01 ,32.42 , 10.06 , 1.29 , -0.79 , 359.63
2024-01-24 12:41:56,583 :- 00054: 241 , 30.00 , 00.20 || 1706080316, 17.601783991052 , 78.126608764056, 0.01 , 0.01 ,32.42 , 9.35 , 1.38 , -0.80 , 359.61
2024-01-24 12:41:56,613 :- 00055: 244 , 30.00 , 00.30 || 1706080316, 17.601783991052 , 78.126608764056, 0.01 , 0.01 ,32.63 , 9.44 , 1.39 , -0.85 , 359.59
2024-01-24 12:41:56,643 :- 00056: 247 , 30.00 , 00.30 || 1706080316, 17.601792180302 , 78.126608743178, 0.01 , 0.01 ,32.63 , 9.43 , 1.44 , -0.87 , 359.57
2024-01-24 12:41:56,673 :- 00057: 250 , 30.00 , 00.30 || 1706080316, 17.601792180302 , 78.126608743178, 0.01 , 0.01 ,32.63 , 10.70 , 1.46 , -0.89 , 359.55
2024-01-24 12:41:56,703 :- 00058: 253 , 30.00 , 00.80 || 1706080316, 17.601792180302 , 78.126608743178, 0.01 , 0.01 ,32.63 , 10.02 , 1.53 , -0.87 , 359.51
2024-01-24 12:41:56,733 :- 00059: 000 , 30.00 , 00.80 || 1706080316, 17.601800430049 , 78.126608738436, 0.01 , 0.01 ,32.87 , 9.72 , 1.56 , -0.89 , 359.49
2024-01-24 12:41:56,763 :- 00060: 003 , 30.00 , 00.80 || 1706080316, 17.601800430049 , 78.126608738436, 0.01 , 0.01 ,32.87 , 10.02 , 1.55 , -0.94 , 359.46
2024-01-24 12:41:56,793 :- 00061: 006 , 30.00 , 01.20 || 1706080316, 17.601800430049 , 78.126608738436, 0.01 , 0.01 ,32.87 , 10.15 , 1.55 , -0.90 , 359.44
2024-01-24 12:41:56,823 :- 00062: 009 , 30.00 , 01.20 || 1706080316, 17.601808759575 , 78.126608692613, 0.01 , 0.01 ,33.19 , 10.05 , 1.50 , -0.95 , 359.40
2024-01-24 12:41:56,852 :- 00063: 012 , 30.00 , 01.20 || 1706080316, 17.601808759575 , 78.126608692613, 0.01 , 0.01 ,33.19 , 9.98 , 1.50 , -0.95 , 359.38
2024-01-24 12:41:56,883 :- 00064: 015 , 30.00 , 01.20 || 1706080316, 17.601808759575 , 78.126608692613, 0.01 , 0.01 ,33.19 , 10.24 , 1.51 , -0.89 , 359.30
2024-01-24 12:41:56,913 :- 00065: 018 , 30.00 , 00.80 || 1706080316, 17.601808759575 , 78.126608692613, 0.01 , 0.01 ,33.50 , 9.83 , 1.52 , -0.90 , 359.26
2024-01-24 12:41:56,943 :- 00066: 021 , 30.00 , 00.80 || 1706080316, 17.601817166500 , 78.126608596303, 0.01 , 0.01 ,33.50 , 8.87 , 1.61 , -0.86 , 359.14
2024-01-24 12:41:56,973 :- 00067: 024 , 30.00 , 00.80 || 1706080316, 17.601817166500 , 78.126608596303, 0.01 , 0.01 ,33.50 , 10.07 , 1.66 , -0.82 , 359.06
2024-01-24 12:41:57,003 :- 00068: 027 , 30.00 , 00.90 || 1706080316, 17.601817166500 , 78.126608596303, 0.01 , 0.01 ,33.50 , 10.09 , 1.73 , -0.81 , 358.88
2024-01-24 12:41:57,032 :- 00069: 027 , 30.00 , 00.90 || 1706080316, 17.601817166500 , 78.126608596303, 0.01 , 0.01 ,33.50 , 10.09 , 1.73 , -0.81 , 358.881706080317, 17.601825664435 , 78.126608537183, 0.01 , 0.01 ,33.86 , 10.21 , 1.78 , -0.73 , 358.78
2024-01-24 12:41:57,053 :- 00070: 032 , 30.00 , 00.90 || 1706080317, 17.601825664435 , 78.126608537183, 0.01 , 0.01 ,33.86 , 10.33 , 1.80 , -0.69 , 358.67
2024-01-24 12:41:57,083 :- 00071: 035 , 30.00 , 00.90 || 1706080317, 17.601825664435 , 78.126608537183, 0.01 , 0.01 ,33.86 , 8.92 , 1.84 , -0.69 , 358.49
2024-01-24 12:41:57,113 :- 00072: 038 , 30.00 , 01.10 || 1706080317, 17.601825664435 , 78.126608537183, 0.01 , 0.01 ,34.22 , 8.84 , 1.84 , -0.62 , 358.41
2024-01-24 12:41:57,143 :- 00073: 041 , 30.00 , 01.10 || 1706080317, 17.601834251830 , 78.126608414359, 0.01 , 0.01 ,34.22 , 10.12 , 1.87 , -0.54 , 358.29
2024-01-24 12:41:57,173 :- 00074: 044 , 30.00 , 01.10 || 1706080317, 17.601834251830 , 78.126608414359, 0.01 , 0.01 ,34.22 , 8.94 , 1.87 , -0.55 , 358.24
2024-01-24 12:41:57,203 :- 00075: 047 , 30.00 , 00.40 || 1706080317, 17.601834251830 , 78.126608414359, 0.01 , 0.01 ,34.22 , 9.34 , 1.92 , -0.54 , 358.16
2024-01-24 12:41:57,233 :- 00076: 050 , 30.00 , 00.10 || 1706080317, 17.601842872685 , 78.126608185582, 0.01 , 0.01 ,34.36 , 9.21 , 1.92 , -0.55 , 358.12
2024-01-24 12:41:57,263 :- 00077: 053 , 30.00 , 00.10 || 1706080317, 17.601842872685 , 78.126608185582, 0.01 , 0.01 ,34.36 , 8.70 , 1.95 , -0.57 , 358.01
2024-01-24 12:41:57,293 :- 00078: 056 , 30.00 , 00.10 || 1706080317, 17.601842872685 , 78.126608185582, 0.01 , 0.01 ,34.36 , 10.07 , 1.95 , -0.56 , 357.95
2024-01-24 12:41:57,323 :- 00079: 059 , 30.00 , 00.10 || 1706080317, 17.601851532123 , 78.126607897462, 0.01 , 0.01 ,34.52 , 9.48 , 1.99 , -0.61 , 357.79
2024-01-24 12:41:57,353 :- 00080: 062 , 30.00 , 00.10 || 1706080317, 17.601851532123 , 78.126607897462, 0.01 , 0.01 ,34.52 , 9.30 , 2.01 , -0.64 , 357.71
2024-01-24 12:41:57,383 :- 00081: 065 , 30.00 , 00.10 || 1706080317, 17.601851532123 , 78.126607897462, 0.01 , 0.01 ,34.52 , 11.47 , 2.06 , -0.65 , 357.55
2024-01-24 12:41:57,413 :- 00082: 068 , 30.00 , -0.10 || 1706080317, 17.601851532123 , 78.126607897462, 0.01 , 0.01 ,34.85 , 10.41 , 2.05 , -0.64 , 357.48
2024-01-24 12:41:57,443 :- 00083: 071 , 30.00 , -0.10 || 1706080317, 17.601860274152 , 78.126607605134, 0.01 , 0.01 ,34.85 , 10.22 , 2.05 , -0.61 , 357.38
2024-01-24 12:41:57,473 :- 00084: 074 , 34.20 , -0.20 || 1706080317, 17.601860274152 , 78.126607605134, 0.01 , 0.01 ,34.85 , 9.93 , 2.00 , -0.62 , 357.35
2024-01-24 12:41:57,503 :- 00085: 077 , 34.30 , -0.20 || 1706080317, 17.601860274152 , 78.126607605134, 0.01 , 0.01 ,34.85 , 9.69 , 1.94 , -0.51 , 357.35
2024-01-24 12:41:57,533 :- 00086: 080 , 34.40 , -0.20 || 1706080317, 17.601869112328 , 78.126607234892, 0.01 , 0.01 ,35.25 , 9.41 , 1.90 , -0.48 , 357.36
2024-01-24 12:41:57,563 :- 00087: 083 , 34.50 , -0.20 || 1706080317, 17.601869112328 , 78.126607234892, 0.01 , 0.01 ,35.25 , 9.59 , 1.84 , -0.44 , 357.42
2024-01-24 12:41:57,593 :- 00088: 086 , 34.60 , -0.20 || 1706080317, 17.601869112328 , 78.126607234892, 0.01 , 0.01 ,35.25 , 9.80 , 1.80 , -0.38 , 357.44
2024-01-24 12:41:57,623 :- 00089: 089 , 34.60 , -0.20 || 1706080317, 17.601877999514 , 78.126606762719, 0.01 , 0.01 ,35.46 , 9.61 , 1.76 , -0.34 , 357.48
2024-01-24 12:41:57,653 :- 00090: 092 , 34.70 , -0.20 || 1706080317, 17.601877999514 , 78.126606762719, 0.01 , 0.01 ,35.46 , 9.37 , 1.73 , -0.33 , 357.49
2024-01-24 12:41:57,683 :- 00091: 095 , 34.80 , -0.20 || 1706080317, 17.601877999514 , 78.126606762719, 0.01 , 0.01 ,35.46 , 9.34 , 1.69 , -0.31 , 357.50
2024-01-24 12:41:57,713 :- 00092: 098 , 34.80 , -0.20 || 1706080317, 17.601877999514 , 78.126606762719, 0.01 , 0.01 ,35.71 , 9.68 , 1.66 , -0.31 , 357.50
2024-01-24 12:41:57,743 :- 00093: 101 , 34.90 , -0.20 || 1706080317, 17.601886952316 , 78.126606321147, 0.01 , 0.01 ,35.71 , 9.46 , 1.64 , -0.30 , 357.50
2024-01-24 12:41:57,773 :- 00094: 104 , 35.00 , -0.20 || 1706080317, 17.601886952316 , 78.126606321147, 0.01 , 0.01 ,35.71 , 9.48 , 1.64 , -0.28 , 357.50
2024-01-24 12:41:57,803 :- 00095: 107 , 35.00 , -0.20 || 1706080317, 17.601886952316 , 78.126606321147, 0.01 , 0.01 ,35.71 , 9.97 , 1.63 , -0.32 , 357.50
2024-01-24 12:41:57,833 :- 00096: 110 , 35.00 , -0.20 || 1706080317, 17.601895909576 , 78.126605938903, 0.01 , 0.01 ,35.72 , 10.61 , 1.63 , -0.29 , 357.50
2024-01-24 12:41:57,863 :- 00097: 113 , 35.00 , -0.20 || 1706080317, 17.601895909576 , 78.126605938903, 0.01 , 0.01 ,35.72 , 9.66 , 1.62 , -0.30 , 357.49
2024-01-24 12:41:57,893 :- 00098: 116 , 35.00 , -0.20 || 1706080317, 17.601895909576 , 78.126605938903, 0.01 , 0.01 ,35.72 , 10.42 , 1.60 , -0.31 , 357.49
2024-01-24 12:41:57,923 :- 00099: 119 , 35.00 , -0.20 || 1706080317, 17.601904861149 , 78.126605558501, 0.01 , 0.01 ,35.70 , 9.91 , 1.59 , -0.24 , 357.50
2024-01-24 12:41:57,953 :- 00100: 122 , 34.90 , -0.20 || 1706080317, 17.601904861149 , 78.126605558501, 0.01 , 0.01 ,35.70 , 10.59 , 1.59 , -0.22 , 357.51
2024-01-24 12:41:57,983 :- 00101: 125 , 34.90 , -0.20 || 1706080317, 17.601904861149 , 78.126605558501, 0.01 , 0.01 ,35.70 , 10.33 , 1.62 , -0.12 , 357.52
2024-01-24 12:41:58,013 :- 00102: 128 , 34.80 , -0.20 || 1706080318, 17.601904861149 , 78.126605558501, 0.01 , 0.01 ,35.70 , 9.92 , 1.64 , -0.07 , 357.52
2024-01-24 12:41:58,043 :- 00103: 131 , 34.70 , -0.20 || 1706080318, 17.601913791670 , 78.126605179590, 0.01 , 0.01 ,35.61 , 10.58 , 1.65 , -0.04 , 357.53
2024-01-24 12:41:58,073 :- 00104: 134 , 34.60 , -0.20 || 1706080318, 17.601913791670 , 78.126605179590, 0.01 , 0.01 ,35.61 , 9.97 , 1.68 , 0.03 , 357.53
2024-01-24 12:41:58,103 :- 00105: 137 , 34.50 , -0.20 || 1706080318, 17.601913791670 , 78.126605179590, 0.01 , 0.01 ,35.61 , 10.16 , 1.67 , 0.14 , 357.54
2024-01-24 12:41:58,132 :- 00106: 140 , 34.40 , -0.20 || 1706080318, 17.601922634121 , 78.126604833810, 0.01 , 0.01 ,35.26 , 9.14 , 1.66 , 0.15 , 357.54
2024-01-24 12:41:58,163 :- 00107: 143 , 34.30 , -0.20 || 1706080318, 17.601922634121 , 78.126604833810, 0.01 , 0.01 ,35.26 , 9.13 , 1.59 , 0.24 , 357.55
2024-01-24 12:41:58,193 :- 00108: 146 , 34.10 , -0.20 || 1706080318, 17.601922634121 , 78.126604833810, 0.01 , 0.01 ,35.26 , 9.84 , 1.55 , 0.27 , 357.55
2024-01-24 12:41:58,223 :- 00109: 149 , 34.00 , -0.20 || 1706080318, 17.601931329235 , 78.126604429543, 0.01 , 0.01 ,34.68 , 9.04 , 1.49 , 0.26 , 357.56
2024-01-24 12:41:58,253 :- 00110: 152 , 33.80 , -0.20 || 1706080318, 17.601931329235 , 78.126604429543, 0.01 , 0.01 ,34.68 , 10.16 , 1.46 , 0.22 , 357.56
2024-01-24 12:41:58,283 :- 00111: 155 , 33.70 , -0.20 || 1706080318, 17.601931329235 , 78.126604429543, 0.01 , 0.01 ,34.68 , 9.17 , 1.43 , 0.19 , 357.57
2024-01-24 12:41:58,312 :- 00112: 155 , 33.70 , -0.20 || 1706080318, 17.601931329235 , 78.126604429543, 0.01 , 0.01 ,34.68 , 9.17 , 1.43 , 0.19 , 357.571706080318, 17.601931329235 , 78.126604429543, 0.01 , 0.01 ,34.06 , 9.48 , 1.43 , 0.18 , 357.58
2024-01-24 12:41:58,333 :- 00113: 160 , 33.50 , -0.20 || 1706080318, 17.601939868944 , 78.126604043165, 0.01 , 0.01 ,34.06 , 9.73 , 1.42 , 0.14 , 357.59
2024-01-24 12:41:58,363 :- 00114: 163 , 33.30 , -0.30 || 1706080318, 17.601939868944 , 78.126604043165, 0.01 , 0.01 ,34.06 , 9.80 , 1.41 , 0.09 , 357.60
2024-01-24 12:41:58,393 :- 00115: 166 , 33.20 , -0.30 || 1706080318, 17.601939868944 , 78.126604043165, 0.01 , 0.01 ,34.06 , 9.76 , 1.40 , 0.05 , 357.61
2024-01-24 12:41:58,423 :- 00116: 169 , 33.00 , -0.30 || 1706080318, 17.601948268953 , 78.126603703958, 0.01 , 0.01 ,33.50 , 10.41 , 1.39 , 0.06 , 357.63
2024-01-24 12:41:58,453 :- 00117: 172 , 32.80 , -0.40 || 1706080318, 17.601948268953 , 78.126603703958, 0.01 , 0.01 ,33.50 , 10.12 , 1.38 , 0.04 , 357.64
2024-01-24 12:41:58,483 :- 00118: 175 , 32.60 , -0.40 || 1706080318, 17.601948268953 , 78.126603703958, 0.01 , 0.01 ,33.50 , 10.07 , 1.33 , 0.03 , 357.67
2024-01-24 12:41:58,513 :- 00119: 178 , 32.50 , -0.50 || 1706080318, 17.601948268953 , 78.126603703958, 0.01 , 0.01 ,33.04 , 10.11 , 1.31 , 0.09 , 357.69
2024-01-24 12:41:58,543 :- 00120: 181 , 32.30 , -0.60 || 1706080318, 17.601956553773 , 78.126603344053, 0.01 , 0.01 ,33.04 , 9.89 , 1.23 , 0.11 , 357.72
2024-01-24 12:41:58,573 :- 00121: 184 , 32.10 , -0.70 || 1706080318, 17.601956553773 , 78.126603344053, 0.01 , 0.01 ,33.04 , 9.82 , 1.20 , 0.12 , 357.74
2024-01-24 12:41:58,603 :- 00122: 187 , 31.90 , -0.80 || 1706080318, 17.601956553773 , 78.126603344053, 0.01 , 0.01 ,33.04 , 9.90 , 1.13 , 0.21 , 357.78
2024-01-24 12:41:58,633 :- 00123: 190 , 31.70 , -0.90 || 1706080318, 17.601964701467 , 78.126602985324, 0.01 , 0.01 ,32.49 , 9.76 , 1.10 , 0.22 , 357.81
2024-01-24 12:41:58,663 :- 00124: 193 , 31.60 , -1.10 || 1706080318, 17.601964701467 , 78.126602985324, 0.01 , 0.01 ,32.49 , 9.59 , 1.05 , 0.18 , 357.87
2024-01-24 12:41:58,693 :- 00125: 196 , 31.40 , -1.30 || 1706080318, 17.601964701467 , 78.126602985324, 0.01 , 0.01 ,32.49 , 9.32 , 1.01 , 0.18 , 357.91
2024-01-24 12:41:58,723 :- 00126: 199 , 31.20 , -1.50 || 1706080318, 17.601972663302 , 78.126602658594, 0.01 , 0.01 ,31.75 , 10.06 , 0.95 , 0.16 , 358.01
2024-01-24 12:41:58,753 :- 00127: 202 , 31.10 , -1.70 || 1706080318, 17.601972663302 , 78.126602658594, 0.01 , 0.01 ,31.75 , 9.34 , 0.91 , 0.13 , 358.07
2024-01-24 12:41:58,783 :- 00128: 205 , 30.90 , -1.90 || 1706080318, 17.601972663302 , 78.126602658594, 0.01 , 0.01 ,31.75 , 9.72 , 0.82 , 0.09 , 358.21
2024-01-24 12:41:58,813 :- 00129: 208 , 30.70 , -2.10 || 1706080318, 17.601972663302 , 78.126602658594, 0.01 , 0.01 ,31.00 , 10.23 , 0.80 , 0.05 , 358.30
2024-01-24 12:41:58,843 :- 00130: 211 , 30.50 , -2.20 || 1706080318, 17.601980438330 , 78.126602362103, 0.01 , 0.01 ,31.00 , 9.41 , 0.71 , 0.02 , 358.50
2024-01-24 12:41:58,873 :- 00131: 214 , 30.30 , -2.40 || 1706080318, 17.601980438330 , 78.126602362103, 0.01 , 0.01 ,31.00 , 10.16 , 0.64 , 0.00 , 358.61
2024-01-24 12:41:58,903 :- 00132: 217 , 30.10 , -2.60 || 1706080318, 17.601980438330 , 78.126602362103, 0.01 , 0.01 ,31.00 , 10.51 , 0.53 , -0.04 , 358.86
2024-01-24 12:41:58,933 :- 00133: 220 , 29.90 , -2.80 || 1706080318, 17.601988038831 , 78.126602097063, 0.01 , 0.01 ,30.30 , 9.97 , 0.48 , -0.02 , 359.00
2024-01-24 12:41:58,963 :- 00134: 223 , 29.70 , -2.90 || 1706080318, 17.601988038831 , 78.126602097063, 0.01 , 0.01 ,30.30 , 9.84 , 0.39 , -0.03 , 359.29
2024-01-24 12:41:58,993 :- 00135: 226 , 29.50 , -3.10 || 1706080318, 17.601988038831 , 78.126602097063, 0.01 , 0.01 ,30.30 , 10.08 , 0.36 , -0.00 , 359.45
2024-01-24 12:41:59,023 :- 00136: 229 , 29.40 , -3.30 || 1706080319, 17.601988038831 , 78.126602097063, 0.01 , 0.02 ,29.88 , 10.16 , 0.32 , 0.09 , 359.78
2024-01-24 12:41:59,053 :- 00137: 232 , 29.10 , -3.40 || 1706080319, 17.601995557240 , 78.126602013655, 0.01 , 0.02 ,29.88 , 10.00 , 0.27 , 0.10 , 359.95
2024-01-24 12:41:59,083 :- 00138: 235 , 29.00 , -3.60 || 1706080319, 17.601995557240 , 78.126602013655, 0.01 , 0.02 ,29.88 , 9.98 , 0.20 , 0.18 , 0.30
2024-01-24 12:41:59,113 :- 00139: 238 , 28.80 , -3.80 || 1706080319, 17.601995557240 , 78.126602013655, 0.01 , 0.02 ,29.34 , 9.50 , 0.17 , 0.24 , 0.49
2024-01-24 12:41:59,143 :- 00140: 241 , 28.60 , -4.00 || 1706080319, 17.602002921135 , 78.126601970666, 0.01 , 0.02 ,29.34 , 9.21 , 0.08 , 0.28 , 0.88
2024-01-24 12:41:59,173 :- 00141: 244 , 28.40 , -4.20 || 1706080319, 17.602002921135 , 78.126601970666, 0.01 , 0.02 ,29.34 , 9.62 , 0.06 , 0.33 , 1.09
2024-01-24 12:41:59,203 :- 00142: 247 , 28.20 , -4.40 || 1706080319, 17.602002921135 , 78.126601970666, 0.01 , 0.02 ,29.34 , 9.63 , -0.03 , 0.41 , 1.52
2024-01-24 12:41:59,233 :- 00143: 250 , 28.10 , -4.60 || 1706080319, 17.602010152687 , 78.126602070486, 0.01 , 0.02 ,28.82 , 9.33 , -0.07 , 0.43 , 1.75
2024-01-24 12:41:59,263 :- 00144: 253 , 27.90 , -4.70 || 1706080319, 17.602010152687 , 78.126602070486, 0.01 , 0.02 ,28.82 , 9.16 , -0.16 , 0.43 , 2.22
2024-01-24 12:41:59,293 :- 00145: 000 , 27.70 , -4.90 || 1706080319, 17.602010152687 , 78.126602070486, 0.01 , 0.02 ,28.82 , 9.27 , -0.18 , 0.45 , 2.46
2024-01-24 12:41:59,323 :- 00146: 003 , 27.60 , -5.00 || 1706080319, 17.602017163201 , 78.126602272834, 0.01 , 0.02 ,27.94 , 9.55 , -0.25 , 0.46 , 2.98
2024-01-24 12:41:59,353 :- 00147: 006 , 27.40 , -5.10 || 1706080319, 17.602017163201 , 78.126602272834, 0.01 , 0.02 ,27.94 , 9.80 , -0.29 , 0.47 , 3.24
2024-01-24 12:41:59,383 :- 00148: 009 , 27.20 , -5.20 || 1706080319, 17.602017163201 , 78.126602272834, 0.01 , 0.02 ,27.94 , 9.15 , -0.35 , 0.43 , 3.79
2024-01-24 12:41:59,412 :- 00149: 012 , 27.00 , -5.30 || 1706080319, 17.602017163201 , 78.126602272834, 0.01 , 0.02 ,27.35 , 9.23 , -0.38 , 0.42 , 4.07
2024-01-24 12:41:59,432 :- 00150: 012 , 27.00 , -5.30 || 1706080319, 17.602017163201 , 78.126602272834, 0.01 , 0.02 ,27.35 , 9.23 , -0.38 , 0.42 , 4.071706080319, 17.602024017348 , 78.126602645559, 0.01 , 0.02 ,27.35 , 9.80 , -0.40 , 0.38 , 4.35
2024-01-24 12:41:59,463 :- 00151: 017 , 26.70 , -5.30 || 1706080319, 17.602024017348 , 78.126602645559, 0.01 , 0.02 ,27.35 , 10.00 , -0.46 , 0.39 , 4.92
2024-01-24 12:41:59,493 :- 00152: 020 , 26.50 , -5.30 || 1706080319, 17.602024017348 , 78.126602645559, 0.01 , 0.02 ,27.35 , 10.15 , -0.47 , 0.35 , 5.21
2024-01-24 12:41:59,523 :- 00153: 023 , 26.40 , -5.30 || 1706080319, 17.602030708530 , 78.126603215769, 0.01 , 0.02 ,26.75 , 9.74 , -0.49 , 0.29 , 5.78
2024-01-24 12:41:59,553 :- 00154: 026 , 26.20 , -5.30 || 1706080319, 17.602030708530 , 78.126603215769, 0.01 , 0.02 ,26.75 , 10.29 , -0.51 , 0.28 , 6.06
2024-01-24 12:41:59,583 :- 00155: 029 , 26.00 , -5.20 || 1706080319, 17.602030708530 , 78.126603215769, 0.01 , 0.02 ,26.75 , 10.02 , -0.56 , 0.29 , 6.64
2024-01-24 12:41:59,613 :- 00156: 032 , 25.80 , -5.10 || 1706080319, 17.602030708530 , 78.126603215769, 0.01 , 0.02 ,26.24 , 9.91 , -0.57 , 0.27 , 6.92
2024-01-24 12:41:59,643 :- 00157: 035 , 25.60 , -5.00 || 1706080319, 17.602037254240 , 78.126603961580, 0.01 , 0.02 ,26.24 , 9.86 , -0.57 , 0.24 , 7.47
2024-01-24 12:41:59,673 :- 00158: 038 , 25.50 , -4.90 || 1706080319, 17.602037254240 , 78.126603961580, 0.01 , 0.02 ,26.24 , 9.85 , -0.57 , 0.26 , 7.75
2024-01-24 12:41:59,702 :- 00159: 041 , 25.30 , -4.70 || 1706080319, 17.602037254240 , 78.126603961580, 0.01 , 0.02 ,26.24 , 9.62 , -0.56 , 0.24 , 8.28
2024-01-24 12:41:59,733 :- 00160: 044 , 25.10 , -4.50 || 1706080319, 17.602043594433 , 78.126604851125, 0.01 , 0.02 ,25.49 , 9.96 , -0.54 , 0.26 , 8.53
2024-01-24 12:41:59,763 :- 00161: 047 , 24.80 , -4.30 || 1706080319, 17.602043594433 , 78.126604851125, 0.01 , 0.02 ,25.49 , 10.09 , -0.53 , 0.22 , 9.01
2024-01-24 12:41:59,793 :- 00162: 050 , 24.60 , -4.00 || 1706080319, 17.602043594433 , 78.126604851125, 0.01 , 0.02 ,25.49 , 9.93 , -0.50 , 0.24 , 9.25
2024-01-24 12:41:59,822 :- 00163: 053 , 24.40 , -3.80 || 1706080319, 17.602049742749 , 78.126605890564, 0.01 , 0.02 ,24.82 , 9.76 , -0.45 , 0.24 , 9.69
2024-01-24 12:41:59,853 :- 00164: 056 , 24.20 , -3.50 || 1706080319, 17.602049742749 , 78.126605890564, 0.01 , 0.02 ,24.82 , 9.75 , -0.42 , 0.24 , 9.90
2024-01-24 12:41:59,883 :- 00165: 059 , 24.00 , -3.10 || 1706080319, 17.602049742749 , 78.126605890564, 0.01 , 0.02 ,24.82 , 9.66 , -0.34 , 0.25 , 10.29
2024-01-24 12:41:59,913 :- 00166: 062 , 23.80 , -2.80 || 1706080319, 17.602049742749 , 78.126605890564, 0.01 , 0.02 ,24.20 , 9.67 , -0.27 , 0.28 , 10.47
2024-01-24 12:41:59,942 :- 00167: 065 , 23.60 , -2.50 || 1706080319, 17.602055704812 , 78.126607091755, 0.01 , 0.02 ,24.20 , 9.87 , -0.09 , 0.34 , 10.80
2024-01-24 12:41:59,973 :- 00168: 068 , 23.40 , -2.20 || 1706080319, 17.602055704812 , 78.126607091755, 0.01 , 0.02 ,24.20 , 9.58 , -0.02 , 0.34 , 10.94
2024-01-24 12:42:00,002 :- 00169: 071 , 23.10 , -1.90 || 1706080320, 17.602055704812 , 78.126607091755, 0.01 , 0.02 ,24.20 , 9.89 , 0.17 , 0.44 , 11.19
2024-01-24 12:42:00,032 :- 00170: 074 , 22.90 , -1.60 || 1706080320, 17.602061441575 , 78.126608317587, 0.01 , 0.02 ,23.33 , 9.90 , 0.25 , 0.46 , 11.29
2024-01-24 12:42:00,063 :- 00171: 077 , 22.70 , -1.30 || 1706080320, 17.602061441575 , 78.126608317587, 0.01 , 0.02 ,23.33 , 9.78 , 0.44 , 0.49 , 11.48
2024-01-24 12:42:00,093 :- 00172: 080 , 22.50 , -1.00 || 1706080320, 17.602061441575 , 78.126608317587, 0.01 , 0.02 ,23.33 , 10.09 , 0.52 , 0.53 , 11.55
2024-01-24 12:42:00,122 :- 00173: 083 , 22.20 , -0.70 || 1706080320, 17.602067015539 , 78.126609676986, 0.01 , 0.02 ,22.81 , 10.22 , 0.70 , 0.61 , 11.68
2024-01-24 12:42:00,153 :- 00174: 086 , 22.10 , -0.40 || 1706080320, 17.602067015539 , 78.126609676986, 0.01 , 0.02 ,22.81 , 9.22 , 0.79 , 0.64 , 11.73
2024-01-24 12:42:00,183 :- 00175: 089 , 21.90 , -0.10 || 1706080320, 17.602067015539 , 78.126609676986, 0.01 , 0.02 ,22.81 , 9.85 , 0.94 , 0.70 , 11.80
2024-01-24 12:42:00,213 :- 00176: 092 , 21.70 , 00.10 || 1706080320, 17.602067015539 , 78.126609676986, 0.01 , 0.02 ,22.12 , 9.88 , 1.02 , 0.76 , 11.82
2024-01-24 12:42:00,242 :- 00177: 095 , 21.50 , 00.40 || 1706080320, 17.602072431351 , 78.126610943449, 0.01 , 0.02 ,22.12 , 9.45 , 1.12 , 0.82 , 11.84
2024-01-24 12:42:00,272 :- 00178: 098 , 21.30 , 00.70 || 1706080320, 17.602072431351 , 78.126610943449, 0.01 , 0.02 ,22.12 , 9.34 , 1.16 , 0.81 , 11.83
2024-01-24 12:42:00,302 :- 00179: 101 , 21.10 , 00.90 || 1706080320, 17.602072431351 , 78.126610943449, 0.01 , 0.02 ,22.12 , 9.01 , 1.23 , 0.83 , 11.79
2024-01-24 12:42:00,332 :- 00180: 104 , 20.80 , 01.10 || 1706080320, 17.602077643896 , 78.126612206460, 0.01 , 0.02 ,21.32 , 9.76 , 1.25 , 0.82 , 11.76
2024-01-24 12:42:00,362 :- 00181: 107 , 20.60 , 01.40 || 1706080320, 17.602077643896 , 78.126612206460, 0.01 , 0.02 ,21.32 , 10.19 , 1.29 , 0.76 , 11.69
2024-01-24 12:42:00,392 :- 00182: 110 , 20.40 , 01.60 || 1706080320, 17.602077643896 , 78.126612206460, 0.01 , 0.02 ,21.32 , 8.91 , 1.31 , 0.75 , 11.64
2024-01-24 12:42:00,422 :- 00183: 113 , 20.20 , 01.80 || 1706080320, 17.602082656046 , 78.126613312668, 0.01 , 0.02 ,20.41 , 9.87 , 1.32 , 0.70 , 11.51
2024-01-24 12:42:00,453 :- 00184: 116 , 20.00 , 02.00 || 1706080320, 17.602082656046 , 78.126613312668, 0.01 , 0.02 ,20.41 , 9.80 , 1.34 , 0.66 , 11.44
2024-01-24 12:42:00,482 :- 00185: 119 , 19.80 , 02.20 || 1706080320, 17.602082656046 , 78.126613312668, 0.01 , 0.02 ,20.41 , 9.63 , 1.40 , 0.61 , 11.28
2024-01-24 12:42:00,513 :- 00186: 122 , 19.60 , 02.40 || 1706080320, 17.602082656046 , 78.126613312668, 0.01 , 0.02 ,19.56 , 9.28 , 1.46 , 0.57 , 11.19
2024-01-24 12:42:00,542 :- 00187: 125 , 19.40 , 02.60 || 1706080320, 17.602087464553 , 78.126614348730, 0.01 , 0.02 ,19.56 , 9.63 , 1.57 , 0.52 , 11.01
2024-01-24 12:42:00,572 :- 00188: 128 , 19.20 , 02.80 || 1706080320, 17.602087464553 , 78.126614348730, 0.01 , 0.02 ,19.56 , 10.12 , 1.63 , 0.48 , 10.91
2024-01-24 12:42:00,602 :- 00189: 131 , 19.00 , 03.00 || 1706080320, 17.602087464553 , 78.126614348730, 0.01 , 0.02 ,19.56 , 9.46 , 1.78 , 0.40 , 10.71
2024-01-24 12:42:00,632 :- 00190: 134 , 18.80 , 03.30 || 1706080320, 17.602092106444 , 78.126615429653, 0.01 , 0.02 ,18.95 , 9.63 , 1.84 , 0.38 , 10.60
2024-01-24 12:42:00,662 :- 00191: 137 , 18.60 , 03.50 || 1706080320, 17.602092106444 , 78.126615429653, 0.01 , 0.02 ,18.95 , 9.87 , 1.90 , 0.32 , 10.37
2024-01-24 12:42:00,692 :- 00192: 140 , 18.40 , 03.80 || 1706080320, 17.602092106444 , 78.126615429653, 0.01 , 0.02 ,18.95 , 10.01 , 1.90 , 0.26 , 10.25
2024-01-24 12:42:00,712 :- 00193: 142 , 18.40 , 04.00 || 1706080320, 17.602092106444 , 78.126615429653, 0.01 , 0.02 ,18.51 , 9.93 , 1.89 , 0.23 , 10.13
2024-01-24 12:42:00,742 :- 00194: 145 , 18.20 , 04.40 || 1706080320, 17.602096667041 , 78.126616346724, 0.01 , 0.02 ,18.51 , 10.21 , 1.87 , 0.19 , 9.86
2024-01-24 12:42:00,772 :- 00195: 148 , 18.10 , 04.70 || 1706080320, 17.602096667041 , 78.126616346724, 0.01 , 0.02 ,18.51 , 10.21 , 1.86 , 0.16 , 9.71
2024-01-24 12:42:00,802 :- 00196: 151 , 18.10 , 05.10 || 1706080320, 17.602096667041 , 78.126616346724, 0.01 , 0.02 ,18.51 , 10.15 , 1.87 , 0.10 , 9.41
2024-01-24 12:42:00,832 :- 00197: 154 , 18.00 , 05.50 || 1706080320, 17.602101182877 , 78.126617128634, 0.01 , 0.02 ,18.24 , 10.01 , 1.88 , 0.11 , 9.24
2024-01-24 12:42:00,862 :- 00198: 157 , 17.90 , 05.90 || 1706080320, 17.602101182877 , 78.126617128634, 0.01 , 0.02 ,18.24 , 9.79 , 1.90 , 0.07 , 8.89
2024-01-24 12:42:00,893 :- 00199: 160 , 17.80 , 06.30 || 1706080320, 17.602101182877 , 78.126617128634, 0.01 , 0.02 ,18.24 , 10.24 , 1.92 , 0.07 , 8.69
2024-01-24 12:42:00,922 :- 00200: 163 , 17.80 , 06.70 || 1706080320, 17.602105646790 , 78.126617851697, 0.01 , 0.02 ,18.00 , 10.09 , 1.96 , 0.06 , 8.26
2024-01-24 12:42:00,953 :- 00201: 166 , 17.70 , 07.00 || 1706080320, 17.602105646790 , 78.126617851697, 0.01 , 0.02 ,18.00 , 9.75 , 1.98 , 0.04 , 8.02
2024-01-24 12:42:00,982 :- 00202: 169 , 17.60 , 07.30 || 1706080320, 17.602105646790 , 78.126617851697, 0.01 , 0.02 ,18.00 , 9.82 , 2.02 , 0.03 , 7.51
2024-01-24 12:42:01,012 :- 00203: 172 , 17.60 , 07.50 || 1706080320, 17.602105646790 , 78.126617851697, 0.01 , 0.02 ,18.00 , 9.99 , 2.04 , 0.03 , 7.24
2024-01-24 12:42:01,042 :- 00204: 175 , 17.50 , 07.80 || 1706080321, 17.602110058659 , 78.126618527990, 0.01 , 0.02 ,17.77 , 9.47 , 2.09 , -0.00 , 6.68
2024-01-24 12:42:01,073 :- 00205: 178 , 17.40 , 08.00 || 1706080321, 17.602110058659 , 78.126618527990, 0.01 , 0.02 ,17.77 , 9.59 , 2.12 , -0.00 , 6.39
2024-01-24 12:42:01,102 :- 00206: 181 , 17.40 , 08.10 || 1706080321, 17.602110058659 , 78.126618527990, 0.01 , 0.02 ,17.77 , 9.36 , 2.17 , -0.03 , 5.81
2024-01-24 12:42:01,132 :- 00207: 184 , 17.30 , 08.30 || 1706080321, 17.602114428382 , 78.126619101175, 0.01 , 0.02 ,17.55 , 9.06 , 2.19 , -0.05 , 5.52
2024-01-24 12:42:01,162 :- 00208: 187 , 17.20 , 08.40 || 1706080321, 17.602114428382 , 78.126619101175, 0.01 , 0.02 ,17.55 , 9.75 , 2.20 , -0.09 , 4.93
2024-01-24 12:42:01,192 :- 00209: 190 , 17.20 , 08.50 || 1706080321, 17.602114428382 , 78.126619101175, 0.01 , 0.02 ,17.55 , 9.46 , 2.19 , -0.12 , 4.64
2024-01-24 12:42:01,222 :- 00210: 193 , 17.10 , 08.50 || 1706080321, 17.602118852325 , 78.126619254700, 0.01 , 0.01 ,17.26 , 9.50 , 2.17 , -0.18 , 4.05
2024-01-24 12:42:01,252 :- 00211: 196 , 17.00 , 08.50 || 1706080321, 17.602118852325 , 78.126619254700, 0.01 , 0.01 ,17.26 , 9.94 , 2.16 , -0.22 , 3.74
2024-01-24 12:42:01,282 :- 00212: 199 , 16.90 , 08.50 || 1706080321, 17.602118852325 , 78.126619254700, 0.01 , 0.01 ,17.26 , 9.82 , 2.11 , -0.26 , 3.12
2024-01-24 12:42:01,312 :- 00213: 202 , 16.80 , 08.50 || 1706080321, 17.602118852325 , 78.126619254700, 0.01 , 0.01 ,17.00 , 9.78 , 2.09 , -0.29 , 2.81
2024-01-24 12:42:01,342 :- 00214: 205 , 16.80 , 08.50 || 1706080321, 17.602123114408 , 78.126619459436, 0.01 , 0.01 ,17.00 , 9.92 , 2.02 , -0.34 , 2.18
2024-01-24 12:42:01,372 :- 00215: 208 , 16.70 , 08.40 || 1706080321, 17.602123114408 , 78.126619459436, 0.01 , 0.01 ,17.00 , 10.10 , 1.97 , -0.35 , 1.86
2024-01-24 12:42:01,402 :- 00216: 211 , 16.60 , 08.30 || 1706080321, 17.602123114408 , 78.126619459436, 0.01 , 0.01 ,17.00 , 10.30 , 1.90 , -0.40 , 1.23
2024-01-24 12:42:01,432 :- 00217: 214 , 16.50 , 08.20 || 1706080321, 17.602127349864 , 78.126619537897, 0.01 , 0.01 ,16.88 , 10.33 , 1.86 , -0.40 , 0.93
2024-01-24 12:42:01,462 :- 00218: 217 , 16.40 , 08.00 || 1706080321, 17.602127349864 , 78.126619537897, 0.01 , 0.01 ,16.88 , 10.31 , 1.78 , -0.41 , 0.34
2024-01-24 12:42:01,492 :- 00219: 220 , 16.40 , 07.80 || 1706080321, 17.602127349864 , 78.126619537897, 0.01 , 0.01 ,16.88 , 10.09 , 1.75 , -0.39 , 0.05
2024-01-24 12:42:01,522 :- 00220: 223 , 16.30 , 07.60 || 1706080321, 17.602131530028 , 78.126619477203, 0.01 , 0.01 ,16.66 , 9.90 , 1.67 , -0.37 , 359.49
2024-01-24 12:42:01,553 :- 00221: 226 , 16.30 , 07.30 || 1706080321, 17.602131530028 , 78.126619477203, 0.01 , 0.01 ,16.66 , 9.73 , 1.63 , -0.36 , 359.22
2024-01-24 12:42:01,582 :- 00222: 229 , 16.20 , 07.00 || 1706080321, 17.602131530028 , 78.126619477203, 0.01 , 0.01 ,16.66 , 9.86 , 1.54 , -0.30 , 358.69
2024-01-24 12:42:01,613 :- 00223: 232 , 16.20 , 06.70 || 1706080321, 17.602131530028 , 78.126619477203, 0.01 , 0.01 ,16.58 , 9.80 , 1.50 , -0.30 , 358.44
2024-01-24 12:42:01,642 :- 00224: 235 , 16.10 , 06.30 || 1706080321, 17.602135688182 , 78.126619308117, 0.01 , 0.01 ,16.58 , 9.61 , 1.42 , -0.26 , 357.95
2024-01-24 12:42:01,672 :- 00225: 238 , 16.10 , 06.00 || 1706080321, 17.602135688182 , 78.126619308117, 0.01 , 0.01 ,16.58 , 9.33 , 1.37 , -0.24 , 357.71
2024-01-24 12:42:01,702 :- 00226: 241 , 16.00 , 05.70 || 1706080321, 17.602135688182 , 78.126619308117, 0.01 , 0.01 ,16.58 , 9.69 , 1.26 , -0.25 , 357.26
2024-01-24 12:42:01,732 :- 00227: 244 , 15.90 , 05.40 || 1706080321, 17.602139774586 , 78.126619047510, 0.01 , 0.01 ,16.31 , 9.77 , 1.22 , -0.23 , 357.05
2024-01-24 12:42:01,762 :- 00228: 247 , 15.90 , 05.10 || 1706080321, 17.602139774586 , 78.126619047510, 0.01 , 0.01 ,16.31 , 9.65 , 1.15 , -0.24 , 356.65
2024-01-24 12:42:01,792 :- 00229: 250 , 15.80 , 04.80 || 1706080321, 17.602139774586 , 78.126619047510, 0.01 , 0.01 ,16.31 , 9.32 , 1.12 , -0.24 , 356.47
2024-01-24 12:42:01,822 :- 00230: 253 , 15.80 , 04.50 || 1706080321, 17.602143789295 , 78.126618727596, 0.01 , 0.01 ,16.04 , 9.56 , 1.05 , -0.26 , 356.12
2024-01-24 12:42:01,852 :- 00231: 000 , 15.70 , 04.10 || 1706080321, 17.602143789295 , 78.126618727596, 0.01 , 0.01 ,16.04 , 9.96 , 1.01 , -0.27 , 355.96
2024-01-24 12:42:01,882 :- 00232: 003 , 15.60 , 03.80 || 1706080321, 17.602143789295 , 78.126618727596, 0.01 , 0.01 ,16.04 , 9.85 , 0.93 , -0.30 , 355.67
2024-01-24 12:42:01,912 :- 00233: 006 , 15.60 , 03.60 || 1706080321, 17.602143789295 , 78.126618727596, 0.01 , 0.01 ,15.83 , 9.84 , 0.89 , -0.31 , 355.53
2024-01-24 12:42:01,942 :- 00234: 009 , 15.50 , 03.30 || 1706080321, 17.602147744693 , 78.126618351844, 0.01 , 0.01 ,15.83 , 9.98 , 0.81 , -0.30 , 355.28
2024-01-24 12:42:01,972 :- 00235: 012 , 15.50 , 03.10 || 1706080321, 17.602147744693 , 78.126618351844, 0.01 , 0.01 ,15.83 , 9.87 , 0.79 , -0.31 , 355.16
2024-01-24 12:42:01,992 :- 00236: 012 , 15.50 , 03.10 || 1706080321, 17.602147744693 , 78.126618351844, 0.01 , 0.01 ,15.83 , 9.87 , 0.79 , -0.31 , 355.161706080321, 17.602147744693 , 78.126618351844, 0.01 , 0.01 ,15.83 , 9.70 , 0.77 , -0.33 , 355.04
2024-01-24 12:42:02,022 :- 00237: 017 , 15.50 , 02.80 || 1706080322, 17.602147744693 , 78.126618351844, 0.01 , 0.01 ,15.83 , 9.70 , 0.74 , -0.34 , 354.82
2024-01-24 12:42:02,053 :- 00238: 020 , 15.40 , 02.70 || 1706080322, 17.602151669480 , 78.126617936922, 0.01 , 0.01 ,15.72 , 9.69 , 0.74 , -0.34 , 354.71
2024-01-24 12:42:02,083 :- 00239: 023 , 15.40 , 02.60 || 1706080322, 17.602151669480 , 78.126617936922, 0.01 , 0.01 ,15.72 , 9.55 , 0.75 , -0.37 , 354.51
2024-01-24 12:42:02,112 :- 00240: 026 , 15.40 , 02.50 || 1706080322, 17.602151669480 , 78.126617936922, 0.01 , 0.01 ,15.65 , 9.68 , 0.74 , -0.38 , 354.42
2024-01-24 12:42:02,142 :- 00241: 029 , 15.30 , 02.40 || 1706080322, 17.602155579448 , 78.126617545163, 0.01 , 0.01 ,15.65 , 10.24 , 0.74 , -0.38 , 354.24
2024-01-24 12:42:02,172 :- 00242: 032 , 15.30 , 02.30 || 1706080322, 17.602155579448 , 78.126617545163, 0.01 , 0.01 ,15.65 , 10.14 , 0.75 , -0.37 , 354.14
2024-01-24 12:42:02,202 :- 00243: 035 , 15.20 , 02.20 || 1706080322, 17.602155579448 , 78.126617545163, 0.01 , 0.01 ,15.65 , 9.70 , 0.77 , -0.41 , 353.97
2024-01-24 12:42:02,232 :- 00244: 038 , 15.20 , 02.00 || 1706080322, 17.602159442957 , 78.126617154822, 0.01 , 0.01 ,15.47 , 9.99 , 0.78 , -0.39 , 353.89
2024-01-24 12:42:02,262 :- 00245: 041 , 15.20 , 01.90 || 1706080322, 17.602159442957 , 78.126617154822, 0.01 , 0.01 ,15.47 , 10.27 , 0.78 , -0.38 , 353.74
2024-01-24 12:42:02,292 :- 00246: 044 , 15.20 , 01.80 || 1706080322, 17.602159442957 , 78.126617154822, 0.01 , 0.01 ,15.47 , 9.70 , 0.78 , -0.38 , 353.66
2024-01-24 12:42:02,322 :- 00247: 047 , 15.20 , 01.60 || 1706080322, 17.602163304116 , 78.126616705219, 0.01 , 0.01 ,15.48 , 9.95 , 0.77 , -0.38 , 353.53
2024-01-24 12:42:02,352 :- 00248: 050 , 15.10 , 01.50 || 1706080322, 17.602163304116 , 78.126616705219, 0.01 , 0.01 ,15.48 , 10.00 , 0.77 , -0.36 , 353.47
2024-01-24 12:42:02,383 :- 00249: 053 , 15.10 , 01.40 || 1706080322, 17.602163304116 , 78.126616705219, 0.01 , 0.01 ,15.48 , 9.84 , 0.82 , -0.37 , 353.35
2024-01-24 12:42:02,412 :- 00250: 056 , 15.10 , 01.30 || 1706080322, 17.602163304116 , 78.126616705219, 0.01 , 0.01 ,15.37 , 9.50 , 0.84 , -0.38 , 353.30
2024-01-24 12:42:02,442 :- 00251: 059 , 15.10 , 01.20 || 1706080322, 17.602167135126 , 78.126616239241, 0.01 , 0.01 ,15.37 , 9.46 , 0.84 , -0.38 , 353.22
2024-01-24 12:42:02,472 :- 00252: 062 , 15.10 , 01.10 || 1706080322, 17.602167135126 , 78.126616239241, 0.01 , 0.01 ,15.37 , 9.56 , 0.82 , -0.37 , 353.17
2024-01-24 12:42:02,502 :- 00253: 065 , 15.10 , 01.00 || 1706080322, 17.602167135126 , 78.126616239241, 0.01 , 0.01 ,15.37 , 9.48 , 0.77 , -0.41 , 353.09
2024-01-24 12:42:02,532 :- 00254: 068 , 15.00 , 00.90 || 1706080322, 17.602170945043 , 78.126615761577, 0.01 , 0.01 ,15.29 , 9.65 , 0.75 , -0.41 , 353.05
2024-01-24 12:42:02,562 :- 00255: 071 , 15.00 , 00.80 || 1706080322, 17.602170945043 , 78.126615761577, 0.01 , 0.01 ,15.29 , 9.88 , 0.71 , -0.40 , 352.98
2024-01-24 12:42:02,592 :- 00256: 074 , 15.00 , 00.60 || 1706080322, 17.602170945043 , 78.126615761577, 0.01 , 0.01 ,15.29 , 9.97 , 0.71 , -0.40 , 352.94
2024-01-24 12:42:02,623 :- 00257: 077 , 14.90 , 00.50 || 1706080322, 17.602174716714 , 78.126615516414, 0.01 , 0.01 ,15.24 , 9.57 , 0.69 , -0.41 , 352.87
2024-01-24 12:42:02,652 :- 00258: 080 , 14.90 , 00.40 || 1706080322, 17.602174716714 , 78.126615516414, 0.01 , 0.01 ,15.24 , 9.64 , 0.66 , -0.43 , 352.84
2024-01-24 12:42:02,682 :- 00259: 083 , 14.90 , 00.40 || 1706080322, 17.602174716714 , 78.126615516414, 0.01 , 0.01 ,15.24 , 9.78 , 0.61 , -0.40 , 352.80
2024-01-24 12:42:02,712 :- 00260: 086 , 14.90 , 00.30 || 1706080322, 17.602174716714 , 78.126615516414, 0.01 , 0.01 ,15.21 , 10.05 , 0.60 , -0.42 , 352.78
2024-01-24 12:42:02,742 :- 00261: 089 , 14.80 , 00.20 || 1706080322, 17.602178500714 , 78.126614997132, 0.01 , 0.01 ,15.21 , 9.53 , 0.57 , -0.48 , 352.76
2024-01-24 12:42:02,773 :- 00262: 092 , 14.80 , 00.20 || 1706080322, 17.602178500714 , 78.126614997132, 0.01 , 0.01 ,15.21 , 10.28 , 0.55 , -0.47 , 352.75
2024-01-24 12:42:02,802 :- 00263: 095 , 14.80 , 00.10 || 1706080322, 17.602178500714 , 78.126614997132, 0.01 , 0.01 ,15.21 , 10.32 , 0.51 , -0.53 , 352.74
2024-01-24 12:42:02,832 :- 00264: 098 , 14.80 , 00.00 || 1706080322, 17.602182231168 , 78.126614476432, 0.01 , 0.01 ,15.00 , 10.02 , 0.49 , -0.52 , 352.74
2024-01-24 12:42:02,862 :- 00265: 101 , 14.80 , -0.10 || 1706080322, 17.602182231168 , 78.126614476432, 0.01 , 0.01 ,15.00 , 10.04 , 0.46 , -0.60 , 352.73
2024-01-24 12:42:02,892 :- 00266: 104 , 14.80 , -0.10 || 1706080322, 17.602182231168 , 78.126614476432, 0.01 , 0.01 ,15.00 , 10.11 , 0.44 , -0.53 , 352.73
2024-01-24 12:42:02,922 :- 00267: 107 , 14.80 , -0.20 || 1706080322, 17.602185953640 , 78.126613951501, 0.01 , 0.01 ,14.97 , 10.40 , 0.44 , -0.53 , 352.72
2024-01-24 12:42:02,952 :- 00268: 110 , 14.70 , -0.30 || 1706080322, 17.602185953640 , 78.126613951501, 0.01 , 0.01 ,14.97 , 9.60 , 0.45 , -0.54 , 352.72
2024-01-24 12:42:02,982 :- 00269: 113 , 14.70 , -0.30 || 1706080322, 17.602185953640 , 78.126613951501, 0.01 , 0.01 ,14.97 , 9.67 , 0.49 , -0.49 , 352.71
2024-01-24 12:42:03,012 :- 00270: 116 , 14.70 , -0.40 || 1706080322, 17.602185953640 , 78.126613951501, 0.01 , 0.01 ,14.97 , 9.59 , 0.50 , -0.52 , 352.71
2024-01-24 12:42:03,042 :- 00271: 119 , 14.70 , -0.40 || 1706080323, 17.602189691498 , 78.126613477402, 0.01 , 0.01 ,15.00 , 9.13 , 0.50 , -0.49 , 352.72
2024-01-24 12:42:03,072 :- 00272: 122 , 14.70 , -0.40 || 1706080323, 17.602189691498 , 78.126613477402, 0.01 , 0.01 ,15.00 , 9.16 , 0.51 , -0.52 , 352.73
2024-01-24 12:42:03,102 :- 00273: 125 , 14.70 , -0.40 || 1706080323, 17.602189691498 , 78.126613477402, 0.01 , 0.01 ,15.00 , 9.16 , 0.52 , -0.55 , 352.76
2024-01-24 12:42:03,132 :- 00274: 128 , 14.70 , -0.40 || 1706080323, 17.602193403846 , 78.126613017371, 0.01 , 0.01 ,14.90 , 9.40 , 0.55 , -0.56 , 352.77
2024-01-24 12:42:03,162 :- 00275: 131 , 14.60 , -0.40 || 1706080323, 17.602193403846 , 78.126613017371, 0.01 , 0.01 ,14.90 , 9.37 , 0.63 , -0.65 , 352.80
2024-01-24 12:42:03,192 :- 00276: 134 , 14.60 , -0.40 || 1706080323, 17.602193403846 , 78.126613017371, 0.01 , 0.01 ,14.90 , 9.54 , 0.65 , -0.71 , 352.82
2024-01-24 12:42:03,222 :- 00277: 137 , 14.60 , -0.50 || 1706080323, 17.602197083755 , 78.126612565927, 0.01 , 0.01 ,14.76 , 9.54 , 0.61 , -0.82 , 352.85
2024-01-24 12:42:03,252 :- 00278: 140 , 14.60 , -0.50 || 1706080323, 17.602197083755 , 78.126612565927, 0.01 , 0.01 ,14.76 , 10.55 , 0.58 , -0.98 , 352.84
2024-01-24 12:42:03,272 :- 00279: 142 , 14.60 , -0.60 || 1706080323, 17.602197083755 , 78.126612565927, 0.01 , 0.01 ,14.76 , 10.64 , 0.64 , -0.89 , 352.85
2024-01-24 12:42:03,302 :- 00280: 145 , 14.70 , -0.70 || 1706080323, 17.602197083755 , 78.126612565927, 0.01 , 0.01 ,14.76 , 10.37 , 0.64 , -1.00 , 352.86
2024-01-24 12:42:03,332 :- 00281: 148 , 14.70 , -0.80 || 1706080323, 17.602200799735 , 78.126612091392, 0.01 , 0.01 ,14.92 , 10.89 , 0.64 , -1.07 , 352.88
2024-01-24 12:42:03,362 :- 00282: 151 , 14.80 , -0.90 || 1706080323, 17.602200799735 , 78.126612091392, 0.01 , 0.01 ,14.92 , 10.75 , 0.65 , -1.01 , 352.91
2024-01-24 12:42:03,392 :- 00283: 154 , 14.90 , -1.00 || 1706080323, 17.602200799735 , 78.126612091392, 0.01 , 0.01 ,14.92 , 9.97 , 0.63 , -1.05 , 352.93
2024-01-24 12:42:03,422 :- 00284: 157 , 14.90 , -1.00 || 1706080323, 17.602204606923 , 78.126611602127, 0.01 , 0.01 ,15.28 , 10.35 , 0.61 , -1.06 , 352.99
2024-01-24 12:42:03,452 :- 00285: 160 , 15.00 , -1.00 || 1706080323, 17.602204606923 , 78.126611602127, 0.01 , 0.01 ,15.28 , 9.92 , 0.57 , -1.02 , 353.02
2024-01-24 12:42:03,482 :- 00286: 163 , 15.10 , -1.00 || 1706080323, 17.602204606923 , 78.126611602127, 0.01 , 0.01 ,15.28 , 9.57 , 0.54 , -1.00 , 353.08
2024-01-24 12:42:03,512 :- 00287: 166 , 15.20 , -1.00 || 1706080323, 17.602204606923 , 78.126611602127, 0.01 , 0.01 ,15.64 , 9.55 , 0.54 , -1.04 , 353.11
2024-01-24 12:42:03,542 :- 00288: 169 , 15.30 , -1.00 || 1706080323, 17.602208501888 , 78.126611086489, 0.01 , 0.01 ,15.64 , 9.45 , 0.52 , -0.96 , 353.17
2024-01-24 12:42:03,573 :- 00289: 172 , 15.30 , -1.00 || 1706080323, 17.602208501888 , 78.126611086489, 0.01 , 0.01 ,15.64 , 9.62 , 0.54 , -0.97 , 353.20
2024-01-24 12:42:03,602 :- 00290: 175 , 15.40 , -1.00 || 1706080323, 17.602208501888 , 78.126611086489, 0.01 , 0.01 ,15.64 , 8.96 , 0.52 , -1.03 , 353.25
2024-01-24 12:42:03,632 :- 00291: 178 , 15.50 , -1.00 || 1706080323, 17.602212458154 , 78.126610606332, 0.01 , 0.01 ,15.87 , 9.26 , 0.51 , -1.03 , 353.27
2024-01-24 12:42:03,662 :- 00292: 181 , 15.60 , -1.00 || 1706080323, 17.602212458154 , 78.126610606332, 0.01 , 0.01 ,15.87 , 9.88 , 0.51 , -1.06 , 353.32
2024-01-24 12:42:03,693 :- 00293: 184 , 15.70 , -1.00 || 1706080323, 17.602212458154 , 78.126610606332, 0.01 , 0.01 ,15.87 , 9.63 , 0.52 , -1.09 , 353.35
2024-01-24 12:42:03,722 :- 00294: 187 , 15.80 , -1.00 || 1706080323, 17.602216474631 , 78.126610119927, 0.01 , 0.01 ,16.11 , 9.72 , 0.58 , -1.12 , 353.41
2024-01-24 12:42:03,752 :- 00295: 190 , 15.80 , -1.00 || 1706080323, 17.602216474631 , 78.126610119927, 0.01 , 0.01 ,16.11 , 10.16 , 0.60 , -1.17 , 353.44
2024-01-24 12:42:03,782 :- 00296: 193 , 16.10 , -1.00 || 1706080323, 17.602216474631 , 78.126610119927, 0.01 , 0.01 ,16.11 , 11.13 , 0.59 , -1.07 , 353.51
2024-01-24 12:42:03,812 :- 00297: 196 , 16.20 , -1.00 || 1706080323, 17.602216474631 , 78.126610119927, 0.01 , 0.01 ,16.51 , 7.84 , 0.63 , -1.23 , 353.54
2024-01-24 12:42:03,842 :- 00298: 199 , 16.40 , -0.90 || 1706080323, 17.602220490628 , 78.126610135839, 0.01 , 0.01 ,16.51 , 9.67 , 0.63 , -1.35 , 353.58
2024-01-24 12:42:03,872 :- 00299: 202 , 16.40 , -0.90 || 1706080323, 17.602220490628 , 78.126610135839, 0.01 , 0.01 ,16.51 , 10.57 , 0.65 , -1.27 , 353.60
2024-01-24 12:42:03,902 :- 00300: 205 , 16.50 , -0.90 || 1706080323, 17.602220490628 , 78.126610135839, 0.01 , 0.01 ,16.51 , 10.41 , 0.65 , -1.23 , 353.63
2024-01-24 12:42:03,932 :- 00301: 208 , 16.70 , -0.90 || 1706080323, 17.602224723715 , 78.126609679200, 0.01 , 0.01 ,16.96 , 9.99 , 0.63 , -1.34 , 353.65
2024-01-24 12:42:03,962 :- 00302: 211 , 16.80 , -0.90 || 1706080323, 17.602224723715 , 78.126609679200, 0.01 , 0.01 ,16.96 , 9.83 , 0.66 , -1.35 , 353.70
2024-01-24 12:42:03,992 :- 00303: 214 , 16.90 , -0.80 || 1706080323, 17.602224723715 , 78.126609679200, 0.01 , 0.01 ,16.96 , 10.07 , 0.65 , -1.33 , 353.72
2024-01-24 12:42:04,023 :- 00304: 217 , 17.10 , -0.80 || 1706080324, 17.602224723715 , 78.126609679200, 0.01 , 0.01 ,16.96 , 10.51 , 0.66 , -1.35 , 353.77
2024-01-24 12:42:04,052 :- 00305: 220 , 17.20 , -0.70 || 1706080324, 17.602229087962 , 78.126609188084, 0.01 , 0.01 ,17.49 , 9.96 , 0.66 , -1.30 , 353.80
2024-01-24 12:42:04,082 :- 00306: 223 , 17.30 , -0.70 || 1706080324, 17.602229087962 , 78.126609188084, 0.01 , 0.01 ,17.49 , 9.31 , 0.68 , -1.31 , 353.86
2024-01-24 12:42:04,112 :- 00307: 226 , 17.40 , -0.70 || 1706080324, 17.602229087962 , 78.126609188084, 0.01 , 0.01 ,18.02 , 10.26 , 0.69 , -1.26 , 353.89
2024-01-24 12:42:04,142 :- 00308: 229 , 17.60 , -0.70 || 1706080324, 17.602233586364 , 78.126608699403, 0.01 , 0.01 ,18.02 , 9.57 , 0.68 , -1.17 , 353.94
2024-01-24 12:42:04,172 :- 00309: 232 , 17.70 , -0.70 || 1706080324, 17.602233586364 , 78.126608699403, 0.01 , 0.01 ,18.02 , 9.26 , 0.69 , -1.19 , 353.96
2024-01-24 12:42:04,202 :- 00310: 235 , 17.90 , -0.70 || 1706080324, 17.602233586364 , 78.126608699403, 0.01 , 0.01 ,18.02 , 9.35 , 0.68 , -1.10 , 353.98
2024-01-24 12:42:04,232 :- 00311: 238 , 18.00 , -0.70 || 1706080324, 17.602238208242 , 78.126608190062, 0.01 , 0.01 ,18.52 , 9.79 , 0.69 , -1.10 , 353.99
2024-01-24 12:42:04,262 :- 00312: 241 , 18.10 , -0.70 || 1706080324, 17.602238208242 , 78.126608190062, 0.01 , 0.01 ,18.52 , 9.89 , 0.68 , -1.06 , 354.01
2024-01-24 12:42:04,292 :- 00313: 244 , 18.20 , -0.70 || 1706080324, 17.602238208242 , 78.126608190062, 0.01 , 0.01 ,18.52 , 9.98 , 0.67 , -1.06 , 354.02
2024-01-24 12:42:04,322 :- 00314: 247 , 18.30 , -0.70 || 1706080324, 17.602242925232 , 78.126607710048, 0.01 , 0.01 ,18.88 , 10.02 , 0.67 , -1.06 , 354.05
2024-01-24 12:42:04,352 :- 00315: 250 , 18.40 , -0.70 || 1706080324, 17.602242925232 , 78.126607710048, 0.01 , 0.01 ,18.88 , 9.73 , 0.66 , -1.01 , 354.07
2024-01-24 12:42:04,382 :- 00316: 253 , 18.50 , -0.80 || 1706080324, 17.602242925232 , 78.126607710048, 0.01 , 0.01 ,18.88 , 10.11 , 0.62 , -1.01 , 354.12
2024-01-24 12:42:04,412 :- 00317: 000 , 18.70 , -0.80 || 1706080324, 17.602242925232 , 78.126607710048, 0.01 , 0.01 ,19.30 , 9.81 , 0.59 , -0.99 , 354.15
2024-01-24 12:42:04,442 :- 00318: 003 , 18.80 , -0.90 || 1706080324, 17.602247742898 , 78.126607195083, 0.01 , 0.01 ,19.30 , 9.54 , 0.55 , -0.93 , 354.21
2024-01-24 12:42:04,472 :- 00319: 006 , 19.00 , -1.00 || 1706080324, 17.602247742898 , 78.126607195083, 0.01 , 0.01 ,19.30 , 9.63 , 0.54 , -0.94 , 354.25
2024-01-24 12:42:04,502 :- 00320: 009 , 19.10 , -1.10 || 1706080324, 17.602247742898 , 78.126607195083, 0.01 , 0.01 ,19.30 , 9.45 , 0.49 , -0.89 , 354.31
2024-01-24 12:42:04,532 :- 00321: 012 , 19.30 , -1.20 || 1706080324, 17.602252657769 , 78.126606634435, 0.01 , 0.01 ,19.70 , 9.42 , 0.48 , -0.89 , 354.34
2024-01-24 12:42:04,562 :- 00322: 015 , 19.40 , -1.30 || 1706080324, 17.602252657769 , 78.126606634435, 0.01 , 0.01 ,19.70 , 9.34 , 0.42 , -0.93 , 354.40
2024-01-24 12:42:04,592 :- 00323: 018 , 19.50 , -1.30 || 1706080324, 17.602252657769 , 78.126606634435, 0.01 , 0.01 ,19.70 , 9.60 , 0.38 , -0.92 , 354.44
2024-01-24 12:42:04,622 :- 00324: 021 , 19.60 , -1.30 || 1706080324, 17.602257671957 , 78.126606105686, 0.01 , 0.01 ,20.08 , 9.72 , 0.33 , -0.96 , 354.52
2024-01-24 12:42:04,652 :- 00325: 024 , 19.70 , -1.30 || 1706080324, 17.602257671957 , 78.126606105686, 0.01 , 0.01 ,20.08 , 10.07 , 0.33 , -0.97 , 354.56
2024-01-24 12:42:04,682 :- 00326: 027 , 19.80 , -1.30 || 1706080324, 17.602257671957 , 78.126606105686, 0.01 , 0.01 ,20.08 , 10.10 , 0.32 , -0.98 , 354.67
2024-01-24 12:42:04,712 :- 00327: 027 , 19.80 , -1.30 || 1706080324, 17.602257671957 , 78.126606105686, 0.01 , 0.01 ,20.08 , 10.10 , 0.32 , -0.98 , 354.671706080324, 17.602257671957 , 78.126606105686, 0.01 , 0.01 ,20.42 , 10.01 , 0.32 , -0.99 , 354.73
2024-01-24 12:42:04,732 :- 00328: 032 , 20.00 , -1.30 || 1706080324, 17.602262773311 , 78.126605597812, 0.01 , 0.01 ,20.42 , 10.09 , 0.32 , -0.99 , 354.79
2024-01-24 12:42:04,762 :- 00329: 035 , 20.10 , -1.30 || 1706080324, 17.602262773311 , 78.126605597812, 0.01 , 0.01 ,20.42 , 9.88 , 0.36 , -0.97 , 354.91
2024-01-24 12:42:04,792 :- 00330: 038 , 20.20 , -1.30 || 1706080324, 17.602262773311 , 78.126605597812, 0.01 , 0.01 ,20.42 , 9.85 , 0.37 , -0.97 , 354.97
2024-01-24 12:42:04,822 :- 00331: 041 , 20.40 , -1.30 || 1706080324, 17.602267991744 , 78.126605144513, 0.01 , 0.01 ,20.87 , 9.81 , 0.38 , -0.95 , 355.08
2024-01-24 12:42:04,852 :- 00332: 044 , 20.50 , -1.30 || 1706080324, 17.602267991744 , 78.126605144513, 0.01 , 0.01 ,20.87 , 9.59 , 0.39 , -0.94 , 355.13
2024-01-24 12:42:04,882 :- 00333: 047 , 20.60 , -1.30 || 1706080324, 17.602267991744 , 78.126605144513, 0.01 , 0.01 ,20.87 , 9.82 , 0.40 , -0.92 , 355.22
2024-01-24 12:42:04,912 :- 00334: 050 , 20.70 , -1.30 || 1706080324, 17.602267991744 , 78.126605144513, 0.01 , 0.01 ,21.24 , 9.92 , 0.41 , -0.90 , 355.26
2024-01-24 12:42:04,942 :- 00335: 053 , 20.80 , -1.30 || 1706080324, 17.602273305150 , 78.126604708485, 0.01 , 0.01 ,21.24 , 9.66 , 0.45 , -0.87 , 355.36
2024-01-24 12:42:04,972 :- 00336: 056 , 20.80 , -1.30 || 1706080324, 17.602273305150 , 78.126604708485, 0.01 , 0.01 ,21.24 , 10.03 , 0.46 , -0.87 , 355.40
2024-01-24 12:42:05,002 :- 00337: 059 , 20.90 , -1.30 || 1706080325, 17.602273305150 , 78.126604708485, 0.01 , 0.01 ,21.24 , 10.08 , 0.48 , -0.83 , 355.51
2024-01-24 12:42:05,032 :- 00338: 062 , 21.00 , -1.30 || 1706080325, 17.602273305150 , 78.126604708485, 0.01 , 0.01 ,21.57 , 9.82 , 0.49 , -0.80 , 355.56
2024-01-24 12:42:05,062 :- 00339: 065 , 21.10 , -1.30 || 1706080325, 17.602278703606 , 78.126604293901, 0.01 , 0.01 ,21.57 , 9.65 , 0.48 , -0.79 , 355.67
2024-01-24 12:42:05,092 :- 00340: 068 , 21.20 , -1.30 || 1706080325, 17.602278703606 , 78.126604293901, 0.01 , 0.01 ,21.57 , 9.81 , 0.48 , -0.77 , 355.73
2024-01-24 12:42:05,122 :- 00341: 071 , 21.30 , -1.30 || 1706080325, 17.602284193105 , 78.126603858860, 0.01 , 0.01 ,21.94 , 10.06 , 0.49 , -0.71 , 355.84
2024-01-24 12:42:05,152 :- 00342: 074 , 21.40 , -1.20 || 1706080325, 17.602284193105 , 78.126603858860, 0.01 , 0.01 ,21.94 , 9.53 , 0.51 , -0.72 , 355.89
2024-01-24 12:42:05,182 :- 00343: 077 , 21.50 , -1.20 || 1706080325, 17.602284193105 , 78.126603858860, 0.01 , 0.01 ,21.94 , 9.59 , 0.53 , -0.71 , 355.99
2024-01-24 12:42:05,212 :- 00344: 080 , 21.60 , -1.10 || 1706080325, 17.602284193105 , 78.126603858860, 0.01 , 0.01 ,22.23 , 9.77 , 0.54 , -0.68 , 356.04
2024-01-24 12:42:05,242 :- 00345: 083 , 21.70 , -1.10 || 1706080325, 17.602289759263 , 78.126603482069, 0.01 , 0.01 ,22.23 , 9.75 , 0.56 , -0.70 , 356.12
2024-01-24 12:42:05,272 :- 00346: 086 , 21.80 , -1.00 || 1706080325, 17.602289759263 , 78.126603482069, 0.01 , 0.01 ,22.23 , 9.73 , 0.59 , -0.71 , 356.17
2024-01-24 12:42:05,302 :- 00347: 089 , 21.90 , -0.90 || 1706080325, 17.602289759263 , 78.126603482069, 0.01 , 0.01 ,22.23 , 9.36 , 0.67 , -0.69 , 356.27
2024-01-24 12:42:05,332 :- 00348: 092 , 22.00 , -0.80 || 1706080325, 17.602295391727 , 78.126603135390, 0.01 , 0.01 ,22.48 , 9.71 , 0.71 , -0.69 , 356.31
2024-01-24 12:42:05,362 :- 00349: 095 , 22.10 , -0.80 || 1706080325, 17.602295391727 , 78.126603135390, 0.01 , 0.01 ,22.48 , 9.96 , 0.78 , -0.67 , 356.40
2024-01-24 12:42:05,392 :- 00350: 098 , 22.20 , -0.70 || 1706080325, 17.602295391727 , 78.126603135390, 0.01 , 0.01 ,22.48 , 9.71 , 0.82 , -0.67 , 356.44
2024-01-24 12:42:05,422 :- 00351: 101 , 22.30 , -0.70 || 1706080325, 17.602301033157 , 78.126602873324, 0.01 , 0.01 ,22.77 , 9.36 , 0.85 , -0.69 , 356.50
2024-01-24 12:42:05,452 :- 00352: 104 , 22.40 , -0.60 || 1706080325, 17.602301033157 , 78.126602873324, 0.01 , 0.01 ,22.77 , 9.94 , 0.85 , -0.70 , 356.53
2024-01-24 12:42:05,482 :- 00353: 107 , 22.40 , -0.60 || 1706080325, 17.602301033157 , 78.126602873324, 0.01 , 0.01 ,22.77 , 10.07 , 0.85 , -0.70 , 356.58
2024-01-24 12:42:05,512 :- 00354: 110 , 22.50 , -0.50 || 1706080325, 17.602301033157 , 78.126602873324, 0.01 , 0.01 ,23.03 , 9.98 , 0.86 , -0.72 , 356.59
2024-01-24 12:42:05,542 :- 00355: 113 , 22.60 , -0.50 || 1706080325, 17.602306803301 , 78.126602526210, 0.01 , 0.01 ,23.03 , 10.10 , 0.88 , -0.76 , 356.63
2024-01-24 12:42:05,572 :- 00356: 116 , 22.70 , -0.50 || 1706080325, 17.602306803301 , 78.126602526210, 0.01 , 0.01 ,23.03 , 9.85 , 0.88 , -0.75 , 356.64
2024-01-24 12:42:05,602 :- 00357: 119 , 22.70 , -0.40 || 1706080325, 17.602306803301 , 78.126602526210, 0.01 , 0.01 ,23.03 , 10.54 , 0.90 , -0.74 , 356.68
2024-01-24 12:42:05,632 :- 00358: 122 , 22.90 , -0.30 || 1706080325, 17.602312636971 , 78.126602196079, 0.01 , 0.01 ,23.28 , 9.91 , 0.91 , -0.75 , 356.69
2024-01-24 12:42:05,662 :- 00359: 125 , 23.00 , -0.30 || 1706080325, 17.602312636971 , 78.126602196079, 0.01 , 0.01 ,23.28 , 9.14 , 0.93 , -0.75 , 356.72
2024-01-24 12:42:05,692 :- 00360: 128 , 23.00 , -0.20 || 1706080325, 17.602312636971 , 78.126602196079, 0.01 , 0.01 ,23.28 , 9.38 , 0.94 , -0.76 , 356.73
2024-01-24 12:42:05,722 :- 00361: 131 , 23.10 , -0.20 || 1706080325, 17.602318547449 , 78.126601873045, 0.01 , 0.01 ,23.58 , 9.80 , 0.96 , -0.78 , 356.74
2024-01-24 12:42:05,753 :- 00362: 134 , 23.20 , -0.10 || 1706080325, 17.602318547449 , 78.126601873045, 0.01 , 0.01 ,23.58 , 10.04 , 0.98 , -0.76 , 356.75
2024-01-24 12:42:05,782 :- 00363: 137 , 23.20 , -0.10 || 1706080325, 17.602318547449 , 78.126601873045, 0.01 , 0.01 ,23.58 , 9.88 , 1.00 , -0.79 , 356.74
2024-01-24 12:42:05,812 :- 00364: 140 , 23.30 , -0.10 || 1706080325, 17.602318547449 , 78.126601873045, 0.01 , 0.01 ,23.83 , 9.63 , 1.00 , -0.80 , 356.74
2024-01-24 12:42:05,842 :- 00365: 143 , 23.30 , -0.10 || 1706080325, 17.602324521674 , 78.126601569011, 0.01 , 0.01 ,23.83 , 10.41 , 1.00 , -0.78 , 356.73
2024-01-24 12:42:05,872 :- 00366: 146 , 23.40 , -0.10 || 1706080325, 17.602324521674 , 78.126601569011, 0.01 , 0.01 ,23.83 , 10.18 , 1.00 , -0.77 , 356.73
2024-01-24 12:42:05,902 :- 00367: 149 , 23.50 , -0.10 || 1706080325, 17.602324521674 , 78.126601569011, 0.01 , 0.01 ,23.83 , 9.97 , 1.00 , -0.74 , 356.73
2024-01-24 12:42:05,932 :- 00368: 152 , 23.50 , -0.10 || 1706080325, 17.602330547663 , 78.126601214664, 0.01 , 0.01 ,24.05 , 10.03 , 0.99 , -0.72 , 356.73
2024-01-24 12:42:05,962 :- 00369: 155 , 23.60 , -0.10 || 1706080325, 17.602330547663 , 78.126601214664, 0.01 , 0.01 ,24.05 , 9.94 , 0.99 , -0.65 , 356.74
2024-01-24 12:42:05,992 :- 00370: 158 , 23.60 , -0.10 || 1706080325, 17.602330547663 , 78.126601214664, 0.01 , 0.01 ,24.05 , 9.76 , 0.98 , -0.62 , 356.73
2024-01-24 12:42:06,022 :- 00371: 161 , 23.70 , -0.10 || 1706080326, 17.602336634781 , 78.126600853146, 0.01 , 0.01 ,24.29 , 9.67 , 0.95 , -0.60 , 356.73
2024-01-24 12:42:06,052 :- 00372: 164 , 23.70 , -0.10 || 1706080326, 17.602336634781 , 78.126600853146, 0.01 , 0.01 ,24.29 , 9.94 , 0.94 , -0.56 , 356.73
2024-01-24 12:42:06,082 :- 00373: 167 , 23.80 , -0.10 || 1706080326, 17.602336634781 , 78.126600853146, 0.01 , 0.01 ,24.29 , 9.62 , 0.92 , -0.52 , 356.72
2024-01-24 12:42:06,112 :- 00374: 170 , 23.80 , -0.10 || 1706080326, 17.602336634781 , 78.126600853146, 0.01 , 0.01 ,24.40 , 9.49 , 0.92 , -0.52 , 356.72
2024-01-24 12:42:06,142 :- 00375: 173 , 23.90 , -0.10 || 1706080326, 17.602342747344 , 78.126600488928, 0.01 , 0.01 ,24.40 , 9.54 , 0.91 , -0.52 , 356.72
2024-01-24 12:42:06,172 :- 00376: 176 , 23.90 , -0.10 || 1706080326, 17.602342747344 , 78.126600488928, 0.01 , 0.01 ,24.40 , 9.81 , 0.91 , -0.48 , 356.72
2024-01-24 12:42:06,202 :- 00377: 179 , 23.90 , -0.10 || 1706080326, 17.602342747344 , 78.126600488928, 0.01 , 0.01 ,24.40 , 9.90 , 0.88 , -0.49 , 356.72
2024-01-24 12:42:06,232 :- 00378: 182 , 23.90 , -0.10 || 1706080326, 17.602348855715 , 78.126600133288, 0.01 , 0.01 ,24.38 , 9.62 , 0.88 , -0.49 , 356.73
2024-01-24 12:42:06,262 :- 00379: 185 , 23.90 , -0.10 || 1706080326, 17.602348855715 , 78.126600133288, 0.01 , 0.01 ,24.38 , 9.34 , 0.90 , -0.45 , 356.73
2024-01-24 12:42:06,292 :- 00380: 188 , 23.90 , -0.10 || 1706080326, 17.602348855715 , 78.126600133288, 0.01 , 0.01 ,24.38 , 9.91 , 0.91 , -0.43 , 356.73
2024-01-24 12:42:06,322 :- 00381: 191 , 23.90 , -0.10 || 1706080326, 17.602354988041 , 78.126599786743, 0.01 , 0.01 ,24.47 , 9.98 , 0.93 , -0.42 , 356.72
2024-01-24 12:42:06,352 :- 00382: 194 , 23.90 , -0.10 || 1706080326, 17.602354988041 , 78.126599786743, 0.01 , 0.01 ,24.47 , 9.94 , 0.94 , -0.39 , 356.72
2024-01-24 12:42:06,382 :- 00383: 197 , 23.80 , -0.10 || 1706080326, 17.602354988041 , 78.126599786743, 0.01 , 0.01 ,24.47 , 10.23 , 0.95 , -0.33 , 356.72
2024-01-24 12:42:06,412 :- 00384: 200 , 23.80 , -0.10 || 1706080326, 17.602354988041 , 78.126599786743, 0.01 , 0.01 ,24.40 , 10.35 , 0.97 , -0.30 , 356.72
2024-01-24 12:42:06,442 :- 00385: 203 , 23.70 , -0.10 || 1706080326, 17.602361103813 , 78.126599456613, 0.01 , 0.01 ,24.40 , 10.18 , 0.99 , -0.26 , 356.72
2024-01-24 12:42:06,472 :- 00386: 206 , 23.70 , -0.10 || 1706080326, 17.602361103813 , 78.126599456613, 0.01 , 0.01 ,24.40 , 9.91 , 1.00 , -0.24 , 356.72
2024-01-24 12:42:06,502 :- 00387: 209 , 23.80 , -0.10 || 1706080326, 17.602361103813 , 78.126599456613, 0.01 , 0.01 ,24.40 , 9.11 , 1.03 , -0.18 , 356.73
2024-01-24 12:42:06,532 :- 00388: 212 , 23.70 , -0.10 || 1706080326, 17.602367178344 , 78.126599114704, 0.01 , 0.01 ,24.24 , 9.34 , 1.03 , -0.18 , 356.73
2024-01-24 12:42:06,562 :- 00389: 215 , 23.70 , -0.10 || 1706080326, 17.602367178344 , 78.126599114704, 0.01 , 0.01 ,24.24 , 9.64 , 1.05 , -0.20 , 356.74
2024-01-24 12:42:06,592 :- 00390: 218 , 23.70 , -0.10 || 1706080326, 17.602367178344 , 78.126599114704, 0.01 , 0.01 ,24.24 , 9.29 , 1.06 , -0.18 , 356.73
2024-01-24 12:42:06,622 :- 00391: 218 , 23.70 , -0.10 || 1706080326, 17.602367178344 , 78.126599114704, 0.01 , 0.01 ,24.24 , 9.29 , 1.06 , -0.18 , 356.731706080326, 17.602373191637 , 78.126598789383, 0.01 , 0.01 ,23.99 , 9.58 , 1.08 , -0.19 , 356.73
2024-01-24 12:42:06,642 :- 00392: 223 , 23.60 , -0.10 || 1706080326, 17.602373191637 , 78.126598789383, 0.01 , 0.01 ,23.99 , 10.05 , 1.09 , -0.21 , 356.73
2024-01-24 12:42:06,672 :- 00393: 226 , 23.50 , -0.10 || 1706080326, 17.602373191637 , 78.126598789383, 0.01 , 0.01 ,23.99 , 9.82 , 1.11 , -0.23 , 356.72
2024-01-24 12:42:06,702 :- 00394: 229 , 23.50 , -0.10 || 1706080326, 17.602373191637 , 78.126598789383, 0.01 , 0.01 ,23.99 , 9.42 , 1.13 , -0.26 , 356.73
2024-01-24 12:42:06,732 :- 00395: 232 , 23.40 , -0.10 || 1706080326, 17.602379160347 , 78.126598470915, 0.01 , 0.01 ,23.81 , 10.00 , 1.14 , -0.25 , 356.74
2024-01-24 12:42:06,762 :- 00396: 235 , 23.40 , -0.10 || 1706080326, 17.602379160347 , 78.126598470915, 0.01 , 0.01 ,23.81 , 10.04 , 1.15 , -0.26 , 356.74
2024-01-24 12:42:06,792 :- 00397: 238 , 23.30 , -0.10 || 1706080326, 17.602379160347 , 78.126598470915, 0.01 , 0.01 ,23.81 , 9.79 , 1.17 , -0.29 , 356.75
2024-01-24 12:42:06,822 :- 00398: 241 , 23.30 , -0.10 || 1706080326, 17.602385091500 , 78.126598148694, 0.01 , 0.01 ,23.67 , 9.92 , 1.17 , -0.28 , 356.76
2024-01-24 12:42:06,852 :- 00399: 244 , 23.20 , -0.10 || 1706080326, 17.602385091500 , 78.126598148694, 0.01 , 0.01 ,23.67 , 10.09 , 1.17 , -0.26 , 356.76
2024-01-24 12:42:06,882 :- 00400: 247 , 23.10 , -0.10 || 1706080326, 17.602385091500 , 78.126598148694, 0.01 , 0.01 ,23.67 , 10.10 , 1.18 , -0.28 , 356.76
2024-01-24 12:42:06,912 :- 00401: 250 , 23.10 , -0.10 || 1706080326, 17.602385091500 , 78.126598148694, 0.01 , 0.01 ,23.53 , 10.05 , 1.20 , -0.27 , 356.75
2024-01-24 12:42:06,942 :- 00402: 253 , 23.00 , -0.10 || 1706080326, 17.602390988541 , 78.126597820592, 0.01 , 0.01 ,23.53 , 10.08 , 1.22 , -0.21 , 356.75
2024-01-24 12:42:06,972 :- 00403: 000 , 23.00 , -0.10 || 1706080326, 17.602390988541 , 78.126597820592, 0.01 , 0.01 ,23.53 , 9.81 , 1.24 , -0.20 , 356.76
2024-01-24 12:42:07,002 :- 00404: 003 , 22.90 , -0.10 || 1706080327, 17.602390988541 , 78.126597820592, 0.01 , 0.01 ,23.53 , 9.79 , 1.29 , -0.18 , 356.76
2024-01-24 12:42:07,032 :- 00405: 006 , 22.90 , -0.10 || 1706080327, 17.602390988541 , 78.126597820592, 0.01 , 0.01 ,23.36 , 9.52 , 1.32 , -0.18 , 356.76
2024-01-24 12:42:07,063 :- 00406: 009 , 22.80 , -0.10 || 1706080327, 17.602396842875 , 78.126597520871, 0.01 , 0.01 ,23.36 , 9.35 , 1.38 , -0.15 , 356.77
2024-01-24 12:42:07,092 :- 00407: 012 , 22.80 , -0.10 || 1706080327, 17.602396842875 , 78.126597520871, 0.01 , 0.01 ,23.36 , 9.86 , 1.42 , -0.14 , 356.78
2024-01-24 12:42:07,112 :- 00408: 014 , 22.70 , -0.10 || 1706080327, 17.602396842875 , 78.126597520871, 0.01 , 0.01 ,23.07 , 9.66 , 1.46 , -0.17 , 356.78
2024-01-24 12:42:07,142 :- 00409: 017 , 22.70 , -0.10 || 1706080327, 17.602402625489 , 78.126597236864, 0.01 , 0.01 ,23.07 , 9.45 , 1.52 , -0.22 , 356.78
2024-01-24 12:42:07,172 :- 00410: 020 , 22.60 , -0.10 || 1706080327, 17.602402625489 , 78.126597236864, 0.01 , 0.01 ,23.07 , 9.67 , 1.55 , -0.23 , 356.78
2024-01-24 12:42:07,202 :- 00411: 023 , 22.50 , -0.10 || 1706080327, 17.602402625489 , 78.126597236864, 0.01 , 0.01 ,23.07 , 9.71 , 1.58 , -0.26 , 356.79
2024-01-24 12:42:07,232 :- 00412: 026 , 22.50 , -0.10 || 1706080327, 17.602408431664 , 78.126596897627, 0.01 , 0.01 ,22.81 , 9.78 , 1.59 , -0.29 , 356.79
2024-01-24 12:42:07,262 :- 00413: 026 , 22.50 , -0.10 || 1706080327, 17.602408431664 , 78.126596897627, 0.01 , 0.01 ,22.81 , 9.78 , 1.59 , -0.29 , 356.791706080327, 17.602408431664 , 78.126596897627, 0.01 , 0.01 ,22.81 , 9.98 , 1.61 , -0.31 , 356.79
2024-01-24 12:42:07,282 :- 00414: 026 , 22.50 , -0.10 || 1706080327, 17.602408431664 , 78.126596897627, 0.01 , 0.01 ,22.81 , 9.78 , 1.59 , -0.29 , 356.791706080327, 17.602408431664 , 78.126596897627, 0.01 , 0.01 ,22.81 , 9.98 , 1.61 , -0.31 , 356.791706080327, 17.602408431664 , 78.126596897627, 0.01 , 0.01 ,22.81 , 9.93 , 1.61 , -0.32 , 356.80
2024-01-24 12:42:07,312 :- 00415: 034 , 22.30 , -0.10 || 1706080327, 17.602408431664 , 78.126596897627, 0.01 , 0.01 ,22.62 , 10.03 , 1.62 , -0.32 , 356.80
2024-01-24 12:42:07,342 :- 00416: 037 , 22.20 , -0.10 || 1706080327, 17.602414101506 , 78.126596602768, 0.01 , 0.01 ,22.62 , 9.93 , 1.65 , -0.30 , 356.81
2024-01-24 12:42:07,372 :- 00417: 040 , 22.20 , -0.10 || 1706080327, 17.602414101506 , 78.126596602768, 0.01 , 0.01 ,22.62 , 9.89 , 1.64 , -0.30 , 356.81
2024-01-24 12:42:07,402 :- 00418: 043 , 22.10 , -0.10 || 1706080327, 17.602414101506 , 78.126596602768, 0.01 , 0.01 ,22.62 , 10.03 , 1.64 , -0.23 , 356.81
2024-01-24 12:42:07,432 :- 00419: 046 , 22.00 , -0.10 || 1706080327, 17.602419745893 , 78.126596289669, 0.01 , 0.01 ,22.52 , 9.95 , 1.65 , -0.22 , 356.81
2024-01-24 12:42:07,462 :- 00420: 049 , 21.90 , -0.10 || 1706080327, 17.602419745893 , 78.126596289669, 0.01 , 0.01 ,22.52 , 10.21 , 1.68 , -0.18 , 356.80
2024-01-24 12:42:07,492 :- 00421: 052 , 21.90 , -0.10 || 1706080327, 17.602419745893 , 78.126596289669, 0.01 , 0.01 ,22.52 , 9.99 , 1.70 , -0.14 , 356.79
2024-01-24 12:42:07,522 :- 00422: 055 , 21.80 , -0.10 || 1706080327, 17.602425350235 , 78.126596002803, 0.01 , 0.01 ,22.36 , 10.05 , 1.74 , -0.08 , 356.78
2024-01-24 12:42:07,552 :- 00423: 058 , 21.70 , -0.10 || 1706080327, 17.602425350235 , 78.126596002803, 0.01 , 0.01 ,22.36 , 9.75 , 1.75 , -0.06 , 356.78
2024-01-24 12:42:07,582 :- 00424: 061 , 21.70 , -0.10 || 1706080327, 17.602425350235 , 78.126596002803, 0.01 , 0.01 ,22.36 , 9.74 , 1.79 , 0.01 , 356.79
2024-01-24 12:42:07,612 :- 00425: 064 , 21.60 , -0.20 || 1706080327, 17.602425350235 , 78.126596002803, 0.01 , 0.01 ,22.12 , 9.59 , 1.81 , 0.02 , 356.80
2024-01-24 12:42:07,642 :- 00426: 067 , 21.60 , -0.20 || 1706080327, 17.602430896128 , 78.126595741193, 0.01 , 0.01 ,22.12 , 9.55 , 1.83 , 0.07 , 356.81
2024-01-24 12:42:07,672 :- 00427: 070 , 21.60 , -0.20 || 1706080327, 17.602430896128 , 78.126595741193, 0.01 , 0.01 ,22.12 , 9.15 , 1.83 , 0.07 , 356.82
2024-01-24 12:42:07,702 :- 00428: 073 , 21.50 , -0.20 || 1706080327, 17.602430896128 , 78.126595741193, 0.01 , 0.01 ,22.12 , 8.98 , 1.83 , 0.07 , 356.82
2024-01-24 12:42:07,732 :- 00429: 076 , 21.40 , -0.30 || 1706080327, 17.602436362370 , 78.126595440639, 0.01 , 0.01 ,21.81 , 9.44 , 1.82 , 0.08 , 356.82
2024-01-24 12:42:07,762 :- 00430: 079 , 21.30 , -0.40 || 1706080327, 17.602436362370 , 78.126595440639, 0.01 , 0.01 ,21.81 , 9.65 , 1.77 , 0.03 , 356.83
2024-01-24 12:42:07,792 :- 00431: 082 , 21.30 , -0.60 || 1706080327, 17.602436362370 , 78.126595440639, 0.01 , 0.01 ,21.81 , 9.27 , 1.74 , 0.02 , 356.83
2024-01-24 12:42:07,822 :- 00432: 085 , 21.20 , -0.80 || 1706080327, 17.602441753030 , 78.126595126340, 0.01 , 0.01 ,21.51 , 10.06 , 1.69 , -0.02 , 356.85
2024-01-24 12:42:07,852 :- 00433: 088 , 21.10 , -1.00 || 1706080327, 17.602441753030 , 78.126595126340, 0.01 , 0.01 ,21.51 , 9.98 , 1.66 , -0.03 , 356.87
2024-01-24 12:42:07,882 :- 00434: 091 , 21.00 , -1.20 || 1706080327, 17.602441753030 , 78.126595126340, 0.01 , 0.01 ,21.51 , 9.59 , 1.59 , -0.07 , 356.93
2024-01-24 12:42:07,912 :- 00435: 094 , 21.00 , -1.50 || 1706080327, 17.602441753030 , 78.126595126340, 0.01 , 0.01 ,21.25 , 10.24 , 1.55 , -0.08 , 356.96
2024-01-24 12:42:07,942 :- 00436: 097 , 20.90 , -1.60 || 1706080327, 17.602447078169 , 78.126594808426, 0.01 , 0.01 ,21.25 , 10.18 , 1.46 , -0.08 , 357.06
2024-01-24 12:42:07,972 :- 00437: 100 , 20.80 , -1.80 || 1706080327, 17.602447078169 , 78.126594808426, 0.01 , 0.01 ,21.25 , 10.07 , 1.42 , -0.09 , 357.12
2024-01-24 12:42:08,002 :- 00438: 103 , 20.80 , -1.90 || 1706080328, 17.602447078169 , 78.126594808426, 0.01 , 0.01 ,21.25 , 9.91 , 1.35 , -0.08 , 357.26
2024-01-24 12:42:08,032 :- 00439: 106 , 20.80 , -2.00 || 1706080328, 17.602447078169 , 78.126594808426, 0.01 , 0.01 ,21.18 , 9.86 , 1.32 , -0.07 , 357.33
2024-01-24 12:42:08,062 :- 00440: 109 , 20.70 , -2.00 || 1706080328, 17.602452385218 , 78.126594479962, 0.01 , 0.01 ,21.18 , 10.00 , 1.26 , -0.06 , 357.50
2024-01-24 12:42:08,092 :- 00441: 112 , 20.60 , -2.00 || 1706080328, 17.602452385218 , 78.126594479962, 0.01 , 0.01 ,21.18 , 9.74 , 1.24 , -0.05 , 357.58
2024-01-24 12:42:08,122 :- 00442: 115 , 20.60 , -2.00 || 1706080328, 17.602457656422 , 78.126594212026, 0.01 , 0.01 ,21.03 , 9.81 , 1.22 , -0.03 , 357.76
2024-01-24 12:42:08,152 :- 00443: 118 , 20.60 , -2.00 || 1706080328, 17.602457656422 , 78.126594212026, 0.01 , 0.01 ,21.03 , 9.88 , 1.21 , -0.01 , 357.86
2024-01-24 12:42:08,182 :- 00444: 121 , 20.50 , -2.00 || 1706080328, 17.602457656422 , 78.126594212026, 0.01 , 0.01 ,21.03 , 9.50 , 1.19 , -0.00 , 358.05
2024-01-24 12:42:08,212 :- 00445: 124 , 20.50 , -2.00 || 1706080328, 17.602457656422 , 78.126594212026, 0.01 , 0.01 ,20.90 , 9.68 , 1.18 , -0.02 , 358.14
2024-01-24 12:42:08,242 :- 00446: 127 , 20.40 , -2.00 || 1706080328, 17.602462897753 , 78.126594028433, 0.01 , 0.01 ,20.90 , 9.76 , 1.17 , -0.00 , 358.32
2024-01-24 12:42:08,272 :- 00447: 130 , 20.40 , -2.00 || 1706080328, 17.602462897753 , 78.126594028433, 0.01 , 0.01 ,20.90 , 9.59 , 1.17 , 0.00 , 358.41
2024-01-24 12:42:08,302 :- 00448: 133 , 20.40 , -2.00 || 1706080328, 17.602462897753 , 78.126594028433, 0.01 , 0.01 ,20.90 , 9.65 , 1.18 , -0.04 , 358.58
2024-01-24 12:42:08,332 :- 00449: 136 , 20.40 , -2.00 || 1706080328, 17.602468086648 , 78.126593902860, 0.01 , 0.01 ,20.68 , 9.62 , 1.19 , -0.04 , 358.67
2024-01-24 12:42:08,362 :- 00450: 139 , 20.30 , -2.00 || 1706080328, 17.602468086648 , 78.126593902860, 0.01 , 0.01 ,20.68 , 9.71 , 1.21 , -0.06 , 358.83
2024-01-24 12:42:08,392 :- 00451: 142 , 20.30 , -2.00 || 1706080328, 17.602468086648 , 78.126593902860, 0.01 , 0.01 ,20.68 , 9.62 , 1.22 , -0.08 , 358.91
2024-01-24 12:42:08,422 :- 00452: 145 , 20.30 , -1.90 || 1706080328, 17.602473261425 , 78.126593843314, 0.01 , 0.01 ,20.62 , 9.65 , 1.25 , -0.11 , 359.07
2024-01-24 12:42:08,452 :- 00453: 148 , 20.20 , -1.90 || 1706080328, 17.602473261425 , 78.126593843314, 0.01 , 0.01 ,20.62 , 10.11 , 1.26 , -0.12 , 359.16
2024-01-24 12:42:08,482 :- 00454: 151 , 20.20 , -1.80 || 1706080328, 17.602473261425 , 78.126593843314, 0.01 , 0.01 ,20.62 , 9.89 , 1.28 , -0.13 , 359.32
2024-01-24 12:42:08,512 :- 00455: 154 , 20.20 , -1.80 || 1706080328, 17.602473261425 , 78.126593843314, 0.01 , 0.01 ,20.49 , 9.98 , 1.29 , -0.15 , 359.41
2024-01-24 12:42:08,542 :- 00456: 154 , 20.20 , -1.80 || 1706080328, 17.602473261425 , 78.126593843314, 0.01 , 0.01 ,20.49 , 9.98 , 1.29 , -0.15 , 359.411706080328, 17.602478402568 , 78.126593796509, 0.01 , 0.01 ,20.49 , 9.91 , 1.31 , -0.17 , 359.58
2024-01-24 12:42:08,562 :- 00457: 159 , 20.20 , -1.70 || 1706080328, 17.602478402568 , 78.126593796509, 0.01 , 0.01 ,20.49 , 9.80 , 1.32 , -0.17 , 359.66
2024-01-24 12:42:08,592 :- 00458: 162 , 20.10 , -1.60 || 1706080328, 17.602478402568 , 78.126593796509, 0.01 , 0.01 ,20.49 , 10.17 , 1.33 , -0.17 , 359.74
2024-01-24 12:42:08,622 :- 00459: 165 , 20.10 , -1.60 || 1706080328, 17.602483560708 , 78.126593793867, 0.01 , 0.01 ,20.55 , 10.28 , 1.33 , -0.18 , 359.89
2024-01-24 12:42:08,652 :- 00460: 168 , 20.10 , -1.50 || 1706080328, 17.602483560708 , 78.126593793867, 0.01 , 0.01 ,20.55 , 9.61 , 1.32 , -0.17 , 359.96
2024-01-24 12:42:08,682 :- 00461: 171 , 20.10 , -1.40 || 1706080328, 17.602483560708 , 78.126593793867, 0.01 , 0.01 ,20.55 , 9.81 , 1.31 , -0.16 , 0.09
2024-01-24 12:42:08,712 :- 00462: 174 , 20.10 , -1.30 || 1706080328, 17.602483560708 , 78.126593793867, 0.01 , 0.01 ,20.43 , 10.10 , 1.29 , -0.14 , 0.15
2024-01-24 12:42:08,742 :- 00463: 177 , 20.00 , -1.20 || 1706080328, 17.602488688281 , 78.126593814331, 0.01 , 0.01 ,20.43 , 9.88 , 1.29 , -0.14 , 0.26
2024-01-24 12:42:08,772 :- 00464: 180 , 20.00 , -1.10 || 1706080328, 17.602488688281 , 78.126593814331, 0.01 , 0.01 ,20.43 , 9.64 , 1.28 , -0.14 , 0.31
2024-01-24 12:42:08,802 :- 00465: 183 , 20.00 , -1.00 || 1706080328, 17.602488688281 , 78.126593814331, 0.01 , 0.01 ,20.43 , 9.64 , 1.28 , -0.12 , 0.41
2024-01-24 12:42:08,832 :- 00466: 186 , 19.90 , -0.90 || 1706080328, 17.602493788093 , 78.126593859027, 0.01 , 0.01 ,20.32 , 9.89 , 1.27 , -0.14 , 0.46
2024-01-24 12:42:08,862 :- 00467: 189 , 19.90 , -0.70 || 1706080328, 17.602493788093 , 78.126593859027, 0.01 , 0.01 ,20.32 , 9.78 , 1.28 , -0.15 , 0.55
2024-01-24 12:42:08,892 :- 00468: 192 , 19.90 , -0.60 || 1706080328, 17.602493788093 , 78.126593859027, 0.01 , 0.01 ,20.32 , 9.60 , 1.28 , -0.15 , 0.59
2024-01-24 12:42:08,922 :- 00469: 195 , 19.90 , -0.50 || 1706080328, 17.602498857340 , 78.126593931986, 0.01 , 0.01 ,20.20 , 9.75 , 1.28 , -0.17 , 0.66
2024-01-24 12:42:08,952 :- 00470: 198 , 19.90 , -0.50 || 1706080328, 17.602498857340 , 78.126593931986, 0.01 , 0.01 ,20.20 , 10.01 , 1.28 , -0.16 , 0.69
2024-01-24 12:42:08,982 :- 00471: 201 , 19.80 , -0.40 || 1706080328, 17.602498857340 , 78.126593931986, 0.01 , 0.01 ,20.20 , 9.77 , 1.29 , -0.16 , 0.73
2024-01-24 12:42:09,012 :- 00472: 204 , 19.80 , -0.30 || 1706080328, 17.602498857340 , 78.126593931986, 0.01 , 0.01 ,20.20 , 9.48 , 1.29 , -0.16 , 0.74
2024-01-24 12:42:09,042 :- 00473: 207 , 19.80 , -0.30 || 1706080329, 17.602503916609 , 78.126594003992, 0.01 , 0.01 ,20.16 , 9.79 , 1.30 , -0.18 , 0.75
2024-01-24 12:42:09,072 :- 00474: 210 , 19.70 , -0.30 || 1706080329, 17.602503916609 , 78.126594003992, 0.01 , 0.01 ,20.16 , 9.84 , 1.30 , -0.17 , 0.76
2024-01-24 12:42:09,102 :- 00475: 213 , 19.70 , -0.20 || 1706080329, 17.602503916609 , 78.126594003992, 0.01 , 0.01 ,20.16 , 9.98 , 1.30 , -0.18 , 0.77
2024-01-24 12:42:09,132 :- 00476: 216 , 19.70 , -0.20 || 1706080329, 17.602508948382 , 78.126594112279, 0.01 , 0.01 ,20.05 , 9.72 , 1.29 , -0.21 , 0.78
2024-01-24 12:42:09,162 :- 00477: 219 , 19.60 , -0.20 || 1706080329, 17.602508948382 , 78.126594112279, 0.01 , 0.01 ,20.05 , 10.04 , 1.28 , -0.21 , 0.80
2024-01-24 12:42:09,192 :- 00478: 222 , 19.60 , -0.20 || 1706080329, 17.602508948382 , 78.126594112279, 0.01 , 0.01 ,20.05 , 10.04 , 1.27 , -0.22 , 0.81
2024-01-24 12:42:09,222 :- 00479: 225 , 19.60 , -0.20 || 1706080329, 17.602513953964 , 78.126594179516, 0.01 , 0.01 ,19.95 , 10.01 , 1.25 , -0.23 , 0.83
2024-01-24 12:42:09,252 :- 00480: 228 , 19.50 , -0.10 || 1706080329, 17.602513953964 , 78.126594179516, 0.01 , 0.01 ,19.95 , 10.34 , 1.23 , -0.23 , 0.84
2024-01-24 12:42:09,282 :- 00481: 231 , 19.50 , -0.10 || 1706080329, 17.602513953964 , 78.126594179516, 0.01 , 0.01 ,19.95 , 9.66 , 1.20 , -0.23 , 0.84
2024-01-24 12:42:09,312 :- 00482: 234 , 19.50 , -0.10 || 1706080329, 17.602513953964 , 78.126594179516, 0.01 , 0.01 ,19.85 , 9.46 , 1.19 , -0.24 , 0.84
2024-01-24 12:42:09,342 :- 00483: 237 , 19.50 , -0.10 || 1706080329, 17.602518935812 , 78.126594247266, 0.01 , 0.01 ,19.85 , 9.79 , 1.18 , -0.24 , 0.84
2024-01-24 12:42:09,372 :- 00484: 240 , 19.50 , -0.10 || 1706080329, 17.602518935812 , 78.126594247266, 0.01 , 0.01 ,19.85 , 9.82 , 1.17 , -0.24 , 0.84
2024-01-24 12:42:09,402 :- 00485: 243 , 19.40 , -0.10 || 1706080329, 17.602518935812 , 78.126594247266, 0.01 , 0.01 ,19.85 , 9.67 , 1.17 , -0.24 , 0.83
2024-01-24 12:42:09,432 :- 00486: 246 , 19.40 , -0.10 || 1706080329, 17.602523893129 , 78.126594332692, 0.01 , 0.01 ,19.76 , 9.53 , 1.16 , -0.25 , 0.83
2024-01-24 12:42:09,462 :- 00487: 249 , 19.40 , -0.10 || 1706080329, 17.602523893129 , 78.126594332692, 0.01 , 0.01 ,19.76 , 9.86 , 1.12 , -0.24 , 0.84
2024-01-24 12:42:09,492 :- 00488: 252 , 19.30 , -0.10 || 1706080329, 17.602523893129 , 78.126594332692, 0.01 , 0.01 ,19.76 , 9.91 , 1.12 , -0.25 , 0.84
2024-01-24 12:42:09,522 :- 00489: 255 , 19.30 , -0.10 || 1706080329, 17.602528821002 , 78.126594405785, 0.01 , 0.01 ,19.64 , 9.87 , 1.13 , -0.25 , 0.84
2024-01-24 12:42:09,552 :- 00490: 002 , 19.20 , -0.10 || 1706080329, 17.602528821002 , 78.126594405785, 0.01 , 0.01 ,19.64 , 9.96 , 1.13 , -0.24 , 0.85
2024-01-24 12:42:09,582 :- 00491: 005 , 19.20 , -0.10 || 1706080329, 17.602528821002 , 78.126594405785, 0.01 , 0.01 ,19.64 , 9.92 , 1.12 , -0.23 , 0.85
2024-01-24 12:42:09,612 :- 00492: 008 , 19.20 , -0.10 || 1706080329, 17.602528821002 , 78.126594405785, 0.01 , 0.01 ,19.53 , 9.60 , 1.11 , -0.22 , 0.85
2024-01-24 12:42:09,642 :- 00493: 011 , 19.10 , -0.10 || 1706080329, 17.602533721677 , 78.126594492374, 0.01 , 0.01 ,19.53 , 9.98 , 1.10 , -0.23 , 0.85
2024-01-24 12:42:09,672 :- 00494: 014 , 19.10 , -0.10 || 1706080329, 17.602533721677 , 78.126594492374, 0.01 , 0.01 ,19.53 , 10.29 , 1.09 , -0.22 , 0.84
2024-01-24 12:42:09,702 :- 00495: 017 , 19.00 , -0.10 || 1706080329, 17.602533721677 , 78.126594492374, 0.01 , 0.01 ,19.53 , 9.73 , 1.09 , -0.22 , 0.83
2024-01-24 12:42:09,732 :- 00496: 020 , 19.00 , -0.10 || 1706080329, 17.602538571471 , 78.126594573775, 0.01 , 0.01 ,19.33 , 9.80 , 1.10 , -0.23 , 0.83
2024-01-24 12:42:09,762 :- 00497: 023 , 18.90 , -0.10 || 1706080329, 17.602538571471 , 78.126594573775, 0.01 , 0.01 ,19.33 , 10.08 , 1.11 , -0.22 , 0.82
2024-01-24 12:42:09,792 :- 00498: 026 , 18.90 , -0.10 || 1706080329, 17.602538571471 , 78.126594573775, 0.01 , 0.01 ,19.33 , 9.68 , 1.12 , -0.22 , 0.82
2024-01-24 12:42:09,822 :- 00499: 026 , 18.90 , -0.10 || 1706080329, 17.602538571471 , 78.126594573775, 0.01 , 0.01 ,19.33 , 9.68 , 1.12 , -0.22 , 0.821706080329, 17.602543363613 , 78.126594672711, 0.01 , 0.01 ,19.10 , 9.38 , 1.15 , -0.25 , 0.82
2024-01-24 12:42:09,842 :- 00500: 031 , 18.80 , -0.10 || 1706080329, 17.602543363613 , 78.126594672711, 0.01 , 0.01 ,19.10 , 9.35 , 1.14 , -0.25 , 0.82
2024-01-24 12:42:09,872 :- 00501: 034 , 18.70 , -0.10 || 1706080329, 17.602543363613 , 78.126594672711, 0.01 , 0.01 ,19.10 , 9.87 , 1.13 , -0.25 , 0.82
2024-01-24 12:42:09,902 :- 00502: 037 , 18.60 , -0.10 || 1706080329, 17.602543363613 , 78.126594672711, 0.01 , 0.01 ,19.10 , 9.76 , 1.08 , -0.28 , 0.82
2024-01-24 12:42:09,932 :- 00503: 040 , 18.60 , -0.10 || 1706080329, 17.602548092232 , 78.126594751395, 0.01 , 0.01 ,18.84 , 9.63 , 1.06 , -0.30 , 0.83
2024-01-24 12:42:09,962 :- 00504: 043 , 18.50 , -0.10 || 1706080329, 17.602548092232 , 78.126594751395, 0.01 , 0.01 ,18.84 , 9.96 , 1.01 , -0.29 , 0.82
2024-01-24 12:42:09,992 :- 00505: 046 , 18.30 , -0.10 || 1706080329, 17.602548092232 , 78.126594751395, 0.01 , 0.01 ,18.84 , 10.06 , 0.99 , -0.31 , 0.82
2024-01-24 12:42:10,022 :- 00506: 049 , 18.20 , -0.10 || 1706080330, 17.602552739817 , 78.126594789430, 0.01 , 0.01 ,18.52 , 9.77 , 0.95 , -0.29 , 0.81
2024-01-24 12:42:10,052 :- 00507: 052 , 18.10 , -0.10 || 1706080330, 17.602552739817 , 78.126594789430, 0.01 , 0.01 ,18.52 , 9.96 , 0.93 , -0.28 , 0.81
2024-01-24 12:42:10,082 :- 00508: 055 , 18.00 , -0.10 || 1706080330, 17.602552739817 , 78.126594789430, 0.01 , 0.01 ,18.52 , 10.01 , 0.88 , -0.22 , 0.80
2024-01-24 12:42:10,112 :- 00509: 058 , 17.90 , -0.10 || 1706080330, 17.602552739817 , 78.126594789430, 0.01 , 0.01 ,18.26 , 10.17 , 0.87 , -0.22 , 0.80
2024-01-24 12:42:10,142 :- 00510: 061 , 17.70 , -0.10 || 1706080330, 17.602557321413 , 78.126594855951, 0.01 , 0.01 ,18.26 , 10.22 , 0.86 , -0.14 , 0.80
2024-01-24 12:42:10,172 :- 00511: 064 , 17.60 , -0.10 || 1706080330, 17.602557321413 , 78.126594855951, 0.01 , 0.01 ,18.26 , 9.95 , 0.86 , -0.08 , 0.80
2024-01-24 12:42:10,202 :- 00512: 067 , 17.50 , -0.10 || 1706080330, 17.602557321413 , 78.126594855951, 0.01 , 0.01 ,18.26 , 9.97 , 0.84 , -0.03 , 0.80
2024-01-24 12:42:10,232 :- 00513: 070 , 17.30 , -0.10 || 1706080330, 17.602561813429 , 78.126594912473, 0.01 , 0.01 ,17.90 , 10.08 , 0.83 , 0.03 , 0.80
2024-01-24 12:42:10,262 :- 00514: 073 , 17.20 , -0.10 || 1706080330, 17.602561813429 , 78.126594912473, 0.01 , 0.01 ,17.90 , 9.88 , 0.83 , 0.15 , 0.80
2024-01-24 12:42:10,292 :- 00515: 076 , 17.10 , -0.20 || 1706080330, 17.602561813429 , 78.126594912473, 0.01 , 0.01 ,17.90 , 9.68 , 0.82 , 0.20 , 0.80
2024-01-24 12:42:10,312 :- 00516: 076 , 17.10 , -0.20 || 1706080330, 17.602561813429 , 78.126594912473, 0.01 , 0.01 ,17.90 , 9.68 , 0.82 , 0.20 , 0.801706080330, 17.602561813429 , 78.126594912473, 0.01 , 0.01 ,17.39 , 9.84 , 0.81 , 0.23 , 0.80
2024-01-24 12:42:10,342 :- 00517: 081 , 16.80 , -0.30 || 1706080330, 17.602566176200 , 78.126594992901, 0.01 , 0.01 ,17.39 , 9.62 , 0.78 , 0.30 , 0.79
2024-01-24 12:42:10,372 :- 00518: 084 , 16.60 , -0.50 || 1706080330, 17.602566176200 , 78.126594992901, 0.01 , 0.01 ,17.39 , 9.70 , 0.76 , 0.32 , 0.79
2024-01-24 12:42:10,402 :- 00519: 087 , 16.50 , -0.70 || 1706080330, 17.602566176200 , 78.126594992901, 0.01 , 0.01 ,17.39 , 9.54 , 0.70 , 0.32 , 0.79
2024-01-24 12:42:10,432 :- 00520: 090 , 16.40 , -1.00 || 1706080330, 17.602570349309 , 78.126595032218, 0.01 , 0.01 ,16.63 , 9.12 , 0.66 , 0.31 , 0.80
2024-01-24 12:42:10,462 :- 00521: 090 , 16.40 , -1.00 || 1706080330, 17.602570349309 , 78.126595032218, 0.01 , 0.01 ,16.63 , 9.12 , 0.66 , 0.31 , 0.801706080330, 17.602570349309 , 78.126595032218, 0.01 , 0.01 ,16.63 , 9.36 , 0.57 , 0.29 , 0.83
2024-01-24 12:42:10,482 :- 00522: 095 , 16.10 , -1.50 || 1706080330, 17.602570349309 , 78.126595032218, 0.01 , 0.01 ,16.63 , 9.80 , 0.52 , 0.28 , 0.86
2024-01-24 12:42:10,512 :- 00523: 098 , 15.90 , -1.90 || 1706080330, 17.602570349309 , 78.126595032218, 0.01 , 0.01 ,15.92 , 9.74 , 0.48 , 0.28 , 0.89
2024-01-24 12:42:10,542 :- 00524: 101 , 15.70 , -2.20 || 1706080330, 17.602574343453 , 78.126595033677, 0.01 , 0.01 ,15.92 , 9.54 , 0.39 , 0.28 , 0.97
2024-01-24 12:42:10,572 :- 00525: 104 , 15.50 , -2.60 || 1706080330, 17.602574343453 , 78.126595033677, 0.01 , 0.01 ,15.92 , 9.32 , 0.34 , 0.25 , 1.03
2024-01-24 12:42:10,602 :- 00526: 107 , 15.30 , -2.90 || 1706080330, 17.602574343453 , 78.126595033677, 0.01 , 0.01 ,15.92 , 9.69 , 0.26 , 0.26 , 1.17
2024-01-24 12:42:10,632 :- 00527: 110 , 15.10 , -3.30 || 1706080330, 17.602578200095 , 78.126595043933, 0.01 , 0.01 ,15.37 , 9.68 , 0.23 , 0.25 , 1.25
2024-01-24 12:42:10,662 :- 00528: 113 , 15.00 , -3.70 || 1706080330, 17.602578200095 , 78.126595043933, 0.01 , 0.01 ,15.37 , 9.35 , 0.19 , 0.19 , 1.43
2024-01-24 12:42:10,692 :- 00529: 116 , 14.80 , -4.10 || 1706080330, 17.602578200095 , 78.126595043933, 0.01 , 0.01 ,15.37 , 9.46 , 0.16 , 0.17 , 1.54
2024-01-24 12:42:10,722 :- 00530: 119 , 14.70 , -4.50 || 1706080330, 17.602581903405 , 78.126595129505, 0.01 , 0.01 ,14.76 , 9.80 , 0.12 , 0.12 , 1.76
2024-01-24 12:42:10,752 :- 00531: 122 , 14.50 , -5.00 || 1706080330, 17.602581903405 , 78.126595129505, 0.01 , 0.01 ,14.76 , 9.94 , 0.09 , 0.08 , 1.88
2024-01-24 12:42:10,782 :- 00532: 125 , 14.30 , -5.40 || 1706080330, 17.602581903405 , 78.126595129505, 0.01 , 0.01 ,14.76 , 9.96 , 0.03 , 0.05 , 2.15
2024-01-24 12:42:10,812 :- 00533: 128 , 14.20 , -5.90 || 1706080330, 17.602581903405 , 78.126595129505, 0.01 , 0.01 ,14.14 , 10.11 , -0.00 , 0.03 , 2.30
2024-01-24 12:42:10,842 :- 00534: 131 , 14.00 , -6.40 || 1706080330, 17.602585449759 , 78.126595262677, 0.01 , 0.01 ,14.14 , 10.13 , -0.04 , 0.02 , 2.62
2024-01-24 12:42:10,872 :- 00535: 134 , 13.80 , -6.90 || 1706080330, 17.602585449759 , 78.126595262677, 0.01 , 0.01 ,14.14 , 10.39 , -0.04 , 0.02 , 2.80
2024-01-24 12:42:10,902 :- 00536: 137 , 13.60 , -7.40 || 1706080330, 17.602585449759 , 78.126595262677, 0.01 , 0.01 ,14.14 , 10.25 , -0.04 , 0.05 , 3.18
2024-01-24 12:42:10,932 :- 00537: 140 , 13.50 , -7.90 || 1706080330, 17.602588892870 , 78.126595444520, 0.01 , 0.01 ,13.74 , 10.34 , -0.04 , 0.08 , 3.38
2024-01-24 12:42:10,952 :- 00538: 142 , 13.40 , -8.20 || 1706080330, 17.602588892870 , 78.126595444520, 0.01 , 0.01 ,13.74 , 10.17 , -0.05 , 0.09 , 3.59
2024-01-24 12:42:10,982 :- 00539: 145 , 13.20 , -8.70 || 1706080330, 17.602588892870 , 78.126595444520, 0.01 , 0.01 ,13.74 , 9.75 , -0.11 , 0.13 , 4.03
2024-01-24 12:42:11,012 :- 00540: 148 , 13.10 , -9.10 || 1706080331, 17.602588892870 , 78.126595444520, 0.01 , 0.01 ,13.74 , 9.59 , -0.15 , 0.15 , 4.27
2024-01-24 12:42:11,042 :- 00541: 151 , 13.00 , -9.50 || 1706080331, 17.602592233995 , 78.126595704309, 0.01 , 0.01 ,13.35 , 9.53 , -0.21 , 0.18 , 4.76
2024-01-24 12:42:11,072 :- 00542: 154 , 12.90 , -10.00 || 1706080331, 17.602592233995 , 78.126595704309, 0.01 , 0.01 ,13.35 , 9.35 , -0.24 , 0.19 , 5.02
2024-01-24 12:42:11,102 :- 00543: 154 , 12.90 , -10.00 || 1706080331, 17.602592233995 , 78.126595704309, 0.01 , 0.01 ,13.35 , 9.35 , -0.24 , 0.19 , 5.021706080331, 17.602592233995 , 78.126595704309, 0.01 , 0.01 ,13.35 , 9.26 , -0.26 , 0.15 , 5.56
2024-01-24 12:42:11,122 :- 00544: 159 , 12.80 , -10.70 || 1706080331, 17.602595450913 , 78.126595996102, 0.01 , 0.01 ,12.87 , 9.31 , -0.26 , 0.14 , 5.84
2024-01-24 12:42:11,152 :- 00545: 162 , 12.70 , -11.20 || 1706080331, 17.602595450913 , 78.126595996102, 0.01 , 0.01 ,12.87 , 9.55 , -0.26 , 0.13 , 6.13
2024-01-24 12:42:11,182 :- 00546: 165 , 12.60 , -11.60 || 1706080331, 17.602595450913 , 78.126595996102, 0.01 , 0.01 ,12.87 , 9.78 , -0.25 , 0.08 , 6.71
2024-01-24 12:42:11,212 :- 00547: 168 , 12.50 , -12.10 || 1706080331, 17.602595450913 , 78.126595996102, 0.01 , 0.01 ,12.48 , 10.03 , -0.24 , 0.05 , 7.02
2024-01-24 12:42:11,242 :- 00548: 171 , 12.40 , -12.50 || 1706080331, 17.602598555120 , 78.126596424584, 0.01 , 0.01 ,12.48 , 10.12 , -0.25 , 0.04 , 7.65
2024-01-24 12:42:11,272 :- 00549: 174 , 12.30 , -13.10 || 1706080331, 17.602598555120 , 78.126596424584, 0.01 , 0.01 ,12.48 , 10.00 , -0.26 , 0.03 , 7.97
2024-01-24 12:42:11,302 :- 00550: 177 , 12.20 , -13.60 || 1706080331, 17.602598555120 , 78.126596424584, 0.01 , 0.01 ,12.48 , 10.22 , -0.26 , 0.02 , 8.64
2024-01-24 12:42:11,332 :- 00551: 180 , 12.10 , -14.10 || 1706080331, 17.602601601380 , 78.126596960742, 0.01 , 0.01 ,12.31 , 10.08 , -0.26 , 0.04 , 8.99
2024-01-24 12:42:11,362 :- 00552: 183 , 12.00 , -14.60 || 1706080331, 17.602601601380 , 78.126596960742, 0.01 , 0.01 ,12.31 , 9.82 , -0.24 , 0.07 , 9.72
2024-01-24 12:42:11,392 :- 00553: 186 , 11.90 , -15.10 || 1706080331, 17.602601601380 , 78.126596960742, 0.01 , 0.01 ,12.31 , 9.85 , -0.23 , 0.09 , 10.10
2024-01-24 12:42:11,422 :- 00554: 189 , 11.80 , -15.60 || 1706080331, 17.602604576102 , 78.126597574116, 0.01 , 0.01 ,12.08 , 9.88 , -0.22 , 0.15 , 10.88
2024-01-24 12:42:11,452 :- 00555: 192 , 11.70 , -16.10 || 1706080331, 17.602604576102 , 78.126597574116, 0.01 , 0.01 ,12.08 , 9.66 , -0.22 , 0.17 , 11.28
2024-01-24 12:42:11,482 :- 00556: 195 , 11.60 , -16.60 || 1706080331, 17.602604576102 , 78.126597574116, 0.01 , 0.01 ,12.08 , 9.66 , -0.21 , 0.22 , 12.10
